2023-10-31 13:53:08.297 [info] Log level: Info
2023-10-31 13:53:08.297 [info] Validating found git in: "git"
2023-10-31 13:53:08.297 [info] Using git "2.20.1" from "git"
2023-10-31 13:53:08.297 [info] > git rev-parse --show-toplevel [9ms]
2023-10-31 13:53:08.297 [info] > git rev-parse --git-dir --git-common-dir [3ms]
2023-10-31 13:53:08.297 [info] Open repository: /var/www/clients/client2/web2/web/sistema/adsgrupo06
2023-10-31 13:53:08.297 [info] > git config --get commit.template [6ms]
2023-10-31 13:53:08.297 [info] > git rev-parse --show-toplevel [10ms]
2023-10-31 13:53:08.297 [info] > git for-each-ref --format=%(refname)%00%(upstream:short)%00%(objectname)%00%(upstream:track)%00%(upstream:remotename)%00%(upstream:remoteref) refs/heads/Vinicius refs/remotes/Vinicius [9ms]
2023-10-31 13:53:08.297 [info] > git rev-parse --show-toplevel [32ms]
2023-10-31 13:53:08.298 [info] > git rev-parse --show-toplevel [27ms]
2023-10-31 13:53:08.298 [info] > git rev-parse --show-toplevel [34ms]
2023-10-31 13:53:08.298 [info] > git rev-parse --show-toplevel [3ms]
2023-10-31 13:53:08.298 [info] > git status -z -uall [200ms]
2023-10-31 13:53:08.298 [info] > git rev-parse --show-toplevel [55ms]
2023-10-31 13:53:08.298 [info] > git config --get commit.template [19ms]
2023-10-31 13:53:08.298 [info] > git rev-parse --show-toplevel [30ms]
2023-10-31 13:53:08.376 [info] > git rev-parse --show-toplevel [69ms]
2023-10-31 13:53:08.377 [info] > git for-each-ref --format=%(refname)%00%(upstream:short)%00%(objectname)%00%(upstream:track)%00%(upstream:remotename)%00%(upstream:remoteref) refs/heads/Vinicius refs/remotes/Vinicius [82ms]
2023-10-31 13:53:08.412 [info] > git rev-parse --show-toplevel [15ms]
2023-10-31 13:53:08.431 [info] > git status -z -uall [42ms]
2023-10-31 13:53:08.888 [info] > git check-ignore -v -z --stdin [7ms]
2023-10-31 13:53:10.353 [info] > git check-ignore -v -z --stdin [5ms]
2023-10-31 13:53:12.411 [info] > git config --get commit.template [9ms]
2023-10-31 13:53:12.412 [info] > git for-each-ref --format=%(refname)%00%(upstream:short)%00%(objectname)%00%(upstream:track)%00%(upstream:remotename)%00%(upstream:remoteref) refs/heads/Vinicius refs/remotes/Vinicius [4ms]
2023-10-31 13:53:12.437 [info] > git status -z -uall [19ms]
2023-10-31 13:53:27.442 [info] > git config --get commit.template [7ms]
2023-10-31 13:53:27.445 [info] > git for-each-ref --format=%(refname)%00%(upstream:short)%00%(objectname)%00%(upstream:track)%00%(upstream:remotename)%00%(upstream:remoteref) refs/heads/Vinicius refs/remotes/Vinicius [4ms]
2023-10-31 13:53:27.468 [info] > git status -z -uall [18ms]
2023-10-31 13:53:32.485 [info] > git config --get commit.template [7ms]
2023-10-31 13:53:32.487 [info] > git for-each-ref --format=%(refname)%00%(upstream:short)%00%(objectname)%00%(upstream:track)%00%(upstream:remotename)%00%(upstream:remoteref) refs/heads/Vinicius refs/remotes/Vinicius [3ms]
2023-10-31 13:53:32.510 [info] > git status -z -uall [19ms]
2023-10-31 13:53:32.869 [info] > git check-ignore -v -z --stdin [4ms]
2023-10-31 13:53:36.629 [info] > git check-ignore -v -z --stdin [5ms]
2023-10-31 13:53:37.526 [info] > git config --get commit.template [8ms]
2023-10-31 13:53:37.530 [info] > git for-each-ref --format=%(refname)%00%(upstream:short)%00%(objectname)%00%(upstream:track)%00%(upstream:remotename)%00%(upstream:remoteref) refs/heads/Vinicius refs/remotes/Vinicius [5ms]
2023-10-31 13:53:37.553 [info] > git status -z -uall [18ms]
2023-10-31 13:53:39.059 [info] > git check-ignore -v -z --stdin [3ms]
2023-10-31 13:53:40.360 [info] > git show --textconv :CodeIgniter/app/Views/welcome_message.php [15ms]
2023-10-31 13:53:40.362 [info] > git ls-files --stage -- /var/www/clients/client2/web2/web/sistema/adsgrupo06/CodeIgniter/app/Views/welcome_message.php [9ms]
2023-10-31 13:53:40.374 [info] > git cat-file -s 9ee2e427c308fa0b4f23cf6dcf326e672abfba70 [5ms]
2023-10-31 13:53:42.579 [info] > git config --get commit.template [10ms]
2023-10-31 13:53:42.582 [info] > git for-each-ref --format=%(refname)%00%(upstream:short)%00%(objectname)%00%(upstream:track)%00%(upstream:remotename)%00%(upstream:remoteref) refs/heads/Vinicius refs/remotes/Vinicius [5ms]
2023-10-31 13:53:42.608 [info] > git status -z -uall [21ms]
2023-10-31 13:53:47.625 [info] > git config --get commit.template [6ms]
2023-10-31 13:53:47.627 [info] > git for-each-ref --format=%(refname)%00%(upstream:short)%00%(objectname)%00%(upstream:track)%00%(upstream:remotename)%00%(upstream:remoteref) refs/heads/Vinicius refs/remotes/Vinicius [3ms]
2023-10-31 13:53:47.651 [info] > git status -z -uall [19ms]
2023-10-31 13:53:52.678 [info] > git config --get commit.template [11ms]
2023-10-31 13:53:52.681 [info] > git for-each-ref --format=%(refname)%00%(upstream:short)%00%(objectname)%00%(upstream:track)%00%(upstream:remotename)%00%(upstream:remoteref) refs/heads/Vinicius refs/remotes/Vinicius [5ms]
2023-10-31 13:53:52.713 [info] > git status -z -uall [25ms]
2023-10-31 13:54:01.290 [info] > git config --get commit.template [7ms]
2023-10-31 13:54:01.292 [info] > git for-each-ref --format=%(refname)%00%(upstream:short)%00%(objectname)%00%(upstream:track)%00%(upstream:remotename)%00%(upstream:remoteref) refs/heads/Vinicius refs/remotes/Vinicius [4ms]
2023-10-31 13:54:01.314 [info] > git status -z -uall [17ms]
2023-10-31 13:54:06.332 [info] > git config --get commit.template [7ms]
2023-10-31 13:54:06.335 [info] > git for-each-ref --format=%(refname)%00%(upstream:short)%00%(objectname)%00%(upstream:track)%00%(upstream:remotename)%00%(upstream:remoteref) refs/heads/Vinicius refs/remotes/Vinicius [4ms]
2023-10-31 13:54:06.358 [info] > git status -z -uall [18ms]
2023-10-31 13:54:11.373 [info] > git config --get commit.template [7ms]
2023-10-31 13:54:11.376 [info] > git for-each-ref --format=%(refname)%00%(upstream:short)%00%(objectname)%00%(upstream:track)%00%(upstream:remotename)%00%(upstream:remoteref) refs/heads/Vinicius refs/remotes/Vinicius [4ms]
2023-10-31 13:54:11.398 [info] > git status -z -uall [18ms]
2023-10-31 13:54:16.415 [info] > git config --get commit.template [7ms]
2023-10-31 13:54:16.419 [info] > git for-each-ref --format=%(refname)%00%(upstream:short)%00%(objectname)%00%(upstream:track)%00%(upstream:remotename)%00%(upstream:remoteref) refs/heads/Vinicius refs/remotes/Vinicius [5ms]
2023-10-31 13:54:16.447 [info] > git status -z -uall [23ms]
2023-10-31 13:59:23.976 [info] > git config --get commit.template [10ms]
2023-10-31 13:59:23.978 [info] > git for-each-ref --format=%(refname)%00%(upstream:short)%00%(objectname)%00%(upstream:track)%00%(upstream:remotename)%00%(upstream:remoteref) refs/heads/Vinicius refs/remotes/Vinicius [6ms]
2023-10-31 13:59:24.007 [info] > git status -z -uall [24ms]
