2023-10-29 01:12:32.823 [info] Log level: Info
2023-10-29 01:12:32.823 [info] Validating found git in: "git"
2023-10-29 01:12:32.823 [info] Using git "2.20.1" from "git"
2023-10-29 01:12:32.823 [info] > git rev-parse --show-toplevel [34ms]
2023-10-29 01:12:32.823 [info] > git rev-parse --git-dir --git-common-dir [12ms]
2023-10-29 01:12:32.823 [info] Open repository: /var/www/clients/client2/web2/web/sistema/adsgrupo06
2023-10-29 01:12:32.823 [info] > git config --get commit.template [10ms]
2023-10-29 01:12:32.823 [info] > git rev-parse --show-toplevel [14ms]
2023-10-29 01:12:32.823 [info] > git for-each-ref --format=%(refname)%00%(upstream:short)%00%(objectname)%00%(upstream:track)%00%(upstream:remotename)%00%(upstream:remoteref) refs/heads/Vinicius refs/remotes/Vinicius [13ms]
2023-10-29 01:12:32.823 [info] > git rev-parse --show-toplevel [12ms]
2023-10-29 01:12:32.823 [info] > git rev-parse --show-toplevel [4ms]
2023-10-29 01:12:32.823 [info] > git rev-parse --show-toplevel [3ms]
2023-10-29 01:12:32.823 [info] > git rev-parse --show-toplevel [10ms]
2023-10-29 01:12:32.823 [info] > git rev-parse --show-toplevel [6ms]
2023-10-29 01:12:32.823 [info] > git status -z -uall [92ms]
2023-10-29 01:12:32.823 [info] > git rev-parse --show-toplevel [60ms]
2023-10-29 01:12:32.823 [info] > git config --get commit.template [12ms]
2023-10-29 01:12:32.823 [info] > git rev-parse --show-toplevel [33ms]
2023-10-29 01:12:32.823 [info] > git for-each-ref --format=%(refname)%00%(upstream:short)%00%(objectname)%00%(upstream:track)%00%(upstream:remotename)%00%(upstream:remoteref) refs/heads/Vinicius refs/remotes/Vinicius [131ms]
2023-10-29 01:12:32.823 [info] > git rev-parse --show-toplevel [9ms]
2023-10-29 01:12:32.824 [info] > git rev-parse --show-toplevel [14ms]
2023-10-29 01:12:32.861 [info] > git status -z -uall [73ms]
2023-10-29 01:12:33.294 [info] > git show --textconv :CodeIgniter/system/Database/MySQLi/Connection.php [15ms]
2023-10-29 01:12:33.300 [info] > git ls-files --stage -- /var/www/clients/client2/web2/web/sistema/adsgrupo06/CodeIgniter/system/Database/MySQLi/Connection.php [7ms]
2023-10-29 01:12:33.307 [info] > git cat-file -s 5badaf1c4881fbbb5fbde92e2659d3e725ac2e39 [3ms]
2023-10-29 01:12:33.386 [info] > git check-ignore -v -z --stdin [4ms]
2023-10-29 01:12:34.608 [info] > git check-ignore -v -z --stdin [11ms]
2023-10-29 01:12:36.824 [info] > git config --get commit.template [9ms]
2023-10-29 01:12:36.827 [info] > git for-each-ref --format=%(refname)%00%(upstream:short)%00%(objectname)%00%(upstream:track)%00%(upstream:remotename)%00%(upstream:remoteref) refs/heads/Vinicius refs/remotes/Vinicius [4ms]
2023-10-29 01:12:36.853 [info] > git status -z -uall [21ms]
2023-10-29 01:12:41.884 [info] > git config --get commit.template [13ms]
2023-10-29 01:12:41.885 [info] > git for-each-ref --format=%(refname)%00%(upstream:short)%00%(objectname)%00%(upstream:track)%00%(upstream:remotename)%00%(upstream:remoteref) refs/heads/Vinicius refs/remotes/Vinicius [6ms]
2023-10-29 01:12:41.921 [info] > git status -z -uall [27ms]
2023-10-29 01:12:46.947 [info] > git config --get commit.template [8ms]
2023-10-29 01:12:46.948 [info] > git for-each-ref --format=%(refname)%00%(upstream:short)%00%(objectname)%00%(upstream:track)%00%(upstream:remotename)%00%(upstream:remoteref) refs/heads/Vinicius refs/remotes/Vinicius [4ms]
2023-10-29 01:12:46.972 [info] > git status -z -uall [17ms]
2023-10-29 01:12:51.994 [info] > git config --get commit.template [8ms]
2023-10-29 01:12:51.996 [info] > git for-each-ref --format=%(refname)%00%(upstream:short)%00%(objectname)%00%(upstream:track)%00%(upstream:remotename)%00%(upstream:remoteref) refs/heads/Vinicius refs/remotes/Vinicius [4ms]
2023-10-29 01:12:52.020 [info] > git status -z -uall [18ms]
2023-10-29 01:12:57.037 [info] > git config --get commit.template [7ms]
2023-10-29 01:12:57.040 [info] > git for-each-ref --format=%(refname)%00%(upstream:short)%00%(objectname)%00%(upstream:track)%00%(upstream:remotename)%00%(upstream:remoteref) refs/heads/Vinicius refs/remotes/Vinicius [4ms]
2023-10-29 01:12:57.063 [info] > git status -z -uall [18ms]
2023-10-29 01:13:02.107 [info] > git config --get commit.template [21ms]
2023-10-29 01:13:02.110 [info] > git for-each-ref --format=%(refname)%00%(upstream:short)%00%(objectname)%00%(upstream:track)%00%(upstream:remotename)%00%(upstream:remoteref) refs/heads/Vinicius refs/remotes/Vinicius [4ms]
2023-10-29 01:13:02.153 [info] > git status -z -uall [36ms]
2023-10-29 01:13:07.175 [info] > git config --get commit.template [8ms]
2023-10-29 01:13:07.178 [info] > git for-each-ref --format=%(refname)%00%(upstream:short)%00%(objectname)%00%(upstream:track)%00%(upstream:remotename)%00%(upstream:remoteref) refs/heads/Vinicius refs/remotes/Vinicius [4ms]
2023-10-29 01:13:07.202 [info] > git status -z -uall [19ms]
2023-10-29 01:13:12.221 [info] > git config --get commit.template [8ms]
2023-10-29 01:13:12.224 [info] > git for-each-ref --format=%(refname)%00%(upstream:short)%00%(objectname)%00%(upstream:track)%00%(upstream:remotename)%00%(upstream:remoteref) refs/heads/Vinicius refs/remotes/Vinicius [5ms]
2023-10-29 01:13:12.257 [info] > git status -z -uall [25ms]
2023-10-29 01:13:17.276 [info] > git config --get commit.template [7ms]
2023-10-29 01:13:17.279 [info] > git for-each-ref --format=%(refname)%00%(upstream:short)%00%(objectname)%00%(upstream:track)%00%(upstream:remotename)%00%(upstream:remoteref) refs/heads/Vinicius refs/remotes/Vinicius [3ms]
2023-10-29 01:13:17.304 [info] > git status -z -uall [19ms]
2023-10-29 01:13:22.326 [info] > git config --get commit.template [11ms]
2023-10-29 01:13:22.330 [info] > git for-each-ref --format=%(refname)%00%(upstream:short)%00%(objectname)%00%(upstream:track)%00%(upstream:remotename)%00%(upstream:remoteref) refs/heads/Vinicius refs/remotes/Vinicius [5ms]
2023-10-29 01:13:22.355 [info] > git status -z -uall [20ms]
2023-10-29 01:13:27.372 [info] > git config --get commit.template [7ms]
2023-10-29 01:13:27.375 [info] > git for-each-ref --format=%(refname)%00%(upstream:short)%00%(objectname)%00%(upstream:track)%00%(upstream:remotename)%00%(upstream:remoteref) refs/heads/Vinicius refs/remotes/Vinicius [3ms]
2023-10-29 01:13:27.400 [info] > git status -z -uall [18ms]
2023-10-29 01:13:32.422 [info] > git config --get commit.template [9ms]
2023-10-29 01:13:32.424 [info] > git for-each-ref --format=%(refname)%00%(upstream:short)%00%(objectname)%00%(upstream:track)%00%(upstream:remotename)%00%(upstream:remoteref) refs/heads/Vinicius refs/remotes/Vinicius [4ms]
2023-10-29 01:13:32.450 [info] > git status -z -uall [19ms]
2023-10-29 01:13:37.468 [info] > git config --get commit.template [8ms]
2023-10-29 01:13:37.471 [info] > git for-each-ref --format=%(refname)%00%(upstream:short)%00%(objectname)%00%(upstream:track)%00%(upstream:remotename)%00%(upstream:remoteref) refs/heads/Vinicius refs/remotes/Vinicius [4ms]
2023-10-29 01:13:37.495 [info] > git status -z -uall [19ms]
2023-10-29 01:13:42.515 [info] > git config --get commit.template [7ms]
2023-10-29 01:13:42.517 [info] > git for-each-ref --format=%(refname)%00%(upstream:short)%00%(objectname)%00%(upstream:track)%00%(upstream:remotename)%00%(upstream:remoteref) refs/heads/Vinicius refs/remotes/Vinicius [3ms]
2023-10-29 01:13:42.545 [info] > git status -z -uall [19ms]
2023-10-29 01:13:47.564 [info] > git config --get commit.template [7ms]
2023-10-29 01:13:47.566 [info] > git for-each-ref --format=%(refname)%00%(upstream:short)%00%(objectname)%00%(upstream:track)%00%(upstream:remotename)%00%(upstream:remoteref) refs/heads/Vinicius refs/remotes/Vinicius [3ms]
2023-10-29 01:13:47.591 [info] > git status -z -uall [20ms]
2023-10-29 01:13:52.626 [info] > git config --get commit.template [20ms]
2023-10-29 01:13:52.630 [info] > git for-each-ref --format=%(refname)%00%(upstream:short)%00%(objectname)%00%(upstream:track)%00%(upstream:remotename)%00%(upstream:remoteref) refs/heads/Vinicius refs/remotes/Vinicius [6ms]
2023-10-29 01:13:52.665 [info] > git status -z -uall [26ms]
2023-10-29 01:13:57.685 [info] > git config --get commit.template [7ms]
2023-10-29 01:13:57.687 [info] > git for-each-ref --format=%(refname)%00%(upstream:short)%00%(objectname)%00%(upstream:track)%00%(upstream:remotename)%00%(upstream:remoteref) refs/heads/Vinicius refs/remotes/Vinicius [3ms]
2023-10-29 01:13:57.710 [info] > git status -z -uall [18ms]
2023-10-29 01:14:02.730 [info] > git config --get commit.template [10ms]
2023-10-29 01:14:02.733 [info] > git for-each-ref --format=%(refname)%00%(upstream:short)%00%(objectname)%00%(upstream:track)%00%(upstream:remotename)%00%(upstream:remoteref) refs/heads/Vinicius refs/remotes/Vinicius [7ms]
2023-10-29 01:14:02.763 [info] > git status -z -uall [21ms]
2023-10-29 01:14:07.781 [info] > git config --get commit.template [8ms]
2023-10-29 01:14:07.783 [info] > git for-each-ref --format=%(refname)%00%(upstream:short)%00%(objectname)%00%(upstream:track)%00%(upstream:remotename)%00%(upstream:remoteref) refs/heads/Vinicius refs/remotes/Vinicius [3ms]
2023-10-29 01:14:07.806 [info] > git status -z -uall [18ms]
2023-10-29 01:14:12.829 [info] > git config --get commit.template [10ms]
2023-10-29 01:14:12.833 [info] > git for-each-ref --format=%(refname)%00%(upstream:short)%00%(objectname)%00%(upstream:track)%00%(upstream:remotename)%00%(upstream:remoteref) refs/heads/Vinicius refs/remotes/Vinicius [5ms]
2023-10-29 01:14:12.859 [info] > git status -z -uall [19ms]
2023-10-29 01:14:17.878 [info] > git config --get commit.template [9ms]
2023-10-29 01:14:17.881 [info] > git for-each-ref --format=%(refname)%00%(upstream:short)%00%(objectname)%00%(upstream:track)%00%(upstream:remotename)%00%(upstream:remoteref) refs/heads/Vinicius refs/remotes/Vinicius [3ms]
2023-10-29 01:14:17.904 [info] > git status -z -uall [18ms]
2023-10-29 01:14:22.923 [info] > git config --get commit.template [8ms]
2023-10-29 01:14:22.926 [info] > git for-each-ref --format=%(refname)%00%(upstream:short)%00%(objectname)%00%(upstream:track)%00%(upstream:remotename)%00%(upstream:remoteref) refs/heads/Vinicius refs/remotes/Vinicius [3ms]
2023-10-29 01:14:22.951 [info] > git status -z -uall [19ms]
2023-10-29 01:14:27.968 [info] > git config --get commit.template [7ms]
2023-10-29 01:14:27.971 [info] > git for-each-ref --format=%(refname)%00%(upstream:short)%00%(objectname)%00%(upstream:track)%00%(upstream:remotename)%00%(upstream:remoteref) refs/heads/Vinicius refs/remotes/Vinicius [3ms]
2023-10-29 01:14:27.994 [info] > git status -z -uall [18ms]
2023-10-29 01:14:33.030 [info] > git config --get commit.template [25ms]
2023-10-29 01:14:33.040 [info] > git for-each-ref --format=%(refname)%00%(upstream:short)%00%(objectname)%00%(upstream:track)%00%(upstream:remotename)%00%(upstream:remoteref) refs/heads/Vinicius refs/remotes/Vinicius [16ms]
2023-10-29 01:14:33.073 [info] > git status -z -uall [25ms]
2023-10-29 01:14:38.091 [info] > git config --get commit.template [8ms]
2023-10-29 01:14:38.094 [info] > git for-each-ref --format=%(refname)%00%(upstream:short)%00%(objectname)%00%(upstream:track)%00%(upstream:remotename)%00%(upstream:remoteref) refs/heads/Vinicius refs/remotes/Vinicius [4ms]
2023-10-29 01:14:38.119 [info] > git status -z -uall [19ms]
2023-10-29 01:14:43.138 [info] > git config --get commit.template [8ms]
2023-10-29 01:14:43.141 [info] > git for-each-ref --format=%(refname)%00%(upstream:short)%00%(objectname)%00%(upstream:track)%00%(upstream:remotename)%00%(upstream:remoteref) refs/heads/Vinicius refs/remotes/Vinicius [4ms]
2023-10-29 01:14:43.169 [info] > git status -z -uall [21ms]
2023-10-29 01:14:48.196 [info] > git config --get commit.template [11ms]
2023-10-29 01:14:48.199 [info] > git for-each-ref --format=%(refname)%00%(upstream:short)%00%(objectname)%00%(upstream:track)%00%(upstream:remotename)%00%(upstream:remoteref) refs/heads/Vinicius refs/remotes/Vinicius [5ms]
2023-10-29 01:14:48.232 [info] > git status -z -uall [25ms]
2023-10-29 01:14:53.252 [info] > git config --get commit.template [7ms]
2023-10-29 01:14:53.256 [info] > git for-each-ref --format=%(refname)%00%(upstream:short)%00%(objectname)%00%(upstream:track)%00%(upstream:remotename)%00%(upstream:remoteref) refs/heads/Vinicius refs/remotes/Vinicius [5ms]
2023-10-29 01:14:53.279 [info] > git status -z -uall [18ms]
2023-10-29 01:21:00.847 [info] > git config --get commit.template [27ms]
2023-10-29 01:21:00.853 [info] > git for-each-ref --format=%(refname)%00%(upstream:short)%00%(objectname)%00%(upstream:track)%00%(upstream:remotename)%00%(upstream:remoteref) refs/heads/Vinicius refs/remotes/Vinicius [21ms]
2023-10-29 01:21:01.126 [info] > git status -z -uall [262ms]
2023-10-29 01:21:06.175 [info] > git config --get commit.template [7ms]
2023-10-29 01:21:06.177 [info] > git for-each-ref --format=%(refname)%00%(upstream:short)%00%(objectname)%00%(upstream:track)%00%(upstream:remotename)%00%(upstream:remoteref) refs/heads/Vinicius refs/remotes/Vinicius [3ms]
2023-10-29 01:21:06.204 [info] > git status -z -uall [21ms]
2023-10-29 01:33:42.009 [info] > git show --textconv :CodeIgniter/system/Database/MySQLi/Builder.php [13ms]
2023-10-29 01:33:42.013 [info] > git ls-files --stage -- /var/www/clients/client2/web2/web/sistema/adsgrupo06/CodeIgniter/system/Database/MySQLi/Builder.php [7ms]
2023-10-29 01:33:42.024 [info] > git cat-file -s abeb83f8e4dc64b6126d4b5dfc149fcc41d5e75b [4ms]
2023-10-29 01:33:53.340 [info] > git check-ignore -v -z --stdin [4ms]
2023-10-29 01:33:56.819 [info] > git check-ignore -v -z --stdin [3ms]
2023-10-29 01:34:03.185 [info] > git show --textconv :CodeIgniter/system/Database/Database.php [14ms]
2023-10-29 01:34:03.185 [info] > git ls-files --stage -- /var/www/clients/client2/web2/web/sistema/adsgrupo06/CodeIgniter/system/Database/Database.php [1ms]
2023-10-29 01:34:03.195 [info] > git cat-file -s 0d3c26c2e84bd09b7c9cb73d015cab6969bd7681 [4ms]
2023-10-29 01:34:20.119 [info] > git show --textconv :CodeIgniter/system/Database/Query.php [9ms]
2023-10-29 01:34:20.124 [info] > git ls-files --stage -- /var/www/clients/client2/web2/web/sistema/adsgrupo06/CodeIgniter/system/Database/Query.php [6ms]
2023-10-29 01:34:20.131 [info] > git cat-file -s 91b98c77d2efd47b9330e8fc6a611a465527ff70 [3ms]
2023-10-29 01:34:33.543 [info] > git check-ignore -v -z --stdin [4ms]
2023-10-29 01:34:36.923 [info] > git check-ignore -v -z --stdin [5ms]
2023-10-29 01:34:38.611 [info] > git check-ignore -v -z --stdin [5ms]
2023-10-29 01:34:39.967 [info] > git check-ignore -v -z --stdin [5ms]
2023-10-29 01:34:42.439 [info] > git show --textconv :CodeIgniter/app/Config/Database.php [10ms]
2023-10-29 01:34:42.444 [info] > git ls-files --stage -- /var/www/clients/client2/web2/web/sistema/adsgrupo06/CodeIgniter/app/Config/Database.php [7ms]
2023-10-29 01:34:42.452 [info] > git cat-file -s 1e6340899bf443e06810c5577b552cc2ee3ef59d [2ms]
