2023-11-15 20:51:04.988 [info] Log level: Info
2023-11-15 20:51:04.988 [info] Validating found git in: "git"
2023-11-15 20:51:04.988 [info] Using git "2.20.1" from "git"
2023-11-15 20:51:04.988 [info] > git rev-parse --show-toplevel [27ms]
2023-11-15 20:51:04.988 [info] > git rev-parse --git-dir --git-common-dir [9ms]
2023-11-15 20:51:04.988 [info] Open repository: /var/www/clients/client2/web2/web/sistema/adsgrupo06
2023-11-15 20:51:04.988 [info] > git config --get commit.template [17ms]
2023-11-15 20:51:05.014 [info] > git rev-parse --show-toplevel [42ms]
2023-11-15 20:51:05.077 [info] > git for-each-ref --format=%(refname)%00%(upstream:short)%00%(objectname)%00%(upstream:track)%00%(upstream:remotename)%00%(upstream:remoteref) refs/heads/Vinicius refs/remotes/Vinicius [71ms]
2023-11-15 20:51:05.109 [info] > git rev-parse --show-toplevel [27ms]
2023-11-15 20:51:05.454 [info] > git rev-parse --show-toplevel [302ms]
2023-11-15 20:51:05.517 [info] > git rev-parse --show-toplevel [12ms]
2023-11-15 20:51:05.554 [info] > git rev-parse --show-toplevel [13ms]
2023-11-15 20:51:05.575 [info] > git status -z -uall [479ms]
2023-11-15 20:51:06.576 [info] > git rev-parse --show-toplevel [1005ms]
2023-11-15 20:51:06.616 [info] > git check-ignore -v -z --stdin [28ms]
2023-11-15 20:51:06.622 [info] > git config --get commit.template [46ms]
2023-11-15 20:51:06.703 [info] > git rev-parse --show-toplevel [87ms]
2023-11-15 20:51:06.843 [info] > git for-each-ref --format=%(refname)%00%(upstream:short)%00%(objectname)%00%(upstream:track)%00%(upstream:remotename)%00%(upstream:remoteref) refs/heads/Vinicius refs/remotes/Vinicius [128ms]
2023-11-15 20:51:06.855 [info] > git rev-parse --show-toplevel [23ms]
2023-11-15 20:51:06.986 [info] > git rev-parse --show-toplevel [109ms]
2023-11-15 20:51:07.034 [info] > git rev-parse --show-toplevel [14ms]
2023-11-15 20:51:07.232 [info] > git show --textconv :CodeIgniter/app/Views/salas_exibir.php [35ms]
2023-11-15 20:51:07.252 [info] > git status -z -uall [398ms]
2023-11-15 20:51:07.253 [info] > git ls-files --stage -- /var/www/clients/client2/web2/web/sistema/adsgrupo06/CodeIgniter/app/Views/salas_exibir.php [35ms]
2023-11-15 20:51:07.916 [info] > git cat-file -s 53dd236803ed5d72f6d6132c2ca2c9af2effac94 [636ms]
2023-11-15 20:51:07.924 [info] > git check-ignore -v -z --stdin [48ms]
2023-11-15 20:51:08.984 [info] > git config --get commit.template [9ms]
2023-11-15 20:51:08.987 [info] > git for-each-ref --format=%(refname)%00%(upstream:short)%00%(objectname)%00%(upstream:track)%00%(upstream:remotename)%00%(upstream:remoteref) refs/heads/Vinicius refs/remotes/Vinicius [7ms]
2023-11-15 20:51:09.290 [info] > git status -z -uall [297ms]
2023-11-15 20:51:44.467 [info] > git config --get commit.template [20ms]
2023-11-15 20:51:44.471 [info] > git for-each-ref --format=%(refname)%00%(upstream:short)%00%(objectname)%00%(upstream:track)%00%(upstream:remotename)%00%(upstream:remoteref) refs/heads/Vinicius refs/remotes/Vinicius [14ms]
2023-11-15 20:51:44.691 [info] > git status -z -uall [211ms]
2023-11-15 20:51:50.944 [info] > git config --get commit.template [9ms]
2023-11-15 20:51:50.947 [info] > git for-each-ref --format=%(refname)%00%(upstream:short)%00%(objectname)%00%(upstream:track)%00%(upstream:remotename)%00%(upstream:remoteref) refs/heads/Vinicius refs/remotes/Vinicius [3ms]
2023-11-15 20:51:51.013 [info] > git status -z -uall [62ms]
2023-11-15 20:52:10.218 [info] > git config --get commit.template [34ms]
2023-11-15 20:52:10.220 [info] > git for-each-ref --format=%(refname)%00%(upstream:short)%00%(objectname)%00%(upstream:track)%00%(upstream:remotename)%00%(upstream:remoteref) refs/heads/Vinicius refs/remotes/Vinicius [21ms]
2023-11-15 20:52:10.418 [info] > git status -z -uall [191ms]
2023-11-15 20:52:15.547 [info] > git config --get commit.template [14ms]
2023-11-15 20:52:15.550 [info] > git for-each-ref --format=%(refname)%00%(upstream:short)%00%(objectname)%00%(upstream:track)%00%(upstream:remotename)%00%(upstream:remoteref) refs/heads/Vinicius refs/remotes/Vinicius [6ms]
2023-11-15 20:52:15.633 [info] > git status -z -uall [76ms]
2023-11-15 20:52:21.751 [info] > git config --get commit.template [10ms]
2023-11-15 20:52:21.754 [info] > git for-each-ref --format=%(refname)%00%(upstream:short)%00%(objectname)%00%(upstream:track)%00%(upstream:remotename)%00%(upstream:remoteref) refs/heads/Vinicius refs/remotes/Vinicius [4ms]
2023-11-15 20:52:21.853 [info] > git status -z -uall [94ms]
2023-11-15 20:52:26.983 [info] > git config --get commit.template [10ms]
2023-11-15 20:52:26.986 [info] > git for-each-ref --format=%(refname)%00%(upstream:short)%00%(objectname)%00%(upstream:track)%00%(upstream:remotename)%00%(upstream:remoteref) refs/heads/Vinicius refs/remotes/Vinicius [4ms]
2023-11-15 20:52:27.075 [info] > git status -z -uall [76ms]
2023-11-15 20:53:24.915 [info] > git config --get commit.template [19ms]
2023-11-15 20:53:24.919 [info] > git for-each-ref --format=%(refname)%00%(upstream:short)%00%(objectname)%00%(upstream:track)%00%(upstream:remotename)%00%(upstream:remoteref) refs/heads/Vinicius refs/remotes/Vinicius [16ms]
2023-11-15 20:53:25.039 [info] > git status -z -uall [115ms]
2023-11-15 20:53:51.699 [info] > git config --get commit.template [7ms]
2023-11-15 20:53:51.703 [info] > git for-each-ref --format=%(refname)%00%(upstream:short)%00%(objectname)%00%(upstream:track)%00%(upstream:remotename)%00%(upstream:remoteref) refs/heads/Vinicius refs/remotes/Vinicius [5ms]
2023-11-15 20:53:51.790 [info] > git status -z -uall [80ms]
2023-11-15 20:54:11.275 [info] > git config --get commit.template [19ms]
2023-11-15 20:54:11.278 [info] > git for-each-ref --format=%(refname)%00%(upstream:short)%00%(objectname)%00%(upstream:track)%00%(upstream:remotename)%00%(upstream:remoteref) refs/heads/Vinicius refs/remotes/Vinicius [16ms]
2023-11-15 20:54:11.458 [info] > git status -z -uall [174ms]
2023-11-15 20:55:00.112 [info] > git config --get commit.template [12ms]
2023-11-15 20:55:00.116 [info] > git for-each-ref --format=%(refname)%00%(upstream:short)%00%(objectname)%00%(upstream:track)%00%(upstream:remotename)%00%(upstream:remoteref) refs/heads/Vinicius refs/remotes/Vinicius [6ms]
2023-11-15 20:55:00.213 [info] > git status -z -uall [90ms]
2023-11-15 20:55:11.010 [info] > git config --get commit.template [23ms]
2023-11-15 20:55:11.018 [info] > git for-each-ref --format=%(refname)%00%(upstream:short)%00%(objectname)%00%(upstream:track)%00%(upstream:remotename)%00%(upstream:remoteref) refs/heads/Vinicius refs/remotes/Vinicius [23ms]
2023-11-15 20:55:11.297 [info] > git status -z -uall [270ms]
2023-11-15 20:55:16.387 [info] > git config --get commit.template [8ms]
2023-11-15 20:55:16.389 [info] > git for-each-ref --format=%(refname)%00%(upstream:short)%00%(objectname)%00%(upstream:track)%00%(upstream:remotename)%00%(upstream:remoteref) refs/heads/Vinicius refs/remotes/Vinicius [4ms]
2023-11-15 20:55:16.480 [info] > git status -z -uall [85ms]
2023-11-15 20:55:31.284 [info] > git config --get commit.template [12ms]
2023-11-15 20:55:31.287 [info] > git for-each-ref --format=%(refname)%00%(upstream:short)%00%(objectname)%00%(upstream:track)%00%(upstream:remotename)%00%(upstream:remoteref) refs/heads/Vinicius refs/remotes/Vinicius [6ms]
2023-11-15 20:55:31.383 [info] > git status -z -uall [86ms]
2023-11-15 20:55:58.488 [info] > git config --get commit.template [13ms]
2023-11-15 20:55:58.491 [info] > git for-each-ref --format=%(refname)%00%(upstream:short)%00%(objectname)%00%(upstream:track)%00%(upstream:remotename)%00%(upstream:remoteref) refs/heads/Vinicius refs/remotes/Vinicius [5ms]
2023-11-15 20:55:58.585 [info] > git status -z -uall [86ms]
2023-11-15 20:56:10.056 [info] > git config --get commit.template [9ms]
2023-11-15 20:56:10.058 [info] > git for-each-ref --format=%(refname)%00%(upstream:short)%00%(objectname)%00%(upstream:track)%00%(upstream:remotename)%00%(upstream:remoteref) refs/heads/Vinicius refs/remotes/Vinicius [3ms]
2023-11-15 20:56:10.173 [info] > git status -z -uall [109ms]
2023-11-15 20:57:09.822 [info] > git config --get commit.template [8ms]
2023-11-15 20:57:09.825 [info] > git for-each-ref --format=%(refname)%00%(upstream:short)%00%(objectname)%00%(upstream:track)%00%(upstream:remotename)%00%(upstream:remoteref) refs/heads/Vinicius refs/remotes/Vinicius [4ms]
2023-11-15 20:57:09.919 [info] > git status -z -uall [86ms]
2023-11-15 20:57:36.038 [info] > git config --get commit.template [8ms]
2023-11-15 20:57:36.040 [info] > git for-each-ref --format=%(refname)%00%(upstream:short)%00%(objectname)%00%(upstream:track)%00%(upstream:remotename)%00%(upstream:remoteref) refs/heads/Vinicius refs/remotes/Vinicius [3ms]
2023-11-15 20:57:36.104 [info] > git status -z -uall [57ms]
2023-11-15 20:57:41.206 [info] > git config --get commit.template [12ms]
2023-11-15 20:57:41.209 [info] > git for-each-ref --format=%(refname)%00%(upstream:short)%00%(objectname)%00%(upstream:track)%00%(upstream:remotename)%00%(upstream:remoteref) refs/heads/Vinicius refs/remotes/Vinicius [4ms]
2023-11-15 20:57:41.275 [info] > git status -z -uall [60ms]
2023-11-15 20:57:53.351 [info] > git config --get commit.template [9ms]
2023-11-15 20:57:53.353 [info] > git for-each-ref --format=%(refname)%00%(upstream:short)%00%(objectname)%00%(upstream:track)%00%(upstream:remotename)%00%(upstream:remoteref) refs/heads/Vinicius refs/remotes/Vinicius [4ms]
2023-11-15 20:57:53.431 [info] > git status -z -uall [73ms]
2023-11-15 20:58:03.419 [info] > git config --get commit.template [19ms]
2023-11-15 20:58:03.424 [info] > git for-each-ref --format=%(refname)%00%(upstream:short)%00%(objectname)%00%(upstream:track)%00%(upstream:remotename)%00%(upstream:remoteref) refs/heads/Vinicius refs/remotes/Vinicius [15ms]
2023-11-15 20:58:03.547 [info] > git status -z -uall [116ms]
2023-11-15 20:58:14.337 [info] > git config --get commit.template [7ms]
2023-11-15 20:58:14.340 [info] > git for-each-ref --format=%(refname)%00%(upstream:short)%00%(objectname)%00%(upstream:track)%00%(upstream:remotename)%00%(upstream:remoteref) refs/heads/Vinicius refs/remotes/Vinicius [3ms]
2023-11-15 20:58:14.447 [info] > git status -z -uall [102ms]
2023-11-15 20:58:35.573 [info] > git config --get commit.template [7ms]
2023-11-15 20:58:35.575 [info] > git for-each-ref --format=%(refname)%00%(upstream:short)%00%(objectname)%00%(upstream:track)%00%(upstream:remotename)%00%(upstream:remoteref) refs/heads/Vinicius refs/remotes/Vinicius [3ms]
2023-11-15 20:58:35.641 [info] > git status -z -uall [61ms]
2023-11-15 20:58:44.363 [info] > git config --get commit.template [8ms]
2023-11-15 20:58:44.366 [info] > git for-each-ref --format=%(refname)%00%(upstream:short)%00%(objectname)%00%(upstream:track)%00%(upstream:remotename)%00%(upstream:remoteref) refs/heads/Vinicius refs/remotes/Vinicius [4ms]
2023-11-15 20:58:44.431 [info] > git status -z -uall [60ms]
2023-11-15 20:58:57.799 [info] > git config --get commit.template [8ms]
2023-11-15 20:58:57.801 [info] > git for-each-ref --format=%(refname)%00%(upstream:short)%00%(objectname)%00%(upstream:track)%00%(upstream:remotename)%00%(upstream:remoteref) refs/heads/Vinicius refs/remotes/Vinicius [3ms]
2023-11-15 20:58:57.865 [info] > git status -z -uall [58ms]
2023-11-15 20:59:04.394 [info] > git config --get commit.template [20ms]
2023-11-15 20:59:04.404 [info] > git for-each-ref --format=%(refname)%00%(upstream:short)%00%(objectname)%00%(upstream:track)%00%(upstream:remotename)%00%(upstream:remoteref) refs/heads/Vinicius refs/remotes/Vinicius [22ms]
2023-11-15 20:59:04.527 [info] > git status -z -uall [114ms]
2023-11-15 20:59:17.069 [info] > git config --get commit.template [7ms]
2023-11-15 20:59:17.071 [info] > git for-each-ref --format=%(refname)%00%(upstream:short)%00%(objectname)%00%(upstream:track)%00%(upstream:remotename)%00%(upstream:remoteref) refs/heads/Vinicius refs/remotes/Vinicius [3ms]
2023-11-15 20:59:17.130 [info] > git status -z -uall [55ms]
2023-11-15 20:59:34.881 [info] > git config --get commit.template [9ms]
2023-11-15 20:59:34.884 [info] > git for-each-ref --format=%(refname)%00%(upstream:short)%00%(objectname)%00%(upstream:track)%00%(upstream:remotename)%00%(upstream:remoteref) refs/heads/Vinicius refs/remotes/Vinicius [3ms]
2023-11-15 20:59:34.952 [info] > git status -z -uall [63ms]
2023-11-15 20:59:40.045 [info] > git config --get commit.template [9ms]
2023-11-15 20:59:40.047 [info] > git for-each-ref --format=%(refname)%00%(upstream:short)%00%(objectname)%00%(upstream:track)%00%(upstream:remotename)%00%(upstream:remoteref) refs/heads/Vinicius refs/remotes/Vinicius [4ms]
2023-11-15 20:59:40.196 [info] > git status -z -uall [121ms]
2023-11-15 20:59:50.562 [info] > git config --get commit.template [9ms]
2023-11-15 20:59:50.565 [info] > git for-each-ref --format=%(refname)%00%(upstream:short)%00%(objectname)%00%(upstream:track)%00%(upstream:remotename)%00%(upstream:remoteref) refs/heads/Vinicius refs/remotes/Vinicius [5ms]
2023-11-15 20:59:50.645 [info] > git status -z -uall [72ms]
2023-11-15 21:00:02.006 [info] > git config --get commit.template [24ms]
2023-11-15 21:00:02.012 [info] > git for-each-ref --format=%(refname)%00%(upstream:short)%00%(objectname)%00%(upstream:track)%00%(upstream:remotename)%00%(upstream:remoteref) refs/heads/Vinicius refs/remotes/Vinicius [13ms]
2023-11-15 21:00:02.279 [info] > git status -z -uall [247ms]
2023-11-15 21:04:13.174 [info] > git config --get commit.template [21ms]
2023-11-15 21:04:13.177 [info] > git for-each-ref --format=%(refname)%00%(upstream:short)%00%(objectname)%00%(upstream:track)%00%(upstream:remotename)%00%(upstream:remoteref) refs/heads/Vinicius refs/remotes/Vinicius [16ms]
2023-11-15 21:04:13.431 [info] > git status -z -uall [245ms]
2023-11-15 21:04:28.965 [info] > git config --get commit.template [7ms]
2023-11-15 21:04:28.967 [info] > git for-each-ref --format=%(refname)%00%(upstream:short)%00%(objectname)%00%(upstream:track)%00%(upstream:remotename)%00%(upstream:remoteref) refs/heads/Vinicius refs/remotes/Vinicius [3ms]
2023-11-15 21:04:29.037 [info] > git status -z -uall [64ms]
2023-11-15 21:04:34.121 [info] > git config --get commit.template [11ms]
2023-11-15 21:04:34.123 [info] > git for-each-ref --format=%(refname)%00%(upstream:short)%00%(objectname)%00%(upstream:track)%00%(upstream:remotename)%00%(upstream:remoteref) refs/heads/Vinicius refs/remotes/Vinicius [5ms]
2023-11-15 21:04:34.196 [info] > git status -z -uall [67ms]
2023-11-15 21:04:39.295 [info] > git config --get commit.template [9ms]
2023-11-15 21:04:39.298 [info] > git for-each-ref --format=%(refname)%00%(upstream:short)%00%(objectname)%00%(upstream:track)%00%(upstream:remotename)%00%(upstream:remoteref) refs/heads/Vinicius refs/remotes/Vinicius [3ms]
2023-11-15 21:04:39.362 [info] > git status -z -uall [59ms]
2023-11-15 21:04:44.443 [info] > git config --get commit.template [8ms]
2023-11-15 21:04:44.446 [info] > git for-each-ref --format=%(refname)%00%(upstream:short)%00%(objectname)%00%(upstream:track)%00%(upstream:remotename)%00%(upstream:remoteref) refs/heads/Vinicius refs/remotes/Vinicius [4ms]
2023-11-15 21:04:44.515 [info] > git status -z -uall [63ms]
2023-11-15 21:05:40.952 [info] > git config --get commit.template [12ms]
2023-11-15 21:05:40.955 [info] > git for-each-ref --format=%(refname)%00%(upstream:short)%00%(objectname)%00%(upstream:track)%00%(upstream:remotename)%00%(upstream:remoteref) refs/heads/Vinicius refs/remotes/Vinicius [5ms]
2023-11-15 21:05:41.057 [info] > git status -z -uall [93ms]
2023-11-15 21:06:35.304 [info] > git config --get commit.template [25ms]
2023-11-15 21:06:35.309 [info] > git for-each-ref --format=%(refname)%00%(upstream:short)%00%(objectname)%00%(upstream:track)%00%(upstream:remotename)%00%(upstream:remoteref) refs/heads/Vinicius refs/remotes/Vinicius [23ms]
2023-11-15 21:06:35.626 [info] > git status -z -uall [307ms]
2023-11-15 21:06:51.894 [info] > git config --get commit.template [9ms]
2023-11-15 21:06:51.896 [info] > git for-each-ref --format=%(refname)%00%(upstream:short)%00%(objectname)%00%(upstream:track)%00%(upstream:remotename)%00%(upstream:remoteref) refs/heads/Vinicius refs/remotes/Vinicius [4ms]
2023-11-15 21:06:52.001 [info] > git status -z -uall [99ms]
2023-11-15 21:06:57.121 [info] > git config --get commit.template [9ms]
2023-11-15 21:06:57.124 [info] > git for-each-ref --format=%(refname)%00%(upstream:short)%00%(objectname)%00%(upstream:track)%00%(upstream:remotename)%00%(upstream:remoteref) refs/heads/Vinicius refs/remotes/Vinicius [3ms]
2023-11-15 21:06:57.196 [info] > git status -z -uall [66ms]
2023-11-15 21:07:02.345 [info] > git config --get commit.template [36ms]
2023-11-15 21:07:02.354 [info] > git for-each-ref --format=%(refname)%00%(upstream:short)%00%(objectname)%00%(upstream:track)%00%(upstream:remotename)%00%(upstream:remoteref) refs/heads/Vinicius refs/remotes/Vinicius [14ms]
2023-11-15 21:07:02.741 [info] > git status -z -uall [333ms]
2023-11-15 21:07:13.979 [info] > git config --get commit.template [8ms]
2023-11-15 21:07:13.981 [info] > git for-each-ref --format=%(refname)%00%(upstream:short)%00%(objectname)%00%(upstream:track)%00%(upstream:remotename)%00%(upstream:remoteref) refs/heads/Vinicius refs/remotes/Vinicius [4ms]
2023-11-15 21:07:14.077 [info] > git status -z -uall [89ms]
2023-11-15 21:08:31.718 [info] > git config --get commit.template [23ms]
2023-11-15 21:08:31.723 [info] > git for-each-ref --format=%(refname)%00%(upstream:short)%00%(objectname)%00%(upstream:track)%00%(upstream:remotename)%00%(upstream:remoteref) refs/heads/Vinicius refs/remotes/Vinicius [22ms]
2023-11-15 21:08:32.034 [info] > git status -z -uall [306ms]
2023-11-15 21:10:25.124 [info] > git config --get commit.template [19ms]
2023-11-15 21:10:25.131 [info] > git for-each-ref --format=%(refname)%00%(upstream:short)%00%(objectname)%00%(upstream:track)%00%(upstream:remotename)%00%(upstream:remoteref) refs/heads/Vinicius refs/remotes/Vinicius [21ms]
2023-11-15 21:10:25.361 [info] > git status -z -uall [225ms]
2023-11-15 21:10:32.324 [info] > git config --get commit.template [8ms]
2023-11-15 21:10:32.326 [info] > git for-each-ref --format=%(refname)%00%(upstream:short)%00%(objectname)%00%(upstream:track)%00%(upstream:remotename)%00%(upstream:remoteref) refs/heads/Vinicius refs/remotes/Vinicius [3ms]
2023-11-15 21:10:32.406 [info] > git status -z -uall [75ms]
2023-11-15 21:10:48.657 [info] > git config --get commit.template [7ms]
2023-11-15 21:10:48.659 [info] > git for-each-ref --format=%(refname)%00%(upstream:short)%00%(objectname)%00%(upstream:track)%00%(upstream:remotename)%00%(upstream:remoteref) refs/heads/Vinicius refs/remotes/Vinicius [3ms]
2023-11-15 21:10:48.728 [info] > git status -z -uall [64ms]
2023-11-15 21:10:53.819 [info] > git config --get commit.template [9ms]
2023-11-15 21:10:53.822 [info] > git for-each-ref --format=%(refname)%00%(upstream:short)%00%(objectname)%00%(upstream:track)%00%(upstream:remotename)%00%(upstream:remoteref) refs/heads/Vinicius refs/remotes/Vinicius [5ms]
2023-11-15 21:10:53.903 [info] > git status -z -uall [74ms]
2023-11-15 21:10:59.009 [info] > git config --get commit.template [11ms]
2023-11-15 21:10:59.011 [info] > git for-each-ref --format=%(refname)%00%(upstream:short)%00%(objectname)%00%(upstream:track)%00%(upstream:remotename)%00%(upstream:remoteref) refs/heads/Vinicius refs/remotes/Vinicius [3ms]
2023-11-15 21:10:59.076 [info] > git status -z -uall [59ms]
2023-11-15 21:11:16.158 [info] > git config --get commit.template [21ms]
2023-11-15 21:11:16.162 [info] > git for-each-ref --format=%(refname)%00%(upstream:short)%00%(objectname)%00%(upstream:track)%00%(upstream:remotename)%00%(upstream:remoteref) refs/heads/Vinicius refs/remotes/Vinicius [16ms]
2023-11-15 21:11:16.311 [info] > git status -z -uall [141ms]
2023-11-15 21:11:21.455 [info] > git config --get commit.template [8ms]
2023-11-15 21:11:21.457 [info] > git for-each-ref --format=%(refname)%00%(upstream:short)%00%(objectname)%00%(upstream:track)%00%(upstream:remotename)%00%(upstream:remoteref) refs/heads/Vinicius refs/remotes/Vinicius [4ms]
2023-11-15 21:11:21.519 [info] > git status -z -uall [56ms]
2023-11-15 21:12:01.914 [info] > git config --get commit.template [10ms]
2023-11-15 21:12:01.917 [info] > git for-each-ref --format=%(refname)%00%(upstream:short)%00%(objectname)%00%(upstream:track)%00%(upstream:remotename)%00%(upstream:remoteref) refs/heads/Vinicius refs/remotes/Vinicius [4ms]
2023-11-15 21:12:01.992 [info] > git status -z -uall [66ms]
2023-11-15 21:12:50.588 [info] > git config --get commit.template [7ms]
2023-11-15 21:12:50.590 [info] > git for-each-ref --format=%(refname)%00%(upstream:short)%00%(objectname)%00%(upstream:track)%00%(upstream:remotename)%00%(upstream:remoteref) refs/heads/Vinicius refs/remotes/Vinicius [4ms]
2023-11-15 21:12:50.646 [info] > git status -z -uall [51ms]
2023-11-15 21:13:32.141 [info] > git config --get commit.template [20ms]
2023-11-15 21:13:32.146 [info] > git for-each-ref --format=%(refname)%00%(upstream:short)%00%(objectname)%00%(upstream:track)%00%(upstream:remotename)%00%(upstream:remoteref) refs/heads/Vinicius refs/remotes/Vinicius [18ms]
2023-11-15 21:13:32.222 [info] > git status -z -uall [70ms]
2023-11-15 21:13:37.329 [info] > git config --get commit.template [12ms]
2023-11-15 21:13:37.332 [info] > git for-each-ref --format=%(refname)%00%(upstream:short)%00%(objectname)%00%(upstream:track)%00%(upstream:remotename)%00%(upstream:remoteref) refs/heads/Vinicius refs/remotes/Vinicius [4ms]
2023-11-15 21:13:37.394 [info] > git status -z -uall [55ms]
2023-11-15 21:13:48.235 [info] > git config --get commit.template [11ms]
2023-11-15 21:13:48.235 [info] > git for-each-ref --format=%(refname)%00%(upstream:short)%00%(objectname)%00%(upstream:track)%00%(upstream:remotename)%00%(upstream:remoteref) refs/heads/Vinicius refs/remotes/Vinicius [1ms]
2023-11-15 21:13:48.293 [info] > git status -z -uall [52ms]
2023-11-15 21:13:53.391 [info] > git config --get commit.template [10ms]
2023-11-15 21:13:53.393 [info] > git for-each-ref --format=%(refname)%00%(upstream:short)%00%(objectname)%00%(upstream:track)%00%(upstream:remotename)%00%(upstream:remoteref) refs/heads/Vinicius refs/remotes/Vinicius [6ms]
2023-11-15 21:13:53.479 [info] > git status -z -uall [75ms]
2023-11-15 21:13:58.562 [info] > git config --get commit.template [14ms]
2023-11-15 21:13:58.565 [info] > git for-each-ref --format=%(refname)%00%(upstream:short)%00%(objectname)%00%(upstream:track)%00%(upstream:remotename)%00%(upstream:remoteref) refs/heads/Vinicius refs/remotes/Vinicius [4ms]
2023-11-15 21:13:58.636 [info] > git status -z -uall [66ms]
2023-11-15 21:14:14.733 [info] > git config --get commit.template [23ms]
2023-11-15 21:14:14.738 [info] > git for-each-ref --format=%(refname)%00%(upstream:short)%00%(objectname)%00%(upstream:track)%00%(upstream:remotename)%00%(upstream:remoteref) refs/heads/Vinicius refs/remotes/Vinicius [21ms]
2023-11-15 21:14:14.841 [info] > git status -z -uall [98ms]
2023-11-15 21:15:06.210 [info] > git config --get commit.template [14ms]
2023-11-15 21:15:06.214 [info] > git for-each-ref --format=%(refname)%00%(upstream:short)%00%(objectname)%00%(upstream:track)%00%(upstream:remotename)%00%(upstream:remoteref) refs/heads/Vinicius refs/remotes/Vinicius [6ms]
2023-11-15 21:15:06.301 [info] > git status -z -uall [77ms]
2023-11-15 21:15:11.423 [info] > git config --get commit.template [29ms]
2023-11-15 21:15:11.428 [info] > git for-each-ref --format=%(refname)%00%(upstream:short)%00%(objectname)%00%(upstream:track)%00%(upstream:remotename)%00%(upstream:remoteref) refs/heads/Vinicius refs/remotes/Vinicius [27ms]
2023-11-15 21:15:11.759 [info] > git status -z -uall [320ms]
2023-11-15 21:15:16.880 [info] > git config --get commit.template [11ms]
2023-11-15 21:15:16.882 [info] > git for-each-ref --format=%(refname)%00%(upstream:short)%00%(objectname)%00%(upstream:track)%00%(upstream:remotename)%00%(upstream:remoteref) refs/heads/Vinicius refs/remotes/Vinicius [4ms]
2023-11-15 21:15:16.976 [info] > git status -z -uall [89ms]
2023-11-15 21:16:27.126 [info] > git config --get commit.template [8ms]
2023-11-15 21:16:27.129 [info] > git for-each-ref --format=%(refname)%00%(upstream:short)%00%(objectname)%00%(upstream:track)%00%(upstream:remotename)%00%(upstream:remoteref) refs/heads/Vinicius refs/remotes/Vinicius [4ms]
2023-11-15 21:16:27.313 [info] > git status -z -uall [179ms]
2023-11-15 21:16:35.409 [info] > git config --get commit.template [11ms]
2023-11-15 21:16:35.414 [info] > git for-each-ref --format=%(refname)%00%(upstream:short)%00%(objectname)%00%(upstream:track)%00%(upstream:remotename)%00%(upstream:remoteref) refs/heads/Vinicius refs/remotes/Vinicius [6ms]
2023-11-15 21:16:35.509 [info] > git status -z -uall [88ms]
2023-11-15 21:16:40.606 [info] > git config --get commit.template [15ms]
2023-11-15 21:16:40.609 [info] > git for-each-ref --format=%(refname)%00%(upstream:short)%00%(objectname)%00%(upstream:track)%00%(upstream:remotename)%00%(upstream:remoteref) refs/heads/Vinicius refs/remotes/Vinicius [5ms]
2023-11-15 21:16:40.736 [info] > git status -z -uall [116ms]
2023-11-15 21:16:46.383 [info] > git config --get commit.template [9ms]
2023-11-15 21:16:46.386 [info] > git for-each-ref --format=%(refname)%00%(upstream:short)%00%(objectname)%00%(upstream:track)%00%(upstream:remotename)%00%(upstream:remoteref) refs/heads/Vinicius refs/remotes/Vinicius [4ms]
2023-11-15 21:16:46.487 [info] > git status -z -uall [93ms]
2023-11-15 21:17:10.617 [info] > git config --get commit.template [10ms]
2023-11-15 21:17:10.622 [info] > git for-each-ref --format=%(refname)%00%(upstream:short)%00%(objectname)%00%(upstream:track)%00%(upstream:remotename)%00%(upstream:remoteref) refs/heads/Vinicius refs/remotes/Vinicius [9ms]
2023-11-15 21:17:10.710 [info] > git status -z -uall [82ms]
2023-11-15 21:17:31.411 [info] > git config --get commit.template [11ms]
2023-11-15 21:17:31.413 [info] > git for-each-ref --format=%(refname)%00%(upstream:short)%00%(objectname)%00%(upstream:track)%00%(upstream:remotename)%00%(upstream:remoteref) refs/heads/Vinicius refs/remotes/Vinicius [3ms]
2023-11-15 21:17:31.485 [info] > git status -z -uall [67ms]
2023-11-15 21:17:45.863 [info] > git config --get commit.template [9ms]
2023-11-15 21:17:45.866 [info] > git for-each-ref --format=%(refname)%00%(upstream:short)%00%(objectname)%00%(upstream:track)%00%(upstream:remotename)%00%(upstream:remoteref) refs/heads/Vinicius refs/remotes/Vinicius [4ms]
2023-11-15 21:17:45.941 [info] > git status -z -uall [70ms]
2023-11-15 21:17:54.377 [info] > git config --get commit.template [9ms]
2023-11-15 21:17:54.396 [info] > git for-each-ref --format=%(refname)%00%(upstream:short)%00%(objectname)%00%(upstream:track)%00%(upstream:remotename)%00%(upstream:remoteref) refs/heads/Vinicius refs/remotes/Vinicius [22ms]
2023-11-15 21:17:54.467 [info] > git status -z -uall [64ms]
2023-11-15 21:17:59.558 [info] > git config --get commit.template [9ms]
2023-11-15 21:17:59.560 [info] > git for-each-ref --format=%(refname)%00%(upstream:short)%00%(objectname)%00%(upstream:track)%00%(upstream:remotename)%00%(upstream:remoteref) refs/heads/Vinicius refs/remotes/Vinicius [3ms]
2023-11-15 21:17:59.632 [info] > git status -z -uall [66ms]
2023-11-15 21:18:04.747 [info] > git config --get commit.template [22ms]
2023-11-15 21:18:04.749 [info] > git for-each-ref --format=%(refname)%00%(upstream:short)%00%(objectname)%00%(upstream:track)%00%(upstream:remotename)%00%(upstream:remoteref) refs/heads/Vinicius refs/remotes/Vinicius [13ms]
2023-11-15 21:18:05.097 [info] > git status -z -uall [338ms]
2023-11-15 21:18:10.200 [info] > git config --get commit.template [11ms]
2023-11-15 21:18:10.202 [info] > git for-each-ref --format=%(refname)%00%(upstream:short)%00%(objectname)%00%(upstream:track)%00%(upstream:remotename)%00%(upstream:remoteref) refs/heads/Vinicius refs/remotes/Vinicius [4ms]
2023-11-15 21:18:10.278 [info] > git status -z -uall [69ms]
2023-11-15 21:18:15.938 [info] > git config --get commit.template [11ms]
2023-11-15 21:18:15.941 [info] > git for-each-ref --format=%(refname)%00%(upstream:short)%00%(objectname)%00%(upstream:track)%00%(upstream:remotename)%00%(upstream:remoteref) refs/heads/Vinicius refs/remotes/Vinicius [3ms]
2023-11-15 21:18:16.015 [info] > git status -z -uall [68ms]
2023-11-15 21:18:21.202 [info] > git config --get commit.template [9ms]
2023-11-15 21:18:21.204 [info] > git for-each-ref --format=%(refname)%00%(upstream:short)%00%(objectname)%00%(upstream:track)%00%(upstream:remotename)%00%(upstream:remoteref) refs/heads/Vinicius refs/remotes/Vinicius [3ms]
2023-11-15 21:18:21.269 [info] > git status -z -uall [58ms]
2023-11-15 21:18:26.359 [info] > git config --get commit.template [15ms]
2023-11-15 21:18:26.363 [info] > git for-each-ref --format=%(refname)%00%(upstream:short)%00%(objectname)%00%(upstream:track)%00%(upstream:remotename)%00%(upstream:remoteref) refs/heads/Vinicius refs/remotes/Vinicius [6ms]
2023-11-15 21:18:26.459 [info] > git status -z -uall [86ms]
2023-11-15 21:18:31.565 [info] > git config --get commit.template [13ms]
2023-11-15 21:18:31.570 [info] > git for-each-ref --format=%(refname)%00%(upstream:short)%00%(objectname)%00%(upstream:track)%00%(upstream:remotename)%00%(upstream:remoteref) refs/heads/Vinicius refs/remotes/Vinicius [5ms]
2023-11-15 21:18:31.636 [info] > git status -z -uall [59ms]
2023-11-15 21:18:36.740 [info] > git config --get commit.template [11ms]
2023-11-15 21:18:36.743 [info] > git for-each-ref --format=%(refname)%00%(upstream:short)%00%(objectname)%00%(upstream:track)%00%(upstream:remotename)%00%(upstream:remoteref) refs/heads/Vinicius refs/remotes/Vinicius [3ms]
2023-11-15 21:18:36.807 [info] > git status -z -uall [58ms]
2023-11-15 21:18:41.899 [info] > git config --get commit.template [11ms]
2023-11-15 21:18:41.901 [info] > git for-each-ref --format=%(refname)%00%(upstream:short)%00%(objectname)%00%(upstream:track)%00%(upstream:remotename)%00%(upstream:remoteref) refs/heads/Vinicius refs/remotes/Vinicius [3ms]
2023-11-15 21:18:41.971 [info] > git status -z -uall [63ms]
2023-11-15 21:18:47.068 [info] > git config --get commit.template [9ms]
2023-11-15 21:18:47.071 [info] > git for-each-ref --format=%(refname)%00%(upstream:short)%00%(objectname)%00%(upstream:track)%00%(upstream:remotename)%00%(upstream:remoteref) refs/heads/Vinicius refs/remotes/Vinicius [4ms]
2023-11-15 21:18:47.137 [info] > git status -z -uall [60ms]
2023-11-15 21:18:52.229 [info] > git config --get commit.template [9ms]
2023-11-15 21:18:52.231 [info] > git for-each-ref --format=%(refname)%00%(upstream:short)%00%(objectname)%00%(upstream:track)%00%(upstream:remotename)%00%(upstream:remoteref) refs/heads/Vinicius refs/remotes/Vinicius [3ms]
2023-11-15 21:18:52.346 [info] > git status -z -uall [108ms]
2023-11-15 21:18:57.424 [info] > git config --get commit.template [9ms]
2023-11-15 21:18:57.427 [info] > git for-each-ref --format=%(refname)%00%(upstream:short)%00%(objectname)%00%(upstream:track)%00%(upstream:remotename)%00%(upstream:remoteref) refs/heads/Vinicius refs/remotes/Vinicius [5ms]
2023-11-15 21:18:57.494 [info] > git status -z -uall [59ms]
2023-11-15 21:19:02.593 [info] > git config --get commit.template [20ms]
2023-11-15 21:19:02.596 [info] > git for-each-ref --format=%(refname)%00%(upstream:short)%00%(objectname)%00%(upstream:track)%00%(upstream:remotename)%00%(upstream:remoteref) refs/heads/Vinicius refs/remotes/Vinicius [13ms]
2023-11-15 21:19:02.801 [info] > git status -z -uall [199ms]
2023-11-15 21:19:07.901 [info] > git config --get commit.template [8ms]
2023-11-15 21:19:07.907 [info] > git for-each-ref --format=%(refname)%00%(upstream:short)%00%(objectname)%00%(upstream:track)%00%(upstream:remotename)%00%(upstream:remoteref) refs/heads/Vinicius refs/remotes/Vinicius [7ms]
2023-11-15 21:19:07.973 [info] > git status -z -uall [60ms]
2023-11-15 21:19:13.059 [info] > git config --get commit.template [9ms]
2023-11-15 21:19:13.062 [info] > git for-each-ref --format=%(refname)%00%(upstream:short)%00%(objectname)%00%(upstream:track)%00%(upstream:remotename)%00%(upstream:remoteref) refs/heads/Vinicius refs/remotes/Vinicius [3ms]
2023-11-15 21:19:13.129 [info] > git status -z -uall [61ms]
2023-11-15 21:19:18.220 [info] > git config --get commit.template [9ms]
2023-11-15 21:19:18.222 [info] > git for-each-ref --format=%(refname)%00%(upstream:short)%00%(objectname)%00%(upstream:track)%00%(upstream:remotename)%00%(upstream:remoteref) refs/heads/Vinicius refs/remotes/Vinicius [4ms]
2023-11-15 21:19:18.330 [info] > git status -z -uall [102ms]
2023-11-15 21:19:30.150 [info] > git config --get commit.template [8ms]
2023-11-15 21:19:30.153 [info] > git for-each-ref --format=%(refname)%00%(upstream:short)%00%(objectname)%00%(upstream:track)%00%(upstream:remotename)%00%(upstream:remoteref) refs/heads/Vinicius refs/remotes/Vinicius [4ms]
2023-11-15 21:19:30.222 [info] > git status -z -uall [62ms]
2023-11-15 21:19:36.460 [info] > git config --get commit.template [11ms]
2023-11-15 21:19:36.462 [info] > git for-each-ref --format=%(refname)%00%(upstream:short)%00%(objectname)%00%(upstream:track)%00%(upstream:remotename)%00%(upstream:remoteref) refs/heads/Vinicius refs/remotes/Vinicius [5ms]
2023-11-15 21:19:36.526 [info] > git status -z -uall [57ms]
2023-11-15 21:19:49.925 [info] > git config --get commit.template [8ms]
2023-11-15 21:19:49.927 [info] > git for-each-ref --format=%(refname)%00%(upstream:short)%00%(objectname)%00%(upstream:track)%00%(upstream:remotename)%00%(upstream:remoteref) refs/heads/Vinicius refs/remotes/Vinicius [4ms]
2023-11-15 21:19:49.990 [info] > git status -z -uall [57ms]
2023-11-15 21:19:55.094 [info] > git config --get commit.template [13ms]
2023-11-15 21:19:55.097 [info] > git for-each-ref --format=%(refname)%00%(upstream:short)%00%(objectname)%00%(upstream:track)%00%(upstream:remotename)%00%(upstream:remoteref) refs/heads/Vinicius refs/remotes/Vinicius [5ms]
2023-11-15 21:19:55.186 [info] > git status -z -uall [80ms]
2023-11-15 21:20:09.662 [info] > git config --get commit.template [19ms]
2023-11-15 21:20:09.666 [info] > git for-each-ref --format=%(refname)%00%(upstream:short)%00%(objectname)%00%(upstream:track)%00%(upstream:remotename)%00%(upstream:remoteref) refs/heads/Vinicius refs/remotes/Vinicius [16ms]
2023-11-15 21:20:09.934 [info] > git status -z -uall [254ms]
2023-11-15 21:20:15.087 [info] > git config --get commit.template [18ms]
2023-11-15 21:20:15.090 [info] > git for-each-ref --format=%(refname)%00%(upstream:short)%00%(objectname)%00%(upstream:track)%00%(upstream:remotename)%00%(upstream:remoteref) refs/heads/Vinicius refs/remotes/Vinicius [9ms]
2023-11-15 21:20:15.195 [info] > git status -z -uall [97ms]
2023-11-15 21:20:20.290 [info] > git config --get commit.template [10ms]
2023-11-15 21:20:20.292 [info] > git for-each-ref --format=%(refname)%00%(upstream:short)%00%(objectname)%00%(upstream:track)%00%(upstream:remotename)%00%(upstream:remoteref) refs/heads/Vinicius refs/remotes/Vinicius [4ms]
2023-11-15 21:20:20.381 [info] > git status -z -uall [83ms]
2023-11-15 21:20:25.487 [info] > git config --get commit.template [12ms]
2023-11-15 21:20:25.492 [info] > git for-each-ref --format=%(refname)%00%(upstream:short)%00%(objectname)%00%(upstream:track)%00%(upstream:remotename)%00%(upstream:remoteref) refs/heads/Vinicius refs/remotes/Vinicius [9ms]
2023-11-15 21:20:25.559 [info] > git status -z -uall [61ms]
2023-11-15 21:20:30.651 [info] > git config --get commit.template [9ms]
2023-11-15 21:20:30.654 [info] > git for-each-ref --format=%(refname)%00%(upstream:short)%00%(objectname)%00%(upstream:track)%00%(upstream:remotename)%00%(upstream:remoteref) refs/heads/Vinicius refs/remotes/Vinicius [3ms]
2023-11-15 21:20:30.734 [info] > git status -z -uall [75ms]
2023-11-15 21:20:35.829 [info] > git config --get commit.template [10ms]
2023-11-15 21:20:35.831 [info] > git for-each-ref --format=%(refname)%00%(upstream:short)%00%(objectname)%00%(upstream:track)%00%(upstream:remotename)%00%(upstream:remoteref) refs/heads/Vinicius refs/remotes/Vinicius [3ms]
2023-11-15 21:20:35.950 [info] > git status -z -uall [113ms]
2023-11-15 21:20:45.906 [info] > git config --get commit.template [9ms]
2023-11-15 21:20:45.908 [info] > git for-each-ref --format=%(refname)%00%(upstream:short)%00%(objectname)%00%(upstream:track)%00%(upstream:remotename)%00%(upstream:remoteref) refs/heads/Vinicius refs/remotes/Vinicius [4ms]
2023-11-15 21:20:45.975 [info] > git status -z -uall [61ms]
2023-11-15 21:20:51.072 [info] > git config --get commit.template [9ms]
2023-11-15 21:20:51.075 [info] > git for-each-ref --format=%(refname)%00%(upstream:short)%00%(objectname)%00%(upstream:track)%00%(upstream:remotename)%00%(upstream:remoteref) refs/heads/Vinicius refs/remotes/Vinicius [3ms]
2023-11-15 21:20:51.153 [info] > git status -z -uall [73ms]
2023-11-15 21:21:01.743 [info] > git config --get commit.template [16ms]
2023-11-15 21:21:01.744 [info] > git for-each-ref --format=%(refname)%00%(upstream:short)%00%(objectname)%00%(upstream:track)%00%(upstream:remotename)%00%(upstream:remoteref) refs/heads/Vinicius refs/remotes/Vinicius [10ms]
2023-11-15 21:21:01.817 [info] > git status -z -uall [67ms]
2023-11-15 21:21:06.959 [info] > git config --get commit.template [23ms]
2023-11-15 21:21:06.967 [info] > git for-each-ref --format=%(refname)%00%(upstream:short)%00%(objectname)%00%(upstream:track)%00%(upstream:remotename)%00%(upstream:remoteref) refs/heads/Vinicius refs/remotes/Vinicius [27ms]
2023-11-15 21:21:07.224 [info] > git status -z -uall [245ms]
2023-11-15 21:21:12.753 [info] > git config --get commit.template [29ms]
2023-11-15 21:21:12.759 [info] > git for-each-ref --format=%(refname)%00%(upstream:short)%00%(objectname)%00%(upstream:track)%00%(upstream:remotename)%00%(upstream:remoteref) refs/heads/Vinicius refs/remotes/Vinicius [23ms]
2023-11-15 21:21:12.889 [info] > git status -z -uall [123ms]
2023-11-15 21:22:05.893 [info] > git config --get commit.template [19ms]
2023-11-15 21:22:05.902 [info] > git for-each-ref --format=%(refname)%00%(upstream:short)%00%(objectname)%00%(upstream:track)%00%(upstream:remotename)%00%(upstream:remoteref) refs/heads/Vinicius refs/remotes/Vinicius [17ms]
2023-11-15 21:22:06.070 [info] > git status -z -uall [159ms]
2023-11-15 21:22:25.032 [info] > git config --get commit.template [9ms]
2023-11-15 21:22:25.034 [info] > git for-each-ref --format=%(refname)%00%(upstream:short)%00%(objectname)%00%(upstream:track)%00%(upstream:remotename)%00%(upstream:remoteref) refs/heads/Vinicius refs/remotes/Vinicius [3ms]
2023-11-15 21:22:25.120 [info] > git status -z -uall [79ms]
2023-11-15 21:22:34.621 [info] > git config --get commit.template [9ms]
2023-11-15 21:22:34.624 [info] > git for-each-ref --format=%(refname)%00%(upstream:short)%00%(objectname)%00%(upstream:track)%00%(upstream:remotename)%00%(upstream:remoteref) refs/heads/Vinicius refs/remotes/Vinicius [3ms]
2023-11-15 21:22:34.690 [info] > git status -z -uall [61ms]
2023-11-15 21:23:05.556 [info] > git config --get commit.template [13ms]
2023-11-15 21:23:05.559 [info] > git for-each-ref --format=%(refname)%00%(upstream:short)%00%(objectname)%00%(upstream:track)%00%(upstream:remotename)%00%(upstream:remoteref) refs/heads/Vinicius refs/remotes/Vinicius [5ms]
2023-11-15 21:23:05.652 [info] > git status -z -uall [84ms]
2023-11-15 21:23:10.758 [info] > git config --get commit.template [9ms]
2023-11-15 21:23:10.760 [info] > git for-each-ref --format=%(refname)%00%(upstream:short)%00%(objectname)%00%(upstream:track)%00%(upstream:remotename)%00%(upstream:remoteref) refs/heads/Vinicius refs/remotes/Vinicius [3ms]
2023-11-15 21:23:10.833 [info] > git status -z -uall [67ms]
2023-11-15 21:23:33.648 [info] > git config --get commit.template [10ms]
2023-11-15 21:23:33.651 [info] > git for-each-ref --format=%(refname)%00%(upstream:short)%00%(objectname)%00%(upstream:track)%00%(upstream:remotename)%00%(upstream:remoteref) refs/heads/Vinicius refs/remotes/Vinicius [4ms]
2023-11-15 21:23:33.714 [info] > git status -z -uall [58ms]
2023-11-15 21:24:40.395 [info] > git config --get commit.template [12ms]
2023-11-15 21:24:40.397 [info] > git for-each-ref --format=%(refname)%00%(upstream:short)%00%(objectname)%00%(upstream:track)%00%(upstream:remotename)%00%(upstream:remoteref) refs/heads/Vinicius refs/remotes/Vinicius [4ms]
2023-11-15 21:24:40.497 [info] > git status -z -uall [95ms]
2023-11-15 21:26:49.455 [info] > git config --get commit.template [20ms]
2023-11-15 21:26:49.461 [info] > git for-each-ref --format=%(refname)%00%(upstream:short)%00%(objectname)%00%(upstream:track)%00%(upstream:remotename)%00%(upstream:remoteref) refs/heads/Vinicius refs/remotes/Vinicius [18ms]
2023-11-15 21:26:49.584 [info] > git status -z -uall [115ms]
2023-11-15 21:28:26.117 [info] > git show --textconv :CodeIgniter/app/Views/salas_editar_selecionada.php [12ms]
2023-11-15 21:28:26.123 [info] > git ls-files --stage -- /var/www/clients/client2/web2/web/sistema/adsgrupo06/CodeIgniter/app/Views/salas_editar_selecionada.php [8ms]
2023-11-15 21:28:26.130 [info] > git cat-file -s d766fa2fb4bcf91913693bda1777115238b618af [2ms]
2023-11-15 21:28:30.078 [info] > git show --textconv :CodeIgniter/app/Views/salas_editar_selecao.php [59ms]
2023-11-15 21:28:30.091 [info] > git ls-files --stage -- /var/www/clients/client2/web2/web/sistema/adsgrupo06/CodeIgniter/app/Views/salas_editar_selecao.php [16ms]
2023-11-15 21:28:30.104 [info] > git cat-file -s 31578edb9b46ae9eace253564de2534c764dbb2c [3ms]
2023-11-15 21:28:47.892 [info] > git config --get commit.template [10ms]
2023-11-15 21:28:47.900 [info] > git for-each-ref --format=%(refname)%00%(upstream:short)%00%(objectname)%00%(upstream:track)%00%(upstream:remotename)%00%(upstream:remoteref) refs/heads/Vinicius refs/remotes/Vinicius [8ms]
2023-11-15 21:28:48.110 [info] > git status -z -uall [205ms]
2023-11-15 21:28:51.255 [info] > git show --textconv :CodeIgniter/app/Views/salas_editar_selecionada.php [37ms]
2023-11-15 21:28:51.259 [info] > git ls-files --stage -- /var/www/clients/client2/web2/web/sistema/adsgrupo06/CodeIgniter/app/Views/salas_editar_selecionada.php [33ms]
2023-11-15 21:28:51.279 [info] > git cat-file -s d766fa2fb4bcf91913693bda1777115238b618af [7ms]
2023-11-15 21:28:52.181 [info] > git ls-files --stage -- /var/www/clients/client2/web2/web/sistema/adsgrupo06/CodeIgniter/app/Views/salas_editar_selecao.php [8ms]
2023-11-15 21:28:52.189 [info] > git show --textconv :CodeIgniter/app/Views/salas_editar_selecao.php [24ms]
2023-11-15 21:28:52.192 [info] > git cat-file -s 31578edb9b46ae9eace253564de2534c764dbb2c [3ms]
2023-11-15 21:28:59.363 [info] > git ls-files --stage -- /var/www/clients/client2/web2/web/sistema/adsgrupo06/CodeIgniter/app/Views/salas_exibir.php [12ms]
2023-11-15 21:28:59.374 [info] > git show --textconv :CodeIgniter/app/Views/salas_exibir.php [29ms]
2023-11-15 21:28:59.379 [info] > git cat-file -s 53dd236803ed5d72f6d6132c2ca2c9af2effac94 [4ms]
2023-11-15 21:30:33.414 [info] > git show --textconv :CodeIgniter/app/Views/salas_editar_selecao.php [38ms]
2023-11-15 21:30:33.417 [info] > git ls-files --stage -- /var/www/clients/client2/web2/web/sistema/adsgrupo06/CodeIgniter/app/Views/salas_editar_selecao.php [42ms]
2023-11-15 21:30:33.438 [info] > git cat-file -s 31578edb9b46ae9eace253564de2534c764dbb2c [5ms]
2023-11-15 21:30:37.135 [info] > git show --textconv :CodeIgniter/app/Views/salas_exibir.php [24ms]
2023-11-15 21:30:37.142 [info] > git ls-files --stage -- /var/www/clients/client2/web2/web/sistema/adsgrupo06/CodeIgniter/app/Views/salas_exibir.php [8ms]
2023-11-15 21:30:37.154 [info] > git cat-file -s 53dd236803ed5d72f6d6132c2ca2c9af2effac94 [4ms]
2023-11-15 21:30:45.076 [info] > git show --textconv :CodeIgniter/app/Views/salas_editar_selecao.php [11ms]
2023-11-15 21:30:45.081 [info] > git ls-files --stage -- /var/www/clients/client2/web2/web/sistema/adsgrupo06/CodeIgniter/app/Views/salas_editar_selecao.php [6ms]
2023-11-15 21:30:45.089 [info] > git cat-file -s 31578edb9b46ae9eace253564de2534c764dbb2c [3ms]
2023-11-15 21:30:50.084 [info] > git config --get commit.template [11ms]
2023-11-15 21:30:50.088 [info] > git for-each-ref --format=%(refname)%00%(upstream:short)%00%(objectname)%00%(upstream:track)%00%(upstream:remotename)%00%(upstream:remoteref) refs/heads/Vinicius refs/remotes/Vinicius [6ms]
2023-11-15 21:30:50.295 [info] > git status -z -uall [200ms]
2023-11-15 21:38:31.697 [info] > git ls-files --stage -- /var/www/clients/client2/web2/web/sistema/adsgrupo06/CodeIgniter/app/Views/salas_exibir.php [26ms]
2023-11-15 21:38:31.705 [info] > git show --textconv :CodeIgniter/app/Views/salas_exibir.php [39ms]
2023-11-15 21:38:31.709 [info] > git cat-file -s 53dd236803ed5d72f6d6132c2ca2c9af2effac94 [4ms]
2023-11-15 21:38:39.266 [info] > git show --textconv :CodeIgniter/app/Views/salas_editar_selecao.php [11ms]
2023-11-15 21:38:39.270 [info] > git ls-files --stage -- /var/www/clients/client2/web2/web/sistema/adsgrupo06/CodeIgniter/app/Views/salas_editar_selecao.php [7ms]
2023-11-15 21:38:39.277 [info] > git cat-file -s 31578edb9b46ae9eace253564de2534c764dbb2c [2ms]
2023-11-15 21:38:45.723 [info] > git config --get commit.template [8ms]
2023-11-15 21:38:45.727 [info] > git for-each-ref --format=%(refname)%00%(upstream:short)%00%(objectname)%00%(upstream:track)%00%(upstream:remotename)%00%(upstream:remoteref) refs/heads/Vinicius refs/remotes/Vinicius [5ms]
2023-11-15 21:38:45.845 [info] > git status -z -uall [112ms]
2023-11-15 21:38:48.638 [info] > git show --textconv :CodeIgniter/app/Views/salas_exibir.php [14ms]
2023-11-15 21:38:48.641 [info] > git ls-files --stage -- /var/www/clients/client2/web2/web/sistema/adsgrupo06/CodeIgniter/app/Views/salas_exibir.php [8ms]
2023-11-15 21:38:48.649 [info] > git cat-file -s 53dd236803ed5d72f6d6132c2ca2c9af2effac94 [2ms]
2023-11-15 21:38:54.861 [info] > git show --textconv :CodeIgniter/app/Views/salas_editar_selecao.php [12ms]
2023-11-15 21:38:54.867 [info] > git ls-files --stage -- /var/www/clients/client2/web2/web/sistema/adsgrupo06/CodeIgniter/app/Views/salas_editar_selecao.php [7ms]
2023-11-15 21:38:54.874 [info] > git cat-file -s 31578edb9b46ae9eace253564de2534c764dbb2c [2ms]
2023-11-15 21:39:04.500 [info] > git config --get commit.template [8ms]
2023-11-15 21:39:04.503 [info] > git for-each-ref --format=%(refname)%00%(upstream:short)%00%(objectname)%00%(upstream:track)%00%(upstream:remotename)%00%(upstream:remoteref) refs/heads/Vinicius refs/remotes/Vinicius [5ms]
2023-11-15 21:39:04.626 [info] > git status -z -uall [117ms]
2023-11-15 21:39:09.725 [info] > git config --get commit.template [12ms]
2023-11-15 21:39:09.727 [info] > git for-each-ref --format=%(refname)%00%(upstream:short)%00%(objectname)%00%(upstream:track)%00%(upstream:remotename)%00%(upstream:remoteref) refs/heads/Vinicius refs/remotes/Vinicius [3ms]
2023-11-15 21:39:09.802 [info] > git status -z -uall [69ms]
2023-11-15 21:39:15.965 [info] > git config --get commit.template [13ms]
2023-11-15 21:39:15.968 [info] > git for-each-ref --format=%(refname)%00%(upstream:short)%00%(objectname)%00%(upstream:track)%00%(upstream:remotename)%00%(upstream:remoteref) refs/heads/Vinicius refs/remotes/Vinicius [5ms]
2023-11-15 21:39:16.065 [info] > git status -z -uall [88ms]
2023-11-15 21:39:21.176 [info] > git config --get commit.template [8ms]
2023-11-15 21:39:21.178 [info] > git for-each-ref --format=%(refname)%00%(upstream:short)%00%(objectname)%00%(upstream:track)%00%(upstream:remotename)%00%(upstream:remoteref) refs/heads/Vinicius refs/remotes/Vinicius [3ms]
2023-11-15 21:39:21.245 [info] > git status -z -uall [60ms]
2023-11-15 21:39:26.336 [info] > git config --get commit.template [8ms]
2023-11-15 21:39:26.339 [info] > git for-each-ref --format=%(refname)%00%(upstream:short)%00%(objectname)%00%(upstream:track)%00%(upstream:remotename)%00%(upstream:remoteref) refs/heads/Vinicius refs/remotes/Vinicius [3ms]
2023-11-15 21:39:26.402 [info] > git status -z -uall [58ms]
2023-11-15 21:39:31.511 [info] > git config --get commit.template [13ms]
2023-11-15 21:39:31.514 [info] > git for-each-ref --format=%(refname)%00%(upstream:short)%00%(objectname)%00%(upstream:track)%00%(upstream:remotename)%00%(upstream:remoteref) refs/heads/Vinicius refs/remotes/Vinicius [4ms]
2023-11-15 21:39:31.581 [info] > git status -z -uall [62ms]
2023-11-15 21:39:37.640 [info] > git config --get commit.template [8ms]
2023-11-15 21:39:37.642 [info] > git for-each-ref --format=%(refname)%00%(upstream:short)%00%(objectname)%00%(upstream:track)%00%(upstream:remotename)%00%(upstream:remoteref) refs/heads/Vinicius refs/remotes/Vinicius [3ms]
2023-11-15 21:39:37.711 [info] > git status -z -uall [62ms]
2023-11-15 21:39:42.879 [info] > git config --get commit.template [9ms]
2023-11-15 21:39:42.881 [info] > git for-each-ref --format=%(refname)%00%(upstream:short)%00%(objectname)%00%(upstream:track)%00%(upstream:remotename)%00%(upstream:remoteref) refs/heads/Vinicius refs/remotes/Vinicius [3ms]
2023-11-15 21:39:42.950 [info] > git status -z -uall [63ms]
2023-11-15 21:41:44.756 [info] > git config --get commit.template [20ms]
2023-11-15 21:41:44.760 [info] > git for-each-ref --format=%(refname)%00%(upstream:short)%00%(objectname)%00%(upstream:track)%00%(upstream:remotename)%00%(upstream:remoteref) refs/heads/Vinicius refs/remotes/Vinicius [18ms]
2023-11-15 21:41:44.936 [info] > git status -z -uall [170ms]
2023-11-15 21:41:45.347 [info] > git show --textconv :CodeIgniter/app/Views/salas_exibir.php [21ms]
2023-11-15 21:41:45.354 [info] > git ls-files --stage -- /var/www/clients/client2/web2/web/sistema/adsgrupo06/CodeIgniter/app/Views/salas_exibir.php [16ms]
2023-11-15 21:41:45.370 [info] > git cat-file -s 53dd236803ed5d72f6d6132c2ca2c9af2effac94 [10ms]
2023-11-15 21:41:49.550 [info] > git show --textconv :CodeIgniter/app/Views/salas_editar_selecao.php [17ms]
2023-11-15 21:41:49.552 [info] > git ls-files --stage -- /var/www/clients/client2/web2/web/sistema/adsgrupo06/CodeIgniter/app/Views/salas_editar_selecao.php [8ms]
2023-11-15 21:41:49.561 [info] > git cat-file -s 31578edb9b46ae9eace253564de2534c764dbb2c [3ms]
2023-11-15 21:41:50.038 [info] > git config --get commit.template [9ms]
2023-11-15 21:41:50.040 [info] > git for-each-ref --format=%(refname)%00%(upstream:short)%00%(objectname)%00%(upstream:track)%00%(upstream:remotename)%00%(upstream:remoteref) refs/heads/Vinicius refs/remotes/Vinicius [3ms]
2023-11-15 21:41:50.112 [info] > git status -z -uall [65ms]
2023-11-15 21:41:55.249 [info] > git config --get commit.template [8ms]
2023-11-15 21:41:55.251 [info] > git for-each-ref --format=%(refname)%00%(upstream:short)%00%(objectname)%00%(upstream:track)%00%(upstream:remotename)%00%(upstream:remoteref) refs/heads/Vinicius refs/remotes/Vinicius [4ms]
2023-11-15 21:41:55.316 [info] > git status -z -uall [59ms]
2023-11-15 21:42:08.486 [info] > git config --get commit.template [19ms]
2023-11-15 21:42:08.491 [info] > git for-each-ref --format=%(refname)%00%(upstream:short)%00%(objectname)%00%(upstream:track)%00%(upstream:remotename)%00%(upstream:remoteref) refs/heads/Vinicius refs/remotes/Vinicius [17ms]
2023-11-15 21:42:08.569 [info] > git status -z -uall [72ms]
2023-11-15 21:42:13.675 [info] > git config --get commit.template [16ms]
2023-11-15 21:42:13.678 [info] > git for-each-ref --format=%(refname)%00%(upstream:short)%00%(objectname)%00%(upstream:track)%00%(upstream:remotename)%00%(upstream:remoteref) refs/heads/Vinicius refs/remotes/Vinicius [4ms]
2023-11-15 21:42:13.737 [info] > git status -z -uall [53ms]
2023-11-15 21:45:20.838 [info] > git config --get commit.template [164ms]
2023-11-15 21:45:21.051 [info] > git for-each-ref --format=%(refname)%00%(upstream:short)%00%(objectname)%00%(upstream:track)%00%(upstream:remotename)%00%(upstream:remoteref) refs/heads/Vinicius refs/remotes/Vinicius [32ms]
2023-11-15 21:45:21.510 [info] > git status -z -uall [414ms]
2023-11-15 21:45:27.422 [info] > git config --get commit.template [25ms]
2023-11-15 21:45:27.461 [info] > git for-each-ref --format=%(refname)%00%(upstream:short)%00%(objectname)%00%(upstream:track)%00%(upstream:remotename)%00%(upstream:remoteref) refs/heads/Vinicius refs/remotes/Vinicius [7ms]
2023-11-15 21:45:27.734 [info] > git status -z -uall [244ms]
2023-11-15 21:45:33.795 [info] > git config --get commit.template [16ms]
2023-11-15 21:45:33.801 [info] > git for-each-ref --format=%(refname)%00%(upstream:short)%00%(objectname)%00%(upstream:track)%00%(upstream:remotename)%00%(upstream:remoteref) refs/heads/Vinicius refs/remotes/Vinicius [7ms]
2023-11-15 21:45:33.959 [info] > git status -z -uall [149ms]
2023-11-15 21:45:39.360 [info] > git config --get commit.template [41ms]
2023-11-15 21:45:39.366 [info] > git for-each-ref --format=%(refname)%00%(upstream:short)%00%(objectname)%00%(upstream:track)%00%(upstream:remotename)%00%(upstream:remoteref) refs/heads/Vinicius refs/remotes/Vinicius [31ms]
2023-11-15 21:45:39.616 [info] > git status -z -uall [221ms]
2023-11-15 21:45:44.994 [info] > git config --get commit.template [34ms]
2023-11-15 21:45:45.004 [info] > git for-each-ref --format=%(refname)%00%(upstream:short)%00%(objectname)%00%(upstream:track)%00%(upstream:remotename)%00%(upstream:remoteref) refs/heads/Vinicius refs/remotes/Vinicius [11ms]
2023-11-15 21:45:45.274 [info] > git status -z -uall [153ms]
2023-11-15 21:45:50.799 [info] > git config --get commit.template [75ms]
2023-11-15 21:45:50.815 [info] > git for-each-ref --format=%(refname)%00%(upstream:short)%00%(objectname)%00%(upstream:track)%00%(upstream:remotename)%00%(upstream:remoteref) refs/heads/Vinicius refs/remotes/Vinicius [17ms]
2023-11-15 21:45:51.070 [info] > git status -z -uall [228ms]
2023-11-15 21:45:56.598 [info] > git for-each-ref --format=%(refname)%00%(upstream:short)%00%(objectname)%00%(upstream:track)%00%(upstream:remotename)%00%(upstream:remoteref) refs/heads/Vinicius refs/remotes/Vinicius [26ms]
2023-11-15 21:45:56.599 [info] > git config --get commit.template [43ms]
2023-11-15 21:45:57.089 [info] > git status -z -uall [328ms]
2023-11-15 21:45:58.233 [info] > git show --textconv :CodeIgniter/app/Views/salas_exibir.php [25ms]
2023-11-15 21:45:58.238 [info] > git ls-files --stage -- /var/www/clients/client2/web2/web/sistema/adsgrupo06/CodeIgniter/app/Views/salas_exibir.php [20ms]
2023-11-15 21:45:58.257 [info] > git cat-file -s 53dd236803ed5d72f6d6132c2ca2c9af2effac94 [5ms]
2023-11-15 21:46:01.590 [info] > git ls-files --stage -- /var/www/clients/client2/web2/web/sistema/adsgrupo06/CodeIgniter/app/Views/salas_editar_selecao.php [29ms]
2023-11-15 21:46:01.618 [info] > git show --textconv :CodeIgniter/app/Views/salas_editar_selecao.php [78ms]
2023-11-15 21:46:01.623 [info] > git cat-file -s 31578edb9b46ae9eace253564de2534c764dbb2c [7ms]
2023-11-15 21:46:02.534 [info] > git config --get commit.template [110ms]
2023-11-15 21:46:02.634 [info] > git for-each-ref --format=%(refname)%00%(upstream:short)%00%(objectname)%00%(upstream:track)%00%(upstream:remotename)%00%(upstream:remoteref) refs/heads/Vinicius refs/remotes/Vinicius [115ms]
2023-11-15 21:46:02.999 [info] > git status -z -uall [286ms]
2023-11-15 21:46:12.193 [info] > git for-each-ref --format=%(refname)%00%(upstream:short)%00%(objectname)%00%(upstream:track)%00%(upstream:remotename)%00%(upstream:remoteref) refs/heads/Vinicius refs/remotes/Vinicius [14ms]
2023-11-15 21:46:12.200 [info] > git config --get commit.template [55ms]
2023-11-15 21:46:12.398 [info] > git status -z -uall [181ms]
2023-11-15 21:46:18.122 [info] > git config --get commit.template [22ms]
2023-11-15 21:46:18.131 [info] > git for-each-ref --format=%(refname)%00%(upstream:short)%00%(objectname)%00%(upstream:track)%00%(upstream:remotename)%00%(upstream:remoteref) refs/heads/Vinicius refs/remotes/Vinicius [19ms]
2023-11-15 21:46:18.330 [info] > git status -z -uall [189ms]
2023-11-15 21:46:27.086 [info] > git config --get commit.template [14ms]
2023-11-15 21:46:27.090 [info] > git for-each-ref --format=%(refname)%00%(upstream:short)%00%(objectname)%00%(upstream:track)%00%(upstream:remotename)%00%(upstream:remoteref) refs/heads/Vinicius refs/remotes/Vinicius [6ms]
2023-11-15 21:46:27.187 [info] > git status -z -uall [90ms]
2023-11-15 21:46:32.425 [info] > git config --get commit.template [24ms]
2023-11-15 21:46:32.426 [info] > git for-each-ref --format=%(refname)%00%(upstream:short)%00%(objectname)%00%(upstream:track)%00%(upstream:remotename)%00%(upstream:remoteref) refs/heads/Vinicius refs/remotes/Vinicius [18ms]
2023-11-15 21:46:32.645 [info] > git status -z -uall [212ms]
2023-11-15 21:46:39.221 [info] > git config --get commit.template [13ms]
2023-11-15 21:46:39.225 [info] > git for-each-ref --format=%(refname)%00%(upstream:short)%00%(objectname)%00%(upstream:track)%00%(upstream:remotename)%00%(upstream:remoteref) refs/heads/Vinicius refs/remotes/Vinicius [9ms]
2023-11-15 21:46:39.370 [info] > git status -z -uall [139ms]
2023-11-15 21:46:44.569 [info] > git config --get commit.template [23ms]
2023-11-15 21:46:44.582 [info] > git for-each-ref --format=%(refname)%00%(upstream:short)%00%(objectname)%00%(upstream:track)%00%(upstream:remotename)%00%(upstream:remoteref) refs/heads/Vinicius refs/remotes/Vinicius [27ms]
2023-11-15 21:46:44.828 [info] > git status -z -uall [235ms]
2023-11-15 21:46:50.050 [info] > git config --get commit.template [16ms]
2023-11-15 21:46:50.053 [info] > git for-each-ref --format=%(refname)%00%(upstream:short)%00%(objectname)%00%(upstream:track)%00%(upstream:remotename)%00%(upstream:remoteref) refs/heads/Vinicius refs/remotes/Vinicius [7ms]
2023-11-15 21:46:50.150 [info] > git status -z -uall [89ms]
2023-11-15 21:47:10.794 [info] > git config --get commit.template [22ms]
2023-11-15 21:47:10.800 [info] > git for-each-ref --format=%(refname)%00%(upstream:short)%00%(objectname)%00%(upstream:track)%00%(upstream:remotename)%00%(upstream:remoteref) refs/heads/Vinicius refs/remotes/Vinicius [21ms]
2023-11-15 21:47:11.030 [info] > git status -z -uall [202ms]
2023-11-15 21:47:16.190 [info] > git config --get commit.template [33ms]
2023-11-15 21:47:16.192 [info] > git for-each-ref --format=%(refname)%00%(upstream:short)%00%(objectname)%00%(upstream:track)%00%(upstream:remotename)%00%(upstream:remoteref) refs/heads/Vinicius refs/remotes/Vinicius [28ms]
2023-11-15 21:47:16.483 [info] > git status -z -uall [267ms]
2023-11-15 21:47:21.621 [info] > git config --get commit.template [32ms]
2023-11-15 21:47:21.625 [info] > git for-each-ref --format=%(refname)%00%(upstream:short)%00%(objectname)%00%(upstream:track)%00%(upstream:remotename)%00%(upstream:remoteref) refs/heads/Vinicius refs/remotes/Vinicius [28ms]
2023-11-15 21:47:21.764 [info] > git status -z -uall [126ms]
2023-11-15 21:47:27.001 [info] > git config --get commit.template [50ms]
2023-11-15 21:47:27.004 [info] > git for-each-ref --format=%(refname)%00%(upstream:short)%00%(objectname)%00%(upstream:track)%00%(upstream:remotename)%00%(upstream:remoteref) refs/heads/Vinicius refs/remotes/Vinicius [30ms]
2023-11-15 21:47:27.277 [info] > git status -z -uall [252ms]
2023-11-15 21:48:03.806 [info] > git config --get commit.template [20ms]
2023-11-15 21:48:03.810 [info] > git for-each-ref --format=%(refname)%00%(upstream:short)%00%(objectname)%00%(upstream:track)%00%(upstream:remotename)%00%(upstream:remoteref) refs/heads/Vinicius refs/remotes/Vinicius [15ms]
2023-11-15 21:48:04.035 [info] > git status -z -uall [218ms]
2023-11-15 21:48:09.198 [info] > git config --get commit.template [25ms]
2023-11-15 21:48:09.202 [info] > git for-each-ref --format=%(refname)%00%(upstream:short)%00%(objectname)%00%(upstream:track)%00%(upstream:remotename)%00%(upstream:remoteref) refs/heads/Vinicius refs/remotes/Vinicius [16ms]
2023-11-15 21:48:09.341 [info] > git status -z -uall [133ms]
2023-11-15 21:48:14.499 [info] > git config --get commit.template [35ms]
2023-11-15 21:48:14.530 [info] > git for-each-ref --format=%(refname)%00%(upstream:short)%00%(objectname)%00%(upstream:track)%00%(upstream:remotename)%00%(upstream:remoteref) refs/heads/Vinicius refs/remotes/Vinicius [35ms]
2023-11-15 21:48:14.913 [info] > git status -z -uall [342ms]
2023-11-15 21:48:27.379 [info] > git config --get commit.template [34ms]
2023-11-15 21:48:27.381 [info] > git for-each-ref --format=%(refname)%00%(upstream:short)%00%(objectname)%00%(upstream:track)%00%(upstream:remotename)%00%(upstream:remoteref) refs/heads/Vinicius refs/remotes/Vinicius [32ms]
2023-11-15 21:48:27.631 [info] > git status -z -uall [225ms]
2023-11-15 21:48:32.737 [info] > git config --get commit.template [13ms]
2023-11-15 21:48:32.743 [info] > git for-each-ref --format=%(refname)%00%(upstream:short)%00%(objectname)%00%(upstream:track)%00%(upstream:remotename)%00%(upstream:remoteref) refs/heads/Vinicius refs/remotes/Vinicius [9ms]
2023-11-15 21:48:33.008 [info] > git status -z -uall [242ms]
2023-11-15 21:48:38.117 [info] > git config --get commit.template [18ms]
2023-11-15 21:48:38.121 [info] > git for-each-ref --format=%(refname)%00%(upstream:short)%00%(objectname)%00%(upstream:track)%00%(upstream:remotename)%00%(upstream:remoteref) refs/heads/Vinicius refs/remotes/Vinicius [13ms]
2023-11-15 21:48:38.242 [info] > git status -z -uall [113ms]
2023-11-15 21:48:45.707 [info] > git config --get commit.template [26ms]
2023-11-15 21:48:45.715 [info] > git for-each-ref --format=%(refname)%00%(upstream:short)%00%(objectname)%00%(upstream:track)%00%(upstream:remotename)%00%(upstream:remoteref) refs/heads/Vinicius refs/remotes/Vinicius [27ms]
2023-11-15 21:48:46.018 [info] > git status -z -uall [293ms]
2023-11-15 21:48:58.715 [info] > git config --get commit.template [31ms]
2023-11-15 21:48:58.726 [info] > git for-each-ref --format=%(refname)%00%(upstream:short)%00%(objectname)%00%(upstream:track)%00%(upstream:remotename)%00%(upstream:remoteref) refs/heads/Vinicius refs/remotes/Vinicius [27ms]
2023-11-15 21:48:58.967 [info] > git status -z -uall [222ms]
2023-11-15 21:49:13.119 [info] > git config --get commit.template [16ms]
2023-11-15 21:49:13.124 [info] > git for-each-ref --format=%(refname)%00%(upstream:short)%00%(objectname)%00%(upstream:track)%00%(upstream:remotename)%00%(upstream:remoteref) refs/heads/Vinicius refs/remotes/Vinicius [16ms]
2023-11-15 21:49:13.328 [info] > git status -z -uall [198ms]
2023-11-15 21:49:29.569 [info] > git config --get commit.template [15ms]
2023-11-15 21:49:29.576 [info] > git for-each-ref --format=%(refname)%00%(upstream:short)%00%(objectname)%00%(upstream:track)%00%(upstream:remotename)%00%(upstream:remoteref) refs/heads/Vinicius refs/remotes/Vinicius [12ms]
2023-11-15 21:49:29.869 [info] > git status -z -uall [288ms]
2023-11-15 21:49:30.290 [info] > git show --textconv :CodeIgniter/app/Views/salas_exibir.php [298ms]
2023-11-15 21:49:30.292 [info] > git ls-files --stage -- /var/www/clients/client2/web2/web/sistema/adsgrupo06/CodeIgniter/app/Views/salas_exibir.php [285ms]
2023-11-15 21:49:30.330 [info] > git cat-file -s 53dd236803ed5d72f6d6132c2ca2c9af2effac94 [27ms]
2023-11-15 21:49:33.695 [info] > git show --textconv :CodeIgniter/app/Views/salas_editar_selecao.php [22ms]
2023-11-15 21:49:33.698 [info] > git ls-files --stage -- /var/www/clients/client2/web2/web/sistema/adsgrupo06/CodeIgniter/app/Views/salas_editar_selecao.php [12ms]
2023-11-15 21:49:33.707 [info] > git cat-file -s 31578edb9b46ae9eace253564de2534c764dbb2c [3ms]
2023-11-15 21:49:35.001 [info] > git config --get commit.template [13ms]
2023-11-15 21:49:35.006 [info] > git for-each-ref --format=%(refname)%00%(upstream:short)%00%(objectname)%00%(upstream:track)%00%(upstream:remotename)%00%(upstream:remoteref) refs/heads/Vinicius refs/remotes/Vinicius [7ms]
2023-11-15 21:49:35.119 [info] > git status -z -uall [101ms]
2023-11-15 21:49:40.218 [info] > git config --get commit.template [12ms]
2023-11-15 21:49:40.221 [info] > git for-each-ref --format=%(refname)%00%(upstream:short)%00%(objectname)%00%(upstream:track)%00%(upstream:remotename)%00%(upstream:remoteref) refs/heads/Vinicius refs/remotes/Vinicius [4ms]
2023-11-15 21:49:40.316 [info] > git status -z -uall [88ms]
2023-11-15 21:50:38.636 [info] > git config --get commit.template [36ms]
2023-11-15 21:50:38.667 [info] > git for-each-ref --format=%(refname)%00%(upstream:short)%00%(objectname)%00%(upstream:track)%00%(upstream:remotename)%00%(upstream:remoteref) refs/heads/Vinicius refs/remotes/Vinicius [15ms]
2023-11-15 21:50:38.899 [info] > git status -z -uall [216ms]
2023-11-15 21:50:44.205 [info] > git config --get commit.template [10ms]
2023-11-15 21:50:44.207 [info] > git for-each-ref --format=%(refname)%00%(upstream:short)%00%(objectname)%00%(upstream:track)%00%(upstream:remotename)%00%(upstream:remoteref) refs/heads/Vinicius refs/remotes/Vinicius [3ms]
2023-11-15 21:50:44.291 [info] > git status -z -uall [78ms]
2023-11-15 21:50:49.392 [info] > git config --get commit.template [9ms]
2023-11-15 21:50:49.394 [info] > git for-each-ref --format=%(refname)%00%(upstream:short)%00%(objectname)%00%(upstream:track)%00%(upstream:remotename)%00%(upstream:remoteref) refs/heads/Vinicius refs/remotes/Vinicius [3ms]
2023-11-15 21:50:49.455 [info] > git status -z -uall [53ms]
2023-11-15 21:50:54.547 [info] > git config --get commit.template [14ms]
2023-11-15 21:50:54.550 [info] > git for-each-ref --format=%(refname)%00%(upstream:short)%00%(objectname)%00%(upstream:track)%00%(upstream:remotename)%00%(upstream:remoteref) refs/heads/Vinicius refs/remotes/Vinicius [5ms]
2023-11-15 21:50:54.648 [info] > git status -z -uall [81ms]
2023-11-15 21:51:38.445 [info] > git config --get commit.template [18ms]
2023-11-15 21:51:38.448 [info] > git for-each-ref --format=%(refname)%00%(upstream:short)%00%(objectname)%00%(upstream:track)%00%(upstream:remotename)%00%(upstream:remoteref) refs/heads/Vinicius refs/remotes/Vinicius [14ms]
2023-11-15 21:51:38.703 [info] > git status -z -uall [242ms]
2023-11-15 21:51:43.842 [info] > git config --get commit.template [19ms]
2023-11-15 21:51:43.847 [info] > git for-each-ref --format=%(refname)%00%(upstream:short)%00%(objectname)%00%(upstream:track)%00%(upstream:remotename)%00%(upstream:remoteref) refs/heads/Vinicius refs/remotes/Vinicius [14ms]
2023-11-15 21:51:43.966 [info] > git status -z -uall [108ms]
2023-11-15 21:52:04.305 [info] > git config --get commit.template [20ms]
2023-11-15 21:52:04.310 [info] > git for-each-ref --format=%(refname)%00%(upstream:short)%00%(objectname)%00%(upstream:track)%00%(upstream:remotename)%00%(upstream:remoteref) refs/heads/Vinicius refs/remotes/Vinicius [17ms]
2023-11-15 21:52:04.501 [info] > git status -z -uall [183ms]
2023-11-15 21:52:13.855 [info] > git config --get commit.template [13ms]
2023-11-15 21:52:13.860 [info] > git for-each-ref --format=%(refname)%00%(upstream:short)%00%(objectname)%00%(upstream:track)%00%(upstream:remotename)%00%(upstream:remoteref) refs/heads/Vinicius refs/remotes/Vinicius [6ms]
2023-11-15 21:52:14.049 [info] > git status -z -uall [176ms]
2023-11-15 21:52:19.217 [info] > git config --get commit.template [16ms]
2023-11-15 21:52:19.221 [info] > git for-each-ref --format=%(refname)%00%(upstream:short)%00%(objectname)%00%(upstream:track)%00%(upstream:remotename)%00%(upstream:remoteref) refs/heads/Vinicius refs/remotes/Vinicius [6ms]
2023-11-15 21:52:19.299 [info] > git status -z -uall [70ms]
2023-11-15 21:52:32.920 [info] > git config --get commit.template [8ms]
2023-11-15 21:52:32.922 [info] > git for-each-ref --format=%(refname)%00%(upstream:short)%00%(objectname)%00%(upstream:track)%00%(upstream:remotename)%00%(upstream:remoteref) refs/heads/Vinicius refs/remotes/Vinicius [4ms]
2023-11-15 21:52:32.996 [info] > git status -z -uall [68ms]
2023-11-15 21:53:10.129 [info] > git config --get commit.template [8ms]
2023-11-15 21:53:10.131 [info] > git for-each-ref --format=%(refname)%00%(upstream:short)%00%(objectname)%00%(upstream:track)%00%(upstream:remotename)%00%(upstream:remoteref) refs/heads/Vinicius refs/remotes/Vinicius [4ms]
2023-11-15 21:53:10.242 [info] > git status -z -uall [105ms]
2023-11-15 21:53:15.361 [info] > git config --get commit.template [17ms]
2023-11-15 21:53:15.367 [info] > git for-each-ref --format=%(refname)%00%(upstream:short)%00%(objectname)%00%(upstream:track)%00%(upstream:remotename)%00%(upstream:remoteref) refs/heads/Vinicius refs/remotes/Vinicius [10ms]
2023-11-15 21:53:15.453 [info] > git status -z -uall [80ms]
2023-11-15 21:53:34.712 [info] > git config --get commit.template [7ms]
2023-11-15 21:53:34.715 [info] > git for-each-ref --format=%(refname)%00%(upstream:short)%00%(objectname)%00%(upstream:track)%00%(upstream:remotename)%00%(upstream:remoteref) refs/heads/Vinicius refs/remotes/Vinicius [3ms]
2023-11-15 21:53:34.795 [info] > git status -z -uall [76ms]
2023-11-15 21:53:47.552 [info] > git config --get commit.template [10ms]
2023-11-15 21:53:47.554 [info] > git for-each-ref --format=%(refname)%00%(upstream:short)%00%(objectname)%00%(upstream:track)%00%(upstream:remotename)%00%(upstream:remoteref) refs/heads/Vinicius refs/remotes/Vinicius [3ms]
2023-11-15 21:53:47.643 [info] > git status -z -uall [82ms]
2023-11-15 21:53:52.746 [info] > git config --get commit.template [8ms]
2023-11-15 21:53:52.748 [info] > git for-each-ref --format=%(refname)%00%(upstream:short)%00%(objectname)%00%(upstream:track)%00%(upstream:remotename)%00%(upstream:remoteref) refs/heads/Vinicius refs/remotes/Vinicius [4ms]
2023-11-15 21:53:52.863 [info] > git status -z -uall [110ms]
2023-11-15 21:53:57.954 [info] > git config --get commit.template [9ms]
2023-11-15 21:53:57.956 [info] > git for-each-ref --format=%(refname)%00%(upstream:short)%00%(objectname)%00%(upstream:track)%00%(upstream:remotename)%00%(upstream:remoteref) refs/heads/Vinicius refs/remotes/Vinicius [3ms]
2023-11-15 21:53:58.063 [info] > git status -z -uall [101ms]
2023-11-15 21:54:03.157 [info] > git config --get commit.template [17ms]
2023-11-15 21:54:03.160 [info] > git for-each-ref --format=%(refname)%00%(upstream:short)%00%(objectname)%00%(upstream:track)%00%(upstream:remotename)%00%(upstream:remoteref) refs/heads/Vinicius refs/remotes/Vinicius [4ms]
2023-11-15 21:54:03.253 [info] > git status -z -uall [85ms]
2023-11-15 21:54:08.365 [info] > git config --get commit.template [8ms]
2023-11-15 21:54:08.368 [info] > git for-each-ref --format=%(refname)%00%(upstream:short)%00%(objectname)%00%(upstream:track)%00%(upstream:remotename)%00%(upstream:remoteref) refs/heads/Vinicius refs/remotes/Vinicius [3ms]
2023-11-15 21:54:08.427 [info] > git status -z -uall [54ms]
2023-11-15 21:54:13.883 [info] > git config --get commit.template [12ms]
2023-11-15 21:54:13.886 [info] > git for-each-ref --format=%(refname)%00%(upstream:short)%00%(objectname)%00%(upstream:track)%00%(upstream:remotename)%00%(upstream:remoteref) refs/heads/Vinicius refs/remotes/Vinicius [4ms]
2023-11-15 21:54:14.003 [info] > git status -z -uall [109ms]
2023-11-15 21:54:26.645 [info] > git config --get commit.template [8ms]
2023-11-15 21:54:26.649 [info] > git for-each-ref --format=%(refname)%00%(upstream:short)%00%(objectname)%00%(upstream:track)%00%(upstream:remotename)%00%(upstream:remoteref) refs/heads/Vinicius refs/remotes/Vinicius [5ms]
2023-11-15 21:54:26.728 [info] > git status -z -uall [73ms]
2023-11-15 21:54:31.833 [info] > git config --get commit.template [13ms]
2023-11-15 21:54:31.835 [info] > git for-each-ref --format=%(refname)%00%(upstream:short)%00%(objectname)%00%(upstream:track)%00%(upstream:remotename)%00%(upstream:remoteref) refs/heads/Vinicius refs/remotes/Vinicius [4ms]
2023-11-15 21:54:31.913 [info] > git status -z -uall [71ms]
2023-11-15 21:55:04.405 [info] > git config --get commit.template [30ms]
2023-11-15 21:55:04.409 [info] > git for-each-ref --format=%(refname)%00%(upstream:short)%00%(objectname)%00%(upstream:track)%00%(upstream:remotename)%00%(upstream:remoteref) refs/heads/Vinicius refs/remotes/Vinicius [21ms]
2023-11-15 21:55:04.841 [info] > git status -z -uall [417ms]
2023-11-15 21:55:10.379 [info] > git config --get commit.template [9ms]
2023-11-15 21:55:10.382 [info] > git for-each-ref --format=%(refname)%00%(upstream:short)%00%(objectname)%00%(upstream:track)%00%(upstream:remotename)%00%(upstream:remoteref) refs/heads/Vinicius refs/remotes/Vinicius [4ms]
2023-11-15 21:55:10.471 [info] > git status -z -uall [83ms]
2023-11-15 21:55:15.744 [info] > git config --get commit.template [11ms]
2023-11-15 21:55:15.746 [info] > git for-each-ref --format=%(refname)%00%(upstream:short)%00%(objectname)%00%(upstream:track)%00%(upstream:remotename)%00%(upstream:remoteref) refs/heads/Vinicius refs/remotes/Vinicius [3ms]
2023-11-15 21:55:15.841 [info] > git status -z -uall [89ms]
2023-11-15 21:55:20.949 [info] > git config --get commit.template [20ms]
2023-11-15 21:55:20.954 [info] > git for-each-ref --format=%(refname)%00%(upstream:short)%00%(objectname)%00%(upstream:track)%00%(upstream:remotename)%00%(upstream:remoteref) refs/heads/Vinicius refs/remotes/Vinicius [18ms]
2023-11-15 21:55:21.253 [info] > git status -z -uall [288ms]
2023-11-15 21:55:27.890 [info] > git config --get commit.template [22ms]
2023-11-15 21:55:27.893 [info] > git for-each-ref --format=%(refname)%00%(upstream:short)%00%(objectname)%00%(upstream:track)%00%(upstream:remotename)%00%(upstream:remoteref) refs/heads/Vinicius refs/remotes/Vinicius [19ms]
2023-11-15 21:55:28.049 [info] > git status -z -uall [145ms]
2023-11-15 21:55:34.049 [info] > git config --get commit.template [16ms]
2023-11-15 21:55:34.052 [info] > git for-each-ref --format=%(refname)%00%(upstream:short)%00%(objectname)%00%(upstream:track)%00%(upstream:remotename)%00%(upstream:remoteref) refs/heads/Vinicius refs/remotes/Vinicius [5ms]
2023-11-15 21:55:34.217 [info] > git status -z -uall [158ms]
2023-11-15 21:55:41.390 [info] > git config --get commit.template [11ms]
2023-11-15 21:55:41.393 [info] > git for-each-ref --format=%(refname)%00%(upstream:short)%00%(objectname)%00%(upstream:track)%00%(upstream:remotename)%00%(upstream:remoteref) refs/heads/Vinicius refs/remotes/Vinicius [3ms]
2023-11-15 21:55:41.500 [info] > git status -z -uall [101ms]
2023-11-15 21:55:47.410 [info] > git config --get commit.template [9ms]
2023-11-15 21:55:47.414 [info] > git for-each-ref --format=%(refname)%00%(upstream:short)%00%(objectname)%00%(upstream:track)%00%(upstream:remotename)%00%(upstream:remoteref) refs/heads/Vinicius refs/remotes/Vinicius [5ms]
2023-11-15 21:55:47.557 [info] > git status -z -uall [135ms]
2023-11-15 21:55:52.728 [info] > git config --get commit.template [8ms]
2023-11-15 21:55:52.730 [info] > git for-each-ref --format=%(refname)%00%(upstream:short)%00%(objectname)%00%(upstream:track)%00%(upstream:remotename)%00%(upstream:remoteref) refs/heads/Vinicius refs/remotes/Vinicius [4ms]
2023-11-15 21:55:52.837 [info] > git status -z -uall [102ms]
2023-11-15 21:56:01.203 [info] > git config --get commit.template [12ms]
2023-11-15 21:56:01.205 [info] > git for-each-ref --format=%(refname)%00%(upstream:short)%00%(objectname)%00%(upstream:track)%00%(upstream:remotename)%00%(upstream:remoteref) refs/heads/Vinicius refs/remotes/Vinicius [4ms]
2023-11-15 21:56:01.279 [info] > git status -z -uall [68ms]
2023-11-15 21:56:06.386 [info] > git config --get commit.template [20ms]
2023-11-15 21:56:06.395 [info] > git for-each-ref --format=%(refname)%00%(upstream:short)%00%(objectname)%00%(upstream:track)%00%(upstream:remotename)%00%(upstream:remoteref) refs/heads/Vinicius refs/remotes/Vinicius [22ms]
2023-11-15 21:56:06.645 [info] > git status -z -uall [244ms]
2023-11-15 21:56:11.729 [info] > git config --get commit.template [9ms]
2023-11-15 21:56:11.732 [info] > git for-each-ref --format=%(refname)%00%(upstream:short)%00%(objectname)%00%(upstream:track)%00%(upstream:remotename)%00%(upstream:remoteref) refs/heads/Vinicius refs/remotes/Vinicius [6ms]
2023-11-15 21:56:11.841 [info] > git status -z -uall [103ms]
2023-11-15 21:56:22.499 [info] > git config --get commit.template [8ms]
2023-11-15 21:56:22.502 [info] > git for-each-ref --format=%(refname)%00%(upstream:short)%00%(objectname)%00%(upstream:track)%00%(upstream:remotename)%00%(upstream:remoteref) refs/heads/Vinicius refs/remotes/Vinicius [4ms]
2023-11-15 21:56:22.570 [info] > git status -z -uall [63ms]
2023-11-15 21:56:27.656 [info] > git config --get commit.template [9ms]
2023-11-15 21:56:27.658 [info] > git for-each-ref --format=%(refname)%00%(upstream:short)%00%(objectname)%00%(upstream:track)%00%(upstream:remotename)%00%(upstream:remoteref) refs/heads/Vinicius refs/remotes/Vinicius [3ms]
2023-11-15 21:56:27.748 [info] > git status -z -uall [84ms]
2023-11-15 21:57:03.624 [info] > git config --get commit.template [9ms]
2023-11-15 21:57:03.626 [info] > git for-each-ref --format=%(refname)%00%(upstream:short)%00%(objectname)%00%(upstream:track)%00%(upstream:remotename)%00%(upstream:remoteref) refs/heads/Vinicius refs/remotes/Vinicius [4ms]
2023-11-15 21:57:03.700 [info] > git status -z -uall [68ms]
2023-11-15 21:57:08.801 [info] > git config --get commit.template [9ms]
2023-11-15 21:57:08.803 [info] > git for-each-ref --format=%(refname)%00%(upstream:short)%00%(objectname)%00%(upstream:track)%00%(upstream:remotename)%00%(upstream:remoteref) refs/heads/Vinicius refs/remotes/Vinicius [3ms]
2023-11-15 21:57:08.868 [info] > git status -z -uall [59ms]
2023-11-15 21:57:23.096 [info] > git config --get commit.template [9ms]
2023-11-15 21:57:23.098 [info] > git for-each-ref --format=%(refname)%00%(upstream:short)%00%(objectname)%00%(upstream:track)%00%(upstream:remotename)%00%(upstream:remoteref) refs/heads/Vinicius refs/remotes/Vinicius [3ms]
2023-11-15 21:57:23.171 [info] > git status -z -uall [68ms]
2023-11-15 21:57:41.985 [info] > git config --get commit.template [14ms]
2023-11-15 21:57:41.988 [info] > git for-each-ref --format=%(refname)%00%(upstream:short)%00%(objectname)%00%(upstream:track)%00%(upstream:remotename)%00%(upstream:remoteref) refs/heads/Vinicius refs/remotes/Vinicius [4ms]
2023-11-15 21:57:42.067 [info] > git status -z -uall [73ms]
2023-11-15 21:57:47.179 [info] > git config --get commit.template [10ms]
2023-11-15 21:57:47.181 [info] > git for-each-ref --format=%(refname)%00%(upstream:short)%00%(objectname)%00%(upstream:track)%00%(upstream:remotename)%00%(upstream:remoteref) refs/heads/Vinicius refs/remotes/Vinicius [5ms]
2023-11-15 21:57:47.251 [info] > git status -z -uall [64ms]
2023-11-15 21:57:52.339 [info] > git config --get commit.template [9ms]
2023-11-15 21:57:52.341 [info] > git for-each-ref --format=%(refname)%00%(upstream:short)%00%(objectname)%00%(upstream:track)%00%(upstream:remotename)%00%(upstream:remoteref) refs/heads/Vinicius refs/remotes/Vinicius [3ms]
2023-11-15 21:57:52.413 [info] > git status -z -uall [64ms]
2023-11-15 21:58:22.626 [info] > git config --get commit.template [19ms]
2023-11-15 21:58:22.631 [info] > git for-each-ref --format=%(refname)%00%(upstream:short)%00%(objectname)%00%(upstream:track)%00%(upstream:remotename)%00%(upstream:remoteref) refs/heads/Vinicius refs/remotes/Vinicius [15ms]
2023-11-15 21:58:22.722 [info] > git status -z -uall [85ms]
2023-11-15 21:58:23.139 [info] > git show --textconv :CodeIgniter/app/Views/salas_exibir.php [15ms]
2023-11-15 21:58:23.145 [info] > git ls-files --stage -- /var/www/clients/client2/web2/web/sistema/adsgrupo06/CodeIgniter/app/Views/salas_exibir.php [10ms]
2023-11-15 21:58:23.156 [info] > git cat-file -s 53dd236803ed5d72f6d6132c2ca2c9af2effac94 [4ms]
2023-11-15 21:59:01.961 [info] > git config --get commit.template [48ms]
2023-11-15 21:59:01.968 [info] > git for-each-ref --format=%(refname)%00%(upstream:short)%00%(objectname)%00%(upstream:track)%00%(upstream:remotename)%00%(upstream:remoteref) refs/heads/Vinicius refs/remotes/Vinicius [19ms]
2023-11-15 21:59:02.184 [info] > git status -z -uall [181ms]
2023-11-15 21:59:02.692 [info] > git show --textconv :CodeIgniter/app/Views/salas_editar_selecao.php [28ms]
2023-11-15 21:59:02.699 [info] > git ls-files --stage -- /var/www/clients/client2/web2/web/sistema/adsgrupo06/CodeIgniter/app/Views/salas_editar_selecao.php [8ms]
2023-11-15 21:59:02.708 [info] > git cat-file -s 31578edb9b46ae9eace253564de2534c764dbb2c [3ms]
2023-11-15 21:59:07.327 [info] > git config --get commit.template [9ms]
2023-11-15 21:59:07.329 [info] > git for-each-ref --format=%(refname)%00%(upstream:short)%00%(objectname)%00%(upstream:track)%00%(upstream:remotename)%00%(upstream:remoteref) refs/heads/Vinicius refs/remotes/Vinicius [3ms]
2023-11-15 21:59:07.402 [info] > git status -z -uall [66ms]
2023-11-15 21:59:11.052 [info] > git show --textconv :CodeIgniter/app/Views/salas_form.php [15ms]
2023-11-15 21:59:11.057 [info] > git ls-files --stage -- /var/www/clients/client2/web2/web/sistema/adsgrupo06/CodeIgniter/app/Views/salas_form.php [8ms]
2023-11-15 21:59:11.067 [info] > git cat-file -s 0d258b68c078acf7d665842cf3cd7d7e786ab56f [2ms]
2023-11-15 21:59:14.555 [info] > git show --textconv :CodeIgniter/app/Views/salas_editar_selecionada.php [16ms]
2023-11-15 21:59:14.560 [info] > git ls-files --stage -- /var/www/clients/client2/web2/web/sistema/adsgrupo06/CodeIgniter/app/Views/salas_editar_selecionada.php [7ms]
2023-11-15 21:59:14.569 [info] > git cat-file -s d766fa2fb4bcf91913693bda1777115238b618af [2ms]
2023-11-15 21:59:15.149 [info] > git show --textconv :CodeIgniter/app/Views/salas_exibir.php [12ms]
2023-11-15 21:59:15.154 [info] > git ls-files --stage -- /var/www/clients/client2/web2/web/sistema/adsgrupo06/CodeIgniter/app/Views/salas_exibir.php [8ms]
2023-11-15 21:59:15.162 [info] > git cat-file -s 53dd236803ed5d72f6d6132c2ca2c9af2effac94 [2ms]
2023-11-15 21:59:16.162 [info] > git show --textconv :CodeIgniter/app/Views/salas_form.php [17ms]
2023-11-15 21:59:16.170 [info] > git ls-files --stage -- /var/www/clients/client2/web2/web/sistema/adsgrupo06/CodeIgniter/app/Views/salas_form.php [9ms]
2023-11-15 21:59:16.187 [info] > git cat-file -s 0d258b68c078acf7d665842cf3cd7d7e786ab56f [3ms]
2023-11-15 21:59:17.314 [info] > git show --textconv :CodeIgniter/app/Views/salas_editar_selecao.php [38ms]
2023-11-15 21:59:17.314 [info] > git ls-files --stage -- /var/www/clients/client2/web2/web/sistema/adsgrupo06/CodeIgniter/app/Views/salas_editar_selecao.php [28ms]
2023-11-15 21:59:17.324 [info] > git cat-file -s 31578edb9b46ae9eace253564de2534c764dbb2c [2ms]
2023-11-15 21:59:18.822 [info] > git show --textconv :CodeIgniter/app/Views/salas_editar_selecionada.php [11ms]
2023-11-15 21:59:18.827 [info] > git ls-files --stage -- /var/www/clients/client2/web2/web/sistema/adsgrupo06/CodeIgniter/app/Views/salas_editar_selecionada.php [7ms]
2023-11-15 21:59:18.835 [info] > git cat-file -s d766fa2fb4bcf91913693bda1777115238b618af [2ms]
2023-11-15 21:59:35.888 [info] > git show --textconv :CodeIgniter/app/Views/salas_exibir.php [19ms]
2023-11-15 21:59:35.894 [info] > git ls-files --stage -- /var/www/clients/client2/web2/web/sistema/adsgrupo06/CodeIgniter/app/Views/salas_exibir.php [8ms]
2023-11-15 21:59:35.901 [info] > git cat-file -s 53dd236803ed5d72f6d6132c2ca2c9af2effac94 [2ms]
2023-11-15 21:59:36.684 [info] > git show --textconv :CodeIgniter/app/Views/salas_editar_selecionada.php [12ms]
2023-11-15 21:59:36.690 [info] > git ls-files --stage -- /var/www/clients/client2/web2/web/sistema/adsgrupo06/CodeIgniter/app/Views/salas_editar_selecionada.php [7ms]
2023-11-15 21:59:36.700 [info] > git cat-file -s d766fa2fb4bcf91913693bda1777115238b618af [3ms]
2023-11-15 21:59:37.949 [info] > git show --textconv :CodeIgniter/app/Views/salas_editar_selecao.php [12ms]
2023-11-15 21:59:37.954 [info] > git ls-files --stage -- /var/www/clients/client2/web2/web/sistema/adsgrupo06/CodeIgniter/app/Views/salas_editar_selecao.php [6ms]
2023-11-15 21:59:37.964 [info] > git cat-file -s 31578edb9b46ae9eace253564de2534c764dbb2c [2ms]
2023-11-15 21:59:39.354 [info] > git show --textconv :CodeIgniter/app/Views/salas_editar_selecionada.php [13ms]
2023-11-15 21:59:39.366 [info] > git ls-files --stage -- /var/www/clients/client2/web2/web/sistema/adsgrupo06/CodeIgniter/app/Views/salas_editar_selecionada.php [13ms]
2023-11-15 21:59:39.376 [info] > git cat-file -s d766fa2fb4bcf91913693bda1777115238b618af [2ms]
2023-11-15 21:59:45.795 [info] > git show --textconv :CodeIgniter/app/Views/salas_exibir.php [10ms]
2023-11-15 21:59:45.802 [info] > git ls-files --stage -- /var/www/clients/client2/web2/web/sistema/adsgrupo06/CodeIgniter/app/Views/salas_exibir.php [7ms]
2023-11-15 21:59:45.811 [info] > git cat-file -s 53dd236803ed5d72f6d6132c2ca2c9af2effac94 [3ms]
2023-11-15 21:59:46.913 [info] > git show --textconv :CodeIgniter/app/Views/salas_form.php [12ms]
2023-11-15 21:59:46.918 [info] > git ls-files --stage -- /var/www/clients/client2/web2/web/sistema/adsgrupo06/CodeIgniter/app/Views/salas_form.php [6ms]
2023-11-15 21:59:46.926 [info] > git cat-file -s 0d258b68c078acf7d665842cf3cd7d7e786ab56f [2ms]
2023-11-15 22:00:23.652 [info] > git show --textconv :CodeIgniter/app/Views/salas_editar_selecionada.php [29ms]
2023-11-15 22:00:23.654 [info] > git ls-files --stage -- /var/www/clients/client2/web2/web/sistema/adsgrupo06/CodeIgniter/app/Views/salas_editar_selecionada.php [25ms]
2023-11-15 22:00:23.665 [info] > git cat-file -s d766fa2fb4bcf91913693bda1777115238b618af [2ms]
