2023-11-20 18:57:38.429 [info] Extension host with pid 20863 started
2023-11-20 18:57:38.450 [info] Lock '/var/www/clients/client2/web2/web/sistema/adsgrupo06/.vscode-server/data/User/workspaceStorage/9b3cef0c395bd085f4695430ae95afb4/vscode.lock': Lock acquired.
2023-11-20 18:57:39.612 [info] ExtensionService#_doActivateExtension vscode.emmet, startup: false, activationEvent: 'onLanguage'
2023-11-20 18:57:39.613 [info] ExtensionService#_doActivateExtension vscode.php-language-features, startup: false, activationEvent: 'onLanguage:php'
2023-11-20 18:57:39.614 [info] ExtensionService#_doActivateExtension bmewburn.vscode-intelephense-client, startup: false, activationEvent: 'onLanguage:php'
2023-11-20 18:57:39.614 [info] ExtensionService#_doActivateExtension small.php-ci, startup: false, activationEvent: 'onLanguage:php'
2023-11-20 18:57:40.299 [info] ExtensionService#_doActivateExtension vscode.git-base, startup: true, activationEvent: '*', root cause: vscode.git
2023-11-20 18:57:41.780 [info] ExtensionService#_doActivateExtension vscode.git, startup: true, activationEvent: '*'
2023-11-20 18:57:41.784 [info] ExtensionService#_doActivateExtension vscode.github, startup: true, activationEvent: '*'
2023-11-20 18:57:43.813 [info] Eager extensions activated
2023-11-20 18:57:43.819 [info] ExtensionService#_doActivateExtension vscode.debug-auto-launch, startup: false, activationEvent: 'onStartupFinished'
2023-11-20 18:57:43.819 [info] ExtensionService#_doActivateExtension vscode.merge-conflict, startup: false, activationEvent: 'onStartupFinished'
2023-11-20 18:57:45.300 [warning] [Decorations] CAPPING events from decorations provider vscode.git 2620
2023-11-20 18:57:47.841 [warning] [Decorations] CAPPING events from decorations provider vscode.git 2622
2023-11-20 18:58:33.036 [warning] [Decorations] CAPPING events from decorations provider vscode.git 2624
2023-11-20 18:58:39.460 [warning] [Decorations] CAPPING events from decorations provider vscode.git 2624
2023-11-20 18:58:44.665 [warning] [Decorations] CAPPING events from decorations provider vscode.git 2624
2023-11-20 18:58:49.992 [warning] [Decorations] CAPPING events from decorations provider vscode.git 2624
2023-11-20 18:59:01.969 [warning] [Decorations] CAPPING events from decorations provider vscode.git 2624
2023-11-20 18:59:07.205 [warning] [Decorations] CAPPING events from decorations provider vscode.git 2624
2023-11-20 18:59:12.421 [warning] [Decorations] CAPPING events from decorations provider vscode.git 2625
2023-11-20 18:59:19.340 [warning] [Decorations] CAPPING events from decorations provider vscode.git 2626
2023-11-20 18:59:26.328 [warning] [Decorations] CAPPING events from decorations provider vscode.git 2626
2023-11-20 18:59:31.547 [warning] [Decorations] CAPPING events from decorations provider vscode.git 2626
2023-11-20 18:59:36.759 [warning] [Decorations] CAPPING events from decorations provider vscode.git 2626
2023-11-20 18:59:41.988 [warning] [Decorations] CAPPING events from decorations provider vscode.git 2627
2023-11-20 19:05:11.664 [warning] [Decorations] CAPPING events from decorations provider vscode.git 2634
2023-11-20 19:05:16.917 [warning] [Decorations] CAPPING events from decorations provider vscode.git 2634
2023-11-20 19:05:22.121 [warning] [Decorations] CAPPING events from decorations provider vscode.git 2634
2023-11-20 19:05:27.305 [warning] [Decorations] CAPPING events from decorations provider vscode.git 2634
2023-11-20 19:05:32.507 [warning] [Decorations] CAPPING events from decorations provider vscode.git 2634
2023-11-20 19:05:37.686 [warning] [Decorations] CAPPING events from decorations provider vscode.git 2634
2023-11-20 19:05:42.891 [warning] [Decorations] CAPPING events from decorations provider vscode.git 2634
2023-11-20 19:05:48.088 [warning] [Decorations] CAPPING events from decorations provider vscode.git 2634
2023-11-20 19:05:53.262 [warning] [Decorations] CAPPING events from decorations provider vscode.git 2634
2023-11-20 19:05:58.432 [warning] [Decorations] CAPPING events from decorations provider vscode.git 2634
2023-11-20 19:06:03.757 [warning] [Decorations] CAPPING events from decorations provider vscode.git 2634
2023-11-20 19:06:08.954 [warning] [Decorations] CAPPING events from decorations provider vscode.git 2634
2023-11-20 19:06:14.130 [warning] [Decorations] CAPPING events from decorations provider vscode.git 2634
2023-11-20 19:06:19.396 [warning] [Decorations] CAPPING events from decorations provider vscode.git 2634
2023-11-20 19:06:24.570 [warning] [Decorations] CAPPING events from decorations provider vscode.git 2634
2023-11-20 19:06:29.875 [warning] [Decorations] CAPPING events from decorations provider vscode.git 2634
2023-11-20 19:06:37.841 [warning] [Decorations] CAPPING events from decorations provider vscode.git 2634
2023-11-20 19:06:43.023 [warning] [Decorations] CAPPING events from decorations provider vscode.git 2634
2023-11-20 19:06:48.201 [warning] [Decorations] CAPPING events from decorations provider vscode.git 2634
2023-11-20 19:06:53.373 [warning] [Decorations] CAPPING events from decorations provider vscode.git 2634
2023-11-20 19:06:58.555 [warning] [Decorations] CAPPING events from decorations provider vscode.git 2634
2023-11-20 19:07:08.593 [warning] [Decorations] CAPPING events from decorations provider vscode.git 2634
2023-11-20 19:07:28.492 [warning] [Decorations] CAPPING events from decorations provider vscode.git 2634
2023-11-20 19:07:33.670 [warning] [Decorations] CAPPING events from decorations provider vscode.git 2634
2023-11-20 19:07:38.937 [warning] [Decorations] CAPPING events from decorations provider vscode.git 2634
2023-11-20 19:07:44.123 [warning] [Decorations] CAPPING events from decorations provider vscode.git 2634
2023-11-20 19:08:05.280 [warning] [Decorations] CAPPING events from decorations provider vscode.git 2634
2023-11-20 19:08:11.269 [warning] [Decorations] CAPPING events from decorations provider vscode.git 2635
2023-11-20 19:08:29.906 [warning] [Decorations] CAPPING events from decorations provider vscode.git 2636
2023-11-20 19:10:08.576 [warning] [Decorations] CAPPING events from decorations provider vscode.git 2636
2023-11-20 19:10:13.795 [warning] [Decorations] CAPPING events from decorations provider vscode.git 2636
2023-11-20 19:10:19.088 [warning] [Decorations] CAPPING events from decorations provider vscode.git 2636
2023-11-20 19:10:24.332 [warning] [Decorations] CAPPING events from decorations provider vscode.git 2637
2023-11-20 19:10:29.525 [warning] [Decorations] CAPPING events from decorations provider vscode.git 2637
2023-11-20 19:10:34.700 [warning] [Decorations] CAPPING events from decorations provider vscode.git 2637
2023-11-20 19:10:44.973 [warning] [Decorations] CAPPING events from decorations provider vscode.git 2637
2023-11-20 19:10:50.168 [warning] [Decorations] CAPPING events from decorations provider vscode.git 2637
2023-11-20 19:10:55.350 [warning] [Decorations] CAPPING events from decorations provider vscode.git 2637
2023-11-20 19:11:00.620 [warning] [Decorations] CAPPING events from decorations provider vscode.git 2637
2023-11-20 19:11:05.879 [warning] [Decorations] CAPPING events from decorations provider vscode.git 2637
2023-11-20 19:11:11.063 [warning] [Decorations] CAPPING events from decorations provider vscode.git 2638
2023-11-20 19:11:19.073 [warning] [Decorations] CAPPING events from decorations provider vscode.git 2638
2023-11-20 19:11:47.617 [warning] [Decorations] CAPPING events from decorations provider vscode.git 2640
2023-11-20 19:11:52.808 [warning] [Decorations] CAPPING events from decorations provider vscode.git 2640
2023-11-20 19:11:58.109 [warning] [Decorations] CAPPING events from decorations provider vscode.git 2640
2023-11-20 19:12:03.491 [warning] [Decorations] CAPPING events from decorations provider vscode.git 2641
2023-11-20 19:12:08.706 [warning] [Decorations] CAPPING events from decorations provider vscode.git 2640
2023-11-20 19:12:13.890 [warning] [Decorations] CAPPING events from decorations provider vscode.git 2640
2023-11-20 19:12:44.248 [warning] [Decorations] CAPPING events from decorations provider vscode.git 2641
2023-11-20 19:13:28.977 [warning] [Decorations] CAPPING events from decorations provider vscode.git 2641
2023-11-20 19:13:34.162 [warning] [Decorations] CAPPING events from decorations provider vscode.git 2641
2023-11-20 19:13:39.354 [warning] [Decorations] CAPPING events from decorations provider vscode.git 2641
2023-11-20 19:14:03.424 [warning] [Decorations] CAPPING events from decorations provider vscode.git 2642
2023-11-20 19:14:08.604 [warning] [Decorations] CAPPING events from decorations provider vscode.git 2641
2023-11-20 19:14:47.537 [warning] [Decorations] CAPPING events from decorations provider vscode.git 2642
2023-11-20 19:14:52.759 [warning] [Decorations] CAPPING events from decorations provider vscode.git 2641
2023-11-20 19:14:58.018 [warning] [Decorations] CAPPING events from decorations provider vscode.git 2642
2023-11-20 19:15:03.563 [warning] [Decorations] CAPPING events from decorations provider vscode.git 2642
2023-11-20 19:15:08.941 [warning] [Decorations] CAPPING events from decorations provider vscode.git 2643
2023-11-20 19:15:23.288 [warning] [Decorations] CAPPING events from decorations provider vscode.git 2642
2023-11-20 19:15:28.465 [warning] [Decorations] CAPPING events from decorations provider vscode.git 2642
2023-11-20 19:15:35.523 [warning] [Decorations] CAPPING events from decorations provider vscode.git 2643
2023-11-20 19:15:44.473 [warning] [Decorations] CAPPING events from decorations provider vscode.git 2643
2023-11-20 19:15:49.721 [warning] [Decorations] CAPPING events from decorations provider vscode.git 2643
2023-11-20 19:15:55.000 [warning] [Decorations] CAPPING events from decorations provider vscode.git 2643
2023-11-20 19:16:00.186 [warning] [Decorations] CAPPING events from decorations provider vscode.git 2644
2023-11-20 19:16:13.504 [warning] [Decorations] CAPPING events from decorations provider vscode.git 2645
2023-11-20 19:16:18.681 [warning] [Decorations] CAPPING events from decorations provider vscode.git 2644
2023-11-20 19:16:23.878 [warning] [Decorations] CAPPING events from decorations provider vscode.git 2644
2023-11-20 19:16:29.060 [warning] [Decorations] CAPPING events from decorations provider vscode.git 2644
2023-11-20 19:16:34.257 [warning] [Decorations] CAPPING events from decorations provider vscode.git 2645
2023-11-20 19:16:39.582 [warning] [Decorations] CAPPING events from decorations provider vscode.git 2645
2023-11-20 19:16:45.409 [warning] [Decorations] CAPPING events from decorations provider vscode.git 2645
2023-11-20 19:16:51.433 [warning] [Decorations] CAPPING events from decorations provider vscode.git 2645
2023-11-20 19:16:56.619 [warning] [Decorations] CAPPING events from decorations provider vscode.git 2645
2023-11-20 19:17:02.406 [warning] [Decorations] CAPPING events from decorations provider vscode.git 2645
2023-11-20 19:17:10.861 [warning] [Decorations] CAPPING events from decorations provider vscode.git 2645
2023-11-20 19:17:16.031 [warning] [Decorations] CAPPING events from decorations provider vscode.git 2645
2023-11-20 19:17:21.219 [warning] [Decorations] CAPPING events from decorations provider vscode.git 2645
2023-11-20 19:17:26.591 [warning] [Decorations] CAPPING events from decorations provider vscode.git 2645
2023-11-20 19:17:31.837 [warning] [Decorations] CAPPING events from decorations provider vscode.git 2645
2023-11-20 19:17:37.033 [warning] [Decorations] CAPPING events from decorations provider vscode.git 2645
2023-11-20 19:17:42.340 [warning] [Decorations] CAPPING events from decorations provider vscode.git 2645
2023-11-20 19:17:47.659 [warning] [Decorations] CAPPING events from decorations provider vscode.git 2645
2023-11-20 19:17:52.859 [warning] [Decorations] CAPPING events from decorations provider vscode.git 1943
2023-11-20 19:17:58.107 [warning] [Decorations] CAPPING events from decorations provider vscode.git 1943
2023-11-20 19:18:03.521 [warning] [Decorations] CAPPING events from decorations provider vscode.git 1943
2023-11-20 19:18:08.728 [warning] [Decorations] CAPPING events from decorations provider vscode.git 1943
2023-11-20 19:18:11.280 [info] ExtensionService#_doActivateExtension vscode.npm, startup: false, activationEvent: 'onTerminalQuickFixRequest:ms-vscode.npm-command'
2023-11-20 19:18:13.937 [warning] [Decorations] CAPPING events from decorations provider vscode.git 1943
2023-11-20 19:18:19.224 [warning] [Decorations] CAPPING events from decorations provider vscode.git 1943
2023-11-20 19:18:24.451 [warning] [Decorations] CAPPING events from decorations provider vscode.git 1943
2023-11-20 19:18:29.617 [warning] [Decorations] CAPPING events from decorations provider vscode.git 1943
2023-11-20 19:18:34.756 [warning] [Decorations] CAPPING events from decorations provider vscode.git 1943
2023-11-20 19:18:39.902 [warning] [Decorations] CAPPING events from decorations provider vscode.git 1943
2023-11-20 19:18:45.032 [warning] [Decorations] CAPPING events from decorations provider vscode.git 1943
2023-11-20 19:18:50.149 [warning] [Decorations] CAPPING events from decorations provider vscode.git 1943
2023-11-20 19:18:55.314 [warning] [Decorations] CAPPING events from decorations provider vscode.git 1943
2023-11-20 19:19:00.618 [warning] [Decorations] CAPPING events from decorations provider vscode.git 1943
2023-11-20 19:39:56.759 [info] Extension host terminating: received terminate message from renderer
2023-11-20 19:39:56.771 [info] Lock '/var/www/clients/client2/web2/web/sistema/adsgrupo06/.vscode-server/data/User/workspaceStorage/9b3cef0c395bd085f4695430ae95afb4/vscode.lock': Marking the lockfile as scheduled to be released in 6000 ms.
2023-11-20 19:39:57.115 [error] An error occurred when deactivating the subscriptions for extension 'bmewburn.vscode-intelephense-client':
2023-11-20 19:39:57.134 [error] TypeError: Cannot read private member #e from an object whose class did not declare it
	at Object.dispose (/var/www/clients/client2/web2/web/sistema/adsgrupo06/.vscode-server/bin/1a5daa3a0231a0fbba4f14db7ec463cf99d7768e/out/vs/workbench/api/node/extensionHostProcess.js:121:3645)
	at o (/var/www/clients/client2/web2/web/sistema/adsgrupo06/.vscode-server/bin/1a5daa3a0231a0fbba4f14db7ec463cf99d7768e/out/vs/workbench/api/node/extensionHostProcess.js:30:754)
	at h.cb (/var/www/clients/client2/web2/web/sistema/adsgrupo06/.vscode-server/bin/1a5daa3a0231a0fbba4f14db7ec463cf99d7768e/out/vs/workbench/api/node/extensionHostProcess.js:136:9843)
	at /var/www/clients/client2/web2/web/sistema/adsgrupo06/.vscode-server/bin/1a5daa3a0231a0fbba4f14db7ec463cf99d7768e/out/vs/workbench/api/node/extensionHostProcess.js:136:7793
	at Array.map (<anonymous>)
	at h.Y (/var/www/clients/client2/web2/web/sistema/adsgrupo06/.vscode-server/bin/1a5daa3a0231a0fbba4f14db7ec463cf99d7768e/out/vs/workbench/api/node/extensionHostProcess.js:136:7781)
	at h.terminate (/var/www/clients/client2/web2/web/sistema/adsgrupo06/.vscode-server/bin/1a5daa3a0231a0fbba4f14db7ec463cf99d7768e/out/vs/workbench/api/node/extensionHostProcess.js:136:8051)
	at o.terminate (/var/www/clients/client2/web2/web/sistema/adsgrupo06/.vscode-server/bin/1a5daa3a0231a0fbba4f14db7ec463cf99d7768e/out/vs/workbench/api/node/extensionHostProcess.js:140:1513)
	at a (/var/www/clients/client2/web2/web/sistema/adsgrupo06/.vscode-server/bin/1a5daa3a0231a0fbba4f14db7ec463cf99d7768e/out/vs/workbench/api/node/extensionHostProcess.js:153:9817)
	at h.value (/var/www/clients/client2/web2/web/sistema/adsgrupo06/.vscode-server/bin/1a5daa3a0231a0fbba4f14db7ec463cf99d7768e/out/vs/workbench/api/node/extensionHostProcess.js:153:7864)
	at c.y (/var/www/clients/client2/web2/web/sistema/adsgrupo06/.vscode-server/bin/1a5daa3a0231a0fbba4f14db7ec463cf99d7768e/out/vs/workbench/api/node/extensionHostProcess.js:80:1902)
	at c.fire (/var/www/clients/client2/web2/web/sistema/adsgrupo06/.vscode-server/bin/1a5daa3a0231a0fbba4f14db7ec463cf99d7768e/out/vs/workbench/api/node/extensionHostProcess.js:80:2119)
	at d.fire (/var/www/clients/client2/web2/web/sistema/adsgrupo06/.vscode-server/bin/1a5daa3a0231a0fbba4f14db7ec463cf99d7768e/out/vs/workbench/api/node/extensionHostProcess.js:96:14047)
	at s.z (/var/www/clients/client2/web2/web/sistema/adsgrupo06/.vscode-server/bin/1a5daa3a0231a0fbba4f14db7ec463cf99d7768e/out/vs/workbench/api/node/extensionHostProcess.js:96:17112)
	at h.value (/var/www/clients/client2/web2/web/sistema/adsgrupo06/.vscode-server/bin/1a5daa3a0231a0fbba4f14db7ec463cf99d7768e/out/vs/workbench/api/node/extensionHostProcess.js:96:15564)
	at c.y (/var/www/clients/client2/web2/web/sistema/adsgrupo06/.vscode-server/bin/1a5daa3a0231a0fbba4f14db7ec463cf99d7768e/out/vs/workbench/api/node/extensionHostProcess.js:80:1902)
	at c.fire (/var/www/clients/client2/web2/web/sistema/adsgrupo06/.vscode-server/bin/1a5daa3a0231a0fbba4f14db7ec463cf99d7768e/out/vs/workbench/api/node/extensionHostProcess.js:80:2119)
	at h.acceptChunk (/var/www/clients/client2/web2/web/sistema/adsgrupo06/.vscode-server/bin/1a5daa3a0231a0fbba4f14db7ec463cf99d7768e/out/vs/workbench/api/node/extensionHostProcess.js:96:11821)
	at h.value (/var/www/clients/client2/web2/web/sistema/adsgrupo06/.vscode-server/bin/1a5daa3a0231a0fbba4f14db7ec463cf99d7768e/out/vs/workbench/api/node/extensionHostProcess.js:96:11108)
	at c.y (/var/www/clients/client2/web2/web/sistema/adsgrupo06/.vscode-server/bin/1a5daa3a0231a0fbba4f14db7ec463cf99d7768e/out/vs/workbench/api/node/extensionHostProcess.js:80:1902)
	at c.fire (/var/www/clients/client2/web2/web/sistema/adsgrupo06/.vscode-server/bin/1a5daa3a0231a0fbba4f14db7ec463cf99d7768e/out/vs/workbench/api/node/extensionHostProcess.js:80:2119)
	at c.z (/var/www/clients/client2/web2/web/sistema/adsgrupo06/.vscode-server/bin/1a5daa3a0231a0fbba4f14db7ec463cf99d7768e/out/vs/workbench/api/node/extensionHostProcess.js:150:19388)
2023-11-20 19:39:57.144 [error] Canceled: Canceled
	at new f (/var/www/clients/client2/web2/web/sistema/adsgrupo06/.vscode-server/bin/1a5daa3a0231a0fbba4f14db7ec463cf99d7768e/out/vs/workbench/api/node/extensionHostProcess.js:125:108614)
	at n.U (/var/www/clients/client2/web2/web/sistema/adsgrupo06/.vscode-server/bin/1a5daa3a0231a0fbba4f14db7ec463cf99d7768e/out/vs/workbench/api/node/extensionHostProcess.js:134:10873)
	at F.<computed>.z.charCodeAt.F.<computed> (/var/www/clients/client2/web2/web/sistema/adsgrupo06/.vscode-server/bin/1a5daa3a0231a0fbba4f14db7ec463cf99d7768e/out/vs/workbench/api/node/extensionHostProcess.js:134:8315)
	at i.g (/var/www/clients/client2/web2/web/sistema/adsgrupo06/.vscode-server/bin/1a5daa3a0231a0fbba4f14db7ec463cf99d7768e/out/vs/workbench/api/node/extensionHostProcess.js:125:139130)
	at i.executeCommand (/var/www/clients/client2/web2/web/sistema/adsgrupo06/.vscode-server/bin/1a5daa3a0231a0fbba4f14db7ec463cf99d7768e/out/vs/workbench/api/node/extensionHostProcess.js:125:138568)
	at $.registerCommand.description (/var/www/clients/client2/web2/web/sistema/adsgrupo06/.vscode-server/bin/1a5daa3a0231a0fbba4f14db7ec463cf99d7768e/out/vs/workbench/api/node/extensionHostProcess.js:125:137892)
	at i.h (/var/www/clients/client2/web2/web/sistema/adsgrupo06/.vscode-server/bin/1a5daa3a0231a0fbba4f14db7ec463cf99d7768e/out/vs/workbench/api/node/extensionHostProcess.js:125:139669)
	at i.g (/var/www/clients/client2/web2/web/sistema/adsgrupo06/.vscode-server/bin/1a5daa3a0231a0fbba4f14db7ec463cf99d7768e/out/vs/workbench/api/node/extensionHostProcess.js:125:138661)
	at i.executeCommand (/var/www/clients/client2/web2/web/sistema/adsgrupo06/.vscode-server/bin/1a5daa3a0231a0fbba4f14db7ec463cf99d7768e/out/vs/workbench/api/node/extensionHostProcess.js:125:138568)
	at Object.executeCommand (/var/www/clients/client2/web2/web/sistema/adsgrupo06/.vscode-server/bin/1a5daa3a0231a0fbba4f14db7ec463cf99d7768e/out/vs/workbench/api/node/extensionHostProcess.js:140:21329)
	at h.D [as value] (/var/www/clients/client2/web2/web/sistema/adsgrupo06/.vscode-server/bin/1a5daa3a0231a0fbba4f14db7ec463cf99d7768e/extensions/git/dist/main.js:2:1316925)
	at c.y (/var/www/clients/client2/web2/web/sistema/adsgrupo06/.vscode-server/bin/1a5daa3a0231a0fbba4f14db7ec463cf99d7768e/out/vs/workbench/api/node/extensionHostProcess.js:80:1902)
	at c.z (/var/www/clients/client2/web2/web/sistema/adsgrupo06/.vscode-server/bin/1a5daa3a0231a0fbba4f14db7ec463cf99d7768e/out/vs/workbench/api/node/extensionHostProcess.js:80:1972)
	at c.fire (/var/www/clients/client2/web2/web/sistema/adsgrupo06/.vscode-server/bin/1a5daa3a0231a0fbba4f14db7ec463cf99d7768e/out/vs/workbench/api/node/extensionHostProcess.js:80:2188)
	at Object.m [as dispose] (/var/www/clients/client2/web2/web/sistema/adsgrupo06/.vscode-server/bin/1a5daa3a0231a0fbba4f14db7ec463cf99d7768e/extensions/git/dist/main.js:2:1332842)
	at /var/www/clients/client2/web2/web/sistema/adsgrupo06/.vscode-server/bin/1a5daa3a0231a0fbba4f14db7ec463cf99d7768e/extensions/git/dist/main.js:2:1337795
	at Array.forEach (<anonymous>)
	at g.dispose (/var/www/clients/client2/web2/web/sistema/adsgrupo06/.vscode-server/bin/1a5daa3a0231a0fbba4f14db7ec463cf99d7768e/extensions/git/dist/main.js:2:1337781)
	at w.<anonymous> (/var/www/clients/client2/web2/web/sistema/adsgrupo06/.vscode-server/bin/1a5daa3a0231a0fbba4f14db7ec463cf99d7768e/out/vs/workbench/api/node/extensionHostProcess.js:121:3572)
	at w.dispose (/var/www/clients/client2/web2/web/sistema/adsgrupo06/.vscode-server/bin/1a5daa3a0231a0fbba4f14db7ec463cf99d7768e/out/vs/workbench/api/node/extensionHostProcess.js:121:3669)
	at w.<anonymous> (/var/www/clients/client2/web2/web/sistema/adsgrupo06/.vscode-server/bin/1a5daa3a0231a0fbba4f14db7ec463cf99d7768e/extensions/git/dist/main.js:2:1318937)
	at w.dispose (/var/www/clients/client2/web2/web/sistema/adsgrupo06/.vscode-server/bin/1a5daa3a0231a0fbba4f14db7ec463cf99d7768e/out/vs/workbench/api/node/extensionHostProcess.js:121:3669)
	at o (/var/www/clients/client2/web2/web/sistema/adsgrupo06/.vscode-server/bin/1a5daa3a0231a0fbba4f14db7ec463cf99d7768e/out/vs/workbench/api/node/extensionHostProcess.js:30:754)
	at h.cb (/var/www/clients/client2/web2/web/sistema/adsgrupo06/.vscode-server/bin/1a5daa3a0231a0fbba4f14db7ec463cf99d7768e/out/vs/workbench/api/node/extensionHostProcess.js:136:9843)
	at /var/www/clients/client2/web2/web/sistema/adsgrupo06/.vscode-server/bin/1a5daa3a0231a0fbba4f14db7ec463cf99d7768e/out/vs/workbench/api/node/extensionHostProcess.js:136:7793
	at Array.map (<anonymous>)
	at h.Y (/var/www/clients/client2/web2/web/sistema/adsgrupo06/.vscode-server/bin/1a5daa3a0231a0fbba4f14db7ec463cf99d7768e/out/vs/workbench/api/node/extensionHostProcess.js:136:7781)
	at h.terminate (/var/www/clients/client2/web2/web/sistema/adsgrupo06/.vscode-server/bin/1a5daa3a0231a0fbba4f14db7ec463cf99d7768e/out/vs/workbench/api/node/extensionHostProcess.js:136:8051)
	at o.terminate (/var/www/clients/client2/web2/web/sistema/adsgrupo06/.vscode-server/bin/1a5daa3a0231a0fbba4f14db7ec463cf99d7768e/out/vs/workbench/api/node/extensionHostProcess.js:140:1513)
	at a (/var/www/clients/client2/web2/web/sistema/adsgrupo06/.vscode-server/bin/1a5daa3a0231a0fbba4f14db7ec463cf99d7768e/out/vs/workbench/api/node/extensionHostProcess.js:153:9817)
	at h.value (/var/www/clients/client2/web2/web/sistema/adsgrupo06/.vscode-server/bin/1a5daa3a0231a0fbba4f14db7ec463cf99d7768e/out/vs/workbench/api/node/extensionHostProcess.js:153:7864)
	at c.y (/var/www/clients/client2/web2/web/sistema/adsgrupo06/.vscode-server/bin/1a5daa3a0231a0fbba4f14db7ec463cf99d7768e/out/vs/workbench/api/node/extensionHostProcess.js:80:1902)
	at c.fire (/var/www/clients/client2/web2/web/sistema/adsgrupo06/.vscode-server/bin/1a5daa3a0231a0fbba4f14db7ec463cf99d7768e/out/vs/workbench/api/node/extensionHostProcess.js:80:2119)
	at d.fire (/var/www/clients/client2/web2/web/sistema/adsgrupo06/.vscode-server/bin/1a5daa3a0231a0fbba4f14db7ec463cf99d7768e/out/vs/workbench/api/node/extensionHostProcess.js:96:14047)
	at s.z (/var/www/clients/client2/web2/web/sistema/adsgrupo06/.vscode-server/bin/1a5daa3a0231a0fbba4f14db7ec463cf99d7768e/out/vs/workbench/api/node/extensionHostProcess.js:96:17112)
	at h.value (/var/www/clients/client2/web2/web/sistema/adsgrupo06/.vscode-server/bin/1a5daa3a0231a0fbba4f14db7ec463cf99d7768e/out/vs/workbench/api/node/extensionHostProcess.js:96:15564)
	at c.y (/var/www/clients/client2/web2/web/sistema/adsgrupo06/.vscode-server/bin/1a5daa3a0231a0fbba4f14db7ec463cf99d7768e/out/vs/workbench/api/node/extensionHostProcess.js:80:1902)
	at c.fire (/var/www/clients/client2/web2/web/sistema/adsgrupo06/.vscode-server/bin/1a5daa3a0231a0fbba4f14db7ec463cf99d7768e/out/vs/workbench/api/node/extensionHostProcess.js:80:2119)
	at h.acceptChunk (/var/www/clients/client2/web2/web/sistema/adsgrupo06/.vscode-server/bin/1a5daa3a0231a0fbba4f14db7ec463cf99d7768e/out/vs/workbench/api/node/extensionHostProcess.js:96:11821)
	at h.value (/var/www/clients/client2/web2/web/sistema/adsgrupo06/.vscode-server/bin/1a5daa3a0231a0fbba4f14db7ec463cf99d7768e/out/vs/workbench/api/node/extensionHostProcess.js:96:11108)
	at c.y (/var/www/clients/client2/web2/web/sistema/adsgrupo06/.vscode-server/bin/1a5daa3a0231a0fbba4f14db7ec463cf99d7768e/out/vs/workbench/api/node/extensionHostProcess.js:80:1902)
	at c.fire (/var/www/clients/client2/web2/web/sistema/adsgrupo06/.vscode-server/bin/1a5daa3a0231a0fbba4f14db7ec463cf99d7768e/out/vs/workbench/api/node/extensionHostProcess.js:80:2119)
	at c.z (/var/www/clients/client2/web2/web/sistema/adsgrupo06/.vscode-server/bin/1a5daa3a0231a0fbba4f14db7ec463cf99d7768e/out/vs/workbench/api/node/extensionHostProcess.js:150:19388) setContext undefined
2023-11-20 19:39:57.148 [error] Canceled: Canceled
	at new f (/var/www/clients/client2/web2/web/sistema/adsgrupo06/.vscode-server/bin/1a5daa3a0231a0fbba4f14db7ec463cf99d7768e/out/vs/workbench/api/node/extensionHostProcess.js:125:108614)
	at n.U (/var/www/clients/client2/web2/web/sistema/adsgrupo06/.vscode-server/bin/1a5daa3a0231a0fbba4f14db7ec463cf99d7768e/out/vs/workbench/api/node/extensionHostProcess.js:134:10873)
	at F.<computed>.z.charCodeAt.F.<computed> (/var/www/clients/client2/web2/web/sistema/adsgrupo06/.vscode-server/bin/1a5daa3a0231a0fbba4f14db7ec463cf99d7768e/out/vs/workbench/api/node/extensionHostProcess.js:134:8315)
	at i.g (/var/www/clients/client2/web2/web/sistema/adsgrupo06/.vscode-server/bin/1a5daa3a0231a0fbba4f14db7ec463cf99d7768e/out/vs/workbench/api/node/extensionHostProcess.js:125:139130)
	at i.executeCommand (/var/www/clients/client2/web2/web/sistema/adsgrupo06/.vscode-server/bin/1a5daa3a0231a0fbba4f14db7ec463cf99d7768e/out/vs/workbench/api/node/extensionHostProcess.js:125:138568)
	at $.registerCommand.description (/var/www/clients/client2/web2/web/sistema/adsgrupo06/.vscode-server/bin/1a5daa3a0231a0fbba4f14db7ec463cf99d7768e/out/vs/workbench/api/node/extensionHostProcess.js:125:137892)
	at i.h (/var/www/clients/client2/web2/web/sistema/adsgrupo06/.vscode-server/bin/1a5daa3a0231a0fbba4f14db7ec463cf99d7768e/out/vs/workbench/api/node/extensionHostProcess.js:125:139669)
	at i.g (/var/www/clients/client2/web2/web/sistema/adsgrupo06/.vscode-server/bin/1a5daa3a0231a0fbba4f14db7ec463cf99d7768e/out/vs/workbench/api/node/extensionHostProcess.js:125:138661)
	at i.executeCommand (/var/www/clients/client2/web2/web/sistema/adsgrupo06/.vscode-server/bin/1a5daa3a0231a0fbba4f14db7ec463cf99d7768e/out/vs/workbench/api/node/extensionHostProcess.js:125:138568)
	at Object.executeCommand (/var/www/clients/client2/web2/web/sistema/adsgrupo06/.vscode-server/bin/1a5daa3a0231a0fbba4f14db7ec463cf99d7768e/out/vs/workbench/api/node/extensionHostProcess.js:140:21329)
	at set b [as b] (/var/www/clients/client2/web2/web/sistema/adsgrupo06/.vscode-server/bin/1a5daa3a0231a0fbba4f14db7ec463cf99d7768e/extensions/github/dist/extension.js:2:714708)
	at /var/www/clients/client2/web2/web/sistema/adsgrupo06/.vscode-server/bin/1a5daa3a0231a0fbba4f14db7ec463cf99d7768e/extensions/github/dist/extension.js:2:715349
	at h.value (/var/www/clients/client2/web2/web/sistema/adsgrupo06/.vscode-server/bin/1a5daa3a0231a0fbba4f14db7ec463cf99d7768e/extensions/git/dist/main.js:2:1408111)
	at c.y (/var/www/clients/client2/web2/web/sistema/adsgrupo06/.vscode-server/bin/1a5daa3a0231a0fbba4f14db7ec463cf99d7768e/out/vs/workbench/api/node/extensionHostProcess.js:80:1902)
	at c.z (/var/www/clients/client2/web2/web/sistema/adsgrupo06/.vscode-server/bin/1a5daa3a0231a0fbba4f14db7ec463cf99d7768e/out/vs/workbench/api/node/extensionHostProcess.js:80:1972)
	at c.fire (/var/www/clients/client2/web2/web/sistema/adsgrupo06/.vscode-server/bin/1a5daa3a0231a0fbba4f14db7ec463cf99d7768e/out/vs/workbench/api/node/extensionHostProcess.js:80:2188)
	at Object.m [as dispose] (/var/www/clients/client2/web2/web/sistema/adsgrupo06/.vscode-server/bin/1a5daa3a0231a0fbba4f14db7ec463cf99d7768e/extensions/git/dist/main.js:2:1332842)
	at /var/www/clients/client2/web2/web/sistema/adsgrupo06/.vscode-server/bin/1a5daa3a0231a0fbba4f14db7ec463cf99d7768e/extensions/git/dist/main.js:2:1337795
	at Array.forEach (<anonymous>)
	at g.dispose (/var/www/clients/client2/web2/web/sistema/adsgrupo06/.vscode-server/bin/1a5daa3a0231a0fbba4f14db7ec463cf99d7768e/extensions/git/dist/main.js:2:1337781)
	at w.<anonymous> (/var/www/clients/client2/web2/web/sistema/adsgrupo06/.vscode-server/bin/1a5daa3a0231a0fbba4f14db7ec463cf99d7768e/out/vs/workbench/api/node/extensionHostProcess.js:121:3572)
	at w.dispose (/var/www/clients/client2/web2/web/sistema/adsgrupo06/.vscode-server/bin/1a5daa3a0231a0fbba4f14db7ec463cf99d7768e/out/vs/workbench/api/node/extensionHostProcess.js:121:3669)
	at w.<anonymous> (/var/www/clients/client2/web2/web/sistema/adsgrupo06/.vscode-server/bin/1a5daa3a0231a0fbba4f14db7ec463cf99d7768e/extensions/git/dist/main.js:2:1318937)
	at w.dispose (/var/www/clients/client2/web2/web/sistema/adsgrupo06/.vscode-server/bin/1a5daa3a0231a0fbba4f14db7ec463cf99d7768e/out/vs/workbench/api/node/extensionHostProcess.js:121:3669)
	at o (/var/www/clients/client2/web2/web/sistema/adsgrupo06/.vscode-server/bin/1a5daa3a0231a0fbba4f14db7ec463cf99d7768e/out/vs/workbench/api/node/extensionHostProcess.js:30:754)
	at h.cb (/var/www/clients/client2/web2/web/sistema/adsgrupo06/.vscode-server/bin/1a5daa3a0231a0fbba4f14db7ec463cf99d7768e/out/vs/workbench/api/node/extensionHostProcess.js:136:9843)
	at /var/www/clients/client2/web2/web/sistema/adsgrupo06/.vscode-server/bin/1a5daa3a0231a0fbba4f14db7ec463cf99d7768e/out/vs/workbench/api/node/extensionHostProcess.js:136:7793
	at Array.map (<anonymous>)
	at h.Y (/var/www/clients/client2/web2/web/sistema/adsgrupo06/.vscode-server/bin/1a5daa3a0231a0fbba4f14db7ec463cf99d7768e/out/vs/workbench/api/node/extensionHostProcess.js:136:7781)
	at h.terminate (/var/www/clients/client2/web2/web/sistema/adsgrupo06/.vscode-server/bin/1a5daa3a0231a0fbba4f14db7ec463cf99d7768e/out/vs/workbench/api/node/extensionHostProcess.js:136:8051)
	at o.terminate (/var/www/clients/client2/web2/web/sistema/adsgrupo06/.vscode-server/bin/1a5daa3a0231a0fbba4f14db7ec463cf99d7768e/out/vs/workbench/api/node/extensionHostProcess.js:140:1513)
	at a (/var/www/clients/client2/web2/web/sistema/adsgrupo06/.vscode-server/bin/1a5daa3a0231a0fbba4f14db7ec463cf99d7768e/out/vs/workbench/api/node/extensionHostProcess.js:153:9817)
	at h.value (/var/www/clients/client2/web2/web/sistema/adsgrupo06/.vscode-server/bin/1a5daa3a0231a0fbba4f14db7ec463cf99d7768e/out/vs/workbench/api/node/extensionHostProcess.js:153:7864)
	at c.y (/var/www/clients/client2/web2/web/sistema/adsgrupo06/.vscode-server/bin/1a5daa3a0231a0fbba4f14db7ec463cf99d7768e/out/vs/workbench/api/node/extensionHostProcess.js:80:1902)
	at c.fire (/var/www/clients/client2/web2/web/sistema/adsgrupo06/.vscode-server/bin/1a5daa3a0231a0fbba4f14db7ec463cf99d7768e/out/vs/workbench/api/node/extensionHostProcess.js:80:2119)
	at d.fire (/var/www/clients/client2/web2/web/sistema/adsgrupo06/.vscode-server/bin/1a5daa3a0231a0fbba4f14db7ec463cf99d7768e/out/vs/workbench/api/node/extensionHostProcess.js:96:14047)
	at s.z (/var/www/clients/client2/web2/web/sistema/adsgrupo06/.vscode-server/bin/1a5daa3a0231a0fbba4f14db7ec463cf99d7768e/out/vs/workbench/api/node/extensionHostProcess.js:96:17112)
	at h.value (/var/www/clients/client2/web2/web/sistema/adsgrupo06/.vscode-server/bin/1a5daa3a0231a0fbba4f14db7ec463cf99d7768e/out/vs/workbench/api/node/extensionHostProcess.js:96:15564)
	at c.y (/var/www/clients/client2/web2/web/sistema/adsgrupo06/.vscode-server/bin/1a5daa3a0231a0fbba4f14db7ec463cf99d7768e/out/vs/workbench/api/node/extensionHostProcess.js:80:1902)
	at c.fire (/var/www/clients/client2/web2/web/sistema/adsgrupo06/.vscode-server/bin/1a5daa3a0231a0fbba4f14db7ec463cf99d7768e/out/vs/workbench/api/node/extensionHostProcess.js:80:2119)
	at h.acceptChunk (/var/www/clients/client2/web2/web/sistema/adsgrupo06/.vscode-server/bin/1a5daa3a0231a0fbba4f14db7ec463cf99d7768e/out/vs/workbench/api/node/extensionHostProcess.js:96:11821)
	at h.value (/var/www/clients/client2/web2/web/sistema/adsgrupo06/.vscode-server/bin/1a5daa3a0231a0fbba4f14db7ec463cf99d7768e/out/vs/workbench/api/node/extensionHostProcess.js:96:11108)
	at c.y (/var/www/clients/client2/web2/web/sistema/adsgrupo06/.vscode-server/bin/1a5daa3a0231a0fbba4f14db7ec463cf99d7768e/out/vs/workbench/api/node/extensionHostProcess.js:80:1902)
	at c.fire (/var/www/clients/client2/web2/web/sistema/adsgrupo06/.vscode-server/bin/1a5daa3a0231a0fbba4f14db7ec463cf99d7768e/out/vs/workbench/api/node/extensionHostProcess.js:80:2119)
	at c.z (/var/www/clients/client2/web2/web/sistema/adsgrupo06/.vscode-server/bin/1a5daa3a0231a0fbba4f14db7ec463cf99d7768e/out/vs/workbench/api/node/extensionHostProcess.js:150:19388) setContext undefined
2023-11-20 19:39:57.166 [info] Extension host with pid 20863 exiting with code 0
