2023-11-27 11:42:15.278 [info] Log level: Info
2023-11-27 11:42:15.279 [info] Validating found git in: "git"
2023-11-27 11:42:15.279 [info] Using git "2.20.1" from "git"
2023-11-27 11:42:15.279 [info] > git rev-parse --show-toplevel [36ms]
2023-11-27 11:42:15.279 [info] > git rev-parse --git-dir --git-common-dir [20ms]
2023-11-27 11:42:15.279 [info] Open repository: /var/www/clients/client2/web2/web/sistema/adsgrupo06
2023-11-27 11:42:15.279 [info] > git config --get commit.template [6ms]
2023-11-27 11:42:15.279 [info] > git rev-parse --show-toplevel [8ms]
2023-11-27 11:42:15.279 [info] > git for-each-ref --format=%(refname)%00%(upstream:short)%00%(objectname)%00%(upstream:track)%00%(upstream:remotename)%00%(upstream:remoteref) refs/heads/main refs/remotes/main [8ms]
2023-11-27 11:42:15.279 [info] > git rev-parse --show-toplevel [9ms]
2023-11-27 11:42:15.279 [info] > git rev-parse --show-toplevel [2ms]
2023-11-27 11:42:15.279 [info] > git rev-parse --show-toplevel [11ms]
2023-11-27 11:42:15.281 [info] > git rev-parse --show-toplevel [3ms]
2023-11-27 11:42:15.294 [info] > git rev-parse --show-toplevel [7ms]
2023-11-27 11:42:15.306 [info] > git rev-parse --show-toplevel [3ms]
2023-11-27 11:42:15.316 [info] > git rev-parse --show-toplevel [2ms]
2023-11-27 11:42:15.328 [info] > git status -z -uall [151ms]
2023-11-27 11:42:15.363 [info] > git config --get commit.template [11ms]
2023-11-27 11:42:15.364 [info] > git for-each-ref --format=%(refname)%00%(upstream:short)%00%(objectname)%00%(upstream:track)%00%(upstream:remotename)%00%(upstream:remoteref) refs/heads/main refs/remotes/main [7ms]
2023-11-27 11:42:15.505 [info] > git status -z -uall [137ms]
2023-11-27 11:42:15.881 [info] > git check-ignore -v -z --stdin [6ms]
2023-11-27 11:42:17.147 [info] > git check-ignore -v -z --stdin [14ms]
2023-11-27 11:42:18.816 [info] > git config --get commit.template [6ms]
2023-11-27 11:42:18.820 [info] > git for-each-ref --format=%(refname)%00%(upstream:short)%00%(objectname)%00%(upstream:track)%00%(upstream:remotename)%00%(upstream:remoteref) refs/heads/main refs/remotes/main [6ms]
2023-11-27 11:42:18.912 [info] > git status -z -uall [88ms]
2023-11-27 11:42:23.932 [info] > git config --get commit.template [6ms]
2023-11-27 11:42:23.934 [info] > git for-each-ref --format=%(refname)%00%(upstream:short)%00%(objectname)%00%(upstream:track)%00%(upstream:remotename)%00%(upstream:remoteref) refs/heads/main refs/remotes/main [3ms]
2023-11-27 11:42:23.991 [info] > git status -z -uall [53ms]
2023-11-27 11:42:26.654 [info] > git check-ignore -v -z --stdin [7ms]
2023-11-27 11:42:29.013 [info] > git config --get commit.template [7ms]
2023-11-27 11:42:29.015 [info] > git for-each-ref --format=%(refname)%00%(upstream:short)%00%(objectname)%00%(upstream:track)%00%(upstream:remotename)%00%(upstream:remoteref) refs/heads/main refs/remotes/main [3ms]
2023-11-27 11:42:29.068 [info] > git status -z -uall [48ms]
2023-11-27 11:42:29.850 [info] > git check-ignore -v -z --stdin [9ms]
2023-11-27 11:42:34.099 [info] > git config --get commit.template [10ms]
2023-11-27 11:42:34.101 [info] > git for-each-ref --format=%(refname)%00%(upstream:short)%00%(objectname)%00%(upstream:track)%00%(upstream:remotename)%00%(upstream:remoteref) refs/heads/main refs/remotes/main [7ms]
2023-11-27 11:42:34.163 [info] > git status -z -uall [55ms]
2023-11-27 11:42:34.243 [info] > git show --textconv :CodeIgniter/app/Views/atualizar_sala_form.php [28ms]
2023-11-27 11:42:34.243 [info] > git ls-files --stage -- /var/www/clients/client2/web2/web/sistema/adsgrupo06/CodeIgniter/app/Views/atualizar_sala_form.php [17ms]
2023-11-27 11:42:34.365 [info] > git cat-file -s 51a56ce344b690e474a055779e06a49ad8e3160a [114ms]
2023-11-27 11:42:39.279 [info] > git config --get commit.template [57ms]
2023-11-27 11:42:39.281 [info] > git for-each-ref --format=%(refname)%00%(upstream:short)%00%(objectname)%00%(upstream:track)%00%(upstream:remotename)%00%(upstream:remoteref) refs/heads/main refs/remotes/main [26ms]
2023-11-27 11:42:39.614 [info] > git status -z -uall [304ms]
2023-11-27 11:42:43.283 [info] > git ls-files --stage -- /var/www/clients/client2/web2/web/sistema/adsgrupo06/CodeIgniter/app/Views/salas_editar_selecionada.php [25ms]
2023-11-27 11:42:43.308 [info] > git show --textconv :CodeIgniter/app/Views/salas_editar_selecionada.php [63ms]
2023-11-27 11:42:43.317 [info] > git cat-file -s 7a97fe92346e96166047b2ff3f92bda39c32f474 [9ms]
2023-11-27 11:42:44.743 [info] > git config --get commit.template [19ms]
2023-11-27 11:42:44.755 [info] > git for-each-ref --format=%(refname)%00%(upstream:short)%00%(objectname)%00%(upstream:track)%00%(upstream:remotename)%00%(upstream:remoteref) refs/heads/main refs/remotes/main [16ms]
2023-11-27 11:42:45.034 [info] > git status -z -uall [266ms]
2023-11-27 11:42:51.452 [info] > git config --get commit.template [27ms]
2023-11-27 11:42:51.474 [info] > git for-each-ref --format=%(refname)%00%(upstream:short)%00%(objectname)%00%(upstream:track)%00%(upstream:remotename)%00%(upstream:remoteref) refs/heads/main refs/remotes/main [44ms]
2023-11-27 11:42:51.709 [info] > git status -z -uall [223ms]
2023-11-27 11:42:55.675 [info] > git show --textconv :CodeIgniter/app/Views/salas_editar_selecao.php [15ms]
2023-11-27 11:42:55.677 [info] > git ls-files --stage -- /var/www/clients/client2/web2/web/sistema/adsgrupo06/CodeIgniter/app/Views/salas_editar_selecao.php [10ms]
2023-11-27 11:42:55.685 [info] > git cat-file -s a17e920e47a50d726e5376a88f2e1eb3f54dd3a9 [3ms]
2023-11-27 11:42:56.738 [info] > git config --get commit.template [7ms]
2023-11-27 11:42:56.743 [info] > git for-each-ref --format=%(refname)%00%(upstream:short)%00%(objectname)%00%(upstream:track)%00%(upstream:remotename)%00%(upstream:remoteref) refs/heads/main refs/remotes/main [6ms]
2023-11-27 11:42:56.834 [info] > git status -z -uall [83ms]
2023-11-27 11:43:01.961 [info] > git config --get commit.template [64ms]
2023-11-27 11:43:01.985 [info] > git for-each-ref --format=%(refname)%00%(upstream:short)%00%(objectname)%00%(upstream:track)%00%(upstream:remotename)%00%(upstream:remoteref) refs/heads/main refs/remotes/main [24ms]
2023-11-27 11:43:02.143 [info] > git status -z -uall [104ms]
2023-11-27 11:43:07.170 [info] > git config --get commit.template [8ms]
2023-11-27 11:43:07.173 [info] > git for-each-ref --format=%(refname)%00%(upstream:short)%00%(objectname)%00%(upstream:track)%00%(upstream:remotename)%00%(upstream:remoteref) refs/heads/main refs/remotes/main [4ms]
2023-11-27 11:43:07.233 [info] > git status -z -uall [54ms]
2023-11-27 11:43:12.253 [info] > git config --get commit.template [8ms]
2023-11-27 11:43:12.256 [info] > git for-each-ref --format=%(refname)%00%(upstream:short)%00%(objectname)%00%(upstream:track)%00%(upstream:remotename)%00%(upstream:remoteref) refs/heads/main refs/remotes/main [3ms]
2023-11-27 11:43:12.322 [info] > git status -z -uall [61ms]
2023-11-27 11:43:20.910 [info] > git config --get commit.template [8ms]
2023-11-27 11:43:20.915 [info] > git for-each-ref --format=%(refname)%00%(upstream:short)%00%(objectname)%00%(upstream:track)%00%(upstream:remotename)%00%(upstream:remoteref) refs/heads/main refs/remotes/main [6ms]
2023-11-27 11:43:20.981 [info] > git status -z -uall [62ms]
2023-11-27 11:43:26.010 [info] > git config --get commit.template [14ms]
2023-11-27 11:43:26.014 [info] > git for-each-ref --format=%(refname)%00%(upstream:short)%00%(objectname)%00%(upstream:track)%00%(upstream:remotename)%00%(upstream:remoteref) refs/heads/main refs/remotes/main [5ms]
2023-11-27 11:43:26.077 [info] > git status -z -uall [58ms]
2023-11-27 11:43:31.111 [info] > git config --get commit.template [22ms]
2023-11-27 11:43:31.116 [info] > git for-each-ref --format=%(refname)%00%(upstream:short)%00%(objectname)%00%(upstream:track)%00%(upstream:remotename)%00%(upstream:remoteref) refs/heads/main refs/remotes/main [6ms]
2023-11-27 11:43:31.181 [info] > git status -z -uall [59ms]
2023-11-27 11:43:36.200 [info] > git config --get commit.template [7ms]
2023-11-27 11:43:36.202 [info] > git for-each-ref --format=%(refname)%00%(upstream:short)%00%(objectname)%00%(upstream:track)%00%(upstream:remotename)%00%(upstream:remoteref) refs/heads/main refs/remotes/main [3ms]
2023-11-27 11:43:36.294 [info] > git status -z -uall [87ms]
2023-11-27 11:43:41.315 [info] > git config --get commit.template [8ms]
2023-11-27 11:43:41.318 [info] > git for-each-ref --format=%(refname)%00%(upstream:short)%00%(objectname)%00%(upstream:track)%00%(upstream:remotename)%00%(upstream:remoteref) refs/heads/main refs/remotes/main [3ms]
2023-11-27 11:43:41.406 [info] > git status -z -uall [82ms]
2023-11-27 11:43:48.828 [info] > git config --get commit.template [8ms]
2023-11-27 11:43:48.830 [info] > git for-each-ref --format=%(refname)%00%(upstream:short)%00%(objectname)%00%(upstream:track)%00%(upstream:remotename)%00%(upstream:remoteref) refs/heads/main refs/remotes/main [3ms]
2023-11-27 11:43:48.902 [info] > git status -z -uall [66ms]
2023-11-27 11:43:58.551 [info] > git config --get commit.template [10ms]
2023-11-27 11:43:58.555 [info] > git for-each-ref --format=%(refname)%00%(upstream:short)%00%(objectname)%00%(upstream:track)%00%(upstream:remotename)%00%(upstream:remoteref) refs/heads/main refs/remotes/main [6ms]
2023-11-27 11:43:58.718 [info] > git status -z -uall [157ms]
2023-11-27 11:44:03.745 [info] > git config --get commit.template [10ms]
2023-11-27 11:44:03.752 [info] > git for-each-ref --format=%(refname)%00%(upstream:short)%00%(objectname)%00%(upstream:track)%00%(upstream:remotename)%00%(upstream:remoteref) refs/heads/main refs/remotes/main [7ms]
2023-11-27 11:44:03.875 [info] > git status -z -uall [116ms]
2023-11-27 11:44:06.469 [info] > git show --textconv :CodeIgniter/app/Views/salas_editar_selecionada.php [14ms]
2023-11-27 11:44:06.474 [info] > git ls-files --stage -- /var/www/clients/client2/web2/web/sistema/adsgrupo06/CodeIgniter/app/Views/salas_editar_selecionada.php [9ms]
2023-11-27 11:44:06.484 [info] > git cat-file -s 7a97fe92346e96166047b2ff3f92bda39c32f474 [2ms]
2023-11-27 11:44:08.896 [info] > git config --get commit.template [9ms]
2023-11-27 11:44:08.900 [info] > git for-each-ref --format=%(refname)%00%(upstream:short)%00%(objectname)%00%(upstream:track)%00%(upstream:remotename)%00%(upstream:remoteref) refs/heads/main refs/remotes/main [5ms]
2023-11-27 11:44:08.957 [info] > git status -z -uall [52ms]
2023-11-27 11:44:13.984 [info] > git config --get commit.template [11ms]
2023-11-27 11:44:13.987 [info] > git for-each-ref --format=%(refname)%00%(upstream:short)%00%(objectname)%00%(upstream:track)%00%(upstream:remotename)%00%(upstream:remoteref) refs/heads/main refs/remotes/main [4ms]
2023-11-27 11:44:14.042 [info] > git status -z -uall [50ms]
2023-11-27 11:44:19.068 [info] > git config --get commit.template [8ms]
2023-11-27 11:44:19.071 [info] > git for-each-ref --format=%(refname)%00%(upstream:short)%00%(objectname)%00%(upstream:track)%00%(upstream:remotename)%00%(upstream:remoteref) refs/heads/main refs/remotes/main [4ms]
2023-11-27 11:44:19.153 [info] > git status -z -uall [77ms]
2023-11-27 11:44:24.183 [info] > git config --get commit.template [13ms]
2023-11-27 11:44:24.186 [info] > git for-each-ref --format=%(refname)%00%(upstream:short)%00%(objectname)%00%(upstream:track)%00%(upstream:remotename)%00%(upstream:remoteref) refs/heads/main refs/remotes/main [3ms]
2023-11-27 11:44:24.261 [info] > git status -z -uall [68ms]
2023-11-27 11:44:25.815 [info] > git show --textconv :CodeIgniter/app/Views/salas_editar_selecao.php [17ms]
2023-11-27 11:44:25.822 [info] > git ls-files --stage -- /var/www/clients/client2/web2/web/sistema/adsgrupo06/CodeIgniter/app/Views/salas_editar_selecao.php [8ms]
2023-11-27 11:44:25.830 [info] > git cat-file -s a17e920e47a50d726e5376a88f2e1eb3f54dd3a9 [3ms]
2023-11-27 11:44:29.297 [info] > git config --get commit.template [10ms]
2023-11-27 11:44:29.300 [info] > git for-each-ref --format=%(refname)%00%(upstream:short)%00%(objectname)%00%(upstream:track)%00%(upstream:remotename)%00%(upstream:remoteref) refs/heads/main refs/remotes/main [4ms]
2023-11-27 11:44:29.383 [info] > git status -z -uall [78ms]
2023-11-27 11:44:34.407 [info] > git config --get commit.template [10ms]
2023-11-27 11:44:34.411 [info] > git for-each-ref --format=%(refname)%00%(upstream:short)%00%(objectname)%00%(upstream:track)%00%(upstream:remotename)%00%(upstream:remoteref) refs/heads/main refs/remotes/main [5ms]
2023-11-27 11:44:34.480 [info] > git status -z -uall [61ms]
2023-11-27 11:44:39.511 [info] > git config --get commit.template [8ms]
2023-11-27 11:44:39.514 [info] > git for-each-ref --format=%(refname)%00%(upstream:short)%00%(objectname)%00%(upstream:track)%00%(upstream:remotename)%00%(upstream:remoteref) refs/heads/main refs/remotes/main [4ms]
2023-11-27 11:44:39.601 [info] > git status -z -uall [82ms]
2023-11-27 11:44:44.626 [info] > git config --get commit.template [8ms]
2023-11-27 11:44:44.629 [info] > git for-each-ref --format=%(refname)%00%(upstream:short)%00%(objectname)%00%(upstream:track)%00%(upstream:remotename)%00%(upstream:remoteref) refs/heads/main refs/remotes/main [4ms]
2023-11-27 11:44:44.688 [info] > git status -z -uall [54ms]
2023-11-27 11:44:49.711 [info] > git config --get commit.template [9ms]
2023-11-27 11:44:49.714 [info] > git for-each-ref --format=%(refname)%00%(upstream:short)%00%(objectname)%00%(upstream:track)%00%(upstream:remotename)%00%(upstream:remoteref) refs/heads/main refs/remotes/main [4ms]
2023-11-27 11:44:49.781 [info] > git status -z -uall [62ms]
2023-11-27 11:45:07.120 [info] > git config --get commit.template [23ms]
2023-11-27 11:45:07.126 [info] > git for-each-ref --format=%(refname)%00%(upstream:short)%00%(objectname)%00%(upstream:track)%00%(upstream:remotename)%00%(upstream:remoteref) refs/heads/main refs/remotes/main [26ms]
2023-11-27 11:45:07.346 [info] > git status -z -uall [208ms]
2023-11-27 11:45:09.302 [info] > git show --textconv :CodeIgniter/app/Views/salas_editar_selecionada.php [22ms]
2023-11-27 11:45:09.308 [info] > git ls-files --stage -- /var/www/clients/client2/web2/web/sistema/adsgrupo06/CodeIgniter/app/Views/salas_editar_selecionada.php [14ms]
2023-11-27 11:45:09.324 [info] > git cat-file -s 7a97fe92346e96166047b2ff3f92bda39c32f474 [6ms]
2023-11-27 11:45:12.393 [info] > git config --get commit.template [17ms]
2023-11-27 11:45:12.400 [info] > git for-each-ref --format=%(refname)%00%(upstream:short)%00%(objectname)%00%(upstream:track)%00%(upstream:remotename)%00%(upstream:remoteref) refs/heads/main refs/remotes/main [8ms]
2023-11-27 11:45:12.470 [info] > git status -z -uall [63ms]
2023-11-27 11:45:17.511 [info] > git config --get commit.template [22ms]
2023-11-27 11:45:17.517 [info] > git for-each-ref --format=%(refname)%00%(upstream:short)%00%(objectname)%00%(upstream:track)%00%(upstream:remotename)%00%(upstream:remoteref) refs/heads/main refs/remotes/main [7ms]
2023-11-27 11:45:17.622 [info] > git status -z -uall [90ms]
2023-11-27 11:45:22.673 [info] > git config --get commit.template [16ms]
2023-11-27 11:45:22.678 [info] > git for-each-ref --format=%(refname)%00%(upstream:short)%00%(objectname)%00%(upstream:track)%00%(upstream:remotename)%00%(upstream:remoteref) refs/heads/main refs/remotes/main [7ms]
2023-11-27 11:45:22.746 [info] > git status -z -uall [61ms]
2023-11-27 11:45:27.826 [info] > git config --get commit.template [35ms]
2023-11-27 11:45:27.836 [info] > git for-each-ref --format=%(refname)%00%(upstream:short)%00%(objectname)%00%(upstream:track)%00%(upstream:remotename)%00%(upstream:remoteref) refs/heads/main refs/remotes/main [24ms]
2023-11-27 11:45:28.021 [info] > git status -z -uall [174ms]
2023-11-27 11:45:33.044 [info] > git config --get commit.template [8ms]
2023-11-27 11:45:33.046 [info] > git for-each-ref --format=%(refname)%00%(upstream:short)%00%(objectname)%00%(upstream:track)%00%(upstream:remotename)%00%(upstream:remoteref) refs/heads/main refs/remotes/main [3ms]
2023-11-27 11:45:33.112 [info] > git status -z -uall [61ms]
2023-11-27 11:45:38.136 [info] > git config --get commit.template [8ms]
2023-11-27 11:45:38.138 [info] > git for-each-ref --format=%(refname)%00%(upstream:short)%00%(objectname)%00%(upstream:track)%00%(upstream:remotename)%00%(upstream:remoteref) refs/heads/main refs/remotes/main [3ms]
2023-11-27 11:45:38.248 [info] > git status -z -uall [104ms]
2023-11-27 11:45:43.268 [info] > git config --get commit.template [9ms]
2023-11-27 11:45:43.270 [info] > git for-each-ref --format=%(refname)%00%(upstream:short)%00%(objectname)%00%(upstream:track)%00%(upstream:remotename)%00%(upstream:remoteref) refs/heads/main refs/remotes/main [3ms]
2023-11-27 11:45:43.347 [info] > git status -z -uall [70ms]
2023-11-27 11:45:49.561 [info] > git config --get commit.template [11ms]
2023-11-27 11:45:49.564 [info] > git for-each-ref --format=%(refname)%00%(upstream:short)%00%(objectname)%00%(upstream:track)%00%(upstream:remotename)%00%(upstream:remoteref) refs/heads/main refs/remotes/main [4ms]
2023-11-27 11:45:49.672 [info] > git status -z -uall [101ms]
2023-11-27 11:45:54.706 [info] > git config --get commit.template [19ms]
2023-11-27 11:45:54.709 [info] > git for-each-ref --format=%(refname)%00%(upstream:short)%00%(objectname)%00%(upstream:track)%00%(upstream:remotename)%00%(upstream:remoteref) refs/heads/main refs/remotes/main [4ms]
2023-11-27 11:45:54.780 [info] > git status -z -uall [62ms]
2023-11-27 11:45:59.809 [info] > git config --get commit.template [10ms]
2023-11-27 11:45:59.812 [info] > git for-each-ref --format=%(refname)%00%(upstream:short)%00%(objectname)%00%(upstream:track)%00%(upstream:remotename)%00%(upstream:remoteref) refs/heads/main refs/remotes/main [2ms]
2023-11-27 11:45:59.883 [info] > git status -z -uall [65ms]
2023-11-27 11:46:04.916 [info] > git config --get commit.template [20ms]
2023-11-27 11:46:04.923 [info] > git for-each-ref --format=%(refname)%00%(upstream:short)%00%(objectname)%00%(upstream:track)%00%(upstream:remotename)%00%(upstream:remoteref) refs/heads/main refs/remotes/main [19ms]
2023-11-27 11:46:05.135 [info] > git status -z -uall [204ms]
2023-11-27 11:47:32.515 [info] > git config --get commit.template [9ms]
2023-11-27 11:47:32.518 [info] > git for-each-ref --format=%(refname)%00%(upstream:short)%00%(objectname)%00%(upstream:track)%00%(upstream:remotename)%00%(upstream:remoteref) refs/heads/main refs/remotes/main [4ms]
2023-11-27 11:47:32.581 [info] > git status -z -uall [58ms]
2023-11-27 11:48:15.127 [info] > git config --get commit.template [9ms]
2023-11-27 11:48:15.130 [info] > git for-each-ref --format=%(refname)%00%(upstream:short)%00%(objectname)%00%(upstream:track)%00%(upstream:remotename)%00%(upstream:remoteref) refs/heads/main refs/remotes/main [3ms]
2023-11-27 11:48:15.202 [info] > git status -z -uall [66ms]
2023-11-27 11:48:24.400 [info] > git config --get commit.template [26ms]
2023-11-27 11:48:24.405 [info] > git for-each-ref --format=%(refname)%00%(upstream:short)%00%(objectname)%00%(upstream:track)%00%(upstream:remotename)%00%(upstream:remoteref) refs/heads/main refs/remotes/main [25ms]
2023-11-27 11:48:24.663 [info] > git status -z -uall [251ms]
2023-11-27 11:48:29.689 [info] > git config --get commit.template [8ms]
2023-11-27 11:48:29.694 [info] > git for-each-ref --format=%(refname)%00%(upstream:short)%00%(objectname)%00%(upstream:track)%00%(upstream:remotename)%00%(upstream:remoteref) refs/heads/main refs/remotes/main [5ms]
2023-11-27 11:48:29.789 [info] > git status -z -uall [90ms]
2023-11-27 11:48:38.316 [info] > git config --get commit.template [8ms]
2023-11-27 11:48:38.318 [info] > git for-each-ref --format=%(refname)%00%(upstream:short)%00%(objectname)%00%(upstream:track)%00%(upstream:remotename)%00%(upstream:remoteref) refs/heads/main refs/remotes/main [3ms]
2023-11-27 11:48:38.386 [info] > git status -z -uall [63ms]
2023-11-27 11:48:43.427 [info] > git config --get commit.template [11ms]
2023-11-27 11:48:43.431 [info] > git for-each-ref --format=%(refname)%00%(upstream:short)%00%(objectname)%00%(upstream:track)%00%(upstream:remotename)%00%(upstream:remoteref) refs/heads/main refs/remotes/main [3ms]
2023-11-27 11:48:43.499 [info] > git status -z -uall [63ms]
2023-11-27 11:48:48.536 [info] > git config --get commit.template [9ms]
2023-11-27 11:48:48.538 [info] > git for-each-ref --format=%(refname)%00%(upstream:short)%00%(objectname)%00%(upstream:track)%00%(upstream:remotename)%00%(upstream:remoteref) refs/heads/main refs/remotes/main [3ms]
2023-11-27 11:48:48.610 [info] > git status -z -uall [66ms]
2023-11-27 11:49:32.676 [info] > git config --get commit.template [27ms]
2023-11-27 11:49:32.680 [info] > git for-each-ref --format=%(refname)%00%(upstream:short)%00%(objectname)%00%(upstream:track)%00%(upstream:remotename)%00%(upstream:remoteref) refs/heads/main refs/remotes/main [26ms]
2023-11-27 11:49:32.902 [info] > git status -z -uall [216ms]
2023-11-27 11:49:37.946 [info] > git config --get commit.template [9ms]
2023-11-27 11:49:37.950 [info] > git for-each-ref --format=%(refname)%00%(upstream:short)%00%(objectname)%00%(upstream:track)%00%(upstream:remotename)%00%(upstream:remoteref) refs/heads/main refs/remotes/main [5ms]
2023-11-27 11:49:38.045 [info] > git status -z -uall [90ms]
2023-11-27 11:49:43.077 [info] > git config --get commit.template [14ms]
2023-11-27 11:49:43.085 [info] > git for-each-ref --format=%(refname)%00%(upstream:short)%00%(objectname)%00%(upstream:track)%00%(upstream:remotename)%00%(upstream:remoteref) refs/heads/main refs/remotes/main [11ms]
2023-11-27 11:49:43.207 [info] > git status -z -uall [114ms]
2023-11-27 11:49:48.234 [info] > git config --get commit.template [8ms]
2023-11-27 11:49:48.237 [info] > git for-each-ref --format=%(refname)%00%(upstream:short)%00%(objectname)%00%(upstream:track)%00%(upstream:remotename)%00%(upstream:remoteref) refs/heads/main refs/remotes/main [4ms]
2023-11-27 11:49:48.319 [info] > git status -z -uall [77ms]
2023-11-27 11:49:55.036 [info] > git config --get commit.template [11ms]
2023-11-27 11:49:55.040 [info] > git for-each-ref --format=%(refname)%00%(upstream:short)%00%(objectname)%00%(upstream:track)%00%(upstream:remotename)%00%(upstream:remoteref) refs/heads/main refs/remotes/main [5ms]
2023-11-27 11:49:55.110 [info] > git status -z -uall [65ms]
2023-11-27 11:50:00.146 [info] > git config --get commit.template [10ms]
2023-11-27 11:50:00.149 [info] > git for-each-ref --format=%(refname)%00%(upstream:short)%00%(objectname)%00%(upstream:track)%00%(upstream:remotename)%00%(upstream:remoteref) refs/heads/main refs/remotes/main [4ms]
2023-11-27 11:50:00.220 [info] > git status -z -uall [66ms]
2023-11-27 11:50:11.498 [info] > git config --get commit.template [18ms]
2023-11-27 11:50:11.500 [info] > git for-each-ref --format=%(refname)%00%(upstream:short)%00%(objectname)%00%(upstream:track)%00%(upstream:remotename)%00%(upstream:remoteref) refs/heads/main refs/remotes/main [18ms]
2023-11-27 11:50:11.728 [info] > git status -z -uall [214ms]
2023-11-27 11:50:16.771 [info] > git config --get commit.template [17ms]
2023-11-27 11:50:16.775 [info] > git for-each-ref --format=%(refname)%00%(upstream:short)%00%(objectname)%00%(upstream:track)%00%(upstream:remotename)%00%(upstream:remoteref) refs/heads/main refs/remotes/main [14ms]
2023-11-27 11:50:16.895 [info] > git status -z -uall [106ms]
2023-11-27 11:50:21.919 [info] > git config --get commit.template [8ms]
2023-11-27 11:50:21.921 [info] > git for-each-ref --format=%(refname)%00%(upstream:short)%00%(objectname)%00%(upstream:track)%00%(upstream:remotename)%00%(upstream:remoteref) refs/heads/main refs/remotes/main [3ms]
2023-11-27 11:50:22.018 [info] > git status -z -uall [91ms]
2023-11-27 11:50:41.775 [info] > git config --get commit.template [15ms]
2023-11-27 11:50:41.781 [info] > git for-each-ref --format=%(refname)%00%(upstream:short)%00%(objectname)%00%(upstream:track)%00%(upstream:remotename)%00%(upstream:remoteref) refs/heads/main refs/remotes/main [7ms]
2023-11-27 11:50:41.884 [info] > git status -z -uall [97ms]
2023-11-27 11:50:46.916 [info] > git config --get commit.template [12ms]
2023-11-27 11:50:46.919 [info] > git for-each-ref --format=%(refname)%00%(upstream:short)%00%(objectname)%00%(upstream:track)%00%(upstream:remotename)%00%(upstream:remoteref) refs/heads/main refs/remotes/main [4ms]
2023-11-27 11:50:47.009 [info] > git status -z -uall [81ms]
2023-11-27 11:51:16.620 [info] > git config --get commit.template [17ms]
2023-11-27 11:51:16.624 [info] > git for-each-ref --format=%(refname)%00%(upstream:short)%00%(objectname)%00%(upstream:track)%00%(upstream:remotename)%00%(upstream:remoteref) refs/heads/main refs/remotes/main [14ms]
2023-11-27 11:51:16.837 [info] > git status -z -uall [207ms]
2023-11-27 11:51:21.868 [info] > git config --get commit.template [9ms]
2023-11-27 11:51:21.872 [info] > git for-each-ref --format=%(refname)%00%(upstream:short)%00%(objectname)%00%(upstream:track)%00%(upstream:remotename)%00%(upstream:remoteref) refs/heads/main refs/remotes/main [6ms]
2023-11-27 11:51:21.977 [info] > git status -z -uall [98ms]
2023-11-27 11:51:27.033 [info] > git config --get commit.template [19ms]
2023-11-27 11:51:27.063 [info] > git for-each-ref --format=%(refname)%00%(upstream:short)%00%(objectname)%00%(upstream:track)%00%(upstream:remotename)%00%(upstream:remoteref) refs/heads/main refs/remotes/main [31ms]
2023-11-27 11:51:27.231 [info] > git status -z -uall [140ms]
2023-11-27 11:51:41.824 [info] > git config --get commit.template [12ms]
2023-11-27 11:51:41.826 [info] > git for-each-ref --format=%(refname)%00%(upstream:short)%00%(objectname)%00%(upstream:track)%00%(upstream:remotename)%00%(upstream:remoteref) refs/heads/main refs/remotes/main [4ms]
2023-11-27 11:51:41.933 [info] > git status -z -uall [92ms]
2023-11-27 11:51:46.962 [info] > git config --get commit.template [11ms]
2023-11-27 11:51:46.964 [info] > git for-each-ref --format=%(refname)%00%(upstream:short)%00%(objectname)%00%(upstream:track)%00%(upstream:remotename)%00%(upstream:remoteref) refs/heads/main refs/remotes/main [4ms]
2023-11-27 11:51:47.041 [info] > git status -z -uall [69ms]
2023-11-27 11:51:52.078 [info] > git config --get commit.template [19ms]
2023-11-27 11:51:52.082 [info] > git for-each-ref --format=%(refname)%00%(upstream:short)%00%(objectname)%00%(upstream:track)%00%(upstream:remotename)%00%(upstream:remoteref) refs/heads/main refs/remotes/main [16ms]
2023-11-27 11:51:52.150 [info] > git status -z -uall [62ms]
2023-11-27 11:51:57.180 [info] > git config --get commit.template [9ms]
2023-11-27 11:51:57.182 [info] > git for-each-ref --format=%(refname)%00%(upstream:short)%00%(objectname)%00%(upstream:track)%00%(upstream:remotename)%00%(upstream:remoteref) refs/heads/main refs/remotes/main [3ms]
2023-11-27 11:51:57.245 [info] > git status -z -uall [59ms]
2023-11-27 11:52:02.281 [info] > git config --get commit.template [21ms]
2023-11-27 11:52:02.284 [info] > git for-each-ref --format=%(refname)%00%(upstream:short)%00%(objectname)%00%(upstream:track)%00%(upstream:remotename)%00%(upstream:remoteref) refs/heads/main refs/remotes/main [15ms]
2023-11-27 11:52:02.520 [info] > git status -z -uall [225ms]
2023-11-27 11:52:47.190 [info] > git config --get commit.template [9ms]
2023-11-27 11:52:47.195 [info] > git for-each-ref --format=%(refname)%00%(upstream:short)%00%(objectname)%00%(upstream:track)%00%(upstream:remotename)%00%(upstream:remoteref) refs/heads/main refs/remotes/main [6ms]
2023-11-27 11:52:47.286 [info] > git status -z -uall [85ms]
2023-11-27 11:52:52.321 [info] > git config --get commit.template [12ms]
2023-11-27 11:52:52.323 [info] > git for-each-ref --format=%(refname)%00%(upstream:short)%00%(objectname)%00%(upstream:track)%00%(upstream:remotename)%00%(upstream:remoteref) refs/heads/main refs/remotes/main [3ms]
2023-11-27 11:52:52.394 [info] > git status -z -uall [66ms]
2023-11-27 11:53:03.011 [info] > git config --get commit.template [18ms]
2023-11-27 11:53:03.013 [info] > git for-each-ref --format=%(refname)%00%(upstream:short)%00%(objectname)%00%(upstream:track)%00%(upstream:remotename)%00%(upstream:remoteref) refs/heads/main refs/remotes/main [19ms]
2023-11-27 11:53:03.184 [info] > git status -z -uall [164ms]
2023-11-27 11:53:08.222 [info] > git config --get commit.template [10ms]
2023-11-27 11:53:08.229 [info] > git for-each-ref --format=%(refname)%00%(upstream:short)%00%(objectname)%00%(upstream:track)%00%(upstream:remotename)%00%(upstream:remoteref) refs/heads/main refs/remotes/main [10ms]
2023-11-27 11:53:08.331 [info] > git status -z -uall [97ms]
2023-11-27 11:53:13.352 [info] > git config --get commit.template [8ms]
2023-11-27 11:53:13.354 [info] > git for-each-ref --format=%(refname)%00%(upstream:short)%00%(objectname)%00%(upstream:track)%00%(upstream:remotename)%00%(upstream:remoteref) refs/heads/main refs/remotes/main [2ms]
2023-11-27 11:53:13.425 [info] > git status -z -uall [65ms]
2023-11-27 11:53:18.463 [info] > git config --get commit.template [11ms]
2023-11-27 11:53:18.469 [info] > git for-each-ref --format=%(refname)%00%(upstream:short)%00%(objectname)%00%(upstream:track)%00%(upstream:remotename)%00%(upstream:remoteref) refs/heads/main refs/remotes/main [7ms]
2023-11-27 11:53:18.553 [info] > git status -z -uall [76ms]
2023-11-27 11:53:23.645 [info] > git config --get commit.template [9ms]
2023-11-27 11:53:23.647 [info] > git for-each-ref --format=%(refname)%00%(upstream:short)%00%(objectname)%00%(upstream:track)%00%(upstream:remotename)%00%(upstream:remoteref) refs/heads/main refs/remotes/main [3ms]
2023-11-27 11:53:23.709 [info] > git status -z -uall [57ms]
2023-11-27 11:54:10.469 [info] > git config --get commit.template [19ms]
2023-11-27 11:54:10.472 [info] > git for-each-ref --format=%(refname)%00%(upstream:short)%00%(objectname)%00%(upstream:track)%00%(upstream:remotename)%00%(upstream:remoteref) refs/heads/main refs/remotes/main [15ms]
2023-11-27 11:54:10.651 [info] > git status -z -uall [173ms]
2023-11-27 11:54:15.747 [info] > git config --get commit.template [8ms]
2023-11-27 11:54:15.751 [info] > git for-each-ref --format=%(refname)%00%(upstream:short)%00%(objectname)%00%(upstream:track)%00%(upstream:remotename)%00%(upstream:remoteref) refs/heads/main refs/remotes/main [5ms]
2023-11-27 11:54:15.848 [info] > git status -z -uall [92ms]
2023-11-27 11:57:58.218 [info] > git config --get commit.template [18ms]
2023-11-27 11:57:58.224 [info] > git for-each-ref --format=%(refname)%00%(upstream:short)%00%(objectname)%00%(upstream:track)%00%(upstream:remotename)%00%(upstream:remoteref) refs/heads/main refs/remotes/main [19ms]
2023-11-27 11:57:58.429 [info] > git status -z -uall [196ms]
2023-11-27 11:58:01.189 [info] > git show --textconv :CodeIgniter/app/Views/salas_exibir.php [23ms]
2023-11-27 11:58:01.193 [info] > git ls-files --stage -- /var/www/clients/client2/web2/web/sistema/adsgrupo06/CodeIgniter/app/Views/salas_exibir.php [13ms]
2023-11-27 11:58:01.219 [info] > git cat-file -s 3c77bb1fde920ee3ccd4bef198182bd92174933f [8ms]
2023-11-27 11:58:03.464 [info] > git config --get commit.template [7ms]
2023-11-27 11:58:03.470 [info] > git for-each-ref --format=%(refname)%00%(upstream:short)%00%(objectname)%00%(upstream:track)%00%(upstream:remotename)%00%(upstream:remoteref) refs/heads/main refs/remotes/main [7ms]
2023-11-27 11:58:03.566 [info] > git status -z -uall [88ms]
2023-11-27 11:58:08.602 [info] > git config --get commit.template [1ms]
2023-11-27 11:58:08.616 [info] > git for-each-ref --format=%(refname)%00%(upstream:short)%00%(objectname)%00%(upstream:track)%00%(upstream:remotename)%00%(upstream:remoteref) refs/heads/main refs/remotes/main [4ms]
2023-11-27 11:58:08.716 [info] > git status -z -uall [94ms]
2023-11-27 12:06:50.174 [info] > git config --get commit.template [24ms]
2023-11-27 12:06:50.178 [info] > git for-each-ref --format=%(refname)%00%(upstream:short)%00%(objectname)%00%(upstream:track)%00%(upstream:remotename)%00%(upstream:remoteref) refs/heads/main refs/remotes/main [29ms]
2023-11-27 12:06:50.419 [info] > git status -z -uall [235ms]
2023-11-27 12:07:00.069 [info] > git config --get commit.template [8ms]
2023-11-27 12:07:00.076 [info] > git for-each-ref --format=%(refname)%00%(upstream:short)%00%(objectname)%00%(upstream:track)%00%(upstream:remotename)%00%(upstream:remoteref) refs/heads/main refs/remotes/main [8ms]
2023-11-27 12:07:00.176 [info] > git status -z -uall [95ms]
2023-11-27 12:12:50.685 [info] > git config --get commit.template [27ms]
2023-11-27 12:12:50.693 [info] > git for-each-ref --format=%(refname)%00%(upstream:short)%00%(objectname)%00%(upstream:track)%00%(upstream:remotename)%00%(upstream:remoteref) refs/heads/main refs/remotes/main [25ms]
2023-11-27 12:12:50.921 [info] > git status -z -uall [213ms]
2023-11-27 12:12:55.975 [info] > git config --get commit.template [7ms]
2023-11-27 12:12:55.979 [info] > git for-each-ref --format=%(refname)%00%(upstream:short)%00%(objectname)%00%(upstream:track)%00%(upstream:remotename)%00%(upstream:remoteref) refs/heads/main refs/remotes/main [5ms]
2023-11-27 12:12:56.056 [info] > git status -z -uall [71ms]
2023-11-27 12:12:58.619 [info] > git show --textconv :CodeIgniter/app/Views/atualizar_sala_form.php [16ms]
2023-11-27 12:12:58.622 [info] > git ls-files --stage -- /var/www/clients/client2/web2/web/sistema/adsgrupo06/CodeIgniter/app/Views/atualizar_sala_form.php [9ms]
2023-11-27 12:12:58.632 [info] > git cat-file -s 51a56ce344b690e474a055779e06a49ad8e3160a [3ms]
2023-11-27 12:13:01.098 [info] > git config --get commit.template [12ms]
2023-11-27 12:13:01.106 [info] > git for-each-ref --format=%(refname)%00%(upstream:short)%00%(objectname)%00%(upstream:track)%00%(upstream:remotename)%00%(upstream:remoteref) refs/heads/main refs/remotes/main [10ms]
2023-11-27 12:13:01.238 [info] > git status -z -uall [122ms]
2023-11-27 12:13:06.287 [info] > git config --get commit.template [15ms]
2023-11-27 12:13:06.292 [info] > git for-each-ref --format=%(refname)%00%(upstream:short)%00%(objectname)%00%(upstream:track)%00%(upstream:remotename)%00%(upstream:remoteref) refs/heads/main refs/remotes/main [14ms]
2023-11-27 12:13:06.438 [info] > git status -z -uall [140ms]
2023-11-27 12:13:11.481 [info] > git config --get commit.template [18ms]
2023-11-27 12:13:11.484 [info] > git for-each-ref --format=%(refname)%00%(upstream:short)%00%(objectname)%00%(upstream:track)%00%(upstream:remotename)%00%(upstream:remoteref) refs/heads/main refs/remotes/main [6ms]
2023-11-27 12:13:11.591 [info] > git status -z -uall [97ms]
2023-11-27 12:13:16.621 [info] > git config --get commit.template [12ms]
2023-11-27 12:13:16.627 [info] > git for-each-ref --format=%(refname)%00%(upstream:short)%00%(objectname)%00%(upstream:track)%00%(upstream:remotename)%00%(upstream:remoteref) refs/heads/main refs/remotes/main [7ms]
2023-11-27 12:13:16.724 [info] > git status -z -uall [91ms]
2023-11-27 12:13:21.758 [info] > git config --get commit.template [12ms]
2023-11-27 12:13:21.760 [info] > git for-each-ref --format=%(refname)%00%(upstream:short)%00%(objectname)%00%(upstream:track)%00%(upstream:remotename)%00%(upstream:remoteref) refs/heads/main refs/remotes/main [4ms]
2023-11-27 12:13:21.874 [info] > git status -z -uall [108ms]
2023-11-27 12:13:26.905 [info] > git config --get commit.template [6ms]
2023-11-27 12:13:26.908 [info] > git for-each-ref --format=%(refname)%00%(upstream:short)%00%(objectname)%00%(upstream:track)%00%(upstream:remotename)%00%(upstream:remoteref) refs/heads/main refs/remotes/main [4ms]
2023-11-27 12:13:27.007 [info] > git status -z -uall [92ms]
2023-11-27 12:13:28.586 [info] > git ls-files --stage -- /var/www/clients/client2/web2/web/sistema/adsgrupo06/CodeIgniter/app/Views/salas_exibir.php [17ms]
2023-11-27 12:13:28.596 [info] > git show --textconv :CodeIgniter/app/Views/salas_exibir.php [34ms]
2023-11-27 12:13:28.600 [info] > git cat-file -s 3c77bb1fde920ee3ccd4bef198182bd92174933f [5ms]
2023-11-27 12:13:56.255 [info] > git config --get commit.template [12ms]
2023-11-27 12:13:56.259 [info] > git for-each-ref --format=%(refname)%00%(upstream:short)%00%(objectname)%00%(upstream:track)%00%(upstream:remotename)%00%(upstream:remoteref) refs/heads/main refs/remotes/main [6ms]
2023-11-27 12:13:56.404 [info] > git status -z -uall [135ms]
2023-11-27 12:15:30.212 [info] > git config --get commit.template [26ms]
2023-11-27 12:15:30.220 [info] > git for-each-ref --format=%(refname)%00%(upstream:short)%00%(objectname)%00%(upstream:track)%00%(upstream:remotename)%00%(upstream:remoteref) refs/heads/main refs/remotes/main [53ms]
2023-11-27 12:15:30.427 [info] > git status -z -uall [193ms]
2023-11-27 12:15:41.922 [info] > git config --get commit.template [9ms]
2023-11-27 12:15:41.926 [info] > git for-each-ref --format=%(refname)%00%(upstream:short)%00%(objectname)%00%(upstream:track)%00%(upstream:remotename)%00%(upstream:remoteref) refs/heads/main refs/remotes/main [4ms]
2023-11-27 12:15:42.029 [info] > git status -z -uall [97ms]
2023-11-27 12:19:03.368 [info] > git config --get commit.template [18ms]
2023-11-27 12:19:03.371 [info] > git for-each-ref --format=%(refname)%00%(upstream:short)%00%(objectname)%00%(upstream:track)%00%(upstream:remotename)%00%(upstream:remoteref) refs/heads/main refs/remotes/main [14ms]
2023-11-27 12:19:03.540 [info] > git status -z -uall [162ms]
2023-11-27 12:19:06.530 [info] > git ls-files --stage -- /var/www/clients/client2/web2/web/sistema/adsgrupo06/CodeIgniter/app/Views/salas_editar_selecionada.php [7ms]
2023-11-27 12:19:06.545 [info] > git show --textconv :CodeIgniter/app/Views/salas_editar_selecionada.php [30ms]
2023-11-27 12:19:06.548 [info] > git cat-file -s 7a97fe92346e96166047b2ff3f92bda39c32f474 [4ms]
2023-11-27 12:19:08.572 [info] > git config --get commit.template [10ms]
2023-11-27 12:19:08.576 [info] > git for-each-ref --format=%(refname)%00%(upstream:short)%00%(objectname)%00%(upstream:track)%00%(upstream:remotename)%00%(upstream:remoteref) refs/heads/main refs/remotes/main [4ms]
2023-11-27 12:19:08.665 [info] > git status -z -uall [84ms]
2023-11-27 12:19:13.698 [info] > git config --get commit.template [10ms]
2023-11-27 12:19:13.700 [info] > git for-each-ref --format=%(refname)%00%(upstream:short)%00%(objectname)%00%(upstream:track)%00%(upstream:remotename)%00%(upstream:remoteref) refs/heads/main refs/remotes/main [5ms]
2023-11-27 12:19:13.772 [info] > git status -z -uall [65ms]
2023-11-27 12:19:15.096 [info] > git show --textconv :CodeIgniter/app/Views/salas_editar_selecao.php [14ms]
2023-11-27 12:19:15.099 [info] > git ls-files --stage -- /var/www/clients/client2/web2/web/sistema/adsgrupo06/CodeIgniter/app/Views/salas_editar_selecao.php [9ms]
2023-11-27 12:19:15.106 [info] > git cat-file -s a17e920e47a50d726e5376a88f2e1eb3f54dd3a9 [2ms]
2023-11-27 12:19:18.795 [info] > git config --get commit.template [8ms]
2023-11-27 12:19:18.797 [info] > git for-each-ref --format=%(refname)%00%(upstream:short)%00%(objectname)%00%(upstream:track)%00%(upstream:remotename)%00%(upstream:remoteref) refs/heads/main refs/remotes/main [3ms]
2023-11-27 12:19:18.863 [info] > git status -z -uall [61ms]
2023-11-27 12:19:23.888 [info] > git config --get commit.template [8ms]
2023-11-27 12:19:23.893 [info] > git for-each-ref --format=%(refname)%00%(upstream:short)%00%(objectname)%00%(upstream:track)%00%(upstream:remotename)%00%(upstream:remoteref) refs/heads/main refs/remotes/main [6ms]
2023-11-27 12:19:23.964 [info] > git status -z -uall [65ms]
2023-11-27 12:19:45.683 [info] > git config --get commit.template [9ms]
2023-11-27 12:19:45.686 [info] > git for-each-ref --format=%(refname)%00%(upstream:short)%00%(objectname)%00%(upstream:track)%00%(upstream:remotename)%00%(upstream:remoteref) refs/heads/main refs/remotes/main [4ms]
2023-11-27 12:19:45.750 [info] > git status -z -uall [59ms]
2023-11-27 12:19:50.785 [info] > git config --get commit.template [8ms]
2023-11-27 12:19:50.787 [info] > git for-each-ref --format=%(refname)%00%(upstream:short)%00%(objectname)%00%(upstream:track)%00%(upstream:remotename)%00%(upstream:remoteref) refs/heads/main refs/remotes/main [3ms]
2023-11-27 12:19:50.853 [info] > git status -z -uall [60ms]
2023-11-27 12:20:01.513 [info] > git config --get commit.template [13ms]
2023-11-27 12:20:01.516 [info] > git for-each-ref --format=%(refname)%00%(upstream:short)%00%(objectname)%00%(upstream:track)%00%(upstream:remotename)%00%(upstream:remoteref) refs/heads/main refs/remotes/main [4ms]
2023-11-27 12:20:01.610 [info] > git status -z -uall [86ms]
2023-11-27 12:21:22.524 [info] > git config --get commit.template [19ms]
2023-11-27 12:21:22.526 [info] > git for-each-ref --format=%(refname)%00%(upstream:short)%00%(objectname)%00%(upstream:track)%00%(upstream:remotename)%00%(upstream:remoteref) refs/heads/main refs/remotes/main [16ms]
2023-11-27 12:21:22.750 [info] > git status -z -uall [217ms]
2023-11-27 12:22:04.819 [info] > git config --get commit.template [20ms]
2023-11-27 12:22:04.827 [info] > git for-each-ref --format=%(refname)%00%(upstream:short)%00%(objectname)%00%(upstream:track)%00%(upstream:remotename)%00%(upstream:remoteref) refs/heads/main refs/remotes/main [21ms]
2023-11-27 12:22:04.916 [info] > git status -z -uall [84ms]
2023-11-27 12:22:09.938 [info] > git config --get commit.template [8ms]
2023-11-27 12:22:09.942 [info] > git for-each-ref --format=%(refname)%00%(upstream:short)%00%(objectname)%00%(upstream:track)%00%(upstream:remotename)%00%(upstream:remoteref) refs/heads/main refs/remotes/main [4ms]
2023-11-27 12:22:10.007 [info] > git status -z -uall [59ms]
2023-11-27 12:22:15.038 [info] > git config --get commit.template [11ms]
2023-11-27 12:22:15.040 [info] > git for-each-ref --format=%(refname)%00%(upstream:short)%00%(objectname)%00%(upstream:track)%00%(upstream:remotename)%00%(upstream:remoteref) refs/heads/main refs/remotes/main [3ms]
2023-11-27 12:22:15.104 [info] > git status -z -uall [59ms]
2023-11-27 12:22:16.553 [info] > git check-ignore -v -z --stdin [17ms]
2023-11-27 12:22:18.764 [info] > git check-ignore -v -z --stdin [6ms]
2023-11-27 12:22:20.125 [info] > git config --get commit.template [7ms]
2023-11-27 12:22:20.128 [info] > git for-each-ref --format=%(refname)%00%(upstream:short)%00%(objectname)%00%(upstream:track)%00%(upstream:remotename)%00%(upstream:remoteref) refs/heads/main refs/remotes/main [4ms]
2023-11-27 12:22:20.194 [info] > git status -z -uall [60ms]
2023-11-27 12:22:20.867 [info] > git check-ignore -v -z --stdin [5ms]
2023-11-27 12:22:21.419 [info] > git check-ignore -v -z --stdin [5ms]
2023-11-27 12:22:22.603 [info] > git show --textconv :CodeIgniter/app/Config/Routes.php [14ms]
2023-11-27 12:22:22.606 [info] > git ls-files --stage -- /var/www/clients/client2/web2/web/sistema/adsgrupo06/CodeIgniter/app/Config/Routes.php [8ms]
2023-11-27 12:22:22.614 [info] > git cat-file -s 99142baf65a49275a7e5a309bf9fc901f8356cdc [3ms]
2023-11-27 12:22:25.215 [info] > git config --get commit.template [7ms]
2023-11-27 12:22:25.217 [info] > git for-each-ref --format=%(refname)%00%(upstream:short)%00%(objectname)%00%(upstream:track)%00%(upstream:remotename)%00%(upstream:remoteref) refs/heads/main refs/remotes/main [3ms]
2023-11-27 12:22:25.316 [info] > git status -z -uall [94ms]
2023-11-27 12:22:30.350 [info] > git config --get commit.template [15ms]
2023-11-27 12:22:30.353 [info] > git for-each-ref --format=%(refname)%00%(upstream:short)%00%(objectname)%00%(upstream:track)%00%(upstream:remotename)%00%(upstream:remoteref) refs/heads/main refs/remotes/main [6ms]
2023-11-27 12:22:30.441 [info] > git status -z -uall [78ms]
2023-11-27 12:22:52.742 [info] > git config --get commit.template [9ms]
2023-11-27 12:22:52.746 [info] > git for-each-ref --format=%(refname)%00%(upstream:short)%00%(objectname)%00%(upstream:track)%00%(upstream:remotename)%00%(upstream:remoteref) refs/heads/main refs/remotes/main [4ms]
2023-11-27 12:22:52.819 [info] > git status -z -uall [68ms]
2023-11-27 12:22:57.419 [info] > git show --textconv :CodeIgniter/app/Views/salas_editar_selecao.php [22ms]
2023-11-27 12:22:57.420 [info] > git ls-files --stage -- /var/www/clients/client2/web2/web/sistema/adsgrupo06/CodeIgniter/app/Views/salas_editar_selecao.php [15ms]
2023-11-27 12:22:57.427 [info] > git cat-file -s a17e920e47a50d726e5376a88f2e1eb3f54dd3a9 [2ms]
2023-11-27 12:22:57.652 [info] > git check-ignore -v -z --stdin [5ms]
2023-11-27 12:22:57.841 [info] > git config --get commit.template [7ms]
2023-11-27 12:22:57.844 [info] > git for-each-ref --format=%(refname)%00%(upstream:short)%00%(objectname)%00%(upstream:track)%00%(upstream:remotename)%00%(upstream:remoteref) refs/heads/main refs/remotes/main [4ms]
2023-11-27 12:22:57.908 [info] > git status -z -uall [59ms]
2023-11-27 12:23:02.944 [info] > git config --get commit.template [20ms]
2023-11-27 12:23:02.949 [info] > git for-each-ref --format=%(refname)%00%(upstream:short)%00%(objectname)%00%(upstream:track)%00%(upstream:remotename)%00%(upstream:remoteref) refs/heads/main refs/remotes/main [17ms]
2023-11-27 12:23:03.109 [info] > git status -z -uall [154ms]
2023-11-27 12:23:08.135 [info] > git config --get commit.template [8ms]
2023-11-27 12:23:08.137 [info] > git for-each-ref --format=%(refname)%00%(upstream:short)%00%(objectname)%00%(upstream:track)%00%(upstream:remotename)%00%(upstream:remoteref) refs/heads/main refs/remotes/main [3ms]
2023-11-27 12:23:08.215 [info] > git status -z -uall [72ms]
2023-11-27 12:23:13.238 [info] > git config --get commit.template [8ms]
2023-11-27 12:23:13.241 [info] > git for-each-ref --format=%(refname)%00%(upstream:short)%00%(objectname)%00%(upstream:track)%00%(upstream:remotename)%00%(upstream:remoteref) refs/heads/main refs/remotes/main [3ms]
2023-11-27 12:23:13.341 [info] > git status -z -uall [94ms]
2023-11-27 12:23:14.430 [info] > git show --textconv :CodeIgniter/app/Views/atualizar_sala_form.php [14ms]
2023-11-27 12:23:14.433 [info] > git ls-files --stage -- /var/www/clients/client2/web2/web/sistema/adsgrupo06/CodeIgniter/app/Views/atualizar_sala_form.php [8ms]
2023-11-27 12:23:14.441 [info] > git cat-file -s 51a56ce344b690e474a055779e06a49ad8e3160a [3ms]
2023-11-27 12:23:17.131 [info] > git show --textconv :CodeIgniter/app/Views/salas_editar_selecao.php [15ms]
2023-11-27 12:23:17.134 [info] > git ls-files --stage -- /var/www/clients/client2/web2/web/sistema/adsgrupo06/CodeIgniter/app/Views/salas_editar_selecao.php [7ms]
2023-11-27 12:23:17.141 [info] > git cat-file -s a17e920e47a50d726e5376a88f2e1eb3f54dd3a9 [2ms]
2023-11-27 12:23:18.012 [info] > git show --textconv :CodeIgniter/app/Views/salas_exibir.php [18ms]
2023-11-27 12:23:18.015 [info] > git ls-files --stage -- /var/www/clients/client2/web2/web/sistema/adsgrupo06/CodeIgniter/app/Views/salas_exibir.php [10ms]
2023-11-27 12:23:18.026 [info] > git cat-file -s 3c77bb1fde920ee3ccd4bef198182bd92174933f [4ms]
2023-11-27 12:23:18.364 [info] > git config --get commit.template [9ms]
2023-11-27 12:23:18.366 [info] > git for-each-ref --format=%(refname)%00%(upstream:short)%00%(objectname)%00%(upstream:track)%00%(upstream:remotename)%00%(upstream:remoteref) refs/heads/main refs/remotes/main [3ms]
2023-11-27 12:23:18.424 [info] > git status -z -uall [52ms]
2023-11-27 12:23:19.782 [info] > git show --textconv :CodeIgniter/app/Views/salas_editar_selecionada.php [26ms]
2023-11-27 12:23:19.789 [info] > git ls-files --stage -- /var/www/clients/client2/web2/web/sistema/adsgrupo06/CodeIgniter/app/Views/salas_editar_selecionada.php [9ms]
2023-11-27 12:23:19.798 [info] > git cat-file -s 7a97fe92346e96166047b2ff3f92bda39c32f474 [3ms]
2023-11-27 12:23:23.446 [info] > git config --get commit.template [7ms]
2023-11-27 12:23:23.448 [info] > git for-each-ref --format=%(refname)%00%(upstream:short)%00%(objectname)%00%(upstream:track)%00%(upstream:remotename)%00%(upstream:remoteref) refs/heads/main refs/remotes/main [3ms]
2023-11-27 12:23:23.519 [info] > git status -z -uall [65ms]
2023-11-27 12:23:27.908 [info] > git show --textconv :CodeIgniter/app/Views/salas_editar_selecao.php [10ms]
2023-11-27 12:23:27.914 [info] > git ls-files --stage -- /var/www/clients/client2/web2/web/sistema/adsgrupo06/CodeIgniter/app/Views/salas_editar_selecao.php [7ms]
2023-11-27 12:23:27.922 [info] > git cat-file -s a17e920e47a50d726e5376a88f2e1eb3f54dd3a9 [2ms]
2023-11-27 12:23:28.539 [info] > git config --get commit.template [7ms]
2023-11-27 12:23:28.541 [info] > git for-each-ref --format=%(refname)%00%(upstream:short)%00%(objectname)%00%(upstream:track)%00%(upstream:remotename)%00%(upstream:remoteref) refs/heads/main refs/remotes/main [3ms]
2023-11-27 12:23:28.592 [info] > git status -z -uall [47ms]
2023-11-27 12:23:29.825 [info] > git show --textconv :CodeIgniter/app/Views/salas_editar_selecionada.php [12ms]
2023-11-27 12:23:29.829 [info] > git ls-files --stage -- /var/www/clients/client2/web2/web/sistema/adsgrupo06/CodeIgniter/app/Views/salas_editar_selecionada.php [8ms]
2023-11-27 12:23:29.838 [info] > git cat-file -s 7a97fe92346e96166047b2ff3f92bda39c32f474 [3ms]
2023-11-27 12:23:33.641 [info] > git config --get commit.template [24ms]
2023-11-27 12:23:33.645 [info] > git for-each-ref --format=%(refname)%00%(upstream:short)%00%(objectname)%00%(upstream:track)%00%(upstream:remotename)%00%(upstream:remoteref) refs/heads/main refs/remotes/main [17ms]
2023-11-27 12:23:33.727 [info] > git status -z -uall [71ms]
2023-11-27 12:23:42.850 [info] > git config --get commit.template [9ms]
2023-11-27 12:23:42.854 [info] > git for-each-ref --format=%(refname)%00%(upstream:short)%00%(objectname)%00%(upstream:track)%00%(upstream:remotename)%00%(upstream:remoteref) refs/heads/main refs/remotes/main [5ms]
2023-11-27 12:23:42.927 [info] > git status -z -uall [68ms]
2023-11-27 12:23:47.950 [info] > git config --get commit.template [10ms]
2023-11-27 12:23:47.953 [info] > git for-each-ref --format=%(refname)%00%(upstream:short)%00%(objectname)%00%(upstream:track)%00%(upstream:remotename)%00%(upstream:remoteref) refs/heads/main refs/remotes/main [4ms]
2023-11-27 12:23:48.014 [info] > git status -z -uall [55ms]
2023-11-27 12:23:48.901 [info] > git show --textconv :CodeIgniter/app/Views/salas_editar_selecao.php [13ms]
2023-11-27 12:23:48.903 [info] > git ls-files --stage -- /var/www/clients/client2/web2/web/sistema/adsgrupo06/CodeIgniter/app/Views/salas_editar_selecao.php [7ms]
2023-11-27 12:23:48.910 [info] > git cat-file -s a17e920e47a50d726e5376a88f2e1eb3f54dd3a9 [2ms]
2023-11-27 12:23:53.046 [info] > git config --get commit.template [15ms]
2023-11-27 12:23:53.048 [info] > git for-each-ref --format=%(refname)%00%(upstream:short)%00%(objectname)%00%(upstream:track)%00%(upstream:remotename)%00%(upstream:remoteref) refs/heads/main refs/remotes/main [3ms]
2023-11-27 12:23:53.108 [info] > git status -z -uall [54ms]
2023-11-27 12:23:56.814 [info] > git show --textconv :CodeIgniter/app/Views/salas_editar_selecionada.php [22ms]
2023-11-27 12:23:56.816 [info] > git ls-files --stage -- /var/www/clients/client2/web2/web/sistema/adsgrupo06/CodeIgniter/app/Views/salas_editar_selecionada.php [13ms]
2023-11-27 12:23:56.824 [info] > git cat-file -s 7a97fe92346e96166047b2ff3f92bda39c32f474 [2ms]
2023-11-27 12:23:58.135 [info] > git config --get commit.template [9ms]
2023-11-27 12:23:58.137 [info] > git for-each-ref --format=%(refname)%00%(upstream:short)%00%(objectname)%00%(upstream:track)%00%(upstream:remotename)%00%(upstream:remoteref) refs/heads/main refs/remotes/main [3ms]
2023-11-27 12:23:58.198 [info] > git status -z -uall [55ms]
2023-11-27 12:24:03.232 [info] > git config --get commit.template [20ms]
2023-11-27 12:24:03.234 [info] > git for-each-ref --format=%(refname)%00%(upstream:short)%00%(objectname)%00%(upstream:track)%00%(upstream:remotename)%00%(upstream:remoteref) refs/heads/main refs/remotes/main [14ms]
2023-11-27 12:24:03.486 [info] > git status -z -uall [247ms]
2023-11-27 12:24:08.906 [info] > git config --get commit.template [9ms]
2023-11-27 12:24:08.909 [info] > git for-each-ref --format=%(refname)%00%(upstream:short)%00%(objectname)%00%(upstream:track)%00%(upstream:remotename)%00%(upstream:remoteref) refs/heads/main refs/remotes/main [4ms]
2023-11-27 12:24:08.977 [info] > git status -z -uall [62ms]
2023-11-27 12:24:11.570 [info] > git show --textconv :CodeIgniter/app/Views/salas_editar_selecao.php [18ms]
2023-11-27 12:24:11.573 [info] > git ls-files --stage -- /var/www/clients/client2/web2/web/sistema/adsgrupo06/CodeIgniter/app/Views/salas_editar_selecao.php [13ms]
2023-11-27 12:24:11.580 [info] > git cat-file -s a17e920e47a50d726e5376a88f2e1eb3f54dd3a9 [2ms]
2023-11-27 12:24:14.195 [info] > git config --get commit.template [8ms]
2023-11-27 12:24:14.199 [info] > git for-each-ref --format=%(refname)%00%(upstream:short)%00%(objectname)%00%(upstream:track)%00%(upstream:remotename)%00%(upstream:remoteref) refs/heads/main refs/remotes/main [5ms]
2023-11-27 12:24:14.317 [info] > git status -z -uall [113ms]
2023-11-27 12:24:15.437 [info] > git show --textconv :CodeIgniter/app/Views/salas_editar_selecionada.php [15ms]
2023-11-27 12:24:15.440 [info] > git ls-files --stage -- /var/www/clients/client2/web2/web/sistema/adsgrupo06/CodeIgniter/app/Views/salas_editar_selecionada.php [8ms]
2023-11-27 12:24:15.450 [info] > git cat-file -s 7a97fe92346e96166047b2ff3f92bda39c32f474 [4ms]
2023-11-27 12:24:19.225 [info] > git show --textconv :CodeIgniter/app/Views/salas_editar_selecao.php [54ms]
2023-11-27 12:24:19.237 [info] > git ls-files --stage -- /var/www/clients/client2/web2/web/sistema/adsgrupo06/CodeIgniter/app/Views/salas_editar_selecao.php [15ms]
2023-11-27 12:24:19.253 [info] > git cat-file -s a17e920e47a50d726e5376a88f2e1eb3f54dd3a9 [6ms]
2023-11-27 12:24:19.337 [info] > git config --get commit.template [8ms]
2023-11-27 12:24:19.339 [info] > git for-each-ref --format=%(refname)%00%(upstream:short)%00%(objectname)%00%(upstream:track)%00%(upstream:remotename)%00%(upstream:remoteref) refs/heads/main refs/remotes/main [3ms]
2023-11-27 12:24:19.448 [info] > git status -z -uall [104ms]
2023-11-27 12:24:24.486 [info] > git config --get commit.template [12ms]
2023-11-27 12:24:24.490 [info] > git for-each-ref --format=%(refname)%00%(upstream:short)%00%(objectname)%00%(upstream:track)%00%(upstream:remotename)%00%(upstream:remoteref) refs/heads/main refs/remotes/main [5ms]
2023-11-27 12:24:24.600 [info] > git status -z -uall [105ms]
2023-11-27 12:24:29.621 [info] > git config --get commit.template [9ms]
2023-11-27 12:24:29.623 [info] > git for-each-ref --format=%(refname)%00%(upstream:short)%00%(objectname)%00%(upstream:track)%00%(upstream:remotename)%00%(upstream:remoteref) refs/heads/main refs/remotes/main [5ms]
2023-11-27 12:24:29.688 [info] > git status -z -uall [60ms]
2023-11-27 12:24:34.709 [info] > git config --get commit.template [8ms]
2023-11-27 12:24:34.712 [info] > git for-each-ref --format=%(refname)%00%(upstream:short)%00%(objectname)%00%(upstream:track)%00%(upstream:remotename)%00%(upstream:remoteref) refs/heads/main refs/remotes/main [3ms]
2023-11-27 12:24:34.804 [info] > git status -z -uall [88ms]
2023-11-27 12:24:37.440 [info] > git ls-files --stage -- /var/www/clients/client2/web2/web/sistema/adsgrupo06/CodeIgniter/app/Views/salas_editar_selecionada.php [18ms]
2023-11-27 12:24:37.455 [info] > git show --textconv :CodeIgniter/app/Views/salas_editar_selecionada.php [40ms]
2023-11-27 12:24:37.459 [info] > git cat-file -s 7a97fe92346e96166047b2ff3f92bda39c32f474 [4ms]
2023-11-27 12:24:39.827 [info] > git config --get commit.template [9ms]
2023-11-27 12:24:39.829 [info] > git for-each-ref --format=%(refname)%00%(upstream:short)%00%(objectname)%00%(upstream:track)%00%(upstream:remotename)%00%(upstream:remoteref) refs/heads/main refs/remotes/main [3ms]
2023-11-27 12:24:39.901 [info] > git status -z -uall [66ms]
2023-11-27 12:24:44.933 [info] > git config --get commit.template [9ms]
2023-11-27 12:24:44.936 [info] > git for-each-ref --format=%(refname)%00%(upstream:short)%00%(objectname)%00%(upstream:track)%00%(upstream:remotename)%00%(upstream:remoteref) refs/heads/main refs/remotes/main [4ms]
2023-11-27 12:24:45.034 [info] > git status -z -uall [93ms]
2023-11-27 12:24:50.085 [info] > git config --get commit.template [15ms]
2023-11-27 12:24:50.092 [info] > git for-each-ref --format=%(refname)%00%(upstream:short)%00%(objectname)%00%(upstream:track)%00%(upstream:remotename)%00%(upstream:remoteref) refs/heads/main refs/remotes/main [8ms]
2023-11-27 12:24:50.226 [info] > git status -z -uall [126ms]
2023-11-27 12:24:55.254 [info] > git config --get commit.template [11ms]
2023-11-27 12:24:55.256 [info] > git for-each-ref --format=%(refname)%00%(upstream:short)%00%(objectname)%00%(upstream:track)%00%(upstream:remotename)%00%(upstream:remoteref) refs/heads/main refs/remotes/main [2ms]
2023-11-27 12:24:55.365 [info] > git status -z -uall [104ms]
2023-11-27 12:25:00.407 [info] > git config --get commit.template [17ms]
2023-11-27 12:25:00.412 [info] > git for-each-ref --format=%(refname)%00%(upstream:short)%00%(objectname)%00%(upstream:track)%00%(upstream:remotename)%00%(upstream:remoteref) refs/heads/main refs/remotes/main [12ms]
2023-11-27 12:25:00.517 [info] > git status -z -uall [95ms]
2023-11-27 12:25:33.965 [info] > git config --get commit.template [30ms]
2023-11-27 12:25:33.967 [info] > git for-each-ref --format=%(refname)%00%(upstream:short)%00%(objectname)%00%(upstream:track)%00%(upstream:remotename)%00%(upstream:remoteref) refs/heads/main refs/remotes/main [28ms]
2023-11-27 12:25:34.245 [info] > git status -z -uall [260ms]
2023-11-27 12:25:39.317 [info] > git config --get commit.template [17ms]
2023-11-27 12:25:39.321 [info] > git for-each-ref --format=%(refname)%00%(upstream:short)%00%(objectname)%00%(upstream:track)%00%(upstream:remotename)%00%(upstream:remoteref) refs/heads/main refs/remotes/main [5ms]
2023-11-27 12:25:39.417 [info] > git status -z -uall [90ms]
2023-11-27 12:25:54.111 [info] > git config --get commit.template [8ms]
2023-11-27 12:25:54.113 [info] > git for-each-ref --format=%(refname)%00%(upstream:short)%00%(objectname)%00%(upstream:track)%00%(upstream:remotename)%00%(upstream:remoteref) refs/heads/main refs/remotes/main [3ms]
2023-11-27 12:25:54.207 [info] > git status -z -uall [88ms]
2023-11-27 12:25:55.652 [info] > git show --textconv :CodeIgniter/app/Views/salas_exibir.php [22ms]
2023-11-27 12:25:55.657 [info] > git ls-files --stage -- /var/www/clients/client2/web2/web/sistema/adsgrupo06/CodeIgniter/app/Views/salas_exibir.php [13ms]
2023-11-27 12:25:55.667 [info] > git cat-file -s 3c77bb1fde920ee3ccd4bef198182bd92174933f [4ms]
2023-11-27 12:25:59.249 [info] > git config --get commit.template [10ms]
2023-11-27 12:25:59.253 [info] > git for-each-ref --format=%(refname)%00%(upstream:short)%00%(objectname)%00%(upstream:track)%00%(upstream:remotename)%00%(upstream:remoteref) refs/heads/main refs/remotes/main [5ms]
2023-11-27 12:25:59.319 [info] > git status -z -uall [61ms]
2023-11-27 12:26:04.360 [info] > git config --get commit.template [19ms]
2023-11-27 12:26:04.365 [info] > git for-each-ref --format=%(refname)%00%(upstream:short)%00%(objectname)%00%(upstream:track)%00%(upstream:remotename)%00%(upstream:remoteref) refs/heads/main refs/remotes/main [16ms]
2023-11-27 12:26:04.588 [info] > git status -z -uall [216ms]
2023-11-27 12:26:09.952 [info] > git config --get commit.template [10ms]
2023-11-27 12:26:09.954 [info] > git for-each-ref --format=%(refname)%00%(upstream:short)%00%(objectname)%00%(upstream:track)%00%(upstream:remotename)%00%(upstream:remoteref) refs/heads/main refs/remotes/main [4ms]
2023-11-27 12:26:10.061 [info] > git status -z -uall [100ms]
2023-11-27 12:26:15.085 [info] > git config --get commit.template [9ms]
2023-11-27 12:26:15.088 [info] > git for-each-ref --format=%(refname)%00%(upstream:short)%00%(objectname)%00%(upstream:track)%00%(upstream:remotename)%00%(upstream:remoteref) refs/heads/main refs/remotes/main [4ms]
2023-11-27 12:26:15.150 [info] > git status -z -uall [57ms]
2023-11-27 12:26:20.186 [info] > git config --get commit.template [10ms]
2023-11-27 12:26:20.188 [info] > git for-each-ref --format=%(refname)%00%(upstream:short)%00%(objectname)%00%(upstream:track)%00%(upstream:remotename)%00%(upstream:remoteref) refs/heads/main refs/remotes/main [3ms]
2023-11-27 12:26:20.256 [info] > git status -z -uall [64ms]
2023-11-27 12:26:25.288 [info] > git config --get commit.template [12ms]
2023-11-27 12:26:25.292 [info] > git for-each-ref --format=%(refname)%00%(upstream:short)%00%(objectname)%00%(upstream:track)%00%(upstream:remotename)%00%(upstream:remoteref) refs/heads/main refs/remotes/main [5ms]
2023-11-27 12:26:25.425 [info] > git status -z -uall [125ms]
2023-11-27 12:26:30.453 [info] > git config --get commit.template [7ms]
2023-11-27 12:26:30.456 [info] > git for-each-ref --format=%(refname)%00%(upstream:short)%00%(objectname)%00%(upstream:track)%00%(upstream:remotename)%00%(upstream:remoteref) refs/heads/main refs/remotes/main [3ms]
2023-11-27 12:26:30.601 [info] > git status -z -uall [141ms]
2023-11-27 12:26:35.626 [info] > git config --get commit.template [8ms]
2023-11-27 12:26:35.628 [info] > git for-each-ref --format=%(refname)%00%(upstream:short)%00%(objectname)%00%(upstream:track)%00%(upstream:remotename)%00%(upstream:remoteref) refs/heads/main refs/remotes/main [3ms]
2023-11-27 12:26:35.730 [info] > git status -z -uall [96ms]
2023-11-27 12:26:52.872 [info] > git config --get commit.template [28ms]
2023-11-27 12:26:52.876 [info] > git for-each-ref --format=%(refname)%00%(upstream:short)%00%(objectname)%00%(upstream:track)%00%(upstream:remotename)%00%(upstream:remoteref) refs/heads/main refs/remotes/main [26ms]
2023-11-27 12:26:53.132 [info] > git status -z -uall [250ms]
2023-11-27 12:26:58.170 [info] > git config --get commit.template [8ms]
2023-11-27 12:26:58.172 [info] > git for-each-ref --format=%(refname)%00%(upstream:short)%00%(objectname)%00%(upstream:track)%00%(upstream:remotename)%00%(upstream:remoteref) refs/heads/main refs/remotes/main [3ms]
2023-11-27 12:26:58.244 [info] > git status -z -uall [66ms]
2023-11-27 12:30:29.097 [info] > git config --get commit.template [13ms]
2023-11-27 12:30:29.120 [info] > git for-each-ref --format=%(refname)%00%(upstream:short)%00%(objectname)%00%(upstream:track)%00%(upstream:remotename)%00%(upstream:remoteref) refs/heads/main refs/remotes/main [8ms]
2023-11-27 12:30:29.325 [info] > git status -z -uall [197ms]
2023-11-27 12:30:30.941 [info] > git show --textconv :CodeIgniter/app/Views/salas_editar_selecionada.php [20ms]
2023-11-27 12:30:30.942 [info] > git ls-files --stage -- /var/www/clients/client2/web2/web/sistema/adsgrupo06/CodeIgniter/app/Views/salas_editar_selecionada.php [12ms]
2023-11-27 12:30:30.951 [info] > git cat-file -s 7a97fe92346e96166047b2ff3f92bda39c32f474 [4ms]
2023-11-27 12:30:34.381 [info] > git config --get commit.template [7ms]
2023-11-27 12:30:34.385 [info] > git for-each-ref --format=%(refname)%00%(upstream:short)%00%(objectname)%00%(upstream:track)%00%(upstream:remotename)%00%(upstream:remoteref) refs/heads/main refs/remotes/main [5ms]
2023-11-27 12:30:34.483 [info] > git status -z -uall [93ms]
2023-11-27 12:30:39.517 [info] > git config --get commit.template [9ms]
2023-11-27 12:30:39.520 [info] > git for-each-ref --format=%(refname)%00%(upstream:short)%00%(objectname)%00%(upstream:track)%00%(upstream:remotename)%00%(upstream:remoteref) refs/heads/main refs/remotes/main [5ms]
2023-11-27 12:30:39.616 [info] > git status -z -uall [89ms]
2023-11-27 12:32:00.631 [info] > git config --get commit.template [18ms]
2023-11-27 12:32:00.638 [info] > git for-each-ref --format=%(refname)%00%(upstream:short)%00%(objectname)%00%(upstream:track)%00%(upstream:remotename)%00%(upstream:remoteref) refs/heads/main refs/remotes/main [16ms]
2023-11-27 12:32:00.892 [info] > git status -z -uall [249ms]
2023-11-27 12:32:07.695 [info] > git config --get commit.template [17ms]
2023-11-27 12:32:07.699 [info] > git for-each-ref --format=%(refname)%00%(upstream:short)%00%(objectname)%00%(upstream:track)%00%(upstream:remotename)%00%(upstream:remoteref) refs/heads/main refs/remotes/main [15ms]
2023-11-27 12:32:07.810 [info] > git status -z -uall [105ms]
2023-11-27 12:32:23.417 [info] > git config --get commit.template [9ms]
2023-11-27 12:32:23.419 [info] > git for-each-ref --format=%(refname)%00%(upstream:short)%00%(objectname)%00%(upstream:track)%00%(upstream:remotename)%00%(upstream:remoteref) refs/heads/main refs/remotes/main [3ms]
2023-11-27 12:32:23.470 [info] > git status -z -uall [46ms]
