2023-11-20 16:59:09.898 [info] Log level: Info
2023-11-20 16:59:09.899 [info] Validating found git in: "git"
2023-11-20 16:59:09.899 [info] Using git "2.20.1" from "git"
2023-11-20 16:59:09.899 [info] > git rev-parse --show-toplevel [24ms]
2023-11-20 16:59:09.906 [info] > git rev-parse --git-dir --git-common-dir [9ms]
2023-11-20 16:59:09.933 [info] Open repository: /var/www/clients/client2/web2/web/sistema/adsgrupo06
2023-11-20 16:59:09.978 [info] > git config --get commit.template [14ms]
2023-11-20 16:59:10.018 [info] > git rev-parse --show-toplevel [44ms]
2023-11-20 16:59:10.050 [info] > git for-each-ref --format=%(refname)%00%(upstream:short)%00%(objectname)%00%(upstream:track)%00%(upstream:remotename)%00%(upstream:remoteref) refs/heads/Vinicius refs/remotes/Vinicius [35ms]
2023-11-20 16:59:10.075 [info] > git rev-parse --show-toplevel [32ms]
2023-11-20 16:59:10.150 [info] > git rev-parse --show-toplevel [48ms]
2023-11-20 16:59:10.510 [info] > git rev-parse --show-toplevel [172ms]
2023-11-20 16:59:10.585 [info] > git status -z -uall [512ms]
2023-11-20 16:59:13.064 [info] > git rev-parse --show-toplevel [2531ms]
2023-11-20 16:59:13.173 [info] > git config --get commit.template [300ms]
2023-11-20 16:59:13.271 [info] > git check-ignore -v -z --stdin [148ms]
2023-11-20 16:59:13.275 [info] > git rev-parse --show-toplevel [113ms]
2023-11-20 16:59:13.427 [info] > git for-each-ref --format=%(refname)%00%(upstream:short)%00%(objectname)%00%(upstream:track)%00%(upstream:remotename)%00%(upstream:remoteref) refs/heads/Vinicius refs/remotes/Vinicius [160ms]
2023-11-20 16:59:13.460 [info] > git rev-parse --show-toplevel [34ms]
2023-11-20 16:59:13.705 [info] > git rev-parse --show-toplevel [111ms]
2023-11-20 16:59:13.878 [info] > git rev-parse --show-toplevel [35ms]
2023-11-20 16:59:14.005 [info] > git status -z -uall [553ms]
2023-11-20 16:59:15.544 [info] > git check-ignore -v -z --stdin [911ms]
2023-11-20 16:59:15.639 [info] > git show --textconv :CodeIgniter/app/Views/salasdel.php [14ms]
2023-11-20 16:59:15.647 [info] > git ls-files --stage -- /var/www/clients/client2/web2/web/sistema/adsgrupo06/CodeIgniter/app/Views/salasdel.php [10ms]
2023-11-20 16:59:16.121 [info] > git check-ignore -v -z --stdin [15ms]
2023-11-20 17:00:10.288 [info] > git config --get commit.template [26ms]
2023-11-20 17:00:10.303 [info] > git for-each-ref --format=%(refname)%00%(upstream:short)%00%(objectname)%00%(upstream:track)%00%(upstream:remotename)%00%(upstream:remoteref) refs/heads/Vinicius refs/remotes/Vinicius [19ms]
2023-11-20 17:00:10.601 [info] > git status -z -uall [293ms]
2023-11-20 17:00:15.800 [info] > git config --get commit.template [35ms]
2023-11-20 17:00:15.806 [info] > git for-each-ref --format=%(refname)%00%(upstream:short)%00%(objectname)%00%(upstream:track)%00%(upstream:remotename)%00%(upstream:remoteref) refs/heads/Vinicius refs/remotes/Vinicius [29ms]
2023-11-20 17:00:15.970 [info] > git status -z -uall [148ms]
2023-11-20 17:00:21.138 [info] > git config --get commit.template [14ms]
2023-11-20 17:00:21.143 [info] > git for-each-ref --format=%(refname)%00%(upstream:short)%00%(objectname)%00%(upstream:track)%00%(upstream:remotename)%00%(upstream:remoteref) refs/heads/Vinicius refs/remotes/Vinicius [7ms]
2023-11-20 17:00:21.254 [info] > git status -z -uall [103ms]
2023-11-20 17:00:26.372 [info] > git config --get commit.template [9ms]
2023-11-20 17:00:26.381 [info] > git for-each-ref --format=%(refname)%00%(upstream:short)%00%(objectname)%00%(upstream:track)%00%(upstream:remotename)%00%(upstream:remoteref) refs/heads/Vinicius refs/remotes/Vinicius [11ms]
2023-11-20 17:00:26.465 [info] > git status -z -uall [77ms]
2023-11-20 17:00:31.594 [info] > git config --get commit.template [13ms]
2023-11-20 17:00:31.598 [info] > git for-each-ref --format=%(refname)%00%(upstream:short)%00%(objectname)%00%(upstream:track)%00%(upstream:remotename)%00%(upstream:remoteref) refs/heads/Vinicius refs/remotes/Vinicius [6ms]
2023-11-20 17:00:31.734 [info] > git status -z -uall [128ms]
2023-11-20 17:00:36.895 [info] > git config --get commit.template [12ms]
2023-11-20 17:00:36.898 [info] > git for-each-ref --format=%(refname)%00%(upstream:short)%00%(objectname)%00%(upstream:track)%00%(upstream:remotename)%00%(upstream:remoteref) refs/heads/Vinicius refs/remotes/Vinicius [5ms]
2023-11-20 17:00:37.019 [info] > git status -z -uall [113ms]
2023-11-20 17:00:42.271 [info] > git config --get commit.template [90ms]
2023-11-20 17:00:42.277 [info] > git for-each-ref --format=%(refname)%00%(upstream:short)%00%(objectname)%00%(upstream:track)%00%(upstream:remotename)%00%(upstream:remoteref) refs/heads/Vinicius refs/remotes/Vinicius [14ms]
2023-11-20 17:00:42.590 [info] > git status -z -uall [292ms]
2023-11-20 17:00:47.825 [info] > git config --get commit.template [21ms]
2023-11-20 17:00:47.832 [info] > git for-each-ref --format=%(refname)%00%(upstream:short)%00%(objectname)%00%(upstream:track)%00%(upstream:remotename)%00%(upstream:remoteref) refs/heads/Vinicius refs/remotes/Vinicius [19ms]
2023-11-20 17:00:48.061 [info] > git status -z -uall [220ms]
2023-11-20 17:00:53.192 [info] > git config --get commit.template [13ms]
2023-11-20 17:00:53.196 [info] > git for-each-ref --format=%(refname)%00%(upstream:short)%00%(objectname)%00%(upstream:track)%00%(upstream:remotename)%00%(upstream:remoteref) refs/heads/Vinicius refs/remotes/Vinicius [6ms]
2023-11-20 17:00:53.317 [info] > git status -z -uall [114ms]
2023-11-20 17:00:58.424 [info] > git config --get commit.template [11ms]
2023-11-20 17:00:58.427 [info] > git for-each-ref --format=%(refname)%00%(upstream:short)%00%(objectname)%00%(upstream:track)%00%(upstream:remotename)%00%(upstream:remoteref) refs/heads/Vinicius refs/remotes/Vinicius [6ms]
2023-11-20 17:00:58.509 [info] > git status -z -uall [76ms]
2023-11-20 17:01:04.839 [info] > git config --get commit.template [17ms]
2023-11-20 17:01:04.842 [info] > git for-each-ref --format=%(refname)%00%(upstream:short)%00%(objectname)%00%(upstream:track)%00%(upstream:remotename)%00%(upstream:remoteref) refs/heads/Vinicius refs/remotes/Vinicius [13ms]
2023-11-20 17:01:04.921 [info] > git status -z -uall [72ms]
2023-11-20 17:01:10.042 [info] > git config --get commit.template [8ms]
2023-11-20 17:01:10.044 [info] > git for-each-ref --format=%(refname)%00%(upstream:short)%00%(objectname)%00%(upstream:track)%00%(upstream:remotename)%00%(upstream:remoteref) refs/heads/Vinicius refs/remotes/Vinicius [3ms]
2023-11-20 17:01:10.115 [info] > git status -z -uall [65ms]
2023-11-20 17:01:15.240 [info] > git config --get commit.template [8ms]
2023-11-20 17:01:15.243 [info] > git for-each-ref --format=%(refname)%00%(upstream:short)%00%(objectname)%00%(upstream:track)%00%(upstream:remotename)%00%(upstream:remoteref) refs/heads/Vinicius refs/remotes/Vinicius [5ms]
2023-11-20 17:01:15.333 [info] > git status -z -uall [84ms]
2023-11-20 17:01:20.456 [info] > git config --get commit.template [9ms]
2023-11-20 17:01:20.459 [info] > git for-each-ref --format=%(refname)%00%(upstream:short)%00%(objectname)%00%(upstream:track)%00%(upstream:remotename)%00%(upstream:remoteref) refs/heads/Vinicius refs/remotes/Vinicius [4ms]
2023-11-20 17:01:20.531 [info] > git status -z -uall [66ms]
2023-11-20 17:01:25.647 [info] > git config --get commit.template [12ms]
2023-11-20 17:01:25.650 [info] > git for-each-ref --format=%(refname)%00%(upstream:short)%00%(objectname)%00%(upstream:track)%00%(upstream:remotename)%00%(upstream:remoteref) refs/heads/Vinicius refs/remotes/Vinicius [3ms]
2023-11-20 17:01:25.719 [info] > git status -z -uall [64ms]
2023-11-20 17:01:30.833 [info] > git config --get commit.template [10ms]
2023-11-20 17:01:30.837 [info] > git for-each-ref --format=%(refname)%00%(upstream:short)%00%(objectname)%00%(upstream:track)%00%(upstream:remotename)%00%(upstream:remoteref) refs/heads/Vinicius refs/remotes/Vinicius [5ms]
2023-11-20 17:01:30.918 [info] > git status -z -uall [75ms]
2023-11-20 17:01:36.046 [info] > git config --get commit.template [7ms]
2023-11-20 17:01:36.049 [info] > git for-each-ref --format=%(refname)%00%(upstream:short)%00%(objectname)%00%(upstream:track)%00%(upstream:remotename)%00%(upstream:remoteref) refs/heads/Vinicius refs/remotes/Vinicius [3ms]
2023-11-20 17:01:36.116 [info] > git status -z -uall [61ms]
2023-11-20 17:01:43.961 [info] > git config --get commit.template [10ms]
2023-11-20 17:01:43.964 [info] > git for-each-ref --format=%(refname)%00%(upstream:short)%00%(objectname)%00%(upstream:track)%00%(upstream:remotename)%00%(upstream:remoteref) refs/heads/Vinicius refs/remotes/Vinicius [4ms]
2023-11-20 17:01:44.039 [info] > git status -z -uall [69ms]
2023-11-20 17:01:49.184 [info] > git config --get commit.template [13ms]
2023-11-20 17:01:49.188 [info] > git for-each-ref --format=%(refname)%00%(upstream:short)%00%(objectname)%00%(upstream:track)%00%(upstream:remotename)%00%(upstream:remoteref) refs/heads/Vinicius refs/remotes/Vinicius [6ms]
2023-11-20 17:01:49.286 [info] > git status -z -uall [90ms]
2023-11-20 17:02:00.218 [info] > git config --get commit.template [12ms]
2023-11-20 17:02:00.221 [info] > git for-each-ref --format=%(refname)%00%(upstream:short)%00%(objectname)%00%(upstream:track)%00%(upstream:remotename)%00%(upstream:remoteref) refs/heads/Vinicius refs/remotes/Vinicius [5ms]
2023-11-20 17:02:00.291 [info] > git status -z -uall [64ms]
2023-11-20 17:02:05.415 [info] > git config --get commit.template [12ms]
2023-11-20 17:02:05.417 [info] > git for-each-ref --format=%(refname)%00%(upstream:short)%00%(objectname)%00%(upstream:track)%00%(upstream:remotename)%00%(upstream:remoteref) refs/heads/Vinicius refs/remotes/Vinicius [4ms]
2023-11-20 17:02:05.727 [info] > git status -z -uall [303ms]
2023-11-20 17:02:10.842 [info] > git config --get commit.template [10ms]
2023-11-20 17:02:10.846 [info] > git for-each-ref --format=%(refname)%00%(upstream:short)%00%(objectname)%00%(upstream:track)%00%(upstream:remotename)%00%(upstream:remoteref) refs/heads/Vinicius refs/remotes/Vinicius [5ms]
2023-11-20 17:02:10.918 [info] > git status -z -uall [63ms]
2023-11-20 17:02:16.036 [info] > git config --get commit.template [11ms]
2023-11-20 17:02:16.039 [info] > git for-each-ref --format=%(refname)%00%(upstream:short)%00%(objectname)%00%(upstream:track)%00%(upstream:remotename)%00%(upstream:remoteref) refs/heads/Vinicius refs/remotes/Vinicius [4ms]
2023-11-20 17:02:16.118 [info] > git status -z -uall [72ms]
2023-11-20 17:02:21.230 [info] > git config --get commit.template [12ms]
2023-11-20 17:02:21.233 [info] > git for-each-ref --format=%(refname)%00%(upstream:short)%00%(objectname)%00%(upstream:track)%00%(upstream:remotename)%00%(upstream:remoteref) refs/heads/Vinicius refs/remotes/Vinicius [4ms]
2023-11-20 17:02:21.323 [info] > git status -z -uall [79ms]
2023-11-20 17:02:29.385 [info] > git config --get commit.template [11ms]
2023-11-20 17:02:29.388 [info] > git for-each-ref --format=%(refname)%00%(upstream:short)%00%(objectname)%00%(upstream:track)%00%(upstream:remotename)%00%(upstream:remoteref) refs/heads/Vinicius refs/remotes/Vinicius [3ms]
2023-11-20 17:02:29.506 [info] > git status -z -uall [109ms]
2023-11-20 17:02:43.011 [info] > git config --get commit.template [8ms]
2023-11-20 17:02:43.014 [info] > git for-each-ref --format=%(refname)%00%(upstream:short)%00%(objectname)%00%(upstream:track)%00%(upstream:remotename)%00%(upstream:remoteref) refs/heads/Vinicius refs/remotes/Vinicius [4ms]
2023-11-20 17:02:43.097 [info] > git status -z -uall [75ms]
2023-11-20 17:02:48.239 [info] > git config --get commit.template [11ms]
2023-11-20 17:02:48.242 [info] > git for-each-ref --format=%(refname)%00%(upstream:short)%00%(objectname)%00%(upstream:track)%00%(upstream:remotename)%00%(upstream:remoteref) refs/heads/Vinicius refs/remotes/Vinicius [4ms]
2023-11-20 17:02:48.319 [info] > git status -z -uall [69ms]
2023-11-20 17:02:56.886 [info] > git config --get commit.template [9ms]
2023-11-20 17:02:56.889 [info] > git for-each-ref --format=%(refname)%00%(upstream:short)%00%(objectname)%00%(upstream:track)%00%(upstream:remotename)%00%(upstream:remoteref) refs/heads/Vinicius refs/remotes/Vinicius [4ms]
2023-11-20 17:02:56.964 [info] > git status -z -uall [69ms]
2023-11-20 17:03:04.040 [info] > git config --get commit.template [11ms]
2023-11-20 17:03:04.044 [info] > git for-each-ref --format=%(refname)%00%(upstream:short)%00%(objectname)%00%(upstream:track)%00%(upstream:remotename)%00%(upstream:remoteref) refs/heads/Vinicius refs/remotes/Vinicius [6ms]
2023-11-20 17:03:04.372 [info] > git status -z -uall [322ms]
2023-11-20 17:03:09.502 [info] > git config --get commit.template [11ms]
2023-11-20 17:03:09.505 [info] > git for-each-ref --format=%(refname)%00%(upstream:short)%00%(objectname)%00%(upstream:track)%00%(upstream:remotename)%00%(upstream:remoteref) refs/heads/Vinicius refs/remotes/Vinicius [5ms]
2023-11-20 17:03:09.581 [info] > git status -z -uall [69ms]
2023-11-20 17:03:14.717 [info] > git config --get commit.template [13ms]
2023-11-20 17:03:14.720 [info] > git for-each-ref --format=%(refname)%00%(upstream:short)%00%(objectname)%00%(upstream:track)%00%(upstream:remotename)%00%(upstream:remoteref) refs/heads/Vinicius refs/remotes/Vinicius [5ms]
2023-11-20 17:03:14.822 [info] > git status -z -uall [92ms]
2023-11-20 17:03:19.948 [info] > git config --get commit.template [14ms]
2023-11-20 17:03:19.951 [info] > git for-each-ref --format=%(refname)%00%(upstream:short)%00%(objectname)%00%(upstream:track)%00%(upstream:remotename)%00%(upstream:remoteref) refs/heads/Vinicius refs/remotes/Vinicius [7ms]
2023-11-20 17:03:20.038 [info] > git status -z -uall [80ms]
2023-11-20 17:03:25.197 [info] > git config --get commit.template [12ms]
2023-11-20 17:03:25.200 [info] > git for-each-ref --format=%(refname)%00%(upstream:short)%00%(objectname)%00%(upstream:track)%00%(upstream:remotename)%00%(upstream:remoteref) refs/heads/Vinicius refs/remotes/Vinicius [3ms]
2023-11-20 17:03:25.271 [info] > git status -z -uall [64ms]
2023-11-20 17:03:30.386 [info] > git config --get commit.template [14ms]
2023-11-20 17:03:30.389 [info] > git for-each-ref --format=%(refname)%00%(upstream:short)%00%(objectname)%00%(upstream:track)%00%(upstream:remotename)%00%(upstream:remoteref) refs/heads/Vinicius refs/remotes/Vinicius [6ms]
2023-11-20 17:03:30.479 [info] > git status -z -uall [82ms]
2023-11-20 17:03:35.616 [info] > git config --get commit.template [11ms]
2023-11-20 17:03:35.621 [info] > git for-each-ref --format=%(refname)%00%(upstream:short)%00%(objectname)%00%(upstream:track)%00%(upstream:remotename)%00%(upstream:remoteref) refs/heads/Vinicius refs/remotes/Vinicius [6ms]
2023-11-20 17:03:35.702 [info] > git status -z -uall [74ms]
2023-11-20 17:03:40.839 [info] > git config --get commit.template [13ms]
2023-11-20 17:03:40.842 [info] > git for-each-ref --format=%(refname)%00%(upstream:short)%00%(objectname)%00%(upstream:track)%00%(upstream:remotename)%00%(upstream:remoteref) refs/heads/Vinicius refs/remotes/Vinicius [4ms]
2023-11-20 17:03:40.916 [info] > git status -z -uall [68ms]
2023-11-20 17:03:48.433 [info] > git config --get commit.template [7ms]
2023-11-20 17:03:48.436 [info] > git for-each-ref --format=%(refname)%00%(upstream:short)%00%(objectname)%00%(upstream:track)%00%(upstream:remotename)%00%(upstream:remoteref) refs/heads/Vinicius refs/remotes/Vinicius [4ms]
2023-11-20 17:03:48.516 [info] > git status -z -uall [74ms]
2023-11-20 17:03:53.652 [info] > git config --get commit.template [10ms]
2023-11-20 17:03:53.655 [info] > git for-each-ref --format=%(refname)%00%(upstream:short)%00%(objectname)%00%(upstream:track)%00%(upstream:remotename)%00%(upstream:remoteref) refs/heads/Vinicius refs/remotes/Vinicius [4ms]
2023-11-20 17:03:53.737 [info] > git status -z -uall [75ms]
2023-11-20 17:03:58.878 [info] > git config --get commit.template [22ms]
2023-11-20 17:03:58.881 [info] > git for-each-ref --format=%(refname)%00%(upstream:short)%00%(objectname)%00%(upstream:track)%00%(upstream:remotename)%00%(upstream:remoteref) refs/heads/Vinicius refs/remotes/Vinicius [5ms]
2023-11-20 17:03:58.971 [info] > git status -z -uall [80ms]
2023-11-20 17:04:08.375 [info] > git config --get commit.template [13ms]
2023-11-20 17:04:08.378 [info] > git for-each-ref --format=%(refname)%00%(upstream:short)%00%(objectname)%00%(upstream:track)%00%(upstream:remotename)%00%(upstream:remoteref) refs/heads/Vinicius refs/remotes/Vinicius [4ms]
2023-11-20 17:04:08.710 [info] > git status -z -uall [326ms]
2023-11-20 17:04:29.130 [info] > git config --get commit.template [8ms]
2023-11-20 17:04:29.133 [info] > git for-each-ref --format=%(refname)%00%(upstream:short)%00%(objectname)%00%(upstream:track)%00%(upstream:remotename)%00%(upstream:remoteref) refs/heads/Vinicius refs/remotes/Vinicius [4ms]
2023-11-20 17:04:29.202 [info] > git status -z -uall [64ms]
2023-11-20 17:04:34.321 [info] > git config --get commit.template [8ms]
2023-11-20 17:04:34.324 [info] > git for-each-ref --format=%(refname)%00%(upstream:short)%00%(objectname)%00%(upstream:track)%00%(upstream:remotename)%00%(upstream:remoteref) refs/heads/Vinicius refs/remotes/Vinicius [4ms]
2023-11-20 17:04:34.402 [info] > git status -z -uall [71ms]
2023-11-20 17:04:39.529 [info] > git config --get commit.template [10ms]
2023-11-20 17:04:39.531 [info] > git for-each-ref --format=%(refname)%00%(upstream:short)%00%(objectname)%00%(upstream:track)%00%(upstream:remotename)%00%(upstream:remoteref) refs/heads/Vinicius refs/remotes/Vinicius [4ms]
2023-11-20 17:04:39.623 [info] > git status -z -uall [84ms]
2023-11-20 17:04:48.982 [info] > git config --get commit.template [9ms]
2023-11-20 17:04:48.985 [info] > git for-each-ref --format=%(refname)%00%(upstream:short)%00%(objectname)%00%(upstream:track)%00%(upstream:remotename)%00%(upstream:remoteref) refs/heads/Vinicius refs/remotes/Vinicius [4ms]
2023-11-20 17:04:49.144 [info] > git status -z -uall [151ms]
2023-11-20 17:04:54.277 [info] > git config --get commit.template [11ms]
2023-11-20 17:04:54.281 [info] > git for-each-ref --format=%(refname)%00%(upstream:short)%00%(objectname)%00%(upstream:track)%00%(upstream:remotename)%00%(upstream:remoteref) refs/heads/Vinicius refs/remotes/Vinicius [5ms]
2023-11-20 17:04:54.363 [info] > git status -z -uall [74ms]
2023-11-20 17:05:00.708 [info] > git config --get commit.template [14ms]
2023-11-20 17:05:00.712 [info] > git for-each-ref --format=%(refname)%00%(upstream:short)%00%(objectname)%00%(upstream:track)%00%(upstream:remotename)%00%(upstream:remoteref) refs/heads/Vinicius refs/remotes/Vinicius [5ms]
2023-11-20 17:05:00.790 [info] > git status -z -uall [70ms]
2023-11-20 17:05:07.232 [info] > git config --get commit.template [22ms]
2023-11-20 17:05:07.241 [info] > git for-each-ref --format=%(refname)%00%(upstream:short)%00%(objectname)%00%(upstream:track)%00%(upstream:remotename)%00%(upstream:remoteref) refs/heads/Vinicius refs/remotes/Vinicius [20ms]
2023-11-20 17:05:07.722 [info] > git status -z -uall [465ms]
2023-11-20 17:05:12.897 [info] > git config --get commit.template [14ms]
2023-11-20 17:05:12.901 [info] > git for-each-ref --format=%(refname)%00%(upstream:short)%00%(objectname)%00%(upstream:track)%00%(upstream:remotename)%00%(upstream:remoteref) refs/heads/Vinicius refs/remotes/Vinicius [4ms]
2023-11-20 17:05:13.009 [info] > git status -z -uall [99ms]
2023-11-20 17:05:18.166 [info] > git config --get commit.template [12ms]
2023-11-20 17:05:18.170 [info] > git for-each-ref --format=%(refname)%00%(upstream:short)%00%(objectname)%00%(upstream:track)%00%(upstream:remotename)%00%(upstream:remoteref) refs/heads/Vinicius refs/remotes/Vinicius [4ms]
2023-11-20 17:05:18.267 [info] > git status -z -uall [89ms]
2023-11-20 17:05:23.406 [info] > git config --get commit.template [12ms]
2023-11-20 17:05:23.408 [info] > git for-each-ref --format=%(refname)%00%(upstream:short)%00%(objectname)%00%(upstream:track)%00%(upstream:remotename)%00%(upstream:remoteref) refs/heads/Vinicius refs/remotes/Vinicius [4ms]
2023-11-20 17:05:23.506 [info] > git status -z -uall [90ms]
2023-11-20 17:05:28.674 [info] > git config --get commit.template [10ms]
2023-11-20 17:05:28.677 [info] > git for-each-ref --format=%(refname)%00%(upstream:short)%00%(objectname)%00%(upstream:track)%00%(upstream:remotename)%00%(upstream:remoteref) refs/heads/Vinicius refs/remotes/Vinicius [4ms]
2023-11-20 17:05:28.756 [info] > git status -z -uall [71ms]
2023-11-20 17:05:33.894 [info] > git config --get commit.template [13ms]
2023-11-20 17:05:33.897 [info] > git for-each-ref --format=%(refname)%00%(upstream:short)%00%(objectname)%00%(upstream:track)%00%(upstream:remotename)%00%(upstream:remoteref) refs/heads/Vinicius refs/remotes/Vinicius [4ms]
2023-11-20 17:05:34.006 [info] > git status -z -uall [100ms]
2023-11-20 17:05:41.563 [info] > git config --get commit.template [8ms]
2023-11-20 17:05:41.566 [info] > git for-each-ref --format=%(refname)%00%(upstream:short)%00%(objectname)%00%(upstream:track)%00%(upstream:remotename)%00%(upstream:remoteref) refs/heads/Vinicius refs/remotes/Vinicius [3ms]
2023-11-20 17:05:41.645 [info] > git status -z -uall [72ms]
2023-11-20 17:05:46.798 [info] > git config --get commit.template [11ms]
2023-11-20 17:05:46.801 [info] > git for-each-ref --format=%(refname)%00%(upstream:short)%00%(objectname)%00%(upstream:track)%00%(upstream:remotename)%00%(upstream:remoteref) refs/heads/Vinicius refs/remotes/Vinicius [5ms]
2023-11-20 17:05:46.892 [info] > git status -z -uall [83ms]
2023-11-20 17:05:52.057 [info] > git config --get commit.template [16ms]
2023-11-20 17:05:52.060 [info] > git for-each-ref --format=%(refname)%00%(upstream:short)%00%(objectname)%00%(upstream:track)%00%(upstream:remotename)%00%(upstream:remoteref) refs/heads/Vinicius refs/remotes/Vinicius [6ms]
2023-11-20 17:05:52.153 [info] > git status -z -uall [83ms]
2023-11-20 17:05:57.284 [info] > git config --get commit.template [9ms]
2023-11-20 17:05:57.287 [info] > git for-each-ref --format=%(refname)%00%(upstream:short)%00%(objectname)%00%(upstream:track)%00%(upstream:remotename)%00%(upstream:remoteref) refs/heads/Vinicius refs/remotes/Vinicius [3ms]
2023-11-20 17:05:57.375 [info] > git status -z -uall [80ms]
2023-11-20 17:06:02.559 [info] > git config --get commit.template [23ms]
2023-11-20 17:06:02.565 [info] > git for-each-ref --format=%(refname)%00%(upstream:short)%00%(objectname)%00%(upstream:track)%00%(upstream:remotename)%00%(upstream:remoteref) refs/heads/Vinicius refs/remotes/Vinicius [17ms]
2023-11-20 17:06:02.901 [info] > git status -z -uall [327ms]
2023-11-20 17:06:08.018 [info] > git config --get commit.template [8ms]
2023-11-20 17:06:08.020 [info] > git for-each-ref --format=%(refname)%00%(upstream:short)%00%(objectname)%00%(upstream:track)%00%(upstream:remotename)%00%(upstream:remoteref) refs/heads/Vinicius refs/remotes/Vinicius [3ms]
2023-11-20 17:06:08.102 [info] > git status -z -uall [75ms]
2023-11-20 17:06:16.055 [info] > git config --get commit.template [11ms]
2023-11-20 17:06:16.058 [info] > git for-each-ref --format=%(refname)%00%(upstream:short)%00%(objectname)%00%(upstream:track)%00%(upstream:remotename)%00%(upstream:remoteref) refs/heads/Vinicius refs/remotes/Vinicius [4ms]
2023-11-20 17:06:16.152 [info] > git status -z -uall [86ms]
2023-11-20 17:06:21.295 [info] > git config --get commit.template [12ms]
2023-11-20 17:06:21.300 [info] > git for-each-ref --format=%(refname)%00%(upstream:short)%00%(objectname)%00%(upstream:track)%00%(upstream:remotename)%00%(upstream:remoteref) refs/heads/Vinicius refs/remotes/Vinicius [8ms]
2023-11-20 17:06:21.382 [info] > git status -z -uall [73ms]
2023-11-20 17:06:26.527 [info] > git config --get commit.template [9ms]
2023-11-20 17:06:26.530 [info] > git for-each-ref --format=%(refname)%00%(upstream:short)%00%(objectname)%00%(upstream:track)%00%(upstream:remotename)%00%(upstream:remoteref) refs/heads/Vinicius refs/remotes/Vinicius [5ms]
2023-11-20 17:06:26.619 [info] > git status -z -uall [82ms]
2023-11-20 17:06:49.495 [info] > git config --get commit.template [8ms]
2023-11-20 17:06:49.498 [info] > git for-each-ref --format=%(refname)%00%(upstream:short)%00%(objectname)%00%(upstream:track)%00%(upstream:remotename)%00%(upstream:remoteref) refs/heads/Vinicius refs/remotes/Vinicius [4ms]
2023-11-20 17:06:49.569 [info] > git status -z -uall [65ms]
2023-11-20 17:06:54.725 [info] > git config --get commit.template [9ms]
2023-11-20 17:06:54.728 [info] > git for-each-ref --format=%(refname)%00%(upstream:short)%00%(objectname)%00%(upstream:track)%00%(upstream:remotename)%00%(upstream:remoteref) refs/heads/Vinicius refs/remotes/Vinicius [4ms]
2023-11-20 17:06:54.827 [info] > git status -z -uall [91ms]
2023-11-20 17:06:59.957 [info] > git config --get commit.template [15ms]
2023-11-20 17:06:59.960 [info] > git for-each-ref --format=%(refname)%00%(upstream:short)%00%(objectname)%00%(upstream:track)%00%(upstream:remotename)%00%(upstream:remoteref) refs/heads/Vinicius refs/remotes/Vinicius [7ms]
2023-11-20 17:07:00.059 [info] > git status -z -uall [90ms]
2023-11-20 17:07:05.278 [info] > git config --get commit.template [27ms]
2023-11-20 17:07:05.286 [info] > git for-each-ref --format=%(refname)%00%(upstream:short)%00%(objectname)%00%(upstream:track)%00%(upstream:remotename)%00%(upstream:remoteref) refs/heads/Vinicius refs/remotes/Vinicius [23ms]
2023-11-20 17:07:05.476 [info] > git status -z -uall [181ms]
2023-11-20 17:07:13.529 [info] > git config --get commit.template [13ms]
2023-11-20 17:07:13.533 [info] > git for-each-ref --format=%(refname)%00%(upstream:short)%00%(objectname)%00%(upstream:track)%00%(upstream:remotename)%00%(upstream:remoteref) refs/heads/Vinicius refs/remotes/Vinicius [4ms]
2023-11-20 17:07:13.642 [info] > git status -z -uall [100ms]
2023-11-20 17:07:18.831 [info] > git config --get commit.template [1ms]
2023-11-20 17:07:18.848 [info] > git for-each-ref --format=%(refname)%00%(upstream:short)%00%(objectname)%00%(upstream:track)%00%(upstream:remotename)%00%(upstream:remoteref) refs/heads/Vinicius refs/remotes/Vinicius [3ms]
2023-11-20 17:07:18.944 [info] > git status -z -uall [86ms]
2023-11-20 17:07:24.104 [info] > git config --get commit.template [10ms]
2023-11-20 17:07:24.107 [info] > git for-each-ref --format=%(refname)%00%(upstream:short)%00%(objectname)%00%(upstream:track)%00%(upstream:remotename)%00%(upstream:remoteref) refs/heads/Vinicius refs/remotes/Vinicius [4ms]
2023-11-20 17:07:24.218 [info] > git status -z -uall [103ms]
2023-11-20 17:07:29.719 [info] > git config --get commit.template [14ms]
2023-11-20 17:07:29.724 [info] > git for-each-ref --format=%(refname)%00%(upstream:short)%00%(objectname)%00%(upstream:track)%00%(upstream:remotename)%00%(upstream:remoteref) refs/heads/Vinicius refs/remotes/Vinicius [7ms]
2023-11-20 17:07:29.854 [info] > git status -z -uall [122ms]
2023-11-20 17:07:35.840 [info] > git config --get commit.template [12ms]
2023-11-20 17:07:35.843 [info] > git for-each-ref --format=%(refname)%00%(upstream:short)%00%(objectname)%00%(upstream:track)%00%(upstream:remotename)%00%(upstream:remoteref) refs/heads/Vinicius refs/remotes/Vinicius [5ms]
2023-11-20 17:07:35.976 [info] > git status -z -uall [124ms]
2023-11-20 17:07:41.484 [info] > git config --get commit.template [9ms]
2023-11-20 17:07:41.487 [info] > git for-each-ref --format=%(refname)%00%(upstream:short)%00%(objectname)%00%(upstream:track)%00%(upstream:remotename)%00%(upstream:remoteref) refs/heads/Vinicius refs/remotes/Vinicius [4ms]
2023-11-20 17:07:41.561 [info] > git status -z -uall [68ms]
2023-11-20 17:07:46.682 [info] > git config --get commit.template [12ms]
2023-11-20 17:07:46.685 [info] > git for-each-ref --format=%(refname)%00%(upstream:short)%00%(objectname)%00%(upstream:track)%00%(upstream:remotename)%00%(upstream:remoteref) refs/heads/Vinicius refs/remotes/Vinicius [5ms]
2023-11-20 17:07:46.765 [info] > git status -z -uall [73ms]
2023-11-20 17:07:52.209 [info] > git config --get commit.template [12ms]
2023-11-20 17:07:52.212 [info] > git for-each-ref --format=%(refname)%00%(upstream:short)%00%(objectname)%00%(upstream:track)%00%(upstream:remotename)%00%(upstream:remoteref) refs/heads/Vinicius refs/remotes/Vinicius [4ms]
2023-11-20 17:07:52.286 [info] > git status -z -uall [66ms]
2023-11-20 17:08:00.385 [info] > git config --get commit.template [9ms]
2023-11-20 17:08:00.388 [info] > git for-each-ref --format=%(refname)%00%(upstream:short)%00%(objectname)%00%(upstream:track)%00%(upstream:remotename)%00%(upstream:remoteref) refs/heads/Vinicius refs/remotes/Vinicius [3ms]
2023-11-20 17:08:00.471 [info] > git status -z -uall [76ms]
2023-11-20 17:08:01.235 [info] > git check-ignore -v -z --stdin [87ms]
2023-11-20 17:08:05.601 [info] > git config --get commit.template [13ms]
2023-11-20 17:08:05.608 [info] > git for-each-ref --format=%(refname)%00%(upstream:short)%00%(objectname)%00%(upstream:track)%00%(upstream:remotename)%00%(upstream:remoteref) refs/heads/Vinicius refs/remotes/Vinicius [9ms]
2023-11-20 17:08:05.776 [info] > git status -z -uall [157ms]
2023-11-20 17:08:11.047 [info] > git config --get commit.template [9ms]
2023-11-20 17:08:11.049 [info] > git for-each-ref --format=%(refname)%00%(upstream:short)%00%(objectname)%00%(upstream:track)%00%(upstream:remotename)%00%(upstream:remoteref) refs/heads/Vinicius refs/remotes/Vinicius [4ms]
2023-11-20 17:08:11.123 [info] > git status -z -uall [66ms]
2023-11-20 17:08:17.719 [info] > git config --get commit.template [15ms]
2023-11-20 17:08:17.722 [info] > git for-each-ref --format=%(refname)%00%(upstream:short)%00%(objectname)%00%(upstream:track)%00%(upstream:remotename)%00%(upstream:remoteref) refs/heads/Vinicius refs/remotes/Vinicius [6ms]
2023-11-20 17:08:17.824 [info] > git status -z -uall [92ms]
2023-11-20 17:08:23.000 [info] > git config --get commit.template [10ms]
2023-11-20 17:08:23.003 [info] > git for-each-ref --format=%(refname)%00%(upstream:short)%00%(objectname)%00%(upstream:track)%00%(upstream:remotename)%00%(upstream:remoteref) refs/heads/Vinicius refs/remotes/Vinicius [4ms]
2023-11-20 17:08:23.074 [info] > git status -z -uall [64ms]
2023-11-20 17:08:35.009 [info] > git config --get commit.template [14ms]
2023-11-20 17:08:35.014 [info] > git for-each-ref --format=%(refname)%00%(upstream:short)%00%(objectname)%00%(upstream:track)%00%(upstream:remotename)%00%(upstream:remoteref) refs/heads/Vinicius refs/remotes/Vinicius [6ms]
2023-11-20 17:08:35.114 [info] > git status -z -uall [92ms]
2023-11-20 17:08:41.535 [info] > git config --get commit.template [11ms]
2023-11-20 17:08:41.538 [info] > git for-each-ref --format=%(refname)%00%(upstream:short)%00%(objectname)%00%(upstream:track)%00%(upstream:remotename)%00%(upstream:remoteref) refs/heads/Vinicius refs/remotes/Vinicius [6ms]
2023-11-20 17:08:41.607 [info] > git status -z -uall [63ms]
2023-11-20 17:08:49.340 [info] > git config --get commit.template [10ms]
2023-11-20 17:08:49.343 [info] > git for-each-ref --format=%(refname)%00%(upstream:short)%00%(objectname)%00%(upstream:track)%00%(upstream:remotename)%00%(upstream:remoteref) refs/heads/Vinicius refs/remotes/Vinicius [4ms]
2023-11-20 17:08:49.415 [info] > git status -z -uall [65ms]
2023-11-20 17:08:59.888 [info] > git config --get commit.template [11ms]
2023-11-20 17:08:59.891 [info] > git for-each-ref --format=%(refname)%00%(upstream:short)%00%(objectname)%00%(upstream:track)%00%(upstream:remotename)%00%(upstream:remoteref) refs/heads/Vinicius refs/remotes/Vinicius [5ms]
2023-11-20 17:08:59.960 [info] > git status -z -uall [62ms]
2023-11-20 17:09:05.105 [info] > git config --get commit.template [17ms]
2023-11-20 17:09:05.111 [info] > git for-each-ref --format=%(refname)%00%(upstream:short)%00%(objectname)%00%(upstream:track)%00%(upstream:remotename)%00%(upstream:remoteref) refs/heads/Vinicius refs/remotes/Vinicius [13ms]
2023-11-20 17:09:05.436 [info] > git status -z -uall [318ms]
2023-11-20 17:09:10.542 [info] > git config --get commit.template [10ms]
2023-11-20 17:09:10.546 [info] > git for-each-ref --format=%(refname)%00%(upstream:short)%00%(objectname)%00%(upstream:track)%00%(upstream:remotename)%00%(upstream:remoteref) refs/heads/Vinicius refs/remotes/Vinicius [5ms]
2023-11-20 17:09:10.658 [info] > git status -z -uall [105ms]
2023-11-20 17:09:15.787 [info] > git config --get commit.template [18ms]
2023-11-20 17:09:15.790 [info] > git for-each-ref --format=%(refname)%00%(upstream:short)%00%(objectname)%00%(upstream:track)%00%(upstream:remotename)%00%(upstream:remoteref) refs/heads/Vinicius refs/remotes/Vinicius [5ms]
2023-11-20 17:09:15.867 [info] > git status -z -uall [68ms]
2023-11-20 17:09:20.974 [info] > git config --get commit.template [10ms]
2023-11-20 17:09:20.977 [info] > git for-each-ref --format=%(refname)%00%(upstream:short)%00%(objectname)%00%(upstream:track)%00%(upstream:remotename)%00%(upstream:remoteref) refs/heads/Vinicius refs/remotes/Vinicius [5ms]
2023-11-20 17:09:21.053 [info] > git status -z -uall [70ms]
2023-11-20 17:09:26.176 [info] > git config --get commit.template [11ms]
2023-11-20 17:09:26.179 [info] > git for-each-ref --format=%(refname)%00%(upstream:short)%00%(objectname)%00%(upstream:track)%00%(upstream:remotename)%00%(upstream:remoteref) refs/heads/Vinicius refs/remotes/Vinicius [4ms]
2023-11-20 17:09:26.249 [info] > git status -z -uall [63ms]
2023-11-20 17:09:31.352 [info] > git config --get commit.template [9ms]
2023-11-20 17:09:31.355 [info] > git for-each-ref --format=%(refname)%00%(upstream:short)%00%(objectname)%00%(upstream:track)%00%(upstream:remotename)%00%(upstream:remoteref) refs/heads/Vinicius refs/remotes/Vinicius [4ms]
2023-11-20 17:09:31.427 [info] > git status -z -uall [66ms]
2023-11-20 17:09:36.551 [info] > git config --get commit.template [13ms]
2023-11-20 17:09:36.555 [info] > git for-each-ref --format=%(refname)%00%(upstream:short)%00%(objectname)%00%(upstream:track)%00%(upstream:remotename)%00%(upstream:remoteref) refs/heads/Vinicius refs/remotes/Vinicius [5ms]
2023-11-20 17:09:36.632 [info] > git status -z -uall [68ms]
2023-11-20 17:09:41.748 [info] > git config --get commit.template [9ms]
2023-11-20 17:09:41.752 [info] > git for-each-ref --format=%(refname)%00%(upstream:short)%00%(objectname)%00%(upstream:track)%00%(upstream:remotename)%00%(upstream:remoteref) refs/heads/Vinicius refs/remotes/Vinicius [6ms]
2023-11-20 17:09:41.817 [info] > git status -z -uall [57ms]
2023-11-20 17:09:46.968 [info] > git config --get commit.template [14ms]
2023-11-20 17:09:46.976 [info] > git for-each-ref --format=%(refname)%00%(upstream:short)%00%(objectname)%00%(upstream:track)%00%(upstream:remotename)%00%(upstream:remoteref) refs/heads/Vinicius refs/remotes/Vinicius [9ms]
2023-11-20 17:09:47.072 [info] > git status -z -uall [86ms]
2023-11-20 17:09:52.921 [info] > git config --get commit.template [14ms]
2023-11-20 17:09:52.924 [info] > git for-each-ref --format=%(refname)%00%(upstream:short)%00%(objectname)%00%(upstream:track)%00%(upstream:remotename)%00%(upstream:remoteref) refs/heads/Vinicius refs/remotes/Vinicius [4ms]
2023-11-20 17:09:52.991 [info] > git status -z -uall [58ms]
2023-11-20 17:09:58.127 [info] > git config --get commit.template [15ms]
2023-11-20 17:09:58.133 [info] > git for-each-ref --format=%(refname)%00%(upstream:short)%00%(objectname)%00%(upstream:track)%00%(upstream:remotename)%00%(upstream:remoteref) refs/heads/Vinicius refs/remotes/Vinicius [8ms]
2023-11-20 17:09:58.235 [info] > git status -z -uall [90ms]
2023-11-20 17:10:03.532 [info] > git config --get commit.template [93ms]
2023-11-20 17:10:03.557 [info] > git for-each-ref --format=%(refname)%00%(upstream:short)%00%(objectname)%00%(upstream:track)%00%(upstream:remotename)%00%(upstream:remoteref) refs/heads/Vinicius refs/remotes/Vinicius [26ms]
2023-11-20 17:10:03.980 [info] > git status -z -uall [392ms]
2023-11-20 17:10:16.708 [info] > git config --get commit.template [10ms]
2023-11-20 17:10:16.712 [info] > git for-each-ref --format=%(refname)%00%(upstream:short)%00%(objectname)%00%(upstream:track)%00%(upstream:remotename)%00%(upstream:remoteref) refs/heads/Vinicius refs/remotes/Vinicius [4ms]
2023-11-20 17:10:16.793 [info] > git status -z -uall [74ms]
2023-11-20 17:10:21.928 [info] > git config --get commit.template [11ms]
2023-11-20 17:10:21.933 [info] > git for-each-ref --format=%(refname)%00%(upstream:short)%00%(objectname)%00%(upstream:track)%00%(upstream:remotename)%00%(upstream:remoteref) refs/heads/Vinicius refs/remotes/Vinicius [6ms]
2023-11-20 17:10:22.017 [info] > git status -z -uall [77ms]
2023-11-20 17:10:27.164 [info] > git config --get commit.template [12ms]
2023-11-20 17:10:27.167 [info] > git for-each-ref --format=%(refname)%00%(upstream:short)%00%(objectname)%00%(upstream:track)%00%(upstream:remotename)%00%(upstream:remoteref) refs/heads/Vinicius refs/remotes/Vinicius [4ms]
2023-11-20 17:10:27.251 [info] > git status -z -uall [75ms]
2023-11-20 17:10:32.396 [info] > git config --get commit.template [35ms]
2023-11-20 17:10:32.409 [info] > git for-each-ref --format=%(refname)%00%(upstream:short)%00%(objectname)%00%(upstream:track)%00%(upstream:remotename)%00%(upstream:remoteref) refs/heads/Vinicius refs/remotes/Vinicius [19ms]
2023-11-20 17:10:32.523 [info] > git status -z -uall [96ms]
2023-11-20 17:10:37.657 [info] > git config --get commit.template [9ms]
2023-11-20 17:10:37.660 [info] > git for-each-ref --format=%(refname)%00%(upstream:short)%00%(objectname)%00%(upstream:track)%00%(upstream:remotename)%00%(upstream:remoteref) refs/heads/Vinicius refs/remotes/Vinicius [5ms]
2023-11-20 17:10:37.739 [info] > git status -z -uall [70ms]
2023-11-20 17:10:46.986 [info] > git config --get commit.template [8ms]
2023-11-20 17:10:46.988 [info] > git for-each-ref --format=%(refname)%00%(upstream:short)%00%(objectname)%00%(upstream:track)%00%(upstream:remotename)%00%(upstream:remoteref) refs/heads/Vinicius refs/remotes/Vinicius [3ms]
2023-11-20 17:10:47.065 [info] > git status -z -uall [71ms]
2023-11-20 17:11:31.520 [info] > git config --get commit.template [13ms]
2023-11-20 17:11:31.524 [info] > git for-each-ref --format=%(refname)%00%(upstream:short)%00%(objectname)%00%(upstream:track)%00%(upstream:remotename)%00%(upstream:remoteref) refs/heads/Vinicius refs/remotes/Vinicius [6ms]
2023-11-20 17:11:31.641 [info] > git status -z -uall [104ms]
2023-11-20 17:11:37.452 [info] > git config --get commit.template [21ms]
2023-11-20 17:11:37.458 [info] > git for-each-ref --format=%(refname)%00%(upstream:short)%00%(objectname)%00%(upstream:track)%00%(upstream:remotename)%00%(upstream:remoteref) refs/heads/Vinicius refs/remotes/Vinicius [8ms]
2023-11-20 17:11:37.571 [info] > git status -z -uall [97ms]
2023-11-20 17:11:49.132 [info] > git config --get commit.template [10ms]
2023-11-20 17:11:49.138 [info] > git for-each-ref --format=%(refname)%00%(upstream:short)%00%(objectname)%00%(upstream:track)%00%(upstream:remotename)%00%(upstream:remoteref) refs/heads/Vinicius refs/remotes/Vinicius [7ms]
2023-11-20 17:11:49.212 [info] > git status -z -uall [68ms]
2023-11-20 17:11:54.323 [info] > git config --get commit.template [8ms]
2023-11-20 17:11:54.325 [info] > git for-each-ref --format=%(refname)%00%(upstream:short)%00%(objectname)%00%(upstream:track)%00%(upstream:remotename)%00%(upstream:remoteref) refs/heads/Vinicius refs/remotes/Vinicius [4ms]
2023-11-20 17:11:54.398 [info] > git status -z -uall [67ms]
2023-11-20 17:11:59.513 [info] > git config --get commit.template [9ms]
2023-11-20 17:11:59.515 [info] > git for-each-ref --format=%(refname)%00%(upstream:short)%00%(objectname)%00%(upstream:track)%00%(upstream:remotename)%00%(upstream:remoteref) refs/heads/Vinicius refs/remotes/Vinicius [3ms]
2023-11-20 17:11:59.581 [info] > git status -z -uall [60ms]
2023-11-20 17:12:04.691 [info] > git config --get commit.template [10ms]
2023-11-20 17:12:04.693 [info] > git for-each-ref --format=%(refname)%00%(upstream:short)%00%(objectname)%00%(upstream:track)%00%(upstream:remotename)%00%(upstream:remoteref) refs/heads/Vinicius refs/remotes/Vinicius [5ms]
2023-11-20 17:12:04.789 [info] > git status -z -uall [81ms]
2023-11-20 17:12:09.928 [info] > git config --get commit.template [13ms]
2023-11-20 17:12:09.931 [info] > git for-each-ref --format=%(refname)%00%(upstream:short)%00%(objectname)%00%(upstream:track)%00%(upstream:remotename)%00%(upstream:remoteref) refs/heads/Vinicius refs/remotes/Vinicius [5ms]
2023-11-20 17:12:10.032 [info] > git status -z -uall [90ms]
2023-11-20 17:12:15.204 [info] > git config --get commit.template [14ms]
2023-11-20 17:12:15.208 [info] > git for-each-ref --format=%(refname)%00%(upstream:short)%00%(objectname)%00%(upstream:track)%00%(upstream:remotename)%00%(upstream:remoteref) refs/heads/Vinicius refs/remotes/Vinicius [5ms]
2023-11-20 17:12:15.314 [info] > git status -z -uall [94ms]
2023-11-20 17:12:20.504 [info] > git config --get commit.template [11ms]
2023-11-20 17:12:20.506 [info] > git for-each-ref --format=%(refname)%00%(upstream:short)%00%(objectname)%00%(upstream:track)%00%(upstream:remotename)%00%(upstream:remoteref) refs/heads/Vinicius refs/remotes/Vinicius [4ms]
2023-11-20 17:12:20.577 [info] > git status -z -uall [63ms]
2023-11-20 17:12:25.691 [info] > git config --get commit.template [13ms]
2023-11-20 17:12:25.694 [info] > git for-each-ref --format=%(refname)%00%(upstream:short)%00%(objectname)%00%(upstream:track)%00%(upstream:remotename)%00%(upstream:remoteref) refs/heads/Vinicius refs/remotes/Vinicius [4ms]
2023-11-20 17:12:25.778 [info] > git status -z -uall [76ms]
2023-11-20 17:12:30.899 [info] > git config --get commit.template [10ms]
2023-11-20 17:12:30.901 [info] > git for-each-ref --format=%(refname)%00%(upstream:short)%00%(objectname)%00%(upstream:track)%00%(upstream:remotename)%00%(upstream:remoteref) refs/heads/Vinicius refs/remotes/Vinicius [3ms]
2023-11-20 17:12:30.966 [info] > git status -z -uall [57ms]
2023-11-20 17:12:38.840 [info] > git config --get commit.template [15ms]
2023-11-20 17:12:38.844 [info] > git for-each-ref --format=%(refname)%00%(upstream:short)%00%(objectname)%00%(upstream:track)%00%(upstream:remotename)%00%(upstream:remoteref) refs/heads/Vinicius refs/remotes/Vinicius [5ms]
2023-11-20 17:12:38.928 [info] > git status -z -uall [73ms]
2023-11-20 17:12:51.645 [info] > git config --get commit.template [12ms]
2023-11-20 17:12:51.648 [info] > git for-each-ref --format=%(refname)%00%(upstream:short)%00%(objectname)%00%(upstream:track)%00%(upstream:remotename)%00%(upstream:remoteref) refs/heads/Vinicius refs/remotes/Vinicius [5ms]
2023-11-20 17:12:51.754 [info] > git status -z -uall [97ms]
2023-11-20 17:12:58.410 [info] > git config --get commit.template [9ms]
2023-11-20 17:12:58.413 [info] > git for-each-ref --format=%(refname)%00%(upstream:short)%00%(objectname)%00%(upstream:track)%00%(upstream:remotename)%00%(upstream:remoteref) refs/heads/Vinicius refs/remotes/Vinicius [4ms]
2023-11-20 17:12:58.485 [info] > git status -z -uall [65ms]
2023-11-20 17:13:04.729 [info] > git config --get commit.template [9ms]
2023-11-20 17:13:04.731 [info] > git for-each-ref --format=%(refname)%00%(upstream:short)%00%(objectname)%00%(upstream:track)%00%(upstream:remotename)%00%(upstream:remoteref) refs/heads/Vinicius refs/remotes/Vinicius [4ms]
2023-11-20 17:13:04.818 [info] > git status -z -uall [78ms]
2023-11-20 17:13:17.902 [info] > git config --get commit.template [13ms]
2023-11-20 17:13:17.907 [info] > git for-each-ref --format=%(refname)%00%(upstream:short)%00%(objectname)%00%(upstream:track)%00%(upstream:remotename)%00%(upstream:remoteref) refs/heads/Vinicius refs/remotes/Vinicius [8ms]
2023-11-20 17:13:17.980 [info] > git status -z -uall [66ms]
2023-11-20 17:13:23.125 [info] > git config --get commit.template [14ms]
2023-11-20 17:13:23.129 [info] > git for-each-ref --format=%(refname)%00%(upstream:short)%00%(objectname)%00%(upstream:track)%00%(upstream:remotename)%00%(upstream:remoteref) refs/heads/Vinicius refs/remotes/Vinicius [5ms]
2023-11-20 17:13:23.225 [info] > git status -z -uall [86ms]
2023-11-20 17:13:28.334 [info] > git config --get commit.template [10ms]
2023-11-20 17:13:28.336 [info] > git for-each-ref --format=%(refname)%00%(upstream:short)%00%(objectname)%00%(upstream:track)%00%(upstream:remotename)%00%(upstream:remoteref) refs/heads/Vinicius refs/remotes/Vinicius [4ms]
2023-11-20 17:13:28.404 [info] > git status -z -uall [61ms]
2023-11-20 17:13:33.536 [info] > git config --get commit.template [10ms]
2023-11-20 17:13:33.539 [info] > git for-each-ref --format=%(refname)%00%(upstream:short)%00%(objectname)%00%(upstream:track)%00%(upstream:remotename)%00%(upstream:remoteref) refs/heads/Vinicius refs/remotes/Vinicius [4ms]
2023-11-20 17:13:33.607 [info] > git status -z -uall [61ms]
2023-11-20 17:13:43.997 [info] > git config --get commit.template [11ms]
2023-11-20 17:13:44.000 [info] > git for-each-ref --format=%(refname)%00%(upstream:short)%00%(objectname)%00%(upstream:track)%00%(upstream:remotename)%00%(upstream:remoteref) refs/heads/Vinicius refs/remotes/Vinicius [4ms]
2023-11-20 17:13:44.065 [info] > git status -z -uall [57ms]
2023-11-20 17:13:49.200 [info] > git config --get commit.template [12ms]
2023-11-20 17:13:49.204 [info] > git for-each-ref --format=%(refname)%00%(upstream:short)%00%(objectname)%00%(upstream:track)%00%(upstream:remotename)%00%(upstream:remoteref) refs/heads/Vinicius refs/remotes/Vinicius [4ms]
2023-11-20 17:13:49.288 [info] > git status -z -uall [76ms]
2023-11-20 17:13:54.413 [info] > git config --get commit.template [11ms]
2023-11-20 17:13:54.420 [info] > git for-each-ref --format=%(refname)%00%(upstream:short)%00%(objectname)%00%(upstream:track)%00%(upstream:remotename)%00%(upstream:remoteref) refs/heads/Vinicius refs/remotes/Vinicius [8ms]
2023-11-20 17:13:54.536 [info] > git status -z -uall [108ms]
2023-11-20 17:13:59.691 [info] > git config --get commit.template [10ms]
2023-11-20 17:13:59.694 [info] > git for-each-ref --format=%(refname)%00%(upstream:short)%00%(objectname)%00%(upstream:track)%00%(upstream:remotename)%00%(upstream:remoteref) refs/heads/Vinicius refs/remotes/Vinicius [3ms]
2023-11-20 17:13:59.774 [info] > git status -z -uall [72ms]
2023-11-20 17:14:09.999 [info] > git config --get commit.template [19ms]
2023-11-20 17:14:10.004 [info] > git for-each-ref --format=%(refname)%00%(upstream:short)%00%(objectname)%00%(upstream:track)%00%(upstream:remotename)%00%(upstream:remoteref) refs/heads/Vinicius refs/remotes/Vinicius [16ms]
2023-11-20 17:14:10.195 [info] > git status -z -uall [184ms]
2023-11-20 17:14:15.364 [info] > git config --get commit.template [12ms]
2023-11-20 17:14:15.368 [info] > git for-each-ref --format=%(refname)%00%(upstream:short)%00%(objectname)%00%(upstream:track)%00%(upstream:remotename)%00%(upstream:remoteref) refs/heads/Vinicius refs/remotes/Vinicius [5ms]
2023-11-20 17:14:15.467 [info] > git status -z -uall [92ms]
2023-11-20 17:14:20.583 [info] > git config --get commit.template [8ms]
2023-11-20 17:14:20.586 [info] > git for-each-ref --format=%(refname)%00%(upstream:short)%00%(objectname)%00%(upstream:track)%00%(upstream:remotename)%00%(upstream:remoteref) refs/heads/Vinicius refs/remotes/Vinicius [4ms]
2023-11-20 17:14:20.666 [info] > git status -z -uall [70ms]
2023-11-20 17:14:25.816 [info] > git config --get commit.template [20ms]
2023-11-20 17:14:25.819 [info] > git for-each-ref --format=%(refname)%00%(upstream:short)%00%(objectname)%00%(upstream:track)%00%(upstream:remotename)%00%(upstream:remoteref) refs/heads/Vinicius refs/remotes/Vinicius [4ms]
2023-11-20 17:14:25.915 [info] > git status -z -uall [89ms]
2023-11-20 17:14:31.037 [info] > git config --get commit.template [13ms]
2023-11-20 17:14:31.040 [info] > git for-each-ref --format=%(refname)%00%(upstream:short)%00%(objectname)%00%(upstream:track)%00%(upstream:remotename)%00%(upstream:remoteref) refs/heads/Vinicius refs/remotes/Vinicius [5ms]
2023-11-20 17:14:31.149 [info] > git status -z -uall [101ms]
2023-11-20 17:14:36.286 [info] > git config --get commit.template [13ms]
2023-11-20 17:14:36.288 [info] > git for-each-ref --format=%(refname)%00%(upstream:short)%00%(objectname)%00%(upstream:track)%00%(upstream:remotename)%00%(upstream:remoteref) refs/heads/Vinicius refs/remotes/Vinicius [5ms]
2023-11-20 17:14:36.365 [info] > git status -z -uall [69ms]
2023-11-20 17:14:41.474 [info] > git config --get commit.template [10ms]
2023-11-20 17:14:41.477 [info] > git for-each-ref --format=%(refname)%00%(upstream:short)%00%(objectname)%00%(upstream:track)%00%(upstream:remotename)%00%(upstream:remoteref) refs/heads/Vinicius refs/remotes/Vinicius [5ms]
2023-11-20 17:14:41.546 [info] > git status -z -uall [60ms]
2023-11-20 17:14:46.679 [info] > git config --get commit.template [11ms]
2023-11-20 17:14:46.681 [info] > git for-each-ref --format=%(refname)%00%(upstream:short)%00%(objectname)%00%(upstream:track)%00%(upstream:remotename)%00%(upstream:remoteref) refs/heads/Vinicius refs/remotes/Vinicius [3ms]
2023-11-20 17:14:46.883 [info] > git status -z -uall [195ms]
2023-11-20 17:15:30.313 [info] > git config --get commit.template [20ms]
2023-11-20 17:15:30.319 [info] > git for-each-ref --format=%(refname)%00%(upstream:short)%00%(objectname)%00%(upstream:track)%00%(upstream:remotename)%00%(upstream:remoteref) refs/heads/Vinicius refs/remotes/Vinicius [16ms]
2023-11-20 17:15:30.510 [info] > git status -z -uall [180ms]
2023-11-20 17:15:41.256 [info] > git config --get commit.template [10ms]
2023-11-20 17:15:41.260 [info] > git for-each-ref --format=%(refname)%00%(upstream:short)%00%(objectname)%00%(upstream:track)%00%(upstream:remotename)%00%(upstream:remoteref) refs/heads/Vinicius refs/remotes/Vinicius [5ms]
2023-11-20 17:15:41.344 [info] > git status -z -uall [77ms]
2023-11-20 17:16:13.700 [info] > git config --get commit.template [13ms]
2023-11-20 17:16:13.705 [info] > git for-each-ref --format=%(refname)%00%(upstream:short)%00%(objectname)%00%(upstream:track)%00%(upstream:remotename)%00%(upstream:remoteref) refs/heads/Vinicius refs/remotes/Vinicius [6ms]
2023-11-20 17:16:13.937 [info] > git status -z -uall [223ms]
2023-11-20 17:16:17.499 [info] > git show --textconv :CodeIgniter/app/Views/salas_form.php [22ms]
2023-11-20 17:16:17.503 [info] > git ls-files --stage -- /var/www/clients/client2/web2/web/sistema/adsgrupo06/CodeIgniter/app/Views/salas_form.php [15ms]
2023-11-20 17:16:17.514 [info] > git cat-file -s 0d258b68c078acf7d665842cf3cd7d7e786ab56f [3ms]
2023-11-20 17:16:19.053 [info] > git config --get commit.template [12ms]
2023-11-20 17:16:19.057 [info] > git for-each-ref --format=%(refname)%00%(upstream:short)%00%(objectname)%00%(upstream:track)%00%(upstream:remotename)%00%(upstream:remoteref) refs/heads/Vinicius refs/remotes/Vinicius [5ms]
2023-11-20 17:16:19.153 [info] > git status -z -uall [89ms]
2023-11-20 17:16:38.693 [info] > git config --get commit.template [8ms]
2023-11-20 17:16:38.695 [info] > git for-each-ref --format=%(refname)%00%(upstream:short)%00%(objectname)%00%(upstream:track)%00%(upstream:remotename)%00%(upstream:remoteref) refs/heads/Vinicius refs/remotes/Vinicius [4ms]
2023-11-20 17:16:38.857 [info] > git status -z -uall [156ms]
2023-11-20 17:16:42.735 [info] > git check-ignore -v -z --stdin [17ms]
2023-11-20 17:16:44.007 [info] > git config --get commit.template [10ms]
2023-11-20 17:16:44.011 [info] > git for-each-ref --format=%(refname)%00%(upstream:short)%00%(objectname)%00%(upstream:track)%00%(upstream:remotename)%00%(upstream:remoteref) refs/heads/Vinicius refs/remotes/Vinicius [6ms]
2023-11-20 17:16:44.133 [info] > git status -z -uall [115ms]
2023-11-20 17:16:46.262 [info] > git show --textconv :CodeIgniter/app/Views/atualizar_sala_form.php [13ms]
2023-11-20 17:16:46.268 [info] > git ls-files --stage -- /var/www/clients/client2/web2/web/sistema/adsgrupo06/CodeIgniter/app/Views/atualizar_sala_form.php [7ms]
2023-11-20 17:16:49.254 [info] > git config --get commit.template [10ms]
2023-11-20 17:16:49.257 [info] > git for-each-ref --format=%(refname)%00%(upstream:short)%00%(objectname)%00%(upstream:track)%00%(upstream:remotename)%00%(upstream:remoteref) refs/heads/Vinicius refs/remotes/Vinicius [5ms]
2023-11-20 17:16:49.349 [info] > git status -z -uall [85ms]
2023-11-20 17:16:50.778 [info] > git show --textconv :CodeIgniter/app/Views/salas_editar_selecionada.php [15ms]
2023-11-20 17:16:50.786 [info] > git ls-files --stage -- /var/www/clients/client2/web2/web/sistema/adsgrupo06/CodeIgniter/app/Views/salas_editar_selecionada.php [10ms]
2023-11-20 17:16:50.798 [info] > git cat-file -s d766fa2fb4bcf91913693bda1777115238b618af [3ms]
2023-11-20 17:16:51.452 [info] > git show --textconv :CodeIgniter/app/Views/salas_exibir.php [17ms]
2023-11-20 17:16:51.458 [info] > git ls-files --stage -- /var/www/clients/client2/web2/web/sistema/adsgrupo06/CodeIgniter/app/Views/salas_exibir.php [6ms]
2023-11-20 17:16:51.471 [info] > git cat-file -s 53dd236803ed5d72f6d6132c2ca2c9af2effac94 [3ms]
2023-11-20 17:16:52.304 [info] > git show --textconv :CodeIgniter/app/Views/salasdel.php [13ms]
2023-11-20 17:16:52.310 [info] > git ls-files --stage -- /var/www/clients/client2/web2/web/sistema/adsgrupo06/CodeIgniter/app/Views/salasdel.php [7ms]
2023-11-20 17:16:53.243 [info] > git show --textconv :CodeIgniter/app/Views/welcome_message.php [39ms]
2023-11-20 17:16:53.253 [info] > git ls-files --stage -- /var/www/clients/client2/web2/web/sistema/adsgrupo06/CodeIgniter/app/Views/welcome_message.php [35ms]
2023-11-20 17:16:53.261 [info] > git cat-file -s 9ee2e427c308fa0b4f23cf6dcf326e672abfba70 [2ms]
2023-11-20 17:16:54.494 [info] > git config --get commit.template [20ms]
2023-11-20 17:16:54.501 [info] > git for-each-ref --format=%(refname)%00%(upstream:short)%00%(objectname)%00%(upstream:track)%00%(upstream:remotename)%00%(upstream:remoteref) refs/heads/Vinicius refs/remotes/Vinicius [8ms]
2023-11-20 17:16:54.749 [info] > git status -z -uall [236ms]
2023-11-20 17:17:19.289 [info] > git config --get commit.template [21ms]
2023-11-20 17:17:19.294 [info] > git for-each-ref --format=%(refname)%00%(upstream:short)%00%(objectname)%00%(upstream:track)%00%(upstream:remotename)%00%(upstream:remoteref) refs/heads/Vinicius refs/remotes/Vinicius [13ms]
