2023-11-15 13:13:18.967 [info] Log level: Info
2023-11-15 13:13:18.967 [info] Validating found git in: "git"
2023-11-15 13:13:18.967 [info] Using git "2.20.1" from "git"
2023-11-15 13:13:18.967 [info] > git rev-parse --show-toplevel [44ms]
2023-11-15 13:13:19.021 [info] > git rev-parse --git-dir --git-common-dir [8ms]
2023-11-15 13:13:19.086 [info] Open repository: /var/www/clients/client2/web2/web/sistema/adsgrupo06
2023-11-15 13:13:19.157 [info] > git config --get commit.template [38ms]
2023-11-15 13:13:19.391 [info] > git rev-parse --show-toplevel [240ms]
2023-11-15 13:13:19.436 [info] > git for-each-ref --format=%(refname)%00%(upstream:short)%00%(objectname)%00%(upstream:track)%00%(upstream:remotename)%00%(upstream:remoteref) refs/heads/Vinicius refs/remotes/Vinicius [253ms]
2023-11-15 13:13:19.479 [info] > git rev-parse --show-toplevel [44ms]
2023-11-15 13:13:19.862 [info] > git rev-parse --show-toplevel [17ms]
2023-11-15 13:13:19.980 [info] > git rev-parse --show-toplevel [33ms]
2023-11-15 13:13:20.066 [info] > git status -z -uall [593ms]
2023-11-15 13:13:20.066 [info] > git rev-parse --show-toplevel [50ms]
2023-11-15 13:13:22.236 [info] > git check-ignore -v -z --stdin [2186ms]
2023-11-15 13:13:22.287 [info] > git config --get commit.template [52ms]
2023-11-15 13:13:22.287 [info] > git rev-parse --show-toplevel [161ms]
2023-11-15 13:13:22.407 [info] > git rev-parse --show-toplevel [66ms]
2023-11-15 13:13:22.486 [info] > git for-each-ref --format=%(refname)%00%(upstream:short)%00%(objectname)%00%(upstream:track)%00%(upstream:remotename)%00%(upstream:remoteref) refs/heads/Vinicius refs/remotes/Vinicius [86ms]
2023-11-15 13:13:22.539 [info] > git rev-parse --show-toplevel [57ms]
2023-11-15 13:13:22.658 [info] > git rev-parse --show-toplevel [55ms]
2023-11-15 13:13:22.868 [info] > git rev-parse --show-toplevel [46ms]
2023-11-15 13:13:22.935 [info] > git check-ignore -v -z --stdin [71ms]
2023-11-15 13:13:23.135 [info] > git status -z -uall [598ms]
2023-11-15 13:13:24.551 [info] > git show --textconv :CodeIgniter/app/Views/salas_exibir.php [1442ms]
2023-11-15 13:13:24.677 [info] > git ls-files --stage -- /var/www/clients/client2/web2/web/sistema/adsgrupo06/CodeIgniter/app/Views/salas_exibir.php [1552ms]
2023-11-15 13:13:24.834 [info] > git cat-file -s c885bbb4e3b76f8f97c7b446fd68b85086560962 [101ms]
2023-11-15 13:13:33.584 [info] > git config --get commit.template [41ms]
2023-11-15 13:13:33.592 [info] > git for-each-ref --format=%(refname)%00%(upstream:short)%00%(objectname)%00%(upstream:track)%00%(upstream:remotename)%00%(upstream:remoteref) refs/heads/Vinicius refs/remotes/Vinicius [25ms]
2023-11-15 13:13:34.026 [info] > git status -z -uall [408ms]
2023-11-15 13:13:51.426 [info] > git show --textconv :CodeIgniter/app/Views/salas_editar_selecionada.php [63ms]
2023-11-15 13:13:51.435 [info] > git ls-files --stage -- /var/www/clients/client2/web2/web/sistema/adsgrupo06/CodeIgniter/app/Views/salas_editar_selecionada.php [25ms]
2023-11-15 13:13:51.465 [info] > git cat-file -s d766fa2fb4bcf91913693bda1777115238b618af [15ms]
2023-11-15 13:13:55.660 [info] > git ls-files --stage -- /var/www/clients/client2/web2/web/sistema/adsgrupo06/CodeIgniter/app/Views/salas_editar_selecao.php [24ms]
2023-11-15 13:13:55.676 [info] > git show --textconv :CodeIgniter/app/Views/salas_editar_selecao.php [54ms]
2023-11-15 13:13:55.680 [info] > git cat-file -s 31578edb9b46ae9eace253564de2534c764dbb2c [5ms]
2023-11-15 13:14:02.071 [info] > git show --textconv :CodeIgniter/app/Views/welcome_message.php [105ms]
2023-11-15 13:14:02.104 [info] > git ls-files --stage -- /var/www/clients/client2/web2/web/sistema/adsgrupo06/CodeIgniter/app/Views/welcome_message.php [42ms]
2023-11-15 13:14:02.152 [info] > git cat-file -s 9ee2e427c308fa0b4f23cf6dcf326e672abfba70 [23ms]
2023-11-15 13:14:02.850 [info] > git show --textconv :CodeIgniter/app/Views/salas_form.php [67ms]
2023-11-15 13:14:02.891 [info] > git ls-files --stage -- /var/www/clients/client2/web2/web/sistema/adsgrupo06/CodeIgniter/app/Views/salas_form.php [41ms]
2023-11-15 13:14:03.022 [info] > git cat-file -s 0d258b68c078acf7d665842cf3cd7d7e786ab56f [27ms]
2023-11-15 13:14:04.629 [info] > git show --textconv :CodeIgniter/app/Views/salas_exibir.php [18ms]
2023-11-15 13:14:04.630 [info] > git ls-files --stage -- /var/www/clients/client2/web2/web/sistema/adsgrupo06/CodeIgniter/app/Views/salas_exibir.php [8ms]
2023-11-15 13:14:04.640 [info] > git cat-file -s c885bbb4e3b76f8f97c7b446fd68b85086560962 [4ms]
2023-11-15 13:15:38.845 [info] > git config --get commit.template [35ms]
2023-11-15 13:15:38.857 [info] > git for-each-ref --format=%(refname)%00%(upstream:short)%00%(objectname)%00%(upstream:track)%00%(upstream:remotename)%00%(upstream:remoteref) refs/heads/Vinicius refs/remotes/Vinicius [16ms]
2023-11-15 13:15:39.140 [info] > git status -z -uall [276ms]
2023-11-15 13:19:18.624 [info] > git config --get commit.template [63ms]
2023-11-15 13:19:18.629 [info] > git for-each-ref --format=%(refname)%00%(upstream:short)%00%(objectname)%00%(upstream:track)%00%(upstream:remotename)%00%(upstream:remoteref) refs/heads/Vinicius refs/remotes/Vinicius [47ms]
2023-11-15 13:19:18.969 [info] > git status -z -uall [317ms]
2023-11-15 13:19:24.830 [info] > git config --get commit.template [71ms]
2023-11-15 13:19:24.839 [info] > git for-each-ref --format=%(refname)%00%(upstream:short)%00%(objectname)%00%(upstream:track)%00%(upstream:remotename)%00%(upstream:remoteref) refs/heads/Vinicius refs/remotes/Vinicius [41ms]
2023-11-15 13:19:25.233 [info] > git status -z -uall [370ms]
2023-11-15 13:19:30.993 [info] > git config --get commit.template [38ms]
2023-11-15 13:19:30.995 [info] > git for-each-ref --format=%(refname)%00%(upstream:short)%00%(objectname)%00%(upstream:track)%00%(upstream:remotename)%00%(upstream:remoteref) refs/heads/Vinicius refs/remotes/Vinicius [18ms]
2023-11-15 13:19:31.242 [info] > git status -z -uall [238ms]
2023-11-15 13:19:37.184 [info] > git config --get commit.template [39ms]
2023-11-15 13:19:37.189 [info] > git for-each-ref --format=%(refname)%00%(upstream:short)%00%(objectname)%00%(upstream:track)%00%(upstream:remotename)%00%(upstream:remoteref) refs/heads/Vinicius refs/remotes/Vinicius [27ms]
2023-11-15 13:19:37.462 [info] > git status -z -uall [251ms]
2023-11-15 13:19:45.975 [info] > git check-ignore -v -z --stdin [22ms]
2023-11-15 13:19:49.544 [info] > git show --textconv :CodeIgniter/app/Views/salas_form.php [28ms]
2023-11-15 13:19:49.545 [info] > git ls-files --stage -- /var/www/clients/client2/web2/web/sistema/adsgrupo06/CodeIgniter/app/Views/salas_form.php [14ms]
2023-11-15 13:19:49.559 [info] > git cat-file -s 0d258b68c078acf7d665842cf3cd7d7e786ab56f [6ms]
2023-11-15 13:19:56.301 [info] > git show --textconv :CodeIgniter/app/Views/salas_exibir.php [28ms]
2023-11-15 13:19:56.309 [info] > git ls-files --stage -- /var/www/clients/client2/web2/web/sistema/adsgrupo06/CodeIgniter/app/Views/salas_exibir.php [11ms]
2023-11-15 13:19:56.320 [info] > git cat-file -s c885bbb4e3b76f8f97c7b446fd68b85086560962 [3ms]
2023-11-15 13:20:02.827 [info] > git show --textconv :CodeIgniter/app/Views/salas_editar_selecao.php [44ms]
2023-11-15 13:20:02.842 [info] > git ls-files --stage -- /var/www/clients/client2/web2/web/sistema/adsgrupo06/CodeIgniter/app/Views/salas_editar_selecao.php [39ms]
2023-11-15 13:20:02.859 [info] > git cat-file -s 31578edb9b46ae9eace253564de2534c764dbb2c [6ms]
2023-11-15 13:20:12.816 [info] > git check-ignore -v -z --stdin [49ms]
2023-11-15 13:20:16.141 [info] > git check-ignore -v -z --stdin [12ms]
2023-11-15 13:20:16.957 [info] > git ls-files --stage -- /var/www/clients/client2/web2/web/sistema/adsgrupo06/CodeIgniter/app/Config/App.php [9ms]
2023-11-15 13:20:16.967 [info] > git show --textconv :CodeIgniter/app/Config/App.php [29ms]
2023-11-15 13:20:16.975 [info] > git cat-file -s 82e2a4ea9a6deb3a541fea957448639b57182d63 [9ms]
2023-11-15 13:20:18.931 [info] > git show --textconv :CodeIgniter/app/Config/Cache.php [16ms]
2023-11-15 13:20:18.935 [info] > git ls-files --stage -- /var/www/clients/client2/web2/web/sistema/adsgrupo06/CodeIgniter/app/Config/Cache.php [9ms]
2023-11-15 13:20:18.944 [info] > git cat-file -s 2d1fea90c9d1431df49484cc11edb037e206b5cb [3ms]
2023-11-15 13:20:20.241 [info] > git check-ignore -v -z --stdin [7ms]
2023-11-15 13:20:22.885 [info] > git show --textconv :.bash_history [25ms]
2023-11-15 13:20:22.894 [info] > git ls-files --stage -- /var/www/clients/client2/web2/web/sistema/adsgrupo06/.bash_history [17ms]
2023-11-15 13:20:22.903 [info] > git cat-file -s a0451023e1a768bfd811d7fbe12dce4f15653ab1 [4ms]
2023-11-15 13:22:04.570 [info] > git check-ignore -v -z --stdin [30ms]
2023-11-15 13:22:09.048 [info] > git show --textconv :CodeIgniter/app/Views/salas_editar_selecionada.php [28ms]
2023-11-15 13:22:09.062 [info] > git ls-files --stage -- /var/www/clients/client2/web2/web/sistema/adsgrupo06/CodeIgniter/app/Views/salas_editar_selecionada.php [14ms]
2023-11-15 13:22:09.078 [info] > git cat-file -s d766fa2fb4bcf91913693bda1777115238b618af [5ms]
2023-11-15 13:22:11.465 [info] > git show --textconv :CodeIgniter/app/Views/salas_exibir.php [24ms]
2023-11-15 13:22:11.470 [info] > git ls-files --stage -- /var/www/clients/client2/web2/web/sistema/adsgrupo06/CodeIgniter/app/Views/salas_exibir.php [7ms]
2023-11-15 13:22:11.477 [info] > git cat-file -s c885bbb4e3b76f8f97c7b446fd68b85086560962 [3ms]
2023-11-15 13:22:13.504 [info] > git show --textconv :CodeIgniter/app/Views/salas_form.php [20ms]
2023-11-15 13:22:13.513 [info] > git ls-files --stage -- /var/www/clients/client2/web2/web/sistema/adsgrupo06/CodeIgniter/app/Views/salas_form.php [9ms]
2023-11-15 13:22:13.528 [info] > git cat-file -s 0d258b68c078acf7d665842cf3cd7d7e786ab56f [9ms]
2023-11-15 13:22:15.074 [info] > git show --textconv :CodeIgniter/app/Views/salas_editar_selecao.php [19ms]
2023-11-15 13:22:15.080 [info] > git ls-files --stage -- /var/www/clients/client2/web2/web/sistema/adsgrupo06/CodeIgniter/app/Views/salas_editar_selecao.php [8ms]
2023-11-15 13:22:15.088 [info] > git cat-file -s 31578edb9b46ae9eace253564de2534c764dbb2c [2ms]
2023-11-15 13:22:23.646 [info] > git show --textconv :CodeIgniter/app/Views/salas_editar_selecionada.php [15ms]
2023-11-15 13:22:23.652 [info] > git ls-files --stage -- /var/www/clients/client2/web2/web/sistema/adsgrupo06/CodeIgniter/app/Views/salas_editar_selecionada.php [8ms]
2023-11-15 13:22:23.659 [info] > git cat-file -s d766fa2fb4bcf91913693bda1777115238b618af [3ms]
2023-11-15 13:23:26.340 [info] > git show --textconv :.bash_history [91ms]
2023-11-15 13:23:26.382 [info] > git ls-files --stage -- /var/www/clients/client2/web2/web/sistema/adsgrupo06/.bash_history [58ms]
2023-11-15 13:23:26.469 [info] > git cat-file -s a0451023e1a768bfd811d7fbe12dce4f15653ab1 [18ms]
2023-11-15 13:24:31.967 [info] > git check-ignore -v -z --stdin [34ms]
2023-11-15 13:24:33.320 [info] > git check-ignore -v -z --stdin [22ms]
2023-11-15 13:24:36.542 [info] > git check-ignore -v -z --stdin [33ms]
2023-11-15 13:24:37.158 [info] > git check-ignore -v -z --stdin [12ms]
2023-11-15 13:24:41.851 [info] > git show --textconv :CodeIgniter/app/Views/salas_form.php [40ms]
2023-11-15 13:24:41.862 [info] > git ls-files --stage -- /var/www/clients/client2/web2/web/sistema/adsgrupo06/CodeIgniter/app/Views/salas_form.php [30ms]
2023-11-15 13:24:41.882 [info] > git cat-file -s 0d258b68c078acf7d665842cf3cd7d7e786ab56f [4ms]
2023-11-15 13:24:48.220 [info] > git ls-files --stage -- /var/www/clients/client2/web2/web/sistema/adsgrupo06/CodeIgniter/app/Views/salas_editar_selecionada.php [10ms]
2023-11-15 13:24:48.229 [info] > git show --textconv :CodeIgniter/app/Views/salas_editar_selecionada.php [29ms]
2023-11-15 13:24:48.234 [info] > git cat-file -s d766fa2fb4bcf91913693bda1777115238b618af [6ms]
2023-11-15 13:24:52.128 [info] > git show --textconv :CodeIgniter/app/Views/salas_exibir.php [22ms]
2023-11-15 13:24:52.132 [info] > git ls-files --stage -- /var/www/clients/client2/web2/web/sistema/adsgrupo06/CodeIgniter/app/Views/salas_exibir.php [14ms]
2023-11-15 13:24:52.141 [info] > git cat-file -s c885bbb4e3b76f8f97c7b446fd68b85086560962 [3ms]
2023-11-15 13:24:56.407 [info] > git show --textconv :CodeIgniter/app/Views/salas_editar_selecionada.php [13ms]
2023-11-15 13:24:56.414 [info] > git ls-files --stage -- /var/www/clients/client2/web2/web/sistema/adsgrupo06/CodeIgniter/app/Views/salas_editar_selecionada.php [8ms]
2023-11-15 13:24:56.422 [info] > git cat-file -s d766fa2fb4bcf91913693bda1777115238b618af [2ms]
2023-11-15 13:27:31.902 [info] > git show --textconv :CodeIgniter/app/Views/salas_editar_selecao.php [53ms]
2023-11-15 13:27:31.919 [info] > git ls-files --stage -- /var/www/clients/client2/web2/web/sistema/adsgrupo06/CodeIgniter/app/Views/salas_editar_selecao.php [39ms]
2023-11-15 13:27:31.932 [info] > git cat-file -s 31578edb9b46ae9eace253564de2534c764dbb2c [5ms]
2023-11-15 13:27:34.236 [info] > git config --get commit.template [24ms]
2023-11-15 13:27:34.243 [info] > git for-each-ref --format=%(refname)%00%(upstream:short)%00%(objectname)%00%(upstream:track)%00%(upstream:remotename)%00%(upstream:remoteref) refs/heads/Vinicius refs/remotes/Vinicius [9ms]
2023-11-15 13:27:34.504 [info] > git status -z -uall [252ms]
2023-11-15 13:27:37.024 [info] > git show --textconv :CodeIgniter/app/Views/salas_editar_selecionada.php [55ms]
2023-11-15 13:27:37.031 [info] > git ls-files --stage -- /var/www/clients/client2/web2/web/sistema/adsgrupo06/CodeIgniter/app/Views/salas_editar_selecionada.php [46ms]
2023-11-15 13:27:37.047 [info] > git cat-file -s d766fa2fb4bcf91913693bda1777115238b618af [3ms]
2023-11-15 13:29:14.396 [info] > git show --textconv :CodeIgniter/app/Config/Routes.php [54ms]
2023-11-15 13:29:14.415 [info] > git ls-files --stage -- /var/www/clients/client2/web2/web/sistema/adsgrupo06/CodeIgniter/app/Config/Routes.php [50ms]
2023-11-15 13:29:14.433 [info] > git cat-file -s b1e1bb3f8c4c278207401b4b454a971e5cb5eab9 [6ms]
2023-11-15 13:30:09.866 [info] > git check-ignore -v -z --stdin [26ms]
2023-11-15 13:30:16.508 [info] > git ls-files --stage -- /var/www/clients/client2/web2/web/sistema/adsgrupo06/CodeIgniter/app/Controllers/SalasEditarSelecionada.php [36ms]
2023-11-15 13:30:16.517 [info] > git show --textconv :CodeIgniter/app/Controllers/SalasEditarSelecionada.php [81ms]
2023-11-15 13:30:16.526 [info] > git cat-file -s a8ec1a678ad3b00db8372395e0be7c9ce5dd4042 [9ms]
2023-11-15 13:40:15.983 [info] > git config --get commit.template [46ms]
2023-11-15 13:40:16.046 [info] > git for-each-ref --format=%(refname)%00%(upstream:short)%00%(objectname)%00%(upstream:track)%00%(upstream:remotename)%00%(upstream:remoteref) refs/heads/Vinicius refs/remotes/Vinicius [17ms]
2023-11-15 13:40:16.430 [info] > git status -z -uall [364ms]
2023-11-15 13:41:12.161 [info] > git config --get commit.template [115ms]
2023-11-15 13:41:12.177 [info] > git for-each-ref --format=%(refname)%00%(upstream:short)%00%(objectname)%00%(upstream:track)%00%(upstream:remotename)%00%(upstream:remoteref) refs/heads/Vinicius refs/remotes/Vinicius [99ms]
2023-11-15 13:41:12.643 [info] > git status -z -uall [446ms]
2023-11-15 13:42:05.155 [info] > git config --get commit.template [97ms]
2023-11-15 13:42:05.164 [info] > git for-each-ref --format=%(refname)%00%(upstream:short)%00%(objectname)%00%(upstream:track)%00%(upstream:remotename)%00%(upstream:remoteref) refs/heads/Vinicius refs/remotes/Vinicius [88ms]
2023-11-15 13:42:05.701 [info] > git status -z -uall [473ms]
2023-11-15 13:42:11.580 [info] > git config --get commit.template [43ms]
2023-11-15 13:42:11.583 [info] > git for-each-ref --format=%(refname)%00%(upstream:short)%00%(objectname)%00%(upstream:track)%00%(upstream:remotename)%00%(upstream:remoteref) refs/heads/Vinicius refs/remotes/Vinicius [26ms]
2023-11-15 13:42:11.920 [info] > git status -z -uall [315ms]
2023-11-15 13:42:17.119 [info] > git config --get commit.template [23ms]
2023-11-15 13:42:17.127 [info] > git for-each-ref --format=%(refname)%00%(upstream:short)%00%(objectname)%00%(upstream:track)%00%(upstream:remotename)%00%(upstream:remoteref) refs/heads/Vinicius refs/remotes/Vinicius [8ms]
2023-11-15 13:42:17.386 [info] > git status -z -uall [251ms]
2023-11-15 13:42:19.902 [info] > git ls-files --stage -- /var/www/clients/client2/web2/web/sistema/adsgrupo06/CodeIgniter/app/Views/salas_exibir.php [38ms]
2023-11-15 13:42:19.924 [info] > git show --textconv :CodeIgniter/app/Views/salas_exibir.php [80ms]
2023-11-15 13:42:19.938 [info] > git cat-file -s c885bbb4e3b76f8f97c7b446fd68b85086560962 [14ms]
2023-11-15 13:42:22.768 [info] > git config --get commit.template [32ms]
2023-11-15 13:42:22.771 [info] > git for-each-ref --format=%(refname)%00%(upstream:short)%00%(objectname)%00%(upstream:track)%00%(upstream:remotename)%00%(upstream:remoteref) refs/heads/Vinicius refs/remotes/Vinicius [13ms]
2023-11-15 13:42:23.041 [info] > git status -z -uall [260ms]
2023-11-15 13:42:24.612 [info] > git show --textconv :CodeIgniter/app/Controllers/SalasEditarSelecionada.php [20ms]
2023-11-15 13:42:24.616 [info] > git ls-files --stage -- /var/www/clients/client2/web2/web/sistema/adsgrupo06/CodeIgniter/app/Controllers/SalasEditarSelecionada.php [12ms]
2023-11-15 13:42:24.628 [info] > git cat-file -s a8ec1a678ad3b00db8372395e0be7c9ce5dd4042 [3ms]
2023-11-15 13:42:25.748 [info] > git show --textconv :CodeIgniter/app/Controllers/SalasEditar.php [27ms]
2023-11-15 13:42:25.755 [info] > git ls-files --stage -- /var/www/clients/client2/web2/web/sistema/adsgrupo06/CodeIgniter/app/Controllers/SalasEditar.php [17ms]
2023-11-15 13:42:25.765 [info] > git cat-file -s 81dd6c3af5bbb4f1377f8671895857e799838000 [2ms]
2023-11-15 13:42:28.176 [info] > git config --get commit.template [14ms]
2023-11-15 13:42:28.180 [info] > git for-each-ref --format=%(refname)%00%(upstream:short)%00%(objectname)%00%(upstream:track)%00%(upstream:remotename)%00%(upstream:remoteref) refs/heads/Vinicius refs/remotes/Vinicius [8ms]
2023-11-15 13:42:28.273 [info] > git status -z -uall [84ms]
2023-11-15 13:42:34.382 [info] > git show --textconv :CodeIgniter/app/Config/App.php [16ms]
2023-11-15 13:42:34.387 [info] > git ls-files --stage -- /var/www/clients/client2/web2/web/sistema/adsgrupo06/CodeIgniter/app/Config/App.php [10ms]
2023-11-15 13:42:34.397 [info] > git cat-file -s 82e2a4ea9a6deb3a541fea957448639b57182d63 [2ms]
2023-11-15 13:42:46.638 [info] > git show --textconv :CodeIgniter/app/Views/salas_form.php [20ms]
2023-11-15 13:42:46.644 [info] > git ls-files --stage -- /var/www/clients/client2/web2/web/sistema/adsgrupo06/CodeIgniter/app/Views/salas_form.php [11ms]
2023-11-15 13:42:46.655 [info] > git cat-file -s 0d258b68c078acf7d665842cf3cd7d7e786ab56f [3ms]
2023-11-15 13:42:51.808 [info] > git show --textconv :CodeIgniter/app/Config/Routes.php [21ms]
2023-11-15 13:42:51.812 [info] > git ls-files --stage -- /var/www/clients/client2/web2/web/sistema/adsgrupo06/CodeIgniter/app/Config/Routes.php [12ms]
2023-11-15 13:42:51.822 [info] > git cat-file -s b1e1bb3f8c4c278207401b4b454a971e5cb5eab9 [3ms]
2023-11-15 13:42:53.117 [info] > git show --textconv :CodeIgniter/app/Controllers/SalasEditarSelecionada.php [14ms]
2023-11-15 13:42:53.125 [info] > git ls-files --stage -- /var/www/clients/client2/web2/web/sistema/adsgrupo06/CodeIgniter/app/Controllers/SalasEditarSelecionada.php [9ms]
2023-11-15 13:42:53.139 [info] > git cat-file -s a8ec1a678ad3b00db8372395e0be7c9ce5dd4042 [5ms]
2023-11-15 13:47:00.222 [info] > git show --textconv :CodeIgniter/app/Config/Routes.php [180ms]
2023-11-15 13:47:00.254 [info] > git ls-files --stage -- /var/www/clients/client2/web2/web/sistema/adsgrupo06/CodeIgniter/app/Config/Routes.php [36ms]
2023-11-15 13:47:00.267 [info] > git cat-file -s b1e1bb3f8c4c278207401b4b454a971e5cb5eab9 [6ms]
2023-11-15 13:47:17.313 [info] > git ls-files --stage -- /var/www/clients/client2/web2/web/sistema/adsgrupo06/CodeIgniter/app/Controllers/SalasEditarSelecionada.php [24ms]
2023-11-15 13:47:17.330 [info] > git show --textconv :CodeIgniter/app/Controllers/SalasEditarSelecionada.php [53ms]
2023-11-15 13:47:17.335 [info] > git cat-file -s a8ec1a678ad3b00db8372395e0be7c9ce5dd4042 [5ms]
2023-11-15 13:53:55.872 [info] > git check-ignore -v -z --stdin [35ms]
2023-11-15 13:54:07.408 [info] > git ls-files --stage -- /var/www/clients/client2/web2/web/sistema/adsgrupo06/CodeIgniter/writable/logs/log-2023-11-04.log [20ms]
2023-11-15 13:54:07.416 [info] > git show --textconv :CodeIgniter/writable/logs/log-2023-11-04.log [60ms]
2023-11-15 13:54:07.420 [info] > git cat-file -s 42400f2b3576fd949e9b207b6d32cf8e8ae23661 [5ms]
2023-11-15 13:56:14.712 [info] > git ls-files --stage -- /var/www/clients/client2/web2/web/sistema/adsgrupo06/CodeIgniter/app/Config/App.php [30ms]
2023-11-15 13:56:14.723 [info] > git show --textconv :CodeIgniter/app/Config/App.php [60ms]
2023-11-15 13:56:14.729 [info] > git cat-file -s 82e2a4ea9a6deb3a541fea957448639b57182d63 [8ms]
2023-11-15 13:57:25.370 [info] > git ls-files --stage -- /var/www/clients/client2/web2/web/sistema/adsgrupo06/CodeIgniter/app/Views/salas_form.php [28ms]
2023-11-15 13:57:25.381 [info] > git show --textconv :CodeIgniter/app/Views/salas_form.php [48ms]
2023-11-15 13:57:25.386 [info] > git cat-file -s 0d258b68c078acf7d665842cf3cd7d7e786ab56f [5ms]
2023-11-15 13:57:44.398 [info] > git show --textconv :CodeIgniter/app/Config/Routes.php [23ms]
2023-11-15 13:57:44.404 [info] > git ls-files --stage -- /var/www/clients/client2/web2/web/sistema/adsgrupo06/CodeIgniter/app/Config/Routes.php [8ms]
2023-11-15 13:57:44.413 [info] > git cat-file -s b1e1bb3f8c4c278207401b4b454a971e5cb5eab9 [4ms]
2023-11-15 13:58:08.660 [info] > git show --textconv :CodeIgniter/app/Controllers/SalasEditarSelecionada.php [48ms]
2023-11-15 13:58:08.680 [info] > git ls-files --stage -- /var/www/clients/client2/web2/web/sistema/adsgrupo06/CodeIgniter/app/Controllers/SalasEditarSelecionada.php [23ms]
2023-11-15 13:58:08.692 [info] > git cat-file -s a8ec1a678ad3b00db8372395e0be7c9ce5dd4042 [5ms]
2023-11-15 14:09:39.089 [info] > git ls-files --stage -- /var/www/clients/client2/web2/web/sistema/adsgrupo06/CodeIgniter/.env [45ms]
2023-11-15 14:09:39.102 [info] > git show --textconv :CodeIgniter/.env [83ms]
2023-11-15 14:09:39.105 [info] > git cat-file -s 57840df050600d4da42a73ac072215b3d61e96cd [4ms]
2023-11-15 14:09:43.920 [info] > git check-ignore -v -z --stdin [11ms]
2023-11-15 14:09:59.189 [info] > git check-ignore -v -z --stdin [33ms]
2023-11-15 14:10:06.078 [info] > git config --get commit.template [27ms]
2023-11-15 14:10:06.113 [info] > git for-each-ref --format=%(refname)%00%(upstream:short)%00%(objectname)%00%(upstream:track)%00%(upstream:remotename)%00%(upstream:remoteref) refs/heads/Vinicius refs/remotes/Vinicius [13ms]
2023-11-15 14:10:06.467 [info] > git status -z -uall [341ms]
2023-11-15 14:10:07.023 [info] > git show --textconv :CodeIgniter/writable/debugbar/debugbar_1700055681.json [31ms]
2023-11-15 14:10:07.040 [info] > git ls-files --stage -- /var/www/clients/client2/web2/web/sistema/adsgrupo06/CodeIgniter/writable/debugbar/debugbar_1700055681.json [22ms]
2023-11-15 14:10:20.012 [info] > git check-ignore -v -z --stdin [48ms]
2023-11-15 14:10:23.398 [info] > git show --textconv :CodeIgniter/writable/debugbar/debugbar_1700057359.json [15ms]
2023-11-15 14:10:23.403 [info] > git ls-files --stage -- /var/www/clients/client2/web2/web/sistema/adsgrupo06/CodeIgniter/writable/debugbar/debugbar_1700057359.json [12ms]
2023-11-15 14:11:52.109 [info] > git check-ignore -v -z --stdin [31ms]
2023-11-15 14:12:04.090 [info] > git ls-files --stage -- /var/www/clients/client2/web2/web/sistema/adsgrupo06/CodeIgniter/app/Models/SalaModel.php [24ms]
2023-11-15 14:12:04.109 [info] > git show --textconv :CodeIgniter/app/Models/SalaModel.php [72ms]
2023-11-15 14:12:04.118 [info] > git cat-file -s e971c76437eb39c0ff9200634aaca6fb18c02c09 [10ms]
2023-11-15 14:18:59.507 [info] > git check-ignore -v -z --stdin [41ms]
2023-11-15 14:19:00.116 [info] > git check-ignore -v -z --stdin [15ms]
2023-11-15 14:19:02.083 [info] > git check-ignore -v -z --stdin [10ms]
2023-11-15 14:19:04.227 [info] > git check-ignore -v -z --stdin [12ms]
2023-11-15 14:19:07.373 [info] > git check-ignore -v -z --stdin [11ms]
2023-11-15 14:19:12.484 [info] > git check-ignore -v -z --stdin [15ms]
2023-11-15 14:19:13.924 [info] > git show --textconv :CodeIgniter/writable/debugbar/debugbar_1700057359.json [15ms]
2023-11-15 14:19:13.945 [info] > git ls-files --stage -- /var/www/clients/client2/web2/web/sistema/adsgrupo06/CodeIgniter/writable/debugbar/debugbar_1700057359.json [13ms]
2023-11-15 14:19:29.427 [info] > git show --textconv :CodeIgniter/writable/debugbar/debugbar_1699905710.json [11ms]
2023-11-15 14:19:29.436 [info] > git ls-files --stage -- /var/www/clients/client2/web2/web/sistema/adsgrupo06/CodeIgniter/writable/debugbar/debugbar_1699905710.json [9ms]
2023-11-15 14:19:38.234 [info] > git show --textconv :CodeIgniter/writable/logs/log-2023-11-04.log [31ms]
2023-11-15 14:19:38.240 [info] > git ls-files --stage -- /var/www/clients/client2/web2/web/sistema/adsgrupo06/CodeIgniter/writable/logs/log-2023-11-04.log [11ms]
2023-11-15 14:19:38.249 [info] > git cat-file -s 42400f2b3576fd949e9b207b6d32cf8e8ae23661 [3ms]
2023-11-15 14:19:46.262 [info] > git show --textconv :CodeIgniter/writable/logs/log-2023-11-03.log [21ms]
2023-11-15 14:19:46.266 [info] > git ls-files --stage -- /var/www/clients/client2/web2/web/sistema/adsgrupo06/CodeIgniter/writable/logs/log-2023-11-03.log [13ms]
2023-11-15 14:19:46.276 [info] > git cat-file -s b0cbd1f64bf4f0b2c01345b9880d6d017c9101dc [3ms]
2023-11-15 14:20:21.723 [info] > git ls-files --stage -- /var/www/clients/client2/web2/web/sistema/adsgrupo06/.bash_history [32ms]
2023-11-15 14:20:21.738 [info] > git show --textconv :.bash_history [59ms]
2023-11-15 14:20:21.744 [info] > git cat-file -s a0451023e1a768bfd811d7fbe12dce4f15653ab1 [7ms]
2023-11-15 14:20:57.615 [info] > git show --textconv :CodeIgniter/writable/debugbar/debugbar_1700057359.json [99ms]
2023-11-15 14:20:57.616 [info] > git ls-files --stage -- /var/www/clients/client2/web2/web/sistema/adsgrupo06/CodeIgniter/writable/debugbar/debugbar_1700057359.json [84ms]
2023-11-15 14:21:00.233 [info] > git show --textconv :CodeIgniter/writable/debugbar/debugbar_1700057357.json [18ms]
2023-11-15 14:21:00.241 [info] > git ls-files --stage -- /var/www/clients/client2/web2/web/sistema/adsgrupo06/CodeIgniter/writable/debugbar/debugbar_1700057357.json [9ms]
2023-11-15 14:21:15.187 [info] > git show --textconv :CodeIgniter/writable/debugbar/debugbar_1700057925.json [118ms]
2023-11-15 14:21:15.242 [info] > git ls-files --stage -- /var/www/clients/client2/web2/web/sistema/adsgrupo06/CodeIgniter/writable/debugbar/debugbar_1700057925.json [52ms]
2023-11-15 14:21:15.536 [info] > git config --get commit.template [136ms]
2023-11-15 14:21:15.570 [info] > git for-each-ref --format=%(refname)%00%(upstream:short)%00%(objectname)%00%(upstream:track)%00%(upstream:remotename)%00%(upstream:remoteref) refs/heads/Vinicius refs/remotes/Vinicius [34ms]
2023-11-15 14:21:15.930 [info] > git status -z -uall [297ms]
2023-11-15 14:21:25.698 [info] > git show --textconv :CodeIgniter/writable/debugbar/debugbar_1700057796.json [46ms]
2023-11-15 14:21:25.707 [info] > git ls-files --stage -- /var/www/clients/client2/web2/web/sistema/adsgrupo06/CodeIgniter/writable/debugbar/debugbar_1700057796.json [53ms]
2023-11-15 14:21:26.462 [info] > git show --textconv :CodeIgniter/writable/debugbar/debugbar_1700057925.json [26ms]
2023-11-15 14:21:26.463 [info] > git ls-files --stage -- /var/www/clients/client2/web2/web/sistema/adsgrupo06/CodeIgniter/writable/debugbar/debugbar_1700057925.json [9ms]
2023-11-15 14:22:16.377 [info] > git ls-files --stage -- /var/www/clients/client2/web2/web/sistema/adsgrupo06/CodeIgniter/app/Config/Routes.php [27ms]
2023-11-15 14:22:16.405 [info] > git show --textconv :CodeIgniter/app/Config/Routes.php [65ms]
2023-11-15 14:22:16.409 [info] > git cat-file -s b1e1bb3f8c4c278207401b4b454a971e5cb5eab9 [6ms]
2023-11-15 14:22:17.338 [info] > git show --textconv :CodeIgniter/app/Controllers/SalasEditarSelecionada.php [27ms]
2023-11-15 14:22:17.345 [info] > git ls-files --stage -- /var/www/clients/client2/web2/web/sistema/adsgrupo06/CodeIgniter/app/Controllers/SalasEditarSelecionada.php [7ms]
2023-11-15 14:22:17.353 [info] > git cat-file -s a8ec1a678ad3b00db8372395e0be7c9ce5dd4042 [2ms]
2023-11-15 14:23:09.644 [info] > git show --textconv :CodeIgniter/app/Controllers/SalasEditar.php [17ms]
2023-11-15 14:23:09.646 [info] > git ls-files --stage -- /var/www/clients/client2/web2/web/sistema/adsgrupo06/CodeIgniter/app/Controllers/SalasEditar.php [9ms]
2023-11-15 14:23:09.655 [info] > git cat-file -s 81dd6c3af5bbb4f1377f8671895857e799838000 [2ms]
2023-11-15 14:23:13.781 [info] > git show --textconv :CodeIgniter/app/Controllers/SalasEditarSelecionada.php [12ms]
2023-11-15 14:23:13.787 [info] > git ls-files --stage -- /var/www/clients/client2/web2/web/sistema/adsgrupo06/CodeIgniter/app/Controllers/SalasEditarSelecionada.php [7ms]
2023-11-15 14:23:13.796 [info] > git cat-file -s a8ec1a678ad3b00db8372395e0be7c9ce5dd4042 [3ms]
2023-11-15 14:24:16.556 [info] > git config --get commit.template [48ms]
2023-11-15 14:24:16.639 [info] > git for-each-ref --format=%(refname)%00%(upstream:short)%00%(objectname)%00%(upstream:track)%00%(upstream:remotename)%00%(upstream:remoteref) refs/heads/Vinicius refs/remotes/Vinicius [22ms]
2023-11-15 14:24:16.965 [info] > git status -z -uall [312ms]
2023-11-15 14:24:16.965 [info] > git show --textconv :CodeIgniter/app/Controllers/SalasEditar.php [24ms]
2023-11-15 14:24:17.805 [info] > git ls-files --stage -- /var/www/clients/client2/web2/web/sistema/adsgrupo06/CodeIgniter/app/Controllers/SalasEditar.php [851ms]
2023-11-15 14:24:17.934 [info] > git cat-file -s 81dd6c3af5bbb4f1377f8671895857e799838000 [100ms]
2023-11-15 14:24:36.128 [info] > git show --textconv :CodeIgniter/app/Controllers/SalasEditarSelecionada.php [19ms]
2023-11-15 14:24:36.132 [info] > git ls-files --stage -- /var/www/clients/client2/web2/web/sistema/adsgrupo06/CodeIgniter/app/Controllers/SalasEditarSelecionada.php [8ms]
2023-11-15 14:24:36.141 [info] > git cat-file -s a8ec1a678ad3b00db8372395e0be7c9ce5dd4042 [3ms]
2023-11-15 14:25:24.609 [info] > git show --textconv :CodeIgniter/app/Controllers/SalasEditar.php [38ms]
2023-11-15 14:25:24.612 [info] > git ls-files --stage -- /var/www/clients/client2/web2/web/sistema/adsgrupo06/CodeIgniter/app/Controllers/SalasEditar.php [33ms]
2023-11-15 14:25:24.640 [info] > git cat-file -s 81dd6c3af5bbb4f1377f8671895857e799838000 [5ms]
2023-11-15 14:25:43.214 [info] > git show --textconv :CodeIgniter/app/Config/Routes.php [18ms]
2023-11-15 14:25:43.221 [info] > git ls-files --stage -- /var/www/clients/client2/web2/web/sistema/adsgrupo06/CodeIgniter/app/Config/Routes.php [8ms]
2023-11-15 14:25:43.230 [info] > git cat-file -s b1e1bb3f8c4c278207401b4b454a971e5cb5eab9 [3ms]
2023-11-15 14:26:12.401 [info] > git config --get commit.template [41ms]
2023-11-15 14:26:12.407 [info] > git for-each-ref --format=%(refname)%00%(upstream:short)%00%(objectname)%00%(upstream:track)%00%(upstream:remotename)%00%(upstream:remoteref) refs/heads/Vinicius refs/remotes/Vinicius [12ms]
2023-11-15 14:26:12.663 [info] > git show --textconv :CodeIgniter/app/Views/salas_editar_selecionada.php [40ms]
2023-11-15 14:26:12.675 [info] > git ls-files --stage -- /var/www/clients/client2/web2/web/sistema/adsgrupo06/CodeIgniter/app/Views/salas_editar_selecionada.php [15ms]
2023-11-15 14:26:12.694 [info] > git cat-file -s d766fa2fb4bcf91913693bda1777115238b618af [3ms]
2023-11-15 14:26:12.712 [info] > git status -z -uall [294ms]
2023-11-15 14:26:25.161 [info] > git show --textconv :CodeIgniter/app/Views/salas_editar_selecao.php [20ms]
2023-11-15 14:26:25.166 [info] > git ls-files --stage -- /var/www/clients/client2/web2/web/sistema/adsgrupo06/CodeIgniter/app/Views/salas_editar_selecao.php [10ms]
2023-11-15 14:26:25.175 [info] > git cat-file -s 31578edb9b46ae9eace253564de2534c764dbb2c [3ms]
2023-11-15 14:27:07.338 [info] > git show --textconv :CodeIgniter/app/Config/Routes.php [43ms]
2023-11-15 14:27:07.373 [info] > git ls-files --stage -- /var/www/clients/client2/web2/web/sistema/adsgrupo06/CodeIgniter/app/Config/Routes.php [45ms]
2023-11-15 14:27:07.384 [info] > git cat-file -s b1e1bb3f8c4c278207401b4b454a971e5cb5eab9 [4ms]
2023-11-15 14:27:49.600 [info] > git show --textconv :CodeIgniter/app/Controllers/SalasEditarSelecionada.php [16ms]
2023-11-15 14:27:49.605 [info] > git ls-files --stage -- /var/www/clients/client2/web2/web/sistema/adsgrupo06/CodeIgniter/app/Controllers/SalasEditarSelecionada.php [12ms]
2023-11-15 14:27:49.612 [info] > git cat-file -s a8ec1a678ad3b00db8372395e0be7c9ce5dd4042 [2ms]
2023-11-15 14:28:14.209 [info] > git show --textconv :CodeIgniter/app/Views/salas_editar_selecao.php [11ms]
2023-11-15 14:28:14.214 [info] > git ls-files --stage -- /var/www/clients/client2/web2/web/sistema/adsgrupo06/CodeIgniter/app/Views/salas_editar_selecao.php [7ms]
2023-11-15 14:28:14.222 [info] > git cat-file -s 31578edb9b46ae9eace253564de2534c764dbb2c [2ms]
2023-11-15 14:28:17.017 [info] > git show --textconv :CodeIgniter/app/Controllers/SalasEditarSelecionada.php [11ms]
2023-11-15 14:28:17.023 [info] > git ls-files --stage -- /var/www/clients/client2/web2/web/sistema/adsgrupo06/CodeIgniter/app/Controllers/SalasEditarSelecionada.php [7ms]
2023-11-15 14:28:17.031 [info] > git cat-file -s a8ec1a678ad3b00db8372395e0be7c9ce5dd4042 [3ms]
2023-11-15 14:28:19.195 [info] > git show --textconv :CodeIgniter/app/Views/salas_form.php [13ms]
2023-11-15 14:28:19.201 [info] > git ls-files --stage -- /var/www/clients/client2/web2/web/sistema/adsgrupo06/CodeIgniter/app/Views/salas_form.php [8ms]
2023-11-15 14:28:19.209 [info] > git cat-file -s 0d258b68c078acf7d665842cf3cd7d7e786ab56f [2ms]
2023-11-15 14:28:21.924 [info] > git show --textconv :CodeIgniter/app/Controllers/SalasEditarSelecionada.php [40ms]
2023-11-15 14:28:21.935 [info] > git ls-files --stage -- /var/www/clients/client2/web2/web/sistema/adsgrupo06/CodeIgniter/app/Controllers/SalasEditarSelecionada.php [12ms]
2023-11-15 14:28:21.950 [info] > git cat-file -s a8ec1a678ad3b00db8372395e0be7c9ce5dd4042 [5ms]
2023-11-15 14:28:22.968 [info] > git show --textconv :CodeIgniter/app/Models/SalaModel.php [18ms]
2023-11-15 14:28:22.974 [info] > git ls-files --stage -- /var/www/clients/client2/web2/web/sistema/adsgrupo06/CodeIgniter/app/Models/SalaModel.php [12ms]
2023-11-15 14:28:22.984 [info] > git cat-file -s e971c76437eb39c0ff9200634aaca6fb18c02c09 [3ms]
2023-11-15 14:28:24.009 [info] > git show --textconv :CodeIgniter/app/Controllers/SalasEditarSelecionada.php [17ms]
2023-11-15 14:28:24.015 [info] > git ls-files --stage -- /var/www/clients/client2/web2/web/sistema/adsgrupo06/CodeIgniter/app/Controllers/SalasEditarSelecionada.php [6ms]
2023-11-15 14:28:24.024 [info] > git cat-file -s a8ec1a678ad3b00db8372395e0be7c9ce5dd4042 [3ms]
2023-11-15 14:28:29.131 [info] > git show --textconv :CodeIgniter/app/Controllers/SalasExibir.php [12ms]
2023-11-15 14:28:29.135 [info] > git ls-files --stage -- /var/www/clients/client2/web2/web/sistema/adsgrupo06/CodeIgniter/app/Controllers/SalasExibir.php [7ms]
2023-11-15 14:28:29.143 [info] > git cat-file -s c8559c279919fed197121967b2305fab86a8743f [3ms]
2023-11-15 14:28:33.247 [info] > git show --textconv :CodeIgniter/app/Controllers/SalasEditarSelecionada.php [19ms]
2023-11-15 14:28:33.254 [info] > git ls-files --stage -- /var/www/clients/client2/web2/web/sistema/adsgrupo06/CodeIgniter/app/Controllers/SalasEditarSelecionada.php [7ms]
2023-11-15 14:28:33.262 [info] > git cat-file -s a8ec1a678ad3b00db8372395e0be7c9ce5dd4042 [2ms]
2023-11-15 14:28:41.859 [info] > git show --textconv :CodeIgniter/app/Config/Routes.php [16ms]
2023-11-15 14:28:41.867 [info] > git ls-files --stage -- /var/www/clients/client2/web2/web/sistema/adsgrupo06/CodeIgniter/app/Config/Routes.php [10ms]
2023-11-15 14:28:41.879 [info] > git cat-file -s b1e1bb3f8c4c278207401b4b454a971e5cb5eab9 [2ms]
2023-11-15 14:29:24.228 [info] > git show --textconv :CodeIgniter/app/Views/salas_editar_selecionada.php [34ms]
2023-11-15 14:29:24.239 [info] > git ls-files --stage -- /var/www/clients/client2/web2/web/sistema/adsgrupo06/CodeIgniter/app/Views/salas_editar_selecionada.php [23ms]
2023-11-15 14:29:24.266 [info] > git cat-file -s d766fa2fb4bcf91913693bda1777115238b618af [6ms]
2023-11-15 14:32:16.892 [info] > git show --textconv :CodeIgniter/app/Config/Routes.php [53ms]
2023-11-15 14:32:16.915 [info] > git ls-files --stage -- /var/www/clients/client2/web2/web/sistema/adsgrupo06/CodeIgniter/app/Config/Routes.php [43ms]
2023-11-15 14:32:16.941 [info] > git cat-file -s b1e1bb3f8c4c278207401b4b454a971e5cb5eab9 [5ms]
2023-11-15 14:32:22.904 [info] > git show --textconv :CodeIgniter/app/Controllers/SalasEditarSelecionada.php [20ms]
2023-11-15 14:32:22.906 [info] > git ls-files --stage -- /var/www/clients/client2/web2/web/sistema/adsgrupo06/CodeIgniter/app/Controllers/SalasEditarSelecionada.php [8ms]
2023-11-15 14:32:22.916 [info] > git cat-file -s a8ec1a678ad3b00db8372395e0be7c9ce5dd4042 [3ms]
2023-11-15 14:32:24.943 [info] > git show --textconv :CodeIgniter/app/Views/salas_editar_selecionada.php [18ms]
2023-11-15 14:32:24.951 [info] > git ls-files --stage -- /var/www/clients/client2/web2/web/sistema/adsgrupo06/CodeIgniter/app/Views/salas_editar_selecionada.php [9ms]
2023-11-15 14:32:24.958 [info] > git cat-file -s d766fa2fb4bcf91913693bda1777115238b618af [2ms]
2023-11-15 14:33:09.979 [info] > git show --textconv :CodeIgniter/app/Config/Routes.php [13ms]
2023-11-15 14:33:09.986 [info] > git ls-files --stage -- /var/www/clients/client2/web2/web/sistema/adsgrupo06/CodeIgniter/app/Config/Routes.php [10ms]
2023-11-15 14:33:09.995 [info] > git cat-file -s b1e1bb3f8c4c278207401b4b454a971e5cb5eab9 [2ms]
2023-11-15 14:34:01.185 [info] > git show --textconv :CodeIgniter/app/Controllers/SalasEditarSelecionada.php [21ms]
2023-11-15 14:34:01.188 [info] > git ls-files --stage -- /var/www/clients/client2/web2/web/sistema/adsgrupo06/CodeIgniter/app/Controllers/SalasEditarSelecionada.php [18ms]
2023-11-15 14:34:01.196 [info] > git cat-file -s a8ec1a678ad3b00db8372395e0be7c9ce5dd4042 [2ms]
2023-11-15 14:35:47.356 [info] > git show --textconv :CodeIgniter/app/Views/salas_editar_selecionada.php [38ms]
2023-11-15 14:35:47.370 [info] > git ls-files --stage -- /var/www/clients/client2/web2/web/sistema/adsgrupo06/CodeIgniter/app/Views/salas_editar_selecionada.php [42ms]
2023-11-15 14:35:47.382 [info] > git cat-file -s d766fa2fb4bcf91913693bda1777115238b618af [4ms]
2023-11-15 14:37:09.005 [info] > git config --get commit.template [56ms]
2023-11-15 14:37:09.091 [info] > git for-each-ref --format=%(refname)%00%(upstream:short)%00%(objectname)%00%(upstream:track)%00%(upstream:remotename)%00%(upstream:remoteref) refs/heads/Vinicius refs/remotes/Vinicius [13ms]
2023-11-15 14:37:09.392 [info] > git show --textconv :CodeIgniter/app/Controllers/SalasEditarSelecionada.php [22ms]
2023-11-15 14:37:09.421 [info] > git status -z -uall [316ms]
2023-11-15 14:37:09.422 [info] > git ls-files --stage -- /var/www/clients/client2/web2/web/sistema/adsgrupo06/CodeIgniter/app/Controllers/SalasEditarSelecionada.php [30ms]
2023-11-15 14:37:11.058 [info] > git cat-file -s a8ec1a678ad3b00db8372395e0be7c9ce5dd4042 [1627ms]
2023-11-15 14:38:07.823 [info] > git ls-files --stage -- /var/www/clients/client2/web2/web/sistema/adsgrupo06/CodeIgniter/app/Config/Routes.php [34ms]
2023-11-15 14:38:07.851 [info] > git show --textconv :CodeIgniter/app/Config/Routes.php [72ms]
2023-11-15 14:38:07.859 [info] > git cat-file -s b1e1bb3f8c4c278207401b4b454a971e5cb5eab9 [10ms]
2023-11-15 14:39:35.886 [info] > git config --get commit.template [22ms]
2023-11-15 14:39:35.959 [info] > git for-each-ref --format=%(refname)%00%(upstream:short)%00%(objectname)%00%(upstream:track)%00%(upstream:remotename)%00%(upstream:remoteref) refs/heads/Vinicius refs/remotes/Vinicius [21ms]
2023-11-15 14:39:36.218 [info] > git show --textconv :CodeIgniter/app/Views/salas_editar_selecionada.php [20ms]
2023-11-15 14:39:36.225 [info] > git ls-files --stage -- /var/www/clients/client2/web2/web/sistema/adsgrupo06/CodeIgniter/app/Views/salas_editar_selecionada.php [11ms]
2023-11-15 14:39:36.240 [info] > git status -z -uall [266ms]
2023-11-15 14:39:37.338 [info] > git cat-file -s d766fa2fb4bcf91913693bda1777115238b618af [1106ms]
2023-11-15 14:39:50.749 [info] > git ls-files --stage -- /var/www/clients/client2/web2/web/sistema/adsgrupo06/CodeIgniter/app/Views/salas_exibir.php [25ms]
2023-11-15 14:39:50.772 [info] > git show --textconv :CodeIgniter/app/Views/salas_exibir.php [64ms]
2023-11-15 14:39:50.780 [info] > git cat-file -s c885bbb4e3b76f8f97c7b446fd68b85086560962 [8ms]
