[Info  - 1:09:38 PM] Initialising intelephense 1.10.1
[Info  - 1:09:39 PM] Initialised in 239 ms
[Info  - 1:09:39 PM] Environment changed. Refreshing 1 in memory documents.
[Info  - 1:09:39 PM] Searching file:///var/www/clients/client2/web2/web/sistema/adsgrupo06/.vscode-server/extensions/bmewburn.vscode-intelephense-client-1.10.1/node_modules/intelephense/lib/stub for files to index.
[Info  - 1:09:39 PM] Searching file:///var/www/clients/client2/web2/web/sistema/adsgrupo06/CodeIgniter for files to index.
[Info  - 1:09:39 PM] Indexing started.
[Info  - 1:09:49 PM] Indexing ended. 746 files indexed in 10s.
[Info  - 1:09:49 PM] Writing state to /var/www/clients/client2/web2/web/sistema/adsgrupo06/.vscode-server/data/User/workspaceStorage/337acae414ecbaf785bc9a00f4f16fd8/bmewburn.vscode-intelephense-client/36e8c306.
[Info  - 1:09:50 PM] Wrote state in 1.1s.
[Info  - 1:42:59 PM] Indexing started.
[Info  - 1:43:00 PM] Indexing ended. 1 files indexed in 0s.
[Info  - 1:43:00 PM] Indexing started.
[Info  - 1:43:00 PM] Indexing ended. 1 files indexed in 0s.
[Info  - 1:43:17 PM] Indexing started.
[Info  - 1:43:17 PM] Indexing ended. 1 files indexed in 0s.
[Info  - 1:43:19 PM] Indexing started.
[Info  - 1:43:19 PM] Indexing ended. 1 files indexed in 0s.
[Info  - 1:43:23 PM] Indexing started.
[Info  - 1:43:23 PM] Indexing ended. 1 files indexed in 0s.
[Info  - 1:43:28 PM] Indexing started.
[Info  - 1:43:28 PM] Indexing ended. 1 files indexed in 0s.
[Info  - 1:43:32 PM] Indexing started.
[Info  - 1:43:32 PM] Indexing ended. 1 files indexed in 0s.
[Info  - 1:43:36 PM] Indexing started.
[Info  - 1:43:36 PM] Indexing ended. 1 files indexed in 0s.
[Info  - 1:44:32 PM] Indexing started.
[Info  - 1:44:33 PM] Indexing ended. 1 files indexed in 0s.
[Info  - 1:44:33 PM] Indexing started.
[Info  - 1:44:33 PM] Indexing ended. 1 files indexed in 0s.
[Info  - 1:44:36 PM] Indexing started.
[Info  - 1:44:36 PM] Indexing ended. 1 files indexed in 0s.
[Info  - 1:44:39 PM] Indexing started.
[Info  - 1:44:39 PM] Indexing ended. 1 files indexed in 0s.
[Info  - 1:54:14 PM] Searching file:///var/www/clients/client2/web2/web/sistema/adsgrupo06/CodeIgniter/system/Images/Icons for files to index.
[Info  - 1:59:53 PM] Indexing started.
[Info  - 1:59:53 PM] Indexing ended. 1 files indexed in 0s.
[Info  - 2:00:07 PM] Indexing started.
[Info  - 2:00:08 PM] Indexing ended. 1 files indexed in 0s.
[Info  - 2:00:19 PM] Indexing started.
[Info  - 2:00:19 PM] Indexing ended. 1 files indexed in 0s.
[Info  - 2:00:20 PM] Indexing started.
[Info  - 2:00:20 PM] Indexing ended. 1 files indexed in 0s.
[Info  - 2:00:26 PM] Indexing started.
[Info  - 2:00:27 PM] Indexing ended. 1 files indexed in 0s.
[Info  - 2:00:28 PM] Indexing started.
[Info  - 2:00:29 PM] Indexing ended. 1 files indexed in 0s.
[Info  - 2:00:35 PM] Indexing started.
[Info  - 2:00:36 PM] Indexing ended. 1 files indexed in 0s.
[Info  - 2:00:46 PM] Indexing started.
[Info  - 2:00:46 PM] Indexing ended. 1 files indexed in 0s.
[Info  - 2:00:49 PM] Indexing started.
[Info  - 2:00:49 PM] Indexing ended. 1 files indexed in 0s.
[Info  - 2:00:53 PM] Indexing started.
[Info  - 2:00:53 PM] Indexing ended. 1 files indexed in 0s.
[Info  - 2:01:32 PM] Indexing started.
[Info  - 2:01:32 PM] Indexing ended. 1 files indexed in 0s.
[Info  - 2:01:43 PM] Indexing started.
[Info  - 2:01:43 PM] Indexing ended. 1 files indexed in 0s.
[Info  - 2:03:27 PM] Indexing started.
[Info  - 2:03:27 PM] Indexing ended. 1 files indexed in 0s.
[Info  - 2:03:31 PM] Indexing started.
[Info  - 2:03:32 PM] Indexing ended. 1 files indexed in 0s.
[Info  - 2:03:33 PM] Indexing started.
[Info  - 2:03:33 PM] Indexing ended. 1 files indexed in 0s.
[Info  - 2:03:35 PM] Indexing started.
[Info  - 2:03:35 PM] Indexing ended. 1 files indexed in 0s.
[Info  - 2:03:36 PM] Indexing started.
[Info  - 2:03:36 PM] Indexing ended. 1 files indexed in 0s.
[Info  - 2:03:40 PM] Indexing started.
[Info  - 2:03:40 PM] Indexing ended. 1 files indexed in 0s.
[Info  - 2:03:41 PM] Indexing started.
[Info  - 2:03:41 PM] Indexing ended. 1 files indexed in 0s.
[Info  - 2:03:43 PM] Indexing started.
[Info  - 2:03:43 PM] Indexing ended. 1 files indexed in 0s.
[Info  - 2:03:48 PM] Indexing started.
[Info  - 2:03:48 PM] Indexing ended. 1 files indexed in 0s.
[Info  - 2:03:49 PM] Indexing started.
[Info  - 2:03:50 PM] Indexing ended. 1 files indexed in 0s.
[Info  - 2:05:28 PM] Indexing started.
[Info  - 2:05:28 PM] Indexing ended. 1 files indexed in 0s.
[Info  - 2:06:12 PM] Indexing started.
[Info  - 2:06:12 PM] Indexing ended. 1 files indexed in 0s.
[Info  - 2:06:14 PM] Indexing started.
[Info  - 2:06:14 PM] Indexing ended. 1 files indexed in 0s.
[Info  - 2:07:23 PM] Indexing started.
[Info  - 2:07:23 PM] Indexing ended. 1 files indexed in 0s.
[Info  - 2:07:24 PM] Indexing started.
[Info  - 2:07:25 PM] Indexing ended. 1 files indexed in 0s.
[Info  - 2:09:11 PM] Indexing started.
[Info  - 2:09:11 PM] Indexing ended. 1 files indexed in 0s.
[Info  - 2:09:12 PM] Indexing started.
[Info  - 2:09:12 PM] Indexing ended. 1 files indexed in 0s.
[Info  - 2:13:45 PM] Indexing started.
[Info  - 2:13:45 PM] Indexing ended. 1 files indexed in 0s.
[Info  - 2:13:49 PM] Indexing started.
[Info  - 2:13:50 PM] Indexing ended. 1 files indexed in 0s.
[Info  - 2:15:06 PM] Indexing started.
[Info  - 2:15:06 PM] Indexing ended. 1 files indexed in 0s.
[Info  - 2:16:36 PM] Indexing started.
[Info  - 2:16:37 PM] Indexing ended. 1 files indexed in 0s.
[Info  - 2:16:39 PM] Indexing started.
[Info  - 2:16:39 PM] Indexing ended. 1 files indexed in 0s.
[Info  - 2:16:45 PM] Indexing started.
[Info  - 2:16:45 PM] Indexing ended. 1 files indexed in 0s.
[Info  - 2:16:46 PM] Indexing started.
[Info  - 2:16:47 PM] Indexing ended. 1 files indexed in 0s.
[Info  - 2:16:49 PM] Indexing started.
[Info  - 2:16:49 PM] Indexing ended. 1 files indexed in 0s.
[Info  - 2:16:52 PM] Indexing started.
[Info  - 2:16:53 PM] Indexing ended. 1 files indexed in 0s.
[Info  - 2:16:54 PM] Indexing started.
[Info  - 2:16:54 PM] Indexing ended. 1 files indexed in 0s.
[Info  - 2:16:57 PM] Indexing started.
[Info  - 2:16:57 PM] Indexing ended. 1 files indexed in 0s.
[Info  - 2:17:00 PM] Indexing started.
[Info  - 2:17:00 PM] Indexing ended. 1 files indexed in 0s.
[Info  - 2:17:02 PM] Indexing started.
[Info  - 2:17:03 PM] Indexing ended. 1 files indexed in 0s.
[Info  - 2:17:04 PM] Indexing started.
[Info  - 2:17:04 PM] Indexing ended. 1 files indexed in 0s.
[Info  - 2:17:07 PM] Indexing started.
[Info  - 2:17:07 PM] Indexing ended. 1 files indexed in 0s.
[Info  - 2:17:10 PM] Indexing started.
[Info  - 2:17:11 PM] Indexing ended. 1 files indexed in 0s.
[Info  - 2:17:12 PM] Indexing started.
[Info  - 2:17:12 PM] Indexing ended. 1 files indexed in 0s.
[Info  - 2:17:15 PM] Indexing started.
[Info  - 2:17:15 PM] Indexing ended. 1 files indexed in 0s.
[Info  - 2:17:19 PM] Indexing started.
[Info  - 2:17:19 PM] Indexing ended. 1 files indexed in 0s.
[Info  - 2:17:24 PM] Indexing started.
[Info  - 2:17:24 PM] Indexing ended. 1 files indexed in 0s.
[Info  - 2:17:29 PM] Indexing started.
[Info  - 2:17:29 PM] Indexing ended. 1 files indexed in 0s.
[Info  - 2:17:33 PM] Indexing started.
[Info  - 2:17:34 PM] Indexing ended. 1 files indexed in 0s.
[Info  - 2:17:40 PM] Indexing started.
[Info  - 2:17:40 PM] Indexing ended. 1 files indexed in 0s.
[Info  - 2:17:47 PM] Indexing started.
[Info  - 2:17:47 PM] Indexing ended. 1 files indexed in 0s.
[Info  - 2:18:12 PM] Indexing started.
[Info  - 2:18:12 PM] Indexing ended. 1 files indexed in 0s.
[Info  - 2:18:14 PM] Indexing started.
[Info  - 2:18:14 PM] Indexing ended. 1 files indexed in 0s.
[Info  - 2:18:16 PM] Indexing started.
[Info  - 2:18:16 PM] Indexing ended. 1 files indexed in 0s.
[Info  - 2:18:17 PM] Indexing started.
[Info  - 2:18:18 PM] Indexing ended. 1 files indexed in 0s.
[Info  - 2:35:43 PM] Indexing started.
[Info  - 2:35:44 PM] Indexing ended. 1 files indexed in 0s.
[Info  - 2:35:45 PM] Indexing started.
[Info  - 2:35:45 PM] Indexing ended. 1 files indexed in 0s.
[Info  - 2:38:30 PM] Indexing started.
[Info  - 2:38:31 PM] Indexing ended. 1 files indexed in 0s.
[Info  - 2:38:33 PM] Indexing started.
[Info  - 2:38:33 PM] Indexing ended. 1 files indexed in 0s.
