2023-11-20 18:57:45.002 [info] Log level: Info
2023-11-20 18:57:45.002 [info] Validating found git in: "git"
2023-11-20 18:57:45.002 [info] Using git "2.20.1" from "git"
2023-11-20 18:57:45.002 [info] > git rev-parse --show-toplevel [75ms]
2023-11-20 18:57:45.002 [info] > git rev-parse --git-dir --git-common-dir [12ms]
2023-11-20 18:57:45.002 [info] Open repository: /var/www/clients/client2/web2/web/sistema/adsgrupo06
2023-11-20 18:57:45.003 [info] > git rev-parse --show-toplevel [20ms]
2023-11-20 18:57:45.003 [info] > git config --get commit.template [37ms]
2023-11-20 18:57:45.003 [info] > git for-each-ref --format=%(refname)%00%(upstream:short)%00%(objectname)%00%(upstream:track)%00%(upstream:remotename)%00%(upstream:remoteref) refs/heads/Vinicius refs/remotes/Vinicius [114ms]
2023-11-20 18:57:45.003 [info] > git rev-parse --show-toplevel [52ms]
2023-11-20 18:57:45.003 [info] > git rev-parse --show-toplevel [56ms]
2023-11-20 18:57:45.003 [info] > git rev-parse --show-toplevel [11ms]
2023-11-20 18:57:45.003 [info] > git rev-parse --show-toplevel [28ms]
2023-11-20 18:57:45.033 [info] > git rev-parse --show-toplevel [34ms]
2023-11-20 18:57:45.070 [info] > git status -z -uall [398ms]
2023-11-20 18:57:45.070 [info] > git rev-parse --show-toplevel [15ms]
2023-11-20 18:57:46.665 [info] > git config --get commit.template [55ms]
2023-11-20 18:57:46.674 [info] > git rev-parse --show-toplevel [119ms]
2023-11-20 18:57:47.033 [info] > git rev-parse --show-toplevel [30ms]
2023-11-20 18:57:47.072 [info] > git for-each-ref --format=%(refname)%00%(upstream:short)%00%(objectname)%00%(upstream:track)%00%(upstream:remotename)%00%(upstream:remoteref) refs/heads/Vinicius refs/remotes/Vinicius [52ms]
2023-11-20 18:57:47.496 [info] > git status -z -uall [409ms]
2023-11-20 18:57:48.886 [info] > git check-ignore -v -z --stdin [950ms]
2023-11-20 18:57:49.065 [info] > git ls-files --stage -- /var/www/clients/client2/web2/web/sistema/adsgrupo06/CodeIgniter/app/Views/salas_exibir.php [28ms]
2023-11-20 18:57:49.075 [info] > git show --textconv :CodeIgniter/app/Views/salas_exibir.php [46ms]
2023-11-20 18:57:49.078 [info] > git cat-file -s 53dd236803ed5d72f6d6132c2ca2c9af2effac94 [6ms]
2023-11-20 18:57:49.676 [info] > git check-ignore -v -z --stdin [52ms]
2023-11-20 18:58:32.609 [info] > git config --get commit.template [43ms]
2023-11-20 18:58:32.614 [info] > git for-each-ref --format=%(refname)%00%(upstream:short)%00%(objectname)%00%(upstream:track)%00%(upstream:remotename)%00%(upstream:remoteref) refs/heads/Vinicius refs/remotes/Vinicius [25ms]
2023-11-20 18:58:32.917 [info] > git status -z -uall [297ms]
2023-11-20 18:58:39.197 [info] > git config --get commit.template [16ms]
2023-11-20 18:58:39.201 [info] > git for-each-ref --format=%(refname)%00%(upstream:short)%00%(objectname)%00%(upstream:track)%00%(upstream:remotename)%00%(upstream:remoteref) refs/heads/Vinicius refs/remotes/Vinicius [15ms]
2023-11-20 18:58:39.327 [info] > git status -z -uall [120ms]
2023-11-20 18:58:44.488 [info] > git config --get commit.template [8ms]
2023-11-20 18:58:44.492 [info] > git for-each-ref --format=%(refname)%00%(upstream:short)%00%(objectname)%00%(upstream:track)%00%(upstream:remotename)%00%(upstream:remoteref) refs/heads/Vinicius refs/remotes/Vinicius [6ms]
2023-11-20 18:58:44.579 [info] > git status -z -uall [78ms]
2023-11-20 18:58:47.092 [info] > git ls-files --stage -- /var/www/clients/client2/web2/web/sistema/adsgrupo06/CodeIgniter/app/Controllers/Salas.php [156ms]
2023-11-20 18:58:47.102 [info] > git show --textconv :CodeIgniter/app/Controllers/Salas.php [175ms]
2023-11-20 18:58:47.106 [info] > git cat-file -s d52875f55aa2d83bad28afde9a91092bd28c0c41 [7ms]
2023-11-20 18:58:48.197 [info] > git check-ignore -v -z --stdin [6ms]
2023-11-20 18:58:49.695 [info] > git config --get commit.template [10ms]
2023-11-20 18:58:49.698 [info] > git for-each-ref --format=%(refname)%00%(upstream:short)%00%(objectname)%00%(upstream:track)%00%(upstream:remotename)%00%(upstream:remoteref) refs/heads/Vinicius refs/remotes/Vinicius [5ms]
2023-11-20 18:58:49.883 [info] > git status -z -uall [178ms]
2023-11-20 18:59:01.476 [info] > git config --get commit.template [9ms]
2023-11-20 18:59:01.483 [info] > git for-each-ref --format=%(refname)%00%(upstream:short)%00%(objectname)%00%(upstream:track)%00%(upstream:remotename)%00%(upstream:remoteref) refs/heads/Vinicius refs/remotes/Vinicius [7ms]
2023-11-20 18:59:01.671 [info] > git status -z -uall [160ms]
2023-11-20 18:59:07.004 [info] > git config --get commit.template [9ms]
2023-11-20 18:59:07.008 [info] > git for-each-ref --format=%(refname)%00%(upstream:short)%00%(objectname)%00%(upstream:track)%00%(upstream:remotename)%00%(upstream:remoteref) refs/heads/Vinicius refs/remotes/Vinicius [6ms]
2023-11-20 18:59:07.125 [info] > git status -z -uall [110ms]
2023-11-20 18:59:12.232 [info] > git config --get commit.template [8ms]
2023-11-20 18:59:12.235 [info] > git for-each-ref --format=%(refname)%00%(upstream:short)%00%(objectname)%00%(upstream:track)%00%(upstream:remotename)%00%(upstream:remoteref) refs/heads/Vinicius refs/remotes/Vinicius [4ms]
2023-11-20 18:59:12.327 [info] > git status -z -uall [87ms]
2023-11-20 18:59:19.172 [info] > git config --get commit.template [9ms]
2023-11-20 18:59:19.175 [info] > git for-each-ref --format=%(refname)%00%(upstream:short)%00%(objectname)%00%(upstream:track)%00%(upstream:remotename)%00%(upstream:remoteref) refs/heads/Vinicius refs/remotes/Vinicius [5ms]
2023-11-20 18:59:19.248 [info] > git status -z -uall [69ms]
2023-11-20 18:59:26.171 [info] > git config --get commit.template [8ms]
2023-11-20 18:59:26.174 [info] > git for-each-ref --format=%(refname)%00%(upstream:short)%00%(objectname)%00%(upstream:track)%00%(upstream:remotename)%00%(upstream:remoteref) refs/heads/Vinicius refs/remotes/Vinicius [4ms]
2023-11-20 18:59:26.245 [info] > git status -z -uall [66ms]
2023-11-20 18:59:31.365 [info] > git config --get commit.template [11ms]
2023-11-20 18:59:31.369 [info] > git for-each-ref --format=%(refname)%00%(upstream:short)%00%(objectname)%00%(upstream:track)%00%(upstream:remotename)%00%(upstream:remoteref) refs/heads/Vinicius refs/remotes/Vinicius [4ms]
2023-11-20 18:59:31.446 [info] > git status -z -uall [70ms]
2023-11-20 18:59:36.575 [info] > git config --get commit.template [8ms]
2023-11-20 18:59:36.581 [info] > git for-each-ref --format=%(refname)%00%(upstream:short)%00%(objectname)%00%(upstream:track)%00%(upstream:remotename)%00%(upstream:remoteref) refs/heads/Vinicius refs/remotes/Vinicius [7ms]
2023-11-20 18:59:36.681 [info] > git status -z -uall [94ms]
2023-11-20 18:59:41.793 [info] > git config --get commit.template [15ms]
2023-11-20 18:59:41.796 [info] > git for-each-ref --format=%(refname)%00%(upstream:short)%00%(objectname)%00%(upstream:track)%00%(upstream:remotename)%00%(upstream:remoteref) refs/heads/Vinicius refs/remotes/Vinicius [7ms]
2023-11-20 18:59:41.897 [info] > git status -z -uall [96ms]
2023-11-20 19:05:11.138 [info] > git config --get commit.template [38ms]
2023-11-20 19:05:11.148 [info] > git for-each-ref --format=%(refname)%00%(upstream:short)%00%(objectname)%00%(upstream:track)%00%(upstream:remotename)%00%(upstream:remoteref) refs/heads/Vinicius refs/remotes/Vinicius [45ms]
2023-11-20 19:05:11.412 [info] > git status -z -uall [250ms]
2023-11-20 19:05:15.347 [info] > git ls-files --stage -- /var/www/clients/client2/web2/web/sistema/adsgrupo06/CodeIgniter/app/Controllers/Home.php [29ms]
2023-11-20 19:05:15.357 [info] > git show --textconv :CodeIgniter/app/Controllers/Home.php [45ms]
2023-11-20 19:05:15.361 [info] > git cat-file -s 7f867e95ffc4ba99886ae44b16ac5d84b7947395 [4ms]
2023-11-20 19:05:16.700 [info] > git config --get commit.template [8ms]
2023-11-20 19:05:16.705 [info] > git for-each-ref --format=%(refname)%00%(upstream:short)%00%(objectname)%00%(upstream:track)%00%(upstream:remotename)%00%(upstream:remoteref) refs/heads/Vinicius refs/remotes/Vinicius [6ms]
2023-11-20 19:05:16.830 [info] > git status -z -uall [119ms]
2023-11-20 19:05:20.313 [info] > git show --textconv :CodeIgniter/app/Controllers/AtualizarSala.php [13ms]
2023-11-20 19:05:20.318 [info] > git ls-files --stage -- /var/www/clients/client2/web2/web/sistema/adsgrupo06/CodeIgniter/app/Controllers/AtualizarSala.php [7ms]
2023-11-20 19:05:21.946 [info] > git config --get commit.template [8ms]
2023-11-20 19:05:21.948 [info] > git for-each-ref --format=%(refname)%00%(upstream:short)%00%(objectname)%00%(upstream:track)%00%(upstream:remotename)%00%(upstream:remoteref) refs/heads/Vinicius refs/remotes/Vinicius [4ms]
2023-11-20 19:05:22.036 [info] > git status -z -uall [83ms]
2023-11-20 19:05:27.152 [info] > git config --get commit.template [10ms]
2023-11-20 19:05:27.156 [info] > git for-each-ref --format=%(refname)%00%(upstream:short)%00%(objectname)%00%(upstream:track)%00%(upstream:remotename)%00%(upstream:remoteref) refs/heads/Vinicius refs/remotes/Vinicius [6ms]
2023-11-20 19:05:27.225 [info] > git status -z -uall [64ms]
2023-11-20 19:05:32.335 [info] > git config --get commit.template [10ms]
2023-11-20 19:05:32.338 [info] > git for-each-ref --format=%(refname)%00%(upstream:short)%00%(objectname)%00%(upstream:track)%00%(upstream:remotename)%00%(upstream:remoteref) refs/heads/Vinicius refs/remotes/Vinicius [4ms]
2023-11-20 19:05:32.414 [info] > git status -z -uall [68ms]
2023-11-20 19:05:37.534 [info] > git config --get commit.template [8ms]
2023-11-20 19:05:37.536 [info] > git for-each-ref --format=%(refname)%00%(upstream:short)%00%(objectname)%00%(upstream:track)%00%(upstream:remotename)%00%(upstream:remoteref) refs/heads/Vinicius refs/remotes/Vinicius [4ms]
2023-11-20 19:05:37.607 [info] > git status -z -uall [67ms]
2023-11-20 19:05:40.146 [info] > git show --textconv :CodeIgniter/app/Views/salasdel.php [11ms]
2023-11-20 19:05:40.151 [info] > git ls-files --stage -- /var/www/clients/client2/web2/web/sistema/adsgrupo06/CodeIgniter/app/Views/salasdel.php [8ms]
2023-11-20 19:05:42.719 [info] > git config --get commit.template [10ms]
2023-11-20 19:05:42.722 [info] > git for-each-ref --format=%(refname)%00%(upstream:short)%00%(objectname)%00%(upstream:track)%00%(upstream:remotename)%00%(upstream:remoteref) refs/heads/Vinicius refs/remotes/Vinicius [5ms]
2023-11-20 19:05:42.811 [info] > git status -z -uall [80ms]
2023-11-20 19:05:47.927 [info] > git config --get commit.template [7ms]
2023-11-20 19:05:47.931 [info] > git for-each-ref --format=%(refname)%00%(upstream:short)%00%(objectname)%00%(upstream:track)%00%(upstream:remotename)%00%(upstream:remoteref) refs/heads/Vinicius refs/remotes/Vinicius [6ms]
2023-11-20 19:05:48.000 [info] > git status -z -uall [63ms]
2023-11-20 19:05:53.115 [info] > git config --get commit.template [7ms]
2023-11-20 19:05:53.117 [info] > git for-each-ref --format=%(refname)%00%(upstream:short)%00%(objectname)%00%(upstream:track)%00%(upstream:remotename)%00%(upstream:remoteref) refs/heads/Vinicius refs/remotes/Vinicius [4ms]
2023-11-20 19:05:53.186 [info] > git status -z -uall [64ms]
2023-11-20 19:05:58.286 [info] > git config --get commit.template [7ms]
2023-11-20 19:05:58.288 [info] > git for-each-ref --format=%(refname)%00%(upstream:short)%00%(objectname)%00%(upstream:track)%00%(upstream:remotename)%00%(upstream:remoteref) refs/heads/Vinicius refs/remotes/Vinicius [4ms]
2023-11-20 19:05:58.355 [info] > git status -z -uall [62ms]
2023-11-20 19:06:03.471 [info] > git config --get commit.template [17ms]
2023-11-20 19:06:03.476 [info] > git for-each-ref --format=%(refname)%00%(upstream:short)%00%(objectname)%00%(upstream:track)%00%(upstream:remotename)%00%(upstream:remoteref) refs/heads/Vinicius refs/remotes/Vinicius [14ms]
2023-11-20 19:06:03.688 [info] > git status -z -uall [207ms]
2023-11-20 19:06:08.783 [info] > git config --get commit.template [7ms]
2023-11-20 19:06:08.791 [info] > git for-each-ref --format=%(refname)%00%(upstream:short)%00%(objectname)%00%(upstream:track)%00%(upstream:remotename)%00%(upstream:remoteref) refs/heads/Vinicius refs/remotes/Vinicius [8ms]
2023-11-20 19:06:08.868 [info] > git status -z -uall [72ms]
2023-11-20 19:06:13.984 [info] > git config --get commit.template [8ms]
2023-11-20 19:06:13.987 [info] > git for-each-ref --format=%(refname)%00%(upstream:short)%00%(objectname)%00%(upstream:track)%00%(upstream:remotename)%00%(upstream:remoteref) refs/heads/Vinicius refs/remotes/Vinicius [5ms]
2023-11-20 19:06:14.054 [info] > git status -z -uall [61ms]
2023-11-20 19:06:19.154 [info] > git config --get commit.template [7ms]
2023-11-20 19:06:19.157 [info] > git for-each-ref --format=%(refname)%00%(upstream:short)%00%(objectname)%00%(upstream:track)%00%(upstream:remotename)%00%(upstream:remoteref) refs/heads/Vinicius refs/remotes/Vinicius [3ms]
2023-11-20 19:06:19.222 [info] > git status -z -uall [59ms]
2023-11-20 19:06:24.424 [info] > git config --get commit.template [8ms]
2023-11-20 19:06:24.426 [info] > git for-each-ref --format=%(refname)%00%(upstream:short)%00%(objectname)%00%(upstream:track)%00%(upstream:remotename)%00%(upstream:remoteref) refs/heads/Vinicius refs/remotes/Vinicius [3ms]
2023-11-20 19:06:24.492 [info] > git status -z -uall [60ms]
2023-11-20 19:06:29.595 [info] > git config --get commit.template [8ms]
2023-11-20 19:06:29.598 [info] > git for-each-ref --format=%(refname)%00%(upstream:short)%00%(objectname)%00%(upstream:track)%00%(upstream:remotename)%00%(upstream:remoteref) refs/heads/Vinicius refs/remotes/Vinicius [4ms]
2023-11-20 19:06:29.663 [info] > git status -z -uall [60ms]
2023-11-20 19:06:37.671 [info] > git config --get commit.template [8ms]
2023-11-20 19:06:37.673 [info] > git for-each-ref --format=%(refname)%00%(upstream:short)%00%(objectname)%00%(upstream:track)%00%(upstream:remotename)%00%(upstream:remoteref) refs/heads/Vinicius refs/remotes/Vinicius [3ms]
2023-11-20 19:06:37.757 [info] > git status -z -uall [76ms]
2023-11-20 19:06:42.867 [info] > git config --get commit.template [9ms]
2023-11-20 19:06:42.870 [info] > git for-each-ref --format=%(refname)%00%(upstream:short)%00%(objectname)%00%(upstream:track)%00%(upstream:remotename)%00%(upstream:remoteref) refs/heads/Vinicius refs/remotes/Vinicius [5ms]
2023-11-20 19:06:42.936 [info] > git status -z -uall [60ms]
2023-11-20 19:06:48.051 [info] > git config --get commit.template [10ms]
2023-11-20 19:06:48.053 [info] > git for-each-ref --format=%(refname)%00%(upstream:short)%00%(objectname)%00%(upstream:track)%00%(upstream:remotename)%00%(upstream:remoteref) refs/heads/Vinicius refs/remotes/Vinicius [3ms]
2023-11-20 19:06:48.126 [info] > git status -z -uall [66ms]
2023-11-20 19:06:53.224 [info] > git config --get commit.template [6ms]
2023-11-20 19:06:53.226 [info] > git for-each-ref --format=%(refname)%00%(upstream:short)%00%(objectname)%00%(upstream:track)%00%(upstream:remotename)%00%(upstream:remoteref) refs/heads/Vinicius refs/remotes/Vinicius [3ms]
2023-11-20 19:06:53.291 [info] > git status -z -uall [60ms]
2023-11-20 19:06:58.400 [info] > git config --get commit.template [8ms]
2023-11-20 19:06:58.402 [info] > git for-each-ref --format=%(refname)%00%(upstream:short)%00%(objectname)%00%(upstream:track)%00%(upstream:remotename)%00%(upstream:remoteref) refs/heads/Vinicius refs/remotes/Vinicius [3ms]
2023-11-20 19:06:58.475 [info] > git status -z -uall [67ms]
2023-11-20 19:07:08.399 [info] > git config --get commit.template [10ms]
2023-11-20 19:07:08.402 [info] > git for-each-ref --format=%(refname)%00%(upstream:short)%00%(objectname)%00%(upstream:track)%00%(upstream:remotename)%00%(upstream:remoteref) refs/heads/Vinicius refs/remotes/Vinicius [4ms]
2023-11-20 19:07:08.504 [info] > git status -z -uall [93ms]
2023-11-20 19:07:28.344 [info] > git config --get commit.template [10ms]
2023-11-20 19:07:28.346 [info] > git for-each-ref --format=%(refname)%00%(upstream:short)%00%(objectname)%00%(upstream:track)%00%(upstream:remotename)%00%(upstream:remoteref) refs/heads/Vinicius refs/remotes/Vinicius [3ms]
2023-11-20 19:07:28.409 [info] > git status -z -uall [58ms]
2023-11-20 19:07:33.518 [info] > git config --get commit.template [7ms]
2023-11-20 19:07:33.520 [info] > git for-each-ref --format=%(refname)%00%(upstream:short)%00%(objectname)%00%(upstream:track)%00%(upstream:remotename)%00%(upstream:remoteref) refs/heads/Vinicius refs/remotes/Vinicius [3ms]
2023-11-20 19:07:33.585 [info] > git status -z -uall [61ms]
2023-11-20 19:07:38.699 [info] > git config --get commit.template [8ms]
2023-11-20 19:07:38.703 [info] > git for-each-ref --format=%(refname)%00%(upstream:short)%00%(objectname)%00%(upstream:track)%00%(upstream:remotename)%00%(upstream:remoteref) refs/heads/Vinicius refs/remotes/Vinicius [5ms]
2023-11-20 19:07:38.768 [info] > git status -z -uall [59ms]
2023-11-20 19:07:43.968 [info] > git config --get commit.template [10ms]
2023-11-20 19:07:43.971 [info] > git for-each-ref --format=%(refname)%00%(upstream:short)%00%(objectname)%00%(upstream:track)%00%(upstream:remotename)%00%(upstream:remoteref) refs/heads/Vinicius refs/remotes/Vinicius [5ms]
2023-11-20 19:07:44.039 [info] > git status -z -uall [62ms]
2023-11-20 19:08:05.119 [info] > git config --get commit.template [8ms]
2023-11-20 19:08:05.123 [info] > git for-each-ref --format=%(refname)%00%(upstream:short)%00%(objectname)%00%(upstream:track)%00%(upstream:remotename)%00%(upstream:remoteref) refs/heads/Vinicius refs/remotes/Vinicius [5ms]
2023-11-20 19:08:05.194 [info] > git status -z -uall [65ms]
2023-11-20 19:08:11.041 [info] > git config --get commit.template [10ms]
2023-11-20 19:08:11.043 [info] > git for-each-ref --format=%(refname)%00%(upstream:short)%00%(objectname)%00%(upstream:track)%00%(upstream:remotename)%00%(upstream:remoteref) refs/heads/Vinicius refs/remotes/Vinicius [3ms]
2023-11-20 19:08:11.114 [info] > git status -z -uall [65ms]
2023-11-20 19:08:29.750 [info] > git config --get commit.template [7ms]
2023-11-20 19:08:29.753 [info] > git for-each-ref --format=%(refname)%00%(upstream:short)%00%(objectname)%00%(upstream:track)%00%(upstream:remotename)%00%(upstream:remoteref) refs/heads/Vinicius refs/remotes/Vinicius [3ms]
2023-11-20 19:08:29.827 [info] > git status -z -uall [68ms]
2023-11-20 19:10:08.236 [info] > git config --get commit.template [17ms]
2023-11-20 19:10:08.238 [info] > git for-each-ref --format=%(refname)%00%(upstream:short)%00%(objectname)%00%(upstream:track)%00%(upstream:remotename)%00%(upstream:remoteref) refs/heads/Vinicius refs/remotes/Vinicius [15ms]
2023-11-20 19:10:08.472 [info] > git status -z -uall [228ms]
2023-11-20 19:10:13.613 [info] > git config --get commit.template [10ms]
2023-11-20 19:10:13.621 [info] > git for-each-ref --format=%(refname)%00%(upstream:short)%00%(objectname)%00%(upstream:track)%00%(upstream:remotename)%00%(upstream:remoteref) refs/heads/Vinicius refs/remotes/Vinicius [9ms]
2023-11-20 19:10:13.720 [info] > git status -z -uall [94ms]
2023-11-20 19:10:18.827 [info] > git config --get commit.template [8ms]
2023-11-20 19:10:18.829 [info] > git for-each-ref --format=%(refname)%00%(upstream:short)%00%(objectname)%00%(upstream:track)%00%(upstream:remotename)%00%(upstream:remoteref) refs/heads/Vinicius refs/remotes/Vinicius [4ms]
2023-11-20 19:10:18.916 [info] > git status -z -uall [82ms]
2023-11-20 19:10:24.135 [info] > git config --get commit.template [8ms]
2023-11-20 19:10:24.137 [info] > git for-each-ref --format=%(refname)%00%(upstream:short)%00%(objectname)%00%(upstream:track)%00%(upstream:remotename)%00%(upstream:remoteref) refs/heads/Vinicius refs/remotes/Vinicius [3ms]
2023-11-20 19:10:24.256 [info] > git status -z -uall [113ms]
2023-11-20 19:10:29.358 [info] > git config --get commit.template [9ms]
2023-11-20 19:10:29.360 [info] > git for-each-ref --format=%(refname)%00%(upstream:short)%00%(objectname)%00%(upstream:track)%00%(upstream:remotename)%00%(upstream:remoteref) refs/heads/Vinicius refs/remotes/Vinicius [3ms]
2023-11-20 19:10:29.431 [info] > git status -z -uall [66ms]
2023-11-20 19:10:34.554 [info] > git config --get commit.template [7ms]
2023-11-20 19:10:34.556 [info] > git for-each-ref --format=%(refname)%00%(upstream:short)%00%(objectname)%00%(upstream:track)%00%(upstream:remotename)%00%(upstream:remoteref) refs/heads/Vinicius refs/remotes/Vinicius [4ms]
2023-11-20 19:10:34.628 [info] > git status -z -uall [65ms]
2023-11-20 19:10:44.802 [info] > git config --get commit.template [7ms]
2023-11-20 19:10:44.804 [info] > git for-each-ref --format=%(refname)%00%(upstream:short)%00%(objectname)%00%(upstream:track)%00%(upstream:remotename)%00%(upstream:remoteref) refs/heads/Vinicius refs/remotes/Vinicius [4ms]
2023-11-20 19:10:44.883 [info] > git status -z -uall [75ms]
2023-11-20 19:10:50.016 [info] > git config --get commit.template [9ms]
2023-11-20 19:10:50.020 [info] > git for-each-ref --format=%(refname)%00%(upstream:short)%00%(objectname)%00%(upstream:track)%00%(upstream:remotename)%00%(upstream:remoteref) refs/heads/Vinicius refs/remotes/Vinicius [4ms]
2023-11-20 19:10:50.088 [info] > git status -z -uall [62ms]
2023-11-20 19:10:55.191 [info] > git config --get commit.template [7ms]
2023-11-20 19:10:55.193 [info] > git for-each-ref --format=%(refname)%00%(upstream:short)%00%(objectname)%00%(upstream:track)%00%(upstream:remotename)%00%(upstream:remoteref) refs/heads/Vinicius refs/remotes/Vinicius [3ms]
2023-11-20 19:10:55.264 [info] > git status -z -uall [67ms]
2023-11-20 19:11:00.383 [info] > git config --get commit.template [8ms]
2023-11-20 19:11:00.386 [info] > git for-each-ref --format=%(refname)%00%(upstream:short)%00%(objectname)%00%(upstream:track)%00%(upstream:remotename)%00%(upstream:remoteref) refs/heads/Vinicius refs/remotes/Vinicius [4ms]
2023-11-20 19:11:00.454 [info] > git status -z -uall [61ms]
2023-11-20 19:11:05.647 [info] > git config --get commit.template [9ms]
2023-11-20 19:11:05.650 [info] > git for-each-ref --format=%(refname)%00%(upstream:short)%00%(objectname)%00%(upstream:track)%00%(upstream:remotename)%00%(upstream:remoteref) refs/heads/Vinicius refs/remotes/Vinicius [5ms]
2023-11-20 19:11:05.788 [info] > git status -z -uall [132ms]
2023-11-20 19:11:10.906 [info] > git config --get commit.template [7ms]
2023-11-20 19:11:10.909 [info] > git for-each-ref --format=%(refname)%00%(upstream:short)%00%(objectname)%00%(upstream:track)%00%(upstream:remotename)%00%(upstream:remoteref) refs/heads/Vinicius refs/remotes/Vinicius [4ms]
2023-11-20 19:11:10.981 [info] > git status -z -uall [65ms]
2023-11-20 19:11:18.816 [info] > git config --get commit.template [7ms]
2023-11-20 19:11:18.819 [info] > git for-each-ref --format=%(refname)%00%(upstream:short)%00%(objectname)%00%(upstream:track)%00%(upstream:remotename)%00%(upstream:remoteref) refs/heads/Vinicius refs/remotes/Vinicius [4ms]
2023-11-20 19:11:18.892 [info] > git status -z -uall [68ms]
2023-11-20 19:11:47.459 [info] > git config --get commit.template [8ms]
2023-11-20 19:11:47.462 [info] > git for-each-ref --format=%(refname)%00%(upstream:short)%00%(objectname)%00%(upstream:track)%00%(upstream:remotename)%00%(upstream:remoteref) refs/heads/Vinicius refs/remotes/Vinicius [4ms]
2023-11-20 19:11:47.534 [info] > git status -z -uall [66ms]
2023-11-20 19:11:51.191 [info] > git show --textconv :CodeIgniter/app/Views/salas_exibir.php [36ms]
2023-11-20 19:11:51.218 [info] > git ls-files --stage -- /var/www/clients/client2/web2/web/sistema/adsgrupo06/CodeIgniter/app/Views/salas_exibir.php [54ms]
2023-11-20 19:11:51.267 [info] > git cat-file -s 53dd236803ed5d72f6d6132c2ca2c9af2effac94 [22ms]
2023-11-20 19:11:52.647 [info] > git config --get commit.template [8ms]
2023-11-20 19:11:52.650 [info] > git for-each-ref --format=%(refname)%00%(upstream:short)%00%(objectname)%00%(upstream:track)%00%(upstream:remotename)%00%(upstream:remoteref) refs/heads/Vinicius refs/remotes/Vinicius [4ms]
2023-11-20 19:11:52.716 [info] > git status -z -uall [60ms]
2023-11-20 19:11:57.839 [info] > git config --get commit.template [8ms]
2023-11-20 19:11:57.842 [info] > git for-each-ref --format=%(refname)%00%(upstream:short)%00%(objectname)%00%(upstream:track)%00%(upstream:remotename)%00%(upstream:remoteref) refs/heads/Vinicius refs/remotes/Vinicius [4ms]
2023-11-20 19:11:57.935 [info] > git status -z -uall [87ms]
2023-11-20 19:12:03.151 [info] > git config --get commit.template [18ms]
2023-11-20 19:12:03.155 [info] > git for-each-ref --format=%(refname)%00%(upstream:short)%00%(objectname)%00%(upstream:track)%00%(upstream:remotename)%00%(upstream:remoteref) refs/heads/Vinicius refs/remotes/Vinicius [15ms]
2023-11-20 19:12:03.394 [info] > git status -z -uall [232ms]
2023-11-20 19:12:08.520 [info] > git config --get commit.template [10ms]
2023-11-20 19:12:08.524 [info] > git for-each-ref --format=%(refname)%00%(upstream:short)%00%(objectname)%00%(upstream:track)%00%(upstream:remotename)%00%(upstream:remoteref) refs/heads/Vinicius refs/remotes/Vinicius [4ms]
2023-11-20 19:12:08.624 [info] > git status -z -uall [94ms]
2023-11-20 19:12:13.732 [info] > git config --get commit.template [7ms]
2023-11-20 19:12:13.734 [info] > git for-each-ref --format=%(refname)%00%(upstream:short)%00%(objectname)%00%(upstream:track)%00%(upstream:remotename)%00%(upstream:remoteref) refs/heads/Vinicius refs/remotes/Vinicius [3ms]
2023-11-20 19:12:13.806 [info] > git status -z -uall [66ms]
2023-11-20 19:12:44.065 [info] > git config --get commit.template [6ms]
2023-11-20 19:12:44.067 [info] > git for-each-ref --format=%(refname)%00%(upstream:short)%00%(objectname)%00%(upstream:track)%00%(upstream:remotename)%00%(upstream:remoteref) refs/heads/Vinicius refs/remotes/Vinicius [3ms]
2023-11-20 19:12:44.138 [info] > git status -z -uall [66ms]
2023-11-20 19:13:28.651 [info] > git config --get commit.template [15ms]
2023-11-20 19:13:28.655 [info] > git for-each-ref --format=%(refname)%00%(upstream:short)%00%(objectname)%00%(upstream:track)%00%(upstream:remotename)%00%(upstream:remoteref) refs/heads/Vinicius refs/remotes/Vinicius [13ms]
2023-11-20 19:13:28.872 [info] > git status -z -uall [212ms]
2023-11-20 19:13:34.011 [info] > git config --get commit.template [7ms]
2023-11-20 19:13:34.013 [info] > git for-each-ref --format=%(refname)%00%(upstream:short)%00%(objectname)%00%(upstream:track)%00%(upstream:remotename)%00%(upstream:remoteref) refs/heads/Vinicius refs/remotes/Vinicius [3ms]
2023-11-20 19:13:34.086 [info] > git status -z -uall [69ms]
2023-11-20 19:13:39.190 [info] > git config --get commit.template [8ms]
2023-11-20 19:13:39.192 [info] > git for-each-ref --format=%(refname)%00%(upstream:short)%00%(objectname)%00%(upstream:track)%00%(upstream:remotename)%00%(upstream:remoteref) refs/heads/Vinicius refs/remotes/Vinicius [4ms]
2023-11-20 19:13:39.264 [info] > git status -z -uall [64ms]
2023-11-20 19:14:03.265 [info] > git config --get commit.template [6ms]
2023-11-20 19:14:03.267 [info] > git for-each-ref --format=%(refname)%00%(upstream:short)%00%(objectname)%00%(upstream:track)%00%(upstream:remotename)%00%(upstream:remoteref) refs/heads/Vinicius refs/remotes/Vinicius [3ms]
2023-11-20 19:14:03.345 [info] > git status -z -uall [73ms]
2023-11-20 19:14:08.452 [info] > git config --get commit.template [9ms]
2023-11-20 19:14:08.454 [info] > git for-each-ref --format=%(refname)%00%(upstream:short)%00%(objectname)%00%(upstream:track)%00%(upstream:remotename)%00%(upstream:remoteref) refs/heads/Vinicius refs/remotes/Vinicius [4ms]
2023-11-20 19:14:08.522 [info] > git status -z -uall [64ms]
2023-11-20 19:14:47.310 [info] > git config --get commit.template [18ms]
2023-11-20 19:14:47.314 [info] > git for-each-ref --format=%(refname)%00%(upstream:short)%00%(objectname)%00%(upstream:track)%00%(upstream:remotename)%00%(upstream:remoteref) refs/heads/Vinicius refs/remotes/Vinicius [15ms]
2023-11-20 19:14:47.427 [info] > git status -z -uall [100ms]
2023-11-20 19:14:52.562 [info] > git config --get commit.template [7ms]
2023-11-20 19:14:52.564 [info] > git for-each-ref --format=%(refname)%00%(upstream:short)%00%(objectname)%00%(upstream:track)%00%(upstream:remotename)%00%(upstream:remoteref) refs/heads/Vinicius refs/remotes/Vinicius [3ms]
2023-11-20 19:14:52.672 [info] > git status -z -uall [103ms]
2023-11-20 19:14:57.795 [info] > git config --get commit.template [12ms]
2023-11-20 19:14:57.800 [info] > git for-each-ref --format=%(refname)%00%(upstream:short)%00%(objectname)%00%(upstream:track)%00%(upstream:remotename)%00%(upstream:remoteref) refs/heads/Vinicius refs/remotes/Vinicius [6ms]
2023-11-20 19:14:57.928 [info] > git status -z -uall [119ms]
2023-11-20 19:15:03.075 [info] > git config --get commit.template [24ms]
2023-11-20 19:15:03.082 [info] > git for-each-ref --format=%(refname)%00%(upstream:short)%00%(objectname)%00%(upstream:track)%00%(upstream:remotename)%00%(upstream:remoteref) refs/heads/Vinicius refs/remotes/Vinicius [16ms]
2023-11-20 19:15:03.413 [info] > git status -z -uall [324ms]
2023-11-20 19:15:08.617 [info] > git config --get commit.template [19ms]
2023-11-20 19:15:08.622 [info] > git for-each-ref --format=%(refname)%00%(upstream:short)%00%(objectname)%00%(upstream:track)%00%(upstream:remotename)%00%(upstream:remoteref) refs/heads/Vinicius refs/remotes/Vinicius [11ms]
2023-11-20 19:15:08.862 [info] > git status -z -uall [228ms]
2023-11-20 19:15:23.112 [info] > git config --get commit.template [8ms]
2023-11-20 19:15:23.117 [info] > git for-each-ref --format=%(refname)%00%(upstream:short)%00%(objectname)%00%(upstream:track)%00%(upstream:remotename)%00%(upstream:remoteref) refs/heads/Vinicius refs/remotes/Vinicius [6ms]
2023-11-20 19:15:23.203 [info] > git status -z -uall [81ms]
2023-11-20 19:15:28.317 [info] > git config --get commit.template [8ms]
2023-11-20 19:15:28.320 [info] > git for-each-ref --format=%(refname)%00%(upstream:short)%00%(objectname)%00%(upstream:track)%00%(upstream:remotename)%00%(upstream:remoteref) refs/heads/Vinicius refs/remotes/Vinicius [4ms]
2023-11-20 19:15:28.391 [info] > git status -z -uall [65ms]
2023-11-20 19:15:35.238 [info] > git config --get commit.template [11ms]
2023-11-20 19:15:35.245 [info] > git for-each-ref --format=%(refname)%00%(upstream:short)%00%(objectname)%00%(upstream:track)%00%(upstream:remotename)%00%(upstream:remoteref) refs/heads/Vinicius refs/remotes/Vinicius [10ms]
2023-11-20 19:15:35.326 [info] > git status -z -uall [75ms]
2023-11-20 19:15:44.319 [info] > git config --get commit.template [12ms]
2023-11-20 19:15:44.321 [info] > git for-each-ref --format=%(refname)%00%(upstream:short)%00%(objectname)%00%(upstream:track)%00%(upstream:remotename)%00%(upstream:remoteref) refs/heads/Vinicius refs/remotes/Vinicius [3ms]
2023-11-20 19:15:44.390 [info] > git status -z -uall [63ms]
2023-11-20 19:15:49.508 [info] > git config --get commit.template [11ms]
2023-11-20 19:15:49.511 [info] > git for-each-ref --format=%(refname)%00%(upstream:short)%00%(objectname)%00%(upstream:track)%00%(upstream:remotename)%00%(upstream:remoteref) refs/heads/Vinicius refs/remotes/Vinicius [4ms]
2023-11-20 19:15:49.615 [info] > git status -z -uall [97ms]
2023-11-20 19:15:54.760 [info] > git config --get commit.template [9ms]
2023-11-20 19:15:54.763 [info] > git for-each-ref --format=%(refname)%00%(upstream:short)%00%(objectname)%00%(upstream:track)%00%(upstream:remotename)%00%(upstream:remoteref) refs/heads/Vinicius refs/remotes/Vinicius [5ms]
2023-11-20 19:15:54.833 [info] > git status -z -uall [64ms]
2023-11-20 19:16:00.030 [info] > git config --get commit.template [9ms]
2023-11-20 19:16:00.032 [info] > git for-each-ref --format=%(refname)%00%(upstream:short)%00%(objectname)%00%(upstream:track)%00%(upstream:remotename)%00%(upstream:remoteref) refs/heads/Vinicius refs/remotes/Vinicius [4ms]
2023-11-20 19:16:00.106 [info] > git status -z -uall [67ms]
2023-11-20 19:16:13.170 [info] > git config --get commit.template [17ms]
2023-11-20 19:16:13.174 [info] > git for-each-ref --format=%(refname)%00%(upstream:short)%00%(objectname)%00%(upstream:track)%00%(upstream:remotename)%00%(upstream:remoteref) refs/heads/Vinicius refs/remotes/Vinicius [14ms]
2023-11-20 19:16:13.415 [info] > git status -z -uall [235ms]
2023-11-20 19:16:18.535 [info] > git config --get commit.template [8ms]
2023-11-20 19:16:18.538 [info] > git for-each-ref --format=%(refname)%00%(upstream:short)%00%(objectname)%00%(upstream:track)%00%(upstream:remotename)%00%(upstream:remoteref) refs/heads/Vinicius refs/remotes/Vinicius [4ms]
2023-11-20 19:16:18.606 [info] > git status -z -uall [63ms]
2023-11-20 19:16:21.615 [info] > git show --textconv :CodeIgniter/app/Views/salas_form.php [13ms]
2023-11-20 19:16:21.621 [info] > git ls-files --stage -- /var/www/clients/client2/web2/web/sistema/adsgrupo06/CodeIgniter/app/Views/salas_form.php [7ms]
2023-11-20 19:16:21.630 [info] > git cat-file -s 0d258b68c078acf7d665842cf3cd7d7e786ab56f [2ms]
2023-11-20 19:16:23.714 [info] > git config --get commit.template [10ms]
2023-11-20 19:16:23.717 [info] > git for-each-ref --format=%(refname)%00%(upstream:short)%00%(objectname)%00%(upstream:track)%00%(upstream:remotename)%00%(upstream:remoteref) refs/heads/Vinicius refs/remotes/Vinicius [4ms]
2023-11-20 19:16:23.783 [info] > git status -z -uall [60ms]
2023-11-20 19:16:27.109 [info] > git show --textconv :CodeIgniter/app/Views/salasdel.php [11ms]
2023-11-20 19:16:27.114 [info] > git ls-files --stage -- /var/www/clients/client2/web2/web/sistema/adsgrupo06/CodeIgniter/app/Views/salasdel.php [10ms]
2023-11-20 19:16:28.903 [info] > git config --get commit.template [8ms]
2023-11-20 19:16:28.906 [info] > git for-each-ref --format=%(refname)%00%(upstream:short)%00%(objectname)%00%(upstream:track)%00%(upstream:remotename)%00%(upstream:remoteref) refs/heads/Vinicius refs/remotes/Vinicius [4ms]
2023-11-20 19:16:28.982 [info] > git status -z -uall [69ms]
2023-11-20 19:16:34.093 [info] > git config --get commit.template [12ms]
2023-11-20 19:16:34.097 [info] > git for-each-ref --format=%(refname)%00%(upstream:short)%00%(objectname)%00%(upstream:track)%00%(upstream:remotename)%00%(upstream:remoteref) refs/heads/Vinicius refs/remotes/Vinicius [4ms]
2023-11-20 19:16:34.163 [info] > git status -z -uall [60ms]
2023-11-20 19:16:35.175 [info] > git show --textconv :CodeIgniter/app/Views/salas_exibir.php [17ms]
2023-11-20 19:16:35.182 [info] > git ls-files --stage -- /var/www/clients/client2/web2/web/sistema/adsgrupo06/CodeIgniter/app/Views/salas_exibir.php [8ms]
2023-11-20 19:16:35.194 [info] > git cat-file -s 53dd236803ed5d72f6d6132c2ca2c9af2effac94 [6ms]
2023-11-20 19:16:37.269 [info] > git show --textconv :CodeIgniter/app/Views/salas_editar_selecao.php [19ms]
2023-11-20 19:16:37.275 [info] > git ls-files --stage -- /var/www/clients/client2/web2/web/sistema/adsgrupo06/CodeIgniter/app/Views/salas_editar_selecao.php [8ms]
2023-11-20 19:16:37.283 [info] > git cat-file -s 31578edb9b46ae9eace253564de2534c764dbb2c [2ms]
2023-11-20 19:16:39.250 [info] > git show --textconv :CodeIgniter/app/Views/salas_editar_selecionada.php [13ms]
2023-11-20 19:16:39.252 [info] > git ls-files --stage -- /var/www/clients/client2/web2/web/sistema/adsgrupo06/CodeIgniter/app/Views/salas_editar_selecionada.php [6ms]
2023-11-20 19:16:39.264 [info] > git cat-file -s d766fa2fb4bcf91913693bda1777115238b618af [3ms]
2023-11-20 19:16:39.291 [info] > git config --get commit.template [10ms]
2023-11-20 19:16:39.294 [info] > git for-each-ref --format=%(refname)%00%(upstream:short)%00%(objectname)%00%(upstream:track)%00%(upstream:remotename)%00%(upstream:remoteref) refs/heads/Vinicius refs/remotes/Vinicius [4ms]
2023-11-20 19:16:39.386 [info] > git status -z -uall [83ms]
2023-11-20 19:16:41.375 [info] > git show --textconv :CodeIgniter/app/Views/salas_exibir.php [16ms]
2023-11-20 19:16:41.382 [info] > git ls-files --stage -- /var/www/clients/client2/web2/web/sistema/adsgrupo06/CodeIgniter/app/Views/salas_exibir.php [9ms]
2023-11-20 19:16:41.396 [info] > git cat-file -s 53dd236803ed5d72f6d6132c2ca2c9af2effac94 [3ms]
2023-11-20 19:16:45.251 [info] > git config --get commit.template [9ms]
2023-11-20 19:16:45.254 [info] > git for-each-ref --format=%(refname)%00%(upstream:short)%00%(objectname)%00%(upstream:track)%00%(upstream:remotename)%00%(upstream:remoteref) refs/heads/Vinicius refs/remotes/Vinicius [4ms]
2023-11-20 19:16:45.323 [info] > git status -z -uall [63ms]
2023-11-20 19:16:51.263 [info] > git config --get commit.template [7ms]
2023-11-20 19:16:51.266 [info] > git for-each-ref --format=%(refname)%00%(upstream:short)%00%(objectname)%00%(upstream:track)%00%(upstream:remotename)%00%(upstream:remoteref) refs/heads/Vinicius refs/remotes/Vinicius [5ms]
2023-11-20 19:16:51.336 [info] > git status -z -uall [65ms]
2023-11-20 19:16:56.466 [info] > git config --get commit.template [8ms]
2023-11-20 19:16:56.468 [info] > git for-each-ref --format=%(refname)%00%(upstream:short)%00%(objectname)%00%(upstream:track)%00%(upstream:remotename)%00%(upstream:remoteref) refs/heads/Vinicius refs/remotes/Vinicius [3ms]
2023-11-20 19:16:56.535 [info] > git status -z -uall [61ms]
2023-11-20 19:16:59.737 [info] > git ls-files --stage -- /var/www/clients/client2/web2/web/sistema/adsgrupo06/CodeIgniter/app/Controllers/SalasEditar.php [6ms]
2023-11-20 19:16:59.745 [info] > git show --textconv :CodeIgniter/app/Controllers/SalasEditar.php [24ms]
2023-11-20 19:16:59.750 [info] > git cat-file -s 81dd6c3af5bbb4f1377f8671895857e799838000 [6ms]
2023-11-20 19:17:01.749 [info] > git config --get commit.template [40ms]
2023-11-20 19:17:01.759 [info] > git for-each-ref --format=%(refname)%00%(upstream:short)%00%(objectname)%00%(upstream:track)%00%(upstream:remotename)%00%(upstream:remoteref) refs/heads/Vinicius refs/remotes/Vinicius [12ms]
2023-11-20 19:17:02.066 [info] > git status -z -uall [275ms]
2023-11-20 19:17:10.690 [info] > git config --get commit.template [10ms]
2023-11-20 19:17:10.697 [info] > git for-each-ref --format=%(refname)%00%(upstream:short)%00%(objectname)%00%(upstream:track)%00%(upstream:remotename)%00%(upstream:remoteref) refs/heads/Vinicius refs/remotes/Vinicius [9ms]
2023-11-20 19:17:10.780 [info] > git status -z -uall [73ms]
2023-11-20 19:17:15.885 [info] > git config --get commit.template [7ms]
2023-11-20 19:17:15.888 [info] > git for-each-ref --format=%(refname)%00%(upstream:short)%00%(objectname)%00%(upstream:track)%00%(upstream:remotename)%00%(upstream:remoteref) refs/heads/Vinicius refs/remotes/Vinicius [4ms]
2023-11-20 19:17:15.950 [info] > git status -z -uall [57ms]
2023-11-20 19:17:21.057 [info] > git config --get commit.template [9ms]
2023-11-20 19:17:21.060 [info] > git for-each-ref --format=%(refname)%00%(upstream:short)%00%(objectname)%00%(upstream:track)%00%(upstream:remotename)%00%(upstream:remoteref) refs/heads/Vinicius refs/remotes/Vinicius [3ms]
2023-11-20 19:17:21.133 [info] > git status -z -uall [67ms]
2023-11-20 19:17:26.250 [info] > git config --get commit.template [8ms]
2023-11-20 19:17:26.252 [info] > git for-each-ref --format=%(refname)%00%(upstream:short)%00%(objectname)%00%(upstream:track)%00%(upstream:remotename)%00%(upstream:remoteref) refs/heads/Vinicius refs/remotes/Vinicius [4ms]
2023-11-20 19:17:26.406 [info] > git status -z -uall [147ms]
2023-11-20 19:17:31.617 [info] > git config --get commit.template [8ms]
2023-11-20 19:17:31.619 [info] > git for-each-ref --format=%(refname)%00%(upstream:short)%00%(objectname)%00%(upstream:track)%00%(upstream:remotename)%00%(upstream:remoteref) refs/heads/Vinicius refs/remotes/Vinicius [3ms]
2023-11-20 19:17:31.703 [info] > git status -z -uall [78ms]
2023-11-20 19:17:36.868 [info] > git config --get commit.template [7ms]
2023-11-20 19:17:36.871 [info] > git for-each-ref --format=%(refname)%00%(upstream:short)%00%(objectname)%00%(upstream:track)%00%(upstream:remotename)%00%(upstream:remoteref) refs/heads/Vinicius refs/remotes/Vinicius [4ms]
2023-11-20 19:17:36.942 [info] > git status -z -uall [66ms]
2023-11-20 19:17:42.075 [info] > git config --get commit.template [24ms]
2023-11-20 19:17:42.081 [info] > git for-each-ref --format=%(refname)%00%(upstream:short)%00%(objectname)%00%(upstream:track)%00%(upstream:remotename)%00%(upstream:remoteref) refs/heads/Vinicius refs/remotes/Vinicius [14ms]
2023-11-20 19:17:42.165 [info] > git status -z -uall [75ms]
2023-11-20 19:17:46.127 [info] > git ls-files --stage -- /var/www/clients/client2/web2/web/sistema/adsgrupo06/CodeIgniter/app/Controllers/SalasEditar.php [8ms]
2023-11-20 19:17:46.142 [info] > git cat-file -s 81dd6c3af5bbb4f1377f8671895857e799838000 [3ms]
2023-11-20 19:17:46.349 [info] > git show --textconv :CodeIgniter/app/Controllers/SalasEditar.php [5ms]
2023-11-20 19:17:47.422 [info] > git config --get commit.template [7ms]
2023-11-20 19:17:47.426 [info] > git for-each-ref --format=%(refname)%00%(upstream:short)%00%(objectname)%00%(upstream:track)%00%(upstream:remotename)%00%(upstream:remoteref) refs/heads/Vinicius refs/remotes/Vinicius [5ms]
2023-11-20 19:17:47.609 [info] > git status -z -uall [175ms]
2023-11-20 19:17:52.686 [info] > git config --get commit.template [8ms]
2023-11-20 19:17:52.690 [info] > git for-each-ref --format=%(refname)%00%(upstream:short)%00%(objectname)%00%(upstream:track)%00%(upstream:remotename)%00%(upstream:remoteref) refs/heads/Vinicius refs/remotes/Vinicius [5ms]
2023-11-20 19:17:52.811 [info] > git status -z -uall [113ms]
2023-11-20 19:17:57.883 [info] > git config --get commit.template [8ms]
2023-11-20 19:17:57.887 [info] > git for-each-ref --format=%(refname)%00%(upstream:short)%00%(objectname)%00%(upstream:track)%00%(upstream:remotename)%00%(upstream:remoteref) refs/heads/Vinicius refs/remotes/Vinicius [4ms]
2023-11-20 19:17:58.075 [info] > git status -z -uall [182ms]
2023-11-20 19:18:03.151 [info] > git config --get commit.template [23ms]
2023-11-20 19:18:03.154 [info] > git for-each-ref --format=%(refname)%00%(upstream:short)%00%(objectname)%00%(upstream:track)%00%(upstream:remotename)%00%(upstream:remoteref) refs/heads/Vinicius refs/remotes/Vinicius [17ms]
2023-11-20 19:18:03.478 [info] > git status -z -uall [316ms]
2023-11-20 19:18:08.552 [info] > git config --get commit.template [13ms]
2023-11-20 19:18:08.555 [info] > git for-each-ref --format=%(refname)%00%(upstream:short)%00%(objectname)%00%(upstream:track)%00%(upstream:remotename)%00%(upstream:remoteref) refs/heads/Vinicius refs/remotes/Vinicius [5ms]
2023-11-20 19:18:08.680 [info] > git status -z -uall [118ms]
2023-11-20 19:18:13.764 [info] > git config --get commit.template [21ms]
2023-11-20 19:18:13.766 [info] > git for-each-ref --format=%(refname)%00%(upstream:short)%00%(objectname)%00%(upstream:track)%00%(upstream:remotename)%00%(upstream:remoteref) refs/heads/Vinicius refs/remotes/Vinicius [3ms]
2023-11-20 19:18:13.903 [info] > git status -z -uall [117ms]
2023-11-20 19:18:18.966 [info] > git config --get commit.template [8ms]
2023-11-20 19:18:18.970 [info] > git for-each-ref --format=%(refname)%00%(upstream:short)%00%(objectname)%00%(upstream:track)%00%(upstream:remotename)%00%(upstream:remoteref) refs/heads/Vinicius refs/remotes/Vinicius [4ms]
2023-11-20 19:18:19.170 [info] > git status -z -uall [194ms]
2023-11-20 19:18:24.251 [info] > git config --get commit.template [8ms]
2023-11-20 19:18:24.253 [info] > git for-each-ref --format=%(refname)%00%(upstream:short)%00%(objectname)%00%(upstream:track)%00%(upstream:remotename)%00%(upstream:remoteref) refs/heads/Vinicius refs/remotes/Vinicius [3ms]
2023-11-20 19:18:24.426 [info] > git status -z -uall [166ms]
2023-11-20 19:18:29.473 [info] > git config --get commit.template [7ms]
2023-11-20 19:18:29.476 [info] > git for-each-ref --format=%(refname)%00%(upstream:short)%00%(objectname)%00%(upstream:track)%00%(upstream:remotename)%00%(upstream:remoteref) refs/heads/Vinicius refs/remotes/Vinicius [5ms]
2023-11-20 19:18:29.583 [info] > git status -z -uall [101ms]
2023-11-20 19:18:34.646 [info] > git config --get commit.template [10ms]
2023-11-20 19:18:34.648 [info] > git for-each-ref --format=%(refname)%00%(upstream:short)%00%(objectname)%00%(upstream:track)%00%(upstream:remotename)%00%(upstream:remoteref) refs/heads/Vinicius refs/remotes/Vinicius [3ms]
2023-11-20 19:18:34.720 [info] > git status -z -uall [66ms]
2023-11-20 19:18:39.785 [info] > git config --get commit.template [9ms]
2023-11-20 19:18:39.788 [info] > git for-each-ref --format=%(refname)%00%(upstream:short)%00%(objectname)%00%(upstream:track)%00%(upstream:remotename)%00%(upstream:remoteref) refs/heads/Vinicius refs/remotes/Vinicius [8ms]
2023-11-20 19:18:39.867 [info] > git status -z -uall [72ms]
2023-11-20 19:18:44.925 [info] > git config --get commit.template [7ms]
2023-11-20 19:18:44.927 [info] > git for-each-ref --format=%(refname)%00%(upstream:short)%00%(objectname)%00%(upstream:track)%00%(upstream:remotename)%00%(upstream:remoteref) refs/heads/Vinicius refs/remotes/Vinicius [4ms]
2023-11-20 19:18:44.996 [info] > git status -z -uall [64ms]
2023-11-20 19:18:50.055 [info] > git config --get commit.template [8ms]
2023-11-20 19:18:50.058 [info] > git for-each-ref --format=%(refname)%00%(upstream:short)%00%(objectname)%00%(upstream:track)%00%(upstream:remotename)%00%(upstream:remoteref) refs/heads/Vinicius refs/remotes/Vinicius [4ms]
2023-11-20 19:18:50.123 [info] > git status -z -uall [59ms]
2023-11-20 19:18:55.172 [info] > git config --get commit.template [8ms]
2023-11-20 19:18:55.174 [info] > git for-each-ref --format=%(refname)%00%(upstream:short)%00%(objectname)%00%(upstream:track)%00%(upstream:remotename)%00%(upstream:remoteref) refs/heads/Vinicius refs/remotes/Vinicius [3ms]
2023-11-20 19:18:55.276 [info] > git status -z -uall [97ms]
2023-11-20 19:19:00.342 [info] > git config --get commit.template [8ms]
2023-11-20 19:19:00.348 [info] > git for-each-ref --format=%(refname)%00%(upstream:short)%00%(objectname)%00%(upstream:track)%00%(upstream:remotename)%00%(upstream:remoteref) refs/heads/Vinicius refs/remotes/Vinicius [7ms]
2023-11-20 19:19:00.546 [info] > git ls-files --stage -- /var/www/clients/client2/web2/web/sistema/adsgrupo06/CodeIgniter/app/Controllers/SalasEditar.php [19ms]
2023-11-20 19:19:00.579 [info] > git cat-file -s 81dd6c3af5bbb4f1377f8671895857e799838000 [14ms]
2023-11-20 19:19:00.595 [info] > git status -z -uall [240ms]
2023-11-20 19:19:00.786 [info] > git show --textconv :CodeIgniter/app/Controllers/SalasEditar.php [5ms]
2023-11-20 19:19:05.649 [info] > git config --get commit.template [8ms]
2023-11-20 19:19:05.653 [info] > git for-each-ref --format=%(refname)%00%(upstream:short)%00%(objectname)%00%(upstream:track)%00%(upstream:remotename)%00%(upstream:remoteref) refs/heads/Vinicius refs/remotes/Vinicius [5ms]
2023-11-20 19:19:05.726 [info] > git status -z -uall [66ms]
2023-11-20 19:19:10.747 [info] > git config --get commit.template [8ms]
2023-11-20 19:19:10.749 [info] > git for-each-ref --format=%(refname)%00%(upstream:short)%00%(objectname)%00%(upstream:track)%00%(upstream:remotename)%00%(upstream:remoteref) refs/heads/Vinicius refs/remotes/Vinicius [3ms]
2023-11-20 19:19:10.826 [info] > git status -z -uall [69ms]
2023-11-20 19:19:15.844 [info] > git config --get commit.template [8ms]
2023-11-20 19:19:15.847 [info] > git for-each-ref --format=%(refname)%00%(upstream:short)%00%(objectname)%00%(upstream:track)%00%(upstream:remotename)%00%(upstream:remoteref) refs/heads/Vinicius refs/remotes/Vinicius [4ms]
2023-11-20 19:19:15.904 [info] > git status -z -uall [52ms]
2023-11-20 19:19:20.923 [info] > git config --get commit.template [8ms]
2023-11-20 19:19:20.926 [info] > git for-each-ref --format=%(refname)%00%(upstream:short)%00%(objectname)%00%(upstream:track)%00%(upstream:remotename)%00%(upstream:remoteref) refs/heads/Vinicius refs/remotes/Vinicius [3ms]
2023-11-20 19:19:20.974 [info] > git status -z -uall [43ms]
2023-11-20 19:19:25.990 [info] > git config --get commit.template [7ms]
2023-11-20 19:19:25.993 [info] > git for-each-ref --format=%(refname)%00%(upstream:short)%00%(objectname)%00%(upstream:track)%00%(upstream:remotename)%00%(upstream:remoteref) refs/heads/Vinicius refs/remotes/Vinicius [3ms]
2023-11-20 19:19:26.043 [info] > git status -z -uall [46ms]
2023-11-20 19:19:31.061 [info] > git config --get commit.template [6ms]
2023-11-20 19:19:31.063 [info] > git for-each-ref --format=%(refname)%00%(upstream:short)%00%(objectname)%00%(upstream:track)%00%(upstream:remotename)%00%(upstream:remoteref) refs/heads/Vinicius refs/remotes/Vinicius [3ms]
2023-11-20 19:19:31.120 [info] > git status -z -uall [51ms]
2023-11-20 19:19:36.140 [info] > git config --get commit.template [8ms]
2023-11-20 19:19:36.142 [info] > git for-each-ref --format=%(refname)%00%(upstream:short)%00%(objectname)%00%(upstream:track)%00%(upstream:remotename)%00%(upstream:remoteref) refs/heads/Vinicius refs/remotes/Vinicius [3ms]
2023-11-20 19:19:36.201 [info] > git status -z -uall [53ms]
2023-11-20 19:19:41.218 [info] > git config --get commit.template [8ms]
2023-11-20 19:19:41.220 [info] > git for-each-ref --format=%(refname)%00%(upstream:short)%00%(objectname)%00%(upstream:track)%00%(upstream:remotename)%00%(upstream:remoteref) refs/heads/Vinicius refs/remotes/Vinicius [3ms]
2023-11-20 19:19:41.285 [info] > git status -z -uall [60ms]
2023-11-20 19:19:46.324 [info] > git config --get commit.template [19ms]
2023-11-20 19:19:46.329 [info] > git for-each-ref --format=%(refname)%00%(upstream:short)%00%(objectname)%00%(upstream:track)%00%(upstream:remotename)%00%(upstream:remoteref) refs/heads/Vinicius refs/remotes/Vinicius [6ms]
2023-11-20 19:19:46.509 [info] > git status -z -uall [166ms]
2023-11-20 19:19:51.527 [info] > git config --get commit.template [9ms]
2023-11-20 19:19:51.530 [info] > git for-each-ref --format=%(refname)%00%(upstream:short)%00%(objectname)%00%(upstream:track)%00%(upstream:remotename)%00%(upstream:remoteref) refs/heads/Vinicius refs/remotes/Vinicius [4ms]
2023-11-20 19:19:51.599 [info] > git status -z -uall [63ms]
2023-11-20 19:19:56.614 [info] > git config --get commit.template [7ms]
2023-11-20 19:19:56.616 [info] > git for-each-ref --format=%(refname)%00%(upstream:short)%00%(objectname)%00%(upstream:track)%00%(upstream:remotename)%00%(upstream:remoteref) refs/heads/Vinicius refs/remotes/Vinicius [3ms]
2023-11-20 19:19:56.668 [info] > git status -z -uall [48ms]
2023-11-20 19:19:59.799 [info] > git for-each-ref --sort -committerdate --format %(refname) %(objectname) %(*objectname) [3ms]
2023-11-20 19:20:01.688 [info] > git config --get commit.template [9ms]
2023-11-20 19:20:01.691 [info] > git for-each-ref --format=%(refname)%00%(upstream:short)%00%(objectname)%00%(upstream:track)%00%(upstream:remotename)%00%(upstream:remoteref) refs/heads/Vinicius refs/remotes/Vinicius [4ms]
2023-11-20 19:20:01.745 [info] > git status -z -uall [46ms]
2023-11-20 19:20:06.768 [info] > git config --get commit.template [9ms]
2023-11-20 19:20:06.770 [info] > git for-each-ref --format=%(refname)%00%(upstream:short)%00%(objectname)%00%(upstream:track)%00%(upstream:remotename)%00%(upstream:remoteref) refs/heads/Vinicius refs/remotes/Vinicius [4ms]
2023-11-20 19:20:06.943 [info] > git status -z -uall [169ms]
2023-11-20 19:20:11.971 [info] > git config --get commit.template [11ms]
2023-11-20 19:20:11.975 [info] > git for-each-ref --format=%(refname)%00%(upstream:short)%00%(objectname)%00%(upstream:track)%00%(upstream:remotename)%00%(upstream:remoteref) refs/heads/Vinicius refs/remotes/Vinicius [5ms]
2023-11-20 19:20:12.071 [info] > git status -z -uall [88ms]
2023-11-20 19:21:15.040 [info] > git config --get commit.template [24ms]
2023-11-20 19:21:15.055 [info] > git for-each-ref --format=%(refname)%00%(upstream:short)%00%(objectname)%00%(upstream:track)%00%(upstream:remotename)%00%(upstream:remoteref) refs/heads/Vinicius refs/remotes/Vinicius [31ms]
2023-11-20 19:21:15.137 [info] > git status -z -uall [75ms]
2023-11-20 19:21:20.159 [info] > git config --get commit.template [9ms]
2023-11-20 19:21:20.163 [info] > git for-each-ref --format=%(refname)%00%(upstream:short)%00%(objectname)%00%(upstream:track)%00%(upstream:remotename)%00%(upstream:remoteref) refs/heads/Vinicius refs/remotes/Vinicius [4ms]
2023-11-20 19:21:20.254 [info] > git status -z -uall [77ms]
2023-11-20 19:21:25.284 [info] > git config --get commit.template [7ms]
2023-11-20 19:21:25.286 [info] > git for-each-ref --format=%(refname)%00%(upstream:short)%00%(objectname)%00%(upstream:track)%00%(upstream:remotename)%00%(upstream:remoteref) refs/heads/Vinicius refs/remotes/Vinicius [3ms]
2023-11-20 19:21:25.360 [info] > git status -z -uall [70ms]
2023-11-20 19:21:30.376 [info] > git config --get commit.template [6ms]
2023-11-20 19:21:30.378 [info] > git for-each-ref --format=%(refname)%00%(upstream:short)%00%(objectname)%00%(upstream:track)%00%(upstream:remotename)%00%(upstream:remoteref) refs/heads/Vinicius refs/remotes/Vinicius [2ms]
2023-11-20 19:21:30.433 [info] > git status -z -uall [50ms]
2023-11-20 19:21:42.782 [info] > git config --get commit.template [6ms]
2023-11-20 19:21:42.785 [info] > git for-each-ref --format=%(refname)%00%(upstream:short)%00%(objectname)%00%(upstream:track)%00%(upstream:remotename)%00%(upstream:remoteref) refs/heads/Vinicius refs/remotes/Vinicius [3ms]
2023-11-20 19:21:42.840 [info] > git status -z -uall [50ms]
2023-11-20 19:21:47.855 [info] > git config --get commit.template [6ms]
2023-11-20 19:21:47.857 [info] > git for-each-ref --format=%(refname)%00%(upstream:short)%00%(objectname)%00%(upstream:track)%00%(upstream:remotename)%00%(upstream:remoteref) refs/heads/Vinicius refs/remotes/Vinicius [3ms]
2023-11-20 19:21:47.909 [info] > git status -z -uall [48ms]
2023-11-20 19:22:38.679 [info] > git config --get commit.template [6ms]
2023-11-20 19:22:38.681 [info] > git for-each-ref --format=%(refname)%00%(upstream:short)%00%(objectname)%00%(upstream:track)%00%(upstream:remotename)%00%(upstream:remoteref) refs/heads/Vinicius refs/remotes/Vinicius [3ms]
2023-11-20 19:22:38.740 [info] > git status -z -uall [56ms]
2023-11-20 19:23:04.672 [info] > git config --get commit.template [8ms]
2023-11-20 19:23:04.675 [info] > git for-each-ref --format=%(refname)%00%(upstream:short)%00%(objectname)%00%(upstream:track)%00%(upstream:remotename)%00%(upstream:remoteref) refs/heads/Vinicius refs/remotes/Vinicius [4ms]
2023-11-20 19:23:04.752 [info] > git status -z -uall [70ms]
2023-11-20 19:23:09.768 [info] > git config --get commit.template [6ms]
2023-11-20 19:23:09.770 [info] > git for-each-ref --format=%(refname)%00%(upstream:short)%00%(objectname)%00%(upstream:track)%00%(upstream:remotename)%00%(upstream:remoteref) refs/heads/Vinicius refs/remotes/Vinicius [3ms]
2023-11-20 19:23:09.831 [info] > git status -z -uall [56ms]
2023-11-20 19:23:14.849 [info] > git config --get commit.template [7ms]
2023-11-20 19:23:14.851 [info] > git for-each-ref --format=%(refname)%00%(upstream:short)%00%(objectname)%00%(upstream:track)%00%(upstream:remotename)%00%(upstream:remoteref) refs/heads/Vinicius refs/remotes/Vinicius [3ms]
2023-11-20 19:23:14.907 [info] > git status -z -uall [52ms]
2023-11-20 19:23:19.925 [info] > git config --get commit.template [7ms]
2023-11-20 19:23:19.927 [info] > git for-each-ref --format=%(refname)%00%(upstream:short)%00%(objectname)%00%(upstream:track)%00%(upstream:remotename)%00%(upstream:remoteref) refs/heads/Vinicius refs/remotes/Vinicius [3ms]
2023-11-20 19:23:19.976 [info] > git status -z -uall [45ms]
2023-11-20 19:23:20.468 [info] > git ls-files --stage -- /var/www/clients/client2/web2/web/sistema/adsgrupo06/CodeIgniter/app/Controllers/SalasEditar.php [5ms]
2023-11-20 19:23:20.478 [info] > git cat-file -s 81dd6c3af5bbb4f1377f8671895857e799838000 [3ms]
2023-11-20 19:23:20.712 [info] > git show --textconv :CodeIgniter/app/Controllers/SalasEditar.php [10ms]
2023-11-20 19:23:24.993 [info] > git config --get commit.template [7ms]
2023-11-20 19:23:24.996 [info] > git for-each-ref --format=%(refname)%00%(upstream:short)%00%(objectname)%00%(upstream:track)%00%(upstream:remotename)%00%(upstream:remoteref) refs/heads/Vinicius refs/remotes/Vinicius [3ms]
2023-11-20 19:23:25.058 [info] > git status -z -uall [55ms]
2023-11-20 19:23:30.075 [info] > git config --get commit.template [8ms]
2023-11-20 19:23:30.077 [info] > git for-each-ref --format=%(refname)%00%(upstream:short)%00%(objectname)%00%(upstream:track)%00%(upstream:remotename)%00%(upstream:remoteref) refs/heads/Vinicius refs/remotes/Vinicius [3ms]
2023-11-20 19:23:30.127 [info] > git status -z -uall [44ms]
2023-11-20 19:24:22.196 [info] > git config --get commit.template [7ms]
2023-11-20 19:24:22.203 [info] > git for-each-ref --format=%(refname)%00%(upstream:short)%00%(objectname)%00%(upstream:track)%00%(upstream:remotename)%00%(upstream:remoteref) refs/heads/Vinicius refs/remotes/Vinicius [7ms]
2023-11-20 19:24:22.271 [info] > git status -z -uall [62ms]
2023-11-20 19:24:25.806 [info] > git ls-files --stage -- /var/www/clients/client2/web2/web/sistema/adsgrupo06/CodeIgniter/app/Controllers/SalasEditar.php [5ms]
2023-11-20 19:24:25.814 [info] > git cat-file -s 81dd6c3af5bbb4f1377f8671895857e799838000 [2ms]
2023-11-20 19:24:26.022 [info] > git show --textconv :CodeIgniter/app/Controllers/SalasEditar.php [5ms]
2023-11-20 19:24:27.287 [info] > git config --get commit.template [7ms]
2023-11-20 19:24:27.289 [info] > git for-each-ref --format=%(refname)%00%(upstream:short)%00%(objectname)%00%(upstream:track)%00%(upstream:remotename)%00%(upstream:remoteref) refs/heads/Vinicius refs/remotes/Vinicius [3ms]
2023-11-20 19:24:27.352 [info] > git status -z -uall [59ms]
2023-11-20 19:24:32.376 [info] > git config --get commit.template [14ms]
2023-11-20 19:24:32.383 [info] > git for-each-ref --format=%(refname)%00%(upstream:short)%00%(objectname)%00%(upstream:track)%00%(upstream:remotename)%00%(upstream:remoteref) refs/heads/Vinicius refs/remotes/Vinicius [8ms]
2023-11-20 19:24:32.441 [info] > git status -z -uall [49ms]
2023-11-20 19:24:37.459 [info] > git config --get commit.template [6ms]
2023-11-20 19:24:37.461 [info] > git for-each-ref --format=%(refname)%00%(upstream:short)%00%(objectname)%00%(upstream:track)%00%(upstream:remotename)%00%(upstream:remoteref) refs/heads/Vinicius refs/remotes/Vinicius [3ms]
2023-11-20 19:24:37.511 [info] > git status -z -uall [46ms]
2023-11-20 19:24:42.530 [info] > git config --get commit.template [9ms]
2023-11-20 19:24:42.533 [info] > git for-each-ref --format=%(refname)%00%(upstream:short)%00%(objectname)%00%(upstream:track)%00%(upstream:remotename)%00%(upstream:remoteref) refs/heads/Vinicius refs/remotes/Vinicius [4ms]
2023-11-20 19:24:42.599 [info] > git status -z -uall [59ms]
2023-11-20 19:24:47.616 [info] > git config --get commit.template [6ms]
2023-11-20 19:24:47.618 [info] > git for-each-ref --format=%(refname)%00%(upstream:short)%00%(objectname)%00%(upstream:track)%00%(upstream:remotename)%00%(upstream:remoteref) refs/heads/Vinicius refs/remotes/Vinicius [3ms]
2023-11-20 19:24:47.666 [info] > git status -z -uall [43ms]
2023-11-20 19:24:50.849 [info] > git ls-files --stage -- /var/www/clients/client2/web2/web/sistema/adsgrupo06/CodeIgniter/app/Controllers/SalasEditar.php [4ms]
2023-11-20 19:24:50.857 [info] > git cat-file -s 81dd6c3af5bbb4f1377f8671895857e799838000 [3ms]
2023-11-20 19:24:51.064 [info] > git show --textconv :CodeIgniter/app/Controllers/SalasEditar.php [5ms]
2023-11-20 19:24:52.692 [info] > git config --get commit.template [12ms]
2023-11-20 19:24:52.696 [info] > git for-each-ref --format=%(refname)%00%(upstream:short)%00%(objectname)%00%(upstream:track)%00%(upstream:remotename)%00%(upstream:remoteref) refs/heads/main refs/remotes/main [5ms]
2023-11-20 19:24:52.759 [info] > git status -z -uall [56ms]
2023-11-20 19:24:55.663 [info] > git ls-files --stage -- /var/www/clients/client2/web2/web/sistema/adsgrupo06/CodeIgniter/app/Controllers/SalasEditar.php [5ms]
2023-11-20 19:24:55.671 [info] > git cat-file -s 81dd6c3af5bbb4f1377f8671895857e799838000 [2ms]
2023-11-20 19:24:55.878 [info] > git show --textconv :CodeIgniter/app/Controllers/SalasEditar.php [5ms]
2023-11-20 19:24:57.788 [info] > git config --get commit.template [11ms]
2023-11-20 19:24:57.791 [info] > git for-each-ref --format=%(refname)%00%(upstream:short)%00%(objectname)%00%(upstream:track)%00%(upstream:remotename)%00%(upstream:remoteref) refs/heads/main refs/remotes/main [4ms]
2023-11-20 19:24:57.866 [info] > git status -z -uall [64ms]
2023-11-20 19:25:02.956 [info] > git config --get commit.template [26ms]
2023-11-20 19:25:02.959 [info] > git for-each-ref --format=%(refname)%00%(upstream:short)%00%(objectname)%00%(upstream:track)%00%(upstream:remotename)%00%(upstream:remoteref) refs/heads/main refs/remotes/main [18ms]
2023-11-20 19:25:03.414 [info] > git status -z -uall [423ms]
2023-11-20 19:25:08.479 [info] > git config --get commit.template [25ms]
2023-11-20 19:25:08.497 [info] > git for-each-ref --format=%(refname)%00%(upstream:short)%00%(objectname)%00%(upstream:track)%00%(upstream:remotename)%00%(upstream:remoteref) refs/heads/main refs/remotes/main [29ms]
2023-11-20 19:25:08.748 [info] > git status -z -uall [230ms]
2023-11-20 19:25:13.776 [info] > git config --get commit.template [14ms]
2023-11-20 19:25:13.783 [info] > git for-each-ref --format=%(refname)%00%(upstream:short)%00%(objectname)%00%(upstream:track)%00%(upstream:remotename)%00%(upstream:remoteref) refs/heads/main refs/remotes/main [5ms]
2023-11-20 19:25:13.877 [info] > git status -z -uall [88ms]
2023-11-20 19:25:18.328 [info] > git ls-files --stage -- /var/www/clients/client2/web2/web/sistema/adsgrupo06/CodeIgniter/app/Controllers/SalasEditar.php [7ms]
2023-11-20 19:25:18.336 [info] > git cat-file -s 81dd6c3af5bbb4f1377f8671895857e799838000 [3ms]
2023-11-20 19:25:18.542 [info] > git show --textconv :CodeIgniter/app/Controllers/SalasEditar.php [4ms]
2023-11-20 19:25:18.894 [info] > git config --get commit.template [7ms]
2023-11-20 19:25:18.898 [info] > git for-each-ref --format=%(refname)%00%(upstream:short)%00%(objectname)%00%(upstream:track)%00%(upstream:remotename)%00%(upstream:remoteref) refs/heads/main refs/remotes/main [5ms]
2023-11-20 19:25:18.984 [info] > git status -z -uall [79ms]
2023-11-20 19:25:24.032 [info] > git config --get commit.template [9ms]
2023-11-20 19:25:24.034 [info] > git for-each-ref --format=%(refname)%00%(upstream:short)%00%(objectname)%00%(upstream:track)%00%(upstream:remotename)%00%(upstream:remoteref) refs/heads/main refs/remotes/main [3ms]
2023-11-20 19:25:24.127 [info] > git status -z -uall [87ms]
2023-11-20 19:25:29.143 [info] > git config --get commit.template [6ms]
2023-11-20 19:25:29.149 [info] > git for-each-ref --format=%(refname)%00%(upstream:short)%00%(objectname)%00%(upstream:track)%00%(upstream:remotename)%00%(upstream:remoteref) refs/heads/main refs/remotes/main [7ms]
2023-11-20 19:25:29.243 [info] > git status -z -uall [89ms]
2023-11-20 19:25:34.295 [info] > git config --get commit.template [25ms]
2023-11-20 19:25:34.305 [info] > git for-each-ref --format=%(refname)%00%(upstream:short)%00%(objectname)%00%(upstream:track)%00%(upstream:remotename)%00%(upstream:remoteref) refs/heads/main refs/remotes/main [12ms]
2023-11-20 19:25:34.441 [info] > git status -z -uall [130ms]
2023-11-20 19:25:39.462 [info] > git config --get commit.template [8ms]
2023-11-20 19:25:39.467 [info] > git for-each-ref --format=%(refname)%00%(upstream:short)%00%(objectname)%00%(upstream:track)%00%(upstream:remotename)%00%(upstream:remoteref) refs/heads/main refs/remotes/main [8ms]
2023-11-20 19:25:39.682 [info] > git status -z -uall [208ms]
2023-11-20 19:25:44.702 [info] > git config --get commit.template [8ms]
2023-11-20 19:25:44.706 [info] > git for-each-ref --format=%(refname)%00%(upstream:short)%00%(objectname)%00%(upstream:track)%00%(upstream:remotename)%00%(upstream:remoteref) refs/heads/main refs/remotes/main [6ms]
2023-11-20 19:25:44.796 [info] > git status -z -uall [83ms]
2023-11-20 19:25:49.824 [info] > git config --get commit.template [11ms]
2023-11-20 19:25:49.829 [info] > git for-each-ref --format=%(refname)%00%(upstream:short)%00%(objectname)%00%(upstream:track)%00%(upstream:remotename)%00%(upstream:remoteref) refs/heads/main refs/remotes/main [6ms]
2023-11-20 19:25:49.921 [info] > git status -z -uall [86ms]
2023-11-20 19:25:54.939 [info] > git config --get commit.template [8ms]
2023-11-20 19:25:54.942 [info] > git for-each-ref --format=%(refname)%00%(upstream:short)%00%(objectname)%00%(upstream:track)%00%(upstream:remotename)%00%(upstream:remoteref) refs/heads/main refs/remotes/main [4ms]
2023-11-20 19:25:55.010 [info] > git status -z -uall [64ms]
2023-11-20 19:26:00.046 [info] > git for-each-ref --format=%(refname)%00%(upstream:short)%00%(objectname)%00%(upstream:track)%00%(upstream:remotename)%00%(upstream:remoteref) refs/heads/main refs/remotes/main [1ms]
2023-11-20 19:26:00.047 [info] > git config --get commit.template [18ms]
2023-11-20 19:26:00.119 [info] > git status -z -uall [67ms]
2023-11-20 19:27:35.170 [info] > git config --get commit.template [16ms]
2023-11-20 19:27:35.173 [info] > git for-each-ref --format=%(refname)%00%(upstream:short)%00%(objectname)%00%(upstream:track)%00%(upstream:remotename)%00%(upstream:remoteref) refs/heads/main refs/remotes/main [13ms]
2023-11-20 19:27:35.354 [info] > git status -z -uall [177ms]
2023-11-20 19:27:40.383 [info] > git config --get commit.template [8ms]
2023-11-20 19:27:40.386 [info] > git for-each-ref --format=%(refname)%00%(upstream:short)%00%(objectname)%00%(upstream:track)%00%(upstream:remotename)%00%(upstream:remoteref) refs/heads/main refs/remotes/main [4ms]
2023-11-20 19:27:40.576 [info] > git status -z -uall [185ms]
2023-11-20 19:27:45.596 [info] > git config --get commit.template [12ms]
2023-11-20 19:27:45.615 [info] > git for-each-ref --format=%(refname)%00%(upstream:short)%00%(objectname)%00%(upstream:track)%00%(upstream:remotename)%00%(upstream:remoteref) refs/heads/main refs/remotes/main [20ms]
2023-11-20 19:27:45.698 [info] > git status -z -uall [77ms]
2023-11-20 19:29:25.303 [info] > git config --get commit.template [16ms]
2023-11-20 19:29:25.308 [info] > git for-each-ref --format=%(refname)%00%(upstream:short)%00%(objectname)%00%(upstream:track)%00%(upstream:remotename)%00%(upstream:remoteref) refs/heads/main refs/remotes/main [15ms]
2023-11-20 19:29:25.409 [info] > git status -z -uall [96ms]
2023-11-20 19:29:30.425 [info] > git config --get commit.template [7ms]
2023-11-20 19:29:30.427 [info] > git for-each-ref --format=%(refname)%00%(upstream:short)%00%(objectname)%00%(upstream:track)%00%(upstream:remotename)%00%(upstream:remoteref) refs/heads/main refs/remotes/main [3ms]
2023-11-20 19:29:30.484 [info] > git status -z -uall [53ms]
2023-11-20 19:29:35.503 [info] > git config --get commit.template [7ms]
2023-11-20 19:29:35.506 [info] > git for-each-ref --format=%(refname)%00%(upstream:short)%00%(objectname)%00%(upstream:track)%00%(upstream:remotename)%00%(upstream:remoteref) refs/heads/main refs/remotes/main [4ms]
2023-11-20 19:29:35.568 [info] > git status -z -uall [56ms]
2023-11-20 19:29:40.582 [info] > git config --get commit.template [6ms]
2023-11-20 19:29:40.584 [info] > git for-each-ref --format=%(refname)%00%(upstream:short)%00%(objectname)%00%(upstream:track)%00%(upstream:remotename)%00%(upstream:remoteref) refs/heads/main refs/remotes/main [3ms]
2023-11-20 19:29:40.640 [info] > git status -z -uall [52ms]
2023-11-20 19:30:54.896 [info] > git config --get commit.template [17ms]
2023-11-20 19:30:54.900 [info] > git for-each-ref --format=%(refname)%00%(upstream:short)%00%(objectname)%00%(upstream:track)%00%(upstream:remotename)%00%(upstream:remoteref) refs/heads/main refs/remotes/main [15ms]
2023-11-20 19:30:55.032 [info] > git status -z -uall [125ms]
2023-11-20 19:39:53.610 [info] > git config --get commit.template [14ms]
2023-11-20 19:39:53.616 [info] > git for-each-ref --format=%(refname)%00%(upstream:short)%00%(objectname)%00%(upstream:track)%00%(upstream:remotename)%00%(upstream:remoteref) refs/heads/main refs/remotes/main [12ms]
2023-11-20 19:39:53.747 [info] > git status -z -uall [126ms]
