[Info  - 9:43:16 PM] Initialising intelephense 1.10.1
[Info  - 9:43:18 PM] Reading state from /var/www/clients/client2/web2/web/sistema/adsgrupo06/.vscode-server/data/User/workspaceStorage/9b3cef0c395bd085f4695430ae95afb4/bmewburn.vscode-intelephense-client/2c48acd2.
[Info  - 9:43:19 PM] Initialised in 3084 ms
[Info  - 9:43:20 PM] Searching file:///var/www/clients/client2/web2/web/sistema/adsgrupo06/.vscode-server/extensions/bmewburn.vscode-intelephense-client-1.10.1/node_modules/intelephense/lib/stub for files to index.
[Info  - 9:43:20 PM] Searching file:///var/www/clients/client2/web2/web/sistema/adsgrupo06 for files to index.
[Warn  - 9:43:22 PM] file:///var/www/clients/client2/web2/web/sistema/adsgrupo06/ProgWeb_g6.erro/vendor/fakerphp/faker/src/Faker/Provider/nl_BE/Text.php is over the maximum file size of 1000000 bytes.
[Info  - 9:43:22 PM] Indexing started.
[Info  - 9:43:22 PM] Indexing ended. 66 files indexed in 0s.
[Info  - 9:43:22 PM] Writing state to /var/www/clients/client2/web2/web/sistema/adsgrupo06/.vscode-server/data/User/workspaceStorage/9b3cef0c395bd085f4695430ae95afb4/bmewburn.vscode-intelephense-client/2c48acd2.
[Info  - 9:43:25 PM] Wrote state in 2.7s.
[Info  - 9:45:45 PM] Indexing started.
[Info  - 9:45:46 PM] Indexing ended. 1 files indexed in 0s.
[Info  - 9:45:49 PM] Indexing started.
[Info  - 9:45:50 PM] Indexing ended. 1 files indexed in 0s.
[Info  - 9:45:54 PM] Indexing started.
[Info  - 9:45:54 PM] Indexing ended. 1 files indexed in 0s.
[Info  - 9:45:56 PM] Indexing started.
[Info  - 9:45:56 PM] Indexing ended. 1 files indexed in 0s.
[Info  - 9:46:06 PM] Indexing started.
[Info  - 9:46:06 PM] Indexing ended. 1 files indexed in 0s.
[Info  - 9:46:18 PM] Indexing started.
[Info  - 9:46:19 PM] Indexing ended. 1 files indexed in 0s.
[Info  - 9:46:21 PM] Indexing started.
[Info  - 9:46:21 PM] Indexing ended. 2 files indexed in 0s.
[Info  - 9:46:30 PM] Indexing started.
[Info  - 9:46:30 PM] Indexing ended. 1 files indexed in 0s.
[Info  - 9:46:34 PM] Indexing started.
[Info  - 9:46:34 PM] Indexing ended. 1 files indexed in 0s.
[Info  - 9:46:43 PM] Indexing started.
[Info  - 9:46:43 PM] Indexing ended. 1 files indexed in 0s.
[Info  - 9:47:29 PM] Indexing started.
[Info  - 9:47:30 PM] Indexing ended. 1 files indexed in 0s.
[Info  - 9:48:07 PM] Indexing started.
[Info  - 9:48:07 PM] Indexing ended. 1 files indexed in 0s.
[Info  - 9:48:14 PM] Indexing started.
[Info  - 9:48:14 PM] Indexing ended. 1 files indexed in 0s.
[Info  - 9:48:31 PM] Indexing started.
[Info  - 9:48:31 PM] Indexing ended. 1 files indexed in 0s.
[Info  - 9:48:32 PM] Indexing started.
[Info  - 9:48:32 PM] Indexing ended. 1 files indexed in 0s.
[Info  - 9:48:38 PM] Indexing started.
[Info  - 9:48:39 PM] Indexing ended. 1 files indexed in 0s.
[Info  - 9:48:41 PM] Indexing started.
[Info  - 9:48:41 PM] Indexing ended. 1 files indexed in 0s.
[Info  - 9:48:49 PM] Indexing started.
[Info  - 9:48:50 PM] Indexing ended. 1 files indexed in 0s.
[Info  - 9:48:51 PM] Indexing started.
[Info  - 9:48:51 PM] Indexing ended. 1 files indexed in 0s.
[Info  - 9:49:01 PM] Indexing started.
[Info  - 9:49:01 PM] Indexing ended. 1 files indexed in 0s.
[Info  - 9:49:17 PM] Indexing started.
[Info  - 9:49:17 PM] Indexing ended. 1 files indexed in 0s.
[Info  - 9:49:41 PM] Indexing started.
[Info  - 9:49:41 PM] Indexing ended. 1 files indexed in 0s.
[Info  - 9:49:42 PM] Indexing started.
[Info  - 9:49:42 PM] Indexing ended. 1 files indexed in 0s.
