2023-10-25 01:30:19.433 [info] Log level: Info
2023-10-25 01:30:19.433 [info] Validating found git in: "git"
2023-10-25 01:30:19.433 [info] Using git "2.20.1" from "git"
2023-10-25 01:30:19.433 [info] > git rev-parse --show-toplevel [7ms]
2023-10-25 01:30:19.433 [info] fatal: not a git repository (or any of the parent directories): .git
2023-10-25 01:30:19.433 [info] > git rev-parse --show-toplevel [2ms]
2023-10-25 01:30:19.433 [info] fatal: not a git repository (or any of the parent directories): .git
2023-10-25 01:30:19.433 [info] > git rev-parse --show-toplevel [3ms]
2023-10-25 01:30:19.433 [info] fatal: not a git repository (or any of the parent directories): .git
2023-10-25 01:30:19.433 [info] > git rev-parse --show-toplevel [2ms]
2023-10-25 01:30:19.433 [info] fatal: not a git repository (or any of the parent directories): .git
2023-10-25 01:30:19.433 [info] > git rev-parse --show-toplevel [2ms]
2023-10-25 01:30:19.433 [info] fatal: not a git repository (or any of the parent directories): .git
2023-10-25 01:30:19.433 [info] > git rev-parse --show-toplevel [2ms]
2023-10-25 01:30:19.433 [info] fatal: not a git repository (or any of the parent directories): .git
2023-10-25 01:30:19.433 [info] > git rev-parse --show-toplevel [2ms]
2023-10-25 01:30:19.433 [info] fatal: not a git repository (or any of the parent directories): .git
2023-10-25 01:30:19.433 [info] > git rev-parse --show-toplevel [2ms]
2023-10-25 01:30:19.433 [info] fatal: not a git repository (or any of the parent directories): .git
2023-10-25 01:30:19.433 [info] > git rev-parse --show-toplevel [2ms]
2023-10-25 01:30:19.433 [info] fatal: not a git repository (or any of the parent directories): .git
2023-10-25 01:37:53.359 [info] > git rev-parse --show-toplevel [19ms]
2023-10-25 01:37:53.360 [info] fatal: not a git repository (or any of the parent directories): .git
2023-10-25 01:38:02.197 [info] > git rev-parse --show-toplevel [2ms]
2023-10-25 01:38:02.197 [info] fatal: not a git repository (or any of the parent directories): .git
2023-10-25 01:39:47.470 [info] > git rev-parse --show-toplevel [4ms]
2023-10-25 01:39:47.470 [info] fatal: not a git repository (or any of the parent directories): .git
2023-10-25 01:39:53.346 [info] > git rev-parse --show-toplevel [59ms]
2023-10-25 01:39:53.350 [info] fatal: not a git repository (or any of the parent directories): .git
2023-10-25 01:40:08.829 [info] > git rev-parse --show-toplevel [22ms]
2023-10-25 01:40:08.829 [info] fatal: not a git repository (or any of the parent directories): .git
2023-10-25 01:40:19.370 [info] > git rev-parse --show-toplevel [9ms]
2023-10-25 01:40:19.371 [info] fatal: not a git repository (or any of the parent directories): .git
2023-10-25 01:40:30.102 [info] > git rev-parse --show-toplevel [7ms]
2023-10-25 01:40:30.102 [info] fatal: not a git repository (or any of the parent directories): .git
2023-10-25 01:40:31.999 [info] > git rev-parse --show-toplevel [7ms]
2023-10-25 01:40:31.999 [info] fatal: not a git repository (or any of the parent directories): .git
2023-10-25 01:40:40.465 [info] > git rev-parse --show-toplevel [3ms]
2023-10-25 01:40:40.465 [info] fatal: not a git repository (or any of the parent directories): .git
2023-10-25 01:42:56.731 [info] > git rev-parse --show-toplevel [7ms]
2023-10-25 01:42:56.732 [info] fatal: not a git repository (or any of the parent directories): .git
2023-10-25 01:42:58.983 [info] > git rev-parse --show-toplevel [8ms]
2023-10-25 01:42:58.983 [info] fatal: not a git repository (or any of the parent directories): .git
2023-10-25 01:43:23.670 [info] > git rev-parse --show-toplevel [2ms]
2023-10-25 01:43:23.671 [info] fatal: not a git repository (or any of the parent directories): .git
