[Info  - 6:42:10 PM] Initialising intelephense 1.10.1
[Info  - 6:42:10 PM] Reading state from /var/www/clients/client2/web2/web/sistema/adsgrupo06/.vscode-server/data/User/workspaceStorage/63b1dc912db3465c09ba8bb5b14e2e86/bmewburn.vscode-intelephense-client/2c48acd2.
[Info  - 6:42:12 PM] Initialised in 2193 ms
[Info  - 6:42:13 PM] Searching file:///var/www/clients/client2/web2/web/sistema/adsgrupo06/.vscode-server/extensions/bmewburn.vscode-intelephense-client-1.10.1/node_modules/intelephense/lib/stub for files to index.
[Info  - 6:42:13 PM] Searching file:///var/www/clients/client2/web2/web/sistema/adsgrupo06 for files to index.
[Info  - 6:42:16 PM] Indexing started.
[Info  - 6:42:16 PM] Indexing ended. 27 files indexed in 0s.
[Info  - 6:42:16 PM] Writing state to /var/www/clients/client2/web2/web/sistema/adsgrupo06/.vscode-server/data/User/workspaceStorage/63b1dc912db3465c09ba8bb5b14e2e86/bmewburn.vscode-intelephense-client/2c48acd2.
[Info  - 6:42:17 PM] Wrote state in 1.3s.
[Info  - 6:50:19 PM] Indexing started.
[Info  - 6:50:19 PM] Indexing ended. 1 files indexed in 0s.
[Info  - 6:50:30 PM] Indexing started.
[Info  - 6:50:30 PM] Indexing ended. 1 files indexed in 0s.
[Info  - 6:50:47 PM] Indexing started.
[Info  - 6:50:47 PM] Indexing ended. 1 files indexed in 0s.
[Info  - 6:51:04 PM] Indexing started.
[Info  - 6:51:05 PM] Indexing ended. 1 files indexed in 0s.
[Info  - 7:17:22 PM] Indexing started.
[Info  - 7:17:22 PM] Indexing ended. 1 files indexed in 0s.
[Info  - 7:18:00 PM] Indexing started.
[Info  - 7:18:01 PM] Indexing ended. 1 files indexed in 0s.
