2023-11-15 16:43:00.701 [info] Log level: Info
2023-11-15 16:43:00.701 [info] Validating found git in: "git"
2023-11-15 16:43:00.701 [info] Using git "2.20.1" from "git"
2023-11-15 16:43:00.701 [info] > git rev-parse --show-toplevel [26ms]
2023-11-15 16:43:00.701 [info] > git rev-parse --git-dir --git-common-dir [6ms]
2023-11-15 16:43:00.701 [info] Open repository: /var/www/clients/client2/web2/web/sistema/adsgrupo06
2023-11-15 16:43:00.701 [info] > git config --get commit.template [20ms]
2023-11-15 16:43:00.701 [info] > git rev-parse --show-toplevel [15ms]
2023-11-15 16:43:00.701 [info] > git rev-parse --show-toplevel [10ms]
2023-11-15 16:43:00.701 [info] > git for-each-ref --format=%(refname)%00%(upstream:short)%00%(objectname)%00%(upstream:track)%00%(upstream:remotename)%00%(upstream:remoteref) refs/heads/Vinicius refs/remotes/Vinicius [46ms]
2023-11-15 16:43:00.701 [info] > git rev-parse --show-toplevel [83ms]
2023-11-15 16:43:00.960 [info] > git status -z -uall [541ms]
2023-11-15 16:43:01.425 [info] > git rev-parse --show-toplevel [725ms]
2023-11-15 16:43:04.728 [info] > git rev-parse --show-toplevel [472ms]
2023-11-15 16:43:04.749 [info] > git config --get commit.template [532ms]
2023-11-15 16:43:04.860 [info] > git rev-parse --show-toplevel [38ms]
2023-11-15 16:43:04.936 [info] > git for-each-ref --format=%(refname)%00%(upstream:short)%00%(objectname)%00%(upstream:track)%00%(upstream:remotename)%00%(upstream:remoteref) refs/heads/Vinicius refs/remotes/Vinicius [89ms]
2023-11-15 16:43:04.973 [info] > git rev-parse --show-toplevel [50ms]
2023-11-15 16:43:05.159 [info] > git rev-parse --show-toplevel [81ms]
2023-11-15 16:43:05.363 [info] > git rev-parse --show-toplevel [104ms]
2023-11-15 16:43:05.418 [info] > git check-ignore -v -z --stdin [58ms]
2023-11-15 16:43:05.438 [info] > git rev-parse --show-toplevel [22ms]
2023-11-15 16:43:05.512 [info] > git status -z -uall [547ms]
2023-11-15 16:43:07.337 [info] > git show --textconv :CodeIgniter/app/Views/salas_exibir.php [69ms]
2023-11-15 16:43:07.366 [info] > git ls-files --stage -- /var/www/clients/client2/web2/web/sistema/adsgrupo06/CodeIgniter/app/Views/salas_exibir.php [36ms]
2023-11-15 16:43:07.427 [info] > git cat-file -s c885bbb4e3b76f8f97c7b446fd68b85086560962 [16ms]
2023-11-15 16:43:09.402 [info] > git check-ignore -v -z --stdin [452ms]
2023-11-15 16:43:09.423 [info] > git config --get commit.template [47ms]
2023-11-15 16:43:10.144 [info] > git for-each-ref --format=%(refname)%00%(upstream:short)%00%(objectname)%00%(upstream:track)%00%(upstream:remotename)%00%(upstream:remoteref) refs/heads/Vinicius refs/remotes/Vinicius [688ms]
2023-11-15 16:43:10.996 [info] > git status -z -uall [821ms]
2023-11-15 16:43:14.073 [info] > git check-ignore -v -z --stdin [120ms]
2023-11-15 16:45:22.261 [info] > git check-ignore -v -z --stdin [32ms]
2023-11-15 16:45:24.487 [info] > git check-ignore -v -z --stdin [27ms]
2023-11-15 16:45:27.315 [info] > git check-ignore -v -z --stdin [32ms]
2023-11-15 16:45:30.943 [info] > git check-ignore -v -z --stdin [11ms]
2023-11-15 16:46:03.373 [info] > git check-ignore -v -z --stdin [24ms]
2023-11-15 16:46:11.939 [info] > git show --textconv :.bash_history [25ms]
2023-11-15 16:46:11.954 [info] > git ls-files --stage -- /var/www/clients/client2/web2/web/sistema/adsgrupo06/.bash_history [16ms]
2023-11-15 16:46:11.969 [info] > git cat-file -s a0451023e1a768bfd811d7fbe12dce4f15653ab1 [4ms]
2023-11-15 16:46:58.774 [info] > git config --get commit.template [26ms]
2023-11-15 16:46:58.775 [info] > git for-each-ref --format=%(refname)%00%(upstream:short)%00%(objectname)%00%(upstream:track)%00%(upstream:remotename)%00%(upstream:remoteref) refs/heads/Vinicius refs/remotes/Vinicius [11ms]
2023-11-15 16:46:58.955 [info] > git status -z -uall [168ms]
2023-11-15 16:47:04.279 [info] > git config --get commit.template [37ms]
2023-11-15 16:47:04.285 [info] > git for-each-ref --format=%(refname)%00%(upstream:short)%00%(objectname)%00%(upstream:track)%00%(upstream:remotename)%00%(upstream:remoteref) refs/heads/Vinicius refs/remotes/Vinicius [12ms]
2023-11-15 16:47:04.519 [info] > git status -z -uall [224ms]
2023-11-15 16:47:09.733 [info] > git config --get commit.template [13ms]
2023-11-15 16:47:09.735 [info] > git for-each-ref --format=%(refname)%00%(upstream:short)%00%(objectname)%00%(upstream:track)%00%(upstream:remotename)%00%(upstream:remoteref) refs/heads/Vinicius refs/remotes/Vinicius [5ms]
2023-11-15 16:47:09.849 [info] > git status -z -uall [106ms]
2023-11-15 16:47:15.088 [info] > git config --get commit.template [10ms]
2023-11-15 16:47:15.091 [info] > git for-each-ref --format=%(refname)%00%(upstream:short)%00%(objectname)%00%(upstream:track)%00%(upstream:remotename)%00%(upstream:remoteref) refs/heads/Vinicius refs/remotes/Vinicius [5ms]
2023-11-15 16:47:15.190 [info] > git status -z -uall [92ms]
2023-11-15 16:47:20.425 [info] > git config --get commit.template [11ms]
2023-11-15 16:47:20.427 [info] > git for-each-ref --format=%(refname)%00%(upstream:short)%00%(objectname)%00%(upstream:track)%00%(upstream:remotename)%00%(upstream:remoteref) refs/heads/Vinicius refs/remotes/Vinicius [5ms]
2023-11-15 16:47:20.528 [info] > git status -z -uall [93ms]
2023-11-15 16:47:25.733 [info] > git config --get commit.template [14ms]
2023-11-15 16:47:25.737 [info] > git for-each-ref --format=%(refname)%00%(upstream:short)%00%(objectname)%00%(upstream:track)%00%(upstream:remotename)%00%(upstream:remoteref) refs/heads/Vinicius refs/remotes/Vinicius [5ms]
2023-11-15 16:47:25.894 [info] > git status -z -uall [146ms]
2023-11-15 16:47:31.207 [info] > git config --get commit.template [9ms]
2023-11-15 16:47:31.209 [info] > git for-each-ref --format=%(refname)%00%(upstream:short)%00%(objectname)%00%(upstream:track)%00%(upstream:remotename)%00%(upstream:remoteref) refs/heads/Vinicius refs/remotes/Vinicius [4ms]
2023-11-15 16:47:31.302 [info] > git status -z -uall [87ms]
2023-11-15 16:47:36.509 [info] > git config --get commit.template [12ms]
2023-11-15 16:47:36.512 [info] > git for-each-ref --format=%(refname)%00%(upstream:short)%00%(objectname)%00%(upstream:track)%00%(upstream:remotename)%00%(upstream:remoteref) refs/heads/Vinicius refs/remotes/Vinicius [6ms]
2023-11-15 16:47:36.619 [info] > git status -z -uall [97ms]
2023-11-15 16:48:07.602 [info] > git config --get commit.template [24ms]
2023-11-15 16:48:07.607 [info] > git for-each-ref --format=%(refname)%00%(upstream:short)%00%(objectname)%00%(upstream:track)%00%(upstream:remotename)%00%(upstream:remoteref) refs/heads/Vinicius refs/remotes/Vinicius [21ms]
2023-11-15 16:48:07.890 [info] > git status -z -uall [276ms]
2023-11-15 16:48:12.996 [info] > git config --get commit.template [10ms]
2023-11-15 16:48:12.999 [info] > git for-each-ref --format=%(refname)%00%(upstream:short)%00%(objectname)%00%(upstream:track)%00%(upstream:remotename)%00%(upstream:remoteref) refs/heads/Vinicius refs/remotes/Vinicius [5ms]
2023-11-15 16:48:13.101 [info] > git status -z -uall [94ms]
2023-11-15 16:48:16.017 [info] > git ls-files --stage -- /var/www/clients/client2/web2/web/sistema/adsgrupo06/.bash_history [218ms]
2023-11-15 16:48:16.030 [info] > git cat-file -s a0451023e1a768bfd811d7fbe12dce4f15653ab1 [5ms]
2023-11-15 16:48:16.246 [info] > git show --textconv :.bash_history [7ms]
2023-11-15 16:48:18.202 [info] > git config --get commit.template [10ms]
2023-11-15 16:48:18.205 [info] > git for-each-ref --format=%(refname)%00%(upstream:short)%00%(objectname)%00%(upstream:track)%00%(upstream:remotename)%00%(upstream:remoteref) refs/heads/Lawfei refs/remotes/Lawfei [4ms]
2023-11-15 16:48:18.305 [info] > git status -z -uall [93ms]
2023-11-15 16:48:23.450 [info] > git config --get commit.template [10ms]
2023-11-15 16:48:23.452 [info] > git for-each-ref --format=%(refname)%00%(upstream:short)%00%(objectname)%00%(upstream:track)%00%(upstream:remotename)%00%(upstream:remoteref) refs/heads/Lawfei refs/remotes/Lawfei [5ms]
2023-11-15 16:48:23.522 [info] > git status -z -uall [62ms]
2023-11-15 16:48:28.727 [info] > git config --get commit.template [12ms]
2023-11-15 16:48:28.730 [info] > git for-each-ref --format=%(refname)%00%(upstream:short)%00%(objectname)%00%(upstream:track)%00%(upstream:remotename)%00%(upstream:remoteref) refs/heads/Lawfei refs/remotes/Lawfei [4ms]
2023-11-15 16:48:28.800 [info] > git status -z -uall [64ms]
2023-11-15 16:48:34.011 [info] > git config --get commit.template [15ms]
2023-11-15 16:48:34.014 [info] > git for-each-ref --format=%(refname)%00%(upstream:short)%00%(objectname)%00%(upstream:track)%00%(upstream:remotename)%00%(upstream:remoteref) refs/heads/Lawfei refs/remotes/Lawfei [6ms]
2023-11-15 16:48:34.092 [info] > git status -z -uall [69ms]
2023-11-15 16:48:39.304 [info] > git config --get commit.template [10ms]
2023-11-15 16:48:39.308 [info] > git for-each-ref --format=%(refname)%00%(upstream:short)%00%(objectname)%00%(upstream:track)%00%(upstream:remotename)%00%(upstream:remoteref) refs/heads/Lawfei refs/remotes/Lawfei [5ms]
2023-11-15 16:48:39.367 [info] > git status -z -uall [52ms]
2023-11-15 16:48:44.601 [info] > git config --get commit.template [10ms]
2023-11-15 16:48:44.604 [info] > git for-each-ref --format=%(refname)%00%(upstream:short)%00%(objectname)%00%(upstream:track)%00%(upstream:remotename)%00%(upstream:remoteref) refs/heads/Lawfei refs/remotes/Lawfei [5ms]
2023-11-15 16:48:44.737 [info] > git status -z -uall [113ms]
2023-11-15 16:48:49.938 [info] > git config --get commit.template [10ms]
2023-11-15 16:48:49.940 [info] > git for-each-ref --format=%(refname)%00%(upstream:short)%00%(objectname)%00%(upstream:track)%00%(upstream:remotename)%00%(upstream:remoteref) refs/heads/Lawfei refs/remotes/Lawfei [4ms]
2023-11-15 16:48:50.041 [info] > git status -z -uall [94ms]
2023-11-15 16:48:55.320 [info] > git config --get commit.template [16ms]
2023-11-15 16:48:55.324 [info] > git for-each-ref --format=%(refname)%00%(upstream:short)%00%(objectname)%00%(upstream:track)%00%(upstream:remotename)%00%(upstream:remoteref) refs/heads/Lawfei refs/remotes/Lawfei [6ms]
2023-11-15 16:48:55.391 [info] > git status -z -uall [60ms]
2023-11-15 16:49:00.624 [info] > git config --get commit.template [18ms]
2023-11-15 16:49:00.634 [info] > git for-each-ref --format=%(refname)%00%(upstream:short)%00%(objectname)%00%(upstream:track)%00%(upstream:remotename)%00%(upstream:remoteref) refs/heads/Lawfei refs/remotes/Lawfei [10ms]
2023-11-15 16:49:00.822 [info] > git status -z -uall [176ms]
