2023-11-15 16:42:03.052 [info] Log level: Info
2023-11-15 16:42:03.053 [info] Validating found git in: "git"
2023-11-15 16:42:03.054 [info] Using git "2.20.1" from "git"
2023-11-15 16:42:03.054 [info] > git rev-parse --show-toplevel [40ms]
2023-11-15 16:42:03.054 [info] > git rev-parse --git-dir --git-common-dir [53ms]
2023-11-15 16:42:03.054 [info] Open repository: /var/www/clients/client2/web2/web/sistema/adsgrupo06
2023-11-15 16:42:03.054 [info] > git config --get commit.template [34ms]
2023-11-15 16:42:03.093 [info] > git rev-parse --show-toplevel [59ms]
2023-11-15 16:42:03.142 [info] > git for-each-ref --format=%(refname)%00%(upstream:short)%00%(objectname)%00%(upstream:track)%00%(upstream:remotename)%00%(upstream:remoteref) refs/heads/Vinicius refs/remotes/Vinicius [60ms]
2023-11-15 16:42:03.524 [info] > git rev-parse --show-toplevel [384ms]
2023-11-15 16:42:03.813 [info] > git rev-parse --show-toplevel [42ms]
2023-11-15 16:42:03.850 [info] > git status -z -uall [692ms]
2023-11-15 16:42:04.862 [info] > git rev-parse --show-toplevel [1021ms]
2023-11-15 16:42:04.913 [info] > git config --get commit.template [62ms]
2023-11-15 16:42:04.970 [info] > git rev-parse --show-toplevel [76ms]
2023-11-15 16:42:05.126 [info] > git rev-parse --show-toplevel [18ms]
2023-11-15 16:42:05.127 [info] > git for-each-ref --format=%(refname)%00%(upstream:short)%00%(objectname)%00%(upstream:track)%00%(upstream:remotename)%00%(upstream:remoteref) refs/heads/Vinicius refs/remotes/Vinicius [27ms]
2023-11-15 16:42:05.291 [info] > git rev-parse --show-toplevel [137ms]
2023-11-15 16:42:05.347 [info] > git rev-parse --show-toplevel [28ms]
2023-11-15 16:42:05.380 [info] > git rev-parse --show-toplevel [11ms]
2023-11-15 16:42:05.425 [info] > git rev-parse --show-toplevel [17ms]
2023-11-15 16:42:05.460 [info] > git status -z -uall [318ms]
2023-11-15 16:42:06.834 [info] > git check-ignore -v -z --stdin [44ms]
2023-11-15 16:42:07.128 [info] > git ls-files --stage -- /var/www/clients/client2/web2/web/sistema/adsgrupo06/CodeIgniter/app/Views/salas_exibir.php [13ms]
2023-11-15 16:42:07.152 [info] > git show --textconv :CodeIgniter/app/Views/salas_exibir.php [45ms]
2023-11-15 16:42:07.156 [info] > git cat-file -s c885bbb4e3b76f8f97c7b446fd68b85086560962 [5ms]
2023-11-15 16:42:07.448 [info] > git check-ignore -v -z --stdin [46ms]
2023-11-15 16:42:08.743 [info] > git show --textconv :CodeIgniter/app/Views/salas_form.php [717ms]
2023-11-15 16:42:08.744 [info] > git ls-files --stage -- /var/www/clients/client2/web2/web/sistema/adsgrupo06/CodeIgniter/app/Views/salas_form.php [699ms]
2023-11-15 16:42:08.790 [info] > git config --get commit.template [40ms]
2023-11-15 16:42:08.796 [info] > git cat-file -s 0d258b68c078acf7d665842cf3cd7d7e786ab56f [28ms]
2023-11-15 16:42:08.894 [info] > git for-each-ref --format=%(refname)%00%(upstream:short)%00%(objectname)%00%(upstream:track)%00%(upstream:remotename)%00%(upstream:remoteref) refs/heads/Vinicius refs/remotes/Vinicius [70ms]
2023-11-15 16:42:09.281 [info] > git show --textconv :CodeIgniter/app/Views/salas_exibir.php [28ms]
2023-11-15 16:42:09.302 [info] > git ls-files --stage -- /var/www/clients/client2/web2/web/sistema/adsgrupo06/CodeIgniter/app/Views/salas_exibir.php [36ms]
2023-11-15 16:42:09.346 [info] > git cat-file -s c885bbb4e3b76f8f97c7b446fd68b85086560962 [25ms]
2023-11-15 16:42:09.409 [info] > git status -z -uall [501ms]
2023-11-15 16:42:16.208 [info] > git config --get commit.template [25ms]
2023-11-15 16:42:16.214 [info] > git for-each-ref --format=%(refname)%00%(upstream:short)%00%(objectname)%00%(upstream:track)%00%(upstream:remotename)%00%(upstream:remoteref) refs/heads/Vinicius refs/remotes/Vinicius [13ms]
2023-11-15 16:42:16.448 [info] > git status -z -uall [221ms]
2023-11-15 16:42:21.744 [info] > git config --get commit.template [53ms]
2023-11-15 16:42:21.750 [info] > git for-each-ref --format=%(refname)%00%(upstream:short)%00%(objectname)%00%(upstream:track)%00%(upstream:remotename)%00%(upstream:remoteref) refs/heads/Vinicius refs/remotes/Vinicius [41ms]
2023-11-15 16:42:22.152 [info] > git status -z -uall [354ms]
2023-11-15 16:42:27.424 [info] > git config --get commit.template [52ms]
2023-11-15 16:42:27.432 [info] > git for-each-ref --format=%(refname)%00%(upstream:short)%00%(objectname)%00%(upstream:track)%00%(upstream:remotename)%00%(upstream:remoteref) refs/heads/Vinicius refs/remotes/Vinicius [25ms]
2023-11-15 16:42:27.729 [info] > git status -z -uall [282ms]
2023-11-15 16:42:33.051 [info] > git config --get commit.template [46ms]
2023-11-15 16:42:33.057 [info] > git for-each-ref --format=%(refname)%00%(upstream:short)%00%(objectname)%00%(upstream:track)%00%(upstream:remotename)%00%(upstream:remoteref) refs/heads/Vinicius refs/remotes/Vinicius [26ms]
2023-11-15 16:42:33.397 [info] > git status -z -uall [320ms]
2023-11-15 16:42:38.837 [info] > git config --get commit.template [39ms]
2023-11-15 16:42:38.840 [info] > git for-each-ref --format=%(refname)%00%(upstream:short)%00%(objectname)%00%(upstream:track)%00%(upstream:remotename)%00%(upstream:remoteref) refs/heads/Vinicius refs/remotes/Vinicius [35ms]
2023-11-15 16:42:39.024 [info] > git status -z -uall [178ms]
2023-11-15 16:42:44.115 [info] > git config --get commit.template [9ms]
2023-11-15 16:42:44.117 [info] > git for-each-ref --format=%(refname)%00%(upstream:short)%00%(objectname)%00%(upstream:track)%00%(upstream:remotename)%00%(upstream:remoteref) refs/heads/Vinicius refs/remotes/Vinicius [4ms]
2023-11-15 16:42:44.201 [info] > git status -z -uall [77ms]
2023-11-15 16:42:49.306 [info] > git config --get commit.template [10ms]
2023-11-15 16:42:49.308 [info] > git for-each-ref --format=%(refname)%00%(upstream:short)%00%(objectname)%00%(upstream:track)%00%(upstream:remotename)%00%(upstream:remoteref) refs/heads/Vinicius refs/remotes/Vinicius [4ms]
2023-11-15 16:42:49.415 [info] > git status -z -uall [100ms]
2023-11-15 16:43:25.548 [info] > git config --get commit.template [122ms]
2023-11-15 16:43:25.564 [info] > git for-each-ref --format=%(refname)%00%(upstream:short)%00%(objectname)%00%(upstream:track)%00%(upstream:remotename)%00%(upstream:remoteref) refs/heads/Vinicius refs/remotes/Vinicius [74ms]
2023-11-15 16:43:25.952 [info] > git status -z -uall [330ms]
2023-11-15 16:43:31.316 [info] > git config --get commit.template [39ms]
2023-11-15 16:43:31.317 [info] > git for-each-ref --format=%(refname)%00%(upstream:short)%00%(objectname)%00%(upstream:track)%00%(upstream:remotename)%00%(upstream:remoteref) refs/heads/Vinicius refs/remotes/Vinicius [28ms]
2023-11-15 16:43:31.604 [info] > git status -z -uall [273ms]
