2023-11-15 18:15:04.096 [info] Log level: Info
2023-11-15 18:15:04.096 [info] Validating found git in: "git"
2023-11-15 18:15:04.096 [info] Using git "2.20.1" from "git"
2023-11-15 18:15:04.096 [info] > git rev-parse --show-toplevel [39ms]
2023-11-15 18:15:04.096 [info] > git rev-parse --git-dir --git-common-dir [4ms]
2023-11-15 18:15:04.096 [info] Open repository: /var/www/clients/client2/web2/web/sistema/adsgrupo06
2023-11-15 18:15:04.096 [info] > git config --get commit.template [20ms]
2023-11-15 18:15:04.096 [info] > git rev-parse --show-toplevel [24ms]
2023-11-15 18:15:04.096 [info] > git for-each-ref --format=%(refname)%00%(upstream:short)%00%(objectname)%00%(upstream:track)%00%(upstream:remotename)%00%(upstream:remoteref) refs/heads/Vinicius refs/remotes/Vinicius [32ms]
2023-11-15 18:15:04.096 [info] > git rev-parse --show-toplevel [24ms]
2023-11-15 18:15:04.101 [info] > git rev-parse --show-toplevel [19ms]
2023-11-15 18:15:04.141 [info] > git rev-parse --show-toplevel [8ms]
2023-11-15 18:15:04.168 [info] > git rev-parse --show-toplevel [15ms]
2023-11-15 18:15:04.335 [info] > git status -z -uall [433ms]
2023-11-15 18:15:04.928 [info] > git rev-parse --show-toplevel [748ms]
2023-11-15 18:15:06.038 [info] > git config --get commit.template [49ms]
2023-11-15 18:15:06.045 [info] > git rev-parse --show-toplevel [38ms]
2023-11-15 18:15:06.102 [info] > git for-each-ref --format=%(refname)%00%(upstream:short)%00%(objectname)%00%(upstream:track)%00%(upstream:remotename)%00%(upstream:remoteref) refs/heads/Vinicius refs/remotes/Vinicius [29ms]
2023-11-15 18:15:06.120 [info] > git rev-parse --show-toplevel [19ms]
2023-11-15 18:15:06.252 [info] > git rev-parse --show-toplevel [84ms]
2023-11-15 18:15:06.340 [info] > git rev-parse --show-toplevel [20ms]
2023-11-15 18:15:06.488 [info] > git status -z -uall [373ms]
2023-11-15 18:15:07.349 [info] > git check-ignore -v -z --stdin [90ms]
2023-11-15 18:15:07.482 [info] > git show --textconv :CodeIgniter/app/Views/salas_exibir.php [40ms]
2023-11-15 18:15:07.511 [info] > git ls-files --stage -- /var/www/clients/client2/web2/web/sistema/adsgrupo06/CodeIgniter/app/Views/salas_exibir.php [43ms]
2023-11-15 18:15:07.579 [info] > git cat-file -s 53dd236803ed5d72f6d6132c2ca2c9af2effac94 [26ms]
2023-11-15 18:15:09.298 [info] > git config --get commit.template [91ms]
2023-11-15 18:15:09.345 [info] > git for-each-ref --format=%(refname)%00%(upstream:short)%00%(objectname)%00%(upstream:track)%00%(upstream:remotename)%00%(upstream:remoteref) refs/heads/Vinicius refs/remotes/Vinicius [66ms]
2023-11-15 18:15:09.585 [info] > git status -z -uall [212ms]
2023-11-15 18:15:14.844 [info] > git config --get commit.template [29ms]
2023-11-15 18:15:14.857 [info] > git for-each-ref --format=%(refname)%00%(upstream:short)%00%(objectname)%00%(upstream:track)%00%(upstream:remotename)%00%(upstream:remoteref) refs/heads/Vinicius refs/remotes/Vinicius [13ms]
2023-11-15 18:15:15.216 [info] > git status -z -uall [331ms]
2023-11-15 18:15:20.456 [info] > git config --get commit.template [31ms]
2023-11-15 18:15:20.463 [info] > git for-each-ref --format=%(refname)%00%(upstream:short)%00%(objectname)%00%(upstream:track)%00%(upstream:remotename)%00%(upstream:remoteref) refs/heads/Vinicius refs/remotes/Vinicius [20ms]
2023-11-15 18:15:20.678 [info] > git status -z -uall [202ms]
2023-11-15 18:15:25.908 [info] > git config --get commit.template [37ms]
2023-11-15 18:15:25.911 [info] > git for-each-ref --format=%(refname)%00%(upstream:short)%00%(objectname)%00%(upstream:track)%00%(upstream:remotename)%00%(upstream:remoteref) refs/heads/Vinicius refs/remotes/Vinicius [21ms]
2023-11-15 18:15:26.171 [info] > git status -z -uall [247ms]
2023-11-15 18:15:31.423 [info] > git config --get commit.template [62ms]
2023-11-15 18:15:31.437 [info] > git for-each-ref --format=%(refname)%00%(upstream:short)%00%(objectname)%00%(upstream:track)%00%(upstream:remotename)%00%(upstream:remoteref) refs/heads/Vinicius refs/remotes/Vinicius [23ms]
2023-11-15 18:15:31.797 [info] > git status -z -uall [348ms]
2023-11-15 18:15:37.037 [info] > git config --get commit.template [48ms]
2023-11-15 18:15:37.044 [info] > git for-each-ref --format=%(refname)%00%(upstream:short)%00%(objectname)%00%(upstream:track)%00%(upstream:remotename)%00%(upstream:remoteref) refs/heads/Vinicius refs/remotes/Vinicius [37ms]
2023-11-15 18:15:37.294 [info] > git status -z -uall [236ms]
2023-11-15 18:15:42.507 [info] > git config --get commit.template [37ms]
2023-11-15 18:15:42.516 [info] > git for-each-ref --format=%(refname)%00%(upstream:short)%00%(objectname)%00%(upstream:track)%00%(upstream:remotename)%00%(upstream:remoteref) refs/heads/Vinicius refs/remotes/Vinicius [27ms]
2023-11-15 18:15:42.703 [info] > git status -z -uall [167ms]
2023-11-15 18:17:10.266 [info] > git config --get commit.template [20ms]
2023-11-15 18:17:10.269 [info] > git for-each-ref --format=%(refname)%00%(upstream:short)%00%(objectname)%00%(upstream:track)%00%(upstream:remotename)%00%(upstream:remoteref) refs/heads/Vinicius refs/remotes/Vinicius [9ms]
2023-11-15 18:17:10.514 [info] > git status -z -uall [238ms]
2023-11-15 18:17:15.692 [info] > git config --get commit.template [15ms]
2023-11-15 18:17:15.698 [info] > git for-each-ref --format=%(refname)%00%(upstream:short)%00%(objectname)%00%(upstream:track)%00%(upstream:remotename)%00%(upstream:remoteref) refs/heads/Vinicius refs/remotes/Vinicius [12ms]
2023-11-15 18:17:15.890 [info] > git status -z -uall [184ms]
2023-11-15 18:17:21.016 [info] > git config --get commit.template [15ms]
2023-11-15 18:17:21.017 [info] > git for-each-ref --format=%(refname)%00%(upstream:short)%00%(objectname)%00%(upstream:track)%00%(upstream:remotename)%00%(upstream:remoteref) refs/heads/Vinicius refs/remotes/Vinicius [6ms]
2023-11-15 18:17:21.144 [info] > git status -z -uall [118ms]
2023-11-15 18:17:39.339 [info] > git config --get commit.template [11ms]
2023-11-15 18:17:39.343 [info] > git for-each-ref --format=%(refname)%00%(upstream:short)%00%(objectname)%00%(upstream:track)%00%(upstream:remotename)%00%(upstream:remoteref) refs/heads/Vinicius refs/remotes/Vinicius [4ms]
2023-11-15 18:17:39.467 [info] > git status -z -uall [117ms]
2023-11-15 18:17:40.237 [info] > git show --textconv :CodeIgniter/app/Config/Routes.php [29ms]
2023-11-15 18:17:40.241 [info] > git ls-files --stage -- /var/www/clients/client2/web2/web/sistema/adsgrupo06/CodeIgniter/app/Config/Routes.php [25ms]
2023-11-15 18:17:40.257 [info] > git cat-file -s b1e1bb3f8c4c278207401b4b454a971e5cb5eab9 [3ms]
2023-11-15 18:17:44.584 [info] > git config --get commit.template [9ms]
2023-11-15 18:17:44.588 [info] > git for-each-ref --format=%(refname)%00%(upstream:short)%00%(objectname)%00%(upstream:track)%00%(upstream:remotename)%00%(upstream:remoteref) refs/heads/Vinicius refs/remotes/Vinicius [5ms]
2023-11-15 18:17:44.727 [info] > git status -z -uall [131ms]
2023-11-15 18:17:49.830 [info] > git config --get commit.template [13ms]
2023-11-15 18:17:49.833 [info] > git for-each-ref --format=%(refname)%00%(upstream:short)%00%(objectname)%00%(upstream:track)%00%(upstream:remotename)%00%(upstream:remoteref) refs/heads/Vinicius refs/remotes/Vinicius [6ms]
2023-11-15 18:17:49.913 [info] > git status -z -uall [73ms]
2023-11-15 18:17:55.038 [info] > git config --get commit.template [12ms]
2023-11-15 18:17:55.040 [info] > git for-each-ref --format=%(refname)%00%(upstream:short)%00%(objectname)%00%(upstream:track)%00%(upstream:remotename)%00%(upstream:remoteref) refs/heads/Vinicius refs/remotes/Vinicius [4ms]
2023-11-15 18:17:55.108 [info] > git status -z -uall [61ms]
2023-11-15 18:18:00.212 [info] > git config --get commit.template [12ms]
2023-11-15 18:18:00.216 [info] > git for-each-ref --format=%(refname)%00%(upstream:short)%00%(objectname)%00%(upstream:track)%00%(upstream:remotename)%00%(upstream:remoteref) refs/heads/Vinicius refs/remotes/Vinicius [6ms]
2023-11-15 18:18:00.309 [info] > git status -z -uall [85ms]
2023-11-15 18:18:23.601 [info] > git config --get commit.template [28ms]
2023-11-15 18:18:23.604 [info] > git for-each-ref --format=%(refname)%00%(upstream:short)%00%(objectname)%00%(upstream:track)%00%(upstream:remotename)%00%(upstream:remoteref) refs/heads/Vinicius refs/remotes/Vinicius [15ms]
2023-11-15 18:18:23.866 [info] > git status -z -uall [257ms]
2023-11-15 18:18:24.706 [info] > git show --textconv :CodeIgniter/app/Controllers/Salas.php [17ms]
2023-11-15 18:18:24.715 [info] > git ls-files --stage -- /var/www/clients/client2/web2/web/sistema/adsgrupo06/CodeIgniter/app/Controllers/Salas.php [10ms]
2023-11-15 18:18:24.726 [info] > git cat-file -s d52875f55aa2d83bad28afde9a91092bd28c0c41 [4ms]
2023-11-15 18:18:28.964 [info] > git config --get commit.template [8ms]
2023-11-15 18:18:28.966 [info] > git for-each-ref --format=%(refname)%00%(upstream:short)%00%(objectname)%00%(upstream:track)%00%(upstream:remotename)%00%(upstream:remoteref) refs/heads/Vinicius refs/remotes/Vinicius [4ms]
2023-11-15 18:18:29.028 [info] > git status -z -uall [56ms]
2023-11-15 18:18:33.825 [info] > git show --textconv :CodeIgniter/app/Controllers/Home.php [28ms]
2023-11-15 18:18:33.831 [info] > git ls-files --stage -- /var/www/clients/client2/web2/web/sistema/adsgrupo06/CodeIgniter/app/Controllers/Home.php [8ms]
2023-11-15 18:18:33.842 [info] > git cat-file -s 7f867e95ffc4ba99886ae44b16ac5d84b7947395 [4ms]
2023-11-15 18:18:34.118 [info] > git config --get commit.template [11ms]
2023-11-15 18:18:34.121 [info] > git for-each-ref --format=%(refname)%00%(upstream:short)%00%(objectname)%00%(upstream:track)%00%(upstream:remotename)%00%(upstream:remoteref) refs/heads/Vinicius refs/remotes/Vinicius [5ms]
2023-11-15 18:18:34.190 [info] > git status -z -uall [63ms]
2023-11-15 18:18:35.840 [info] > git show --textconv :CodeIgniter/app/Controllers/Salas.php [12ms]
2023-11-15 18:18:35.846 [info] > git ls-files --stage -- /var/www/clients/client2/web2/web/sistema/adsgrupo06/CodeIgniter/app/Controllers/Salas.php [8ms]
2023-11-15 18:18:35.862 [info] > git cat-file -s d52875f55aa2d83bad28afde9a91092bd28c0c41 [8ms]
2023-11-15 18:18:39.283 [info] > git config --get commit.template [12ms]
2023-11-15 18:18:39.289 [info] > git for-each-ref --format=%(refname)%00%(upstream:short)%00%(objectname)%00%(upstream:track)%00%(upstream:remotename)%00%(upstream:remoteref) refs/heads/Vinicius refs/remotes/Vinicius [8ms]
2023-11-15 18:18:39.394 [info] > git show --textconv :CodeIgniter/app/Controllers/SalasExibir.php [43ms]
2023-11-15 18:18:39.410 [info] > git ls-files --stage -- /var/www/clients/client2/web2/web/sistema/adsgrupo06/CodeIgniter/app/Controllers/SalasExibir.php [19ms]
2023-11-15 18:18:39.440 [info] > git cat-file -s c8559c279919fed197121967b2305fab86a8743f [10ms]
2023-11-15 18:18:39.461 [info] > git status -z -uall [163ms]
2023-11-15 18:18:44.551 [info] > git config --get commit.template [8ms]
2023-11-15 18:18:44.553 [info] > git for-each-ref --format=%(refname)%00%(upstream:short)%00%(objectname)%00%(upstream:track)%00%(upstream:remotename)%00%(upstream:remoteref) refs/heads/Vinicius refs/remotes/Vinicius [3ms]
2023-11-15 18:18:44.626 [info] > git status -z -uall [66ms]
2023-11-15 18:18:49.720 [info] > git config --get commit.template [13ms]
2023-11-15 18:18:49.724 [info] > git for-each-ref --format=%(refname)%00%(upstream:short)%00%(objectname)%00%(upstream:track)%00%(upstream:remotename)%00%(upstream:remoteref) refs/heads/Vinicius refs/remotes/Vinicius [9ms]
2023-11-15 18:18:49.797 [info] > git status -z -uall [65ms]
2023-11-15 18:18:50.534 [info] > git show --textconv :CodeIgniter/app/Models/SalaModel.php [14ms]
2023-11-15 18:18:50.539 [info] > git ls-files --stage -- /var/www/clients/client2/web2/web/sistema/adsgrupo06/CodeIgniter/app/Models/SalaModel.php [9ms]
2023-11-15 18:18:50.549 [info] > git cat-file -s e971c76437eb39c0ff9200634aaca6fb18c02c09 [3ms]
2023-11-15 18:19:06.646 [info] > git config --get commit.template [8ms]
2023-11-15 18:19:06.649 [info] > git for-each-ref --format=%(refname)%00%(upstream:short)%00%(objectname)%00%(upstream:track)%00%(upstream:remotename)%00%(upstream:remoteref) refs/heads/Vinicius refs/remotes/Vinicius [4ms]
2023-11-15 18:19:06.849 [info] > git status -z -uall [195ms]
2023-11-15 18:19:07.801 [info] > git show --textconv :CodeIgniter/app/Controllers/Salas.php [15ms]
2023-11-15 18:19:07.809 [info] > git ls-files --stage -- /var/www/clients/client2/web2/web/sistema/adsgrupo06/CodeIgniter/app/Controllers/Salas.php [9ms]
2023-11-15 18:19:07.817 [info] > git cat-file -s d52875f55aa2d83bad28afde9a91092bd28c0c41 [2ms]
2023-11-15 18:19:11.942 [info] > git config --get commit.template [10ms]
2023-11-15 18:19:11.945 [info] > git for-each-ref --format=%(refname)%00%(upstream:short)%00%(objectname)%00%(upstream:track)%00%(upstream:remotename)%00%(upstream:remoteref) refs/heads/Vinicius refs/remotes/Vinicius [3ms]
2023-11-15 18:19:12.027 [info] > git status -z -uall [77ms]
2023-11-15 18:19:16.243 [info] > git show --textconv :CodeIgniter/app/Controllers/SalasExibir.php [13ms]
2023-11-15 18:19:16.249 [info] > git ls-files --stage -- /var/www/clients/client2/web2/web/sistema/adsgrupo06/CodeIgniter/app/Controllers/SalasExibir.php [8ms]
2023-11-15 18:19:16.257 [info] > git cat-file -s c8559c279919fed197121967b2305fab86a8743f [3ms]
2023-11-15 18:19:17.111 [info] > git config --get commit.template [8ms]
2023-11-15 18:19:17.113 [info] > git for-each-ref --format=%(refname)%00%(upstream:short)%00%(objectname)%00%(upstream:track)%00%(upstream:remotename)%00%(upstream:remoteref) refs/heads/Vinicius refs/remotes/Vinicius [3ms]
2023-11-15 18:19:17.180 [info] > git status -z -uall [62ms]
2023-11-15 18:19:41.127 [info] > git config --get commit.template [10ms]
2023-11-15 18:19:41.129 [info] > git for-each-ref --format=%(refname)%00%(upstream:short)%00%(objectname)%00%(upstream:track)%00%(upstream:remotename)%00%(upstream:remoteref) refs/heads/Vinicius refs/remotes/Vinicius [3ms]
2023-11-15 18:19:41.198 [info] > git status -z -uall [62ms]
2023-11-15 18:19:41.896 [info] > git show --textconv :CodeIgniter/app/Models/SalaModel.php [18ms]
2023-11-15 18:19:41.906 [info] > git ls-files --stage -- /var/www/clients/client2/web2/web/sistema/adsgrupo06/CodeIgniter/app/Models/SalaModel.php [11ms]
2023-11-15 18:19:41.920 [info] > git cat-file -s e971c76437eb39c0ff9200634aaca6fb18c02c09 [4ms]
2023-11-15 18:20:45.379 [info] > git config --get commit.template [29ms]
2023-11-15 18:20:45.387 [info] > git for-each-ref --format=%(refname)%00%(upstream:short)%00%(objectname)%00%(upstream:track)%00%(upstream:remotename)%00%(upstream:remoteref) refs/heads/Vinicius refs/remotes/Vinicius [31ms]
2023-11-15 18:20:45.727 [info] > git status -z -uall [313ms]
2023-11-15 18:20:46.734 [info] > git check-ignore -v -z --stdin [303ms]
2023-11-15 18:20:47.276 [info] > git check-ignore -v -z --stdin [6ms]
2023-11-15 18:20:50.830 [info] > git config --get commit.template [9ms]
2023-11-15 18:20:50.836 [info] > git for-each-ref --format=%(refname)%00%(upstream:short)%00%(objectname)%00%(upstream:track)%00%(upstream:remotename)%00%(upstream:remoteref) refs/heads/Vinicius refs/remotes/Vinicius [7ms]
2023-11-15 18:20:50.949 [info] > git status -z -uall [107ms]
2023-11-15 18:20:56.043 [info] > git config --get commit.template [8ms]
2023-11-15 18:20:56.045 [info] > git for-each-ref --format=%(refname)%00%(upstream:short)%00%(objectname)%00%(upstream:track)%00%(upstream:remotename)%00%(upstream:remoteref) refs/heads/Vinicius refs/remotes/Vinicius [3ms]
2023-11-15 18:20:56.139 [info] > git status -z -uall [88ms]
2023-11-15 18:21:01.247 [info] > git config --get commit.template [12ms]
2023-11-15 18:21:01.249 [info] > git for-each-ref --format=%(refname)%00%(upstream:short)%00%(objectname)%00%(upstream:track)%00%(upstream:remotename)%00%(upstream:remoteref) refs/heads/Vinicius refs/remotes/Vinicius [2ms]
2023-11-15 18:21:01.361 [info] > git status -z -uall [107ms]
2023-11-15 18:21:02.495 [info] > git check-ignore -v -z --stdin [41ms]
2023-11-15 18:21:02.695 [info] > git show --textconv :CodeIgniter/app/Views/sala_editar.php [25ms]
2023-11-15 18:21:02.705 [info] > git ls-files --stage -- /var/www/clients/client2/web2/web/sistema/adsgrupo06/CodeIgniter/app/Views/sala_editar.php [12ms]
2023-11-15 18:21:06.469 [info] > git config --get commit.template [11ms]
2023-11-15 18:21:06.476 [info] > git for-each-ref --format=%(refname)%00%(upstream:short)%00%(objectname)%00%(upstream:track)%00%(upstream:remotename)%00%(upstream:remoteref) refs/heads/Vinicius refs/remotes/Vinicius [8ms]
2023-11-15 18:21:06.734 [info] > git status -z -uall [252ms]
2023-11-15 18:21:11.855 [info] > git config --get commit.template [25ms]
2023-11-15 18:21:11.861 [info] > git for-each-ref --format=%(refname)%00%(upstream:short)%00%(objectname)%00%(upstream:track)%00%(upstream:remotename)%00%(upstream:remoteref) refs/heads/Vinicius refs/remotes/Vinicius [22ms]
2023-11-15 18:21:11.983 [info] > git status -z -uall [114ms]
2023-11-15 18:21:17.102 [info] > git config --get commit.template [10ms]
2023-11-15 18:21:17.106 [info] > git for-each-ref --format=%(refname)%00%(upstream:short)%00%(objectname)%00%(upstream:track)%00%(upstream:remotename)%00%(upstream:remoteref) refs/heads/Vinicius refs/remotes/Vinicius [5ms]
2023-11-15 18:21:17.201 [info] > git status -z -uall [90ms]
2023-11-15 18:21:22.290 [info] > git config --get commit.template [10ms]
2023-11-15 18:21:22.292 [info] > git for-each-ref --format=%(refname)%00%(upstream:short)%00%(objectname)%00%(upstream:track)%00%(upstream:remotename)%00%(upstream:remoteref) refs/heads/Vinicius refs/remotes/Vinicius [4ms]
2023-11-15 18:21:22.369 [info] > git status -z -uall [70ms]
2023-11-15 18:21:27.462 [info] > git config --get commit.template [15ms]
2023-11-15 18:21:27.465 [info] > git for-each-ref --format=%(refname)%00%(upstream:short)%00%(objectname)%00%(upstream:track)%00%(upstream:remotename)%00%(upstream:remoteref) refs/heads/Vinicius refs/remotes/Vinicius [4ms]
2023-11-15 18:21:27.541 [info] > git status -z -uall [70ms]
2023-11-15 18:21:32.631 [info] > git config --get commit.template [11ms]
2023-11-15 18:21:32.634 [info] > git for-each-ref --format=%(refname)%00%(upstream:short)%00%(objectname)%00%(upstream:track)%00%(upstream:remotename)%00%(upstream:remoteref) refs/heads/Vinicius refs/remotes/Vinicius [5ms]
2023-11-15 18:21:32.696 [info] > git status -z -uall [57ms]
2023-11-15 18:21:37.783 [info] > git config --get commit.template [13ms]
2023-11-15 18:21:37.786 [info] > git for-each-ref --format=%(refname)%00%(upstream:short)%00%(objectname)%00%(upstream:track)%00%(upstream:remotename)%00%(upstream:remoteref) refs/heads/Vinicius refs/remotes/Vinicius [5ms]
2023-11-15 18:21:37.888 [info] > git status -z -uall [93ms]
2023-11-15 18:21:40.420 [info] > git check-ignore -v -z --stdin [6ms]
2023-11-15 18:21:40.607 [info] > git show --textconv :CodeIgniter/app/Controllers/Sala.php [17ms]
2023-11-15 18:21:40.614 [info] > git ls-files --stage -- /var/www/clients/client2/web2/web/sistema/adsgrupo06/CodeIgniter/app/Controllers/Sala.php [8ms]
2023-11-15 18:21:43.483 [info] > git config --get commit.template [9ms]
2023-11-15 18:21:43.486 [info] > git for-each-ref --format=%(refname)%00%(upstream:short)%00%(objectname)%00%(upstream:track)%00%(upstream:remotename)%00%(upstream:remoteref) refs/heads/Vinicius refs/remotes/Vinicius [4ms]
2023-11-15 18:21:43.555 [info] > git status -z -uall [62ms]
2023-11-15 18:21:48.654 [info] > git config --get commit.template [8ms]
2023-11-15 18:21:48.656 [info] > git for-each-ref --format=%(refname)%00%(upstream:short)%00%(objectname)%00%(upstream:track)%00%(upstream:remotename)%00%(upstream:remoteref) refs/heads/Vinicius refs/remotes/Vinicius [3ms]
2023-11-15 18:21:48.724 [info] > git status -z -uall [61ms]
2023-11-15 18:21:54.587 [info] > git config --get commit.template [9ms]
2023-11-15 18:21:54.589 [info] > git for-each-ref --format=%(refname)%00%(upstream:short)%00%(objectname)%00%(upstream:track)%00%(upstream:remotename)%00%(upstream:remoteref) refs/heads/Vinicius refs/remotes/Vinicius [4ms]
2023-11-15 18:21:54.675 [info] > git status -z -uall [80ms]
2023-11-15 18:21:55.029 [info] > git show --textconv :CodeIgniter/app/Config/Routes.php [16ms]
2023-11-15 18:21:55.031 [info] > git ls-files --stage -- /var/www/clients/client2/web2/web/sistema/adsgrupo06/CodeIgniter/app/Config/Routes.php [9ms]
2023-11-15 18:21:55.042 [info] > git cat-file -s b1e1bb3f8c4c278207401b4b454a971e5cb5eab9 [3ms]
2023-11-15 18:21:59.764 [info] > git config --get commit.template [8ms]
2023-11-15 18:21:59.767 [info] > git for-each-ref --format=%(refname)%00%(upstream:short)%00%(objectname)%00%(upstream:track)%00%(upstream:remotename)%00%(upstream:remoteref) refs/heads/Vinicius refs/remotes/Vinicius [3ms]
2023-11-15 18:21:59.862 [info] > git status -z -uall [89ms]
2023-11-15 18:22:04.150 [info] > git show --textconv :CodeIgniter/app/Views/sala_editar.php [39ms]
2023-11-15 18:22:04.150 [info] > git ls-files --stage -- /var/www/clients/client2/web2/web/sistema/adsgrupo06/CodeIgniter/app/Views/sala_editar.php [26ms]
2023-11-15 18:22:04.964 [info] > git config --get commit.template [10ms]
2023-11-15 18:22:04.979 [info] > git for-each-ref --format=%(refname)%00%(upstream:short)%00%(objectname)%00%(upstream:track)%00%(upstream:remotename)%00%(upstream:remoteref) refs/heads/Vinicius refs/remotes/Vinicius [15ms]
2023-11-15 18:22:05.204 [info] > git status -z -uall [217ms]
2023-11-15 18:22:07.752 [info] > git show --textconv :CodeIgniter/app/Config/Routes.php [18ms]
2023-11-15 18:22:07.756 [info] > git ls-files --stage -- /var/www/clients/client2/web2/web/sistema/adsgrupo06/CodeIgniter/app/Config/Routes.php [12ms]
2023-11-15 18:22:07.776 [info] > git cat-file -s b1e1bb3f8c4c278207401b4b454a971e5cb5eab9 [5ms]
2023-11-15 18:22:10.308 [info] > git config --get commit.template [11ms]
2023-11-15 18:22:10.312 [info] > git for-each-ref --format=%(refname)%00%(upstream:short)%00%(objectname)%00%(upstream:track)%00%(upstream:remotename)%00%(upstream:remoteref) refs/heads/Vinicius refs/remotes/Vinicius [4ms]
2023-11-15 18:22:10.424 [info] > git show --textconv :CodeIgniter/app/Controllers/Sala.php [12ms]
2023-11-15 18:22:10.439 [info] > git status -z -uall [121ms]
2023-11-15 18:22:10.511 [info] > git ls-files --stage -- /var/www/clients/client2/web2/web/sistema/adsgrupo06/CodeIgniter/app/Controllers/Sala.php [87ms]
2023-11-15 18:22:15.548 [info] > git config --get commit.template [15ms]
2023-11-15 18:22:15.551 [info] > git for-each-ref --format=%(refname)%00%(upstream:short)%00%(objectname)%00%(upstream:track)%00%(upstream:remotename)%00%(upstream:remoteref) refs/heads/Vinicius refs/remotes/Vinicius [5ms]
2023-11-15 18:22:15.688 [info] > git status -z -uall [127ms]
2023-11-15 18:22:17.537 [info] > git show --textconv :CodeIgniter/app/Config/Routes.php [11ms]
2023-11-15 18:22:17.543 [info] > git ls-files --stage -- /var/www/clients/client2/web2/web/sistema/adsgrupo06/CodeIgniter/app/Config/Routes.php [6ms]
2023-11-15 18:22:17.551 [info] > git cat-file -s b1e1bb3f8c4c278207401b4b454a971e5cb5eab9 [3ms]
2023-11-15 18:22:20.783 [info] > git config --get commit.template [22ms]
2023-11-15 18:22:20.785 [info] > git for-each-ref --format=%(refname)%00%(upstream:short)%00%(objectname)%00%(upstream:track)%00%(upstream:remotename)%00%(upstream:remoteref) refs/heads/Vinicius refs/remotes/Vinicius [3ms]
2023-11-15 18:22:20.848 [info] > git status -z -uall [55ms]
2023-11-15 18:22:25.444 [info] > git show --textconv :CodeIgniter/app/Views/sala_editar.php [11ms]
2023-11-15 18:22:25.450 [info] > git ls-files --stage -- /var/www/clients/client2/web2/web/sistema/adsgrupo06/CodeIgniter/app/Views/sala_editar.php [7ms]
2023-11-15 18:22:25.932 [info] > git config --get commit.template [11ms]
2023-11-15 18:22:25.934 [info] > git for-each-ref --format=%(refname)%00%(upstream:short)%00%(objectname)%00%(upstream:track)%00%(upstream:remotename)%00%(upstream:remoteref) refs/heads/Vinicius refs/remotes/Vinicius [3ms]
2023-11-15 18:22:26.000 [info] > git status -z -uall [59ms]
2023-11-15 18:24:00.049 [info] > git config --get commit.template [25ms]
2023-11-15 18:24:00.052 [info] > git for-each-ref --format=%(refname)%00%(upstream:short)%00%(objectname)%00%(upstream:track)%00%(upstream:remotename)%00%(upstream:remoteref) refs/heads/Vinicius refs/remotes/Vinicius [19ms]
2023-11-15 18:24:00.340 [info] > git status -z -uall [281ms]
2023-11-15 18:24:00.686 [info] > git show --textconv :CodeIgniter/app/Controllers/Sala.php [232ms]
2023-11-15 18:24:00.686 [info] > git ls-files --stage -- /var/www/clients/client2/web2/web/sistema/adsgrupo06/CodeIgniter/app/Controllers/Sala.php [223ms]
2023-11-15 18:24:04.170 [info] > git ls-files --stage -- /var/www/clients/client2/web2/web/sistema/adsgrupo06/CodeIgniter/app/Controllers/Salas.php [13ms]
2023-11-15 18:24:04.181 [info] > git show --textconv :CodeIgniter/app/Controllers/Salas.php [30ms]
2023-11-15 18:24:04.186 [info] > git cat-file -s d52875f55aa2d83bad28afde9a91092bd28c0c41 [5ms]
2023-11-15 18:24:05.452 [info] > git config --get commit.template [9ms]
2023-11-15 18:24:05.457 [info] > git for-each-ref --format=%(refname)%00%(upstream:short)%00%(objectname)%00%(upstream:track)%00%(upstream:remotename)%00%(upstream:remoteref) refs/heads/Vinicius refs/remotes/Vinicius [6ms]
2023-11-15 18:24:05.639 [info] > git status -z -uall [176ms]
2023-11-15 18:24:10.734 [info] > git config --get commit.template [10ms]
2023-11-15 18:24:10.739 [info] > git for-each-ref --format=%(refname)%00%(upstream:short)%00%(objectname)%00%(upstream:track)%00%(upstream:remotename)%00%(upstream:remoteref) refs/heads/Vinicius refs/remotes/Vinicius [5ms]
2023-11-15 18:24:10.884 [info] > git status -z -uall [138ms]
2023-11-15 18:24:15.996 [info] > git config --get commit.template [10ms]
2023-11-15 18:24:15.999 [info] > git for-each-ref --format=%(refname)%00%(upstream:short)%00%(objectname)%00%(upstream:track)%00%(upstream:remotename)%00%(upstream:remoteref) refs/heads/Vinicius refs/remotes/Vinicius [4ms]
2023-11-15 18:24:16.061 [info] > git status -z -uall [55ms]
2023-11-15 18:24:17.222 [info] > git ls-files --stage -- /var/www/clients/client2/web2/web/sistema/adsgrupo06/CodeIgniter/app/Controllers/Sala.php [6ms]
2023-11-15 18:24:17.251 [info] > git show --textconv :CodeIgniter/app/Controllers/Sala.php [47ms]
2023-11-15 18:24:21.160 [info] > git config --get commit.template [9ms]
2023-11-15 18:24:21.162 [info] > git for-each-ref --format=%(refname)%00%(upstream:short)%00%(objectname)%00%(upstream:track)%00%(upstream:remotename)%00%(upstream:remoteref) refs/heads/Vinicius refs/remotes/Vinicius [3ms]
2023-11-15 18:24:21.247 [info] > git status -z -uall [79ms]
2023-11-15 18:24:21.638 [info] > git show --textconv :CodeIgniter/app/Controllers/Salas.php [60ms]
2023-11-15 18:24:21.643 [info] > git ls-files --stage -- /var/www/clients/client2/web2/web/sistema/adsgrupo06/CodeIgniter/app/Controllers/Salas.php [35ms]
2023-11-15 18:24:21.656 [info] > git cat-file -s d52875f55aa2d83bad28afde9a91092bd28c0c41 [7ms]
2023-11-15 18:24:26.330 [info] > git config --get commit.template [8ms]
2023-11-15 18:24:26.332 [info] > git for-each-ref --format=%(refname)%00%(upstream:short)%00%(objectname)%00%(upstream:track)%00%(upstream:remotename)%00%(upstream:remoteref) refs/heads/Vinicius refs/remotes/Vinicius [3ms]
2023-11-15 18:24:26.397 [info] > git status -z -uall [60ms]
2023-11-15 18:24:28.664 [info] > git show --textconv :CodeIgniter/app/Controllers/Sala.php [11ms]
2023-11-15 18:24:28.670 [info] > git ls-files --stage -- /var/www/clients/client2/web2/web/sistema/adsgrupo06/CodeIgniter/app/Controllers/Sala.php [7ms]
2023-11-15 18:24:31.479 [info] > git config --get commit.template [10ms]
2023-11-15 18:24:31.481 [info] > git for-each-ref --format=%(refname)%00%(upstream:short)%00%(objectname)%00%(upstream:track)%00%(upstream:remotename)%00%(upstream:remoteref) refs/heads/Vinicius refs/remotes/Vinicius [3ms]
2023-11-15 18:24:31.544 [info] > git status -z -uall [57ms]
2023-11-15 18:24:36.637 [info] > git config --get commit.template [9ms]
2023-11-15 18:24:36.640 [info] > git for-each-ref --format=%(refname)%00%(upstream:short)%00%(objectname)%00%(upstream:track)%00%(upstream:remotename)%00%(upstream:remoteref) refs/heads/Vinicius refs/remotes/Vinicius [3ms]
2023-11-15 18:24:36.704 [info] > git status -z -uall [59ms]
2023-11-15 18:24:41.794 [info] > git config --get commit.template [13ms]
2023-11-15 18:24:41.798 [info] > git for-each-ref --format=%(refname)%00%(upstream:short)%00%(objectname)%00%(upstream:track)%00%(upstream:remotename)%00%(upstream:remoteref) refs/heads/Vinicius refs/remotes/Vinicius [10ms]
2023-11-15 18:24:41.913 [info] > git status -z -uall [106ms]
2023-11-15 18:24:47.012 [info] > git config --get commit.template [9ms]
2023-11-15 18:24:47.015 [info] > git for-each-ref --format=%(refname)%00%(upstream:short)%00%(objectname)%00%(upstream:track)%00%(upstream:remotename)%00%(upstream:remoteref) refs/heads/Vinicius refs/remotes/Vinicius [4ms]
2023-11-15 18:24:47.109 [info] > git status -z -uall [88ms]
2023-11-15 18:24:52.201 [info] > git config --get commit.template [13ms]
2023-11-15 18:24:52.205 [info] > git for-each-ref --format=%(refname)%00%(upstream:short)%00%(objectname)%00%(upstream:track)%00%(upstream:remotename)%00%(upstream:remoteref) refs/heads/Vinicius refs/remotes/Vinicius [5ms]
2023-11-15 18:24:52.329 [info] > git status -z -uall [115ms]
2023-11-15 18:24:59.596 [info] > git config --get commit.template [11ms]
2023-11-15 18:24:59.598 [info] > git for-each-ref --format=%(refname)%00%(upstream:short)%00%(objectname)%00%(upstream:track)%00%(upstream:remotename)%00%(upstream:remoteref) refs/heads/Vinicius refs/remotes/Vinicius [4ms]
2023-11-15 18:24:59.685 [info] > git status -z -uall [80ms]
2023-11-15 18:25:04.891 [info] > git config --get commit.template [26ms]
2023-11-15 18:25:04.897 [info] > git for-each-ref --format=%(refname)%00%(upstream:short)%00%(objectname)%00%(upstream:track)%00%(upstream:remotename)%00%(upstream:remoteref) refs/heads/Vinicius refs/remotes/Vinicius [21ms]
2023-11-15 18:25:05.245 [info] > git status -z -uall [322ms]
2023-11-15 18:25:10.390 [info] > git config --get commit.template [10ms]
2023-11-15 18:25:10.396 [info] > git for-each-ref --format=%(refname)%00%(upstream:short)%00%(objectname)%00%(upstream:track)%00%(upstream:remotename)%00%(upstream:remoteref) refs/heads/Vinicius refs/remotes/Vinicius [9ms]
2023-11-15 18:25:10.591 [info] > git status -z -uall [189ms]
2023-11-15 18:25:15.718 [info] > git config --get commit.template [8ms]
2023-11-15 18:25:15.720 [info] > git for-each-ref --format=%(refname)%00%(upstream:short)%00%(objectname)%00%(upstream:track)%00%(upstream:remotename)%00%(upstream:remoteref) refs/heads/Vinicius refs/remotes/Vinicius [3ms]
2023-11-15 18:25:15.828 [info] > git status -z -uall [101ms]
2023-11-15 18:25:20.984 [info] > git config --get commit.template [10ms]
2023-11-15 18:25:20.987 [info] > git for-each-ref --format=%(refname)%00%(upstream:short)%00%(objectname)%00%(upstream:track)%00%(upstream:remotename)%00%(upstream:remoteref) refs/heads/Vinicius refs/remotes/Vinicius [5ms]
2023-11-15 18:25:21.095 [info] > git status -z -uall [102ms]
2023-11-15 18:25:21.451 [info] > git show --textconv :CodeIgniter/app/Config/Routes.php [17ms]
2023-11-15 18:25:21.454 [info] > git ls-files --stage -- /var/www/clients/client2/web2/web/sistema/adsgrupo06/CodeIgniter/app/Config/Routes.php [12ms]
2023-11-15 18:25:21.465 [info] > git cat-file -s b1e1bb3f8c4c278207401b4b454a971e5cb5eab9 [4ms]
2023-11-15 18:25:26.187 [info] > git config --get commit.template [8ms]
2023-11-15 18:25:26.191 [info] > git for-each-ref --format=%(refname)%00%(upstream:short)%00%(objectname)%00%(upstream:track)%00%(upstream:remotename)%00%(upstream:remoteref) refs/heads/Vinicius refs/remotes/Vinicius [5ms]
2023-11-15 18:25:26.261 [info] > git status -z -uall [62ms]
2023-11-15 18:26:44.583 [info] > git config --get commit.template [38ms]
2023-11-15 18:26:44.588 [info] > git for-each-ref --format=%(refname)%00%(upstream:short)%00%(objectname)%00%(upstream:track)%00%(upstream:remotename)%00%(upstream:remoteref) refs/heads/Vinicius refs/remotes/Vinicius [12ms]
2023-11-15 18:26:44.819 [info] > git status -z -uall [224ms]
2023-11-15 18:26:45.698 [info] > git ls-files --stage -- /var/www/clients/client2/web2/web/sistema/adsgrupo06/CodeIgniter/app/Config/Autoload.php [16ms]
2023-11-15 18:26:45.709 [info] > git show --textconv :CodeIgniter/app/Config/Autoload.php [35ms]
2023-11-15 18:26:45.714 [info] > git cat-file -s ee27e3b2ce18415e79d15baf51ffd29950c8b1db [6ms]
2023-11-15 18:26:49.951 [info] > git config --get commit.template [8ms]
2023-11-15 18:26:49.955 [info] > git for-each-ref --format=%(refname)%00%(upstream:short)%00%(objectname)%00%(upstream:track)%00%(upstream:remotename)%00%(upstream:remoteref) refs/heads/Vinicius refs/remotes/Vinicius [5ms]
2023-11-15 18:26:50.308 [info] > git status -z -uall [347ms]
2023-11-15 18:26:55.413 [info] > git config --get commit.template [10ms]
2023-11-15 18:26:55.416 [info] > git for-each-ref --format=%(refname)%00%(upstream:short)%00%(objectname)%00%(upstream:track)%00%(upstream:remotename)%00%(upstream:remoteref) refs/heads/Vinicius refs/remotes/Vinicius [4ms]
2023-11-15 18:26:55.516 [info] > git status -z -uall [94ms]
2023-11-15 18:27:00.602 [info] > git config --get commit.template [8ms]
2023-11-15 18:27:00.605 [info] > git for-each-ref --format=%(refname)%00%(upstream:short)%00%(objectname)%00%(upstream:track)%00%(upstream:remotename)%00%(upstream:remoteref) refs/heads/Vinicius refs/remotes/Vinicius [4ms]
2023-11-15 18:27:00.675 [info] > git status -z -uall [64ms]
2023-11-15 18:27:05.770 [info] > git config --get commit.template [17ms]
2023-11-15 18:27:05.772 [info] > git for-each-ref --format=%(refname)%00%(upstream:short)%00%(objectname)%00%(upstream:track)%00%(upstream:remotename)%00%(upstream:remoteref) refs/heads/Vinicius refs/remotes/Vinicius [11ms]
2023-11-15 18:27:06.030 [info] > git status -z -uall [250ms]
2023-11-15 18:27:11.138 [info] > git config --get commit.template [14ms]
2023-11-15 18:27:11.142 [info] > git for-each-ref --format=%(refname)%00%(upstream:short)%00%(objectname)%00%(upstream:track)%00%(upstream:remotename)%00%(upstream:remoteref) refs/heads/Vinicius refs/remotes/Vinicius [6ms]
2023-11-15 18:27:11.271 [info] > git status -z -uall [120ms]
2023-11-15 18:27:16.375 [info] > git config --get commit.template [11ms]
2023-11-15 18:27:16.377 [info] > git for-each-ref --format=%(refname)%00%(upstream:short)%00%(objectname)%00%(upstream:track)%00%(upstream:remotename)%00%(upstream:remoteref) refs/heads/Vinicius refs/remotes/Vinicius [4ms]
2023-11-15 18:27:16.481 [info] > git status -z -uall [98ms]
2023-11-15 18:27:21.582 [info] > git config --get commit.template [9ms]
2023-11-15 18:27:21.584 [info] > git for-each-ref --format=%(refname)%00%(upstream:short)%00%(objectname)%00%(upstream:track)%00%(upstream:remotename)%00%(upstream:remoteref) refs/heads/Vinicius refs/remotes/Vinicius [4ms]
2023-11-15 18:27:21.692 [info] > git status -z -uall [101ms]
2023-11-15 18:28:02.118 [info] > git config --get commit.template [19ms]
2023-11-15 18:28:02.134 [info] > git for-each-ref --format=%(refname)%00%(upstream:short)%00%(objectname)%00%(upstream:track)%00%(upstream:remotename)%00%(upstream:remoteref) refs/heads/Vinicius refs/remotes/Vinicius [27ms]
2023-11-15 18:28:02.327 [info] > git status -z -uall [186ms]
2023-11-15 18:28:07.466 [info] > git config --get commit.template [18ms]
2023-11-15 18:28:07.469 [info] > git for-each-ref --format=%(refname)%00%(upstream:short)%00%(objectname)%00%(upstream:track)%00%(upstream:remotename)%00%(upstream:remoteref) refs/heads/Vinicius refs/remotes/Vinicius [6ms]
2023-11-15 18:28:07.584 [info] > git status -z -uall [106ms]
2023-11-15 18:28:12.686 [info] > git config --get commit.template [14ms]
2023-11-15 18:28:12.695 [info] > git for-each-ref --format=%(refname)%00%(upstream:short)%00%(objectname)%00%(upstream:track)%00%(upstream:remotename)%00%(upstream:remoteref) refs/heads/Vinicius refs/remotes/Vinicius [10ms]
2023-11-15 18:28:12.804 [info] > git status -z -uall [100ms]
2023-11-15 18:28:17.908 [info] > git config --get commit.template [10ms]
2023-11-15 18:28:17.910 [info] > git for-each-ref --format=%(refname)%00%(upstream:short)%00%(objectname)%00%(upstream:track)%00%(upstream:remotename)%00%(upstream:remoteref) refs/heads/Vinicius refs/remotes/Vinicius [4ms]
2023-11-15 18:28:18.000 [info] > git status -z -uall [84ms]
2023-11-15 18:28:23.086 [info] > git config --get commit.template [11ms]
2023-11-15 18:28:23.091 [info] > git for-each-ref --format=%(refname)%00%(upstream:short)%00%(objectname)%00%(upstream:track)%00%(upstream:remotename)%00%(upstream:remoteref) refs/heads/Vinicius refs/remotes/Vinicius [6ms]
2023-11-15 18:28:23.205 [info] > git status -z -uall [104ms]
2023-11-15 18:28:29.824 [info] > git config --get commit.template [9ms]
2023-11-15 18:28:29.829 [info] > git for-each-ref --format=%(refname)%00%(upstream:short)%00%(objectname)%00%(upstream:track)%00%(upstream:remotename)%00%(upstream:remoteref) refs/heads/Vinicius refs/remotes/Vinicius [6ms]
2023-11-15 18:28:29.937 [info] > git status -z -uall [103ms]
2023-11-15 18:29:41.292 [info] > git config --get commit.template [19ms]
2023-11-15 18:29:41.296 [info] > git for-each-ref --format=%(refname)%00%(upstream:short)%00%(objectname)%00%(upstream:track)%00%(upstream:remotename)%00%(upstream:remoteref) refs/heads/Vinicius refs/remotes/Vinicius [14ms]
2023-11-15 18:29:41.620 [info] > git status -z -uall [318ms]
2023-11-15 18:29:42.045 [info] > git show --textconv :CodeIgniter/app/Models/SalaModel.php [18ms]
2023-11-15 18:29:42.048 [info] > git ls-files --stage -- /var/www/clients/client2/web2/web/sistema/adsgrupo06/CodeIgniter/app/Models/SalaModel.php [14ms]
2023-11-15 18:29:42.061 [info] > git cat-file -s e971c76437eb39c0ff9200634aaca6fb18c02c09 [4ms]
2023-11-15 18:29:54.041 [info] > git config --get commit.template [13ms]
2023-11-15 18:29:54.047 [info] > git for-each-ref --format=%(refname)%00%(upstream:short)%00%(objectname)%00%(upstream:track)%00%(upstream:remotename)%00%(upstream:remoteref) refs/heads/Vinicius refs/remotes/Vinicius [8ms]
2023-11-15 18:29:54.151 [info] > git status -z -uall [97ms]
2023-11-15 18:29:59.260 [info] > git config --get commit.template [13ms]
2023-11-15 18:29:59.263 [info] > git for-each-ref --format=%(refname)%00%(upstream:short)%00%(objectname)%00%(upstream:track)%00%(upstream:remotename)%00%(upstream:remoteref) refs/heads/Vinicius refs/remotes/Vinicius [8ms]
2023-11-15 18:29:59.398 [info] > git status -z -uall [128ms]
2023-11-15 18:30:04.572 [info] > git config --get commit.template [41ms]
2023-11-15 18:30:04.583 [info] > git for-each-ref --format=%(refname)%00%(upstream:short)%00%(objectname)%00%(upstream:track)%00%(upstream:remotename)%00%(upstream:remoteref) refs/heads/Vinicius refs/remotes/Vinicius [17ms]
2023-11-15 18:30:04.989 [info] > git status -z -uall [389ms]
2023-11-15 18:30:10.275 [info] > git config --get commit.template [21ms]
2023-11-15 18:30:10.279 [info] > git for-each-ref --format=%(refname)%00%(upstream:short)%00%(objectname)%00%(upstream:track)%00%(upstream:remotename)%00%(upstream:remoteref) refs/heads/Vinicius refs/remotes/Vinicius [13ms]
2023-11-15 18:30:10.464 [info] > git status -z -uall [177ms]
2023-11-15 18:30:15.575 [info] > git config --get commit.template [12ms]
2023-11-15 18:30:15.578 [info] > git for-each-ref --format=%(refname)%00%(upstream:short)%00%(objectname)%00%(upstream:track)%00%(upstream:remotename)%00%(upstream:remoteref) refs/heads/Vinicius refs/remotes/Vinicius [4ms]
2023-11-15 18:30:15.671 [info] > git status -z -uall [88ms]
2023-11-15 18:30:20.767 [info] > git config --get commit.template [10ms]
2023-11-15 18:30:20.770 [info] > git for-each-ref --format=%(refname)%00%(upstream:short)%00%(objectname)%00%(upstream:track)%00%(upstream:remotename)%00%(upstream:remoteref) refs/heads/Vinicius refs/remotes/Vinicius [4ms]
2023-11-15 18:30:20.868 [info] > git status -z -uall [92ms]
2023-11-15 18:30:25.949 [info] > git config --get commit.template [9ms]
2023-11-15 18:30:25.951 [info] > git for-each-ref --format=%(refname)%00%(upstream:short)%00%(objectname)%00%(upstream:track)%00%(upstream:remotename)%00%(upstream:remoteref) refs/heads/Vinicius refs/remotes/Vinicius [4ms]
2023-11-15 18:30:26.036 [info] > git status -z -uall [79ms]
2023-11-15 18:30:31.119 [info] > git config --get commit.template [8ms]
2023-11-15 18:30:31.121 [info] > git for-each-ref --format=%(refname)%00%(upstream:short)%00%(objectname)%00%(upstream:track)%00%(upstream:remotename)%00%(upstream:remoteref) refs/heads/Vinicius refs/remotes/Vinicius [4ms]
2023-11-15 18:30:31.212 [info] > git status -z -uall [85ms]
2023-11-15 18:30:36.306 [info] > git config --get commit.template [15ms]
2023-11-15 18:30:36.309 [info] > git for-each-ref --format=%(refname)%00%(upstream:short)%00%(objectname)%00%(upstream:track)%00%(upstream:remotename)%00%(upstream:remoteref) refs/heads/Vinicius refs/remotes/Vinicius [4ms]
2023-11-15 18:30:36.393 [info] > git status -z -uall [77ms]
2023-11-15 18:30:41.501 [info] > git config --get commit.template [10ms]
2023-11-15 18:30:41.504 [info] > git for-each-ref --format=%(refname)%00%(upstream:short)%00%(objectname)%00%(upstream:track)%00%(upstream:remotename)%00%(upstream:remoteref) refs/heads/Vinicius refs/remotes/Vinicius [4ms]
2023-11-15 18:30:41.613 [info] > git status -z -uall [104ms]
2023-11-15 18:30:43.085 [info] > git show --textconv :CodeIgniter/app/Views/salas_exibir.php [17ms]
2023-11-15 18:30:43.094 [info] > git ls-files --stage -- /var/www/clients/client2/web2/web/sistema/adsgrupo06/CodeIgniter/app/Views/salas_exibir.php [16ms]
2023-11-15 18:30:43.112 [info] > git cat-file -s 53dd236803ed5d72f6d6132c2ca2c9af2effac94 [3ms]
2023-11-15 18:30:45.326 [info] > git show --textconv :CodeIgniter/app/Views/sala_editar.php [17ms]
2023-11-15 18:30:45.334 [info] > git ls-files --stage -- /var/www/clients/client2/web2/web/sistema/adsgrupo06/CodeIgniter/app/Views/sala_editar.php [10ms]
2023-11-15 18:30:46.759 [info] > git config --get commit.template [16ms]
2023-11-15 18:30:46.765 [info] > git for-each-ref --format=%(refname)%00%(upstream:short)%00%(objectname)%00%(upstream:track)%00%(upstream:remotename)%00%(upstream:remoteref) refs/heads/Vinicius refs/remotes/Vinicius [7ms]
2023-11-15 18:30:47.217 [info] > git status -z -uall [435ms]
2023-11-15 18:30:52.404 [info] > git config --get commit.template [29ms]
2023-11-15 18:30:52.407 [info] > git for-each-ref --format=%(refname)%00%(upstream:short)%00%(objectname)%00%(upstream:track)%00%(upstream:remotename)%00%(upstream:remoteref) refs/heads/Vinicius refs/remotes/Vinicius [25ms]
2023-11-15 18:30:52.852 [info] > git status -z -uall [437ms]
2023-11-15 18:30:58.274 [info] > git config --get commit.template [10ms]
2023-11-15 18:30:58.282 [info] > git for-each-ref --format=%(refname)%00%(upstream:short)%00%(objectname)%00%(upstream:track)%00%(upstream:remotename)%00%(upstream:remoteref) refs/heads/Vinicius refs/remotes/Vinicius [9ms]
2023-11-15 18:30:58.603 [info] > git status -z -uall [314ms]
2023-11-15 18:31:00.275 [info] > git show --textconv :CodeIgniter/app/Views/salas_exibir.php [20ms]
2023-11-15 18:31:00.278 [info] > git ls-files --stage -- /var/www/clients/client2/web2/web/sistema/adsgrupo06/CodeIgniter/app/Views/salas_exibir.php [13ms]
2023-11-15 18:31:00.292 [info] > git cat-file -s 53dd236803ed5d72f6d6132c2ca2c9af2effac94 [3ms]
2023-11-15 18:31:01.923 [info] > git show --textconv :CodeIgniter/app/Controllers/Sala.php [55ms]
2023-11-15 18:31:01.936 [info] > git ls-files --stage -- /var/www/clients/client2/web2/web/sistema/adsgrupo06/CodeIgniter/app/Controllers/Sala.php [14ms]
2023-11-15 18:31:03.730 [info] > git config --get commit.template [17ms]
2023-11-15 18:31:03.731 [info] > git for-each-ref --format=%(refname)%00%(upstream:short)%00%(objectname)%00%(upstream:track)%00%(upstream:remotename)%00%(upstream:remoteref) refs/heads/Vinicius refs/remotes/Vinicius [18ms]
2023-11-15 18:31:04.090 [info] > git status -z -uall [347ms]
2023-11-15 18:31:09.214 [info] > git config --get commit.template [22ms]
2023-11-15 18:31:09.224 [info] > git for-each-ref --format=%(refname)%00%(upstream:short)%00%(objectname)%00%(upstream:track)%00%(upstream:remotename)%00%(upstream:remoteref) refs/heads/Vinicius refs/remotes/Vinicius [11ms]
2023-11-15 18:31:09.329 [info] > git status -z -uall [97ms]
2023-11-15 18:31:14.416 [info] > git config --get commit.template [8ms]
2023-11-15 18:31:14.418 [info] > git for-each-ref --format=%(refname)%00%(upstream:short)%00%(objectname)%00%(upstream:track)%00%(upstream:remotename)%00%(upstream:remoteref) refs/heads/Vinicius refs/remotes/Vinicius [3ms]
2023-11-15 18:31:14.514 [info] > git status -z -uall [91ms]
2023-11-15 18:31:18.047 [info] > git show --textconv :CodeIgniter/app/Controllers/SalasEditarSelecionada.php [19ms]
2023-11-15 18:31:18.049 [info] > git ls-files --stage -- /var/www/clients/client2/web2/web/sistema/adsgrupo06/CodeIgniter/app/Controllers/SalasEditarSelecionada.php [10ms]
2023-11-15 18:31:18.061 [info] > git cat-file -s a8ec1a678ad3b00db8372395e0be7c9ce5dd4042 [4ms]
2023-11-15 18:31:19.603 [info] > git config --get commit.template [9ms]
2023-11-15 18:31:19.605 [info] > git for-each-ref --format=%(refname)%00%(upstream:short)%00%(objectname)%00%(upstream:track)%00%(upstream:remotename)%00%(upstream:remoteref) refs/heads/Vinicius refs/remotes/Vinicius [3ms]
2023-11-15 18:31:19.706 [info] > git status -z -uall [96ms]
2023-11-15 18:31:20.522 [info] > git show --textconv :CodeIgniter/app/Controllers/Sala.php [20ms]
2023-11-15 18:31:20.525 [info] > git ls-files --stage -- /var/www/clients/client2/web2/web/sistema/adsgrupo06/CodeIgniter/app/Controllers/Sala.php [10ms]
2023-11-15 18:31:24.799 [info] > git config --get commit.template [15ms]
2023-11-15 18:31:24.802 [info] > git for-each-ref --format=%(refname)%00%(upstream:short)%00%(objectname)%00%(upstream:track)%00%(upstream:remotename)%00%(upstream:remoteref) refs/heads/Vinicius refs/remotes/Vinicius [4ms]
2023-11-15 18:31:24.890 [info] > git status -z -uall [82ms]
2023-11-15 18:31:29.986 [info] > git config --get commit.template [13ms]
2023-11-15 18:31:29.989 [info] > git for-each-ref --format=%(refname)%00%(upstream:short)%00%(objectname)%00%(upstream:track)%00%(upstream:remotename)%00%(upstream:remoteref) refs/heads/Vinicius refs/remotes/Vinicius [8ms]
2023-11-15 18:31:30.085 [info] > git status -z -uall [90ms]
2023-11-15 18:31:32.201 [info] > git show --textconv :CodeIgniter/app/Controllers/SalasEditarSelecionada.php [15ms]
2023-11-15 18:31:32.205 [info] > git ls-files --stage -- /var/www/clients/client2/web2/web/sistema/adsgrupo06/CodeIgniter/app/Controllers/SalasEditarSelecionada.php [9ms]
2023-11-15 18:31:32.215 [info] > git cat-file -s a8ec1a678ad3b00db8372395e0be7c9ce5dd4042 [4ms]
2023-11-15 18:31:35.185 [info] > git config --get commit.template [9ms]
2023-11-15 18:31:35.187 [info] > git for-each-ref --format=%(refname)%00%(upstream:short)%00%(objectname)%00%(upstream:track)%00%(upstream:remotename)%00%(upstream:remoteref) refs/heads/Vinicius refs/remotes/Vinicius [3ms]
2023-11-15 18:31:35.253 [info] > git status -z -uall [59ms]
2023-11-15 18:31:35.996 [info] > git show --textconv :CodeIgniter/app/Controllers/Sala.php [12ms]
2023-11-15 18:31:36.004 [info] > git ls-files --stage -- /var/www/clients/client2/web2/web/sistema/adsgrupo06/CodeIgniter/app/Controllers/Sala.php [9ms]
2023-11-15 18:31:40.350 [info] > git config --get commit.template [10ms]
2023-11-15 18:31:40.375 [info] > git show --textconv :CodeIgniter/app/Controllers/SalasEditarSelecionada.php [16ms]
2023-11-15 18:31:40.376 [info] > git for-each-ref --format=%(refname)%00%(upstream:short)%00%(objectname)%00%(upstream:track)%00%(upstream:remotename)%00%(upstream:remoteref) refs/heads/Vinicius refs/remotes/Vinicius [27ms]
2023-11-15 18:31:40.388 [info] > git ls-files --stage -- /var/www/clients/client2/web2/web/sistema/adsgrupo06/CodeIgniter/app/Controllers/SalasEditarSelecionada.php [14ms]
2023-11-15 18:31:40.422 [info] > git cat-file -s a8ec1a678ad3b00db8372395e0be7c9ce5dd4042 [23ms]
2023-11-15 18:31:40.483 [info] > git status -z -uall [96ms]
2023-11-15 18:31:42.036 [info] > git show --textconv :CodeIgniter/app/Config/Routes.php [15ms]
2023-11-15 18:31:42.043 [info] > git ls-files --stage -- /var/www/clients/client2/web2/web/sistema/adsgrupo06/CodeIgniter/app/Config/Routes.php [9ms]
2023-11-15 18:31:42.053 [info] > git cat-file -s b1e1bb3f8c4c278207401b4b454a971e5cb5eab9 [2ms]
2023-11-15 18:31:45.582 [info] > git config --get commit.template [9ms]
2023-11-15 18:31:45.584 [info] > git for-each-ref --format=%(refname)%00%(upstream:short)%00%(objectname)%00%(upstream:track)%00%(upstream:remotename)%00%(upstream:remoteref) refs/heads/Vinicius refs/remotes/Vinicius [4ms]
2023-11-15 18:31:45.652 [info] > git status -z -uall [63ms]
2023-11-15 18:31:47.812 [info] > git check-ignore -v -z --stdin [8ms]
2023-11-15 18:31:50.751 [info] > git config --get commit.template [10ms]
2023-11-15 18:31:50.753 [info] > git for-each-ref --format=%(refname)%00%(upstream:short)%00%(objectname)%00%(upstream:track)%00%(upstream:remotename)%00%(upstream:remoteref) refs/heads/Vinicius refs/remotes/Vinicius [3ms]
2023-11-15 18:31:50.824 [info] > git status -z -uall [64ms]
