2023-11-15 15:26:16.687 [info] Log level: Info
2023-11-15 15:26:16.687 [info] Validating found git in: "git"
2023-11-15 15:26:16.687 [info] Using git "2.20.1" from "git"
2023-11-15 15:26:16.723 [info] > git rev-parse --show-toplevel [39ms]
2023-11-15 15:26:16.767 [info] > git rev-parse --git-dir --git-common-dir [7ms]
2023-11-15 15:26:16.840 [info] Open repository: /var/www/clients/client2/web2/web/sistema/adsgrupo06
2023-11-15 15:26:16.889 [info] > git config --get commit.template [19ms]
2023-11-15 15:26:16.896 [info] > git rev-parse --show-toplevel [11ms]
2023-11-15 15:26:16.996 [info] > git rev-parse --show-toplevel [75ms]
2023-11-15 15:26:16.998 [info] > git for-each-ref --format=%(refname)%00%(upstream:short)%00%(objectname)%00%(upstream:track)%00%(upstream:remotename)%00%(upstream:remoteref) refs/heads/Vinicius refs/remotes/Vinicius [92ms]
2023-11-15 15:26:17.204 [info] > git rev-parse --show-toplevel [147ms]
2023-11-15 15:26:17.292 [info] > git rev-parse --show-toplevel [17ms]
2023-11-15 15:26:17.347 [info] > git rev-parse --show-toplevel [18ms]
2023-11-15 15:26:17.391 [info] > git rev-parse --show-toplevel [11ms]
2023-11-15 15:26:17.431 [info] > git rev-parse --show-toplevel [8ms]
2023-11-15 15:26:17.459 [info] > git status -z -uall [423ms]
2023-11-15 15:26:18.675 [info] > git rev-parse --show-toplevel [1224ms]
2023-11-15 15:26:18.694 [info] > git check-ignore -v -z --stdin [127ms]
2023-11-15 15:26:18.700 [info] > git config --get commit.template [123ms]
2023-11-15 15:26:18.730 [info] > git rev-parse --show-toplevel [37ms]
2023-11-15 15:26:18.799 [info] > git rev-parse --show-toplevel [34ms]
2023-11-15 15:26:18.859 [info] > git for-each-ref --format=%(refname)%00%(upstream:short)%00%(objectname)%00%(upstream:track)%00%(upstream:remotename)%00%(upstream:remoteref) refs/heads/Vinicius refs/remotes/Vinicius [111ms]
2023-11-15 15:26:19.170 [info] > git show --textconv :CodeIgniter/app/Views/welcome_message.php [50ms]
2023-11-15 15:26:19.172 [info] > git ls-files --stage -- /var/www/clients/client2/web2/web/sistema/adsgrupo06/CodeIgniter/app/Views/welcome_message.php [37ms]
2023-11-15 15:26:19.211 [info] > git cat-file -s 9ee2e427c308fa0b4f23cf6dcf326e672abfba70 [22ms]
2023-11-15 15:26:19.271 [info] > git status -z -uall [352ms]
2023-11-15 15:26:20.903 [info] > git ls-files --stage -- /var/www/clients/client2/web2/web/sistema/adsgrupo06/CodeIgniter/app/Views/salas_exibir.php [36ms]
2023-11-15 15:26:20.914 [info] > git show --textconv :CodeIgniter/app/Views/salas_exibir.php [55ms]
2023-11-15 15:26:20.918 [info] > git cat-file -s c885bbb4e3b76f8f97c7b446fd68b85086560962 [5ms]
2023-11-15 15:26:28.140 [info] > git config --get commit.template [50ms]
2023-11-15 15:26:28.143 [info] > git for-each-ref --format=%(refname)%00%(upstream:short)%00%(objectname)%00%(upstream:track)%00%(upstream:remotename)%00%(upstream:remoteref) refs/heads/Vinicius refs/remotes/Vinicius [22ms]
2023-11-15 15:26:28.616 [info] > git status -z -uall [445ms]
2023-11-15 15:26:36.296 [info] > git config --get commit.template [22ms]
2023-11-15 15:26:36.302 [info] > git for-each-ref --format=%(refname)%00%(upstream:short)%00%(objectname)%00%(upstream:track)%00%(upstream:remotename)%00%(upstream:remoteref) refs/heads/Vinicius refs/remotes/Vinicius [11ms]
2023-11-15 15:26:36.630 [info] > git status -z -uall [314ms]
2023-11-15 15:26:45.727 [info] > git config --get commit.template [98ms]
2023-11-15 15:26:45.738 [info] > git for-each-ref --format=%(refname)%00%(upstream:short)%00%(objectname)%00%(upstream:track)%00%(upstream:remotename)%00%(upstream:remoteref) refs/heads/Vinicius refs/remotes/Vinicius [21ms]
2023-11-15 15:26:46.254 [info] > git status -z -uall [493ms]
2023-11-15 15:26:51.502 [info] > git config --get commit.template [36ms]
2023-11-15 15:26:51.506 [info] > git for-each-ref --format=%(refname)%00%(upstream:short)%00%(objectname)%00%(upstream:track)%00%(upstream:remotename)%00%(upstream:remoteref) refs/heads/Vinicius refs/remotes/Vinicius [35ms]
2023-11-15 15:26:51.868 [info] > git status -z -uall [342ms]
2023-11-15 15:26:57.232 [info] > git config --get commit.template [24ms]
2023-11-15 15:26:57.242 [info] > git for-each-ref --format=%(refname)%00%(upstream:short)%00%(objectname)%00%(upstream:track)%00%(upstream:remotename)%00%(upstream:remoteref) refs/heads/Vinicius refs/remotes/Vinicius [13ms]
2023-11-15 15:26:57.467 [info] > git status -z -uall [218ms]
2023-11-15 15:27:02.711 [info] > git config --get commit.template [21ms]
2023-11-15 15:27:02.715 [info] > git for-each-ref --format=%(refname)%00%(upstream:short)%00%(objectname)%00%(upstream:track)%00%(upstream:remotename)%00%(upstream:remoteref) refs/heads/Vinicius refs/remotes/Vinicius [16ms]
2023-11-15 15:27:03.072 [info] > git status -z -uall [350ms]
2023-11-15 15:27:08.203 [info] > git config --get commit.template [13ms]
2023-11-15 15:27:08.206 [info] > git for-each-ref --format=%(refname)%00%(upstream:short)%00%(objectname)%00%(upstream:track)%00%(upstream:remotename)%00%(upstream:remoteref) refs/heads/Vinicius refs/remotes/Vinicius [5ms]
2023-11-15 15:27:08.316 [info] > git status -z -uall [104ms]
2023-11-15 15:27:13.445 [info] > git config --get commit.template [16ms]
2023-11-15 15:27:13.450 [info] > git for-each-ref --format=%(refname)%00%(upstream:short)%00%(objectname)%00%(upstream:track)%00%(upstream:remotename)%00%(upstream:remoteref) refs/heads/Vinicius refs/remotes/Vinicius [7ms]
2023-11-15 15:27:13.579 [info] > git status -z -uall [120ms]
2023-11-15 15:27:51.690 [info] > git config --get commit.template [21ms]
2023-11-15 15:27:51.693 [info] > git for-each-ref --format=%(refname)%00%(upstream:short)%00%(objectname)%00%(upstream:track)%00%(upstream:remotename)%00%(upstream:remoteref) refs/heads/Vinicius refs/remotes/Vinicius [14ms]
2023-11-15 15:27:51.944 [info] > git status -z -uall [240ms]
2023-11-15 15:27:57.105 [info] > git config --get commit.template [12ms]
2023-11-15 15:27:57.107 [info] > git for-each-ref --format=%(refname)%00%(upstream:short)%00%(objectname)%00%(upstream:track)%00%(upstream:remotename)%00%(upstream:remoteref) refs/heads/Vinicius refs/remotes/Vinicius [7ms]
2023-11-15 15:27:57.213 [info] > git status -z -uall [97ms]
2023-11-15 15:28:11.171 [info] > git config --get commit.template [28ms]
2023-11-15 15:28:11.180 [info] > git for-each-ref --format=%(refname)%00%(upstream:short)%00%(objectname)%00%(upstream:track)%00%(upstream:remotename)%00%(upstream:remoteref) refs/heads/Vinicius refs/remotes/Vinicius [9ms]
2023-11-15 15:28:11.504 [info] > git status -z -uall [318ms]
2023-11-15 15:28:16.801 [info] > git config --get commit.template [11ms]
2023-11-15 15:28:16.808 [info] > git for-each-ref --format=%(refname)%00%(upstream:short)%00%(objectname)%00%(upstream:track)%00%(upstream:remotename)%00%(upstream:remoteref) refs/heads/Vinicius refs/remotes/Vinicius [8ms]
2023-11-15 15:28:16.942 [info] > git status -z -uall [127ms]
2023-11-15 15:28:22.131 [info] > git config --get commit.template [14ms]
2023-11-15 15:28:22.134 [info] > git for-each-ref --format=%(refname)%00%(upstream:short)%00%(objectname)%00%(upstream:track)%00%(upstream:remotename)%00%(upstream:remoteref) refs/heads/Vinicius refs/remotes/Vinicius [4ms]
2023-11-15 15:28:22.250 [info] > git status -z -uall [110ms]
2023-11-15 15:28:44.447 [info] > git config --get commit.template [14ms]
2023-11-15 15:28:44.451 [info] > git for-each-ref --format=%(refname)%00%(upstream:short)%00%(objectname)%00%(upstream:track)%00%(upstream:remotename)%00%(upstream:remoteref) refs/heads/Vinicius refs/remotes/Vinicius [7ms]
2023-11-15 15:28:44.560 [info] > git status -z -uall [97ms]
2023-11-15 15:28:46.981 [info] > git check-ignore -v -z --stdin [15ms]
2023-11-15 15:28:49.673 [info] > git config --get commit.template [10ms]
2023-11-15 15:28:49.675 [info] > git for-each-ref --format=%(refname)%00%(upstream:short)%00%(objectname)%00%(upstream:track)%00%(upstream:remotename)%00%(upstream:remoteref) refs/heads/Vinicius refs/remotes/Vinicius [3ms]
2023-11-15 15:28:49.743 [info] > git status -z -uall [62ms]
2023-11-15 15:28:54.855 [info] > git config --get commit.template [9ms]
2023-11-15 15:28:54.857 [info] > git for-each-ref --format=%(refname)%00%(upstream:short)%00%(objectname)%00%(upstream:track)%00%(upstream:remotename)%00%(upstream:remoteref) refs/heads/Vinicius refs/remotes/Vinicius [4ms]
2023-11-15 15:28:54.944 [info] > git status -z -uall [80ms]
2023-11-15 15:29:07.517 [info] > git config --get commit.template [20ms]
2023-11-15 15:29:07.520 [info] > git for-each-ref --format=%(refname)%00%(upstream:short)%00%(objectname)%00%(upstream:track)%00%(upstream:remotename)%00%(upstream:remoteref) refs/heads/Vinicius refs/remotes/Vinicius [16ms]
2023-11-15 15:29:07.724 [info] > git status -z -uall [197ms]
2023-11-15 15:29:12.875 [info] > git config --get commit.template [10ms]
2023-11-15 15:29:12.879 [info] > git for-each-ref --format=%(refname)%00%(upstream:short)%00%(objectname)%00%(upstream:track)%00%(upstream:remotename)%00%(upstream:remoteref) refs/heads/Vinicius refs/remotes/Vinicius [6ms]
2023-11-15 15:29:12.954 [info] > git status -z -uall [70ms]
2023-11-15 15:29:18.053 [info] > git config --get commit.template [12ms]
2023-11-15 15:29:18.056 [info] > git for-each-ref --format=%(refname)%00%(upstream:short)%00%(objectname)%00%(upstream:track)%00%(upstream:remotename)%00%(upstream:remoteref) refs/heads/Vinicius refs/remotes/Vinicius [4ms]
2023-11-15 15:29:18.135 [info] > git status -z -uall [72ms]
2023-11-15 15:29:23.257 [info] > git config --get commit.template [9ms]
2023-11-15 15:29:23.260 [info] > git for-each-ref --format=%(refname)%00%(upstream:short)%00%(objectname)%00%(upstream:track)%00%(upstream:remotename)%00%(upstream:remoteref) refs/heads/Vinicius refs/remotes/Vinicius [3ms]
2023-11-15 15:29:23.333 [info] > git status -z -uall [67ms]
2023-11-15 15:29:32.172 [info] > git config --get commit.template [9ms]
2023-11-15 15:29:32.175 [info] > git for-each-ref --format=%(refname)%00%(upstream:short)%00%(objectname)%00%(upstream:track)%00%(upstream:remotename)%00%(upstream:remoteref) refs/heads/Vinicius refs/remotes/Vinicius [4ms]
2023-11-15 15:29:32.244 [info] > git status -z -uall [62ms]
2023-11-15 15:29:37.339 [info] > git config --get commit.template [8ms]
2023-11-15 15:29:37.341 [info] > git for-each-ref --format=%(refname)%00%(upstream:short)%00%(objectname)%00%(upstream:track)%00%(upstream:remotename)%00%(upstream:remoteref) refs/heads/Vinicius refs/remotes/Vinicius [4ms]
2023-11-15 15:29:37.445 [info] > git status -z -uall [98ms]
2023-11-15 15:29:42.551 [info] > git config --get commit.template [10ms]
2023-11-15 15:29:42.554 [info] > git for-each-ref --format=%(refname)%00%(upstream:short)%00%(objectname)%00%(upstream:track)%00%(upstream:remotename)%00%(upstream:remoteref) refs/heads/Vinicius refs/remotes/Vinicius [4ms]
2023-11-15 15:29:42.658 [info] > git status -z -uall [98ms]
2023-11-15 15:29:47.743 [info] > git config --get commit.template [10ms]
2023-11-15 15:29:47.745 [info] > git for-each-ref --format=%(refname)%00%(upstream:short)%00%(objectname)%00%(upstream:track)%00%(upstream:remotename)%00%(upstream:remoteref) refs/heads/Vinicius refs/remotes/Vinicius [5ms]
2023-11-15 15:29:47.822 [info] > git status -z -uall [71ms]
2023-11-15 15:29:53.016 [info] > git config --get commit.template [10ms]
2023-11-15 15:29:53.018 [info] > git for-each-ref --format=%(refname)%00%(upstream:short)%00%(objectname)%00%(upstream:track)%00%(upstream:remotename)%00%(upstream:remoteref) refs/heads/Vinicius refs/remotes/Vinicius [4ms]
2023-11-15 15:29:53.084 [info] > git status -z -uall [60ms]
2023-11-15 15:29:58.271 [info] > git config --get commit.template [12ms]
2023-11-15 15:29:58.273 [info] > git for-each-ref --format=%(refname)%00%(upstream:short)%00%(objectname)%00%(upstream:track)%00%(upstream:remotename)%00%(upstream:remoteref) refs/heads/Vinicius refs/remotes/Vinicius [4ms]
2023-11-15 15:29:58.349 [info] > git status -z -uall [69ms]
2023-11-15 15:30:08.905 [info] > git config --get commit.template [23ms]
2023-11-15 15:30:08.910 [info] > git for-each-ref --format=%(refname)%00%(upstream:short)%00%(objectname)%00%(upstream:track)%00%(upstream:remotename)%00%(upstream:remoteref) refs/heads/Vinicius refs/remotes/Vinicius [24ms]
2023-11-15 15:30:09.109 [info] > git status -z -uall [181ms]
2023-11-15 15:30:14.473 [info] > git config --get commit.template [8ms]
2023-11-15 15:30:14.476 [info] > git for-each-ref --format=%(refname)%00%(upstream:short)%00%(objectname)%00%(upstream:track)%00%(upstream:remotename)%00%(upstream:remoteref) refs/heads/Vinicius refs/remotes/Vinicius [4ms]
2023-11-15 15:30:14.575 [info] > git status -z -uall [93ms]
2023-11-15 15:30:19.681 [info] > git config --get commit.template [9ms]
2023-11-15 15:30:19.684 [info] > git for-each-ref --format=%(refname)%00%(upstream:short)%00%(objectname)%00%(upstream:track)%00%(upstream:remotename)%00%(upstream:remoteref) refs/heads/Vinicius refs/remotes/Vinicius [5ms]
2023-11-15 15:30:19.756 [info] > git status -z -uall [66ms]
2023-11-15 15:30:24.980 [info] > git config --get commit.template [11ms]
2023-11-15 15:30:24.983 [info] > git for-each-ref --format=%(refname)%00%(upstream:short)%00%(objectname)%00%(upstream:track)%00%(upstream:remotename)%00%(upstream:remoteref) refs/heads/Vinicius refs/remotes/Vinicius [3ms]
2023-11-15 15:30:25.070 [info] > git status -z -uall [80ms]
2023-11-15 15:30:30.166 [info] > git config --get commit.template [9ms]
2023-11-15 15:30:30.168 [info] > git for-each-ref --format=%(refname)%00%(upstream:short)%00%(objectname)%00%(upstream:track)%00%(upstream:remotename)%00%(upstream:remoteref) refs/heads/Vinicius refs/remotes/Vinicius [3ms]
2023-11-15 15:30:30.247 [info] > git status -z -uall [73ms]
2023-11-15 15:30:35.337 [info] > git config --get commit.template [9ms]
2023-11-15 15:30:35.339 [info] > git for-each-ref --format=%(refname)%00%(upstream:short)%00%(objectname)%00%(upstream:track)%00%(upstream:remotename)%00%(upstream:remoteref) refs/heads/Vinicius refs/remotes/Vinicius [3ms]
2023-11-15 15:30:35.406 [info] > git status -z -uall [60ms]
2023-11-15 15:30:40.606 [info] > git config --get commit.template [15ms]
2023-11-15 15:30:40.609 [info] > git for-each-ref --format=%(refname)%00%(upstream:short)%00%(objectname)%00%(upstream:track)%00%(upstream:remotename)%00%(upstream:remoteref) refs/heads/Vinicius refs/remotes/Vinicius [5ms]
2023-11-15 15:30:40.730 [info] > git status -z -uall [111ms]
2023-11-15 15:30:56.410 [info] > git config --get commit.template [8ms]
2023-11-15 15:30:56.413 [info] > git for-each-ref --format=%(refname)%00%(upstream:short)%00%(objectname)%00%(upstream:track)%00%(upstream:remotename)%00%(upstream:remoteref) refs/heads/Vinicius refs/remotes/Vinicius [5ms]
2023-11-15 15:30:56.510 [info] > git status -z -uall [92ms]
2023-11-15 15:31:01.625 [info] > git config --get commit.template [10ms]
2023-11-15 15:31:01.628 [info] > git for-each-ref --format=%(refname)%00%(upstream:short)%00%(objectname)%00%(upstream:track)%00%(upstream:remotename)%00%(upstream:remoteref) refs/heads/Vinicius refs/remotes/Vinicius [5ms]
2023-11-15 15:31:01.755 [info] > git status -z -uall [122ms]
2023-11-15 15:31:06.845 [info] > git check-ignore -v -z --stdin [40ms]
2023-11-15 15:31:06.893 [info] > git config --get commit.template [9ms]
2023-11-15 15:31:06.897 [info] > git for-each-ref --format=%(refname)%00%(upstream:short)%00%(objectname)%00%(upstream:track)%00%(upstream:remotename)%00%(upstream:remoteref) refs/heads/Vinicius refs/remotes/Vinicius [8ms]
2023-11-15 15:31:07.087 [info] > git status -z -uall [183ms]
2023-11-15 15:31:07.522 [info] > git check-ignore -v -z --stdin [22ms]
2023-11-15 15:31:12.254 [info] > git config --get commit.template [9ms]
2023-11-15 15:31:12.257 [info] > git for-each-ref --format=%(refname)%00%(upstream:short)%00%(objectname)%00%(upstream:track)%00%(upstream:remotename)%00%(upstream:remoteref) refs/heads/Vinicius refs/remotes/Vinicius [4ms]
2023-11-15 15:31:12.334 [info] > git status -z -uall [71ms]
2023-11-15 15:31:17.527 [info] > git config --get commit.template [13ms]
2023-11-15 15:31:17.530 [info] > git for-each-ref --format=%(refname)%00%(upstream:short)%00%(objectname)%00%(upstream:track)%00%(upstream:remotename)%00%(upstream:remoteref) refs/heads/Vinicius refs/remotes/Vinicius [5ms]
2023-11-15 15:31:17.640 [info] > git status -z -uall [101ms]
2023-11-15 15:31:22.946 [info] > git config --get commit.template [12ms]
2023-11-15 15:31:22.948 [info] > git for-each-ref --format=%(refname)%00%(upstream:short)%00%(objectname)%00%(upstream:track)%00%(upstream:remotename)%00%(upstream:remoteref) refs/heads/Vinicius refs/remotes/Vinicius [8ms]
2023-11-15 15:31:23.018 [info] > git status -z -uall [64ms]
2023-11-15 15:31:28.193 [info] > git config --get commit.template [9ms]
2023-11-15 15:31:28.195 [info] > git for-each-ref --format=%(refname)%00%(upstream:short)%00%(objectname)%00%(upstream:track)%00%(upstream:remotename)%00%(upstream:remoteref) refs/heads/Vinicius refs/remotes/Vinicius [3ms]
2023-11-15 15:31:28.276 [info] > git status -z -uall [76ms]
2023-11-15 15:31:33.373 [info] > git config --get commit.template [10ms]
2023-11-15 15:31:33.375 [info] > git for-each-ref --format=%(refname)%00%(upstream:short)%00%(objectname)%00%(upstream:track)%00%(upstream:remotename)%00%(upstream:remoteref) refs/heads/Vinicius refs/remotes/Vinicius [5ms]
2023-11-15 15:31:33.446 [info] > git status -z -uall [64ms]
2023-11-15 15:31:38.551 [info] > git config --get commit.template [12ms]
2023-11-15 15:31:38.557 [info] > git for-each-ref --format=%(refname)%00%(upstream:short)%00%(objectname)%00%(upstream:track)%00%(upstream:remotename)%00%(upstream:remoteref) refs/heads/Vinicius refs/remotes/Vinicius [7ms]
2023-11-15 15:31:38.632 [info] > git status -z -uall [66ms]
2023-11-15 15:31:43.742 [info] > git config --get commit.template [18ms]
2023-11-15 15:31:43.743 [info] > git for-each-ref --format=%(refname)%00%(upstream:short)%00%(objectname)%00%(upstream:track)%00%(upstream:remotename)%00%(upstream:remoteref) refs/heads/Vinicius refs/remotes/Vinicius [10ms]
2023-11-15 15:31:43.830 [info] > git status -z -uall [75ms]
2023-11-15 15:31:46.704 [info] > git check-ignore -v -z --stdin [10ms]
2023-11-15 15:31:47.234 [info] > git check-ignore -v -z --stdin [6ms]
2023-11-15 15:31:48.924 [info] > git config --get commit.template [8ms]
2023-11-15 15:31:48.926 [info] > git for-each-ref --format=%(refname)%00%(upstream:short)%00%(objectname)%00%(upstream:track)%00%(upstream:remotename)%00%(upstream:remoteref) refs/heads/Vinicius refs/remotes/Vinicius [3ms]
2023-11-15 15:31:48.990 [info] > git status -z -uall [59ms]
2023-11-15 15:31:54.191 [info] > git config --get commit.template [16ms]
2023-11-15 15:31:54.193 [info] > git for-each-ref --format=%(refname)%00%(upstream:short)%00%(objectname)%00%(upstream:track)%00%(upstream:remotename)%00%(upstream:remoteref) refs/heads/Vinicius refs/remotes/Vinicius [4ms]
2023-11-15 15:31:54.263 [info] > git status -z -uall [61ms]
2023-11-15 15:31:59.454 [info] > git config --get commit.template [21ms]
2023-11-15 15:31:59.459 [info] > git for-each-ref --format=%(refname)%00%(upstream:short)%00%(objectname)%00%(upstream:track)%00%(upstream:remotename)%00%(upstream:remoteref) refs/heads/Vinicius refs/remotes/Vinicius [10ms]
2023-11-15 15:31:59.534 [info] > git status -z -uall [66ms]
2023-11-15 15:32:04.627 [info] > git config --get commit.template [19ms]
2023-11-15 15:32:04.630 [info] > git for-each-ref --format=%(refname)%00%(upstream:short)%00%(objectname)%00%(upstream:track)%00%(upstream:remotename)%00%(upstream:remoteref) refs/heads/Vinicius refs/remotes/Vinicius [15ms]
2023-11-15 15:32:04.918 [info] > git status -z -uall [282ms]
2023-11-15 15:32:10.032 [info] > git config --get commit.template [10ms]
2023-11-15 15:32:10.036 [info] > git for-each-ref --format=%(refname)%00%(upstream:short)%00%(objectname)%00%(upstream:track)%00%(upstream:remotename)%00%(upstream:remoteref) refs/heads/Vinicius refs/remotes/Vinicius [4ms]
2023-11-15 15:32:10.234 [info] > git status -z -uall [193ms]
2023-11-15 15:32:15.420 [info] > git config --get commit.template [8ms]
2023-11-15 15:32:15.423 [info] > git for-each-ref --format=%(refname)%00%(upstream:short)%00%(objectname)%00%(upstream:track)%00%(upstream:remotename)%00%(upstream:remoteref) refs/heads/Vinicius refs/remotes/Vinicius [4ms]
2023-11-15 15:32:15.523 [info] > git status -z -uall [94ms]
2023-11-15 15:32:20.713 [info] > git config --get commit.template [10ms]
2023-11-15 15:32:20.717 [info] > git for-each-ref --format=%(refname)%00%(upstream:short)%00%(objectname)%00%(upstream:track)%00%(upstream:remotename)%00%(upstream:remoteref) refs/heads/Vinicius refs/remotes/Vinicius [4ms]
2023-11-15 15:32:20.798 [info] > git status -z -uall [71ms]
2023-11-15 15:32:25.895 [info] > git config --get commit.template [9ms]
2023-11-15 15:32:25.898 [info] > git for-each-ref --format=%(refname)%00%(upstream:short)%00%(objectname)%00%(upstream:track)%00%(upstream:remotename)%00%(upstream:remoteref) refs/heads/Vinicius refs/remotes/Vinicius [3ms]
2023-11-15 15:32:25.986 [info] > git status -z -uall [81ms]
2023-11-15 15:32:28.245 [info] > git check-ignore -v -z --stdin [9ms]
2023-11-15 15:32:29.826 [info] > git check-ignore -v -z --stdin [5ms]
2023-11-15 15:32:31.076 [info] > git config --get commit.template [8ms]
2023-11-15 15:32:31.078 [info] > git for-each-ref --format=%(refname)%00%(upstream:short)%00%(objectname)%00%(upstream:track)%00%(upstream:remotename)%00%(upstream:remoteref) refs/heads/Vinicius refs/remotes/Vinicius [3ms]
2023-11-15 15:32:31.139 [info] > git status -z -uall [56ms]
2023-11-15 15:32:36.309 [info] > git config --get commit.template [9ms]
2023-11-15 15:32:36.311 [info] > git for-each-ref --format=%(refname)%00%(upstream:short)%00%(objectname)%00%(upstream:track)%00%(upstream:remotename)%00%(upstream:remoteref) refs/heads/Vinicius refs/remotes/Vinicius [4ms]
2023-11-15 15:32:36.382 [info] > git status -z -uall [64ms]
2023-11-15 15:32:42.042 [info] > git config --get commit.template [11ms]
2023-11-15 15:32:42.045 [info] > git for-each-ref --format=%(refname)%00%(upstream:short)%00%(objectname)%00%(upstream:track)%00%(upstream:remotename)%00%(upstream:remoteref) refs/heads/Vinicius refs/remotes/Vinicius [4ms]
2023-11-15 15:32:42.141 [info] > git status -z -uall [88ms]
2023-11-15 15:33:11.879 [info] > git config --get commit.template [10ms]
2023-11-15 15:33:11.886 [info] > git for-each-ref --format=%(refname)%00%(upstream:short)%00%(objectname)%00%(upstream:track)%00%(upstream:remotename)%00%(upstream:remoteref) refs/heads/Vinicius refs/remotes/Vinicius [7ms]
2023-11-15 15:33:12.154 [info] > git status -z -uall [260ms]
2023-11-15 15:33:13.330 [info] > git check-ignore -v -z --stdin [20ms]
2023-11-15 15:33:17.314 [info] > git config --get commit.template [14ms]
2023-11-15 15:33:17.319 [info] > git for-each-ref --format=%(refname)%00%(upstream:short)%00%(objectname)%00%(upstream:track)%00%(upstream:remotename)%00%(upstream:remoteref) refs/heads/Vinicius refs/remotes/Vinicius [7ms]
2023-11-15 15:33:17.410 [info] > git status -z -uall [86ms]
2023-11-15 15:33:22.511 [info] > git config --get commit.template [10ms]
2023-11-15 15:33:22.513 [info] > git for-each-ref --format=%(refname)%00%(upstream:short)%00%(objectname)%00%(upstream:track)%00%(upstream:remotename)%00%(upstream:remoteref) refs/heads/Vinicius refs/remotes/Vinicius [3ms]
2023-11-15 15:33:22.603 [info] > git status -z -uall [84ms]
2023-11-15 15:33:27.692 [info] > git config --get commit.template [10ms]
2023-11-15 15:33:27.695 [info] > git for-each-ref --format=%(refname)%00%(upstream:short)%00%(objectname)%00%(upstream:track)%00%(upstream:remotename)%00%(upstream:remoteref) refs/heads/Vinicius refs/remotes/Vinicius [4ms]
2023-11-15 15:33:27.760 [info] > git status -z -uall [57ms]
2023-11-15 15:33:32.967 [info] > git config --get commit.template [9ms]
2023-11-15 15:33:32.969 [info] > git for-each-ref --format=%(refname)%00%(upstream:short)%00%(objectname)%00%(upstream:track)%00%(upstream:remotename)%00%(upstream:remoteref) refs/heads/Vinicius refs/remotes/Vinicius [3ms]
2023-11-15 15:33:33.043 [info] > git status -z -uall [67ms]
2023-11-15 15:33:38.245 [info] > git config --get commit.template [12ms]
2023-11-15 15:33:38.248 [info] > git for-each-ref --format=%(refname)%00%(upstream:short)%00%(objectname)%00%(upstream:track)%00%(upstream:remotename)%00%(upstream:remoteref) refs/heads/Vinicius refs/remotes/Vinicius [4ms]
2023-11-15 15:33:38.325 [info] > git status -z -uall [70ms]
2023-11-15 15:33:43.511 [info] > git config --get commit.template [10ms]
2023-11-15 15:33:43.514 [info] > git for-each-ref --format=%(refname)%00%(upstream:short)%00%(objectname)%00%(upstream:track)%00%(upstream:remotename)%00%(upstream:remoteref) refs/heads/Vinicius refs/remotes/Vinicius [4ms]
2023-11-15 15:33:43.582 [info] > git status -z -uall [62ms]
2023-11-15 15:33:48.790 [info] > git config --get commit.template [10ms]
2023-11-15 15:33:48.794 [info] > git for-each-ref --format=%(refname)%00%(upstream:short)%00%(objectname)%00%(upstream:track)%00%(upstream:remotename)%00%(upstream:remoteref) refs/heads/Vinicius refs/remotes/Vinicius [4ms]
2023-11-15 15:33:48.875 [info] > git status -z -uall [73ms]
2023-11-15 15:33:54.063 [info] > git config --get commit.template [9ms]
2023-11-15 15:33:54.065 [info] > git for-each-ref --format=%(refname)%00%(upstream:short)%00%(objectname)%00%(upstream:track)%00%(upstream:remotename)%00%(upstream:remoteref) refs/heads/Vinicius refs/remotes/Vinicius [3ms]
2023-11-15 15:33:54.131 [info] > git status -z -uall [59ms]
2023-11-15 15:33:59.305 [info] > git config --get commit.template [11ms]
2023-11-15 15:33:59.308 [info] > git for-each-ref --format=%(refname)%00%(upstream:short)%00%(objectname)%00%(upstream:track)%00%(upstream:remotename)%00%(upstream:remoteref) refs/heads/Vinicius refs/remotes/Vinicius [3ms]
2023-11-15 15:33:59.379 [info] > git status -z -uall [65ms]
2023-11-15 15:34:19.197 [info] > git config --get commit.template [28ms]
2023-11-15 15:34:19.228 [info] > git for-each-ref --format=%(refname)%00%(upstream:short)%00%(objectname)%00%(upstream:track)%00%(upstream:remotename)%00%(upstream:remoteref) refs/heads/Vinicius refs/remotes/Vinicius [54ms]
2023-11-15 15:34:19.495 [info] > git status -z -uall [259ms]
2023-11-15 15:34:22.621 [info] > git check-ignore -v -z --stdin [16ms]
2023-11-15 15:34:24.330 [info] > git check-ignore -v -z --stdin [10ms]
2023-11-15 15:34:24.613 [info] > git config --get commit.template [8ms]
2023-11-15 15:34:24.615 [info] > git for-each-ref --format=%(refname)%00%(upstream:short)%00%(objectname)%00%(upstream:track)%00%(upstream:remotename)%00%(upstream:remoteref) refs/heads/Vinicius refs/remotes/Vinicius [3ms]
2023-11-15 15:34:24.686 [info] > git status -z -uall [66ms]
2023-11-15 15:34:25.113 [info] > git check-ignore -v -z --stdin [29ms]
2023-11-15 15:34:27.965 [info] > git check-ignore -v -z --stdin [43ms]
2023-11-15 15:34:29.692 [info] > git show --textconv :CodeIgniter/writable/debugbar/debugbar_1700058956.json [15ms]
2023-11-15 15:34:29.700 [info] > git ls-files --stage -- /var/www/clients/client2/web2/web/sistema/adsgrupo06/CodeIgniter/writable/debugbar/debugbar_1700058956.json [10ms]
2023-11-15 15:34:29.873 [info] > git config --get commit.template [36ms]
2023-11-15 15:34:29.875 [info] > git for-each-ref --format=%(refname)%00%(upstream:short)%00%(objectname)%00%(upstream:track)%00%(upstream:remotename)%00%(upstream:remoteref) refs/heads/Vinicius refs/remotes/Vinicius [4ms]
2023-11-15 15:34:30.176 [info] > git status -z -uall [286ms]
2023-11-15 15:34:35.362 [info] > git config --get commit.template [15ms]
2023-11-15 15:34:35.363 [info] > git for-each-ref --format=%(refname)%00%(upstream:short)%00%(objectname)%00%(upstream:track)%00%(upstream:remotename)%00%(upstream:remoteref) refs/heads/Vinicius refs/remotes/Vinicius [9ms]
2023-11-15 15:34:35.559 [info] > git status -z -uall [189ms]
2023-11-15 15:34:40.498 [info] > git show --textconv :CodeIgniter/app/Views/salas_exibir.php [25ms]
2023-11-15 15:34:40.502 [info] > git ls-files --stage -- /var/www/clients/client2/web2/web/sistema/adsgrupo06/CodeIgniter/app/Views/salas_exibir.php [18ms]
2023-11-15 15:34:40.516 [info] > git cat-file -s c885bbb4e3b76f8f97c7b446fd68b85086560962 [2ms]
2023-11-15 15:34:40.701 [info] > git config --get commit.template [12ms]
2023-11-15 15:34:40.704 [info] > git for-each-ref --format=%(refname)%00%(upstream:short)%00%(objectname)%00%(upstream:track)%00%(upstream:remotename)%00%(upstream:remoteref) refs/heads/Vinicius refs/remotes/Vinicius [4ms]
2023-11-15 15:34:40.779 [info] > git status -z -uall [67ms]
2023-11-15 15:34:45.886 [info] > git config --get commit.template [10ms]
2023-11-15 15:34:45.888 [info] > git for-each-ref --format=%(refname)%00%(upstream:short)%00%(objectname)%00%(upstream:track)%00%(upstream:remotename)%00%(upstream:remoteref) refs/heads/Vinicius refs/remotes/Vinicius [3ms]
2023-11-15 15:34:45.955 [info] > git status -z -uall [61ms]
2023-11-15 15:34:51.159 [info] > git config --get commit.template [13ms]
2023-11-15 15:34:51.162 [info] > git for-each-ref --format=%(refname)%00%(upstream:short)%00%(objectname)%00%(upstream:track)%00%(upstream:remotename)%00%(upstream:remoteref) refs/heads/Vinicius refs/remotes/Vinicius [4ms]
2023-11-15 15:34:51.234 [info] > git status -z -uall [62ms]
2023-11-15 15:35:16.378 [info] > git config --get commit.template [33ms]
2023-11-15 15:35:16.381 [info] > git for-each-ref --format=%(refname)%00%(upstream:short)%00%(objectname)%00%(upstream:track)%00%(upstream:remotename)%00%(upstream:remoteref) refs/heads/Vinicius refs/remotes/Vinicius [26ms]
2023-11-15 15:35:16.594 [info] > git status -z -uall [205ms]
2023-11-15 15:35:21.741 [info] > git config --get commit.template [11ms]
2023-11-15 15:35:21.745 [info] > git for-each-ref --format=%(refname)%00%(upstream:short)%00%(objectname)%00%(upstream:track)%00%(upstream:remotename)%00%(upstream:remoteref) refs/heads/Vinicius refs/remotes/Vinicius [6ms]
2023-11-15 15:35:21.854 [info] > git status -z -uall [104ms]
2023-11-15 15:35:35.292 [info] > git config --get commit.template [10ms]
2023-11-15 15:35:35.295 [info] > git for-each-ref --format=%(refname)%00%(upstream:short)%00%(objectname)%00%(upstream:track)%00%(upstream:remotename)%00%(upstream:remoteref) refs/heads/Vinicius refs/remotes/Vinicius [5ms]
2023-11-15 15:35:35.411 [info] > git status -z -uall [108ms]
2023-11-15 15:35:40.534 [info] > git config --get commit.template [16ms]
2023-11-15 15:35:40.538 [info] > git for-each-ref --format=%(refname)%00%(upstream:short)%00%(objectname)%00%(upstream:track)%00%(upstream:remotename)%00%(upstream:remoteref) refs/heads/Vinicius refs/remotes/Vinicius [4ms]
2023-11-15 15:35:40.680 [info] > git status -z -uall [135ms]
2023-11-15 15:35:52.303 [info] > git config --get commit.template [20ms]
2023-11-15 15:35:52.305 [info] > git for-each-ref --format=%(refname)%00%(upstream:short)%00%(objectname)%00%(upstream:track)%00%(upstream:remotename)%00%(upstream:remoteref) refs/heads/Vinicius refs/remotes/Vinicius [11ms]
2023-11-15 15:35:52.463 [info] > git status -z -uall [152ms]
2023-11-15 15:35:57.576 [info] > git config --get commit.template [9ms]
2023-11-15 15:35:57.580 [info] > git for-each-ref --format=%(refname)%00%(upstream:short)%00%(objectname)%00%(upstream:track)%00%(upstream:remotename)%00%(upstream:remoteref) refs/heads/Vinicius refs/remotes/Vinicius [5ms]
2023-11-15 15:35:57.679 [info] > git status -z -uall [93ms]
2023-11-15 15:36:02.812 [info] > git config --get commit.template [21ms]
2023-11-15 15:36:02.816 [info] > git for-each-ref --format=%(refname)%00%(upstream:short)%00%(objectname)%00%(upstream:track)%00%(upstream:remotename)%00%(upstream:remoteref) refs/heads/Vinicius refs/remotes/Vinicius [17ms]
2023-11-15 15:36:03.033 [info] > git status -z -uall [202ms]
2023-11-15 15:36:10.815 [info] > git config --get commit.template [11ms]
2023-11-15 15:36:10.820 [info] > git for-each-ref --format=%(refname)%00%(upstream:short)%00%(objectname)%00%(upstream:track)%00%(upstream:remotename)%00%(upstream:remoteref) refs/heads/Vinicius refs/remotes/Vinicius [6ms]
2023-11-15 15:36:10.924 [info] > git status -z -uall [98ms]
2023-11-15 15:37:22.639 [info] > git config --get commit.template [25ms]
2023-11-15 15:37:22.643 [info] > git for-each-ref --format=%(refname)%00%(upstream:short)%00%(objectname)%00%(upstream:track)%00%(upstream:remotename)%00%(upstream:remoteref) refs/heads/Vinicius refs/remotes/Vinicius [16ms]
2023-11-15 15:37:22.887 [info] > git status -z -uall [236ms]
2023-11-15 15:37:28.044 [info] > git config --get commit.template [15ms]
2023-11-15 15:37:28.047 [info] > git for-each-ref --format=%(refname)%00%(upstream:short)%00%(objectname)%00%(upstream:track)%00%(upstream:remotename)%00%(upstream:remoteref) refs/heads/Vinicius refs/remotes/Vinicius [11ms]
2023-11-15 15:37:28.168 [info] > git status -z -uall [114ms]
2023-11-15 15:37:33.290 [info] > git config --get commit.template [10ms]
2023-11-15 15:37:33.296 [info] > git for-each-ref --format=%(refname)%00%(upstream:short)%00%(objectname)%00%(upstream:track)%00%(upstream:remotename)%00%(upstream:remoteref) refs/heads/Vinicius refs/remotes/Vinicius [6ms]
2023-11-15 15:37:33.457 [info] > git status -z -uall [153ms]
2023-11-15 15:37:45.160 [info] > git config --get commit.template [9ms]
2023-11-15 15:37:45.163 [info] > git for-each-ref --format=%(refname)%00%(upstream:short)%00%(objectname)%00%(upstream:track)%00%(upstream:remotename)%00%(upstream:remoteref) refs/heads/Vinicius refs/remotes/Vinicius [4ms]
2023-11-15 15:37:45.240 [info] > git status -z -uall [71ms]
2023-11-15 15:37:50.383 [info] > git config --get commit.template [14ms]
2023-11-15 15:37:50.386 [info] > git for-each-ref --format=%(refname)%00%(upstream:short)%00%(objectname)%00%(upstream:track)%00%(upstream:remotename)%00%(upstream:remoteref) refs/heads/Vinicius refs/remotes/Vinicius [5ms]
2023-11-15 15:37:50.467 [info] > git status -z -uall [76ms]
2023-11-15 15:37:55.583 [info] > git config --get commit.template [15ms]
2023-11-15 15:37:55.585 [info] > git for-each-ref --format=%(refname)%00%(upstream:short)%00%(objectname)%00%(upstream:track)%00%(upstream:remotename)%00%(upstream:remoteref) refs/heads/Vinicius refs/remotes/Vinicius [5ms]
2023-11-15 15:37:55.664 [info] > git status -z -uall [72ms]
2023-11-15 15:38:01.413 [info] > git config --get commit.template [36ms]
2023-11-15 15:38:01.429 [info] > git for-each-ref --format=%(refname)%00%(upstream:short)%00%(objectname)%00%(upstream:track)%00%(upstream:remotename)%00%(upstream:remoteref) refs/heads/Vinicius refs/remotes/Vinicius [19ms]
2023-11-15 15:38:01.919 [info] > git status -z -uall [454ms]
2023-11-15 15:38:07.225 [info] > git config --get commit.template [15ms]
2023-11-15 15:38:07.230 [info] > git for-each-ref --format=%(refname)%00%(upstream:short)%00%(objectname)%00%(upstream:track)%00%(upstream:remotename)%00%(upstream:remoteref) refs/heads/Vinicius refs/remotes/Vinicius [13ms]
2023-11-15 15:38:07.444 [info] > git status -z -uall [207ms]
2023-11-15 15:38:12.557 [info] > git config --get commit.template [12ms]
2023-11-15 15:38:12.566 [info] > git for-each-ref --format=%(refname)%00%(upstream:short)%00%(objectname)%00%(upstream:track)%00%(upstream:remotename)%00%(upstream:remoteref) refs/heads/Vinicius refs/remotes/Vinicius [9ms]
2023-11-15 15:38:12.710 [info] > git status -z -uall [134ms]
2023-11-15 15:38:17.825 [info] > git config --get commit.template [15ms]
2023-11-15 15:38:17.844 [info] > git for-each-ref --format=%(refname)%00%(upstream:short)%00%(objectname)%00%(upstream:track)%00%(upstream:remotename)%00%(upstream:remoteref) refs/heads/Vinicius refs/remotes/Vinicius [21ms]
2023-11-15 15:38:17.946 [info] > git status -z -uall [91ms]
2023-11-15 15:38:23.131 [info] > git config --get commit.template [8ms]
2023-11-15 15:38:23.133 [info] > git for-each-ref --format=%(refname)%00%(upstream:short)%00%(objectname)%00%(upstream:track)%00%(upstream:remotename)%00%(upstream:remoteref) refs/heads/Vinicius refs/remotes/Vinicius [3ms]
2023-11-15 15:38:23.230 [info] > git status -z -uall [91ms]
2023-11-15 15:38:28.427 [info] > git config --get commit.template [11ms]
2023-11-15 15:38:28.430 [info] > git for-each-ref --format=%(refname)%00%(upstream:short)%00%(objectname)%00%(upstream:track)%00%(upstream:remotename)%00%(upstream:remoteref) refs/heads/Vinicius refs/remotes/Vinicius [4ms]
2023-11-15 15:38:28.527 [info] > git status -z -uall [91ms]
2023-11-15 15:38:33.726 [info] > git config --get commit.template [10ms]
2023-11-15 15:38:33.728 [info] > git for-each-ref --format=%(refname)%00%(upstream:short)%00%(objectname)%00%(upstream:track)%00%(upstream:remotename)%00%(upstream:remoteref) refs/heads/Vinicius refs/remotes/Vinicius [3ms]
2023-11-15 15:38:33.833 [info] > git status -z -uall [99ms]
2023-11-15 15:38:39.037 [info] > git config --get commit.template [9ms]
2023-11-15 15:38:39.039 [info] > git for-each-ref --format=%(refname)%00%(upstream:short)%00%(objectname)%00%(upstream:track)%00%(upstream:remotename)%00%(upstream:remoteref) refs/heads/Vinicius refs/remotes/Vinicius [3ms]
2023-11-15 15:38:39.116 [info] > git status -z -uall [70ms]
2023-11-15 15:38:44.241 [info] > git config --get commit.template [17ms]
2023-11-15 15:38:44.244 [info] > git for-each-ref --format=%(refname)%00%(upstream:short)%00%(objectname)%00%(upstream:track)%00%(upstream:remotename)%00%(upstream:remoteref) refs/heads/Vinicius refs/remotes/Vinicius [7ms]
2023-11-15 15:38:44.359 [info] > git status -z -uall [104ms]
2023-11-15 15:38:51.822 [info] > git config --get commit.template [15ms]
2023-11-15 15:38:51.826 [info] > git for-each-ref --format=%(refname)%00%(upstream:short)%00%(objectname)%00%(upstream:track)%00%(upstream:remotename)%00%(upstream:remoteref) refs/heads/Vinicius refs/remotes/Vinicius [6ms]
2023-11-15 15:38:51.905 [info] > git status -z -uall [73ms]
2023-11-15 15:39:56.008 [info] > git config --get commit.template [25ms]
2023-11-15 15:39:56.015 [info] > git for-each-ref --format=%(refname)%00%(upstream:short)%00%(objectname)%00%(upstream:track)%00%(upstream:remotename)%00%(upstream:remoteref) refs/heads/Vinicius refs/remotes/Vinicius [23ms]
2023-11-15 15:39:56.210 [info] > git status -z -uall [189ms]
2023-11-15 15:40:01.317 [info] > git config --get commit.template [10ms]
2023-11-15 15:40:01.321 [info] > git for-each-ref --format=%(refname)%00%(upstream:short)%00%(objectname)%00%(upstream:track)%00%(upstream:remotename)%00%(upstream:remoteref) refs/heads/Vinicius refs/remotes/Vinicius [5ms]
2023-11-15 15:40:01.439 [info] > git status -z -uall [112ms]
2023-11-15 15:40:06.607 [info] > git config --get commit.template [38ms]
2023-11-15 15:40:06.610 [info] > git for-each-ref --format=%(refname)%00%(upstream:short)%00%(objectname)%00%(upstream:track)%00%(upstream:remotename)%00%(upstream:remoteref) refs/heads/Vinicius refs/remotes/Vinicius [23ms]
2023-11-15 15:40:06.837 [info] > git status -z -uall [209ms]
2023-11-15 15:40:11.983 [info] > git config --get commit.template [20ms]
2023-11-15 15:40:11.990 [info] > git for-each-ref --format=%(refname)%00%(upstream:short)%00%(objectname)%00%(upstream:track)%00%(upstream:remotename)%00%(upstream:remoteref) refs/heads/Vinicius refs/remotes/Vinicius [13ms]
2023-11-15 15:40:12.136 [info] > git status -z -uall [136ms]
2023-11-15 15:40:23.805 [info] > git config --get commit.template [12ms]
2023-11-15 15:40:23.808 [info] > git for-each-ref --format=%(refname)%00%(upstream:short)%00%(objectname)%00%(upstream:track)%00%(upstream:remotename)%00%(upstream:remoteref) refs/heads/Vinicius refs/remotes/Vinicius [7ms]
2023-11-15 15:40:23.915 [info] > git status -z -uall [98ms]
2023-11-15 15:40:29.074 [info] > git config --get commit.template [13ms]
2023-11-15 15:40:29.077 [info] > git for-each-ref --format=%(refname)%00%(upstream:short)%00%(objectname)%00%(upstream:track)%00%(upstream:remotename)%00%(upstream:remoteref) refs/heads/Vinicius refs/remotes/Vinicius [5ms]
2023-11-15 15:40:29.152 [info] > git status -z -uall [70ms]
2023-11-15 15:40:34.290 [info] > git config --get commit.template [32ms]
2023-11-15 15:40:34.295 [info] > git for-each-ref --format=%(refname)%00%(upstream:short)%00%(objectname)%00%(upstream:track)%00%(upstream:remotename)%00%(upstream:remoteref) refs/heads/Vinicius refs/remotes/Vinicius [29ms]
2023-11-15 15:40:34.482 [info] > git status -z -uall [172ms]
2023-11-15 15:40:39.608 [info] > git config --get commit.template [13ms]
2023-11-15 15:40:39.610 [info] > git for-each-ref --format=%(refname)%00%(upstream:short)%00%(objectname)%00%(upstream:track)%00%(upstream:remotename)%00%(upstream:remoteref) refs/heads/Vinicius refs/remotes/Vinicius [5ms]
2023-11-15 15:40:39.734 [info] > git status -z -uall [117ms]
2023-11-15 15:40:44.839 [info] > git config --get commit.template [13ms]
2023-11-15 15:40:44.843 [info] > git for-each-ref --format=%(refname)%00%(upstream:short)%00%(objectname)%00%(upstream:track)%00%(upstream:remotename)%00%(upstream:remoteref) refs/heads/Vinicius refs/remotes/Vinicius [5ms]
2023-11-15 15:40:44.986 [info] > git status -z -uall [136ms]
2023-11-15 15:40:51.693 [info] > git config --get commit.template [24ms]
2023-11-15 15:40:51.695 [info] > git for-each-ref --format=%(refname)%00%(upstream:short)%00%(objectname)%00%(upstream:track)%00%(upstream:remotename)%00%(upstream:remoteref) refs/heads/Vinicius refs/remotes/Vinicius [19ms]
2023-11-15 15:40:51.966 [info] > git status -z -uall [265ms]
2023-11-15 15:41:01.158 [info] > git config --get commit.template [20ms]
2023-11-15 15:41:01.162 [info] > git for-each-ref --format=%(refname)%00%(upstream:short)%00%(objectname)%00%(upstream:track)%00%(upstream:remotename)%00%(upstream:remoteref) refs/heads/Vinicius refs/remotes/Vinicius [15ms]
2023-11-15 15:41:01.383 [info] > git status -z -uall [207ms]
2023-11-15 15:41:06.532 [info] > git config --get commit.template [18ms]
2023-11-15 15:41:06.536 [info] > git for-each-ref --format=%(refname)%00%(upstream:short)%00%(objectname)%00%(upstream:track)%00%(upstream:remotename)%00%(upstream:remoteref) refs/heads/Vinicius refs/remotes/Vinicius [16ms]
2023-11-15 15:41:06.745 [info] > git status -z -uall [202ms]
2023-11-15 15:41:11.886 [info] > git config --get commit.template [11ms]
2023-11-15 15:41:11.891 [info] > git for-each-ref --format=%(refname)%00%(upstream:short)%00%(objectname)%00%(upstream:track)%00%(upstream:remotename)%00%(upstream:remoteref) refs/heads/Vinicius refs/remotes/Vinicius [5ms]
2023-11-15 15:41:12.002 [info] > git status -z -uall [104ms]
2023-11-15 15:41:17.203 [info] > git config --get commit.template [9ms]
2023-11-15 15:41:17.206 [info] > git for-each-ref --format=%(refname)%00%(upstream:short)%00%(objectname)%00%(upstream:track)%00%(upstream:remotename)%00%(upstream:remoteref) refs/heads/Vinicius refs/remotes/Vinicius [5ms]
2023-11-15 15:41:17.280 [info] > git status -z -uall [68ms]
2023-11-15 15:41:22.486 [info] > git config --get commit.template [9ms]
2023-11-15 15:41:22.488 [info] > git for-each-ref --format=%(refname)%00%(upstream:short)%00%(objectname)%00%(upstream:track)%00%(upstream:remotename)%00%(upstream:remoteref) refs/heads/Vinicius refs/remotes/Vinicius [4ms]
2023-11-15 15:41:22.567 [info] > git status -z -uall [73ms]
2023-11-15 15:42:05.878 [info] > git config --get commit.template [21ms]
2023-11-15 15:42:05.882 [info] > git for-each-ref --format=%(refname)%00%(upstream:short)%00%(objectname)%00%(upstream:track)%00%(upstream:remotename)%00%(upstream:remoteref) refs/heads/Vinicius refs/remotes/Vinicius [16ms]
2023-11-15 15:42:06.104 [info] > git status -z -uall [216ms]
2023-11-15 15:42:11.234 [info] > git config --get commit.template [13ms]
2023-11-15 15:42:11.237 [info] > git for-each-ref --format=%(refname)%00%(upstream:short)%00%(objectname)%00%(upstream:track)%00%(upstream:remotename)%00%(upstream:remoteref) refs/heads/Vinicius refs/remotes/Vinicius [8ms]
2023-11-15 15:42:11.331 [info] > git status -z -uall [87ms]
2023-11-15 15:42:16.431 [info] > git config --get commit.template [10ms]
2023-11-15 15:42:16.435 [info] > git for-each-ref --format=%(refname)%00%(upstream:short)%00%(objectname)%00%(upstream:track)%00%(upstream:remotename)%00%(upstream:remoteref) refs/heads/Vinicius refs/remotes/Vinicius [5ms]
2023-11-15 15:42:16.564 [info] > git status -z -uall [123ms]
2023-11-15 15:42:21.661 [info] > git config --get commit.template [9ms]
2023-11-15 15:42:21.663 [info] > git for-each-ref --format=%(refname)%00%(upstream:short)%00%(objectname)%00%(upstream:track)%00%(upstream:remotename)%00%(upstream:remoteref) refs/heads/Vinicius refs/remotes/Vinicius [3ms]
2023-11-15 15:42:21.757 [info] > git status -z -uall [88ms]
2023-11-15 15:42:34.733 [info] > git config --get commit.template [14ms]
2023-11-15 15:42:34.736 [info] > git for-each-ref --format=%(refname)%00%(upstream:short)%00%(objectname)%00%(upstream:track)%00%(upstream:remotename)%00%(upstream:remoteref) refs/heads/Vinicius refs/remotes/Vinicius [3ms]
2023-11-15 15:42:34.811 [info] > git status -z -uall [68ms]
2023-11-15 15:42:39.911 [info] > git config --get commit.template [9ms]
2023-11-15 15:42:39.913 [info] > git for-each-ref --format=%(refname)%00%(upstream:short)%00%(objectname)%00%(upstream:track)%00%(upstream:remotename)%00%(upstream:remoteref) refs/heads/Vinicius refs/remotes/Vinicius [4ms]
2023-11-15 15:42:39.992 [info] > git status -z -uall [72ms]
2023-11-15 15:42:45.111 [info] > git config --get commit.template [12ms]
2023-11-15 15:42:45.114 [info] > git for-each-ref --format=%(refname)%00%(upstream:short)%00%(objectname)%00%(upstream:track)%00%(upstream:remotename)%00%(upstream:remoteref) refs/heads/Vinicius refs/remotes/Vinicius [4ms]
2023-11-15 15:42:45.193 [info] > git status -z -uall [70ms]
2023-11-15 15:42:50.299 [info] > git config --get commit.template [9ms]
2023-11-15 15:42:50.302 [info] > git for-each-ref --format=%(refname)%00%(upstream:short)%00%(objectname)%00%(upstream:track)%00%(upstream:remotename)%00%(upstream:remoteref) refs/heads/Vinicius refs/remotes/Vinicius [3ms]
2023-11-15 15:42:50.383 [info] > git status -z -uall [74ms]
2023-11-15 15:42:55.504 [info] > git config --get commit.template [11ms]
2023-11-15 15:42:55.507 [info] > git for-each-ref --format=%(refname)%00%(upstream:short)%00%(objectname)%00%(upstream:track)%00%(upstream:remotename)%00%(upstream:remoteref) refs/heads/Vinicius refs/remotes/Vinicius [3ms]
2023-11-15 15:42:55.580 [info] > git status -z -uall [67ms]
2023-11-15 15:43:00.692 [info] > git config --get commit.template [10ms]
2023-11-15 15:43:00.695 [info] > git for-each-ref --format=%(refname)%00%(upstream:short)%00%(objectname)%00%(upstream:track)%00%(upstream:remotename)%00%(upstream:remoteref) refs/heads/Vinicius refs/remotes/Vinicius [3ms]
2023-11-15 15:43:00.783 [info] > git status -z -uall [82ms]
2023-11-15 15:43:07.948 [info] > git config --get commit.template [26ms]
2023-11-15 15:43:07.954 [info] > git for-each-ref --format=%(refname)%00%(upstream:short)%00%(objectname)%00%(upstream:track)%00%(upstream:remotename)%00%(upstream:remoteref) refs/heads/Vinicius refs/remotes/Vinicius [17ms]
2023-11-15 15:43:08.195 [info] > git status -z -uall [228ms]
2023-11-15 15:43:13.323 [info] > git config --get commit.template [12ms]
2023-11-15 15:43:13.335 [info] > git for-each-ref --format=%(refname)%00%(upstream:short)%00%(objectname)%00%(upstream:track)%00%(upstream:remotename)%00%(upstream:remoteref) refs/heads/Vinicius refs/remotes/Vinicius [15ms]
2023-11-15 15:43:13.447 [info] > git status -z -uall [105ms]
2023-11-15 15:45:11.937 [info] > git config --get commit.template [55ms]
2023-11-15 15:45:11.963 [info] > git for-each-ref --format=%(refname)%00%(upstream:short)%00%(objectname)%00%(upstream:track)%00%(upstream:remotename)%00%(upstream:remoteref) refs/heads/Vinicius refs/remotes/Vinicius [34ms]
2023-11-15 15:45:12.442 [info] > git status -z -uall [428ms]
2023-11-15 15:45:17.643 [info] > git config --get commit.template [28ms]
2023-11-15 15:45:17.652 [info] > git for-each-ref --format=%(refname)%00%(upstream:short)%00%(objectname)%00%(upstream:track)%00%(upstream:remotename)%00%(upstream:remoteref) refs/heads/Vinicius refs/remotes/Vinicius [26ms]
2023-11-15 15:45:17.829 [info] > git status -z -uall [165ms]
2023-11-15 15:45:23.011 [info] > git config --get commit.template [13ms]
2023-11-15 15:45:23.032 [info] > git for-each-ref --format=%(refname)%00%(upstream:short)%00%(objectname)%00%(upstream:track)%00%(upstream:remotename)%00%(upstream:remoteref) refs/heads/Vinicius refs/remotes/Vinicius [10ms]
2023-11-15 15:45:23.245 [info] > git status -z -uall [199ms]
2023-11-15 15:45:28.445 [info] > git config --get commit.template [12ms]
2023-11-15 15:45:28.447 [info] > git for-each-ref --format=%(refname)%00%(upstream:short)%00%(objectname)%00%(upstream:track)%00%(upstream:remotename)%00%(upstream:remoteref) refs/heads/Vinicius refs/remotes/Vinicius [6ms]
2023-11-15 15:45:28.622 [info] > git status -z -uall [168ms]
2023-11-15 15:45:33.736 [info] > git config --get commit.template [12ms]
2023-11-15 15:45:33.739 [info] > git for-each-ref --format=%(refname)%00%(upstream:short)%00%(objectname)%00%(upstream:track)%00%(upstream:remotename)%00%(upstream:remoteref) refs/heads/Vinicius refs/remotes/Vinicius [6ms]
2023-11-15 15:45:33.837 [info] > git status -z -uall [91ms]
2023-11-15 15:45:38.987 [info] > git config --get commit.template [31ms]
2023-11-15 15:45:38.990 [info] > git for-each-ref --format=%(refname)%00%(upstream:short)%00%(objectname)%00%(upstream:track)%00%(upstream:remotename)%00%(upstream:remoteref) refs/heads/Vinicius refs/remotes/Vinicius [19ms]
2023-11-15 15:45:39.269 [info] > git status -z -uall [268ms]
2023-11-15 15:45:44.388 [info] > git config --get commit.template [13ms]
2023-11-15 15:45:44.390 [info] > git for-each-ref --format=%(refname)%00%(upstream:short)%00%(objectname)%00%(upstream:track)%00%(upstream:remotename)%00%(upstream:remoteref) refs/heads/Vinicius refs/remotes/Vinicius [8ms]
2023-11-15 15:45:44.488 [info] > git status -z -uall [92ms]
2023-11-15 15:45:49.620 [info] > git config --get commit.template [14ms]
2023-11-15 15:45:49.623 [info] > git for-each-ref --format=%(refname)%00%(upstream:short)%00%(objectname)%00%(upstream:track)%00%(upstream:remotename)%00%(upstream:remoteref) refs/heads/Vinicius refs/remotes/Vinicius [5ms]
2023-11-15 15:45:49.777 [info] > git status -z -uall [144ms]
2023-11-15 15:45:54.865 [info] > git config --get commit.template [9ms]
2023-11-15 15:45:54.867 [info] > git for-each-ref --format=%(refname)%00%(upstream:short)%00%(objectname)%00%(upstream:track)%00%(upstream:remotename)%00%(upstream:remoteref) refs/heads/Vinicius refs/remotes/Vinicius [3ms]
2023-11-15 15:45:54.968 [info] > git status -z -uall [95ms]
2023-11-15 15:46:00.074 [info] > git config --get commit.template [10ms]
2023-11-15 15:46:00.077 [info] > git for-each-ref --format=%(refname)%00%(upstream:short)%00%(objectname)%00%(upstream:track)%00%(upstream:remotename)%00%(upstream:remoteref) refs/heads/Vinicius refs/remotes/Vinicius [5ms]
2023-11-15 15:46:00.196 [info] > git status -z -uall [113ms]
2023-11-15 15:46:07.956 [info] > git config --get commit.template [33ms]
2023-11-15 15:46:07.964 [info] > git for-each-ref --format=%(refname)%00%(upstream:short)%00%(objectname)%00%(upstream:track)%00%(upstream:remotename)%00%(upstream:remoteref) refs/heads/Vinicius refs/remotes/Vinicius [17ms]
2023-11-15 15:46:08.215 [info] > git status -z -uall [242ms]
2023-11-15 15:46:13.788 [info] > git config --get commit.template [25ms]
2023-11-15 15:46:13.793 [info] > git for-each-ref --format=%(refname)%00%(upstream:short)%00%(objectname)%00%(upstream:track)%00%(upstream:remotename)%00%(upstream:remoteref) refs/heads/Vinicius refs/remotes/Vinicius [22ms]
2023-11-15 15:46:13.915 [info] > git status -z -uall [109ms]
2023-11-15 15:46:19.158 [info] > git config --get commit.template [12ms]
2023-11-15 15:46:19.161 [info] > git for-each-ref --format=%(refname)%00%(upstream:short)%00%(objectname)%00%(upstream:track)%00%(upstream:remotename)%00%(upstream:remoteref) refs/heads/Vinicius refs/remotes/Vinicius [5ms]
2023-11-15 15:46:19.234 [info] > git status -z -uall [67ms]
2023-11-15 15:46:24.444 [info] > git config --get commit.template [10ms]
2023-11-15 15:46:24.448 [info] > git for-each-ref --format=%(refname)%00%(upstream:short)%00%(objectname)%00%(upstream:track)%00%(upstream:remotename)%00%(upstream:remoteref) refs/heads/Vinicius refs/remotes/Vinicius [5ms]
2023-11-15 15:46:24.548 [info] > git status -z -uall [93ms]
2023-11-15 15:46:29.738 [info] > git config --get commit.template [11ms]
2023-11-15 15:46:29.741 [info] > git for-each-ref --format=%(refname)%00%(upstream:short)%00%(objectname)%00%(upstream:track)%00%(upstream:remotename)%00%(upstream:remoteref) refs/heads/Vinicius refs/remotes/Vinicius [4ms]
2023-11-15 15:46:29.819 [info] > git status -z -uall [72ms]
2023-11-15 15:46:35.035 [info] > git config --get commit.template [10ms]
2023-11-15 15:46:35.037 [info] > git for-each-ref --format=%(refname)%00%(upstream:short)%00%(objectname)%00%(upstream:track)%00%(upstream:remotename)%00%(upstream:remoteref) refs/heads/Vinicius refs/remotes/Vinicius [3ms]
2023-11-15 15:46:35.123 [info] > git status -z -uall [69ms]
2023-11-15 15:46:43.631 [info] > git config --get commit.template [10ms]
2023-11-15 15:46:43.633 [info] > git for-each-ref --format=%(refname)%00%(upstream:short)%00%(objectname)%00%(upstream:track)%00%(upstream:remotename)%00%(upstream:remoteref) refs/heads/Vinicius refs/remotes/Vinicius [3ms]
2023-11-15 15:46:43.730 [info] > git status -z -uall [88ms]
2023-11-15 15:46:48.954 [info] > git config --get commit.template [24ms]
2023-11-15 15:46:48.956 [info] > git for-each-ref --format=%(refname)%00%(upstream:short)%00%(objectname)%00%(upstream:track)%00%(upstream:remotename)%00%(upstream:remoteref) refs/heads/Vinicius refs/remotes/Vinicius [16ms]
2023-11-15 15:46:49.052 [info] > git status -z -uall [83ms]
2023-11-15 15:47:09.875 [info] > git config --get commit.template [19ms]
2023-11-15 15:47:09.877 [info] > git for-each-ref --format=%(refname)%00%(upstream:short)%00%(objectname)%00%(upstream:track)%00%(upstream:remotename)%00%(upstream:remoteref) refs/heads/Vinicius refs/remotes/Vinicius [14ms]
2023-11-15 15:47:09.967 [info] > git status -z -uall [85ms]
2023-11-15 15:47:15.083 [info] > git config --get commit.template [11ms]
2023-11-15 15:47:15.084 [info] > git for-each-ref --format=%(refname)%00%(upstream:short)%00%(objectname)%00%(upstream:track)%00%(upstream:remotename)%00%(upstream:remoteref) refs/heads/Vinicius refs/remotes/Vinicius [2ms]
2023-11-15 15:47:15.163 [info] > git status -z -uall [73ms]
2023-11-15 15:47:20.289 [info] > git config --get commit.template [15ms]
2023-11-15 15:47:20.292 [info] > git for-each-ref --format=%(refname)%00%(upstream:short)%00%(objectname)%00%(upstream:track)%00%(upstream:remotename)%00%(upstream:remoteref) refs/heads/Vinicius refs/remotes/Vinicius [5ms]
2023-11-15 15:47:20.423 [info] > git status -z -uall [121ms]
2023-11-15 15:47:29.490 [info] > git config --get commit.template [8ms]
2023-11-15 15:47:29.493 [info] > git for-each-ref --format=%(refname)%00%(upstream:short)%00%(objectname)%00%(upstream:track)%00%(upstream:remotename)%00%(upstream:remoteref) refs/heads/Vinicius refs/remotes/Vinicius [4ms]
2023-11-15 15:47:29.670 [info] > git status -z -uall [171ms]
2023-11-15 15:47:34.783 [info] > git config --get commit.template [12ms]
2023-11-15 15:47:34.785 [info] > git for-each-ref --format=%(refname)%00%(upstream:short)%00%(objectname)%00%(upstream:track)%00%(upstream:remotename)%00%(upstream:remoteref) refs/heads/Vinicius refs/remotes/Vinicius [3ms]
2023-11-15 15:47:34.854 [info] > git status -z -uall [63ms]
2023-11-15 15:47:39.954 [info] > git config --get commit.template [9ms]
2023-11-15 15:47:39.956 [info] > git for-each-ref --format=%(refname)%00%(upstream:short)%00%(objectname)%00%(upstream:track)%00%(upstream:remotename)%00%(upstream:remoteref) refs/heads/Vinicius refs/remotes/Vinicius [4ms]
2023-11-15 15:47:40.035 [info] > git status -z -uall [72ms]
2023-11-15 15:47:45.147 [info] > git config --get commit.template [11ms]
2023-11-15 15:47:45.150 [info] > git for-each-ref --format=%(refname)%00%(upstream:short)%00%(objectname)%00%(upstream:track)%00%(upstream:remotename)%00%(upstream:remoteref) refs/heads/Vinicius refs/remotes/Vinicius [4ms]
2023-11-15 15:47:45.234 [info] > git status -z -uall [72ms]
2023-11-15 15:47:50.345 [info] > git config --get commit.template [13ms]
2023-11-15 15:47:50.347 [info] > git for-each-ref --format=%(refname)%00%(upstream:short)%00%(objectname)%00%(upstream:track)%00%(upstream:remotename)%00%(upstream:remoteref) refs/heads/Vinicius refs/remotes/Vinicius [5ms]
2023-11-15 15:47:50.439 [info] > git status -z -uall [85ms]
2023-11-15 15:47:59.999 [info] > git config --get commit.template [26ms]
2023-11-15 15:48:00.003 [info] > git for-each-ref --format=%(refname)%00%(upstream:short)%00%(objectname)%00%(upstream:track)%00%(upstream:remotename)%00%(upstream:remoteref) refs/heads/Vinicius refs/remotes/Vinicius [23ms]
2023-11-15 15:48:00.173 [info] > git status -z -uall [163ms]
2023-11-15 15:48:05.351 [info] > git config --get commit.template [24ms]
2023-11-15 15:48:05.354 [info] > git for-each-ref --format=%(refname)%00%(upstream:short)%00%(objectname)%00%(upstream:track)%00%(upstream:remotename)%00%(upstream:remoteref) refs/heads/Vinicius refs/remotes/Vinicius [24ms]
2023-11-15 15:48:05.570 [info] > git status -z -uall [200ms]
2023-11-15 15:48:10.703 [info] > git config --get commit.template [15ms]
2023-11-15 15:48:10.708 [info] > git for-each-ref --format=%(refname)%00%(upstream:short)%00%(objectname)%00%(upstream:track)%00%(upstream:remotename)%00%(upstream:remoteref) refs/heads/Vinicius refs/remotes/Vinicius [14ms]
2023-11-15 15:48:10.831 [info] > git status -z -uall [116ms]
2023-11-15 15:48:19.304 [info] > git config --get commit.template [12ms]
2023-11-15 15:48:19.315 [info] > git for-each-ref --format=%(refname)%00%(upstream:short)%00%(objectname)%00%(upstream:track)%00%(upstream:remotename)%00%(upstream:remoteref) refs/heads/Vinicius refs/remotes/Vinicius [11ms]
2023-11-15 15:48:19.505 [info] > git status -z -uall [181ms]
2023-11-15 15:56:07.711 [info] > git config --get commit.template [17ms]
2023-11-15 15:56:07.760 [info] > git for-each-ref --format=%(refname)%00%(upstream:short)%00%(objectname)%00%(upstream:track)%00%(upstream:remotename)%00%(upstream:remoteref) refs/heads/Vinicius refs/remotes/Vinicius [12ms]
2023-11-15 15:56:08.014 [info] > git status -z -uall [243ms]
2023-11-15 15:56:40.789 [info] > git config --get commit.template [49ms]
2023-11-15 15:56:40.797 [info] > git for-each-ref --format=%(refname)%00%(upstream:short)%00%(objectname)%00%(upstream:track)%00%(upstream:remotename)%00%(upstream:remoteref) refs/heads/Vinicius refs/remotes/Vinicius [43ms]
2023-11-15 15:56:41.047 [info] > git status -z -uall [232ms]
2023-11-15 15:56:46.213 [info] > git config --get commit.template [16ms]
2023-11-15 15:56:46.218 [info] > git for-each-ref --format=%(refname)%00%(upstream:short)%00%(objectname)%00%(upstream:track)%00%(upstream:remotename)%00%(upstream:remoteref) refs/heads/Vinicius refs/remotes/Vinicius [11ms]
2023-11-15 15:56:46.351 [info] > git status -z -uall [119ms]
2023-11-15 16:02:07.503 [info] > git config --get commit.template [22ms]
2023-11-15 16:02:07.558 [info] > git for-each-ref --format=%(refname)%00%(upstream:short)%00%(objectname)%00%(upstream:track)%00%(upstream:remotename)%00%(upstream:remoteref) refs/heads/Vinicius refs/remotes/Vinicius [29ms]
2023-11-15 16:02:07.838 [info] > git status -z -uall [266ms]
2023-11-15 16:06:52.623 [info] > git config --get commit.template [71ms]
2023-11-15 16:06:52.639 [info] > git for-each-ref --format=%(refname)%00%(upstream:short)%00%(objectname)%00%(upstream:track)%00%(upstream:remotename)%00%(upstream:remoteref) refs/heads/Vinicius refs/remotes/Vinicius [29ms]
2023-11-15 16:06:52.957 [info] > git status -z -uall [309ms]
2023-11-15 16:06:58.543 [info] > git config --get commit.template [19ms]
2023-11-15 16:06:58.549 [info] > git for-each-ref --format=%(refname)%00%(upstream:short)%00%(objectname)%00%(upstream:track)%00%(upstream:remotename)%00%(upstream:remoteref) refs/heads/Vinicius refs/remotes/Vinicius [18ms]
2023-11-15 16:06:58.727 [info] > git status -z -uall [169ms]
2023-11-15 16:07:04.040 [info] > git config --get commit.template [29ms]
2023-11-15 16:07:04.043 [info] > git for-each-ref --format=%(refname)%00%(upstream:short)%00%(objectname)%00%(upstream:track)%00%(upstream:remotename)%00%(upstream:remoteref) refs/heads/Vinicius refs/remotes/Vinicius [16ms]
2023-11-15 16:07:04.353 [info] > git status -z -uall [289ms]
2023-11-15 16:07:09.491 [info] > git config --get commit.template [13ms]
2023-11-15 16:07:09.494 [info] > git for-each-ref --format=%(refname)%00%(upstream:short)%00%(objectname)%00%(upstream:track)%00%(upstream:remotename)%00%(upstream:remoteref) refs/heads/Vinicius refs/remotes/Vinicius [4ms]
2023-11-15 16:07:09.599 [info] > git status -z -uall [97ms]
2023-11-15 16:07:14.742 [info] > git config --get commit.template [11ms]
2023-11-15 16:07:14.745 [info] > git for-each-ref --format=%(refname)%00%(upstream:short)%00%(objectname)%00%(upstream:track)%00%(upstream:remotename)%00%(upstream:remoteref) refs/heads/Vinicius refs/remotes/Vinicius [3ms]
2023-11-15 16:07:14.837 [info] > git status -z -uall [86ms]
2023-11-15 16:07:20.067 [info] > git config --get commit.template [13ms]
2023-11-15 16:07:20.070 [info] > git for-each-ref --format=%(refname)%00%(upstream:short)%00%(objectname)%00%(upstream:track)%00%(upstream:remotename)%00%(upstream:remoteref) refs/heads/Vinicius refs/remotes/Vinicius [5ms]
2023-11-15 16:07:20.154 [info] > git status -z -uall [76ms]
2023-11-15 16:07:25.346 [info] > git config --get commit.template [12ms]
2023-11-15 16:07:25.349 [info] > git for-each-ref --format=%(refname)%00%(upstream:short)%00%(objectname)%00%(upstream:track)%00%(upstream:remotename)%00%(upstream:remoteref) refs/heads/Vinicius refs/remotes/Vinicius [4ms]
2023-11-15 16:07:25.438 [info] > git status -z -uall [82ms]
2023-11-15 16:07:30.634 [info] > git config --get commit.template [9ms]
2023-11-15 16:07:30.637 [info] > git for-each-ref --format=%(refname)%00%(upstream:short)%00%(objectname)%00%(upstream:track)%00%(upstream:remotename)%00%(upstream:remoteref) refs/heads/Vinicius refs/remotes/Vinicius [4ms]
2023-11-15 16:07:30.711 [info] > git status -z -uall [67ms]
2023-11-15 16:07:35.928 [info] > git config --get commit.template [16ms]
2023-11-15 16:07:35.931 [info] > git for-each-ref --format=%(refname)%00%(upstream:short)%00%(objectname)%00%(upstream:track)%00%(upstream:remotename)%00%(upstream:remoteref) refs/heads/Vinicius refs/remotes/Vinicius [4ms]
2023-11-15 16:07:36.030 [info] > git status -z -uall [89ms]
2023-11-15 16:07:41.146 [info] > git config --get commit.template [11ms]
2023-11-15 16:07:41.148 [info] > git for-each-ref --format=%(refname)%00%(upstream:short)%00%(objectname)%00%(upstream:track)%00%(upstream:remotename)%00%(upstream:remoteref) refs/heads/Vinicius refs/remotes/Vinicius [3ms]
2023-11-15 16:07:41.250 [info] > git status -z -uall [92ms]
2023-11-15 16:07:46.424 [info] > git config --get commit.template [12ms]
2023-11-15 16:07:46.426 [info] > git for-each-ref --format=%(refname)%00%(upstream:short)%00%(objectname)%00%(upstream:track)%00%(upstream:remotename)%00%(upstream:remoteref) refs/heads/Vinicius refs/remotes/Vinicius [3ms]
2023-11-15 16:07:46.532 [info] > git status -z -uall [99ms]
2023-11-15 16:09:55.394 [info] > git config --get commit.template [21ms]
2023-11-15 16:09:55.400 [info] > git for-each-ref --format=%(refname)%00%(upstream:short)%00%(objectname)%00%(upstream:track)%00%(upstream:remotename)%00%(upstream:remoteref) refs/heads/Vinicius refs/remotes/Vinicius [21ms]
2023-11-15 16:09:55.636 [info] > git status -z -uall [221ms]
2023-11-15 16:10:00.879 [info] > git config --get commit.template [13ms]
2023-11-15 16:10:00.884 [info] > git for-each-ref --format=%(refname)%00%(upstream:short)%00%(objectname)%00%(upstream:track)%00%(upstream:remotename)%00%(upstream:remoteref) refs/heads/Vinicius refs/remotes/Vinicius [7ms]
2023-11-15 16:10:00.995 [info] > git status -z -uall [103ms]
