2023-11-03 20:49:07.653 [info] Log level: Info
2023-11-03 20:49:07.653 [info] Validating found git in: "git"
2023-11-03 20:49:07.653 [info] Using git "2.20.1" from "git"
2023-11-03 20:49:07.653 [info] > git rev-parse --show-toplevel [36ms]
2023-11-03 20:49:07.653 [info] > git rev-parse --git-dir --git-common-dir [9ms]
2023-11-03 20:49:07.653 [info] Open repository: /var/www/clients/client2/web2/web/sistema/adsgrupo06
2023-11-03 20:49:07.653 [info] > git config --get commit.template [13ms]
2023-11-03 20:49:07.653 [info] > git rev-parse --show-toplevel [47ms]
2023-11-03 20:49:07.653 [info] > git for-each-ref --format=%(refname)%00%(upstream:short)%00%(objectname)%00%(upstream:track)%00%(upstream:remotename)%00%(upstream:remoteref) refs/heads/Vinicius refs/remotes/Vinicius [46ms]
2023-11-03 20:49:07.653 [info] > git rev-parse --show-toplevel [36ms]
2023-11-03 20:49:07.655 [info] > git rev-parse --show-toplevel [106ms]
2023-11-03 20:49:07.680 [info] > git rev-parse --show-toplevel [12ms]
2023-11-03 20:49:07.692 [info] > git rev-parse --show-toplevel [6ms]
2023-11-03 20:49:07.701 [info] > git rev-parse --show-toplevel [3ms]
2023-11-03 20:49:07.712 [info] > git rev-parse --show-toplevel [5ms]
2023-11-03 20:49:07.747 [info] > git rev-parse --show-toplevel [28ms]
2023-11-03 20:49:07.768 [info] > git status -z -uall [248ms]
2023-11-03 20:49:07.835 [info] > git rev-parse --show-toplevel [75ms]
2023-11-03 20:49:07.880 [info] > git config --get commit.template [31ms]
2023-11-03 20:49:07.881 [info] > git rev-parse --show-toplevel [24ms]
2023-11-03 20:49:08.358 [info] > git for-each-ref --format=%(refname)%00%(upstream:short)%00%(objectname)%00%(upstream:track)%00%(upstream:remotename)%00%(upstream:remoteref) refs/heads/Vinicius refs/remotes/Vinicius [485ms]
2023-11-03 20:49:08.474 [info] > git check-ignore -v -z --stdin [40ms]
2023-11-03 20:49:08.517 [info] > git status -z -uall [119ms]
2023-11-03 20:49:09.056 [info] > git show --textconv :CodeIgniter/app/Views/Lab4.php [36ms]
2023-11-03 20:49:09.057 [info] > git ls-files --stage -- /var/www/clients/client2/web2/web/sistema/adsgrupo06/CodeIgniter/app/Views/Lab4.php [29ms]
2023-11-03 20:49:11.731 [info] > git config --get commit.template [11ms]
2023-11-03 20:49:11.733 [info] > git for-each-ref --format=%(refname)%00%(upstream:short)%00%(objectname)%00%(upstream:track)%00%(upstream:remotename)%00%(upstream:remoteref) refs/heads/Vinicius refs/remotes/Vinicius [4ms]
2023-11-03 20:49:11.776 [info] > git status -z -uall [35ms]
2023-11-03 20:49:12.421 [info] > git check-ignore -v -z --stdin [67ms]
2023-11-03 20:49:38.018 [info] > git config --get commit.template [8ms]
2023-11-03 20:49:38.022 [info] > git for-each-ref --format=%(refname)%00%(upstream:short)%00%(objectname)%00%(upstream:track)%00%(upstream:remotename)%00%(upstream:remoteref) refs/heads/Vinicius refs/remotes/Vinicius [4ms]
2023-11-03 20:49:38.070 [info] > git status -z -uall [43ms]
2023-11-03 20:49:41.326 [info] > git check-ignore -v -z --stdin [4ms]
2023-11-03 20:49:43.140 [info] > git config --get commit.template [11ms]
2023-11-03 20:49:43.142 [info] > git for-each-ref --format=%(refname)%00%(upstream:short)%00%(objectname)%00%(upstream:track)%00%(upstream:remotename)%00%(upstream:remoteref) refs/heads/Vinicius refs/remotes/Vinicius [5ms]
2023-11-03 20:49:43.192 [info] > git status -z -uall [42ms]
2023-11-03 20:49:43.795 [info] > git check-ignore -v -z --stdin [4ms]
2023-11-03 20:49:48.270 [info] > git config --get commit.template [10ms]
2023-11-03 20:49:48.273 [info] > git for-each-ref --format=%(refname)%00%(upstream:short)%00%(objectname)%00%(upstream:track)%00%(upstream:remotename)%00%(upstream:remoteref) refs/heads/Vinicius refs/remotes/Vinicius [3ms]
2023-11-03 20:49:48.311 [info] > git status -z -uall [33ms]
2023-11-03 20:49:54.182 [info] > git config --get commit.template [10ms]
2023-11-03 20:49:54.184 [info] > git for-each-ref --format=%(refname)%00%(upstream:short)%00%(objectname)%00%(upstream:track)%00%(upstream:remotename)%00%(upstream:remoteref) refs/heads/Vinicius refs/remotes/Vinicius [4ms]
2023-11-03 20:49:54.221 [info] > git status -z -uall [31ms]
2023-11-03 20:49:56.470 [info] > git show --textconv :CodeIgniter/app/Views/welcome_message.php [20ms]
2023-11-03 20:49:56.478 [info] > git ls-files --stage -- /var/www/clients/client2/web2/web/sistema/adsgrupo06/CodeIgniter/app/Views/welcome_message.php [8ms]
2023-11-03 20:49:56.488 [info] > git cat-file -s 9ee2e427c308fa0b4f23cf6dcf326e672abfba70 [3ms]
2023-11-03 20:50:25.124 [info] > git config --get commit.template [22ms]
2023-11-03 20:50:25.128 [info] > git for-each-ref --format=%(refname)%00%(upstream:short)%00%(objectname)%00%(upstream:track)%00%(upstream:remotename)%00%(upstream:remoteref) refs/heads/Vinicius refs/remotes/Vinicius [17ms]
2023-11-03 20:50:25.586 [info] > git status -z -uall [442ms]
2023-11-03 20:50:33.172 [info] > git config --get commit.template [8ms]
2023-11-03 20:50:33.175 [info] > git for-each-ref --format=%(refname)%00%(upstream:short)%00%(objectname)%00%(upstream:track)%00%(upstream:remotename)%00%(upstream:remoteref) refs/heads/Vinicius refs/remotes/Vinicius [4ms]
2023-11-03 20:50:33.212 [info] > git status -z -uall [30ms]
2023-11-03 20:51:24.606 [info] > git config --get commit.template [9ms]
2023-11-03 20:51:24.608 [info] > git for-each-ref --format=%(refname)%00%(upstream:short)%00%(objectname)%00%(upstream:track)%00%(upstream:remotename)%00%(upstream:remoteref) refs/heads/Vinicius refs/remotes/Vinicius [4ms]
2023-11-03 20:51:24.643 [info] > git status -z -uall [30ms]
2023-11-03 20:51:36.833 [info] > git config --get commit.template [9ms]
2023-11-03 20:51:36.835 [info] > git for-each-ref --format=%(refname)%00%(upstream:short)%00%(objectname)%00%(upstream:track)%00%(upstream:remotename)%00%(upstream:remoteref) refs/heads/Vinicius refs/remotes/Vinicius [4ms]
2023-11-03 20:51:36.871 [info] > git status -z -uall [28ms]
2023-11-03 20:51:41.923 [info] > git config --get commit.template [12ms]
2023-11-03 20:51:41.926 [info] > git for-each-ref --format=%(refname)%00%(upstream:short)%00%(objectname)%00%(upstream:track)%00%(upstream:remotename)%00%(upstream:remoteref) refs/heads/Vinicius refs/remotes/Vinicius [4ms]
2023-11-03 20:51:41.968 [info] > git status -z -uall [34ms]
2023-11-03 21:11:51.568 [info] > git config --get commit.template [40ms]
2023-11-03 21:11:51.571 [info] > git for-each-ref --format=%(refname)%00%(upstream:short)%00%(objectname)%00%(upstream:track)%00%(upstream:remotename)%00%(upstream:remoteref) refs/heads/Vinicius refs/remotes/Vinicius [17ms]
2023-11-03 21:11:51.939 [info] > git status -z -uall [361ms]
2023-11-03 21:11:59.092 [info] > git config --get commit.template [7ms]
2023-11-03 21:11:59.094 [info] > git for-each-ref --format=%(refname)%00%(upstream:short)%00%(objectname)%00%(upstream:track)%00%(upstream:remotename)%00%(upstream:remoteref) refs/heads/Vinicius refs/remotes/Vinicius [3ms]
2023-11-03 21:11:59.128 [info] > git status -z -uall [28ms]
2023-11-03 21:12:04.180 [info] > git config --get commit.template [12ms]
2023-11-03 21:12:04.183 [info] > git for-each-ref --format=%(refname)%00%(upstream:short)%00%(objectname)%00%(upstream:track)%00%(upstream:remotename)%00%(upstream:remoteref) refs/heads/Vinicius refs/remotes/Vinicius [4ms]
2023-11-03 21:12:04.226 [info] > git status -z -uall [37ms]
