2023-11-15 21:43:14.070 [info] Log level: Info
2023-11-15 21:43:14.070 [info] Validating found git in: "git"
2023-11-15 21:43:14.070 [info] Using git "2.20.1" from "git"
2023-11-15 21:43:14.070 [info] > git rev-parse --show-toplevel [81ms]
2023-11-15 21:43:14.070 [info] > git rev-parse --git-dir --git-common-dir [23ms]
2023-11-15 21:43:14.070 [info] Open repository: /var/www/clients/client2/web2/web/sistema/adsgrupo06
2023-11-15 21:43:14.071 [info] > git config --get commit.template [24ms]
2023-11-15 21:43:14.071 [info] > git rev-parse --show-toplevel [30ms]
2023-11-15 21:43:14.071 [info] > git rev-parse --show-toplevel [76ms]
2023-11-15 21:43:14.071 [info] > git for-each-ref --format=%(refname)%00%(upstream:short)%00%(objectname)%00%(upstream:track)%00%(upstream:remotename)%00%(upstream:remoteref) refs/heads/Vinicius refs/remotes/Vinicius [97ms]
2023-11-15 21:43:14.195 [info] > git rev-parse --show-toplevel [129ms]
2023-11-15 21:43:14.301 [info] > git rev-parse --show-toplevel [20ms]
2023-11-15 21:43:14.572 [info] > git status -z -uall [630ms]
2023-11-15 21:43:14.843 [info] > git rev-parse --show-toplevel [503ms]
2023-11-15 21:43:15.999 [info] > git rev-parse --show-toplevel [75ms]
2023-11-15 21:43:16.001 [info] > git config --get commit.template [91ms]
2023-11-15 21:43:16.052 [info] > git rev-parse --show-toplevel [26ms]
2023-11-15 21:43:16.231 [info] > git for-each-ref --format=%(refname)%00%(upstream:short)%00%(objectname)%00%(upstream:track)%00%(upstream:remotename)%00%(upstream:remoteref) refs/heads/Vinicius refs/remotes/Vinicius [189ms]
2023-11-15 21:43:16.252 [info] > git rev-parse --show-toplevel [22ms]
2023-11-15 21:43:16.396 [info] > git rev-parse --show-toplevel [80ms]
2023-11-15 21:43:16.739 [info] > git rev-parse --show-toplevel [199ms]
2023-11-15 21:43:16.754 [info] > git status -z -uall [509ms]
2023-11-15 21:43:16.757 [info] > git check-ignore -v -z --stdin [170ms]
2023-11-15 21:43:18.747 [info] > git ls-files --stage -- /var/www/clients/client2/web2/web/sistema/adsgrupo06/CodeIgniter/app/Config/Routes.php [22ms]
2023-11-15 21:43:18.769 [info] > git show --textconv :CodeIgniter/app/Config/Routes.php [61ms]
2023-11-15 21:43:18.788 [info] > git cat-file -s b1e1bb3f8c4c278207401b4b454a971e5cb5eab9 [19ms]
2023-11-15 21:43:19.910 [info] > git check-ignore -v -z --stdin [314ms]
2023-11-15 21:43:19.993 [info] > git config --get commit.template [82ms]
2023-11-15 21:43:20.575 [info] > git for-each-ref --format=%(refname)%00%(upstream:short)%00%(objectname)%00%(upstream:track)%00%(upstream:remotename)%00%(upstream:remoteref) refs/heads/Vinicius refs/remotes/Vinicius [466ms]
2023-11-15 21:43:21.041 [info] > git status -z -uall [363ms]
2023-11-15 21:43:58.150 [info] > git for-each-ref --sort -committerdate --format %(refname) %(objectname) %(*objectname) [44ms]
2023-11-15 21:45:01.133 [info] > git config --get commit.template [29ms]
2023-11-15 21:45:01.139 [info] > git for-each-ref --format=%(refname)%00%(upstream:short)%00%(objectname)%00%(upstream:track)%00%(upstream:remotename)%00%(upstream:remoteref) refs/heads/Vinicius refs/remotes/Vinicius [13ms]
2023-11-15 21:45:01.513 [info] > git status -z -uall [358ms]
2023-11-15 21:45:14.509 [info] > git config --get commit.template [31ms]
2023-11-15 21:45:14.529 [info] > git for-each-ref --format=%(refname)%00%(upstream:short)%00%(objectname)%00%(upstream:track)%00%(upstream:remotename)%00%(upstream:remoteref) refs/heads/Vinicius refs/remotes/Vinicius [22ms]
2023-11-15 21:45:14.876 [info] > git status -z -uall [334ms]
2023-11-15 21:45:20.260 [info] > git config --get commit.template [82ms]
2023-11-15 21:45:20.459 [info] > git for-each-ref --format=%(refname)%00%(upstream:short)%00%(objectname)%00%(upstream:track)%00%(upstream:remotename)%00%(upstream:remoteref) refs/heads/Vinicius refs/remotes/Vinicius [233ms]
2023-11-15 21:45:21.258 [info] > git status -z -uall [716ms]
2023-11-15 21:45:27.007 [info] > git config --get commit.template [73ms]
2023-11-15 21:45:27.016 [info] > git for-each-ref --format=%(refname)%00%(upstream:short)%00%(objectname)%00%(upstream:track)%00%(upstream:remotename)%00%(upstream:remoteref) refs/heads/Vinicius refs/remotes/Vinicius [40ms]
2023-11-15 21:45:27.425 [info] > git status -z -uall [339ms]
2023-11-15 21:45:33.558 [info] > git config --get commit.template [63ms]
2023-11-15 21:45:33.566 [info] > git for-each-ref --format=%(refname)%00%(upstream:short)%00%(objectname)%00%(upstream:track)%00%(upstream:remotename)%00%(upstream:remoteref) refs/heads/Vinicius refs/remotes/Vinicius [34ms]
2023-11-15 21:45:33.940 [info] > git status -z -uall [356ms]
2023-11-15 21:45:39.362 [info] > git config --get commit.template [40ms]
2023-11-15 21:45:39.370 [info] > git for-each-ref --format=%(refname)%00%(upstream:short)%00%(objectname)%00%(upstream:track)%00%(upstream:remotename)%00%(upstream:remoteref) refs/heads/Vinicius refs/remotes/Vinicius [29ms]
2023-11-15 21:45:39.615 [info] > git status -z -uall [212ms]
2023-11-15 21:45:44.909 [info] > git config --get commit.template [30ms]
2023-11-15 21:45:44.919 [info] > git for-each-ref --format=%(refname)%00%(upstream:short)%00%(objectname)%00%(upstream:track)%00%(upstream:remotename)%00%(upstream:remoteref) refs/heads/Vinicius refs/remotes/Vinicius [12ms]
2023-11-15 21:45:45.258 [info] > git status -z -uall [291ms]
2023-11-15 21:45:50.640 [info] > git config --get commit.template [19ms]
2023-11-15 21:45:50.647 [info] > git for-each-ref --format=%(refname)%00%(upstream:short)%00%(objectname)%00%(upstream:track)%00%(upstream:remotename)%00%(upstream:remoteref) refs/heads/Vinicius refs/remotes/Vinicius [11ms]
2023-11-15 21:45:50.961 [info] > git status -z -uall [290ms]
2023-11-15 21:45:56.279 [info] > git config --get commit.template [45ms]
2023-11-15 21:45:56.296 [info] > git for-each-ref --format=%(refname)%00%(upstream:short)%00%(objectname)%00%(upstream:track)%00%(upstream:remotename)%00%(upstream:remoteref) refs/heads/Vinicius refs/remotes/Vinicius [21ms]
2023-11-15 21:45:56.920 [info] > git status -z -uall [609ms]
2023-11-15 21:46:02.342 [info] > git config --get commit.template [55ms]
2023-11-15 21:46:02.353 [info] > git for-each-ref --format=%(refname)%00%(upstream:short)%00%(objectname)%00%(upstream:track)%00%(upstream:remotename)%00%(upstream:remoteref) refs/heads/Vinicius refs/remotes/Vinicius [25ms]
2023-11-15 21:46:02.910 [info] > git status -z -uall [503ms]
2023-11-15 21:46:08.554 [info] > git config --get commit.template [92ms]
2023-11-15 21:46:08.559 [info] > git for-each-ref --format=%(refname)%00%(upstream:short)%00%(objectname)%00%(upstream:track)%00%(upstream:remotename)%00%(upstream:remoteref) refs/heads/Vinicius refs/remotes/Vinicius [20ms]
2023-11-15 21:46:08.914 [info] > git status -z -uall [335ms]
2023-11-15 21:46:14.431 [info] > git config --get commit.template [16ms]
2023-11-15 21:46:14.436 [info] > git for-each-ref --format=%(refname)%00%(upstream:short)%00%(objectname)%00%(upstream:track)%00%(upstream:remotename)%00%(upstream:remoteref) refs/heads/Vinicius refs/remotes/Vinicius [5ms]
2023-11-15 21:46:14.542 [info] > git status -z -uall [99ms]
2023-11-15 21:46:20.027 [info] > git config --get commit.template [20ms]
2023-11-15 21:46:20.037 [info] > git for-each-ref --format=%(refname)%00%(upstream:short)%00%(objectname)%00%(upstream:track)%00%(upstream:remotename)%00%(upstream:remoteref) refs/heads/Vinicius refs/remotes/Vinicius [13ms]
2023-11-15 21:46:20.153 [info] > git status -z -uall [102ms]
2023-11-15 21:46:25.323 [info] > git config --get commit.template [32ms]
2023-11-15 21:46:25.342 [info] > git for-each-ref --format=%(refname)%00%(upstream:short)%00%(objectname)%00%(upstream:track)%00%(upstream:remotename)%00%(upstream:remoteref) refs/heads/Vinicius refs/remotes/Vinicius [37ms]
2023-11-15 21:46:25.597 [info] > git status -z -uall [228ms]
2023-11-15 21:46:52.107 [info] > git show --textconv :CodeIgniter/app/Config/Routes.php [18ms]
2023-11-15 21:46:52.111 [info] > git ls-files --stage -- /var/www/clients/client2/web2/web/sistema/adsgrupo06/CodeIgniter/app/Config/Routes.php [10ms]
2023-11-15 21:46:52.121 [info] > git cat-file -s b1e1bb3f8c4c278207401b4b454a971e5cb5eab9 [4ms]
2023-11-15 21:47:22.765 [info] > git config --get commit.template [71ms]
2023-11-15 21:47:22.776 [info] > git for-each-ref --format=%(refname)%00%(upstream:short)%00%(objectname)%00%(upstream:track)%00%(upstream:remotename)%00%(upstream:remoteref) refs/heads/Vinicius refs/remotes/Vinicius [39ms]
2023-11-15 21:47:23.174 [info] > git status -z -uall [376ms]
2023-11-15 21:49:13.980 [info] > git show --textconv :CodeIgniter/app/Config/Routes.php [31ms]
2023-11-15 21:49:14.005 [info] > git ls-files --stage -- /var/www/clients/client2/web2/web/sistema/adsgrupo06/CodeIgniter/app/Config/Routes.php [24ms]
2023-11-15 21:49:14.021 [info] > git cat-file -s b1e1bb3f8c4c278207401b4b454a971e5cb5eab9 [5ms]
