2023-11-13 19:15:54.178 [info] Log level: Info
2023-11-13 19:15:54.178 [info] Validating found git in: "git"
2023-11-13 19:15:54.178 [info] Using git "2.20.1" from "git"
2023-11-13 19:15:54.178 [info] > git rev-parse --show-toplevel [17ms]
2023-11-13 19:15:54.178 [info] > git rev-parse --git-dir --git-common-dir [3ms]
2023-11-13 19:15:54.178 [info] Open repository: /var/www/clients/client2/web2/web/sistema/adsgrupo06
2023-11-13 19:15:54.178 [info] > git rev-parse --show-toplevel [34ms]
2023-11-13 19:15:54.178 [info] > git config --get commit.template [69ms]
2023-11-13 19:15:54.178 [info] > git rev-parse --show-toplevel [88ms]
2023-11-13 19:15:54.178 [info] > git for-each-ref --format=%(refname)%00%(upstream:short)%00%(objectname)%00%(upstream:track)%00%(upstream:remotename)%00%(upstream:remoteref) refs/heads/Vinicius refs/remotes/Vinicius [67ms]
2023-11-13 19:15:54.178 [info] > git rev-parse --show-toplevel [28ms]
2023-11-13 19:15:54.178 [info] > git rev-parse --show-toplevel [92ms]
2023-11-13 19:15:54.195 [info] > git rev-parse --show-toplevel [187ms]
2023-11-13 19:15:54.333 [info] > git rev-parse --show-toplevel [80ms]
2023-11-13 19:15:54.386 [info] > git status -z -uall [588ms]
2023-11-13 19:15:56.360 [info] > git rev-parse --show-toplevel [1982ms]
2023-11-13 19:15:56.588 [info] > git check-ignore -v -z --stdin [127ms]
2023-11-13 19:15:56.623 [info] > git config --get commit.template [479ms]
2023-11-13 19:15:56.635 [info] > git rev-parse --show-toplevel [54ms]
2023-11-13 19:15:56.722 [info] > git for-each-ref --format=%(refname)%00%(upstream:short)%00%(objectname)%00%(upstream:track)%00%(upstream:remotename)%00%(upstream:remoteref) refs/heads/Vinicius refs/remotes/Vinicius [38ms]
2023-11-13 19:15:56.762 [info] > git rev-parse --show-toplevel [62ms]
2023-11-13 19:15:56.831 [info] > git rev-parse --show-toplevel [34ms]
2023-11-13 19:15:57.395 [info] > git check-ignore -v -z --stdin [79ms]
2023-11-13 19:15:57.591 [info] > git show --textconv :CodeIgniter/app/Config/App.php [34ms]
2023-11-13 19:15:57.591 [info] > git ls-files --stage -- /var/www/clients/client2/web2/web/sistema/adsgrupo06/CodeIgniter/app/Config/App.php [5ms]
2023-11-13 19:15:57.630 [info] > git status -z -uall [870ms]
2023-11-13 19:15:59.226 [info] > git cat-file -s 82e2a4ea9a6deb3a541fea957448639b57182d63 [1607ms]
2023-11-13 19:16:01.232 [info] > git config --get commit.template [107ms]
2023-11-13 19:16:01.316 [info] > git for-each-ref --format=%(refname)%00%(upstream:short)%00%(objectname)%00%(upstream:track)%00%(upstream:remotename)%00%(upstream:remoteref) refs/heads/Vinicius refs/remotes/Vinicius [32ms]
2023-11-13 19:16:02.046 [info] > git status -z -uall [712ms]
2023-11-13 19:16:05.169 [info] > git show --textconv :CodeIgniter/app/Config/Database.php [74ms]
2023-11-13 19:16:05.197 [info] > git ls-files --stage -- /var/www/clients/client2/web2/web/sistema/adsgrupo06/CodeIgniter/app/Config/Database.php [20ms]
2023-11-13 19:16:05.216 [info] > git cat-file -s 97a6b0ea2a1878667a819c9eca73f4bb29948bfc [8ms]
2023-11-13 19:16:09.467 [info] > git config --get commit.template [12ms]
2023-11-13 19:16:09.473 [info] > git for-each-ref --format=%(refname)%00%(upstream:short)%00%(objectname)%00%(upstream:track)%00%(upstream:remotename)%00%(upstream:remoteref) refs/heads/Vinicius refs/remotes/Vinicius [8ms]
2023-11-13 19:16:09.971 [info] > git status -z -uall [490ms]
2023-11-13 19:20:01.888 [info] > git check-ignore -v -z --stdin [42ms]
2023-11-13 19:23:12.709 [info] > git for-each-ref --format=%(refname)%00%(upstream:short)%00%(objectname)%00%(upstream:track)%00%(upstream:remotename)%00%(upstream:remoteref) refs/heads/Vinicius refs/remotes/Vinicius [18ms]
2023-11-13 19:23:12.731 [info] > git config --get commit.template [98ms]
2023-11-13 19:23:13.429 [info] > git status -z -uall [674ms]
2023-11-13 19:23:18.839 [info] > git config --get commit.template [31ms]
2023-11-13 19:23:18.843 [info] > git for-each-ref --format=%(refname)%00%(upstream:short)%00%(objectname)%00%(upstream:track)%00%(upstream:remotename)%00%(upstream:remoteref) refs/heads/Vinicius refs/remotes/Vinicius [28ms]
2023-11-13 19:23:19.017 [info] > git status -z -uall [158ms]
2023-11-13 19:23:24.099 [info] > git config --get commit.template [11ms]
2023-11-13 19:23:24.101 [info] > git for-each-ref --format=%(refname)%00%(upstream:short)%00%(objectname)%00%(upstream:track)%00%(upstream:remotename)%00%(upstream:remoteref) refs/heads/Vinicius refs/remotes/Vinicius [4ms]
2023-11-13 19:23:24.193 [info] > git status -z -uall [85ms]
2023-11-13 19:23:29.258 [info] > git config --get commit.template [11ms]
2023-11-13 19:23:29.260 [info] > git for-each-ref --format=%(refname)%00%(upstream:short)%00%(objectname)%00%(upstream:track)%00%(upstream:remotename)%00%(upstream:remoteref) refs/heads/Vinicius refs/remotes/Vinicius [4ms]
2023-11-13 19:23:29.329 [info] > git status -z -uall [62ms]
2023-11-13 19:45:09.177 [info] > git config --get commit.template [39ms]
2023-11-13 19:45:09.185 [info] > git for-each-ref --format=%(refname)%00%(upstream:short)%00%(objectname)%00%(upstream:track)%00%(upstream:remotename)%00%(upstream:remoteref) refs/heads/Vinicius refs/remotes/Vinicius [36ms]
2023-11-13 19:45:09.745 [info] > git status -z -uall [552ms]
2023-11-13 19:47:18.279 [info] > git config --get commit.template [40ms]
2023-11-13 19:47:18.282 [info] > git for-each-ref --format=%(refname)%00%(upstream:short)%00%(objectname)%00%(upstream:track)%00%(upstream:remotename)%00%(upstream:remoteref) refs/heads/Vinicius refs/remotes/Vinicius [9ms]
2023-11-13 19:47:18.803 [info] > git status -z -uall [512ms]
2023-11-13 19:47:20.994 [info] > git check-ignore -v -z --stdin [19ms]
2023-11-13 19:47:22.431 [info] > git check-ignore -v -z --stdin [5ms]
2023-11-13 19:47:23.862 [info] > git check-ignore -v -z --stdin [5ms]
2023-11-13 19:47:23.911 [info] > git config --get commit.template [12ms]
2023-11-13 19:47:23.917 [info] > git for-each-ref --format=%(refname)%00%(upstream:short)%00%(objectname)%00%(upstream:track)%00%(upstream:remotename)%00%(upstream:remoteref) refs/heads/Vinicius refs/remotes/Vinicius [7ms]
2023-11-13 19:47:24.005 [info] > git status -z -uall [74ms]
2023-11-13 19:47:29.086 [info] > git config --get commit.template [15ms]
2023-11-13 19:47:29.089 [info] > git for-each-ref --format=%(refname)%00%(upstream:short)%00%(objectname)%00%(upstream:track)%00%(upstream:remotename)%00%(upstream:remoteref) refs/heads/Vinicius refs/remotes/Vinicius [5ms]
2023-11-13 19:47:29.162 [info] > git status -z -uall [65ms]
2023-11-13 19:47:29.824 [info] > git check-ignore -v -z --stdin [28ms]
2023-11-13 19:47:34.251 [info] > git config --get commit.template [18ms]
2023-11-13 19:47:34.254 [info] > git for-each-ref --format=%(refname)%00%(upstream:short)%00%(objectname)%00%(upstream:track)%00%(upstream:remotename)%00%(upstream:remoteref) refs/heads/Vinicius refs/remotes/Vinicius [4ms]
2023-11-13 19:47:34.394 [info] > git status -z -uall [132ms]
2023-11-13 19:47:35.273 [info] > git show --textconv :CodeIgniter/app/Config/App.php [44ms]
2023-11-13 19:47:35.276 [info] > git ls-files --stage -- /var/www/clients/client2/web2/web/sistema/adsgrupo06/CodeIgniter/app/Config/App.php [35ms]
2023-11-13 19:47:35.287 [info] > git cat-file -s 82e2a4ea9a6deb3a541fea957448639b57182d63 [5ms]
2023-11-13 19:47:39.495 [info] > git config --get commit.template [10ms]
2023-11-13 19:47:39.497 [info] > git for-each-ref --format=%(refname)%00%(upstream:short)%00%(objectname)%00%(upstream:track)%00%(upstream:remotename)%00%(upstream:remoteref) refs/heads/Vinicius refs/remotes/Vinicius [4ms]
2023-11-13 19:47:39.582 [info] > git status -z -uall [76ms]
2023-11-13 19:49:36.771 [info] > git config --get commit.template [28ms]
2023-11-13 19:49:36.780 [info] > git for-each-ref --format=%(refname)%00%(upstream:short)%00%(objectname)%00%(upstream:track)%00%(upstream:remotename)%00%(upstream:remoteref) refs/heads/Vinicius refs/remotes/Vinicius [28ms]
2023-11-13 19:49:37.409 [info] > git status -z -uall [621ms]
2023-11-13 19:49:50.221 [info] > git config --get commit.template [11ms]
2023-11-13 19:49:50.223 [info] > git for-each-ref --format=%(refname)%00%(upstream:short)%00%(objectname)%00%(upstream:track)%00%(upstream:remotename)%00%(upstream:remoteref) refs/heads/Vinicius refs/remotes/Vinicius [4ms]
2023-11-13 19:49:50.298 [info] > git status -z -uall [68ms]
2023-11-13 19:49:55.393 [info] > git config --get commit.template [11ms]
2023-11-13 19:49:55.395 [info] > git for-each-ref --format=%(refname)%00%(upstream:short)%00%(objectname)%00%(upstream:track)%00%(upstream:remotename)%00%(upstream:remoteref) refs/heads/Vinicius refs/remotes/Vinicius [4ms]
2023-11-13 19:49:55.474 [info] > git status -z -uall [70ms]
2023-11-13 19:49:57.692 [info] > git ls-files --stage -- /var/www/clients/client2/web2/web/sistema/adsgrupo06/CodeIgniter/app/Views/salas_form.php [4ms]
2023-11-13 19:49:57.700 [info] > git show --textconv :CodeIgniter/app/Views/salas_form.php [24ms]
2023-11-13 19:49:57.703 [info] > git cat-file -s 0d258b68c078acf7d665842cf3cd7d7e786ab56f [4ms]
2023-11-13 19:50:00.553 [info] > git config --get commit.template [16ms]
2023-11-13 19:50:00.556 [info] > git for-each-ref --format=%(refname)%00%(upstream:short)%00%(objectname)%00%(upstream:track)%00%(upstream:remotename)%00%(upstream:remoteref) refs/heads/Vinicius refs/remotes/Vinicius [5ms]
2023-11-13 19:50:00.655 [info] > git status -z -uall [88ms]
2023-11-13 19:50:05.774 [info] > git config --get commit.template [31ms]
2023-11-13 19:50:05.791 [info] > git for-each-ref --format=%(refname)%00%(upstream:short)%00%(objectname)%00%(upstream:track)%00%(upstream:remotename)%00%(upstream:remoteref) refs/heads/Vinicius refs/remotes/Vinicius [28ms]
2023-11-13 19:50:06.462 [info] > git status -z -uall [660ms]
2023-11-13 19:50:11.612 [info] > git config --get commit.template [19ms]
2023-11-13 19:50:11.614 [info] > git for-each-ref --format=%(refname)%00%(upstream:short)%00%(objectname)%00%(upstream:track)%00%(upstream:remotename)%00%(upstream:remoteref) refs/heads/Vinicius refs/remotes/Vinicius [7ms]
2023-11-13 19:50:11.706 [info] > git status -z -uall [83ms]
2023-11-13 19:50:16.785 [info] > git config --get commit.template [14ms]
2023-11-13 19:50:16.788 [info] > git for-each-ref --format=%(refname)%00%(upstream:short)%00%(objectname)%00%(upstream:track)%00%(upstream:remotename)%00%(upstream:remoteref) refs/heads/Vinicius refs/remotes/Vinicius [5ms]
2023-11-13 19:50:16.867 [info] > git status -z -uall [68ms]
2023-11-13 19:50:21.931 [info] > git config --get commit.template [13ms]
2023-11-13 19:50:21.934 [info] > git for-each-ref --format=%(refname)%00%(upstream:short)%00%(objectname)%00%(upstream:track)%00%(upstream:remotename)%00%(upstream:remoteref) refs/heads/Vinicius refs/remotes/Vinicius [4ms]
2023-11-13 19:50:22.012 [info] > git status -z -uall [67ms]
2023-11-13 19:50:27.097 [info] > git config --get commit.template [11ms]
2023-11-13 19:50:27.100 [info] > git for-each-ref --format=%(refname)%00%(upstream:short)%00%(objectname)%00%(upstream:track)%00%(upstream:remotename)%00%(upstream:remoteref) refs/heads/Vinicius refs/remotes/Vinicius [4ms]
2023-11-13 19:50:27.206 [info] > git status -z -uall [98ms]
2023-11-13 19:50:32.272 [info] > git config --get commit.template [11ms]
2023-11-13 19:50:32.276 [info] > git for-each-ref --format=%(refname)%00%(upstream:short)%00%(objectname)%00%(upstream:track)%00%(upstream:remotename)%00%(upstream:remoteref) refs/heads/Vinicius refs/remotes/Vinicius [4ms]
2023-11-13 19:50:32.348 [info] > git status -z -uall [62ms]
2023-11-13 19:50:33.780 [info] > git show --textconv :CodeIgniter/app/Views/salas_exibir.php [17ms]
2023-11-13 19:50:33.787 [info] > git ls-files --stage -- /var/www/clients/client2/web2/web/sistema/adsgrupo06/CodeIgniter/app/Views/salas_exibir.php [7ms]
2023-11-13 19:50:33.798 [info] > git cat-file -s c885bbb4e3b76f8f97c7b446fd68b85086560962 [3ms]
2023-11-13 19:50:37.442 [info] > git config --get commit.template [11ms]
2023-11-13 19:50:37.445 [info] > git for-each-ref --format=%(refname)%00%(upstream:short)%00%(objectname)%00%(upstream:track)%00%(upstream:remotename)%00%(upstream:remoteref) refs/heads/Vinicius refs/remotes/Vinicius [4ms]
2023-11-13 19:50:37.531 [info] > git status -z -uall [79ms]
2023-11-13 19:50:51.020 [info] > git config --get commit.template [12ms]
2023-11-13 19:50:51.023 [info] > git for-each-ref --format=%(refname)%00%(upstream:short)%00%(objectname)%00%(upstream:track)%00%(upstream:remotename)%00%(upstream:remoteref) refs/heads/Vinicius refs/remotes/Vinicius [4ms]
2023-11-13 19:50:51.118 [info] > git status -z -uall [87ms]
2023-11-13 19:50:56.216 [info] > git config --get commit.template [11ms]
2023-11-13 19:50:56.219 [info] > git for-each-ref --format=%(refname)%00%(upstream:short)%00%(objectname)%00%(upstream:track)%00%(upstream:remotename)%00%(upstream:remoteref) refs/heads/Vinicius refs/remotes/Vinicius [4ms]
2023-11-13 19:50:56.306 [info] > git status -z -uall [77ms]
2023-11-13 19:51:01.379 [info] > git config --get commit.template [12ms]
2023-11-13 19:51:01.381 [info] > git for-each-ref --format=%(refname)%00%(upstream:short)%00%(objectname)%00%(upstream:track)%00%(upstream:remotename)%00%(upstream:remoteref) refs/heads/Vinicius refs/remotes/Vinicius [3ms]
2023-11-13 19:51:01.459 [info] > git status -z -uall [69ms]
2023-11-13 19:51:06.539 [info] > git config --get commit.template [13ms]
2023-11-13 19:51:06.542 [info] > git for-each-ref --format=%(refname)%00%(upstream:short)%00%(objectname)%00%(upstream:track)%00%(upstream:remotename)%00%(upstream:remoteref) refs/heads/Vinicius refs/remotes/Vinicius [5ms]
2023-11-13 19:51:06.632 [info] > git status -z -uall [81ms]
2023-11-13 19:51:11.736 [info] > git config --get commit.template [13ms]
2023-11-13 19:51:11.739 [info] > git for-each-ref --format=%(refname)%00%(upstream:short)%00%(objectname)%00%(upstream:track)%00%(upstream:remotename)%00%(upstream:remoteref) refs/heads/Vinicius refs/remotes/Vinicius [4ms]
2023-11-13 19:51:11.813 [info] > git status -z -uall [66ms]
2023-11-13 19:51:16.888 [info] > git config --get commit.template [14ms]
2023-11-13 19:51:16.891 [info] > git for-each-ref --format=%(refname)%00%(upstream:short)%00%(objectname)%00%(upstream:track)%00%(upstream:remotename)%00%(upstream:remoteref) refs/heads/Vinicius refs/remotes/Vinicius [5ms]
2023-11-13 19:51:16.969 [info] > git status -z -uall [70ms]
2023-11-13 19:51:22.051 [info] > git config --get commit.template [11ms]
2023-11-13 19:51:22.054 [info] > git for-each-ref --format=%(refname)%00%(upstream:short)%00%(objectname)%00%(upstream:track)%00%(upstream:remotename)%00%(upstream:remoteref) refs/heads/Vinicius refs/remotes/Vinicius [3ms]
2023-11-13 19:51:22.132 [info] > git status -z -uall [71ms]
2023-11-13 19:51:27.230 [info] > git config --get commit.template [13ms]
2023-11-13 19:51:27.233 [info] > git for-each-ref --format=%(refname)%00%(upstream:short)%00%(objectname)%00%(upstream:track)%00%(upstream:remotename)%00%(upstream:remoteref) refs/heads/Vinicius refs/remotes/Vinicius [4ms]
2023-11-13 19:51:27.319 [info] > git status -z -uall [78ms]
2023-11-13 19:51:32.401 [info] > git config --get commit.template [13ms]
2023-11-13 19:51:32.404 [info] > git for-each-ref --format=%(refname)%00%(upstream:short)%00%(objectname)%00%(upstream:track)%00%(upstream:remotename)%00%(upstream:remoteref) refs/heads/Vinicius refs/remotes/Vinicius [5ms]
2023-11-13 19:51:32.471 [info] > git status -z -uall [60ms]
2023-11-13 19:51:37.574 [info] > git config --get commit.template [27ms]
2023-11-13 19:51:37.584 [info] > git for-each-ref --format=%(refname)%00%(upstream:short)%00%(objectname)%00%(upstream:track)%00%(upstream:remotename)%00%(upstream:remoteref) refs/heads/Vinicius refs/remotes/Vinicius [12ms]
2023-11-13 19:51:37.936 [info] > git status -z -uall [329ms]
2023-11-13 19:51:40.447 [info] > git ls-files --stage -- /var/www/clients/client2/web2/web/sistema/adsgrupo06/CodeIgniter/app/Views/salas_exibir.php [7ms]
2023-11-13 19:51:40.464 [info] > git cat-file -s c885bbb4e3b76f8f97c7b446fd68b85086560962 [9ms]
2023-11-13 19:51:40.676 [info] > git show --textconv :CodeIgniter/app/Views/salas_exibir.php [6ms]
2023-11-13 19:51:43.071 [info] > git config --get commit.template [13ms]
2023-11-13 19:51:43.074 [info] > git for-each-ref --format=%(refname)%00%(upstream:short)%00%(objectname)%00%(upstream:track)%00%(upstream:remotename)%00%(upstream:remoteref) refs/heads/Vinicius refs/remotes/Vinicius [5ms]
2023-11-13 19:51:43.458 [info] > git status -z -uall [370ms]
2023-11-13 19:51:48.581 [info] > git config --get commit.template [11ms]
2023-11-13 19:51:48.585 [info] > git for-each-ref --format=%(refname)%00%(upstream:short)%00%(objectname)%00%(upstream:track)%00%(upstream:remotename)%00%(upstream:remoteref) refs/heads/Vinicius refs/remotes/Vinicius [5ms]
2023-11-13 19:51:48.741 [info] > git status -z -uall [148ms]
2023-11-13 19:51:53.837 [info] > git config --get commit.template [13ms]
2023-11-13 19:51:53.840 [info] > git for-each-ref --format=%(refname)%00%(upstream:short)%00%(objectname)%00%(upstream:track)%00%(upstream:remotename)%00%(upstream:remoteref) refs/heads/Vinicius refs/remotes/Vinicius [4ms]
2023-11-13 19:51:53.993 [info] > git status -z -uall [143ms]
2023-11-13 19:51:59.086 [info] > git config --get commit.template [18ms]
2023-11-13 19:51:59.093 [info] > git for-each-ref --format=%(refname)%00%(upstream:short)%00%(objectname)%00%(upstream:track)%00%(upstream:remotename)%00%(upstream:remoteref) refs/heads/Vinicius refs/remotes/Vinicius [9ms]
2023-11-13 19:51:59.249 [info] > git status -z -uall [139ms]
2023-11-13 19:52:00.423 [info] > git ls-files --stage -- /var/www/clients/client2/web2/web/sistema/adsgrupo06/CodeIgniter/app/Views/salas_exibir.php [22ms]
2023-11-13 19:52:00.448 [info] > git cat-file -s c885bbb4e3b76f8f97c7b446fd68b85086560962 [5ms]
2023-11-13 19:52:00.671 [info] > git show --textconv :CodeIgniter/app/Views/salas_exibir.php [9ms]
2023-11-13 19:52:04.322 [info] > git config --get commit.template [11ms]
2023-11-13 19:52:04.326 [info] > git for-each-ref --format=%(refname)%00%(upstream:short)%00%(objectname)%00%(upstream:track)%00%(upstream:remotename)%00%(upstream:remoteref) refs/heads/Vinicius refs/remotes/Vinicius [5ms]
2023-11-13 19:52:04.430 [info] > git status -z -uall [94ms]
2023-11-13 19:52:09.451 [info] > git config --get commit.template [10ms]
2023-11-13 19:52:09.453 [info] > git for-each-ref --format=%(refname)%00%(upstream:short)%00%(objectname)%00%(upstream:track)%00%(upstream:remotename)%00%(upstream:remoteref) refs/heads/Vinicius refs/remotes/Vinicius [4ms]
2023-11-13 19:52:09.513 [info] > git status -z -uall [52ms]
2023-11-13 19:52:14.537 [info] > git config --get commit.template [11ms]
2023-11-13 19:52:14.540 [info] > git for-each-ref --format=%(refname)%00%(upstream:short)%00%(objectname)%00%(upstream:track)%00%(upstream:remotename)%00%(upstream:remoteref) refs/heads/Vinicius refs/remotes/Vinicius [4ms]
2023-11-13 19:52:14.632 [info] > git status -z -uall [80ms]
2023-11-13 19:52:19.660 [info] > git config --get commit.template [14ms]
2023-11-13 19:52:19.663 [info] > git for-each-ref --format=%(refname)%00%(upstream:short)%00%(objectname)%00%(upstream:track)%00%(upstream:remotename)%00%(upstream:remoteref) refs/heads/Vinicius refs/remotes/Vinicius [4ms]
2023-11-13 19:52:19.744 [info] > git status -z -uall [69ms]
2023-11-13 19:52:24.773 [info] > git config --get commit.template [13ms]
2023-11-13 19:52:24.775 [info] > git for-each-ref --format=%(refname)%00%(upstream:short)%00%(objectname)%00%(upstream:track)%00%(upstream:remotename)%00%(upstream:remoteref) refs/heads/Vinicius refs/remotes/Vinicius [3ms]
2023-11-13 19:52:24.846 [info] > git status -z -uall [60ms]
2023-11-13 19:52:29.872 [info] > git config --get commit.template [13ms]
2023-11-13 19:52:29.875 [info] > git for-each-ref --format=%(refname)%00%(upstream:short)%00%(objectname)%00%(upstream:track)%00%(upstream:remotename)%00%(upstream:remoteref) refs/heads/Vinicius refs/remotes/Vinicius [4ms]
2023-11-13 19:52:29.939 [info] > git status -z -uall [55ms]
2023-11-13 19:52:34.962 [info] > git config --get commit.template [12ms]
2023-11-13 19:52:34.965 [info] > git for-each-ref --format=%(refname)%00%(upstream:short)%00%(objectname)%00%(upstream:track)%00%(upstream:remotename)%00%(upstream:remoteref) refs/heads/Vinicius refs/remotes/Vinicius [5ms]
2023-11-13 19:52:35.033 [info] > git status -z -uall [58ms]
2023-11-13 19:52:40.061 [info] > git config --get commit.template [12ms]
2023-11-13 19:52:40.063 [info] > git for-each-ref --format=%(refname)%00%(upstream:short)%00%(objectname)%00%(upstream:track)%00%(upstream:remotename)%00%(upstream:remoteref) refs/heads/Vinicius refs/remotes/Vinicius [7ms]
2023-11-13 19:52:40.119 [info] > git status -z -uall [49ms]
2023-11-13 19:52:45.145 [info] > git config --get commit.template [13ms]
2023-11-13 19:52:45.148 [info] > git for-each-ref --format=%(refname)%00%(upstream:short)%00%(objectname)%00%(upstream:track)%00%(upstream:remotename)%00%(upstream:remoteref) refs/heads/Vinicius refs/remotes/Vinicius [4ms]
2023-11-13 19:52:45.204 [info] > git status -z -uall [50ms]
2023-11-13 19:52:50.227 [info] > git config --get commit.template [12ms]
2023-11-13 19:52:50.229 [info] > git for-each-ref --format=%(refname)%00%(upstream:short)%00%(objectname)%00%(upstream:track)%00%(upstream:remotename)%00%(upstream:remoteref) refs/heads/Vinicius refs/remotes/Vinicius [3ms]
2023-11-13 19:52:50.283 [info] > git status -z -uall [47ms]
2023-11-13 19:52:55.322 [info] > git config --get commit.template [23ms]
2023-11-13 19:52:55.326 [info] > git for-each-ref --format=%(refname)%00%(upstream:short)%00%(objectname)%00%(upstream:track)%00%(upstream:remotename)%00%(upstream:remoteref) refs/heads/Vinicius refs/remotes/Vinicius [14ms]
2023-11-13 19:52:55.421 [info] > git status -z -uall [85ms]
2023-11-13 19:53:00.443 [info] > git config --get commit.template [12ms]
2023-11-13 19:53:00.446 [info] > git for-each-ref --format=%(refname)%00%(upstream:short)%00%(objectname)%00%(upstream:track)%00%(upstream:remotename)%00%(upstream:remoteref) refs/heads/Vinicius refs/remotes/Vinicius [3ms]
2023-11-13 19:53:00.514 [info] > git status -z -uall [60ms]
2023-11-13 19:53:05.542 [info] > git config --get commit.template [15ms]
2023-11-13 19:53:05.546 [info] > git for-each-ref --format=%(refname)%00%(upstream:short)%00%(objectname)%00%(upstream:track)%00%(upstream:remotename)%00%(upstream:remoteref) refs/heads/Vinicius refs/remotes/Vinicius [5ms]
2023-11-13 19:53:05.627 [info] > git status -z -uall [70ms]
2023-11-13 19:55:18.207 [info] > git config --get commit.template [14ms]
2023-11-13 19:55:18.210 [info] > git for-each-ref --format=%(refname)%00%(upstream:short)%00%(objectname)%00%(upstream:track)%00%(upstream:remotename)%00%(upstream:remoteref) refs/heads/Vinicius refs/remotes/Vinicius [3ms]
2023-11-13 19:55:18.300 [info] > git status -z -uall [82ms]
2023-11-13 19:55:23.326 [info] > git config --get commit.template [9ms]
2023-11-13 19:55:23.328 [info] > git for-each-ref --format=%(refname)%00%(upstream:short)%00%(objectname)%00%(upstream:track)%00%(upstream:remotename)%00%(upstream:remoteref) refs/heads/Vinicius refs/remotes/Vinicius [3ms]
2023-11-13 19:55:23.422 [info] > git status -z -uall [86ms]
2023-11-13 19:55:28.462 [info] > git config --get commit.template [10ms]
2023-11-13 19:55:28.464 [info] > git for-each-ref --format=%(refname)%00%(upstream:short)%00%(objectname)%00%(upstream:track)%00%(upstream:remotename)%00%(upstream:remoteref) refs/heads/Vinicius refs/remotes/Vinicius [3ms]
2023-11-13 19:55:28.538 [info] > git status -z -uall [67ms]
2023-11-13 19:55:33.559 [info] > git config --get commit.template [8ms]
2023-11-13 19:55:33.562 [info] > git for-each-ref --format=%(refname)%00%(upstream:short)%00%(objectname)%00%(upstream:track)%00%(upstream:remotename)%00%(upstream:remoteref) refs/heads/Vinicius refs/remotes/Vinicius [4ms]
2023-11-13 19:55:33.639 [info] > git status -z -uall [71ms]
2023-11-13 19:55:38.661 [info] > git config --get commit.template [11ms]
2023-11-13 19:55:38.664 [info] > git for-each-ref --format=%(refname)%00%(upstream:short)%00%(objectname)%00%(upstream:track)%00%(upstream:remotename)%00%(upstream:remoteref) refs/heads/Vinicius refs/remotes/Vinicius [4ms]
2023-11-13 19:55:38.740 [info] > git status -z -uall [67ms]
2023-11-13 19:55:43.765 [info] > git config --get commit.template [11ms]
2023-11-13 19:55:43.768 [info] > git for-each-ref --format=%(refname)%00%(upstream:short)%00%(objectname)%00%(upstream:track)%00%(upstream:remotename)%00%(upstream:remoteref) refs/heads/Vinicius refs/remotes/Vinicius [4ms]
2023-11-13 19:55:43.837 [info] > git status -z -uall [59ms]
2023-11-13 19:55:48.862 [info] > git config --get commit.template [12ms]
2023-11-13 19:55:48.865 [info] > git for-each-ref --format=%(refname)%00%(upstream:short)%00%(objectname)%00%(upstream:track)%00%(upstream:remotename)%00%(upstream:remoteref) refs/heads/Vinicius refs/remotes/Vinicius [4ms]
2023-11-13 19:55:48.929 [info] > git status -z -uall [53ms]
2023-11-13 19:55:53.952 [info] > git config --get commit.template [10ms]
2023-11-13 19:55:53.955 [info] > git for-each-ref --format=%(refname)%00%(upstream:short)%00%(objectname)%00%(upstream:track)%00%(upstream:remotename)%00%(upstream:remoteref) refs/heads/Vinicius refs/remotes/Vinicius [3ms]
2023-11-13 19:55:54.106 [info] > git status -z -uall [144ms]
2023-11-13 19:55:59.170 [info] > git config --get commit.template [28ms]
2023-11-13 19:55:59.177 [info] > git for-each-ref --format=%(refname)%00%(upstream:short)%00%(objectname)%00%(upstream:track)%00%(upstream:remotename)%00%(upstream:remoteref) refs/heads/Vinicius refs/remotes/Vinicius [9ms]
2023-11-13 19:55:59.413 [info] > git status -z -uall [216ms]
2023-11-13 19:56:04.463 [info] > git config --get commit.template [24ms]
2023-11-13 19:56:04.471 [info] > git for-each-ref --format=%(refname)%00%(upstream:short)%00%(objectname)%00%(upstream:track)%00%(upstream:remotename)%00%(upstream:remoteref) refs/heads/Vinicius refs/remotes/Vinicius [22ms]
2023-11-13 19:56:04.643 [info] > git status -z -uall [151ms]
2023-11-13 19:56:10.198 [info] > git config --get commit.template [44ms]
2023-11-13 19:56:10.202 [info] > git for-each-ref --format=%(refname)%00%(upstream:short)%00%(objectname)%00%(upstream:track)%00%(upstream:remotename)%00%(upstream:remoteref) refs/heads/Vinicius refs/remotes/Vinicius [64ms]
2023-11-13 19:56:10.481 [info] > git status -z -uall [269ms]
2023-11-13 19:56:15.606 [info] > git config --get commit.template [51ms]
2023-11-13 19:56:15.609 [info] > git for-each-ref --format=%(refname)%00%(upstream:short)%00%(objectname)%00%(upstream:track)%00%(upstream:remotename)%00%(upstream:remoteref) refs/heads/Vinicius refs/remotes/Vinicius [52ms]
2023-11-13 19:56:16.196 [info] > git status -z -uall [571ms]
2023-11-13 19:56:21.257 [info] > git config --get commit.template [12ms]
2023-11-13 19:56:21.270 [info] > git for-each-ref --format=%(refname)%00%(upstream:short)%00%(objectname)%00%(upstream:track)%00%(upstream:remotename)%00%(upstream:remoteref) refs/heads/Vinicius refs/remotes/Vinicius [14ms]
2023-11-13 19:56:21.438 [info] > git status -z -uall [158ms]
2023-11-13 19:56:26.500 [info] > git for-each-ref --format=%(refname)%00%(upstream:short)%00%(objectname)%00%(upstream:track)%00%(upstream:remotename)%00%(upstream:remoteref) refs/heads/Vinicius refs/remotes/Vinicius [10ms]
2023-11-13 19:56:26.501 [info] > git config --get commit.template [21ms]
2023-11-13 19:56:26.632 [info] > git status -z -uall [103ms]
2023-11-13 19:56:31.747 [info] > git config --get commit.template [78ms]
2023-11-13 19:56:31.756 [info] > git for-each-ref --format=%(refname)%00%(upstream:short)%00%(objectname)%00%(upstream:track)%00%(upstream:remotename)%00%(upstream:remoteref) refs/heads/Vinicius refs/remotes/Vinicius [11ms]
2023-11-13 19:56:32.016 [info] > git status -z -uall [247ms]
2023-11-13 19:56:37.094 [info] > git config --get commit.template [47ms]
2023-11-13 19:56:37.099 [info] > git for-each-ref --format=%(refname)%00%(upstream:short)%00%(objectname)%00%(upstream:track)%00%(upstream:remotename)%00%(upstream:remoteref) refs/heads/Vinicius refs/remotes/Vinicius [10ms]
2023-11-13 19:56:37.382 [info] > git status -z -uall [275ms]
2023-11-13 19:56:42.451 [info] > git config --get commit.template [38ms]
2023-11-13 19:56:42.464 [info] > git for-each-ref --format=%(refname)%00%(upstream:short)%00%(objectname)%00%(upstream:track)%00%(upstream:remotename)%00%(upstream:remoteref) refs/heads/Vinicius refs/remotes/Vinicius [14ms]
2023-11-13 19:56:42.752 [info] > git status -z -uall [273ms]
2023-11-13 19:56:47.794 [info] > git for-each-ref --format=%(refname)%00%(upstream:short)%00%(objectname)%00%(upstream:track)%00%(upstream:remotename)%00%(upstream:remoteref) refs/heads/Vinicius refs/remotes/Vinicius [3ms]
2023-11-13 19:56:47.795 [info] > git config --get commit.template [32ms]
2023-11-13 19:56:47.877 [info] > git status -z -uall [75ms]
2023-11-13 19:56:52.892 [info] > git config --get commit.template [3ms]
2023-11-13 19:56:52.917 [info] > git for-each-ref --format=%(refname)%00%(upstream:short)%00%(objectname)%00%(upstream:track)%00%(upstream:remotename)%00%(upstream:remoteref) refs/heads/Vinicius refs/remotes/Vinicius [5ms]
2023-11-13 19:56:52.975 [info] > git status -z -uall [51ms]
2023-11-13 19:56:58.005 [info] > git config --get commit.template [17ms]
2023-11-13 19:56:58.017 [info] > git for-each-ref --format=%(refname)%00%(upstream:short)%00%(objectname)%00%(upstream:track)%00%(upstream:remotename)%00%(upstream:remoteref) refs/heads/Vinicius refs/remotes/Vinicius [3ms]
2023-11-13 19:56:58.072 [info] > git status -z -uall [49ms]
2023-11-13 19:57:03.094 [info] > git config --get commit.template [10ms]
2023-11-13 19:57:03.097 [info] > git for-each-ref --format=%(refname)%00%(upstream:short)%00%(objectname)%00%(upstream:track)%00%(upstream:remotename)%00%(upstream:remoteref) refs/heads/Vinicius refs/remotes/Vinicius [4ms]
2023-11-13 19:57:03.172 [info] > git status -z -uall [69ms]
2023-11-13 19:57:08.194 [info] > git config --get commit.template [11ms]
2023-11-13 19:57:08.198 [info] > git for-each-ref --format=%(refname)%00%(upstream:short)%00%(objectname)%00%(upstream:track)%00%(upstream:remotename)%00%(upstream:remoteref) refs/heads/Vinicius refs/remotes/Vinicius [5ms]
2023-11-13 19:57:08.272 [info] > git status -z -uall [68ms]
2023-11-13 19:58:27.357 [info] > git config --get commit.template [9ms]
2023-11-13 19:58:27.360 [info] > git for-each-ref --format=%(refname)%00%(upstream:short)%00%(objectname)%00%(upstream:track)%00%(upstream:remotename)%00%(upstream:remoteref) refs/heads/Vinicius refs/remotes/Vinicius [4ms]
2023-11-13 19:58:27.425 [info] > git status -z -uall [59ms]
2023-11-13 19:58:32.446 [info] > git config --get commit.template [11ms]
2023-11-13 19:58:32.449 [info] > git for-each-ref --format=%(refname)%00%(upstream:short)%00%(objectname)%00%(upstream:track)%00%(upstream:remotename)%00%(upstream:remoteref) refs/heads/Vinicius refs/remotes/Vinicius [4ms]
2023-11-13 19:58:32.510 [info] > git status -z -uall [53ms]
2023-11-13 19:59:16.195 [info] > git config --get commit.template [8ms]
2023-11-13 19:59:16.197 [info] > git for-each-ref --format=%(refname)%00%(upstream:short)%00%(objectname)%00%(upstream:track)%00%(upstream:remotename)%00%(upstream:remoteref) refs/heads/Vinicius refs/remotes/Vinicius [2ms]
2023-11-13 19:59:16.252 [info] > git status -z -uall [49ms]
2023-11-13 19:59:21.271 [info] > git config --get commit.template [10ms]
2023-11-13 19:59:21.274 [info] > git for-each-ref --format=%(refname)%00%(upstream:short)%00%(objectname)%00%(upstream:track)%00%(upstream:remotename)%00%(upstream:remoteref) refs/heads/Vinicius refs/remotes/Vinicius [5ms]
2023-11-13 19:59:21.334 [info] > git status -z -uall [52ms]
2023-11-13 19:59:21.397 [info] > git check-ignore -v -z --stdin [6ms]
2023-11-13 19:59:22.901 [info] > git check-ignore -v -z --stdin [6ms]
2023-11-13 19:59:24.121 [info] > git show --textconv :grupo/index.php [12ms]
2023-11-13 19:59:24.126 [info] > git ls-files --stage -- /var/www/clients/client2/web2/web/sistema/adsgrupo06/grupo/index.php [10ms]
2023-11-13 19:59:24.135 [info] > git cat-file -s bfe2ecbfea7d1516bcd36a3a32429feb12ca57eb [2ms]
2023-11-13 19:59:26.360 [info] > git config --get commit.template [10ms]
2023-11-13 19:59:26.362 [info] > git for-each-ref --format=%(refname)%00%(upstream:short)%00%(objectname)%00%(upstream:track)%00%(upstream:remotename)%00%(upstream:remoteref) refs/heads/Vinicius refs/remotes/Vinicius [3ms]
2023-11-13 19:59:26.424 [info] > git status -z -uall [56ms]
2023-11-13 20:00:15.026 [info] > git config --get commit.template [25ms]
2023-11-13 20:00:15.030 [info] > git for-each-ref --format=%(refname)%00%(upstream:short)%00%(objectname)%00%(upstream:track)%00%(upstream:remotename)%00%(upstream:remoteref) refs/heads/Vinicius refs/remotes/Vinicius [11ms]
2023-11-13 20:00:15.205 [info] > git status -z -uall [164ms]
2023-11-13 20:00:20.234 [info] > git config --get commit.template [15ms]
2023-11-13 20:00:20.237 [info] > git for-each-ref --format=%(refname)%00%(upstream:short)%00%(objectname)%00%(upstream:track)%00%(upstream:remotename)%00%(upstream:remoteref) refs/heads/Vinicius refs/remotes/Vinicius [5ms]
2023-11-13 20:00:20.333 [info] > git status -z -uall [86ms]
2023-11-13 20:00:25.355 [info] > git config --get commit.template [10ms]
2023-11-13 20:00:25.360 [info] > git for-each-ref --format=%(refname)%00%(upstream:short)%00%(objectname)%00%(upstream:track)%00%(upstream:remotename)%00%(upstream:remoteref) refs/heads/Vinicius refs/remotes/Vinicius [4ms]
2023-11-13 20:00:25.439 [info] > git status -z -uall [67ms]
2023-11-13 20:00:30.461 [info] > git config --get commit.template [11ms]
2023-11-13 20:00:30.464 [info] > git for-each-ref --format=%(refname)%00%(upstream:short)%00%(objectname)%00%(upstream:track)%00%(upstream:remotename)%00%(upstream:remoteref) refs/heads/Vinicius refs/remotes/Vinicius [4ms]
2023-11-13 20:00:30.544 [info] > git status -z -uall [72ms]
2023-11-13 20:01:15.582 [info] > git config --get commit.template [10ms]
2023-11-13 20:01:15.585 [info] > git for-each-ref --format=%(refname)%00%(upstream:short)%00%(objectname)%00%(upstream:track)%00%(upstream:remotename)%00%(upstream:remoteref) refs/heads/Vinicius refs/remotes/Vinicius [5ms]
2023-11-13 20:01:15.659 [info] > git status -z -uall [67ms]
2023-11-13 20:01:20.679 [info] > git config --get commit.template [10ms]
2023-11-13 20:01:20.682 [info] > git for-each-ref --format=%(refname)%00%(upstream:short)%00%(objectname)%00%(upstream:track)%00%(upstream:remotename)%00%(upstream:remoteref) refs/heads/Vinicius refs/remotes/Vinicius [4ms]
2023-11-13 20:01:20.804 [info] > git status -z -uall [116ms]
2023-11-13 20:01:21.099 [info] > git show --textconv :CodeIgniter/app/Controllers/SalasExibir.php [19ms]
2023-11-13 20:01:21.102 [info] > git ls-files --stage -- /var/www/clients/client2/web2/web/sistema/adsgrupo06/CodeIgniter/app/Controllers/SalasExibir.php [9ms]
2023-11-13 20:01:21.115 [info] > git cat-file -s c8559c279919fed197121967b2305fab86a8743f [4ms]
2023-11-13 20:01:22.275 [info] > git check-ignore -v -z --stdin [7ms]
2023-11-13 20:01:25.826 [info] > git config --get commit.template [9ms]
2023-11-13 20:01:25.829 [info] > git for-each-ref --format=%(refname)%00%(upstream:short)%00%(objectname)%00%(upstream:track)%00%(upstream:remotename)%00%(upstream:remoteref) refs/heads/Vinicius refs/remotes/Vinicius [4ms]
2023-11-13 20:01:25.897 [info] > git status -z -uall [60ms]
2023-11-13 20:01:30.915 [info] > git config --get commit.template [3ms]
2023-11-13 20:01:30.927 [info] > git for-each-ref --format=%(refname)%00%(upstream:short)%00%(objectname)%00%(upstream:track)%00%(upstream:remotename)%00%(upstream:remoteref) refs/heads/Vinicius refs/remotes/Vinicius [1ms]
2023-11-13 20:01:31.006 [info] > git status -z -uall [71ms]
2023-11-13 20:02:05.110 [info] > git config --get commit.template [15ms]
2023-11-13 20:02:05.113 [info] > git for-each-ref --format=%(refname)%00%(upstream:short)%00%(objectname)%00%(upstream:track)%00%(upstream:remotename)%00%(upstream:remoteref) refs/heads/Vinicius refs/remotes/Vinicius [4ms]
2023-11-13 20:02:05.207 [info] > git status -z -uall [86ms]
2023-11-13 20:02:10.229 [info] > git config --get commit.template [10ms]
2023-11-13 20:02:10.231 [info] > git for-each-ref --format=%(refname)%00%(upstream:short)%00%(objectname)%00%(upstream:track)%00%(upstream:remotename)%00%(upstream:remoteref) refs/heads/Vinicius refs/remotes/Vinicius [3ms]
2023-11-13 20:02:10.295 [info] > git status -z -uall [56ms]
2023-11-13 20:02:15.377 [info] > git config --get commit.template [13ms]
2023-11-13 20:02:15.380 [info] > git for-each-ref --format=%(refname)%00%(upstream:short)%00%(objectname)%00%(upstream:track)%00%(upstream:remotename)%00%(upstream:remoteref) refs/heads/Vinicius refs/remotes/Vinicius [6ms]
2023-11-13 20:02:15.462 [info] > git status -z -uall [75ms]
2023-11-13 20:02:20.509 [info] > git config --get commit.template [23ms]
2023-11-13 20:02:20.512 [info] > git for-each-ref --format=%(refname)%00%(upstream:short)%00%(objectname)%00%(upstream:track)%00%(upstream:remotename)%00%(upstream:remoteref) refs/heads/Vinicius refs/remotes/Vinicius [16ms]
2023-11-13 20:02:20.595 [info] > git status -z -uall [73ms]
2023-11-13 20:02:30.038 [info] > git config --get commit.template [13ms]
2023-11-13 20:02:30.041 [info] > git for-each-ref --format=%(refname)%00%(upstream:short)%00%(objectname)%00%(upstream:track)%00%(upstream:remotename)%00%(upstream:remoteref) refs/heads/Vinicius refs/remotes/Vinicius [7ms]
2023-11-13 20:02:30.143 [info] > git status -z -uall [93ms]
2023-11-13 20:03:43.379 [info] > git config --get commit.template [10ms]
2023-11-13 20:03:43.382 [info] > git for-each-ref --format=%(refname)%00%(upstream:short)%00%(objectname)%00%(upstream:track)%00%(upstream:remotename)%00%(upstream:remoteref) refs/heads/Vinicius refs/remotes/Vinicius [4ms]
2023-11-13 20:03:43.460 [info] > git status -z -uall [71ms]
2023-11-13 20:03:48.480 [info] > git config --get commit.template [10ms]
2023-11-13 20:03:48.483 [info] > git for-each-ref --format=%(refname)%00%(upstream:short)%00%(objectname)%00%(upstream:track)%00%(upstream:remotename)%00%(upstream:remoteref) refs/heads/Vinicius refs/remotes/Vinicius [3ms]
2023-11-13 20:03:48.547 [info] > git status -z -uall [56ms]
2023-11-13 20:03:49.403 [info] > git show --textconv :CodeIgniter/app/Views/salas_exibir.php [18ms]
2023-11-13 20:03:49.406 [info] > git ls-files --stage -- /var/www/clients/client2/web2/web/sistema/adsgrupo06/CodeIgniter/app/Views/salas_exibir.php [9ms]
2023-11-13 20:03:49.416 [info] > git cat-file -s c885bbb4e3b76f8f97c7b446fd68b85086560962 [3ms]
2023-11-13 20:03:53.567 [info] > git config --get commit.template [8ms]
2023-11-13 20:03:53.570 [info] > git for-each-ref --format=%(refname)%00%(upstream:short)%00%(objectname)%00%(upstream:track)%00%(upstream:remotename)%00%(upstream:remoteref) refs/heads/Vinicius refs/remotes/Vinicius [3ms]
2023-11-13 20:03:53.631 [info] > git status -z -uall [54ms]
2023-11-13 20:04:28.505 [info] > git config --get commit.template [33ms]
2023-11-13 20:04:28.508 [info] > git for-each-ref --format=%(refname)%00%(upstream:short)%00%(objectname)%00%(upstream:track)%00%(upstream:remotename)%00%(upstream:remoteref) refs/heads/Vinicius refs/remotes/Vinicius [28ms]
2023-11-13 20:04:28.609 [info] > git status -z -uall [93ms]
2023-11-13 20:04:33.635 [info] > git config --get commit.template [13ms]
2023-11-13 20:04:33.638 [info] > git for-each-ref --format=%(refname)%00%(upstream:short)%00%(objectname)%00%(upstream:track)%00%(upstream:remotename)%00%(upstream:remoteref) refs/heads/Vinicius refs/remotes/Vinicius [4ms]
2023-11-13 20:04:33.710 [info] > git status -z -uall [64ms]
2023-11-13 20:04:38.732 [info] > git config --get commit.template [9ms]
2023-11-13 20:04:38.735 [info] > git for-each-ref --format=%(refname)%00%(upstream:short)%00%(objectname)%00%(upstream:track)%00%(upstream:remotename)%00%(upstream:remoteref) refs/heads/Vinicius refs/remotes/Vinicius [3ms]
2023-11-13 20:04:38.793 [info] > git status -z -uall [52ms]
2023-11-13 20:04:47.112 [info] > git config --get commit.template [8ms]
2023-11-13 20:04:47.114 [info] > git for-each-ref --format=%(refname)%00%(upstream:short)%00%(objectname)%00%(upstream:track)%00%(upstream:remotename)%00%(upstream:remoteref) refs/heads/Vinicius refs/remotes/Vinicius [4ms]
2023-11-13 20:04:47.167 [info] > git status -z -uall [48ms]
2023-11-13 20:04:52.189 [info] > git config --get commit.template [11ms]
2023-11-13 20:04:52.193 [info] > git for-each-ref --format=%(refname)%00%(upstream:short)%00%(objectname)%00%(upstream:track)%00%(upstream:remotename)%00%(upstream:remoteref) refs/heads/Vinicius refs/remotes/Vinicius [5ms]
2023-11-13 20:04:52.249 [info] > git status -z -uall [49ms]
2023-11-13 20:05:01.414 [info] > git config --get commit.template [13ms]
2023-11-13 20:05:01.418 [info] > git for-each-ref --format=%(refname)%00%(upstream:short)%00%(objectname)%00%(upstream:track)%00%(upstream:remotename)%00%(upstream:remoteref) refs/heads/Vinicius refs/remotes/Vinicius [5ms]
2023-11-13 20:05:01.498 [info] > git status -z -uall [72ms]
2023-11-13 20:05:12.107 [info] > git config --get commit.template [11ms]
2023-11-13 20:05:12.110 [info] > git for-each-ref --format=%(refname)%00%(upstream:short)%00%(objectname)%00%(upstream:track)%00%(upstream:remotename)%00%(upstream:remoteref) refs/heads/Vinicius refs/remotes/Vinicius [3ms]
2023-11-13 20:05:12.186 [info] > git status -z -uall [71ms]
2023-11-13 20:05:17.223 [info] > git config --get commit.template [11ms]
2023-11-13 20:05:17.227 [info] > git for-each-ref --format=%(refname)%00%(upstream:short)%00%(objectname)%00%(upstream:track)%00%(upstream:remotename)%00%(upstream:remoteref) refs/heads/Vinicius refs/remotes/Vinicius [5ms]
2023-11-13 20:05:17.303 [info] > git status -z -uall [70ms]
2023-11-13 20:05:22.495 [info] > git config --get commit.template [14ms]
2023-11-13 20:05:22.498 [info] > git for-each-ref --format=%(refname)%00%(upstream:short)%00%(objectname)%00%(upstream:track)%00%(upstream:remotename)%00%(upstream:remoteref) refs/heads/Vinicius refs/remotes/Vinicius [7ms]
2023-11-13 20:05:22.569 [info] > git status -z -uall [63ms]
2023-11-13 20:05:27.587 [info] > git config --get commit.template [8ms]
2023-11-13 20:05:27.590 [info] > git for-each-ref --format=%(refname)%00%(upstream:short)%00%(objectname)%00%(upstream:track)%00%(upstream:remotename)%00%(upstream:remoteref) refs/heads/Vinicius refs/remotes/Vinicius [2ms]
2023-11-13 20:05:27.686 [info] > git status -z -uall [90ms]
2023-11-13 20:05:38.094 [info] > git config --get commit.template [10ms]
2023-11-13 20:05:38.096 [info] > git for-each-ref --format=%(refname)%00%(upstream:short)%00%(objectname)%00%(upstream:track)%00%(upstream:remotename)%00%(upstream:remoteref) refs/heads/Vinicius refs/remotes/Vinicius [3ms]
2023-11-13 20:05:38.181 [info] > git status -z -uall [77ms]
2023-11-13 20:05:43.217 [info] > git config --get commit.template [11ms]
2023-11-13 20:05:43.220 [info] > git for-each-ref --format=%(refname)%00%(upstream:short)%00%(objectname)%00%(upstream:track)%00%(upstream:remotename)%00%(upstream:remoteref) refs/heads/Vinicius refs/remotes/Vinicius [3ms]
2023-11-13 20:05:43.311 [info] > git status -z -uall [85ms]
2023-11-13 20:05:48.339 [info] > git config --get commit.template [11ms]
2023-11-13 20:05:48.341 [info] > git for-each-ref --format=%(refname)%00%(upstream:short)%00%(objectname)%00%(upstream:track)%00%(upstream:remotename)%00%(upstream:remoteref) refs/heads/Vinicius refs/remotes/Vinicius [4ms]
2023-11-13 20:05:48.416 [info] > git status -z -uall [68ms]
2023-11-13 20:05:59.412 [info] > git config --get commit.template [13ms]
2023-11-13 20:05:59.416 [info] > git for-each-ref --format=%(refname)%00%(upstream:short)%00%(objectname)%00%(upstream:track)%00%(upstream:remotename)%00%(upstream:remoteref) refs/heads/Vinicius refs/remotes/Vinicius [5ms]
2023-11-13 20:05:59.487 [info] > git status -z -uall [66ms]
2023-11-13 20:06:32.927 [info] > git config --get commit.template [8ms]
2023-11-13 20:06:32.929 [info] > git for-each-ref --format=%(refname)%00%(upstream:short)%00%(objectname)%00%(upstream:track)%00%(upstream:remotename)%00%(upstream:remoteref) refs/heads/Vinicius refs/remotes/Vinicius [3ms]
2023-11-13 20:06:33.028 [info] > git status -z -uall [93ms]
2023-11-13 20:06:38.050 [info] > git config --get commit.template [10ms]
2023-11-13 20:06:38.052 [info] > git for-each-ref --format=%(refname)%00%(upstream:short)%00%(objectname)%00%(upstream:track)%00%(upstream:remotename)%00%(upstream:remoteref) refs/heads/Vinicius refs/remotes/Vinicius [3ms]
2023-11-13 20:06:38.109 [info] > git status -z -uall [50ms]
2023-11-13 20:06:43.134 [info] > git config --get commit.template [12ms]
2023-11-13 20:06:43.137 [info] > git for-each-ref --format=%(refname)%00%(upstream:short)%00%(objectname)%00%(upstream:track)%00%(upstream:remotename)%00%(upstream:remoteref) refs/heads/Vinicius refs/remotes/Vinicius [4ms]
2023-11-13 20:06:43.198 [info] > git status -z -uall [54ms]
2023-11-13 20:06:48.218 [info] > git config --get commit.template [10ms]
2023-11-13 20:06:48.220 [info] > git for-each-ref --format=%(refname)%00%(upstream:short)%00%(objectname)%00%(upstream:track)%00%(upstream:remotename)%00%(upstream:remoteref) refs/heads/Vinicius refs/remotes/Vinicius [3ms]
2023-11-13 20:06:48.276 [info] > git status -z -uall [49ms]
2023-11-13 20:06:53.295 [info] > git config --get commit.template [8ms]
2023-11-13 20:06:53.297 [info] > git for-each-ref --format=%(refname)%00%(upstream:short)%00%(objectname)%00%(upstream:track)%00%(upstream:remotename)%00%(upstream:remoteref) refs/heads/Vinicius refs/remotes/Vinicius [3ms]
2023-11-13 20:06:53.351 [info] > git status -z -uall [48ms]
2023-11-13 20:06:58.371 [info] > git config --get commit.template [9ms]
2023-11-13 20:06:58.373 [info] > git for-each-ref --format=%(refname)%00%(upstream:short)%00%(objectname)%00%(upstream:track)%00%(upstream:remotename)%00%(upstream:remoteref) refs/heads/Vinicius refs/remotes/Vinicius [3ms]
2023-11-13 20:06:58.437 [info] > git status -z -uall [57ms]
2023-11-13 20:07:03.472 [info] > git config --get commit.template [15ms]
2023-11-13 20:07:03.475 [info] > git for-each-ref --format=%(refname)%00%(upstream:short)%00%(objectname)%00%(upstream:track)%00%(upstream:remotename)%00%(upstream:remoteref) refs/heads/Vinicius refs/remotes/Vinicius [4ms]
2023-11-13 20:07:03.597 [info] > git status -z -uall [113ms]
2023-11-13 20:07:08.620 [info] > git config --get commit.template [10ms]
2023-11-13 20:07:08.623 [info] > git for-each-ref --format=%(refname)%00%(upstream:short)%00%(objectname)%00%(upstream:track)%00%(upstream:remotename)%00%(upstream:remoteref) refs/heads/Vinicius refs/remotes/Vinicius [4ms]
2023-11-13 20:07:08.680 [info] > git status -z -uall [50ms]
2023-11-13 20:07:13.706 [info] > git config --get commit.template [13ms]
2023-11-13 20:07:13.709 [info] > git for-each-ref --format=%(refname)%00%(upstream:short)%00%(objectname)%00%(upstream:track)%00%(upstream:remotename)%00%(upstream:remoteref) refs/heads/Vinicius refs/remotes/Vinicius [6ms]
2023-11-13 20:07:13.781 [info] > git status -z -uall [63ms]
2023-11-13 20:07:18.804 [info] > git config --get commit.template [12ms]
2023-11-13 20:07:18.807 [info] > git for-each-ref --format=%(refname)%00%(upstream:short)%00%(objectname)%00%(upstream:track)%00%(upstream:remotename)%00%(upstream:remoteref) refs/heads/Vinicius refs/remotes/Vinicius [6ms]
2023-11-13 20:07:18.865 [info] > git status -z -uall [50ms]
2023-11-13 20:07:23.885 [info] > git config --get commit.template [8ms]
2023-11-13 20:07:23.887 [info] > git for-each-ref --format=%(refname)%00%(upstream:short)%00%(objectname)%00%(upstream:track)%00%(upstream:remotename)%00%(upstream:remoteref) refs/heads/Vinicius refs/remotes/Vinicius [3ms]
2023-11-13 20:07:23.954 [info] > git status -z -uall [59ms]
2023-11-13 20:07:28.980 [info] > git config --get commit.template [13ms]
2023-11-13 20:07:28.982 [info] > git for-each-ref --format=%(refname)%00%(upstream:short)%00%(objectname)%00%(upstream:track)%00%(upstream:remotename)%00%(upstream:remoteref) refs/heads/Vinicius refs/remotes/Vinicius [3ms]
2023-11-13 20:07:29.061 [info] > git status -z -uall [67ms]
2023-11-13 20:08:19.381 [info] > git config --get commit.template [25ms]
2023-11-13 20:08:19.388 [info] > git for-each-ref --format=%(refname)%00%(upstream:short)%00%(objectname)%00%(upstream:track)%00%(upstream:remotename)%00%(upstream:remoteref) refs/heads/Vinicius refs/remotes/Vinicius [20ms]
2023-11-13 20:08:19.518 [info] > git status -z -uall [122ms]
2023-11-13 20:08:24.540 [info] > git config --get commit.template [9ms]
2023-11-13 20:08:24.542 [info] > git for-each-ref --format=%(refname)%00%(upstream:short)%00%(objectname)%00%(upstream:track)%00%(upstream:remotename)%00%(upstream:remoteref) refs/heads/Vinicius refs/remotes/Vinicius [3ms]
2023-11-13 20:08:24.599 [info] > git status -z -uall [51ms]
