2023-11-27 18:42:09.114 [info] Log level: Info
2023-11-27 18:42:09.114 [info] Validating found git in: "git"
2023-11-27 18:42:09.114 [info] Using git "2.20.1" from "git"
2023-11-27 18:42:09.114 [info] > git rev-parse --show-toplevel [72ms]
2023-11-27 18:42:09.114 [info] > git rev-parse --git-dir --git-common-dir [14ms]
2023-11-27 18:42:09.114 [info] Open repository: /var/www/clients/client2/web2/web/sistema/adsgrupo06
2023-11-27 18:42:09.114 [info] > git config --get commit.template [41ms]
2023-11-27 18:42:09.114 [info] > git rev-parse --show-toplevel [56ms]
2023-11-27 18:42:09.114 [info] > git rev-parse --show-toplevel [27ms]
2023-11-27 18:42:09.114 [info] > git for-each-ref --format=%(refname)%00%(upstream:short)%00%(objectname)%00%(upstream:track)%00%(upstream:remotename)%00%(upstream:remoteref) refs/heads/main refs/remotes/main [41ms]
2023-11-27 18:42:09.378 [info] > git rev-parse --show-toplevel [268ms]
2023-11-27 18:42:09.397 [info] > git status -z -uall [348ms]
2023-11-27 18:42:09.480 [info] > git rev-parse --show-toplevel [84ms]
2023-11-27 18:42:09.520 [info] > git config --get commit.template [41ms]
2023-11-27 18:42:09.828 [info] > git for-each-ref --format=%(refname)%00%(upstream:short)%00%(objectname)%00%(upstream:track)%00%(upstream:remotename)%00%(upstream:remoteref) refs/heads/main refs/remotes/main [316ms]
2023-11-27 18:42:09.858 [info] > git rev-parse --show-toplevel [360ms]
2023-11-27 18:42:10.012 [info] > git rev-parse --show-toplevel [128ms]
2023-11-27 18:42:10.070 [info] > git rev-parse --show-toplevel [25ms]
2023-11-27 18:42:10.085 [info] > git check-ignore -v -z --stdin [78ms]
2023-11-27 18:42:10.098 [info] > git rev-parse --show-toplevel [14ms]
2023-11-27 18:42:10.119 [info] > git rev-parse --show-toplevel [8ms]
2023-11-27 18:42:10.130 [info] > git status -z -uall [272ms]
2023-11-27 18:42:10.487 [info] > git show --textconv :CodeIgniter/app/Views/salas_editar_selecionada.php [41ms]
2023-11-27 18:42:10.487 [info] > git ls-files --stage -- /var/www/clients/client2/web2/web/sistema/adsgrupo06/CodeIgniter/app/Views/salas_editar_selecionada.php [33ms]
2023-11-27 18:42:10.515 [info] > git cat-file -s 7a97fe92346e96166047b2ff3f92bda39c32f474 [11ms]
2023-11-27 18:42:11.574 [info] > git config --get commit.template [163ms]
2023-11-27 18:42:11.592 [info] > git for-each-ref --format=%(refname)%00%(upstream:short)%00%(objectname)%00%(upstream:track)%00%(upstream:remotename)%00%(upstream:remoteref) refs/heads/main refs/remotes/main [134ms]
2023-11-27 18:42:12.200 [info] > git status -z -uall [575ms]
2023-11-27 18:42:26.367 [info] > git config --get commit.template [28ms]
2023-11-27 18:42:26.370 [info] > git for-each-ref --format=%(refname)%00%(upstream:short)%00%(objectname)%00%(upstream:track)%00%(upstream:remotename)%00%(upstream:remoteref) refs/heads/main refs/remotes/main [24ms]
2023-11-27 18:42:26.771 [info] > git status -z -uall [393ms]
2023-11-27 18:42:31.863 [info] > git show --textconv :CodeIgniter/app/Views/salas_editar_selecao.php [30ms]
2023-11-27 18:42:31.865 [info] > git ls-files --stage -- /var/www/clients/client2/web2/web/sistema/adsgrupo06/CodeIgniter/app/Views/salas_editar_selecao.php [22ms]
2023-11-27 18:42:31.876 [info] > git config --get commit.template [13ms]
2023-11-27 18:42:31.887 [info] > git cat-file -s a17e920e47a50d726e5376a88f2e1eb3f54dd3a9 [15ms]
2023-11-27 18:42:31.893 [info] > git for-each-ref --format=%(refname)%00%(upstream:short)%00%(objectname)%00%(upstream:track)%00%(upstream:remotename)%00%(upstream:remoteref) refs/heads/main refs/remotes/main [10ms]
2023-11-27 18:42:31.995 [info] > git status -z -uall [95ms]
2023-11-27 18:42:37.036 [info] > git config --get commit.template [13ms]
2023-11-27 18:42:37.039 [info] > git for-each-ref --format=%(refname)%00%(upstream:short)%00%(objectname)%00%(upstream:track)%00%(upstream:remotename)%00%(upstream:remoteref) refs/heads/main refs/remotes/main [4ms]
2023-11-27 18:42:37.128 [info] > git status -z -uall [84ms]
2023-11-27 18:42:42.173 [info] > git config --get commit.template [11ms]
2023-11-27 18:42:42.175 [info] > git for-each-ref --format=%(refname)%00%(upstream:short)%00%(objectname)%00%(upstream:track)%00%(upstream:remotename)%00%(upstream:remoteref) refs/heads/main refs/remotes/main [3ms]
2023-11-27 18:42:42.298 [info] > git status -z -uall [117ms]
2023-11-27 18:42:45.648 [info] > git ls-files --stage -- /var/www/clients/client2/web2/web/sistema/adsgrupo06/CodeIgniter/app/Views/salas_editar_selecionada.php [12ms]
2023-11-27 18:42:45.656 [info] > git show --textconv :CodeIgniter/app/Views/salas_editar_selecionada.php [27ms]
2023-11-27 18:42:45.659 [info] > git cat-file -s 7a97fe92346e96166047b2ff3f92bda39c32f474 [4ms]
2023-11-27 18:42:47.322 [info] > git config --get commit.template [7ms]
2023-11-27 18:42:47.327 [info] > git for-each-ref --format=%(refname)%00%(upstream:short)%00%(objectname)%00%(upstream:track)%00%(upstream:remotename)%00%(upstream:remoteref) refs/heads/main refs/remotes/main [5ms]
2023-11-27 18:42:47.422 [info] > git status -z -uall [90ms]
2023-11-27 18:42:48.955 [info] > git show --textconv :CodeIgniter/app/Views/salas_editar_selecao.php [13ms]
2023-11-27 18:42:48.956 [info] > git ls-files --stage -- /var/www/clients/client2/web2/web/sistema/adsgrupo06/CodeIgniter/app/Views/salas_editar_selecao.php [9ms]
2023-11-27 18:42:48.965 [info] > git cat-file -s a17e920e47a50d726e5376a88f2e1eb3f54dd3a9 [2ms]
2023-11-27 18:42:52.458 [info] > git config --get commit.template [7ms]
2023-11-27 18:42:52.465 [info] > git for-each-ref --format=%(refname)%00%(upstream:short)%00%(objectname)%00%(upstream:track)%00%(upstream:remotename)%00%(upstream:remoteref) refs/heads/main refs/remotes/main [7ms]
2023-11-27 18:42:52.566 [info] > git status -z -uall [96ms]
2023-11-27 18:42:57.603 [info] > git config --get commit.template [8ms]
2023-11-27 18:42:57.608 [info] > git for-each-ref --format=%(refname)%00%(upstream:short)%00%(objectname)%00%(upstream:track)%00%(upstream:remotename)%00%(upstream:remoteref) refs/heads/main refs/remotes/main [6ms]
2023-11-27 18:42:57.688 [info] > git status -z -uall [73ms]
2023-11-27 18:43:02.646 [info] > git ls-files --stage -- /var/www/clients/client2/web2/web/sistema/adsgrupo06/CodeIgniter/app/Views/salas_editar_selecionada.php [30ms]
2023-11-27 18:43:02.665 [info] > git show --textconv :CodeIgniter/app/Views/salas_editar_selecionada.php [62ms]
2023-11-27 18:43:02.674 [info] > git cat-file -s 7a97fe92346e96166047b2ff3f92bda39c32f474 [9ms]
2023-11-27 18:43:02.734 [info] > git config --get commit.template [17ms]
2023-11-27 18:43:02.745 [info] > git for-each-ref --format=%(refname)%00%(upstream:short)%00%(objectname)%00%(upstream:track)%00%(upstream:remotename)%00%(upstream:remoteref) refs/heads/main refs/remotes/main [12ms]
2023-11-27 18:43:02.913 [info] > git status -z -uall [163ms]
2023-11-27 18:43:07.960 [info] > git config --get commit.template [25ms]
2023-11-27 18:43:07.961 [info] > git for-each-ref --format=%(refname)%00%(upstream:short)%00%(objectname)%00%(upstream:track)%00%(upstream:remotename)%00%(upstream:remoteref) refs/heads/main refs/remotes/main [11ms]
2023-11-27 18:43:08.074 [info] > git status -z -uall [102ms]
2023-11-27 18:43:13.128 [info] > git config --get commit.template [11ms]
2023-11-27 18:43:13.133 [info] > git for-each-ref --format=%(refname)%00%(upstream:short)%00%(objectname)%00%(upstream:track)%00%(upstream:remotename)%00%(upstream:remoteref) refs/heads/main refs/remotes/main [6ms]
2023-11-27 18:43:13.272 [info] > git status -z -uall [133ms]
2023-11-27 18:43:18.343 [info] > git config --get commit.template [17ms]
2023-11-27 18:43:18.360 [info] > git for-each-ref --format=%(refname)%00%(upstream:short)%00%(objectname)%00%(upstream:track)%00%(upstream:remotename)%00%(upstream:remoteref) refs/heads/main refs/remotes/main [19ms]
2023-11-27 18:43:18.476 [info] > git status -z -uall [103ms]
2023-11-27 18:43:25.652 [info] > git config --get commit.template [11ms]
2023-11-27 18:43:25.656 [info] > git for-each-ref --format=%(refname)%00%(upstream:short)%00%(objectname)%00%(upstream:track)%00%(upstream:remotename)%00%(upstream:remoteref) refs/heads/main refs/remotes/main [5ms]
2023-11-27 18:43:25.735 [info] > git status -z -uall [73ms]
2023-11-27 18:43:30.761 [info] > git config --get commit.template [8ms]
2023-11-27 18:43:30.763 [info] > git for-each-ref --format=%(refname)%00%(upstream:short)%00%(objectname)%00%(upstream:track)%00%(upstream:remotename)%00%(upstream:remoteref) refs/heads/main refs/remotes/main [3ms]
2023-11-27 18:43:30.825 [info] > git status -z -uall [57ms]
2023-11-27 18:43:35.850 [info] > git config --get commit.template [9ms]
2023-11-27 18:43:35.853 [info] > git for-each-ref --format=%(refname)%00%(upstream:short)%00%(objectname)%00%(upstream:track)%00%(upstream:remotename)%00%(upstream:remoteref) refs/heads/main refs/remotes/main [4ms]
2023-11-27 18:43:35.944 [info] > git status -z -uall [85ms]
2023-11-27 18:43:37.152 [info] > git show --textconv :CodeIgniter/app/Views/salas_editar_selecao.php [28ms]
2023-11-27 18:43:37.162 [info] > git ls-files --stage -- /var/www/clients/client2/web2/web/sistema/adsgrupo06/CodeIgniter/app/Views/salas_editar_selecao.php [12ms]
2023-11-27 18:43:37.174 [info] > git cat-file -s a17e920e47a50d726e5376a88f2e1eb3f54dd3a9 [2ms]
2023-11-27 18:43:40.991 [info] > git config --get commit.template [7ms]
2023-11-27 18:43:40.993 [info] > git for-each-ref --format=%(refname)%00%(upstream:short)%00%(objectname)%00%(upstream:track)%00%(upstream:remotename)%00%(upstream:remoteref) refs/heads/main refs/remotes/main [3ms]
2023-11-27 18:43:41.064 [info] > git status -z -uall [65ms]
2023-11-27 18:43:46.088 [info] > git config --get commit.template [9ms]
2023-11-27 18:43:46.091 [info] > git for-each-ref --format=%(refname)%00%(upstream:short)%00%(objectname)%00%(upstream:track)%00%(upstream:remotename)%00%(upstream:remoteref) refs/heads/main refs/remotes/main [4ms]
2023-11-27 18:43:46.174 [info] > git status -z -uall [78ms]
2023-11-27 18:45:29.049 [info] > git config --get commit.template [47ms]
2023-11-27 18:45:29.053 [info] > git for-each-ref --format=%(refname)%00%(upstream:short)%00%(objectname)%00%(upstream:track)%00%(upstream:remotename)%00%(upstream:remoteref) refs/heads/main refs/remotes/main [33ms]
2023-11-27 18:45:29.319 [info] > git status -z -uall [255ms]
2023-11-27 18:45:29.354 [info] > git show --textconv :CodeIgniter/app/Views/salas_editar_selecionada.php [52ms]
2023-11-27 18:45:29.355 [info] > git ls-files --stage -- /var/www/clients/client2/web2/web/sistema/adsgrupo06/CodeIgniter/app/Views/salas_editar_selecionada.php [43ms]
2023-11-27 18:45:29.365 [info] > git cat-file -s 7a97fe92346e96166047b2ff3f92bda39c32f474 [4ms]
2023-11-27 18:45:33.316 [info] > git show --textconv :CodeIgniter/app/Views/salas_editar_selecao.php [21ms]
2023-11-27 18:45:33.320 [info] > git ls-files --stage -- /var/www/clients/client2/web2/web/sistema/adsgrupo06/CodeIgniter/app/Views/salas_editar_selecao.php [16ms]
2023-11-27 18:45:33.329 [info] > git cat-file -s a17e920e47a50d726e5376a88f2e1eb3f54dd3a9 [4ms]
2023-11-27 18:45:34.366 [info] > git config --get commit.template [7ms]
2023-11-27 18:45:34.370 [info] > git for-each-ref --format=%(refname)%00%(upstream:short)%00%(objectname)%00%(upstream:track)%00%(upstream:remotename)%00%(upstream:remoteref) refs/heads/main refs/remotes/main [5ms]
2023-11-27 18:45:34.463 [info] > git status -z -uall [88ms]
2023-11-27 18:45:36.366 [info] > git show --textconv :CodeIgniter/app/Views/salas_editar_selecionada.php [14ms]
2023-11-27 18:45:36.382 [info] > git ls-files --stage -- /var/www/clients/client2/web2/web/sistema/adsgrupo06/CodeIgniter/app/Views/salas_editar_selecionada.php [18ms]
2023-11-27 18:45:36.402 [info] > git cat-file -s 7a97fe92346e96166047b2ff3f92bda39c32f474 [7ms]
2023-11-27 18:45:38.557 [info] > git show --textconv :CodeIgniter/app/Views/salas_exibir.php [14ms]
2023-11-27 18:45:38.560 [info] > git ls-files --stage -- /var/www/clients/client2/web2/web/sistema/adsgrupo06/CodeIgniter/app/Views/salas_exibir.php [8ms]
2023-11-27 18:45:38.568 [info] > git cat-file -s 3c77bb1fde920ee3ccd4bef198182bd92174933f [3ms]
2023-11-27 18:45:39.553 [info] > git show --textconv :CodeIgniter/app/Views/salas_editar_selecionada.php [68ms]
2023-11-27 18:45:39.554 [info] > git config --get commit.template [9ms]
2023-11-27 18:45:39.555 [info] > git ls-files --stage -- /var/www/clients/client2/web2/web/sistema/adsgrupo06/CodeIgniter/app/Views/salas_editar_selecionada.php [39ms]
2023-11-27 18:45:39.580 [info] > git cat-file -s 7a97fe92346e96166047b2ff3f92bda39c32f474 [14ms]
2023-11-27 18:45:39.589 [info] > git for-each-ref --format=%(refname)%00%(upstream:short)%00%(objectname)%00%(upstream:track)%00%(upstream:remotename)%00%(upstream:remoteref) refs/heads/main refs/remotes/main [10ms]
2023-11-27 18:45:39.701 [info] > git status -z -uall [106ms]
2023-11-27 18:45:44.732 [info] > git config --get commit.template [12ms]
2023-11-27 18:45:44.735 [info] > git for-each-ref --format=%(refname)%00%(upstream:short)%00%(objectname)%00%(upstream:track)%00%(upstream:remotename)%00%(upstream:remoteref) refs/heads/main refs/remotes/main [5ms]
2023-11-27 18:45:44.847 [info] > git status -z -uall [107ms]
2023-11-27 18:45:49.877 [info] > git config --get commit.template [10ms]
2023-11-27 18:45:49.882 [info] > git for-each-ref --format=%(refname)%00%(upstream:short)%00%(objectname)%00%(upstream:track)%00%(upstream:remotename)%00%(upstream:remoteref) refs/heads/main refs/remotes/main [6ms]
2023-11-27 18:45:49.999 [info] > git status -z -uall [108ms]
2023-11-27 18:45:55.031 [info] > git config --get commit.template [8ms]
2023-11-27 18:45:55.033 [info] > git for-each-ref --format=%(refname)%00%(upstream:short)%00%(objectname)%00%(upstream:track)%00%(upstream:remotename)%00%(upstream:remoteref) refs/heads/main refs/remotes/main [3ms]
2023-11-27 18:45:55.101 [info] > git status -z -uall [62ms]
2023-11-27 18:46:00.129 [info] > git config --get commit.template [8ms]
2023-11-27 18:46:00.134 [info] > git for-each-ref --format=%(refname)%00%(upstream:short)%00%(objectname)%00%(upstream:track)%00%(upstream:remotename)%00%(upstream:remoteref) refs/heads/main refs/remotes/main [4ms]
2023-11-27 18:46:00.253 [info] > git status -z -uall [113ms]
2023-11-27 18:46:05.281 [info] > git config --get commit.template [9ms]
2023-11-27 18:46:05.289 [info] > git for-each-ref --format=%(refname)%00%(upstream:short)%00%(objectname)%00%(upstream:track)%00%(upstream:remotename)%00%(upstream:remoteref) refs/heads/main refs/remotes/main [10ms]
2023-11-27 18:46:05.503 [info] > git status -z -uall [209ms]
2023-11-27 18:46:07.539 [info] > git show --textconv :CodeIgniter/app/Views/salas_editar_selecao.php [19ms]
2023-11-27 18:46:07.543 [info] > git ls-files --stage -- /var/www/clients/client2/web2/web/sistema/adsgrupo06/CodeIgniter/app/Views/salas_editar_selecao.php [12ms]
2023-11-27 18:46:07.553 [info] > git cat-file -s a17e920e47a50d726e5376a88f2e1eb3f54dd3a9 [5ms]
2023-11-27 18:46:10.532 [info] > git config --get commit.template [9ms]
2023-11-27 18:46:10.537 [info] > git for-each-ref --format=%(refname)%00%(upstream:short)%00%(objectname)%00%(upstream:track)%00%(upstream:remotename)%00%(upstream:remoteref) refs/heads/main refs/remotes/main [8ms]
2023-11-27 18:46:10.636 [info] > git status -z -uall [93ms]
2023-11-27 18:46:15.668 [info] > git config --get commit.template [8ms]
2023-11-27 18:46:15.672 [info] > git for-each-ref --format=%(refname)%00%(upstream:short)%00%(objectname)%00%(upstream:track)%00%(upstream:remotename)%00%(upstream:remoteref) refs/heads/main refs/remotes/main [8ms]
2023-11-27 18:46:15.761 [info] > git status -z -uall [83ms]
2023-11-27 18:46:16.333 [info] > git show --textconv :CodeIgniter/app/Views/salas_editar_selecionada.php [16ms]
2023-11-27 18:46:16.340 [info] > git ls-files --stage -- /var/www/clients/client2/web2/web/sistema/adsgrupo06/CodeIgniter/app/Views/salas_editar_selecionada.php [11ms]
2023-11-27 18:46:16.350 [info] > git cat-file -s 7a97fe92346e96166047b2ff3f92bda39c32f474 [3ms]
2023-11-27 18:46:34.281 [info] > git config --get commit.template [10ms]
2023-11-27 18:46:34.284 [info] > git for-each-ref --format=%(refname)%00%(upstream:short)%00%(objectname)%00%(upstream:track)%00%(upstream:remotename)%00%(upstream:remoteref) refs/heads/main refs/remotes/main [3ms]
2023-11-27 18:46:34.373 [info] > git status -z -uall [85ms]
2023-11-27 18:46:39.400 [info] > git config --get commit.template [8ms]
2023-11-27 18:46:39.402 [info] > git for-each-ref --format=%(refname)%00%(upstream:short)%00%(objectname)%00%(upstream:track)%00%(upstream:remotename)%00%(upstream:remoteref) refs/heads/main refs/remotes/main [3ms]
2023-11-27 18:46:39.469 [info] > git status -z -uall [61ms]
2023-11-27 18:46:44.505 [info] > git config --get commit.template [8ms]
2023-11-27 18:46:44.508 [info] > git for-each-ref --format=%(refname)%00%(upstream:short)%00%(objectname)%00%(upstream:track)%00%(upstream:remotename)%00%(upstream:remoteref) refs/heads/main refs/remotes/main [3ms]
2023-11-27 18:46:44.620 [info] > git status -z -uall [107ms]
2023-11-27 18:46:50.547 [info] > git config --get commit.template [10ms]
2023-11-27 18:46:50.549 [info] > git for-each-ref --format=%(refname)%00%(upstream:short)%00%(objectname)%00%(upstream:track)%00%(upstream:remotename)%00%(upstream:remoteref) refs/heads/main refs/remotes/main [3ms]
2023-11-27 18:46:50.673 [info] > git status -z -uall [119ms]
2023-11-27 18:46:55.720 [info] > git config --get commit.template [14ms]
2023-11-27 18:46:55.724 [info] > git for-each-ref --format=%(refname)%00%(upstream:short)%00%(objectname)%00%(upstream:track)%00%(upstream:remotename)%00%(upstream:remoteref) refs/heads/main refs/remotes/main [5ms]
2023-11-27 18:46:55.862 [info] > git status -z -uall [132ms]
2023-11-27 18:47:04.545 [info] > git config --get commit.template [20ms]
2023-11-27 18:47:04.548 [info] > git for-each-ref --format=%(refname)%00%(upstream:short)%00%(objectname)%00%(upstream:track)%00%(upstream:remotename)%00%(upstream:remoteref) refs/heads/main refs/remotes/main [18ms]
2023-11-27 18:47:04.791 [info] > git status -z -uall [236ms]
2023-11-27 18:47:09.838 [info] > git config --get commit.template [12ms]
2023-11-27 18:47:09.842 [info] > git for-each-ref --format=%(refname)%00%(upstream:short)%00%(objectname)%00%(upstream:track)%00%(upstream:remotename)%00%(upstream:remoteref) refs/heads/main refs/remotes/main [8ms]
2023-11-27 18:47:09.954 [info] > git status -z -uall [105ms]
2023-11-27 18:47:30.949 [info] > git config --get commit.template [9ms]
2023-11-27 18:47:30.952 [info] > git for-each-ref --format=%(refname)%00%(upstream:short)%00%(objectname)%00%(upstream:track)%00%(upstream:remotename)%00%(upstream:remoteref) refs/heads/main refs/remotes/main [4ms]
2023-11-27 18:47:31.065 [info] > git status -z -uall [108ms]
2023-11-27 18:47:31.375 [info] > git show --textconv :CodeIgniter/app/Views/salas_editar_selecao.php [23ms]
2023-11-27 18:47:31.376 [info] > git ls-files --stage -- /var/www/clients/client2/web2/web/sistema/adsgrupo06/CodeIgniter/app/Views/salas_editar_selecao.php [15ms]
2023-11-27 18:47:31.387 [info] > git cat-file -s a17e920e47a50d726e5376a88f2e1eb3f54dd3a9 [5ms]
2023-11-27 18:47:36.092 [info] > git config --get commit.template [8ms]
2023-11-27 18:47:36.096 [info] > git for-each-ref --format=%(refname)%00%(upstream:short)%00%(objectname)%00%(upstream:track)%00%(upstream:remotename)%00%(upstream:remoteref) refs/heads/main refs/remotes/main [5ms]
2023-11-27 18:47:36.188 [info] > git status -z -uall [85ms]
2023-11-27 18:47:41.169 [info] > git show --textconv :CodeIgniter/app/Views/salas_editar_selecionada.php [21ms]
2023-11-27 18:47:41.172 [info] > git ls-files --stage -- /var/www/clients/client2/web2/web/sistema/adsgrupo06/CodeIgniter/app/Views/salas_editar_selecionada.php [11ms]
2023-11-27 18:47:41.180 [info] > git cat-file -s 7a97fe92346e96166047b2ff3f92bda39c32f474 [3ms]
2023-11-27 18:47:41.213 [info] > git config --get commit.template [9ms]
2023-11-27 18:47:41.215 [info] > git for-each-ref --format=%(refname)%00%(upstream:short)%00%(objectname)%00%(upstream:track)%00%(upstream:remotename)%00%(upstream:remoteref) refs/heads/main refs/remotes/main [4ms]
2023-11-27 18:47:41.298 [info] > git status -z -uall [78ms]
2023-11-27 18:47:46.349 [info] > git config --get commit.template [15ms]
2023-11-27 18:47:46.352 [info] > git for-each-ref --format=%(refname)%00%(upstream:short)%00%(objectname)%00%(upstream:track)%00%(upstream:remotename)%00%(upstream:remoteref) refs/heads/main refs/remotes/main [4ms]
2023-11-27 18:47:46.458 [info] > git status -z -uall [96ms]
2023-11-27 18:47:52.928 [info] > git config --get commit.template [8ms]
2023-11-27 18:47:52.930 [info] > git for-each-ref --format=%(refname)%00%(upstream:short)%00%(objectname)%00%(upstream:track)%00%(upstream:remotename)%00%(upstream:remoteref) refs/heads/main refs/remotes/main [3ms]
2023-11-27 18:47:53.019 [info] > git status -z -uall [84ms]
2023-11-27 18:47:58.048 [info] > git config --get commit.template [8ms]
2023-11-27 18:47:58.050 [info] > git for-each-ref --format=%(refname)%00%(upstream:short)%00%(objectname)%00%(upstream:track)%00%(upstream:remotename)%00%(upstream:remoteref) refs/heads/main refs/remotes/main [3ms]
2023-11-27 18:47:58.128 [info] > git status -z -uall [73ms]
2023-11-27 18:48:03.168 [info] > git config --get commit.template [21ms]
2023-11-27 18:48:03.171 [info] > git for-each-ref --format=%(refname)%00%(upstream:short)%00%(objectname)%00%(upstream:track)%00%(upstream:remotename)%00%(upstream:remoteref) refs/heads/main refs/remotes/main [16ms]
2023-11-27 18:48:03.361 [info] > git status -z -uall [183ms]
2023-11-27 18:48:46.762 [info] > git config --get commit.template [8ms]
2023-11-27 18:48:46.765 [info] > git for-each-ref --format=%(refname)%00%(upstream:short)%00%(objectname)%00%(upstream:track)%00%(upstream:remotename)%00%(upstream:remoteref) refs/heads/main refs/remotes/main [4ms]
2023-11-27 18:48:46.861 [info] > git status -z -uall [91ms]
2023-11-27 18:48:50.101 [info] > git show --textconv :CodeIgniter/app/Views/salas_exibir.php [18ms]
2023-11-27 18:48:50.107 [info] > git ls-files --stage -- /var/www/clients/client2/web2/web/sistema/adsgrupo06/CodeIgniter/app/Views/salas_exibir.php [17ms]
2023-11-27 18:48:50.117 [info] > git cat-file -s 3c77bb1fde920ee3ccd4bef198182bd92174933f [3ms]
2023-11-27 18:48:51.887 [info] > git config --get commit.template [9ms]
2023-11-27 18:48:51.891 [info] > git for-each-ref --format=%(refname)%00%(upstream:short)%00%(objectname)%00%(upstream:track)%00%(upstream:remotename)%00%(upstream:remoteref) refs/heads/main refs/remotes/main [5ms]
2023-11-27 18:48:51.988 [info] > git status -z -uall [91ms]
2023-11-27 18:48:57.029 [info] > git config --get commit.template [10ms]
2023-11-27 18:48:57.029 [info] > git for-each-ref --format=%(refname)%00%(upstream:short)%00%(objectname)%00%(upstream:track)%00%(upstream:remotename)%00%(upstream:remoteref) refs/heads/main refs/remotes/main [6ms]
2023-11-27 18:48:57.102 [info] > git status -z -uall [66ms]
2023-11-27 18:49:02.176 [info] > git config --get commit.template [29ms]
2023-11-27 18:49:02.182 [info] > git for-each-ref --format=%(refname)%00%(upstream:short)%00%(objectname)%00%(upstream:track)%00%(upstream:remotename)%00%(upstream:remoteref) refs/heads/main refs/remotes/main [9ms]
2023-11-27 18:49:02.461 [info] > git status -z -uall [242ms]
2023-11-27 18:49:07.501 [info] > git config --get commit.template [13ms]
2023-11-27 18:49:07.503 [info] > git for-each-ref --format=%(refname)%00%(upstream:short)%00%(objectname)%00%(upstream:track)%00%(upstream:remotename)%00%(upstream:remoteref) refs/heads/main refs/remotes/main [3ms]
2023-11-27 18:49:07.575 [info] > git status -z -uall [67ms]
2023-11-27 18:49:12.624 [info] > git config --get commit.template [9ms]
2023-11-27 18:49:12.626 [info] > git for-each-ref --format=%(refname)%00%(upstream:short)%00%(objectname)%00%(upstream:track)%00%(upstream:remotename)%00%(upstream:remoteref) refs/heads/main refs/remotes/main [3ms]
2023-11-27 18:49:12.706 [info] > git status -z -uall [74ms]
2023-11-27 18:49:17.739 [info] > git config --get commit.template [10ms]
2023-11-27 18:49:17.741 [info] > git for-each-ref --format=%(refname)%00%(upstream:short)%00%(objectname)%00%(upstream:track)%00%(upstream:remotename)%00%(upstream:remoteref) refs/heads/main refs/remotes/main [3ms]
2023-11-27 18:49:17.808 [info] > git status -z -uall [62ms]
2023-11-27 18:49:19.790 [info] > git show --textconv :CodeIgniter/app/Views/salas_editar_selecionada.php [18ms]
2023-11-27 18:49:19.792 [info] > git ls-files --stage -- /var/www/clients/client2/web2/web/sistema/adsgrupo06/CodeIgniter/app/Views/salas_editar_selecionada.php [9ms]
2023-11-27 18:49:19.800 [info] > git cat-file -s 7a97fe92346e96166047b2ff3f92bda39c32f474 [2ms]
2023-11-27 18:49:22.833 [info] > git config --get commit.template [7ms]
2023-11-27 18:49:22.835 [info] > git for-each-ref --format=%(refname)%00%(upstream:short)%00%(objectname)%00%(upstream:track)%00%(upstream:remotename)%00%(upstream:remoteref) refs/heads/main refs/remotes/main [3ms]
2023-11-27 18:49:22.918 [info] > git status -z -uall [78ms]
2023-11-27 18:49:38.934 [info] > git config --get commit.template [7ms]
2023-11-27 18:49:38.937 [info] > git for-each-ref --format=%(refname)%00%(upstream:short)%00%(objectname)%00%(upstream:track)%00%(upstream:remotename)%00%(upstream:remoteref) refs/heads/main refs/remotes/main [4ms]
2023-11-27 18:49:39.020 [info] > git status -z -uall [78ms]
2023-11-27 18:49:39.272 [info] > git show --textconv :CodeIgniter/app/Views/salas_exibir.php [13ms]
2023-11-27 18:49:39.275 [info] > git ls-files --stage -- /var/www/clients/client2/web2/web/sistema/adsgrupo06/CodeIgniter/app/Views/salas_exibir.php [9ms]
2023-11-27 18:49:39.284 [info] > git cat-file -s 3c77bb1fde920ee3ccd4bef198182bd92174933f [3ms]
2023-11-27 18:49:44.046 [info] > git config --get commit.template [8ms]
2023-11-27 18:49:44.048 [info] > git for-each-ref --format=%(refname)%00%(upstream:short)%00%(objectname)%00%(upstream:track)%00%(upstream:remotename)%00%(upstream:remoteref) refs/heads/main refs/remotes/main [3ms]
2023-11-27 18:49:44.111 [info] > git status -z -uall [56ms]
2023-11-27 18:50:04.766 [info] > git config --get commit.template [20ms]
2023-11-27 18:50:04.770 [info] > git for-each-ref --format=%(refname)%00%(upstream:short)%00%(objectname)%00%(upstream:track)%00%(upstream:remotename)%00%(upstream:remoteref) refs/heads/main refs/remotes/main [20ms]
2023-11-27 18:50:04.978 [info] > git status -z -uall [201ms]
2023-11-27 18:50:10.024 [info] > git config --get commit.template [16ms]
2023-11-27 18:50:10.029 [info] > git for-each-ref --format=%(refname)%00%(upstream:short)%00%(objectname)%00%(upstream:track)%00%(upstream:remotename)%00%(upstream:remoteref) refs/heads/main refs/remotes/main [14ms]
2023-11-27 18:50:10.144 [info] > git status -z -uall [105ms]
2023-11-27 18:50:15.181 [info] > git config --get commit.template [12ms]
2023-11-27 18:50:15.186 [info] > git for-each-ref --format=%(refname)%00%(upstream:short)%00%(objectname)%00%(upstream:track)%00%(upstream:remotename)%00%(upstream:remoteref) refs/heads/main refs/remotes/main [5ms]
2023-11-27 18:50:15.264 [info] > git status -z -uall [72ms]
2023-11-27 18:50:23.052 [info] > git config --get commit.template [14ms]
2023-11-27 18:50:23.057 [info] > git for-each-ref --format=%(refname)%00%(upstream:short)%00%(objectname)%00%(upstream:track)%00%(upstream:remotename)%00%(upstream:remoteref) refs/heads/main refs/remotes/main [11ms]
2023-11-27 18:50:23.265 [info] > git status -z -uall [199ms]
2023-11-27 18:50:28.305 [info] > git config --get commit.template [13ms]
2023-11-27 18:50:28.310 [info] > git for-each-ref --format=%(refname)%00%(upstream:short)%00%(objectname)%00%(upstream:track)%00%(upstream:remotename)%00%(upstream:remoteref) refs/heads/main refs/remotes/main [6ms]
2023-11-27 18:50:28.402 [info] > git status -z -uall [85ms]
2023-11-27 18:50:33.429 [info] > git config --get commit.template [10ms]
2023-11-27 18:50:33.431 [info] > git for-each-ref --format=%(refname)%00%(upstream:short)%00%(objectname)%00%(upstream:track)%00%(upstream:remotename)%00%(upstream:remoteref) refs/heads/main refs/remotes/main [3ms]
2023-11-27 18:50:33.538 [info] > git status -z -uall [101ms]
2023-11-27 18:50:42.374 [info] > git config --get commit.template [9ms]
2023-11-27 18:50:42.381 [info] > git for-each-ref --format=%(refname)%00%(upstream:short)%00%(objectname)%00%(upstream:track)%00%(upstream:remotename)%00%(upstream:remoteref) refs/heads/main refs/remotes/main [8ms]
2023-11-27 18:50:42.491 [info] > git status -z -uall [104ms]
2023-11-27 18:50:47.517 [info] > git config --get commit.template [8ms]
2023-11-27 18:50:47.522 [info] > git for-each-ref --format=%(refname)%00%(upstream:short)%00%(objectname)%00%(upstream:track)%00%(upstream:remotename)%00%(upstream:remoteref) refs/heads/main refs/remotes/main [6ms]
2023-11-27 18:50:47.609 [info] > git status -z -uall [81ms]
2023-11-27 18:50:54.067 [info] > git config --get commit.template [10ms]
2023-11-27 18:50:54.070 [info] > git for-each-ref --format=%(refname)%00%(upstream:short)%00%(objectname)%00%(upstream:track)%00%(upstream:remotename)%00%(upstream:remoteref) refs/heads/main refs/remotes/main [5ms]
2023-11-27 18:50:54.168 [info] > git status -z -uall [93ms]
2023-11-27 18:50:59.193 [info] > git config --get commit.template [8ms]
2023-11-27 18:50:59.195 [info] > git for-each-ref --format=%(refname)%00%(upstream:short)%00%(objectname)%00%(upstream:track)%00%(upstream:remotename)%00%(upstream:remoteref) refs/heads/main refs/remotes/main [3ms]
2023-11-27 18:50:59.267 [info] > git status -z -uall [67ms]
2023-11-27 18:51:04.029 [info] > git show --textconv :CodeIgniter/app/Views/salas_editar_selecionada.php [47ms]
2023-11-27 18:51:04.054 [info] > git ls-files --stage -- /var/www/clients/client2/web2/web/sistema/adsgrupo06/CodeIgniter/app/Views/salas_editar_selecionada.php [45ms]
2023-11-27 18:51:04.082 [info] > git cat-file -s 7a97fe92346e96166047b2ff3f92bda39c32f474 [18ms]
2023-11-27 18:51:04.319 [info] > git config --get commit.template [26ms]
2023-11-27 18:51:04.333 [info] > git for-each-ref --format=%(refname)%00%(upstream:short)%00%(objectname)%00%(upstream:track)%00%(upstream:remotename)%00%(upstream:remoteref) refs/heads/main refs/remotes/main [16ms]
2023-11-27 18:51:04.647 [info] > git status -z -uall [303ms]
2023-11-27 18:51:04.947 [info] > git show --textconv :CodeIgniter/app/Views/salas_editar_selecao.php [21ms]
2023-11-27 18:51:04.949 [info] > git ls-files --stage -- /var/www/clients/client2/web2/web/sistema/adsgrupo06/CodeIgniter/app/Views/salas_editar_selecao.php [17ms]
2023-11-27 18:51:04.965 [info] > git cat-file -s a17e920e47a50d726e5376a88f2e1eb3f54dd3a9 [6ms]
2023-11-27 18:51:09.716 [info] > git config --get commit.template [9ms]
2023-11-27 18:51:09.721 [info] > git for-each-ref --format=%(refname)%00%(upstream:short)%00%(objectname)%00%(upstream:track)%00%(upstream:remotename)%00%(upstream:remoteref) refs/heads/main refs/remotes/main [6ms]
2023-11-27 18:51:09.809 [info] > git status -z -uall [82ms]
2023-11-27 18:51:13.132 [info] > git show --textconv :CodeIgniter/app/Views/salas_editar_selecionada.php [13ms]
2023-11-27 18:51:13.135 [info] > git ls-files --stage -- /var/www/clients/client2/web2/web/sistema/adsgrupo06/CodeIgniter/app/Views/salas_editar_selecionada.php [8ms]
2023-11-27 18:51:13.150 [info] > git cat-file -s 7a97fe92346e96166047b2ff3f92bda39c32f474 [3ms]
2023-11-27 18:51:14.842 [info] > git config --get commit.template [11ms]
2023-11-27 18:51:14.844 [info] > git for-each-ref --format=%(refname)%00%(upstream:short)%00%(objectname)%00%(upstream:track)%00%(upstream:remotename)%00%(upstream:remoteref) refs/heads/main refs/remotes/main [3ms]
2023-11-27 18:51:14.910 [info] > git status -z -uall [59ms]
2023-11-27 18:51:29.830 [info] > git config --get commit.template [30ms]
2023-11-27 18:51:29.832 [info] > git for-each-ref --format=%(refname)%00%(upstream:short)%00%(objectname)%00%(upstream:track)%00%(upstream:remotename)%00%(upstream:remoteref) refs/heads/main refs/remotes/main [19ms]
2023-11-27 18:51:30.035 [info] > git status -z -uall [194ms]
2023-11-27 18:51:37.521 [info] > git config --get commit.template [12ms]
2023-11-27 18:51:37.524 [info] > git for-each-ref --format=%(refname)%00%(upstream:short)%00%(objectname)%00%(upstream:track)%00%(upstream:remotename)%00%(upstream:remoteref) refs/heads/main refs/remotes/main [4ms]
2023-11-27 18:51:37.664 [info] > git status -z -uall [133ms]
2023-11-27 18:51:42.561 [info] > git show --textconv :CodeIgniter/app/Views/salas_editar_selecao.php [17ms]
2023-11-27 18:51:42.563 [info] > git ls-files --stage -- /var/www/clients/client2/web2/web/sistema/adsgrupo06/CodeIgniter/app/Views/salas_editar_selecao.php [10ms]
2023-11-27 18:51:42.577 [info] > git cat-file -s a17e920e47a50d726e5376a88f2e1eb3f54dd3a9 [3ms]
2023-11-27 18:51:42.704 [info] > git config --get commit.template [7ms]
2023-11-27 18:51:42.706 [info] > git for-each-ref --format=%(refname)%00%(upstream:short)%00%(objectname)%00%(upstream:track)%00%(upstream:remotename)%00%(upstream:remoteref) refs/heads/main refs/remotes/main [3ms]
2023-11-27 18:51:42.800 [info] > git status -z -uall [90ms]
2023-11-27 18:51:47.831 [info] > git config --get commit.template [8ms]
2023-11-27 18:51:47.833 [info] > git for-each-ref --format=%(refname)%00%(upstream:short)%00%(objectname)%00%(upstream:track)%00%(upstream:remotename)%00%(upstream:remoteref) refs/heads/main refs/remotes/main [3ms]
2023-11-27 18:51:47.930 [info] > git status -z -uall [91ms]
2023-11-27 18:51:49.151 [info] > git show --textconv :CodeIgniter/app/Views/salas_editar_selecionada.php [17ms]
2023-11-27 18:51:49.159 [info] > git ls-files --stage -- /var/www/clients/client2/web2/web/sistema/adsgrupo06/CodeIgniter/app/Views/salas_editar_selecionada.php [11ms]
2023-11-27 18:51:49.170 [info] > git cat-file -s 7a97fe92346e96166047b2ff3f92bda39c32f474 [3ms]
2023-11-27 18:51:52.959 [info] > git config --get commit.template [8ms]
2023-11-27 18:51:52.961 [info] > git for-each-ref --format=%(refname)%00%(upstream:short)%00%(objectname)%00%(upstream:track)%00%(upstream:remotename)%00%(upstream:remoteref) refs/heads/main refs/remotes/main [3ms]
2023-11-27 18:51:53.025 [info] > git status -z -uall [59ms]
2023-11-27 18:53:52.142 [info] > git config --get commit.template [20ms]
2023-11-27 18:53:52.144 [info] > git for-each-ref --format=%(refname)%00%(upstream:short)%00%(objectname)%00%(upstream:track)%00%(upstream:remotename)%00%(upstream:remoteref) refs/heads/main refs/remotes/main [18ms]
2023-11-27 18:53:52.401 [info] > git status -z -uall [243ms]
2023-11-27 18:53:57.470 [info] > git config --get commit.template [19ms]
2023-11-27 18:53:57.481 [info] > git for-each-ref --format=%(refname)%00%(upstream:short)%00%(objectname)%00%(upstream:track)%00%(upstream:remotename)%00%(upstream:remoteref) refs/heads/main refs/remotes/main [19ms]
2023-11-27 18:53:57.582 [info] > git status -z -uall [94ms]
2023-11-27 18:54:02.634 [info] > git config --get commit.template [18ms]
2023-11-27 18:54:02.643 [info] > git for-each-ref --format=%(refname)%00%(upstream:short)%00%(objectname)%00%(upstream:track)%00%(upstream:remotename)%00%(upstream:remoteref) refs/heads/main refs/remotes/main [11ms]
2023-11-27 18:54:02.881 [info] > git status -z -uall [229ms]
2023-11-27 18:54:09.674 [info] > git config --get commit.template [8ms]
2023-11-27 18:54:09.677 [info] > git for-each-ref --format=%(refname)%00%(upstream:short)%00%(objectname)%00%(upstream:track)%00%(upstream:remotename)%00%(upstream:remoteref) refs/heads/main refs/remotes/main [4ms]
2023-11-27 18:54:09.769 [info] > git status -z -uall [86ms]
2023-11-27 18:54:14.810 [info] > git config --get commit.template [10ms]
2023-11-27 18:54:14.812 [info] > git for-each-ref --format=%(refname)%00%(upstream:short)%00%(objectname)%00%(upstream:track)%00%(upstream:remotename)%00%(upstream:remoteref) refs/heads/main refs/remotes/main [3ms]
2023-11-27 18:54:14.903 [info] > git status -z -uall [85ms]
2023-11-27 18:54:19.946 [info] > git config --get commit.template [14ms]
2023-11-27 18:54:19.949 [info] > git for-each-ref --format=%(refname)%00%(upstream:short)%00%(objectname)%00%(upstream:track)%00%(upstream:remotename)%00%(upstream:remoteref) refs/heads/main refs/remotes/main [6ms]
2023-11-27 18:54:20.121 [info] > git status -z -uall [164ms]
2023-11-27 18:55:00.513 [info] > git config --get commit.template [9ms]
2023-11-27 18:55:00.517 [info] > git for-each-ref --format=%(refname)%00%(upstream:short)%00%(objectname)%00%(upstream:track)%00%(upstream:remotename)%00%(upstream:remoteref) refs/heads/main refs/remotes/main [5ms]
2023-11-27 18:55:00.612 [info] > git status -z -uall [89ms]
2023-11-27 18:55:00.832 [info] > git show --textconv :CodeIgniter/app/Views/salas_exibir.php [21ms]
2023-11-27 18:55:00.834 [info] > git ls-files --stage -- /var/www/clients/client2/web2/web/sistema/adsgrupo06/CodeIgniter/app/Views/salas_exibir.php [12ms]
2023-11-27 18:55:00.850 [info] > git cat-file -s 3c77bb1fde920ee3ccd4bef198182bd92174933f [9ms]
2023-11-27 18:55:02.744 [info] > git show --textconv :CodeIgniter/app/Views/salas_editar_selecionada.php [26ms]
2023-11-27 18:55:02.747 [info] > git ls-files --stage -- /var/www/clients/client2/web2/web/sistema/adsgrupo06/CodeIgniter/app/Views/salas_editar_selecionada.php [23ms]
2023-11-27 18:55:02.762 [info] > git cat-file -s 7a97fe92346e96166047b2ff3f92bda39c32f474 [6ms]
2023-11-27 18:55:03.973 [info] > git show --textconv :CodeIgniter/app/Views/salas_editar_selecao.php [21ms]
2023-11-27 18:55:03.977 [info] > git ls-files --stage -- /var/www/clients/client2/web2/web/sistema/adsgrupo06/CodeIgniter/app/Views/salas_editar_selecao.php [16ms]
2023-11-27 18:55:03.989 [info] > git cat-file -s a17e920e47a50d726e5376a88f2e1eb3f54dd3a9 [4ms]
2023-11-27 18:55:05.647 [info] > git config --get commit.template [9ms]
2023-11-27 18:55:05.655 [info] > git for-each-ref --format=%(refname)%00%(upstream:short)%00%(objectname)%00%(upstream:track)%00%(upstream:remotename)%00%(upstream:remoteref) refs/heads/main refs/remotes/main [9ms]
2023-11-27 18:55:05.852 [info] > git status -z -uall [191ms]
2023-11-27 18:55:10.894 [info] > git config --get commit.template [10ms]
2023-11-27 18:55:10.900 [info] > git for-each-ref --format=%(refname)%00%(upstream:short)%00%(objectname)%00%(upstream:track)%00%(upstream:remotename)%00%(upstream:remoteref) refs/heads/main refs/remotes/main [8ms]
2023-11-27 18:55:11.038 [info] > git status -z -uall [131ms]
2023-11-27 18:55:11.086 [info] > git show --textconv :CodeIgniter/app/Views/salas_form.php [20ms]
2023-11-27 18:55:11.096 [info] > git ls-files --stage -- /var/www/clients/client2/web2/web/sistema/adsgrupo06/CodeIgniter/app/Views/salas_form.php [10ms]
2023-11-27 18:55:11.111 [info] > git cat-file -s 1689e5273def39290c5e93d64a009f502ae51982 [4ms]
2023-11-27 18:55:16.077 [info] > git config --get commit.template [10ms]
2023-11-27 18:55:16.079 [info] > git for-each-ref --format=%(refname)%00%(upstream:short)%00%(objectname)%00%(upstream:track)%00%(upstream:remotename)%00%(upstream:remoteref) refs/heads/main refs/remotes/main [3ms]
2023-11-27 18:55:16.178 [info] > git status -z -uall [93ms]
2023-11-27 18:55:21.214 [info] > git config --get commit.template [8ms]
2023-11-27 18:55:21.216 [info] > git for-each-ref --format=%(refname)%00%(upstream:short)%00%(objectname)%00%(upstream:track)%00%(upstream:remotename)%00%(upstream:remoteref) refs/heads/main refs/remotes/main [3ms]
2023-11-27 18:55:21.281 [info] > git status -z -uall [60ms]
2023-11-27 18:55:26.309 [info] > git config --get commit.template [9ms]
2023-11-27 18:55:26.314 [info] > git for-each-ref --format=%(refname)%00%(upstream:short)%00%(objectname)%00%(upstream:track)%00%(upstream:remotename)%00%(upstream:remoteref) refs/heads/main refs/remotes/main [6ms]
2023-11-27 18:55:26.419 [info] > git status -z -uall [96ms]
2023-11-27 18:55:31.448 [info] > git config --get commit.template [8ms]
2023-11-27 18:55:31.450 [info] > git for-each-ref --format=%(refname)%00%(upstream:short)%00%(objectname)%00%(upstream:track)%00%(upstream:remotename)%00%(upstream:remoteref) refs/heads/main refs/remotes/main [4ms]
2023-11-27 18:55:31.539 [info] > git status -z -uall [80ms]
2023-11-27 18:55:36.578 [info] > git config --get commit.template [11ms]
2023-11-27 18:55:36.580 [info] > git for-each-ref --format=%(refname)%00%(upstream:short)%00%(objectname)%00%(upstream:track)%00%(upstream:remotename)%00%(upstream:remoteref) refs/heads/main refs/remotes/main [3ms]
2023-11-27 18:55:36.647 [info] > git status -z -uall [61ms]
2023-11-27 18:55:43.456 [info] > git config --get commit.template [15ms]
2023-11-27 18:55:43.459 [info] > git for-each-ref --format=%(refname)%00%(upstream:short)%00%(objectname)%00%(upstream:track)%00%(upstream:remotename)%00%(upstream:remoteref) refs/heads/main refs/remotes/main [8ms]
2023-11-27 18:55:43.582 [info] > git status -z -uall [116ms]
2023-11-27 18:55:48.609 [info] > git config --get commit.template [8ms]
2023-11-27 18:55:48.611 [info] > git for-each-ref --format=%(refname)%00%(upstream:short)%00%(objectname)%00%(upstream:track)%00%(upstream:remotename)%00%(upstream:remoteref) refs/heads/main refs/remotes/main [3ms]
2023-11-27 18:55:48.708 [info] > git status -z -uall [92ms]
2023-11-27 18:55:57.918 [info] > git config --get commit.template [11ms]
2023-11-27 18:55:57.921 [info] > git for-each-ref --format=%(refname)%00%(upstream:short)%00%(objectname)%00%(upstream:track)%00%(upstream:remotename)%00%(upstream:remoteref) refs/heads/main refs/remotes/main [4ms]
2023-11-27 18:55:58.028 [info] > git status -z -uall [101ms]
2023-11-27 18:56:07.588 [info] > git config --get commit.template [19ms]
2023-11-27 18:56:07.592 [info] > git for-each-ref --format=%(refname)%00%(upstream:short)%00%(objectname)%00%(upstream:track)%00%(upstream:remotename)%00%(upstream:remoteref) refs/heads/main refs/remotes/main [14ms]
2023-11-27 18:56:07.830 [info] > git status -z -uall [232ms]
2023-11-27 18:56:12.877 [info] > git config --get commit.template [11ms]
2023-11-27 18:56:12.880 [info] > git for-each-ref --format=%(refname)%00%(upstream:short)%00%(objectname)%00%(upstream:track)%00%(upstream:remotename)%00%(upstream:remoteref) refs/heads/main refs/remotes/main [8ms]
2023-11-27 18:56:12.987 [info] > git status -z -uall [97ms]
2023-11-27 18:56:18.025 [info] > git config --get commit.template [12ms]
2023-11-27 18:56:18.029 [info] > git for-each-ref --format=%(refname)%00%(upstream:short)%00%(objectname)%00%(upstream:track)%00%(upstream:remotename)%00%(upstream:remoteref) refs/heads/main refs/remotes/main [8ms]
2023-11-27 18:56:18.120 [info] > git status -z -uall [85ms]
2023-11-27 18:56:51.930 [info] > git config --get commit.template [16ms]
2023-11-27 18:56:51.932 [info] > git for-each-ref --format=%(refname)%00%(upstream:short)%00%(objectname)%00%(upstream:track)%00%(upstream:remotename)%00%(upstream:remoteref) refs/heads/main refs/remotes/main [4ms]
2023-11-27 18:56:52.015 [info] > git status -z -uall [74ms]
2023-11-27 18:56:57.043 [info] > git config --get commit.template [7ms]
2023-11-27 18:56:57.045 [info] > git for-each-ref --format=%(refname)%00%(upstream:short)%00%(objectname)%00%(upstream:track)%00%(upstream:remotename)%00%(upstream:remoteref) refs/heads/main refs/remotes/main [3ms]
2023-11-27 18:56:57.149 [info] > git status -z -uall [98ms]
2023-11-27 18:57:02.364 [info] > git config --get commit.template [23ms]
2023-11-27 18:57:02.373 [info] > git for-each-ref --format=%(refname)%00%(upstream:short)%00%(objectname)%00%(upstream:track)%00%(upstream:remotename)%00%(upstream:remoteref) refs/heads/main refs/remotes/main [18ms]
2023-11-27 18:57:02.630 [info] > git status -z -uall [244ms]
2023-11-27 18:57:14.078 [info] > git config --get commit.template [13ms]
2023-11-27 18:57:14.082 [info] > git for-each-ref --format=%(refname)%00%(upstream:short)%00%(objectname)%00%(upstream:track)%00%(upstream:remotename)%00%(upstream:remoteref) refs/heads/main refs/remotes/main [9ms]
2023-11-27 18:57:14.199 [info] > git status -z -uall [111ms]
2023-11-27 18:57:25.168 [info] > git config --get commit.template [10ms]
2023-11-27 18:57:25.170 [info] > git for-each-ref --format=%(refname)%00%(upstream:short)%00%(objectname)%00%(upstream:track)%00%(upstream:remotename)%00%(upstream:remoteref) refs/heads/main refs/remotes/main [4ms]
2023-11-27 18:57:25.278 [info] > git status -z -uall [103ms]
2023-11-27 18:57:48.298 [info] > git config --get commit.template [8ms]
2023-11-27 18:57:48.302 [info] > git for-each-ref --format=%(refname)%00%(upstream:short)%00%(objectname)%00%(upstream:track)%00%(upstream:remotename)%00%(upstream:remoteref) refs/heads/main refs/remotes/main [5ms]
2023-11-27 18:57:48.397 [info] > git status -z -uall [90ms]
2023-11-27 19:06:01.570 [info] > git check-ignore -v -z --stdin [32ms]
2023-11-27 19:06:34.096 [info] > git config --get commit.template [16ms]
2023-11-27 19:06:34.113 [info] > git for-each-ref --format=%(refname)%00%(upstream:short)%00%(objectname)%00%(upstream:track)%00%(upstream:remotename)%00%(upstream:remoteref) refs/heads/main refs/remotes/main [20ms]
2023-11-27 19:06:34.327 [info] > git status -z -uall [204ms]
2023-11-27 19:06:35.156 [info] > git check-ignore -v -z --stdin [7ms]
2023-11-27 19:06:38.379 [info] > git check-ignore -v -z --stdin [7ms]
2023-11-27 19:06:39.387 [info] > git config --get commit.template [6ms]
2023-11-27 19:06:39.389 [info] > git for-each-ref --format=%(refname)%00%(upstream:short)%00%(objectname)%00%(upstream:track)%00%(upstream:remotename)%00%(upstream:remoteref) refs/heads/main refs/remotes/main [3ms]
2023-11-27 19:06:39.471 [info] > git status -z -uall [79ms]
2023-11-27 19:06:39.759 [info] > git check-ignore -v -z --stdin [27ms]
2023-11-27 19:06:44.510 [info] > git config --get commit.template [6ms]
2023-11-27 19:06:44.513 [info] > git for-each-ref --format=%(refname)%00%(upstream:short)%00%(objectname)%00%(upstream:track)%00%(upstream:remotename)%00%(upstream:remoteref) refs/heads/main refs/remotes/main [4ms]
2023-11-27 19:06:44.596 [info] > git status -z -uall [78ms]
2023-11-27 19:06:51.067 [info] > git config --get commit.template [8ms]
2023-11-27 19:06:51.069 [info] > git for-each-ref --format=%(refname)%00%(upstream:short)%00%(objectname)%00%(upstream:track)%00%(upstream:remotename)%00%(upstream:remoteref) refs/heads/main refs/remotes/main [3ms]
2023-11-27 19:06:51.127 [info] > git status -z -uall [54ms]
2023-11-27 19:06:56.157 [info] > git config --get commit.template [7ms]
2023-11-27 19:06:56.159 [info] > git for-each-ref --format=%(refname)%00%(upstream:short)%00%(objectname)%00%(upstream:track)%00%(upstream:remotename)%00%(upstream:remoteref) refs/heads/main refs/remotes/main [2ms]
2023-11-27 19:06:56.244 [info] > git status -z -uall [82ms]
2023-11-27 19:07:01.288 [info] > git for-each-ref --format=%(refname)%00%(upstream:short)%00%(objectname)%00%(upstream:track)%00%(upstream:remotename)%00%(upstream:remoteref) refs/heads/main refs/remotes/main [1ms]
2023-11-27 19:07:01.289 [info] > git config --get commit.template [13ms]
2023-11-27 19:07:01.435 [info] > git status -z -uall [140ms]
2023-11-27 19:07:04.059 [info] > git ls-files --stage -- /var/www/clients/client2/web2/web/sistema/adsgrupo06/CodeIgniter/app/Views/salas_editar_selecionada.php [11ms]
2023-11-27 19:07:04.065 [info] > git show --textconv :CodeIgniter/app/Views/salas_editar_selecionada.php [23ms]
2023-11-27 19:07:04.069 [info] > git cat-file -s 7a97fe92346e96166047b2ff3f92bda39c32f474 [4ms]
2023-11-27 19:07:06.466 [info] > git config --get commit.template [7ms]
2023-11-27 19:07:06.469 [info] > git for-each-ref --format=%(refname)%00%(upstream:short)%00%(objectname)%00%(upstream:track)%00%(upstream:remotename)%00%(upstream:remoteref) refs/heads/main refs/remotes/main [4ms]
2023-11-27 19:07:06.586 [info] > git status -z -uall [113ms]
2023-11-27 19:07:20.002 [info] > git config --get commit.template [28ms]
2023-11-27 19:07:20.010 [info] > git for-each-ref --format=%(refname)%00%(upstream:short)%00%(objectname)%00%(upstream:track)%00%(upstream:remotename)%00%(upstream:remoteref) refs/heads/main refs/remotes/main [21ms]
2023-11-27 19:07:20.152 [info] > git status -z -uall [135ms]
2023-11-27 19:07:25.187 [info] > git config --get commit.template [8ms]
2023-11-27 19:07:25.190 [info] > git for-each-ref --format=%(refname)%00%(upstream:short)%00%(objectname)%00%(upstream:track)%00%(upstream:remotename)%00%(upstream:remoteref) refs/heads/main refs/remotes/main [6ms]
2023-11-27 19:07:25.290 [info] > git status -z -uall [95ms]
2023-11-27 19:07:30.316 [info] > git config --get commit.template [7ms]
2023-11-27 19:07:30.319 [info] > git for-each-ref --format=%(refname)%00%(upstream:short)%00%(objectname)%00%(upstream:track)%00%(upstream:remotename)%00%(upstream:remoteref) refs/heads/main refs/remotes/main [3ms]
2023-11-27 19:07:30.413 [info] > git status -z -uall [89ms]
2023-11-27 19:07:35.450 [info] > git config --get commit.template [7ms]
2023-11-27 19:07:35.454 [info] > git for-each-ref --format=%(refname)%00%(upstream:short)%00%(objectname)%00%(upstream:track)%00%(upstream:remotename)%00%(upstream:remoteref) refs/heads/main refs/remotes/main [5ms]
2023-11-27 19:07:35.615 [info] > git status -z -uall [156ms]
2023-11-27 19:07:40.640 [info] > git config --get commit.template [6ms]
2023-11-27 19:07:40.641 [info] > git for-each-ref --format=%(refname)%00%(upstream:short)%00%(objectname)%00%(upstream:track)%00%(upstream:remotename)%00%(upstream:remoteref) refs/heads/main refs/remotes/main [2ms]
2023-11-27 19:07:40.736 [info] > git status -z -uall [91ms]
2023-11-27 19:07:42.843 [info] > git show --textconv :CodeIgniter/app/Views/salas_form.php [14ms]
2023-11-27 19:07:42.850 [info] > git ls-files --stage -- /var/www/clients/client2/web2/web/sistema/adsgrupo06/CodeIgniter/app/Views/salas_form.php [16ms]
2023-11-27 19:07:42.858 [info] > git cat-file -s 1689e5273def39290c5e93d64a009f502ae51982 [2ms]
2023-11-27 19:07:44.678 [info] > git show --textconv :CodeIgniter/app/Views/salas_editar_selecao.php [10ms]
2023-11-27 19:07:44.681 [info] > git ls-files --stage -- /var/www/clients/client2/web2/web/sistema/adsgrupo06/CodeIgniter/app/Views/salas_editar_selecao.php [6ms]
2023-11-27 19:07:44.686 [info] > git cat-file -s a17e920e47a50d726e5376a88f2e1eb3f54dd3a9 [2ms]
2023-11-27 19:07:45.774 [info] > git config --get commit.template [11ms]
2023-11-27 19:07:45.776 [info] > git for-each-ref --format=%(refname)%00%(upstream:short)%00%(objectname)%00%(upstream:track)%00%(upstream:remotename)%00%(upstream:remoteref) refs/heads/main refs/remotes/main [4ms]
2023-11-27 19:07:45.869 [info] > git status -z -uall [85ms]
2023-11-27 19:07:50.893 [info] > git config --get commit.template [5ms]
2023-11-27 19:07:50.895 [info] > git for-each-ref --format=%(refname)%00%(upstream:short)%00%(objectname)%00%(upstream:track)%00%(upstream:remotename)%00%(upstream:remoteref) refs/heads/main refs/remotes/main [2ms]
2023-11-27 19:07:50.965 [info] > git status -z -uall [66ms]
2023-11-27 19:07:56.005 [info] > git config --get commit.template [8ms]
2023-11-27 19:07:56.007 [info] > git for-each-ref --format=%(refname)%00%(upstream:short)%00%(objectname)%00%(upstream:track)%00%(upstream:remotename)%00%(upstream:remoteref) refs/heads/main refs/remotes/main [4ms]
2023-11-27 19:07:56.090 [info] > git status -z -uall [79ms]
2023-11-27 19:07:58.119 [info] > git show --textconv :CodeIgniter/app/Views/salas_editar_selecionada.php [15ms]
2023-11-27 19:07:58.120 [info] > git ls-files --stage -- /var/www/clients/client2/web2/web/sistema/adsgrupo06/CodeIgniter/app/Views/salas_editar_selecionada.php [9ms]
2023-11-27 19:07:58.127 [info] > git cat-file -s 7a97fe92346e96166047b2ff3f92bda39c32f474 [2ms]
2023-11-27 19:08:01.123 [info] > git config --get commit.template [6ms]
2023-11-27 19:08:01.126 [info] > git for-each-ref --format=%(refname)%00%(upstream:short)%00%(objectname)%00%(upstream:track)%00%(upstream:remotename)%00%(upstream:remoteref) refs/heads/main refs/remotes/main [4ms]
2023-11-27 19:08:01.208 [info] > git status -z -uall [77ms]
2023-11-27 19:08:06.245 [info] > git config --get commit.template [16ms]
2023-11-27 19:08:06.249 [info] > git for-each-ref --format=%(refname)%00%(upstream:short)%00%(objectname)%00%(upstream:track)%00%(upstream:remotename)%00%(upstream:remoteref) refs/heads/main refs/remotes/main [14ms]
2023-11-27 19:08:06.444 [info] > git status -z -uall [190ms]
2023-11-27 19:08:11.652 [info] > git config --get commit.template [10ms]
2023-11-27 19:08:11.656 [info] > git for-each-ref --format=%(refname)%00%(upstream:short)%00%(objectname)%00%(upstream:track)%00%(upstream:remotename)%00%(upstream:remoteref) refs/heads/main refs/remotes/main [8ms]
2023-11-27 19:08:11.751 [info] > git status -z -uall [89ms]
2023-11-27 19:08:47.068 [info] > git config --get commit.template [51ms]
2023-11-27 19:08:47.082 [info] > git for-each-ref --format=%(refname)%00%(upstream:short)%00%(objectname)%00%(upstream:track)%00%(upstream:remotename)%00%(upstream:remoteref) refs/heads/main refs/remotes/main [58ms]
2023-11-27 19:08:47.363 [info] > git status -z -uall [259ms]
2023-11-27 19:09:23.331 [info] > git config --get commit.template [19ms]
2023-11-27 19:09:23.334 [info] > git for-each-ref --format=%(refname)%00%(upstream:short)%00%(objectname)%00%(upstream:track)%00%(upstream:remotename)%00%(upstream:remoteref) refs/heads/main refs/remotes/main [20ms]
2023-11-27 19:09:23.545 [info] > git status -z -uall [201ms]
2023-11-27 19:09:28.578 [info] > git config --get commit.template [8ms]
2023-11-27 19:09:28.583 [info] > git for-each-ref --format=%(refname)%00%(upstream:short)%00%(objectname)%00%(upstream:track)%00%(upstream:remotename)%00%(upstream:remoteref) refs/heads/main refs/remotes/main [6ms]
2023-11-27 19:09:28.681 [info] > git status -z -uall [93ms]
2023-11-27 19:09:32.883 [info] > git show --textconv :CodeIgniter/app/Views/salas_form.php [16ms]
2023-11-27 19:09:32.887 [info] > git ls-files --stage -- /var/www/clients/client2/web2/web/sistema/adsgrupo06/CodeIgniter/app/Views/salas_form.php [12ms]
2023-11-27 19:09:32.902 [info] > git cat-file -s 1689e5273def39290c5e93d64a009f502ae51982 [3ms]
2023-11-27 19:09:33.713 [info] > git config --get commit.template [8ms]
2023-11-27 19:09:33.718 [info] > git for-each-ref --format=%(refname)%00%(upstream:short)%00%(objectname)%00%(upstream:track)%00%(upstream:remotename)%00%(upstream:remoteref) refs/heads/main refs/remotes/main [5ms]
2023-11-27 19:09:33.798 [info] > git status -z -uall [72ms]
2023-11-27 19:10:45.182 [info] > git config --get commit.template [20ms]
2023-11-27 19:10:45.184 [info] > git for-each-ref --format=%(refname)%00%(upstream:short)%00%(objectname)%00%(upstream:track)%00%(upstream:remotename)%00%(upstream:remoteref) refs/heads/main refs/remotes/main [20ms]
2023-11-27 19:10:45.392 [info] > git status -z -uall [197ms]
2023-11-27 19:10:45.454 [info] > git show --textconv :CodeIgniter/app/Views/salas_editar_selecionada.php [23ms]
2023-11-27 19:10:45.456 [info] > git ls-files --stage -- /var/www/clients/client2/web2/web/sistema/adsgrupo06/CodeIgniter/app/Views/salas_editar_selecionada.php [13ms]
2023-11-27 19:10:45.464 [info] > git cat-file -s 7a97fe92346e96166047b2ff3f92bda39c32f474 [2ms]
2023-11-27 19:10:50.452 [info] > git config --get commit.template [13ms]
2023-11-27 19:10:50.457 [info] > git for-each-ref --format=%(refname)%00%(upstream:short)%00%(objectname)%00%(upstream:track)%00%(upstream:remotename)%00%(upstream:remoteref) refs/heads/main refs/remotes/main [8ms]
2023-11-27 19:10:50.576 [info] > git status -z -uall [113ms]
2023-11-27 19:10:55.622 [info] > git config --get commit.template [13ms]
2023-11-27 19:10:55.628 [info] > git for-each-ref --format=%(refname)%00%(upstream:short)%00%(objectname)%00%(upstream:track)%00%(upstream:remotename)%00%(upstream:remoteref) refs/heads/main refs/remotes/main [11ms]
2023-11-27 19:10:55.757 [info] > git status -z -uall [124ms]
2023-11-27 19:11:00.789 [info] > git config --get commit.template [9ms]
2023-11-27 19:11:00.793 [info] > git for-each-ref --format=%(refname)%00%(upstream:short)%00%(objectname)%00%(upstream:track)%00%(upstream:remotename)%00%(upstream:remoteref) refs/heads/main refs/remotes/main [6ms]
2023-11-27 19:11:00.908 [info] > git status -z -uall [109ms]
2023-11-27 19:11:05.954 [info] > git config --get commit.template [21ms]
2023-11-27 19:11:05.958 [info] > git for-each-ref --format=%(refname)%00%(upstream:short)%00%(objectname)%00%(upstream:track)%00%(upstream:remotename)%00%(upstream:remoteref) refs/heads/main refs/remotes/main [15ms]
2023-11-27 19:11:06.199 [info] > git status -z -uall [230ms]
2023-11-27 19:11:11.240 [info] > git config --get commit.template [10ms]
2023-11-27 19:11:11.246 [info] > git for-each-ref --format=%(refname)%00%(upstream:short)%00%(objectname)%00%(upstream:track)%00%(upstream:remotename)%00%(upstream:remoteref) refs/heads/main refs/remotes/main [9ms]
2023-11-27 19:11:11.361 [info] > git status -z -uall [108ms]
2023-11-27 19:11:16.401 [info] > git config --get commit.template [10ms]
2023-11-27 19:11:16.404 [info] > git for-each-ref --format=%(refname)%00%(upstream:short)%00%(objectname)%00%(upstream:track)%00%(upstream:remotename)%00%(upstream:remoteref) refs/heads/main refs/remotes/main [4ms]
2023-11-27 19:11:16.507 [info] > git status -z -uall [95ms]
2023-11-27 19:11:21.540 [info] > git config --get commit.template [9ms]
2023-11-27 19:11:21.544 [info] > git for-each-ref --format=%(refname)%00%(upstream:short)%00%(objectname)%00%(upstream:track)%00%(upstream:remotename)%00%(upstream:remoteref) refs/heads/main refs/remotes/main [5ms]
2023-11-27 19:11:21.640 [info] > git status -z -uall [88ms]
2023-11-27 19:11:28.051 [info] > git config --get commit.template [11ms]
2023-11-27 19:11:28.055 [info] > git for-each-ref --format=%(refname)%00%(upstream:short)%00%(objectname)%00%(upstream:track)%00%(upstream:remotename)%00%(upstream:remoteref) refs/heads/main refs/remotes/main [5ms]
2023-11-27 19:11:28.218 [info] > git status -z -uall [155ms]
2023-11-27 19:11:51.072 [info] > git config --get commit.template [8ms]
2023-11-27 19:11:51.079 [info] > git for-each-ref --format=%(refname)%00%(upstream:short)%00%(objectname)%00%(upstream:track)%00%(upstream:remotename)%00%(upstream:remoteref) refs/heads/main refs/remotes/main [8ms]
2023-11-27 19:11:51.154 [info] > git status -z -uall [69ms]
2023-11-27 19:11:56.199 [info] > git config --get commit.template [9ms]
2023-11-27 19:11:56.201 [info] > git for-each-ref --format=%(refname)%00%(upstream:short)%00%(objectname)%00%(upstream:track)%00%(upstream:remotename)%00%(upstream:remoteref) refs/heads/main refs/remotes/main [3ms]
2023-11-27 19:11:56.297 [info] > git status -z -uall [89ms]
2023-11-27 19:12:01.330 [info] > git config --get commit.template [10ms]
2023-11-27 19:12:01.332 [info] > git for-each-ref --format=%(refname)%00%(upstream:short)%00%(objectname)%00%(upstream:track)%00%(upstream:remotename)%00%(upstream:remoteref) refs/heads/main refs/remotes/main [3ms]
2023-11-27 19:12:01.442 [info] > git status -z -uall [104ms]
2023-11-27 19:12:06.482 [info] > git config --get commit.template [17ms]
2023-11-27 19:12:06.487 [info] > git for-each-ref --format=%(refname)%00%(upstream:short)%00%(objectname)%00%(upstream:track)%00%(upstream:remotename)%00%(upstream:remoteref) refs/heads/main refs/remotes/main [14ms]
2023-11-27 19:12:06.756 [info] > git status -z -uall [263ms]
2023-11-27 19:12:14.529 [info] > git config --get commit.template [13ms]
2023-11-27 19:12:14.534 [info] > git for-each-ref --format=%(refname)%00%(upstream:short)%00%(objectname)%00%(upstream:track)%00%(upstream:remotename)%00%(upstream:remoteref) refs/heads/main refs/remotes/main [6ms]
2023-11-27 19:12:14.677 [info] > git status -z -uall [134ms]
2023-11-27 19:12:19.705 [info] > git config --get commit.template [8ms]
2023-11-27 19:12:19.710 [info] > git for-each-ref --format=%(refname)%00%(upstream:short)%00%(objectname)%00%(upstream:track)%00%(upstream:remotename)%00%(upstream:remoteref) refs/heads/main refs/remotes/main [6ms]
2023-11-27 19:12:19.810 [info] > git status -z -uall [95ms]
2023-11-27 19:12:32.873 [info] > git config --get commit.template [13ms]
2023-11-27 19:12:32.875 [info] > git for-each-ref --format=%(refname)%00%(upstream:short)%00%(objectname)%00%(upstream:track)%00%(upstream:remotename)%00%(upstream:remoteref) refs/heads/main refs/remotes/main [4ms]
2023-11-27 19:12:32.970 [info] > git status -z -uall [88ms]
2023-11-27 19:12:39.307 [info] > git config --get commit.template [10ms]
2023-11-27 19:12:39.310 [info] > git for-each-ref --format=%(refname)%00%(upstream:short)%00%(objectname)%00%(upstream:track)%00%(upstream:remotename)%00%(upstream:remoteref) refs/heads/main refs/remotes/main [4ms]
2023-11-27 19:12:39.409 [info] > git status -z -uall [94ms]
2023-11-27 19:12:51.963 [info] > git config --get commit.template [14ms]
2023-11-27 19:12:51.969 [info] > git for-each-ref --format=%(refname)%00%(upstream:short)%00%(objectname)%00%(upstream:track)%00%(upstream:remotename)%00%(upstream:remoteref) refs/heads/main refs/remotes/main [7ms]
2023-11-27 19:12:52.064 [info] > git status -z -uall [87ms]
2023-11-27 19:15:33.313 [info] > git config --get commit.template [28ms]
2023-11-27 19:15:33.316 [info] > git for-each-ref --format=%(refname)%00%(upstream:short)%00%(objectname)%00%(upstream:track)%00%(upstream:remotename)%00%(upstream:remoteref) refs/heads/main refs/remotes/main [32ms]
2023-11-27 19:15:33.565 [info] > git status -z -uall [238ms]
2023-11-27 19:15:38.625 [info] > git config --get commit.template [16ms]
2023-11-27 19:15:38.630 [info] > git for-each-ref --format=%(refname)%00%(upstream:short)%00%(objectname)%00%(upstream:track)%00%(upstream:remotename)%00%(upstream:remoteref) refs/heads/main refs/remotes/main [6ms]
2023-11-27 19:15:38.729 [info] > git status -z -uall [92ms]
2023-11-27 19:15:40.022 [info] > git show --textconv :CodeIgniter/app/Views/salas_form.php [17ms]
2023-11-27 19:15:40.026 [info] > git ls-files --stage -- /var/www/clients/client2/web2/web/sistema/adsgrupo06/CodeIgniter/app/Views/salas_form.php [11ms]
2023-11-27 19:15:40.034 [info] > git cat-file -s 1689e5273def39290c5e93d64a009f502ae51982 [3ms]
2023-11-27 19:15:43.761 [info] > git config --get commit.template [8ms]
2023-11-27 19:15:43.765 [info] > git for-each-ref --format=%(refname)%00%(upstream:short)%00%(objectname)%00%(upstream:track)%00%(upstream:remotename)%00%(upstream:remoteref) refs/heads/main refs/remotes/main [5ms]
2023-11-27 19:15:43.868 [info] > git status -z -uall [96ms]
2023-11-27 19:16:12.272 [info] > git config --get commit.template [43ms]
2023-11-27 19:16:12.295 [info] > git for-each-ref --format=%(refname)%00%(upstream:short)%00%(objectname)%00%(upstream:track)%00%(upstream:remotename)%00%(upstream:remoteref) refs/heads/main refs/remotes/main [53ms]
2023-11-27 19:16:12.544 [info] > git show --textconv :CodeIgniter/app/Views/salas_editar_selecao.php [32ms]
2023-11-27 19:16:12.554 [info] > git ls-files --stage -- /var/www/clients/client2/web2/web/sistema/adsgrupo06/CodeIgniter/app/Views/salas_editar_selecao.php [12ms]
2023-11-27 19:16:12.570 [info] > git cat-file -s a17e920e47a50d726e5376a88f2e1eb3f54dd3a9 [6ms]
2023-11-27 19:16:12.591 [info] > git status -z -uall [290ms]
2023-11-27 19:16:17.640 [info] > git config --get commit.template [11ms]
2023-11-27 19:16:17.645 [info] > git for-each-ref --format=%(refname)%00%(upstream:short)%00%(objectname)%00%(upstream:track)%00%(upstream:remotename)%00%(upstream:remoteref) refs/heads/main refs/remotes/main [9ms]
2023-11-27 19:16:17.765 [info] > git status -z -uall [114ms]
2023-11-27 19:16:24.968 [info] > git config --get commit.template [12ms]
2023-11-27 19:16:24.973 [info] > git for-each-ref --format=%(refname)%00%(upstream:short)%00%(objectname)%00%(upstream:track)%00%(upstream:remotename)%00%(upstream:remoteref) refs/heads/main refs/remotes/main [6ms]
2023-11-27 19:16:25.083 [info] > git status -z -uall [103ms]
2023-11-27 19:16:30.121 [info] > git config --get commit.template [12ms]
2023-11-27 19:16:30.126 [info] > git for-each-ref --format=%(refname)%00%(upstream:short)%00%(objectname)%00%(upstream:track)%00%(upstream:remotename)%00%(upstream:remoteref) refs/heads/main refs/remotes/main [9ms]
2023-11-27 19:16:30.228 [info] > git status -z -uall [96ms]
2023-11-27 19:16:36.848 [info] > git config --get commit.template [15ms]
2023-11-27 19:16:36.852 [info] > git for-each-ref --format=%(refname)%00%(upstream:short)%00%(objectname)%00%(upstream:track)%00%(upstream:remotename)%00%(upstream:remoteref) refs/heads/main refs/remotes/main [8ms]
2023-11-27 19:16:36.968 [info] > git status -z -uall [111ms]
2023-11-27 19:16:43.943 [info] > git config --get commit.template [20ms]
2023-11-27 19:16:43.949 [info] > git for-each-ref --format=%(refname)%00%(upstream:short)%00%(objectname)%00%(upstream:track)%00%(upstream:remotename)%00%(upstream:remoteref) refs/heads/main refs/remotes/main [7ms]
2023-11-27 19:16:44.106 [info] > git status -z -uall [148ms]
2023-11-27 19:17:04.438 [info] > git config --get commit.template [19ms]
2023-11-27 19:17:04.445 [info] > git for-each-ref --format=%(refname)%00%(upstream:short)%00%(objectname)%00%(upstream:track)%00%(upstream:remotename)%00%(upstream:remoteref) refs/heads/main refs/remotes/main [17ms]
2023-11-27 19:17:04.626 [info] > git status -z -uall [174ms]
2023-11-27 19:17:09.677 [info] > git config --get commit.template [21ms]
2023-11-27 19:17:09.690 [info] > git for-each-ref --format=%(refname)%00%(upstream:short)%00%(objectname)%00%(upstream:track)%00%(upstream:remotename)%00%(upstream:remoteref) refs/heads/main refs/remotes/main [13ms]
2023-11-27 19:17:09.793 [info] > git status -z -uall [98ms]
2023-11-27 19:17:13.165 [info] > git show --textconv :CodeIgniter/app/Views/salas_exibir.php [21ms]
2023-11-27 19:17:13.169 [info] > git ls-files --stage -- /var/www/clients/client2/web2/web/sistema/adsgrupo06/CodeIgniter/app/Views/salas_exibir.php [16ms]
2023-11-27 19:17:13.178 [info] > git cat-file -s 3c77bb1fde920ee3ccd4bef198182bd92174933f [2ms]
2023-11-27 19:17:14.823 [info] > git config --get commit.template [8ms]
2023-11-27 19:17:14.828 [info] > git for-each-ref --format=%(refname)%00%(upstream:short)%00%(objectname)%00%(upstream:track)%00%(upstream:remotename)%00%(upstream:remoteref) refs/heads/main refs/remotes/main [6ms]
2023-11-27 19:17:14.923 [info] > git status -z -uall [88ms]
2023-11-27 19:17:19.984 [info] > git config --get commit.template [28ms]
2023-11-27 19:17:19.989 [info] > git for-each-ref --format=%(refname)%00%(upstream:short)%00%(objectname)%00%(upstream:track)%00%(upstream:remotename)%00%(upstream:remoteref) refs/heads/main refs/remotes/main [5ms]
2023-11-27 19:17:20.076 [info] > git status -z -uall [69ms]
2023-11-27 19:17:25.579 [info] > git config --get commit.template [13ms]
2023-11-27 19:17:25.583 [info] > git for-each-ref --format=%(refname)%00%(upstream:short)%00%(objectname)%00%(upstream:track)%00%(upstream:remotename)%00%(upstream:remoteref) refs/heads/main refs/remotes/main [5ms]
2023-11-27 19:17:25.698 [info] > git status -z -uall [107ms]
2023-11-27 19:17:27.085 [info] > git show --textconv :CodeIgniter/app/Views/salas_form.php [23ms]
2023-11-27 19:17:27.091 [info] > git ls-files --stage -- /var/www/clients/client2/web2/web/sistema/adsgrupo06/CodeIgniter/app/Views/salas_form.php [15ms]
2023-11-27 19:17:27.102 [info] > git cat-file -s 1689e5273def39290c5e93d64a009f502ae51982 [3ms]
2023-11-27 19:17:30.729 [info] > git config --get commit.template [9ms]
2023-11-27 19:17:30.731 [info] > git for-each-ref --format=%(refname)%00%(upstream:short)%00%(objectname)%00%(upstream:track)%00%(upstream:remotename)%00%(upstream:remoteref) refs/heads/main refs/remotes/main [3ms]
2023-11-27 19:17:30.822 [info] > git status -z -uall [85ms]
2023-11-27 19:17:35.870 [info] > git config --get commit.template [8ms]
2023-11-27 19:17:35.872 [info] > git for-each-ref --format=%(refname)%00%(upstream:short)%00%(objectname)%00%(upstream:track)%00%(upstream:remotename)%00%(upstream:remoteref) refs/heads/main refs/remotes/main [3ms]
2023-11-27 19:17:35.965 [info] > git status -z -uall [86ms]
2023-11-27 19:17:40.995 [info] > git config --get commit.template [9ms]
2023-11-27 19:17:40.999 [info] > git for-each-ref --format=%(refname)%00%(upstream:short)%00%(objectname)%00%(upstream:track)%00%(upstream:remotename)%00%(upstream:remoteref) refs/heads/main refs/remotes/main [5ms]
2023-11-27 19:17:41.094 [info] > git status -z -uall [89ms]
2023-11-27 19:17:45.075 [info] > git show --textconv :CodeIgniter/app/Views/salas_editar_selecao.php [17ms]
2023-11-27 19:17:45.077 [info] > git ls-files --stage -- /var/www/clients/client2/web2/web/sistema/adsgrupo06/CodeIgniter/app/Views/salas_editar_selecao.php [11ms]
2023-11-27 19:17:45.092 [info] > git cat-file -s a17e920e47a50d726e5376a88f2e1eb3f54dd3a9 [4ms]
2023-11-27 19:17:46.122 [info] > git config --get commit.template [7ms]
2023-11-27 19:17:46.124 [info] > git for-each-ref --format=%(refname)%00%(upstream:short)%00%(objectname)%00%(upstream:track)%00%(upstream:remotename)%00%(upstream:remoteref) refs/heads/main refs/remotes/main [3ms]
2023-11-27 19:17:46.193 [info] > git status -z -uall [64ms]
2023-11-27 19:17:51.221 [info] > git config --get commit.template [8ms]
2023-11-27 19:17:51.224 [info] > git for-each-ref --format=%(refname)%00%(upstream:short)%00%(objectname)%00%(upstream:track)%00%(upstream:remotename)%00%(upstream:remoteref) refs/heads/main refs/remotes/main [4ms]
2023-11-27 19:17:51.321 [info] > git status -z -uall [91ms]
2023-11-27 19:17:51.338 [info] > git show --textconv :CodeIgniter/app/Views/salas_editar_selecionada.php [27ms]
2023-11-27 19:17:51.338 [info] > git ls-files --stage -- /var/www/clients/client2/web2/web/sistema/adsgrupo06/CodeIgniter/app/Views/salas_editar_selecionada.php [17ms]
2023-11-27 19:17:51.351 [info] > git cat-file -s 7a97fe92346e96166047b2ff3f92bda39c32f474 [7ms]
2023-11-27 19:17:52.797 [info] > git show --textconv :CodeIgniter/app/Views/salas_exibir.php [12ms]
2023-11-27 19:17:52.802 [info] > git ls-files --stage -- /var/www/clients/client2/web2/web/sistema/adsgrupo06/CodeIgniter/app/Views/salas_exibir.php [6ms]
2023-11-27 19:17:52.810 [info] > git cat-file -s 3c77bb1fde920ee3ccd4bef198182bd92174933f [2ms]
2023-11-27 19:17:56.381 [info] > git config --get commit.template [16ms]
2023-11-27 19:17:56.385 [info] > git for-each-ref --format=%(refname)%00%(upstream:short)%00%(objectname)%00%(upstream:track)%00%(upstream:remotename)%00%(upstream:remoteref) refs/heads/main refs/remotes/main [5ms]
2023-11-27 19:17:56.506 [info] > git status -z -uall [111ms]
2023-11-27 19:18:54.739 [info] > git config --get commit.template [22ms]
2023-11-27 19:18:54.742 [info] > git for-each-ref --format=%(refname)%00%(upstream:short)%00%(objectname)%00%(upstream:track)%00%(upstream:remotename)%00%(upstream:remoteref) refs/heads/main refs/remotes/main [18ms]
2023-11-27 19:18:54.986 [info] > git status -z -uall [234ms]
2023-11-27 19:19:00.100 [info] > git config --get commit.template [22ms]
2023-11-27 19:19:00.106 [info] > git for-each-ref --format=%(refname)%00%(upstream:short)%00%(objectname)%00%(upstream:track)%00%(upstream:remotename)%00%(upstream:remoteref) refs/heads/main refs/remotes/main [19ms]
2023-11-27 19:19:00.284 [info] > git status -z -uall [166ms]
2023-11-27 19:19:05.336 [info] > git config --get commit.template [19ms]
2023-11-27 19:19:05.345 [info] > git for-each-ref --format=%(refname)%00%(upstream:short)%00%(objectname)%00%(upstream:track)%00%(upstream:remotename)%00%(upstream:remoteref) refs/heads/main refs/remotes/main [23ms]
2023-11-27 19:19:05.436 [info] > git status -z -uall [84ms]
