2023-11-04 18:36:33.981 [info] Log level: Info
2023-11-04 18:36:33.981 [info] Validating found git in: "git"
2023-11-04 18:36:33.981 [info] Using git "2.20.1" from "git"
2023-11-04 18:36:33.981 [info] > git rev-parse --show-toplevel [11ms]
2023-11-04 18:36:33.981 [info] > git rev-parse --git-dir --git-common-dir [3ms]
2023-11-04 18:36:33.981 [info] Open repository: /var/www/clients/client2/web2/web/sistema/adsgrupo06
2023-11-04 18:36:33.981 [info] > git config --get commit.template [7ms]
2023-11-04 18:36:33.981 [info] > git rev-parse --show-toplevel [11ms]
2023-11-04 18:36:33.981 [info] > git for-each-ref --format=%(refname)%00%(upstream:short)%00%(objectname)%00%(upstream:track)%00%(upstream:remotename)%00%(upstream:remoteref) refs/heads/Vinicius refs/remotes/Vinicius [16ms]
2023-11-04 18:36:33.981 [info] > git rev-parse --show-toplevel [12ms]
2023-11-04 18:36:33.981 [info] > git rev-parse --show-toplevel [9ms]
2023-11-04 18:36:33.981 [info] > git rev-parse --show-toplevel [6ms]
2023-11-04 18:36:33.981 [info] > git rev-parse --show-toplevel [6ms]
2023-11-04 18:36:33.981 [info] > git rev-parse --show-toplevel [6ms]
2023-11-04 18:36:33.981 [info] > git status -z -uall [147ms]
2023-11-04 18:36:33.981 [info] > git rev-parse --show-toplevel [15ms]
2023-11-04 18:36:33.992 [info] > git rev-parse --show-toplevel [43ms]
2023-11-04 18:36:34.007 [info] > git config --get commit.template [17ms]
2023-11-04 18:36:34.021 [info] > git for-each-ref --format=%(refname)%00%(upstream:short)%00%(objectname)%00%(upstream:track)%00%(upstream:remotename)%00%(upstream:remoteref) refs/heads/Vinicius refs/remotes/Vinicius [1ms]
2023-11-04 18:36:34.055 [info] > git rev-parse --show-toplevel [50ms]
2023-11-04 18:36:34.146 [info] > git status -z -uall [91ms]
2023-11-04 18:36:34.157 [info] > git rev-parse --show-toplevel [10ms]
2023-11-04 18:36:34.934 [info] > git check-ignore -v -z --stdin [6ms]
2023-11-04 18:36:35.342 [info] > git show --textconv :CodeIgniter/public/.htaccess [12ms]
2023-11-04 18:36:35.346 [info] > git ls-files --stage -- /var/www/clients/client2/web2/web/sistema/adsgrupo06/CodeIgniter/public/.htaccess [9ms]
2023-11-04 18:36:35.355 [info] > git cat-file -s a5d6c2a541286ca75c7d65fb6ac5944dfd123bd6 [4ms]
2023-11-04 18:36:35.701 [info] > git config --get commit.template [14ms]
2023-11-04 18:36:35.705 [info] > git for-each-ref --format=%(refname)%00%(upstream:short)%00%(objectname)%00%(upstream:track)%00%(upstream:remotename)%00%(upstream:remoteref) refs/heads/Vinicius refs/remotes/Vinicius [6ms]
2023-11-04 18:36:35.776 [info] > git status -z -uall [56ms]
2023-11-04 18:36:36.426 [info] > git check-ignore -v -z --stdin [14ms]
2023-11-04 18:36:46.099 [info] > git config --get commit.template [9ms]
2023-11-04 18:36:46.101 [info] > git for-each-ref --format=%(refname)%00%(upstream:short)%00%(objectname)%00%(upstream:track)%00%(upstream:remotename)%00%(upstream:remoteref) refs/heads/Vinicius refs/remotes/Vinicius [4ms]
2023-11-04 18:36:46.141 [info] > git status -z -uall [34ms]
2023-11-04 18:37:57.295 [info] > git config --get commit.template [18ms]
2023-11-04 18:37:57.298 [info] > git for-each-ref --format=%(refname)%00%(upstream:short)%00%(objectname)%00%(upstream:track)%00%(upstream:remotename)%00%(upstream:remoteref) refs/heads/Vinicius refs/remotes/Vinicius [15ms]
2023-11-04 18:37:57.413 [info] > git status -z -uall [102ms]
2023-11-04 18:38:02.451 [info] > git config --get commit.template [17ms]
2023-11-04 18:38:02.455 [info] > git for-each-ref --format=%(refname)%00%(upstream:short)%00%(objectname)%00%(upstream:track)%00%(upstream:remotename)%00%(upstream:remoteref) refs/heads/Vinicius refs/remotes/Vinicius [11ms]
2023-11-04 18:38:02.550 [info] > git status -z -uall [87ms]
2023-11-04 18:38:02.811 [info] > git check-ignore -v -z --stdin [6ms]
2023-11-04 18:38:05.183 [info] > git show --textconv :CodeIgniter/app/Views/salas_form.php [11ms]
2023-11-04 18:38:05.187 [info] > git ls-files --stage -- /var/www/clients/client2/web2/web/sistema/adsgrupo06/CodeIgniter/app/Views/salas_form.php [7ms]
2023-11-04 18:38:05.196 [info] > git cat-file -s 0d258b68c078acf7d665842cf3cd7d7e786ab56f [2ms]
2023-11-04 18:38:07.567 [info] > git config --get commit.template [6ms]
2023-11-04 18:38:07.569 [info] > git for-each-ref --format=%(refname)%00%(upstream:short)%00%(objectname)%00%(upstream:track)%00%(upstream:remotename)%00%(upstream:remoteref) refs/heads/Vinicius refs/remotes/Vinicius [2ms]
2023-11-04 18:38:07.601 [info] > git status -z -uall [27ms]
2023-11-04 18:38:12.622 [info] > git config --get commit.template [9ms]
2023-11-04 18:38:12.626 [info] > git for-each-ref --format=%(refname)%00%(upstream:short)%00%(objectname)%00%(upstream:track)%00%(upstream:remotename)%00%(upstream:remoteref) refs/heads/Vinicius refs/remotes/Vinicius [5ms]
2023-11-04 18:38:12.668 [info] > git status -z -uall [37ms]
2023-11-04 18:38:15.213 [info] > git show --textconv :CodeIgniter/public/.htaccess [10ms]
2023-11-04 18:38:15.217 [info] > git ls-files --stage -- /var/www/clients/client2/web2/web/sistema/adsgrupo06/CodeIgniter/public/.htaccess [6ms]
2023-11-04 18:38:15.225 [info] > git cat-file -s a5d6c2a541286ca75c7d65fb6ac5944dfd123bd6 [2ms]
2023-11-04 18:38:16.820 [info] > git show --textconv :CodeIgniter/app/Views/salas_form.php [9ms]
2023-11-04 18:38:16.824 [info] > git ls-files --stage -- /var/www/clients/client2/web2/web/sistema/adsgrupo06/CodeIgniter/app/Views/salas_form.php [5ms]
2023-11-04 18:38:16.831 [info] > git cat-file -s 0d258b68c078acf7d665842cf3cd7d7e786ab56f [2ms]
2023-11-04 18:38:17.688 [info] > git config --get commit.template [7ms]
2023-11-04 18:38:17.690 [info] > git for-each-ref --format=%(refname)%00%(upstream:short)%00%(objectname)%00%(upstream:track)%00%(upstream:remotename)%00%(upstream:remoteref) refs/heads/Vinicius refs/remotes/Vinicius [3ms]
2023-11-04 18:38:17.730 [info] > git show --textconv :CodeIgniter/app/Config/Routes.php [23ms]
2023-11-04 18:38:17.738 [info] > git ls-files --stage -- /var/www/clients/client2/web2/web/sistema/adsgrupo06/CodeIgniter/app/Config/Routes.php [10ms]
2023-11-04 18:38:17.753 [info] > git cat-file -s 1ff36d4de9b127e7d944eba2869311cd16970c6b [4ms]
2023-11-04 18:38:17.754 [info] > git status -z -uall [59ms]
2023-11-04 18:38:22.770 [info] > git config --get commit.template [7ms]
2023-11-04 18:38:22.772 [info] > git for-each-ref --format=%(refname)%00%(upstream:short)%00%(objectname)%00%(upstream:track)%00%(upstream:remotename)%00%(upstream:remoteref) refs/heads/Vinicius refs/remotes/Vinicius [3ms]
2023-11-04 18:38:22.809 [info] > git status -z -uall [30ms]
2023-11-04 18:38:24.088 [info] > git show --textconv :CodeIgniter/app/Views/salas_form.php [9ms]
2023-11-04 18:38:24.092 [info] > git ls-files --stage -- /var/www/clients/client2/web2/web/sistema/adsgrupo06/CodeIgniter/app/Views/salas_form.php [5ms]
2023-11-04 18:38:24.099 [info] > git cat-file -s 0d258b68c078acf7d665842cf3cd7d7e786ab56f [3ms]
2023-11-04 18:38:25.064 [info] > git show --textconv :CodeIgniter/app/Controllers/Salas.php [10ms]
2023-11-04 18:38:25.067 [info] > git ls-files --stage -- /var/www/clients/client2/web2/web/sistema/adsgrupo06/CodeIgniter/app/Controllers/Salas.php [6ms]
2023-11-04 18:38:25.074 [info] > git cat-file -s d52875f55aa2d83bad28afde9a91092bd28c0c41 [2ms]
2023-11-04 18:38:27.827 [info] > git config --get commit.template [7ms]
2023-11-04 18:38:27.829 [info] > git for-each-ref --format=%(refname)%00%(upstream:short)%00%(objectname)%00%(upstream:track)%00%(upstream:remotename)%00%(upstream:remoteref) refs/heads/Vinicius refs/remotes/Vinicius [3ms]
2023-11-04 18:38:27.863 [info] > git status -z -uall [30ms]
2023-11-04 18:38:32.844 [info] > git show --textconv :CodeIgniter/app/Views/salas_form.php [14ms]
2023-11-04 18:38:32.859 [info] > git ls-files --stage -- /var/www/clients/client2/web2/web/sistema/adsgrupo06/CodeIgniter/app/Views/salas_form.php [15ms]
2023-11-04 18:38:32.881 [info] > git cat-file -s 0d258b68c078acf7d665842cf3cd7d7e786ab56f [12ms]
2023-11-04 18:38:32.892 [info] > git config --get commit.template [12ms]
2023-11-04 18:38:32.896 [info] > git for-each-ref --format=%(refname)%00%(upstream:short)%00%(objectname)%00%(upstream:track)%00%(upstream:remotename)%00%(upstream:remoteref) refs/heads/Vinicius refs/remotes/Vinicius [5ms]
2023-11-04 18:38:32.938 [info] > git status -z -uall [35ms]
2023-11-04 18:38:34.065 [info] > git show --textconv :CodeIgniter/app/Config/Routes.php [10ms]
2023-11-04 18:38:34.069 [info] > git ls-files --stage -- /var/www/clients/client2/web2/web/sistema/adsgrupo06/CodeIgniter/app/Config/Routes.php [5ms]
2023-11-04 18:38:34.076 [info] > git cat-file -s 1ff36d4de9b127e7d944eba2869311cd16970c6b [2ms]
2023-11-04 18:38:36.341 [info] > git show --textconv :CodeIgniter/app/Models/SalaModel.php [12ms]
2023-11-04 18:38:36.342 [info] > git ls-files --stage -- /var/www/clients/client2/web2/web/sistema/adsgrupo06/CodeIgniter/app/Models/SalaModel.php [6ms]
2023-11-04 18:38:36.349 [info] > git cat-file -s 327be05f20a8826d21b493239dab980f352f2796 [3ms]
2023-11-04 18:38:37.955 [info] > git config --get commit.template [8ms]
2023-11-04 18:38:37.957 [info] > git for-each-ref --format=%(refname)%00%(upstream:short)%00%(objectname)%00%(upstream:track)%00%(upstream:remotename)%00%(upstream:remoteref) refs/heads/Vinicius refs/remotes/Vinicius [3ms]
2023-11-04 18:38:37.992 [info] > git status -z -uall [28ms]
2023-11-04 18:38:41.220 [info] > git show --textconv :CodeIgniter/app/Config/Database.php [10ms]
2023-11-04 18:38:41.225 [info] > git ls-files --stage -- /var/www/clients/client2/web2/web/sistema/adsgrupo06/CodeIgniter/app/Config/Database.php [8ms]
2023-11-04 18:38:41.232 [info] > git cat-file -s 97a6b0ea2a1878667a819c9eca73f4bb29948bfc [2ms]
2023-11-04 18:38:42.819 [info] > git show --textconv :CodeIgniter/app/Models/SalaModel.php [10ms]
2023-11-04 18:38:42.823 [info] > git ls-files --stage -- /var/www/clients/client2/web2/web/sistema/adsgrupo06/CodeIgniter/app/Models/SalaModel.php [5ms]
2023-11-04 18:38:42.830 [info] > git cat-file -s 327be05f20a8826d21b493239dab980f352f2796 [2ms]
2023-11-04 18:38:43.010 [info] > git config --get commit.template [7ms]
2023-11-04 18:38:43.018 [info] > git check-ignore -v -z --stdin [10ms]
2023-11-04 18:38:43.022 [info] > git for-each-ref --format=%(refname)%00%(upstream:short)%00%(objectname)%00%(upstream:track)%00%(upstream:remotename)%00%(upstream:remoteref) refs/heads/Vinicius refs/remotes/Vinicius [5ms]
2023-11-04 18:38:43.071 [info] > git status -z -uall [35ms]
2023-11-04 18:38:48.096 [info] > git config --get commit.template [9ms]
2023-11-04 18:38:48.098 [info] > git for-each-ref --format=%(refname)%00%(upstream:short)%00%(objectname)%00%(upstream:track)%00%(upstream:remotename)%00%(upstream:remoteref) refs/heads/Vinicius refs/remotes/Vinicius [3ms]
2023-11-04 18:38:48.131 [info] > git status -z -uall [27ms]
2023-11-04 18:38:53.151 [info] > git config --get commit.template [11ms]
2023-11-04 18:38:53.154 [info] > git for-each-ref --format=%(refname)%00%(upstream:short)%00%(objectname)%00%(upstream:track)%00%(upstream:remotename)%00%(upstream:remoteref) refs/heads/Vinicius refs/remotes/Vinicius [4ms]
2023-11-04 18:38:53.195 [info] > git status -z -uall [35ms]
2023-11-04 18:38:58.211 [info] > git config --get commit.template [7ms]
2023-11-04 18:38:58.214 [info] > git for-each-ref --format=%(refname)%00%(upstream:short)%00%(objectname)%00%(upstream:track)%00%(upstream:remotename)%00%(upstream:remoteref) refs/heads/Vinicius refs/remotes/Vinicius [2ms]
2023-11-04 18:38:58.251 [info] > git status -z -uall [32ms]
2023-11-04 18:39:03.282 [info] > git config --get commit.template [19ms]
2023-11-04 18:39:03.286 [info] > git for-each-ref --format=%(refname)%00%(upstream:short)%00%(objectname)%00%(upstream:track)%00%(upstream:remotename)%00%(upstream:remoteref) refs/heads/Vinicius refs/remotes/Vinicius [15ms]
2023-11-04 18:39:03.553 [info] > git status -z -uall [262ms]
2023-11-04 18:39:03.732 [info] > git show --textconv :CodeIgniter/app/Config/Routes.php [8ms]
2023-11-04 18:39:03.736 [info] > git ls-files --stage -- /var/www/clients/client2/web2/web/sistema/adsgrupo06/CodeIgniter/app/Config/Routes.php [5ms]
2023-11-04 18:39:03.743 [info] > git cat-file -s 1ff36d4de9b127e7d944eba2869311cd16970c6b [2ms]
2023-11-04 18:39:08.569 [info] > git config --get commit.template [7ms]
2023-11-04 18:39:08.572 [info] > git for-each-ref --format=%(refname)%00%(upstream:short)%00%(objectname)%00%(upstream:track)%00%(upstream:remotename)%00%(upstream:remoteref) refs/heads/Vinicius refs/remotes/Vinicius [3ms]
2023-11-04 18:39:08.605 [info] > git status -z -uall [29ms]
2023-11-04 18:39:13.621 [info] > git config --get commit.template [7ms]
2023-11-04 18:39:13.623 [info] > git for-each-ref --format=%(refname)%00%(upstream:short)%00%(objectname)%00%(upstream:track)%00%(upstream:remotename)%00%(upstream:remoteref) refs/heads/Vinicius refs/remotes/Vinicius [3ms]
2023-11-04 18:39:13.658 [info] > git status -z -uall [30ms]
2023-11-04 18:39:18.681 [info] > git config --get commit.template [11ms]
2023-11-04 18:39:18.684 [info] > git for-each-ref --format=%(refname)%00%(upstream:short)%00%(objectname)%00%(upstream:track)%00%(upstream:remotename)%00%(upstream:remoteref) refs/heads/Vinicius refs/remotes/Vinicius [5ms]
2023-11-04 18:39:18.731 [info] > git status -z -uall [40ms]
2023-11-04 18:40:43.677 [info] > git config --get commit.template [23ms]
2023-11-04 18:40:43.679 [info] > git for-each-ref --format=%(refname)%00%(upstream:short)%00%(objectname)%00%(upstream:track)%00%(upstream:remotename)%00%(upstream:remoteref) refs/heads/Vinicius refs/remotes/Vinicius [12ms]
2023-11-04 18:40:43.719 [info] > git status -z -uall [36ms]
2023-11-04 18:40:44.209 [info] > git check-ignore -v -z --stdin [4ms]
2023-11-04 18:40:48.737 [info] > git config --get commit.template [8ms]
2023-11-04 18:40:48.740 [info] > git for-each-ref --format=%(refname)%00%(upstream:short)%00%(objectname)%00%(upstream:track)%00%(upstream:remotename)%00%(upstream:remoteref) refs/heads/Vinicius refs/remotes/Vinicius [4ms]
2023-11-04 18:40:48.773 [info] > git status -z -uall [28ms]
2023-11-04 18:40:53.796 [info] > git config --get commit.template [7ms]
2023-11-04 18:40:53.798 [info] > git for-each-ref --format=%(refname)%00%(upstream:short)%00%(objectname)%00%(upstream:track)%00%(upstream:remotename)%00%(upstream:remoteref) refs/heads/Vinicius refs/remotes/Vinicius [2ms]
2023-11-04 18:40:53.831 [info] > git status -z -uall [27ms]
2023-11-04 18:40:58.852 [info] > git config --get commit.template [10ms]
2023-11-04 18:40:58.854 [info] > git for-each-ref --format=%(refname)%00%(upstream:short)%00%(objectname)%00%(upstream:track)%00%(upstream:remotename)%00%(upstream:remoteref) refs/heads/Vinicius refs/remotes/Vinicius [3ms]
2023-11-04 18:40:58.890 [info] > git status -z -uall [27ms]
2023-11-04 18:41:03.595 [info] > git check-ignore -v -z --stdin [4ms]
2023-11-04 18:41:03.730 [info] > git show --textconv :CodeIgniter/app/Controllers/SalasExibir [12ms]
2023-11-04 18:41:03.736 [info] > git ls-files --stage -- /var/www/clients/client2/web2/web/sistema/adsgrupo06/CodeIgniter/app/Controllers/SalasExibir [8ms]
2023-11-04 18:41:03.907 [info] > git config --get commit.template [7ms]
2023-11-04 18:41:03.910 [info] > git for-each-ref --format=%(refname)%00%(upstream:short)%00%(objectname)%00%(upstream:track)%00%(upstream:remotename)%00%(upstream:remoteref) refs/heads/Vinicius refs/remotes/Vinicius [4ms]
2023-11-04 18:41:03.947 [info] > git status -z -uall [31ms]
2023-11-04 18:41:08.966 [info] > git config --get commit.template [7ms]
2023-11-04 18:41:08.968 [info] > git for-each-ref --format=%(refname)%00%(upstream:short)%00%(objectname)%00%(upstream:track)%00%(upstream:remotename)%00%(upstream:remoteref) refs/heads/Vinicius refs/remotes/Vinicius [3ms]
2023-11-04 18:41:09.005 [info] > git status -z -uall [32ms]
2023-11-04 18:41:10.571 [info] > git check-ignore -v -z --stdin [3ms]
2023-11-04 18:41:10.639 [info] > git show --textconv :CodeIgniter/app/Controllers/SalasExibir.php [8ms]
2023-11-04 18:41:10.644 [info] > git ls-files --stage -- /var/www/clients/client2/web2/web/sistema/adsgrupo06/CodeIgniter/app/Controllers/SalasExibir.php [4ms]
2023-11-04 18:41:14.024 [info] > git config --get commit.template [6ms]
2023-11-04 18:41:14.026 [info] > git for-each-ref --format=%(refname)%00%(upstream:short)%00%(objectname)%00%(upstream:track)%00%(upstream:remotename)%00%(upstream:remoteref) refs/heads/Vinicius refs/remotes/Vinicius [3ms]
2023-11-04 18:41:14.060 [info] > git status -z -uall [29ms]
2023-11-04 18:41:21.545 [info] > git config --get commit.template [8ms]
2023-11-04 18:41:21.547 [info] > git for-each-ref --format=%(refname)%00%(upstream:short)%00%(objectname)%00%(upstream:track)%00%(upstream:remotename)%00%(upstream:remoteref) refs/heads/Vinicius refs/remotes/Vinicius [3ms]
2023-11-04 18:41:21.578 [info] > git status -z -uall [27ms]
2023-11-04 18:41:26.598 [info] > git config --get commit.template [6ms]
2023-11-04 18:41:26.600 [info] > git for-each-ref --format=%(refname)%00%(upstream:short)%00%(objectname)%00%(upstream:track)%00%(upstream:remotename)%00%(upstream:remoteref) refs/heads/Vinicius refs/remotes/Vinicius [2ms]
2023-11-04 18:41:26.635 [info] > git status -z -uall [29ms]
2023-11-04 18:41:31.659 [info] > git config --get commit.template [12ms]
2023-11-04 18:41:31.662 [info] > git for-each-ref --format=%(refname)%00%(upstream:short)%00%(objectname)%00%(upstream:track)%00%(upstream:remotename)%00%(upstream:remoteref) refs/heads/Vinicius refs/remotes/Vinicius [4ms]
2023-11-04 18:41:31.713 [info] > git status -z -uall [43ms]
2023-11-04 18:41:36.732 [info] > git config --get commit.template [7ms]
2023-11-04 18:41:36.734 [info] > git for-each-ref --format=%(refname)%00%(upstream:short)%00%(objectname)%00%(upstream:track)%00%(upstream:remotename)%00%(upstream:remoteref) refs/heads/Vinicius refs/remotes/Vinicius [2ms]
2023-11-04 18:41:36.814 [info] > git status -z -uall [73ms]
2023-11-04 18:41:41.835 [info] > git config --get commit.template [9ms]
2023-11-04 18:41:41.838 [info] > git for-each-ref --format=%(refname)%00%(upstream:short)%00%(objectname)%00%(upstream:track)%00%(upstream:remotename)%00%(upstream:remoteref) refs/heads/Vinicius refs/remotes/Vinicius [4ms]
2023-11-04 18:41:41.876 [info] > git status -z -uall [33ms]
2023-11-04 18:41:46.893 [info] > git config --get commit.template [7ms]
2023-11-04 18:41:46.895 [info] > git for-each-ref --format=%(refname)%00%(upstream:short)%00%(objectname)%00%(upstream:track)%00%(upstream:remotename)%00%(upstream:remoteref) refs/heads/Vinicius refs/remotes/Vinicius [3ms]
2023-11-04 18:41:46.928 [info] > git status -z -uall [27ms]
2023-11-04 18:41:51.948 [info] > git config --get commit.template [9ms]
2023-11-04 18:41:51.950 [info] > git for-each-ref --format=%(refname)%00%(upstream:short)%00%(objectname)%00%(upstream:track)%00%(upstream:remotename)%00%(upstream:remoteref) refs/heads/Vinicius refs/remotes/Vinicius [3ms]
2023-11-04 18:41:51.988 [info] > git status -z -uall [32ms]
2023-11-04 18:41:55.904 [info] > git check-ignore -v -z --stdin [4ms]
2023-11-04 18:41:56.026 [info] > git show --textconv :CodeIgniter/app/Views/salas_exibir.php [9ms]
2023-11-04 18:41:56.030 [info] > git ls-files --stage -- /var/www/clients/client2/web2/web/sistema/adsgrupo06/CodeIgniter/app/Views/salas_exibir.php [5ms]
2023-11-04 18:41:57.006 [info] > git config --get commit.template [7ms]
2023-11-04 18:41:57.009 [info] > git for-each-ref --format=%(refname)%00%(upstream:short)%00%(objectname)%00%(upstream:track)%00%(upstream:remotename)%00%(upstream:remoteref) refs/heads/Vinicius refs/remotes/Vinicius [2ms]
2023-11-04 18:41:57.042 [info] > git status -z -uall [27ms]
2023-11-04 18:42:02.061 [info] > git config --get commit.template [9ms]
2023-11-04 18:42:02.065 [info] > git for-each-ref --format=%(refname)%00%(upstream:short)%00%(objectname)%00%(upstream:track)%00%(upstream:remotename)%00%(upstream:remoteref) refs/heads/Vinicius refs/remotes/Vinicius [3ms]
2023-11-04 18:42:02.099 [info] > git status -z -uall [30ms]
2023-11-04 18:42:07.702 [info] > git config --get commit.template [8ms]
2023-11-04 18:42:07.704 [info] > git for-each-ref --format=%(refname)%00%(upstream:short)%00%(objectname)%00%(upstream:track)%00%(upstream:remotename)%00%(upstream:remoteref) refs/heads/Vinicius refs/remotes/Vinicius [3ms]
2023-11-04 18:42:07.735 [info] > git status -z -uall [27ms]
2023-11-04 18:42:12.644 [info] > git show --textconv :CodeIgniter/app/Config/Routes.php [10ms]
2023-11-04 18:42:12.648 [info] > git ls-files --stage -- /var/www/clients/client2/web2/web/sistema/adsgrupo06/CodeIgniter/app/Config/Routes.php [6ms]
2023-11-04 18:42:12.658 [info] > git cat-file -s 1ff36d4de9b127e7d944eba2869311cd16970c6b [2ms]
2023-11-04 18:42:12.756 [info] > git config --get commit.template [11ms]
2023-11-04 18:42:12.758 [info] > git for-each-ref --format=%(refname)%00%(upstream:short)%00%(objectname)%00%(upstream:track)%00%(upstream:remotename)%00%(upstream:remoteref) refs/heads/Vinicius refs/remotes/Vinicius [3ms]
2023-11-04 18:42:12.794 [info] > git status -z -uall [31ms]
2023-11-04 18:42:17.815 [info] > git config --get commit.template [10ms]
2023-11-04 18:42:17.817 [info] > git for-each-ref --format=%(refname)%00%(upstream:short)%00%(objectname)%00%(upstream:track)%00%(upstream:remotename)%00%(upstream:remoteref) refs/heads/Vinicius refs/remotes/Vinicius [4ms]
2023-11-04 18:42:17.850 [info] > git status -z -uall [28ms]
2023-11-04 18:42:22.868 [info] > git config --get commit.template [9ms]
2023-11-04 18:42:22.871 [info] > git for-each-ref --format=%(refname)%00%(upstream:short)%00%(objectname)%00%(upstream:track)%00%(upstream:remotename)%00%(upstream:remoteref) refs/heads/Vinicius refs/remotes/Vinicius [4ms]
2023-11-04 18:42:22.903 [info] > git status -z -uall [27ms]
2023-11-04 18:42:32.705 [info] > git config --get commit.template [7ms]
2023-11-04 18:42:32.708 [info] > git for-each-ref --format=%(refname)%00%(upstream:short)%00%(objectname)%00%(upstream:track)%00%(upstream:remotename)%00%(upstream:remoteref) refs/heads/Vinicius refs/remotes/Vinicius [4ms]
2023-11-04 18:42:32.742 [info] > git status -z -uall [30ms]
2023-11-04 18:42:44.706 [info] > git config --get commit.template [8ms]
2023-11-04 18:42:44.708 [info] > git for-each-ref --format=%(refname)%00%(upstream:short)%00%(objectname)%00%(upstream:track)%00%(upstream:remotename)%00%(upstream:remoteref) refs/heads/Vinicius refs/remotes/Vinicius [4ms]
2023-11-04 18:42:44.742 [info] > git status -z -uall [27ms]
2023-11-04 18:42:49.758 [info] > git config --get commit.template [6ms]
2023-11-04 18:42:49.760 [info] > git for-each-ref --format=%(refname)%00%(upstream:short)%00%(objectname)%00%(upstream:track)%00%(upstream:remotename)%00%(upstream:remoteref) refs/heads/Vinicius refs/remotes/Vinicius [2ms]
2023-11-04 18:42:49.796 [info] > git status -z -uall [32ms]
2023-11-04 18:42:55.717 [info] > git config --get commit.template [10ms]
2023-11-04 18:42:55.719 [info] > git for-each-ref --format=%(refname)%00%(upstream:short)%00%(objectname)%00%(upstream:track)%00%(upstream:remotename)%00%(upstream:remoteref) refs/heads/Vinicius refs/remotes/Vinicius [3ms]
2023-11-04 18:42:55.750 [info] > git status -z -uall [27ms]
2023-11-04 18:43:02.715 [info] > git config --get commit.template [6ms]
2023-11-04 18:43:02.719 [info] > git for-each-ref --format=%(refname)%00%(upstream:short)%00%(objectname)%00%(upstream:track)%00%(upstream:remotename)%00%(upstream:remoteref) refs/heads/Vinicius refs/remotes/Vinicius [4ms]
2023-11-04 18:43:02.754 [info] > git status -z -uall [28ms]
2023-11-04 18:43:04.112 [info] > git show --textconv :CodeIgniter/app/Controllers/SalasExibir.php [8ms]
2023-11-04 18:43:04.116 [info] > git ls-files --stage -- /var/www/clients/client2/web2/web/sistema/adsgrupo06/CodeIgniter/app/Controllers/SalasExibir.php [5ms]
2023-11-04 18:43:05.838 [info] > git show --textconv :CodeIgniter/app/Views/salas_exibir.php [8ms]
2023-11-04 18:43:05.843 [info] > git ls-files --stage -- /var/www/clients/client2/web2/web/sistema/adsgrupo06/CodeIgniter/app/Views/salas_exibir.php [6ms]
2023-11-04 18:43:25.574 [info] > git config --get commit.template [7ms]
2023-11-04 18:43:25.578 [info] > git for-each-ref --format=%(refname)%00%(upstream:short)%00%(objectname)%00%(upstream:track)%00%(upstream:remotename)%00%(upstream:remoteref) refs/heads/Vinicius refs/remotes/Vinicius [4ms]
2023-11-04 18:43:25.610 [info] > git status -z -uall [27ms]
2023-11-04 18:43:30.627 [info] > git config --get commit.template [7ms]
2023-11-04 18:43:30.629 [info] > git for-each-ref --format=%(refname)%00%(upstream:short)%00%(objectname)%00%(upstream:track)%00%(upstream:remotename)%00%(upstream:remoteref) refs/heads/Vinicius refs/remotes/Vinicius [2ms]
2023-11-04 18:43:30.665 [info] > git status -z -uall [30ms]
2023-11-04 18:43:35.683 [info] > git config --get commit.template [7ms]
2023-11-04 18:43:35.686 [info] > git for-each-ref --format=%(refname)%00%(upstream:short)%00%(objectname)%00%(upstream:track)%00%(upstream:remotename)%00%(upstream:remoteref) refs/heads/Vinicius refs/remotes/Vinicius [4ms]
2023-11-04 18:43:35.720 [info] > git status -z -uall [29ms]
2023-11-04 18:43:40.740 [info] > git config --get commit.template [8ms]
2023-11-04 18:43:40.743 [info] > git for-each-ref --format=%(refname)%00%(upstream:short)%00%(objectname)%00%(upstream:track)%00%(upstream:remotename)%00%(upstream:remoteref) refs/heads/Vinicius refs/remotes/Vinicius [3ms]
2023-11-04 18:43:40.777 [info] > git status -z -uall [29ms]
2023-11-04 18:43:45.802 [info] > git config --get commit.template [8ms]
2023-11-04 18:43:45.805 [info] > git for-each-ref --format=%(refname)%00%(upstream:short)%00%(objectname)%00%(upstream:track)%00%(upstream:remotename)%00%(upstream:remoteref) refs/heads/Vinicius refs/remotes/Vinicius [4ms]
2023-11-04 18:43:45.837 [info] > git status -z -uall [27ms]
2023-11-04 18:44:14.055 [info] > git config --get commit.template [8ms]
2023-11-04 18:44:14.059 [info] > git for-each-ref --format=%(refname)%00%(upstream:short)%00%(objectname)%00%(upstream:track)%00%(upstream:remotename)%00%(upstream:remoteref) refs/heads/Vinicius refs/remotes/Vinicius [8ms]
2023-11-04 18:44:14.095 [info] > git status -z -uall [29ms]
2023-11-04 18:44:19.111 [info] > git config --get commit.template [7ms]
2023-11-04 18:44:19.113 [info] > git for-each-ref --format=%(refname)%00%(upstream:short)%00%(objectname)%00%(upstream:track)%00%(upstream:remotename)%00%(upstream:remoteref) refs/heads/Vinicius refs/remotes/Vinicius [2ms]
2023-11-04 18:44:19.145 [info] > git status -z -uall [26ms]
2023-11-04 18:44:24.162 [info] > git config --get commit.template [8ms]
2023-11-04 18:44:24.164 [info] > git for-each-ref --format=%(refname)%00%(upstream:short)%00%(objectname)%00%(upstream:track)%00%(upstream:remotename)%00%(upstream:remoteref) refs/heads/Vinicius refs/remotes/Vinicius [3ms]
2023-11-04 18:44:24.197 [info] > git status -z -uall [28ms]
2023-11-04 18:44:29.214 [info] > git config --get commit.template [7ms]
2023-11-04 18:44:29.215 [info] > git for-each-ref --format=%(refname)%00%(upstream:short)%00%(objectname)%00%(upstream:track)%00%(upstream:remotename)%00%(upstream:remoteref) refs/heads/Vinicius refs/remotes/Vinicius [2ms]
2023-11-04 18:44:29.248 [info] > git status -z -uall [27ms]
2023-11-04 18:44:34.271 [info] > git config --get commit.template [11ms]
2023-11-04 18:44:34.273 [info] > git for-each-ref --format=%(refname)%00%(upstream:short)%00%(objectname)%00%(upstream:track)%00%(upstream:remotename)%00%(upstream:remoteref) refs/heads/Vinicius refs/remotes/Vinicius [4ms]
2023-11-04 18:44:34.319 [info] > git status -z -uall [39ms]
2023-11-04 18:44:39.736 [info] > git config --get commit.template [9ms]
2023-11-04 18:44:39.739 [info] > git for-each-ref --format=%(refname)%00%(upstream:short)%00%(objectname)%00%(upstream:track)%00%(upstream:remotename)%00%(upstream:remoteref) refs/heads/Vinicius refs/remotes/Vinicius [4ms]
2023-11-04 18:44:39.781 [info] > git status -z -uall [34ms]
2023-11-04 18:44:44.819 [info] > git config --get commit.template [11ms]
2023-11-04 18:44:44.822 [info] > git for-each-ref --format=%(refname)%00%(upstream:short)%00%(objectname)%00%(upstream:track)%00%(upstream:remotename)%00%(upstream:remoteref) refs/heads/Vinicius refs/remotes/Vinicius [3ms]
2023-11-04 18:44:44.856 [info] > git status -z -uall [27ms]
2023-11-04 18:44:49.883 [info] > git config --get commit.template [15ms]
2023-11-04 18:44:49.888 [info] > git for-each-ref --format=%(refname)%00%(upstream:short)%00%(objectname)%00%(upstream:track)%00%(upstream:remotename)%00%(upstream:remoteref) refs/heads/Vinicius refs/remotes/Vinicius [6ms]
2023-11-04 18:44:49.988 [info] > git status -z -uall [91ms]
2023-11-04 18:44:55.097 [info] > git config --get commit.template [36ms]
2023-11-04 18:44:55.100 [info] > git for-each-ref --format=%(refname)%00%(upstream:short)%00%(objectname)%00%(upstream:track)%00%(upstream:remotename)%00%(upstream:remoteref) refs/heads/Vinicius refs/remotes/Vinicius [15ms]
2023-11-04 18:44:55.504 [info] > git status -z -uall [393ms]
2023-11-04 18:45:00.695 [info] > git config --get commit.template [57ms]
2023-11-04 18:45:00.724 [info] > git for-each-ref --format=%(refname)%00%(upstream:short)%00%(objectname)%00%(upstream:track)%00%(upstream:remotename)%00%(upstream:remoteref) refs/heads/Vinicius refs/remotes/Vinicius [37ms]
2023-11-04 18:45:01.034 [info] > git status -z -uall [287ms]
2023-11-04 18:45:05.622 [info] > git show --textconv :CodeIgniter/app/Views/salas_exibir.php [40ms]
2023-11-04 18:45:05.634 [info] > git ls-files --stage -- /var/www/clients/client2/web2/web/sistema/adsgrupo06/CodeIgniter/app/Views/salas_exibir.php [20ms]
2023-11-04 18:45:06.177 [info] > git config --get commit.template [20ms]
2023-11-04 18:45:06.203 [info] > git for-each-ref --format=%(refname)%00%(upstream:short)%00%(objectname)%00%(upstream:track)%00%(upstream:remotename)%00%(upstream:remoteref) refs/heads/Vinicius refs/remotes/Vinicius [27ms]
2023-11-04 18:45:06.615 [info] > git status -z -uall [399ms]
2023-11-04 18:45:11.737 [info] > git config --get commit.template [31ms]
2023-11-04 18:45:11.756 [info] > git for-each-ref --format=%(refname)%00%(upstream:short)%00%(objectname)%00%(upstream:track)%00%(upstream:remotename)%00%(upstream:remoteref) refs/heads/Vinicius refs/remotes/Vinicius [26ms]
2023-11-04 18:45:12.048 [info] > git status -z -uall [257ms]
2023-11-04 18:45:17.249 [info] > git config --get commit.template [68ms]
2023-11-04 18:45:17.250 [info] > git for-each-ref --format=%(refname)%00%(upstream:short)%00%(objectname)%00%(upstream:track)%00%(upstream:remotename)%00%(upstream:remoteref) refs/heads/Vinicius refs/remotes/Vinicius [33ms]
2023-11-04 18:45:17.586 [info] > git status -z -uall [275ms]
2023-11-04 18:45:31.068 [info] > git config --get commit.template [29ms]
2023-11-04 18:45:31.072 [info] > git for-each-ref --format=%(refname)%00%(upstream:short)%00%(objectname)%00%(upstream:track)%00%(upstream:remotename)%00%(upstream:remoteref) refs/heads/Vinicius refs/remotes/Vinicius [25ms]
2023-11-04 18:45:31.350 [info] > git status -z -uall [261ms]
2023-11-04 18:45:36.391 [info] > git config --get commit.template [8ms]
2023-11-04 18:45:36.394 [info] > git for-each-ref --format=%(refname)%00%(upstream:short)%00%(objectname)%00%(upstream:track)%00%(upstream:remotename)%00%(upstream:remoteref) refs/heads/Vinicius refs/remotes/Vinicius [4ms]
2023-11-04 18:45:36.454 [info] > git status -z -uall [55ms]
2023-11-04 18:45:41.504 [info] > git config --get commit.template [16ms]
2023-11-04 18:45:41.507 [info] > git for-each-ref --format=%(refname)%00%(upstream:short)%00%(objectname)%00%(upstream:track)%00%(upstream:remotename)%00%(upstream:remoteref) refs/heads/Vinicius refs/remotes/Vinicius [4ms]
2023-11-04 18:45:41.746 [info] > git status -z -uall [234ms]
2023-11-04 18:45:46.787 [info] > git config --get commit.template [10ms]
2023-11-04 18:45:46.789 [info] > git for-each-ref --format=%(refname)%00%(upstream:short)%00%(objectname)%00%(upstream:track)%00%(upstream:remotename)%00%(upstream:remoteref) refs/heads/Vinicius refs/remotes/Vinicius [5ms]
2023-11-04 18:45:46.838 [info] > git status -z -uall [43ms]
2023-11-04 18:45:52.074 [info] > git config --get commit.template [33ms]
2023-11-04 18:45:52.076 [info] > git for-each-ref --format=%(refname)%00%(upstream:short)%00%(objectname)%00%(upstream:track)%00%(upstream:remotename)%00%(upstream:remoteref) refs/heads/Vinicius refs/remotes/Vinicius [16ms]
2023-11-04 18:45:52.147 [info] > git status -z -uall [55ms]
2023-11-04 18:45:57.197 [info] > git config --get commit.template [8ms]
2023-11-04 18:45:57.200 [info] > git for-each-ref --format=%(refname)%00%(upstream:short)%00%(objectname)%00%(upstream:track)%00%(upstream:remotename)%00%(upstream:remoteref) refs/heads/Vinicius refs/remotes/Vinicius [4ms]
2023-11-04 18:45:57.250 [info] > git status -z -uall [43ms]
2023-11-04 18:46:02.382 [info] > git config --get commit.template [53ms]
2023-11-04 18:46:02.394 [info] > git for-each-ref --format=%(refname)%00%(upstream:short)%00%(objectname)%00%(upstream:track)%00%(upstream:remotename)%00%(upstream:remoteref) refs/heads/Vinicius refs/remotes/Vinicius [26ms]
2023-11-04 18:46:02.897 [info] > git status -z -uall [425ms]
2023-11-04 18:46:07.984 [info] > git config --get commit.template [17ms]
2023-11-04 18:46:07.988 [info] > git for-each-ref --format=%(refname)%00%(upstream:short)%00%(objectname)%00%(upstream:track)%00%(upstream:remotename)%00%(upstream:remoteref) refs/heads/Vinicius refs/remotes/Vinicius [6ms]
2023-11-04 18:46:08.120 [info] > git status -z -uall [126ms]
2023-11-04 18:46:13.159 [info] > git config --get commit.template [9ms]
2023-11-04 18:46:13.162 [info] > git for-each-ref --format=%(refname)%00%(upstream:short)%00%(objectname)%00%(upstream:track)%00%(upstream:remotename)%00%(upstream:remoteref) refs/heads/Vinicius refs/remotes/Vinicius [5ms]
2023-11-04 18:46:13.217 [info] > git status -z -uall [50ms]
2023-11-04 18:46:18.265 [info] > git config --get commit.template [8ms]
2023-11-04 18:46:18.267 [info] > git for-each-ref --format=%(refname)%00%(upstream:short)%00%(objectname)%00%(upstream:track)%00%(upstream:remotename)%00%(upstream:remoteref) refs/heads/Vinicius refs/remotes/Vinicius [3ms]
2023-11-04 18:46:18.315 [info] > git status -z -uall [43ms]
2023-11-04 18:46:25.040 [info] > git config --get commit.template [9ms]
2023-11-04 18:46:25.043 [info] > git for-each-ref --format=%(refname)%00%(upstream:short)%00%(objectname)%00%(upstream:track)%00%(upstream:remotename)%00%(upstream:remoteref) refs/heads/Vinicius refs/remotes/Vinicius [3ms]
2023-11-04 18:46:25.089 [info] > git status -z -uall [40ms]
2023-11-04 18:46:30.130 [info] > git config --get commit.template [8ms]
2023-11-04 18:46:30.132 [info] > git for-each-ref --format=%(refname)%00%(upstream:short)%00%(objectname)%00%(upstream:track)%00%(upstream:remotename)%00%(upstream:remoteref) refs/heads/Vinicius refs/remotes/Vinicius [3ms]
2023-11-04 18:46:30.180 [info] > git status -z -uall [41ms]
2023-11-04 18:46:35.234 [info] > git config --get commit.template [10ms]
2023-11-04 18:46:35.237 [info] > git for-each-ref --format=%(refname)%00%(upstream:short)%00%(objectname)%00%(upstream:track)%00%(upstream:remotename)%00%(upstream:remoteref) refs/heads/Vinicius refs/remotes/Vinicius [4ms]
2023-11-04 18:46:35.282 [info] > git status -z -uall [39ms]
2023-11-04 18:46:40.314 [info] > git config --get commit.template [8ms]
2023-11-04 18:46:40.316 [info] > git for-each-ref --format=%(refname)%00%(upstream:short)%00%(objectname)%00%(upstream:track)%00%(upstream:remotename)%00%(upstream:remoteref) refs/heads/Vinicius refs/remotes/Vinicius [3ms]
2023-11-04 18:46:40.358 [info] > git status -z -uall [37ms]
2023-11-04 18:46:46.162 [info] > git config --get commit.template [9ms]
2023-11-04 18:46:46.164 [info] > git for-each-ref --format=%(refname)%00%(upstream:short)%00%(objectname)%00%(upstream:track)%00%(upstream:remotename)%00%(upstream:remoteref) refs/heads/Vinicius refs/remotes/Vinicius [4ms]
2023-11-04 18:46:46.207 [info] > git status -z -uall [36ms]
2023-11-04 18:46:51.259 [info] > git config --get commit.template [8ms]
2023-11-04 18:46:51.261 [info] > git for-each-ref --format=%(refname)%00%(upstream:short)%00%(objectname)%00%(upstream:track)%00%(upstream:remotename)%00%(upstream:remoteref) refs/heads/Vinicius refs/remotes/Vinicius [3ms]
2023-11-04 18:46:51.300 [info] > git status -z -uall [34ms]
2023-11-04 18:46:56.334 [info] > git config --get commit.template [8ms]
2023-11-04 18:46:56.336 [info] > git for-each-ref --format=%(refname)%00%(upstream:short)%00%(objectname)%00%(upstream:track)%00%(upstream:remotename)%00%(upstream:remoteref) refs/heads/Vinicius refs/remotes/Vinicius [3ms]
2023-11-04 18:46:56.375 [info] > git status -z -uall [34ms]
2023-11-04 18:47:01.413 [info] > git config --get commit.template [12ms]
2023-11-04 18:47:01.416 [info] > git for-each-ref --format=%(refname)%00%(upstream:short)%00%(objectname)%00%(upstream:track)%00%(upstream:remotename)%00%(upstream:remoteref) refs/heads/Vinicius refs/remotes/Vinicius [4ms]
2023-11-04 18:47:01.503 [info] > git status -z -uall [79ms]
2023-11-04 18:47:14.928 [info] > git config --get commit.template [26ms]
2023-11-04 18:47:14.932 [info] > git for-each-ref --format=%(refname)%00%(upstream:short)%00%(objectname)%00%(upstream:track)%00%(upstream:remotename)%00%(upstream:remoteref) refs/heads/Vinicius refs/remotes/Vinicius [26ms]
2023-11-04 18:47:15.360 [info] > git status -z -uall [409ms]
2023-11-04 18:47:20.406 [info] > git config --get commit.template [9ms]
2023-11-04 18:47:20.409 [info] > git for-each-ref --format=%(refname)%00%(upstream:short)%00%(objectname)%00%(upstream:track)%00%(upstream:remotename)%00%(upstream:remoteref) refs/heads/Vinicius refs/remotes/Vinicius [5ms]
2023-11-04 18:47:20.481 [info] > git status -z -uall [66ms]
2023-11-04 18:47:25.638 [info] > git config --get commit.template [23ms]
2023-11-04 18:47:25.642 [info] > git for-each-ref --format=%(refname)%00%(upstream:short)%00%(objectname)%00%(upstream:track)%00%(upstream:remotename)%00%(upstream:remoteref) refs/heads/Vinicius refs/remotes/Vinicius [16ms]
2023-11-04 18:47:25.842 [info] > git status -z -uall [185ms]
2023-11-04 18:47:36.025 [info] > git config --get commit.template [13ms]
2023-11-04 18:47:36.029 [info] > git for-each-ref --format=%(refname)%00%(upstream:short)%00%(objectname)%00%(upstream:track)%00%(upstream:remotename)%00%(upstream:remoteref) refs/heads/Vinicius refs/remotes/Vinicius [6ms]
2023-11-04 18:47:36.125 [info] > git status -z -uall [88ms]
2023-11-04 18:47:41.169 [info] > git config --get commit.template [9ms]
2023-11-04 18:47:41.171 [info] > git for-each-ref --format=%(refname)%00%(upstream:short)%00%(objectname)%00%(upstream:track)%00%(upstream:remotename)%00%(upstream:remoteref) refs/heads/Vinicius refs/remotes/Vinicius [3ms]
2023-11-04 18:47:41.217 [info] > git status -z -uall [40ms]
2023-11-04 18:47:46.255 [info] > git config --get commit.template [8ms]
2023-11-04 18:47:46.257 [info] > git for-each-ref --format=%(refname)%00%(upstream:short)%00%(objectname)%00%(upstream:track)%00%(upstream:remotename)%00%(upstream:remoteref) refs/heads/Vinicius refs/remotes/Vinicius [4ms]
2023-11-04 18:47:46.301 [info] > git status -z -uall [39ms]
2023-11-04 18:47:51.332 [info] > git config --get commit.template [8ms]
2023-11-04 18:47:51.334 [info] > git for-each-ref --format=%(refname)%00%(upstream:short)%00%(objectname)%00%(upstream:track)%00%(upstream:remotename)%00%(upstream:remoteref) refs/heads/Vinicius refs/remotes/Vinicius [3ms]
2023-11-04 18:47:51.372 [info] > git status -z -uall [32ms]
2023-11-04 18:47:56.415 [info] > git config --get commit.template [8ms]
2023-11-04 18:47:56.417 [info] > git for-each-ref --format=%(refname)%00%(upstream:short)%00%(objectname)%00%(upstream:track)%00%(upstream:remotename)%00%(upstream:remoteref) refs/heads/Vinicius refs/remotes/Vinicius [3ms]
2023-11-04 18:47:56.473 [info] > git status -z -uall [49ms]
2023-11-04 18:48:01.558 [info] > git config --get commit.template [31ms]
2023-11-04 18:48:01.561 [info] > git for-each-ref --format=%(refname)%00%(upstream:short)%00%(objectname)%00%(upstream:track)%00%(upstream:remotename)%00%(upstream:remoteref) refs/heads/Vinicius refs/remotes/Vinicius [4ms]
2023-11-04 18:48:01.995 [info] > git status -z -uall [427ms]
2023-11-04 18:48:07.064 [info] > git config --get commit.template [9ms]
2023-11-04 18:48:07.067 [info] > git for-each-ref --format=%(refname)%00%(upstream:short)%00%(objectname)%00%(upstream:track)%00%(upstream:remotename)%00%(upstream:remoteref) refs/heads/Vinicius refs/remotes/Vinicius [4ms]
2023-11-04 18:48:07.118 [info] > git status -z -uall [45ms]
2023-11-04 18:48:12.152 [info] > git config --get commit.template [9ms]
2023-11-04 18:48:12.154 [info] > git for-each-ref --format=%(refname)%00%(upstream:short)%00%(objectname)%00%(upstream:track)%00%(upstream:remotename)%00%(upstream:remoteref) refs/heads/Vinicius refs/remotes/Vinicius [3ms]
2023-11-04 18:48:12.199 [info] > git status -z -uall [39ms]
2023-11-04 18:48:17.237 [info] > git config --get commit.template [8ms]
2023-11-04 18:48:17.239 [info] > git for-each-ref --format=%(refname)%00%(upstream:short)%00%(objectname)%00%(upstream:track)%00%(upstream:remotename)%00%(upstream:remoteref) refs/heads/Vinicius refs/remotes/Vinicius [4ms]
2023-11-04 18:48:17.278 [info] > git status -z -uall [33ms]
2023-11-04 18:48:22.312 [info] > git config --get commit.template [9ms]
2023-11-04 18:48:22.314 [info] > git for-each-ref --format=%(refname)%00%(upstream:short)%00%(objectname)%00%(upstream:track)%00%(upstream:remotename)%00%(upstream:remoteref) refs/heads/Vinicius refs/remotes/Vinicius [3ms]
2023-11-04 18:48:22.356 [info] > git status -z -uall [36ms]
2023-11-04 18:48:27.415 [info] > git config --get commit.template [10ms]
2023-11-04 18:48:27.418 [info] > git for-each-ref --format=%(refname)%00%(upstream:short)%00%(objectname)%00%(upstream:track)%00%(upstream:remotename)%00%(upstream:remoteref) refs/heads/Vinicius refs/remotes/Vinicius [3ms]
2023-11-04 18:48:27.463 [info] > git status -z -uall [40ms]
2023-11-04 18:48:32.494 [info] > git config --get commit.template [8ms]
2023-11-04 18:48:32.496 [info] > git for-each-ref --format=%(refname)%00%(upstream:short)%00%(objectname)%00%(upstream:track)%00%(upstream:remotename)%00%(upstream:remoteref) refs/heads/Vinicius refs/remotes/Vinicius [3ms]
2023-11-04 18:48:32.535 [info] > git status -z -uall [33ms]
2023-11-04 18:48:37.572 [info] > git config --get commit.template [8ms]
2023-11-04 18:48:37.575 [info] > git for-each-ref --format=%(refname)%00%(upstream:short)%00%(objectname)%00%(upstream:track)%00%(upstream:remotename)%00%(upstream:remoteref) refs/heads/Vinicius refs/remotes/Vinicius [3ms]
2023-11-04 18:48:37.614 [info] > git status -z -uall [34ms]
2023-11-04 18:48:42.649 [info] > git config --get commit.template [8ms]
2023-11-04 18:48:42.651 [info] > git for-each-ref --format=%(refname)%00%(upstream:short)%00%(objectname)%00%(upstream:track)%00%(upstream:remotename)%00%(upstream:remoteref) refs/heads/Vinicius refs/remotes/Vinicius [3ms]
2023-11-04 18:48:42.692 [info] > git status -z -uall [36ms]
2023-11-04 18:48:47.735 [info] > git config --get commit.template [12ms]
2023-11-04 18:48:47.738 [info] > git for-each-ref --format=%(refname)%00%(upstream:short)%00%(objectname)%00%(upstream:track)%00%(upstream:remotename)%00%(upstream:remoteref) refs/heads/Vinicius refs/remotes/Vinicius [4ms]
2023-11-04 18:48:47.796 [info] > git status -z -uall [49ms]
2023-11-04 18:48:52.878 [info] > git config --get commit.template [12ms]
2023-11-04 18:48:52.881 [info] > git for-each-ref --format=%(refname)%00%(upstream:short)%00%(objectname)%00%(upstream:track)%00%(upstream:remotename)%00%(upstream:remoteref) refs/heads/Vinicius refs/remotes/Vinicius [4ms]
2023-11-04 18:48:52.938 [info] > git status -z -uall [49ms]
2023-11-04 18:48:59.516 [info] > git config --get commit.template [9ms]
2023-11-04 18:48:59.518 [info] > git for-each-ref --format=%(refname)%00%(upstream:short)%00%(objectname)%00%(upstream:track)%00%(upstream:remotename)%00%(upstream:remoteref) refs/heads/Vinicius refs/remotes/Vinicius [3ms]
2023-11-04 18:48:59.563 [info] > git status -z -uall [39ms]
2023-11-04 18:53:08.699 [info] > git config --get commit.template [25ms]
2023-11-04 18:53:08.703 [info] > git for-each-ref --format=%(refname)%00%(upstream:short)%00%(objectname)%00%(upstream:track)%00%(upstream:remotename)%00%(upstream:remoteref) refs/heads/Vinicius refs/remotes/Vinicius [21ms]
2023-11-04 18:53:09.132 [info] > git status -z -uall [423ms]
2023-11-04 18:53:12.339 [info] > git check-ignore -v -z --stdin [5ms]
2023-11-04 18:53:14.177 [info] > git config --get commit.template [8ms]
2023-11-04 18:53:14.180 [info] > git for-each-ref --format=%(refname)%00%(upstream:short)%00%(objectname)%00%(upstream:track)%00%(upstream:remotename)%00%(upstream:remoteref) refs/heads/Vinicius refs/remotes/Vinicius [2ms]
2023-11-04 18:53:14.222 [info] > git status -z -uall [37ms]
2023-11-04 18:53:19.257 [info] > git config --get commit.template [11ms]
2023-11-04 18:53:19.260 [info] > git for-each-ref --format=%(refname)%00%(upstream:short)%00%(objectname)%00%(upstream:track)%00%(upstream:remotename)%00%(upstream:remoteref) refs/heads/Vinicius refs/remotes/Vinicius [5ms]
2023-11-04 18:53:19.311 [info] > git status -z -uall [45ms]
2023-11-04 18:53:24.390 [info] > git config --get commit.template [27ms]
2023-11-04 18:53:24.394 [info] > git for-each-ref --format=%(refname)%00%(upstream:short)%00%(objectname)%00%(upstream:track)%00%(upstream:remotename)%00%(upstream:remoteref) refs/heads/Vinicius refs/remotes/Vinicius [6ms]
2023-11-04 18:53:24.467 [info] > git status -z -uall [64ms]
