[Info  - 11:23:43 AM] Initialising intelephense 1.10.1
[Info  - 11:23:43 AM] Reading state from /var/www/clients/client2/web2/web/sistema/adsgrupo06/.vscode-server/data/User/workspaceStorage/9b3cef0c395bd085f4695430ae95afb4/bmewburn.vscode-intelephense-client/2c48acd2.
[Info  - 11:23:46 AM] Initialised in 2664 ms
[Info  - 11:23:47 AM] Searching file:///var/www/clients/client2/web2/web/sistema/adsgrupo06/.vscode-server/extensions/bmewburn.vscode-intelephense-client-1.10.1/node_modules/intelephense/lib/stub for files to index.
[Info  - 11:23:47 AM] Searching file:///var/www/clients/client2/web2/web/sistema/adsgrupo06 for files to index.
[Info  - 11:23:47 AM] Indexing started.
[Info  - 11:23:48 AM] Indexing ended. 2199 files indexed in 0s.
[Info  - 11:23:48 AM] Writing state to /var/www/clients/client2/web2/web/sistema/adsgrupo06/.vscode-server/data/User/workspaceStorage/9b3cef0c395bd085f4695430ae95afb4/bmewburn.vscode-intelephense-client/2c48acd2.
[Info  - 11:23:49 AM] Wrote state in 0.9s.
[Info  - 11:27:46 AM] Indexing started.
[Info  - 11:27:46 AM] Indexing ended. 1 files indexed in 0s.
[Info  - 11:27:54 AM] Searching file:///var/www/clients/client2/web2/web/sistema/adsgrupo06/.vscode-server/data/User/History/56124c40 for files to index.
[Info  - 11:35:01 AM] Indexing started.
[Info  - 11:35:02 AM] Indexing ended. 1 files indexed in 0s.
[Info  - 11:37:01 AM] Indexing started.
[Info  - 11:37:01 AM] Indexing ended. 1 files indexed in 0s.
[Info  - 11:38:18 AM] Indexing started.
[Info  - 11:38:19 AM] Indexing ended. 1 files indexed in 0s.
[Info  - 11:42:29 AM] Indexing started.
[Info  - 11:42:29 AM] Indexing ended. 1 files indexed in 0s.
[Info  - 12:26:41 PM] Indexing started.
[Info  - 12:26:41 PM] Indexing ended. 1 files indexed in 0s.
[Info  - 12:27:12 PM] Searching file:///var/www/clients/client2/web2/web/sistema/adsgrupo06/.vscode-server/data/User/History/-2e65127e for files to index.
[Info  - 12:29:43 PM] Indexing started.
[Info  - 12:29:43 PM] Indexing ended. 2 files indexed in 0s.
[Info  - 12:29:44 PM] Searching file:///var/www/clients/client2/web2/web/sistema/adsgrupo06/.vscode-server/data/User/History/2608676b for files to index.
[Info  - 12:32:45 PM] Indexing started.
[Info  - 12:32:45 PM] Indexing ended. 1 files indexed in 0s.
[Info  - 12:32:54 PM] Indexing started.
[Info  - 12:32:54 PM] Indexing ended. 1 files indexed in 0s.
[Info  - 12:33:08 PM] Indexing started.
[Info  - 12:33:08 PM] Indexing ended. 1 files indexed in 0s.
[Info  - 12:38:49 PM] Searching file:///var/www/clients/client2/web2/web/sistema/adsgrupo06/.vscode-server/data/User/History/7cd48ef8 for files to index.
[Info  - 12:41:04 PM] Indexing started.
[Info  - 12:41:04 PM] Indexing ended. 2 files indexed in 0s.
[Info  - 12:41:06 PM] Searching file:///var/www/clients/client2/web2/web/sistema/adsgrupo06/.vscode-server/data/User/History/-2e65127e for files to index.
[Info  - 12:43:42 PM] Indexing started.
[Info  - 12:43:42 PM] Indexing ended. 1 files indexed in 0s.
