CRITICAL - 2023-11-15 12:23:14 --> Class 'App\Models\Salamodel' not found
#0 /var/www/clients/client2/web2/web/sistema/adsgrupo06/CodeIgniter/system/CodeIgniter.php(832): App\Controllers\Sala->editar('1')
#1 /var/www/clients/client2/web2/web/sistema/adsgrupo06/CodeIgniter/system/CodeIgniter.php(419): CodeIgniter\CodeIgniter->runController(Object(App\Controllers\Sala))
#2 /var/www/clients/client2/web2/web/sistema/adsgrupo06/CodeIgniter/system/CodeIgniter.php(326): CodeIgniter\CodeIgniter->handleRequest(NULL, Object(Config\Cache), false)
#3 /var/www/clients/client2/web2/web/sistema/adsgrupo06/CodeIgniter/public/index.php(37): CodeIgniter\CodeIgniter->run()
#4 {main}
CRITICAL - 2023-11-15 12:23:22 --> Too few arguments to function App\Controllers\Sala::editar(), 0 passed in /var/www/clients/client2/web2/web/sistema/adsgrupo06/CodeIgniter/system/CodeIgniter.php on line 832 and exactly 1 expected
#0 /var/www/clients/client2/web2/web/sistema/adsgrupo06/CodeIgniter/system/CodeIgniter.php(832): App\Controllers\Sala->editar()
#1 /var/www/clients/client2/web2/web/sistema/adsgrupo06/CodeIgniter/system/CodeIgniter.php(419): CodeIgniter\CodeIgniter->runController(Object(App\Controllers\Sala))
#2 /var/www/clients/client2/web2/web/sistema/adsgrupo06/CodeIgniter/system/CodeIgniter.php(326): CodeIgniter\CodeIgniter->handleRequest(NULL, Object(Config\Cache), false)
#3 /var/www/clients/client2/web2/web/sistema/adsgrupo06/CodeIgniter/public/index.php(37): CodeIgniter\CodeIgniter->run()
#4 {main}
CRITICAL - 2023-11-15 12:25:35 --> Class 'App\Models\Salamodel' not found
#0 /var/www/clients/client2/web2/web/sistema/adsgrupo06/CodeIgniter/system/CodeIgniter.php(832): App\Controllers\Sala->listar()
#1 /var/www/clients/client2/web2/web/sistema/adsgrupo06/CodeIgniter/system/CodeIgniter.php(419): CodeIgniter\CodeIgniter->runController(Object(App\Controllers\Sala))
#2 /var/www/clients/client2/web2/web/sistema/adsgrupo06/CodeIgniter/system/CodeIgniter.php(326): CodeIgniter\CodeIgniter->handleRequest(NULL, Object(Config\Cache), false)
#3 /var/www/clients/client2/web2/web/sistema/adsgrupo06/CodeIgniter/public/index.php(37): CodeIgniter\CodeIgniter->run()
#4 {main}
CRITICAL - 2023-11-15 12:28:32 --> Class 'App\Models\Salamodel' not found
#0 /var/www/clients/client2/web2/web/sistema/adsgrupo06/CodeIgniter/system/CodeIgniter.php(832): App\Controllers\Sala->editar('1')
#1 /var/www/clients/client2/web2/web/sistema/adsgrupo06/CodeIgniter/system/CodeIgniter.php(419): CodeIgniter\CodeIgniter->runController(Object(App\Controllers\Sala))
#2 /var/www/clients/client2/web2/web/sistema/adsgrupo06/CodeIgniter/system/CodeIgniter.php(326): CodeIgniter\CodeIgniter->handleRequest(NULL, Object(Config\Cache), false)
#3 /var/www/clients/client2/web2/web/sistema/adsgrupo06/CodeIgniter/public/index.php(37): CodeIgniter\CodeIgniter->run()
#4 {main}
CRITICAL - 2023-11-15 12:28:41 --> Class 'App\Models\Salamodel' not found
#0 /var/www/clients/client2/web2/web/sistema/adsgrupo06/CodeIgniter/system/CodeIgniter.php(832): App\Controllers\Sala->listar()
#1 /var/www/clients/client2/web2/web/sistema/adsgrupo06/CodeIgniter/system/CodeIgniter.php(419): CodeIgniter\CodeIgniter->runController(Object(App\Controllers\Sala))
#2 /var/www/clients/client2/web2/web/sistema/adsgrupo06/CodeIgniter/system/CodeIgniter.php(326): CodeIgniter\CodeIgniter->handleRequest(NULL, Object(Config\Cache), false)
#3 /var/www/clients/client2/web2/web/sistema/adsgrupo06/CodeIgniter/public/index.php(37): CodeIgniter\CodeIgniter->run()
#4 {main}
CRITICAL - 2023-11-15 12:28:46 --> Too few arguments to function App\Controllers\Sala::editar(), 0 passed in /var/www/clients/client2/web2/web/sistema/adsgrupo06/CodeIgniter/system/CodeIgniter.php on line 832 and exactly 1 expected
#0 /var/www/clients/client2/web2/web/sistema/adsgrupo06/CodeIgniter/system/CodeIgniter.php(832): App\Controllers\Sala->editar()
#1 /var/www/clients/client2/web2/web/sistema/adsgrupo06/CodeIgniter/system/CodeIgniter.php(419): CodeIgniter\CodeIgniter->runController(Object(App\Controllers\Sala))
#2 /var/www/clients/client2/web2/web/sistema/adsgrupo06/CodeIgniter/system/CodeIgniter.php(326): CodeIgniter\CodeIgniter->handleRequest(NULL, Object(Config\Cache), false)
#3 /var/www/clients/client2/web2/web/sistema/adsgrupo06/CodeIgniter/public/index.php(37): CodeIgniter\CodeIgniter->run()
#4 {main}
CRITICAL - 2023-11-15 12:28:50 --> Class 'App\Models\Salamodel' not found
#0 /var/www/clients/client2/web2/web/sistema/adsgrupo06/CodeIgniter/system/CodeIgniter.php(832): App\Controllers\Sala->editar('1')
#1 /var/www/clients/client2/web2/web/sistema/adsgrupo06/CodeIgniter/system/CodeIgniter.php(419): CodeIgniter\CodeIgniter->runController(Object(App\Controllers\Sala))
#2 /var/www/clients/client2/web2/web/sistema/adsgrupo06/CodeIgniter/system/CodeIgniter.php(326): CodeIgniter\CodeIgniter->handleRequest(NULL, Object(Config\Cache), false)
#3 /var/www/clients/client2/web2/web/sistema/adsgrupo06/CodeIgniter/public/index.php(37): CodeIgniter\CodeIgniter->run()
#4 {main}
