2023-11-20 16:54:11.767 [info] Log level: Info
2023-11-20 16:54:11.767 [info] Validating found git in: "git"
2023-11-20 16:54:11.767 [info] Using git "2.20.1" from "git"
2023-11-20 16:54:11.767 [info] > git rev-parse --show-toplevel [22ms]
2023-11-20 16:54:11.767 [info] > git rev-parse --git-dir --git-common-dir [40ms]
2023-11-20 16:54:11.767 [info] Open repository: /var/www/clients/client2/web2/web/sistema/adsgrupo06
2023-11-20 16:54:11.771 [info] > git config --get commit.template [35ms]
2023-11-20 16:54:11.779 [info] > git rev-parse --show-toplevel [15ms]
2023-11-20 16:54:12.059 [info] > git for-each-ref --format=%(refname)%00%(upstream:short)%00%(objectname)%00%(upstream:track)%00%(upstream:remotename)%00%(upstream:remoteref) refs/heads/Vinicius refs/remotes/Vinicius [264ms]
2023-11-20 16:54:12.075 [info] > git rev-parse --show-toplevel [19ms]
2023-11-20 16:54:12.111 [info] > git rev-parse --show-toplevel [16ms]
2023-11-20 16:54:12.311 [info] > git rev-parse --show-toplevel [35ms]
2023-11-20 16:54:12.364 [info] > git rev-parse --show-toplevel [18ms]
2023-11-20 16:54:12.394 [info] > git rev-parse --show-toplevel [13ms]
2023-11-20 16:54:12.414 [info] > git rev-parse --show-toplevel [9ms]
2023-11-20 16:54:12.438 [info] > git rev-parse --show-toplevel [13ms]
2023-11-20 16:54:12.470 [info] > git rev-parse --show-toplevel [22ms]
2023-11-20 16:54:12.600 [info] > git status -z -uall [527ms]
2023-11-20 16:54:15.262 [info] > git show --textconv :CodeIgniter/.no-header.php-cs-fixer.dist.php [2676ms]
2023-11-20 16:54:15.264 [info] > git check-ignore -v -z --stdin [2210ms]
2023-11-20 16:54:15.399 [info] > git ls-files --stage -- /var/www/clients/client2/web2/web/sistema/adsgrupo06/CodeIgniter/.no-header.php-cs-fixer.dist.php [2801ms]
2023-11-20 16:54:15.453 [info] > git config --get commit.template [240ms]
2023-11-20 16:54:15.521 [info] > git for-each-ref --format=%(refname)%00%(upstream:short)%00%(objectname)%00%(upstream:track)%00%(upstream:remotename)%00%(upstream:remoteref) refs/heads/Vinicius refs/remotes/Vinicius [50ms]
2023-11-20 16:54:15.542 [info] > git cat-file -s 9417a859e07efcd983ba74eae0e73c8a79a23b93 [116ms]
2023-11-20 16:54:15.923 [info] > git status -z -uall [381ms]
2023-11-20 16:54:17.631 [info] > git check-ignore -v -z --stdin [1281ms]
2023-11-20 16:54:18.803 [info] > git show --textconv :CodeIgniter/app/Views/salas_editar_selecao.php [86ms]
2023-11-20 16:54:18.805 [info] > git ls-files --stage -- /var/www/clients/client2/web2/web/sistema/adsgrupo06/CodeIgniter/app/Views/salas_editar_selecao.php [79ms]
2023-11-20 16:54:18.850 [info] > git cat-file -s 31578edb9b46ae9eace253564de2534c764dbb2c [16ms]
2023-11-20 16:54:19.382 [info] > git check-ignore -v -z --stdin [21ms]
2023-11-20 16:54:20.066 [info] > git show --textconv :CodeIgniter/app/Views/salasdel.php [29ms]
2023-11-20 16:54:20.074 [info] > git ls-files --stage -- /var/www/clients/client2/web2/web/sistema/adsgrupo06/CodeIgniter/app/Views/salasdel.php [11ms]
2023-11-20 16:54:22.252 [info] > git config --get commit.template [10ms]
2023-11-20 16:54:22.262 [info] > git for-each-ref --format=%(refname)%00%(upstream:short)%00%(objectname)%00%(upstream:track)%00%(upstream:remotename)%00%(upstream:remoteref) refs/heads/Vinicius refs/remotes/Vinicius [12ms]
2023-11-20 16:54:22.550 [info] > git status -z -uall [272ms]
2023-11-20 16:54:42.742 [info] > git config --get commit.template [39ms]
2023-11-20 16:54:42.749 [info] > git for-each-ref --format=%(refname)%00%(upstream:short)%00%(objectname)%00%(upstream:track)%00%(upstream:remotename)%00%(upstream:remoteref) refs/heads/Vinicius refs/remotes/Vinicius [16ms]
2023-11-20 16:54:43.033 [info] > git status -z -uall [271ms]
2023-11-20 16:55:07.321 [info] > git config --get commit.template [29ms]
2023-11-20 16:55:07.327 [info] > git for-each-ref --format=%(refname)%00%(upstream:short)%00%(objectname)%00%(upstream:track)%00%(upstream:remotename)%00%(upstream:remoteref) refs/heads/Vinicius refs/remotes/Vinicius [10ms]
2023-11-20 16:55:07.559 [info] > git status -z -uall [219ms]
2023-11-20 16:55:11.750 [info] > git check-ignore -v -z --stdin [18ms]
2023-11-20 16:55:12.750 [info] > git config --get commit.template [13ms]
2023-11-20 16:55:12.755 [info] > git for-each-ref --format=%(refname)%00%(upstream:short)%00%(objectname)%00%(upstream:track)%00%(upstream:remotename)%00%(upstream:remoteref) refs/heads/Vinicius refs/remotes/Vinicius [7ms]
2023-11-20 16:55:12.881 [info] > git status -z -uall [120ms]
2023-11-20 16:55:14.737 [info] > git show --textconv :CodeIgniter/app/Controllers/SalasDeletar.php [14ms]
2023-11-20 16:55:14.743 [info] > git ls-files --stage -- /var/www/clients/client2/web2/web/sistema/adsgrupo06/CodeIgniter/app/Controllers/SalasDeletar.php [8ms]
2023-11-20 16:55:18.007 [info] > git config --get commit.template [10ms]
2023-11-20 16:55:18.010 [info] > git for-each-ref --format=%(refname)%00%(upstream:short)%00%(objectname)%00%(upstream:track)%00%(upstream:remotename)%00%(upstream:remoteref) refs/heads/Vinicius refs/remotes/Vinicius [4ms]
2023-11-20 16:55:18.123 [info] > git status -z -uall [105ms]
2023-11-20 16:55:46.699 [info] > git config --get commit.template [20ms]
2023-11-20 16:55:46.705 [info] > git for-each-ref --format=%(refname)%00%(upstream:short)%00%(objectname)%00%(upstream:track)%00%(upstream:remotename)%00%(upstream:remoteref) refs/heads/Vinicius refs/remotes/Vinicius [21ms]
2023-11-20 16:55:46.814 [info] > git status -z -uall [103ms]
2023-11-20 16:55:51.434 [info] > git show --textconv :CodeIgniter/app/Views/salasdel.php [33ms]
2023-11-20 16:55:51.442 [info] > git ls-files --stage -- /var/www/clients/client2/web2/web/sistema/adsgrupo06/CodeIgniter/app/Views/salasdel.php [33ms]
2023-11-20 16:55:51.962 [info] > git config --get commit.template [11ms]
2023-11-20 16:55:51.969 [info] > git for-each-ref --format=%(refname)%00%(upstream:short)%00%(objectname)%00%(upstream:track)%00%(upstream:remotename)%00%(upstream:remoteref) refs/heads/Vinicius refs/remotes/Vinicius [8ms]
2023-11-20 16:55:52.190 [info] > git status -z -uall [213ms]
2023-11-20 16:55:57.336 [info] > git config --get commit.template [10ms]
2023-11-20 16:55:57.341 [info] > git for-each-ref --format=%(refname)%00%(upstream:short)%00%(objectname)%00%(upstream:track)%00%(upstream:remotename)%00%(upstream:remoteref) refs/heads/Vinicius refs/remotes/Vinicius [6ms]
2023-11-20 16:55:57.436 [info] > git status -z -uall [88ms]
2023-11-20 16:56:02.589 [info] > git config --get commit.template [25ms]
2023-11-20 16:56:02.597 [info] > git for-each-ref --format=%(refname)%00%(upstream:short)%00%(objectname)%00%(upstream:track)%00%(upstream:remotename)%00%(upstream:remoteref) refs/heads/Vinicius refs/remotes/Vinicius [16ms]
2023-11-20 16:56:02.900 [info] > git status -z -uall [294ms]
2023-11-20 16:56:08.114 [info] > git config --get commit.template [14ms]
2023-11-20 16:56:08.120 [info] > git for-each-ref --format=%(refname)%00%(upstream:short)%00%(objectname)%00%(upstream:track)%00%(upstream:remotename)%00%(upstream:remoteref) refs/heads/Vinicius refs/remotes/Vinicius [9ms]
2023-11-20 16:56:08.228 [info] > git status -z -uall [101ms]
2023-11-20 16:56:13.347 [info] > git config --get commit.template [9ms]
2023-11-20 16:56:13.350 [info] > git for-each-ref --format=%(refname)%00%(upstream:short)%00%(objectname)%00%(upstream:track)%00%(upstream:remotename)%00%(upstream:remoteref) refs/heads/Vinicius refs/remotes/Vinicius [5ms]
2023-11-20 16:56:13.436 [info] > git status -z -uall [79ms]
2023-11-20 16:57:41.891 [info] > git config --get commit.template [10ms]
2023-11-20 16:57:41.896 [info] > git for-each-ref --format=%(refname)%00%(upstream:short)%00%(objectname)%00%(upstream:track)%00%(upstream:remotename)%00%(upstream:remoteref) refs/heads/Vinicius refs/remotes/Vinicius [7ms]
2023-11-20 16:57:42.000 [info] > git status -z -uall [97ms]
