2023-10-28 20:50:48.697 [info] Log level: Info
2023-10-28 20:50:48.697 [info] Validating found git in: "git"
2023-10-28 20:50:48.697 [info] Using git "2.20.1" from "git"
2023-10-28 20:50:48.697 [info] > git rev-parse --show-toplevel [7ms]
2023-10-28 20:50:48.697 [info] fatal: not a git repository (or any of the parent directories): .git
2023-10-28 20:50:48.697 [info] > git rev-parse --show-toplevel [2ms]
2023-10-28 20:50:48.697 [info] fatal: not a git repository (or any of the parent directories): .git
2023-10-28 20:50:48.697 [info] > git rev-parse --show-toplevel [2ms]
2023-10-28 20:50:48.697 [info] fatal: not a git repository (or any of the parent directories): .git
2023-10-28 20:50:48.697 [info] > git rev-parse --show-toplevel [2ms]
2023-10-28 20:50:48.697 [info] fatal: not a git repository (or any of the parent directories): .git
2023-10-28 20:50:48.697 [info] > git rev-parse --show-toplevel [2ms]
2023-10-28 20:50:48.697 [info] fatal: not a git repository (or any of the parent directories): .git
2023-10-28 20:50:48.697 [info] > git rev-parse --show-toplevel [2ms]
2023-10-28 20:50:48.697 [info] fatal: not a git repository (or any of the parent directories): .git
2023-10-28 20:50:48.697 [info] > git rev-parse --show-toplevel [1ms]
2023-10-28 20:50:48.697 [info] fatal: not a git repository (or any of the parent directories): .git
2023-10-28 20:50:48.697 [info] > git rev-parse --show-toplevel [2ms]
2023-10-28 20:50:48.697 [info] fatal: not a git repository (or any of the parent directories): .git
2023-10-28 20:50:48.697 [info] > git rev-parse --show-toplevel [2ms]
2023-10-28 20:50:48.697 [info] fatal: not a git repository (or any of the parent directories): .git
2023-10-28 20:50:48.697 [info] > git rev-parse --show-toplevel [4ms]
2023-10-28 20:50:48.697 [info] fatal: not a git repository (or any of the parent directories): .git
2023-10-28 20:50:57.920 [info] > git rev-parse --show-toplevel [7ms]
2023-10-28 20:50:57.920 [info] fatal: not a git repository (or any of the parent directories): .git
2023-10-28 20:51:29.035 [info] > git rev-parse --show-toplevel [4ms]
2023-10-28 20:51:29.036 [info] fatal: not a git repository (or any of the parent directories): .git
2023-10-28 20:51:40.066 [info] > git rev-parse --show-toplevel [6ms]
2023-10-28 20:51:40.066 [info] fatal: not a git repository (or any of the parent directories): .git
2023-10-28 20:51:44.718 [info] > git rev-parse --show-toplevel [8ms]
2023-10-28 20:51:44.718 [info] fatal: not a git repository (or any of the parent directories): .git
2023-10-28 20:51:54.194 [info] > git rev-parse --show-toplevel [2ms]
2023-10-28 20:51:54.204 [info] > git rev-parse --git-dir --git-common-dir [2ms]
2023-10-28 20:51:54.218 [info] Open repository: /var/www/clients/client2/web2/web/sistema/adsgrupo06
2023-10-28 20:51:54.238 [info] No remotes found in the git config file.
2023-10-28 20:51:54.239 [info] > git config --get commit.template [12ms]
2023-10-28 20:51:54.241 [info] > git for-each-ref --format=%(refname)%00%(upstream:short)%00%(objectname)%00%(upstream:track)%00%(upstream:remotename)%00%(upstream:remoteref) refs/heads/master refs/remotes/master [5ms]
2023-10-28 20:51:54.486 [info] > git status -z -uall [238ms]
2023-10-28 20:51:54.606 [info] No remotes found in the git config file.
2023-10-28 20:51:55.198 [info] > git for-each-ref --format=%(refname)%00%(upstream:short)%00%(objectname)%00%(upstream:track)%00%(upstream:remotename)%00%(upstream:remoteref) refs/heads/master refs/remotes/master [593ms]
2023-10-28 20:51:55.198 [info] > git config --get commit.template [602ms]
2023-10-28 20:51:55.241 [info] > git check-ignore -v -z --stdin [19ms]
2023-10-28 20:51:55.281 [info] > git status -z -uall [74ms]
2023-10-28 20:51:56.191 [info] > git show --textconv :grupo/index.php [13ms]
2023-10-28 20:51:56.199 [info] > git ls-files --stage -- /var/www/clients/client2/web2/web/sistema/adsgrupo06/grupo/index.php [12ms]
2023-10-28 20:52:00.383 [info] No remotes found in the git config file.
2023-10-28 20:52:00.386 [info] > git config --get commit.template [15ms]
2023-10-28 20:52:00.388 [info] > git for-each-ref --format=%(refname)%00%(upstream:short)%00%(objectname)%00%(upstream:track)%00%(upstream:remotename)%00%(upstream:remoteref) refs/heads/master refs/remotes/master [6ms]
2023-10-28 20:52:00.420 [info] > git status -z -uall [23ms]
2023-10-28 20:53:02.858 [info] No remotes found in the git config file.
2023-10-28 20:53:02.871 [info] > git config --get commit.template [21ms]
2023-10-28 20:53:02.872 [info] > git for-each-ref --format=%(refname)%00%(upstream:short)%00%(objectname)%00%(upstream:track)%00%(upstream:remotename)%00%(upstream:remoteref) refs/heads/master refs/remotes/master [15ms]
2023-10-28 20:53:03.114 [info] > git status -z -uall [235ms]
2023-10-28 20:53:08.212 [info] No remotes found in the git config file.
2023-10-28 20:53:08.215 [info] > git config --get commit.template [17ms]
2023-10-28 20:53:08.215 [info] > git for-each-ref --format=%(refname)%00%(upstream:short)%00%(objectname)%00%(upstream:track)%00%(upstream:remotename)%00%(upstream:remoteref) refs/heads/master refs/remotes/master [4ms]
2023-10-28 20:53:08.243 [info] > git status -z -uall [21ms]
2023-10-28 20:56:14.784 [info] No remotes found in the git config file.
2023-10-28 20:56:14.788 [info] > git config --get commit.template [12ms]
2023-10-28 20:56:14.790 [info] > git for-each-ref --format=%(refname)%00%(upstream:short)%00%(objectname)%00%(upstream:track)%00%(upstream:remotename)%00%(upstream:remoteref) refs/heads/master refs/remotes/master [8ms]
2023-10-28 20:56:14.820 [info] > git status -z -uall [24ms]
2023-10-28 20:56:21.108 [info] No remotes found in the git config file.
2023-10-28 20:56:21.110 [info] > git config --get commit.template [12ms]
2023-10-28 20:56:21.113 [info] > git for-each-ref --format=%(refname)%00%(upstream:short)%00%(objectname)%00%(upstream:track)%00%(upstream:remotename)%00%(upstream:remoteref) refs/heads/master refs/remotes/master [5ms]
2023-10-28 20:56:21.141 [info] > git status -z -uall [21ms]
2023-10-28 20:56:27.605 [info] No remotes found in the git config file.
2023-10-28 20:56:27.607 [info] > git config --get commit.template [9ms]
2023-10-28 20:56:27.608 [info] > git for-each-ref --format=%(refname)%00%(upstream:short)%00%(objectname)%00%(upstream:track)%00%(upstream:remotename)%00%(upstream:remoteref) refs/heads/master refs/remotes/master [3ms]
2023-10-28 20:56:27.636 [info] > git status -z -uall [22ms]
2023-10-28 20:56:32.699 [info] No remotes found in the git config file.
2023-10-28 20:56:32.700 [info] > git config --get commit.template [10ms]
2023-10-28 20:56:32.702 [info] > git for-each-ref --format=%(refname)%00%(upstream:short)%00%(objectname)%00%(upstream:track)%00%(upstream:remotename)%00%(upstream:remoteref) refs/heads/master refs/remotes/master [4ms]
2023-10-28 20:56:32.731 [info] > git status -z -uall [22ms]
2023-10-28 20:56:37.833 [info] No remotes found in the git config file.
2023-10-28 20:56:37.834 [info] > git config --get commit.template [18ms]
2023-10-28 20:56:37.839 [info] > git for-each-ref --format=%(refname)%00%(upstream:short)%00%(objectname)%00%(upstream:track)%00%(upstream:remotename)%00%(upstream:remoteref) refs/heads/master refs/remotes/master [7ms]
2023-10-28 20:56:37.887 [info] > git status -z -uall [28ms]
2023-10-28 20:56:42.953 [info] No remotes found in the git config file.
2023-10-28 20:56:42.954 [info] > git config --get commit.template [11ms]
2023-10-28 20:56:42.956 [info] > git for-each-ref --format=%(refname)%00%(upstream:short)%00%(objectname)%00%(upstream:track)%00%(upstream:remotename)%00%(upstream:remoteref) refs/heads/master refs/remotes/master [4ms]
2023-10-28 20:56:42.986 [info] > git status -z -uall [21ms]
2023-10-28 20:56:52.173 [info] No remotes found in the git config file.
2023-10-28 20:56:52.174 [info] > git config --get commit.template [10ms]
2023-10-28 20:56:52.177 [info] > git for-each-ref --format=%(refname)%00%(upstream:short)%00%(objectname)%00%(upstream:track)%00%(upstream:remotename)%00%(upstream:remoteref) refs/heads/master refs/remotes/master [4ms]
2023-10-28 20:56:52.208 [info] > git status -z -uall [25ms]
2023-10-28 20:56:55.449 [info] > git ls-files --stage -- /var/www/clients/client2/web2/web/sistema/adsgrupo06/grupo/index.php [4ms]
2023-10-28 20:56:55.675 [info] > git show --textconv :grupo/index.php [6ms]
2023-10-28 20:56:57.279 [info] > git config --get commit.template [10ms]
2023-10-28 20:56:57.281 [info] > git for-each-ref --format=%(refname)%00%(upstream:short)%00%(objectname)%00%(upstream:track)%00%(upstream:remotename)%00%(upstream:remoteref) refs/heads/master refs/remotes/master [3ms]
2023-10-28 20:56:57.307 [info] > git status -z -uall [20ms]
2023-10-28 20:57:02.374 [info] > git config --get commit.template [9ms]
2023-10-28 20:57:02.376 [info] > git for-each-ref --format=%(refname)%00%(upstream:short)%00%(objectname)%00%(upstream:track)%00%(upstream:remotename)%00%(upstream:remoteref) refs/heads/master refs/remotes/master [3ms]
2023-10-28 20:57:02.408 [info] > git status -z -uall [25ms]
2023-10-28 20:57:07.473 [info] > git config --get commit.template [12ms]
2023-10-28 20:57:07.475 [info] > git for-each-ref --format=%(refname)%00%(upstream:short)%00%(objectname)%00%(upstream:track)%00%(upstream:remotename)%00%(upstream:remoteref) refs/heads/master refs/remotes/master [5ms]
2023-10-28 20:57:07.503 [info] > git status -z -uall [20ms]
2023-10-28 20:57:19.415 [info] > git for-each-ref --format=%(refname)%00%(upstream:short)%00%(objectname)%00%(upstream:track)%00%(upstream:remotename)%00%(upstream:remoteref) refs/heads/master refs/remotes/master [5ms]
2023-10-28 20:57:19.415 [info] > git config --get commit.template [15ms]
2023-10-28 20:57:19.445 [info] > git status -z -uall [24ms]
2023-10-28 20:57:24.516 [info] > git config --get commit.template [10ms]
2023-10-28 20:57:24.518 [info] > git for-each-ref --format=%(refname)%00%(upstream:short)%00%(objectname)%00%(upstream:track)%00%(upstream:remotename)%00%(upstream:remoteref) refs/heads/master refs/remotes/master [4ms]
2023-10-28 20:57:24.542 [info] > git status -z -uall [18ms]
2023-10-28 20:58:16.286 [info] > git config --get commit.template [11ms]
2023-10-28 20:58:16.289 [info] > git for-each-ref --format=%(refname)%00%(upstream:short)%00%(objectname)%00%(upstream:track)%00%(upstream:remotename)%00%(upstream:remoteref) refs/heads/master refs/remotes/master [4ms]
2023-10-28 20:58:16.318 [info] > git status -z -uall [23ms]
2023-10-28 20:58:21.395 [info] > git config --get commit.template [11ms]
2023-10-28 20:58:21.399 [info] > git for-each-ref --format=%(refname)%00%(upstream:short)%00%(objectname)%00%(upstream:track)%00%(upstream:remotename)%00%(upstream:remoteref) refs/heads/master refs/remotes/master [5ms]
2023-10-28 20:58:21.424 [info] > git status -z -uall [18ms]
2023-10-28 20:58:26.499 [info] > git config --get commit.template [10ms]
2023-10-28 20:58:26.503 [info] > git for-each-ref --format=%(refname)%00%(upstream:short)%00%(objectname)%00%(upstream:track)%00%(upstream:remotename)%00%(upstream:remoteref) refs/heads/master refs/remotes/master [6ms]
2023-10-28 20:58:26.528 [info] > git status -z -uall [18ms]
2023-10-28 20:58:49.403 [info] > git config --get commit.template [12ms]
2023-10-28 20:58:49.405 [info] > git for-each-ref --format=%(refname)%00%(upstream:short)%00%(objectname)%00%(upstream:track)%00%(upstream:remotename)%00%(upstream:remoteref) refs/heads/master refs/remotes/master [6ms]
2023-10-28 20:58:49.436 [info] > git status -z -uall [23ms]
2023-10-28 20:58:54.510 [info] > git config --get commit.template [10ms]
2023-10-28 20:58:54.512 [info] > git for-each-ref --format=%(refname)%00%(upstream:short)%00%(objectname)%00%(upstream:track)%00%(upstream:remotename)%00%(upstream:remoteref) refs/heads/master refs/remotes/master [3ms]
2023-10-28 20:58:54.536 [info] > git status -z -uall [18ms]
2023-10-28 20:58:59.593 [info] > git config --get commit.template [8ms]
2023-10-28 20:58:59.594 [info] > git for-each-ref --format=%(refname)%00%(upstream:short)%00%(objectname)%00%(upstream:track)%00%(upstream:remotename)%00%(upstream:remoteref) refs/heads/master refs/remotes/master [2ms]
2023-10-28 20:58:59.619 [info] > git status -z -uall [18ms]
2023-10-28 20:59:04.684 [info] > git config --get commit.template [11ms]
2023-10-28 20:59:04.686 [info] > git for-each-ref --format=%(refname)%00%(upstream:short)%00%(objectname)%00%(upstream:track)%00%(upstream:remotename)%00%(upstream:remoteref) refs/heads/master refs/remotes/master [3ms]
2023-10-28 20:59:04.715 [info] > git status -z -uall [22ms]
2023-10-28 20:59:09.777 [info] > git config --get commit.template [10ms]
2023-10-28 20:59:09.779 [info] > git for-each-ref --format=%(refname)%00%(upstream:short)%00%(objectname)%00%(upstream:track)%00%(upstream:remotename)%00%(upstream:remoteref) refs/heads/master refs/remotes/master [3ms]
2023-10-28 20:59:09.802 [info] > git status -z -uall [17ms]
2023-10-28 20:59:14.866 [info] > git config --get commit.template [9ms]
2023-10-28 20:59:14.868 [info] > git for-each-ref --format=%(refname)%00%(upstream:short)%00%(objectname)%00%(upstream:track)%00%(upstream:remotename)%00%(upstream:remoteref) refs/heads/master refs/remotes/master [3ms]
2023-10-28 20:59:14.896 [info] > git status -z -uall [21ms]
2023-10-28 20:59:19.771 [info] > git ls-files --stage -- /var/www/clients/client2/web2/web/sistema/adsgrupo06/grupo/index.php [3ms]
2023-10-28 20:59:19.960 [info] > git config --get commit.template [10ms]
2023-10-28 20:59:19.963 [info] > git for-each-ref --format=%(refname)%00%(upstream:short)%00%(objectname)%00%(upstream:track)%00%(upstream:remotename)%00%(upstream:remoteref) refs/heads/nome-da-nova-branch refs/remotes/nome-da-nova-branch [4ms]
2023-10-28 20:59:19.992 [info] > git show --textconv :grupo/index.php [8ms]
2023-10-28 20:59:20.004 [info] > git status -z -uall [34ms]
2023-10-28 20:59:25.112 [info] > git config --get commit.template [10ms]
2023-10-28 20:59:25.114 [info] > git for-each-ref --format=%(refname)%00%(upstream:short)%00%(objectname)%00%(upstream:track)%00%(upstream:remotename)%00%(upstream:remoteref) refs/heads/nome-da-nova-branch refs/remotes/nome-da-nova-branch [3ms]
2023-10-28 20:59:25.142 [info] > git status -z -uall [19ms]
2023-10-28 20:59:30.202 [info] > git config --get commit.template [9ms]
2023-10-28 20:59:30.205 [info] > git for-each-ref --format=%(refname)%00%(upstream:short)%00%(objectname)%00%(upstream:track)%00%(upstream:remotename)%00%(upstream:remoteref) refs/heads/nome-da-nova-branch refs/remotes/nome-da-nova-branch [4ms]
2023-10-28 20:59:30.235 [info] > git status -z -uall [23ms]
2023-10-28 20:59:35.315 [info] > git config --get commit.template [11ms]
2023-10-28 20:59:35.317 [info] > git for-each-ref --format=%(refname)%00%(upstream:short)%00%(objectname)%00%(upstream:track)%00%(upstream:remotename)%00%(upstream:remoteref) refs/heads/nome-da-nova-branch refs/remotes/nome-da-nova-branch [5ms]
2023-10-28 20:59:35.344 [info] > git status -z -uall [20ms]
2023-10-28 20:59:40.408 [info] > git config --get commit.template [11ms]
2023-10-28 20:59:40.410 [info] > git for-each-ref --format=%(refname)%00%(upstream:short)%00%(objectname)%00%(upstream:track)%00%(upstream:remotename)%00%(upstream:remoteref) refs/heads/nome-da-nova-branch refs/remotes/nome-da-nova-branch [3ms]
2023-10-28 20:59:40.438 [info] > git status -z -uall [22ms]
2023-10-28 20:59:45.503 [info] > git config --get commit.template [10ms]
2023-10-28 20:59:45.506 [info] > git for-each-ref --format=%(refname)%00%(upstream:short)%00%(objectname)%00%(upstream:track)%00%(upstream:remotename)%00%(upstream:remoteref) refs/heads/nome-da-nova-branch refs/remotes/nome-da-nova-branch [4ms]
2023-10-28 20:59:45.533 [info] > git status -z -uall [19ms]
2023-10-28 20:59:58.650 [info] > git config --get commit.template [10ms]
2023-10-28 20:59:58.652 [info] > git for-each-ref --format=%(refname)%00%(upstream:short)%00%(objectname)%00%(upstream:track)%00%(upstream:remotename)%00%(upstream:remoteref) refs/heads/nome-da-nova-branch refs/remotes/nome-da-nova-branch [3ms]
2023-10-28 20:59:58.684 [info] > git status -z -uall [25ms]
2023-10-28 21:00:00.655 [info] > git ls-files --stage -- /var/www/clients/client2/web2/web/sistema/adsgrupo06/grupo/index.php [3ms]
2023-10-28 21:00:00.867 [info] > git show --textconv :grupo/index.php [4ms]
2023-10-28 21:00:03.780 [info] > git config --get commit.template [14ms]
2023-10-28 21:00:03.791 [info] > git for-each-ref --format=%(refname)%00%(upstream:short)%00%(objectname)%00%(upstream:track)%00%(upstream:remotename)%00%(upstream:remoteref) refs/heads/Vinicius refs/remotes/Vinicius [14ms]
2023-10-28 21:00:04.125 [info] > git status -z -uall [325ms]
2023-10-28 21:00:09.226 [info] > git config --get commit.template [10ms]
2023-10-28 21:00:09.228 [info] > git for-each-ref --format=%(refname)%00%(upstream:short)%00%(objectname)%00%(upstream:track)%00%(upstream:remotename)%00%(upstream:remoteref) refs/heads/Vinicius refs/remotes/Vinicius [4ms]
2023-10-28 21:00:09.261 [info] > git status -z -uall [26ms]
2023-10-28 21:00:14.334 [info] > git config --get commit.template [11ms]
2023-10-28 21:00:14.336 [info] > git for-each-ref --format=%(refname)%00%(upstream:short)%00%(objectname)%00%(upstream:track)%00%(upstream:remotename)%00%(upstream:remoteref) refs/heads/Vinicius refs/remotes/Vinicius [3ms]
2023-10-28 21:00:14.367 [info] > git status -z -uall [23ms]
2023-10-28 21:00:19.468 [info] > git config --get commit.template [21ms]
2023-10-28 21:00:19.471 [info] > git for-each-ref --format=%(refname)%00%(upstream:short)%00%(objectname)%00%(upstream:track)%00%(upstream:remotename)%00%(upstream:remoteref) refs/heads/Vinicius refs/remotes/Vinicius [8ms]
2023-10-28 21:00:19.757 [info] > git status -z -uall [276ms]
2023-10-28 21:00:24.885 [info] > git config --get commit.template [12ms]
2023-10-28 21:00:24.887 [info] > git for-each-ref --format=%(refname)%00%(upstream:short)%00%(objectname)%00%(upstream:track)%00%(upstream:remotename)%00%(upstream:remoteref) refs/heads/Vinicius refs/remotes/Vinicius [4ms]
2023-10-28 21:00:24.918 [info] > git status -z -uall [23ms]
2023-10-28 21:00:29.989 [info] > git config --get commit.template [14ms]
2023-10-28 21:00:29.992 [info] > git for-each-ref --format=%(refname)%00%(upstream:short)%00%(objectname)%00%(upstream:track)%00%(upstream:remotename)%00%(upstream:remoteref) refs/heads/Vinicius refs/remotes/Vinicius [5ms]
2023-10-28 21:00:30.030 [info] > git status -z -uall [27ms]
2023-10-28 21:00:35.144 [info] > git config --get commit.template [14ms]
2023-10-28 21:00:35.146 [info] > git for-each-ref --format=%(refname)%00%(upstream:short)%00%(objectname)%00%(upstream:track)%00%(upstream:remotename)%00%(upstream:remoteref) refs/heads/Vinicius refs/remotes/Vinicius [3ms]
2023-10-28 21:00:35.195 [info] > git status -z -uall [39ms]
2023-10-28 21:00:40.306 [info] > git config --get commit.template [2ms]
2023-10-28 21:00:40.327 [info] > git for-each-ref --format=%(refname)%00%(upstream:short)%00%(objectname)%00%(upstream:track)%00%(upstream:remotename)%00%(upstream:remoteref) refs/heads/Vinicius refs/remotes/Vinicius [7ms]
2023-10-28 21:00:40.381 [info] > git status -z -uall [45ms]
2023-10-28 21:00:44.814 [info] > git ls-files --stage -- /var/www/clients/client2/web2/web/sistema/adsgrupo06/grupo/index.php [9ms]
2023-10-28 21:00:44.826 [info] > git cat-file -s bfe2ecbfea7d1516bcd36a3a32429feb12ca57eb [4ms]
2023-10-28 21:00:45.037 [info] > git show --textconv :grupo/index.php [5ms]
2023-10-28 21:00:45.497 [info] > git config --get commit.template [12ms]
2023-10-28 21:00:45.499 [info] > git for-each-ref --format=%(refname)%00%(upstream:short)%00%(objectname)%00%(upstream:track)%00%(upstream:remotename)%00%(upstream:remoteref) refs/heads/Vinicius refs/remotes/Vinicius [3ms]
2023-10-28 21:00:45.544 [info] > git status -z -uall [36ms]
2023-10-28 21:00:50.614 [info] > git config --get commit.template [12ms]
2023-10-28 21:00:50.616 [info] > git for-each-ref --format=%(refname)%00%(upstream:short)%00%(objectname)%00%(upstream:track)%00%(upstream:remotename)%00%(upstream:remoteref) refs/heads/Vinicius refs/remotes/Vinicius [4ms]
2023-10-28 21:00:50.659 [info] > git status -z -uall [34ms]
2023-10-28 21:00:55.748 [info] > git config --get commit.template [10ms]
2023-10-28 21:00:55.750 [info] > git for-each-ref --format=%(refname)%00%(upstream:short)%00%(objectname)%00%(upstream:track)%00%(upstream:remotename)%00%(upstream:remoteref) refs/heads/Vinicius refs/remotes/Vinicius [3ms]
2023-10-28 21:00:55.784 [info] > git status -z -uall [25ms]
2023-10-28 21:01:00.859 [info] > git config --get commit.template [11ms]
2023-10-28 21:01:00.861 [info] > git for-each-ref --format=%(refname)%00%(upstream:short)%00%(objectname)%00%(upstream:track)%00%(upstream:remotename)%00%(upstream:remoteref) refs/heads/Vinicius refs/remotes/Vinicius [3ms]
2023-10-28 21:01:00.896 [info] > git status -z -uall [27ms]
2023-10-28 21:01:05.968 [info] > git config --get commit.template [10ms]
2023-10-28 21:01:05.970 [info] > git for-each-ref --format=%(refname)%00%(upstream:short)%00%(objectname)%00%(upstream:track)%00%(upstream:remotename)%00%(upstream:remoteref) refs/heads/Vinicius refs/remotes/Vinicius [3ms]
2023-10-28 21:01:06.000 [info] > git status -z -uall [24ms]
2023-10-28 21:01:11.072 [info] > git config --get commit.template [8ms]
2023-10-28 21:01:11.073 [info] > git for-each-ref --format=%(refname)%00%(upstream:short)%00%(objectname)%00%(upstream:track)%00%(upstream:remotename)%00%(upstream:remoteref) refs/heads/Vinicius refs/remotes/Vinicius [2ms]
2023-10-28 21:01:11.104 [info] > git status -z -uall [26ms]
2023-10-28 21:01:16.170 [info] > git config --get commit.template [7ms]
2023-10-28 21:01:16.172 [info] > git for-each-ref --format=%(refname)%00%(upstream:short)%00%(objectname)%00%(upstream:track)%00%(upstream:remotename)%00%(upstream:remoteref) refs/heads/Vinicius refs/remotes/Vinicius [3ms]
2023-10-28 21:01:16.198 [info] > git status -z -uall [20ms]
2023-10-28 21:01:21.260 [info] > git config --get commit.template [6ms]
2023-10-28 21:01:21.261 [info] > git for-each-ref --format=%(refname)%00%(upstream:short)%00%(objectname)%00%(upstream:track)%00%(upstream:remotename)%00%(upstream:remoteref) refs/heads/Vinicius refs/remotes/Vinicius [2ms]
2023-10-28 21:01:21.290 [info] > git ls-files --stage -- /var/www/clients/client2/web2/web/sistema/adsgrupo06/grupo/index.php [6ms]
2023-10-28 21:01:21.304 [info] > git status -z -uall [38ms]
2023-10-28 21:01:21.356 [info] > git cat-file -s bfe2ecbfea7d1516bcd36a3a32429feb12ca57eb [56ms]
2023-10-28 21:01:21.895 [info] > git show --textconv :grupo/index.php [25ms]
2023-10-28 21:01:26.372 [info] > git config --get commit.template [8ms]
2023-10-28 21:01:26.374 [info] > git for-each-ref --format=%(refname)%00%(upstream:short)%00%(objectname)%00%(upstream:track)%00%(upstream:remotename)%00%(upstream:remoteref) refs/heads/Vinicius refs/remotes/Vinicius [3ms]
2023-10-28 21:01:26.402 [info] > git status -z -uall [23ms]
2023-10-28 21:01:31.467 [info] > git config --get commit.template [7ms]
2023-10-28 21:01:31.468 [info] > git for-each-ref --format=%(refname)%00%(upstream:short)%00%(objectname)%00%(upstream:track)%00%(upstream:remotename)%00%(upstream:remoteref) refs/heads/Vinicius refs/remotes/Vinicius [2ms]
2023-10-28 21:01:31.494 [info] > git status -z -uall [21ms]
2023-10-28 21:01:36.553 [info] > git config --get commit.template [7ms]
2023-10-28 21:01:36.558 [info] > git for-each-ref --format=%(refname)%00%(upstream:short)%00%(objectname)%00%(upstream:track)%00%(upstream:remotename)%00%(upstream:remoteref) refs/heads/Vinicius refs/remotes/Vinicius [6ms]
2023-10-28 21:01:36.581 [info] > git status -z -uall [19ms]
2023-10-28 21:01:41.644 [info] > git config --get commit.template [9ms]
2023-10-28 21:01:41.645 [info] > git for-each-ref --format=%(refname)%00%(upstream:short)%00%(objectname)%00%(upstream:track)%00%(upstream:remotename)%00%(upstream:remoteref) refs/heads/Vinicius refs/remotes/Vinicius [2ms]
2023-10-28 21:01:41.672 [info] > git status -z -uall [21ms]
2023-10-28 21:01:46.730 [info] > git config --get commit.template [8ms]
2023-10-28 21:01:46.732 [info] > git for-each-ref --format=%(refname)%00%(upstream:short)%00%(objectname)%00%(upstream:track)%00%(upstream:remotename)%00%(upstream:remoteref) refs/heads/Vinicius refs/remotes/Vinicius [4ms]
2023-10-28 21:01:46.760 [info] > git status -z -uall [22ms]
2023-10-28 21:01:51.822 [info] > git config --get commit.template [9ms]
2023-10-28 21:01:51.823 [info] > git for-each-ref --format=%(refname)%00%(upstream:short)%00%(objectname)%00%(upstream:track)%00%(upstream:remotename)%00%(upstream:remoteref) refs/heads/Vinicius refs/remotes/Vinicius [3ms]
2023-10-28 21:01:51.849 [info] > git status -z -uall [21ms]
2023-10-28 21:03:04.339 [info] > git config --get commit.template [12ms]
2023-10-28 21:03:04.341 [info] > git for-each-ref --format=%(refname)%00%(upstream:short)%00%(objectname)%00%(upstream:track)%00%(upstream:remotename)%00%(upstream:remoteref) refs/heads/Vinicius refs/remotes/Vinicius [3ms]
2023-10-28 21:03:04.384 [info] > git status -z -uall [33ms]
2023-10-28 21:03:08.574 [info] > git ls-files --stage -- /var/www/clients/client2/web2/web/sistema/adsgrupo06/grupo/index.php [4ms]
2023-10-28 21:03:08.585 [info] > git cat-file -s bfe2ecbfea7d1516bcd36a3a32429feb12ca57eb [3ms]
2023-10-28 21:03:08.796 [info] > git show --textconv :grupo/index.php [4ms]
2023-10-28 21:03:09.474 [info] > git config --get commit.template [12ms]
2023-10-28 21:03:09.476 [info] > git for-each-ref --format=%(refname)%00%(upstream:short)%00%(objectname)%00%(upstream:track)%00%(upstream:remotename)%00%(upstream:remoteref) refs/heads/Vinicius refs/remotes/Vinicius [4ms]
2023-10-28 21:03:09.506 [info] > git status -z -uall [21ms]
2023-10-28 21:03:14.568 [info] > git config --get commit.template [9ms]
2023-10-28 21:03:14.570 [info] > git for-each-ref --format=%(refname)%00%(upstream:short)%00%(objectname)%00%(upstream:track)%00%(upstream:remotename)%00%(upstream:remoteref) refs/heads/Vinicius refs/remotes/Vinicius [3ms]
2023-10-28 21:03:14.601 [info] > git status -z -uall [24ms]
2023-10-28 21:03:19.676 [info] > git config --get commit.template [10ms]
2023-10-28 21:03:19.679 [info] > git for-each-ref --format=%(refname)%00%(upstream:short)%00%(objectname)%00%(upstream:track)%00%(upstream:remotename)%00%(upstream:remoteref) refs/heads/Vinicius refs/remotes/Vinicius [3ms]
2023-10-28 21:03:19.707 [info] > git status -z -uall [21ms]
2023-10-28 21:03:24.783 [info] > git config --get commit.template [9ms]
2023-10-28 21:03:24.785 [info] > git for-each-ref --format=%(refname)%00%(upstream:short)%00%(objectname)%00%(upstream:track)%00%(upstream:remotename)%00%(upstream:remoteref) refs/heads/Vinicius refs/remotes/Vinicius [3ms]
2023-10-28 21:03:24.818 [info] > git status -z -uall [26ms]
2023-10-28 21:03:29.892 [info] > git config --get commit.template [12ms]
2023-10-28 21:03:29.894 [info] > git for-each-ref --format=%(refname)%00%(upstream:short)%00%(objectname)%00%(upstream:track)%00%(upstream:remotename)%00%(upstream:remoteref) refs/heads/Vinicius refs/remotes/Vinicius [3ms]
2023-10-28 21:03:29.924 [info] > git status -z -uall [22ms]
2023-10-28 21:03:34.998 [info] > git config --get commit.template [11ms]
2023-10-28 21:03:35.000 [info] > git for-each-ref --format=%(refname)%00%(upstream:short)%00%(objectname)%00%(upstream:track)%00%(upstream:remotename)%00%(upstream:remoteref) refs/heads/Vinicius refs/remotes/Vinicius [4ms]
2023-10-28 21:03:35.034 [info] > git status -z -uall [22ms]
2023-10-28 21:03:40.121 [info] > git config --get commit.template [11ms]
2023-10-28 21:03:40.123 [info] > git for-each-ref --format=%(refname)%00%(upstream:short)%00%(objectname)%00%(upstream:track)%00%(upstream:remotename)%00%(upstream:remoteref) refs/heads/Vinicius refs/remotes/Vinicius [3ms]
2023-10-28 21:03:40.152 [info] > git status -z -uall [22ms]
2023-10-28 21:03:45.223 [info] > git config --get commit.template [10ms]
2023-10-28 21:03:45.225 [info] > git for-each-ref --format=%(refname)%00%(upstream:short)%00%(objectname)%00%(upstream:track)%00%(upstream:remotename)%00%(upstream:remoteref) refs/heads/Vinicius refs/remotes/Vinicius [3ms]
2023-10-28 21:03:45.259 [info] > git status -z -uall [27ms]
2023-10-28 21:03:45.857 [info] > git ls-files --stage -- /var/www/clients/client2/web2/web/sistema/adsgrupo06/grupo/index.php [18ms]
2023-10-28 21:03:45.883 [info] > git cat-file -s bfe2ecbfea7d1516bcd36a3a32429feb12ca57eb [16ms]
2023-10-28 21:03:46.396 [info] > git show --textconv :grupo/index.php [5ms]
2023-10-28 21:03:50.327 [info] > git config --get commit.template [12ms]
2023-10-28 21:03:50.329 [info] > git for-each-ref --format=%(refname)%00%(upstream:short)%00%(objectname)%00%(upstream:track)%00%(upstream:remotename)%00%(upstream:remoteref) refs/heads/Vinicius refs/remotes/Vinicius [3ms]
2023-10-28 21:03:50.363 [info] > git status -z -uall [26ms]
2023-10-28 21:03:52.629 [info] > git ls-files --stage -- /var/www/clients/client2/web2/web/sistema/adsgrupo06/grupo/index.php [11ms]
2023-10-28 21:03:52.688 [info] > git cat-file -s bfe2ecbfea7d1516bcd36a3a32429feb12ca57eb [15ms]
2023-10-28 21:03:52.905 [info] > git show --textconv :grupo/index.php [5ms]
2023-10-28 21:03:55.455 [info] > git config --get commit.template [9ms]
2023-10-28 21:03:55.457 [info] > git for-each-ref --format=%(refname)%00%(upstream:short)%00%(objectname)%00%(upstream:track)%00%(upstream:remotename)%00%(upstream:remoteref) refs/heads/Vinicius refs/remotes/Vinicius [3ms]
2023-10-28 21:03:55.487 [info] > git status -z -uall [21ms]
2023-10-28 21:04:00.541 [info] > git config --get commit.template [13ms]
2023-10-28 21:04:00.544 [info] > git for-each-ref --format=%(refname)%00%(upstream:short)%00%(objectname)%00%(upstream:track)%00%(upstream:remotename)%00%(upstream:remoteref) refs/heads/Vinicius refs/remotes/Vinicius [5ms]
2023-10-28 21:04:00.580 [info] > git status -z -uall [26ms]
2023-10-28 21:04:05.600 [info] > git config --get commit.template [10ms]
2023-10-28 21:04:05.602 [info] > git for-each-ref --format=%(refname)%00%(upstream:short)%00%(objectname)%00%(upstream:track)%00%(upstream:remotename)%00%(upstream:remoteref) refs/heads/Vinicius refs/remotes/Vinicius [3ms]
2023-10-28 21:04:05.625 [info] > git status -z -uall [17ms]
2023-10-28 21:04:10.647 [info] > git config --get commit.template [9ms]
2023-10-28 21:04:10.649 [info] > git for-each-ref --format=%(refname)%00%(upstream:short)%00%(objectname)%00%(upstream:track)%00%(upstream:remotename)%00%(upstream:remoteref) refs/heads/Vinicius refs/remotes/Vinicius [3ms]
2023-10-28 21:04:10.675 [info] > git status -z -uall [19ms]
2023-10-28 21:04:15.693 [info] > git config --get commit.template [7ms]
2023-10-28 21:04:15.695 [info] > git for-each-ref --format=%(refname)%00%(upstream:short)%00%(objectname)%00%(upstream:track)%00%(upstream:remotename)%00%(upstream:remoteref) refs/heads/Vinicius refs/remotes/Vinicius [3ms]
2023-10-28 21:04:15.718 [info] > git status -z -uall [18ms]
2023-10-28 21:04:20.738 [info] > git config --get commit.template [9ms]
2023-10-28 21:04:20.740 [info] > git for-each-ref --format=%(refname)%00%(upstream:short)%00%(objectname)%00%(upstream:track)%00%(upstream:remotename)%00%(upstream:remoteref) refs/heads/Vinicius refs/remotes/Vinicius [3ms]
2023-10-28 21:04:20.764 [info] > git status -z -uall [17ms]
2023-10-28 21:04:25.790 [info] > git config --get commit.template [13ms]
2023-10-28 21:04:25.793 [info] > git for-each-ref --format=%(refname)%00%(upstream:short)%00%(objectname)%00%(upstream:track)%00%(upstream:remotename)%00%(upstream:remoteref) refs/heads/Vinicius refs/remotes/Vinicius [3ms]
2023-10-28 21:04:25.834 [info] > git status -z -uall [25ms]
2023-10-28 21:04:30.855 [info] > git config --get commit.template [9ms]
2023-10-28 21:04:30.857 [info] > git for-each-ref --format=%(refname)%00%(upstream:short)%00%(objectname)%00%(upstream:track)%00%(upstream:remotename)%00%(upstream:remoteref) refs/heads/Vinicius refs/remotes/Vinicius [3ms]
2023-10-28 21:04:30.880 [info] > git status -z -uall [17ms]
2023-10-28 21:04:34.834 [info] > git check-ignore -v -z --stdin [4ms]
2023-10-28 21:04:35.898 [info] > git config --get commit.template [7ms]
2023-10-28 21:04:35.900 [info] > git for-each-ref --format=%(refname)%00%(upstream:short)%00%(objectname)%00%(upstream:track)%00%(upstream:remotename)%00%(upstream:remoteref) refs/heads/Vinicius refs/remotes/Vinicius [3ms]
2023-10-28 21:04:35.922 [info] > git status -z -uall [17ms]
2023-10-28 21:04:36.259 [info] > git check-ignore -v -z --stdin [4ms]
2023-10-28 21:04:37.419 [info] > git check-ignore -v -z --stdin [4ms]
2023-10-28 21:04:38.941 [info] > git check-ignore -v -z --stdin [4ms]
2023-10-28 21:04:40.223 [info] > git check-ignore -v -z --stdin [4ms]
2023-10-28 21:04:40.941 [info] > git config --get commit.template [8ms]
2023-10-28 21:04:40.943 [info] > git for-each-ref --format=%(refname)%00%(upstream:short)%00%(objectname)%00%(upstream:track)%00%(upstream:remotename)%00%(upstream:remoteref) refs/heads/Vinicius refs/remotes/Vinicius [3ms]
2023-10-28 21:04:40.967 [info] > git status -z -uall [18ms]
2023-10-28 21:04:43.337 [info] > git show --textconv :.vscode-server/data/logs/20231028T205020/exthost2/remoteexthost.log [14ms]
2023-10-28 21:04:43.343 [info] > git ls-files --stage -- /var/www/clients/client2/web2/web/sistema/adsgrupo06/.vscode-server/data/logs/20231028T205020/exthost2/remoteexthost.log [7ms]
2023-10-28 21:04:43.356 [info] > git cat-file -s 9973c3f9e9cb472ff8cfd6e3f1e0fe70ea6efa01 [3ms]
2023-10-28 21:04:45.984 [info] > git config --get commit.template [8ms]
2023-10-28 21:04:45.986 [info] > git for-each-ref --format=%(refname)%00%(upstream:short)%00%(objectname)%00%(upstream:track)%00%(upstream:remotename)%00%(upstream:remoteref) refs/heads/Vinicius refs/remotes/Vinicius [3ms]
2023-10-28 21:04:46.011 [info] > git status -z -uall [18ms]
2023-10-28 21:04:51.038 [info] > git config --get commit.template [12ms]
2023-10-28 21:04:51.041 [info] > git for-each-ref --format=%(refname)%00%(upstream:short)%00%(objectname)%00%(upstream:track)%00%(upstream:remotename)%00%(upstream:remoteref) refs/heads/Vinicius refs/remotes/Vinicius [4ms]
2023-10-28 21:04:51.069 [info] > git status -z -uall [22ms]
2023-10-28 21:04:56.086 [info] > git config --get commit.template [7ms]
2023-10-28 21:04:56.088 [info] > git for-each-ref --format=%(refname)%00%(upstream:short)%00%(objectname)%00%(upstream:track)%00%(upstream:remotename)%00%(upstream:remoteref) refs/heads/Vinicius refs/remotes/Vinicius [2ms]
2023-10-28 21:04:56.110 [info] > git status -z -uall [17ms]
2023-10-28 21:05:01.137 [info] > git config --get commit.template [13ms]
2023-10-28 21:05:01.140 [info] > git for-each-ref --format=%(refname)%00%(upstream:short)%00%(objectname)%00%(upstream:track)%00%(upstream:remotename)%00%(upstream:remoteref) refs/heads/Vinicius refs/remotes/Vinicius [5ms]
2023-10-28 21:05:01.175 [info] > git status -z -uall [26ms]
2023-10-28 21:05:03.362 [info] > git check-ignore -v -z --stdin [4ms]
2023-10-28 21:05:04.912 [info] > git show --textconv :.vscode-server/data/logs/20231028T205020/exthost2/vscode.git/Git.log [10ms]
2023-10-28 21:05:04.916 [info] > git ls-files --stage -- /var/www/clients/client2/web2/web/sistema/adsgrupo06/.vscode-server/data/logs/20231028T205020/exthost2/vscode.git/Git.log [5ms]
2023-10-28 21:05:04.927 [info] > git cat-file -s fa0fd2ec9f9a539e1aa9ec198ce25f749d371048 [3ms]
2023-10-28 21:05:06.199 [info] > git config --get commit.template [10ms]
2023-10-28 21:05:06.204 [info] > git for-each-ref --format=%(refname)%00%(upstream:short)%00%(objectname)%00%(upstream:track)%00%(upstream:remotename)%00%(upstream:remoteref) refs/heads/Vinicius refs/remotes/Vinicius [7ms]
2023-10-28 21:05:06.233 [info] > git status -z -uall [22ms]
2023-10-28 21:05:11.251 [info] > git config --get commit.template [8ms]
2023-10-28 21:05:11.253 [info] > git for-each-ref --format=%(refname)%00%(upstream:short)%00%(objectname)%00%(upstream:track)%00%(upstream:remotename)%00%(upstream:remoteref) refs/heads/Vinicius refs/remotes/Vinicius [3ms]
2023-10-28 21:05:11.276 [info] > git status -z -uall [18ms]
2023-10-28 21:05:16.300 [info] > git config --get commit.template [10ms]
2023-10-28 21:05:16.302 [info] > git for-each-ref --format=%(refname)%00%(upstream:short)%00%(objectname)%00%(upstream:track)%00%(upstream:remotename)%00%(upstream:remoteref) refs/heads/Vinicius refs/remotes/Vinicius [3ms]
2023-10-28 21:05:16.326 [info] > git status -z -uall [17ms]
2023-10-28 21:05:21.344 [info] > git config --get commit.template [8ms]
2023-10-28 21:05:21.346 [info] > git for-each-ref --format=%(refname)%00%(upstream:short)%00%(objectname)%00%(upstream:track)%00%(upstream:remotename)%00%(upstream:remoteref) refs/heads/Vinicius refs/remotes/Vinicius [3ms]
2023-10-28 21:05:21.369 [info] > git status -z -uall [18ms]
2023-10-28 21:05:26.389 [info] > git config --get commit.template [9ms]
2023-10-28 21:05:26.392 [info] > git for-each-ref --format=%(refname)%00%(upstream:short)%00%(objectname)%00%(upstream:track)%00%(upstream:remotename)%00%(upstream:remoteref) refs/heads/Vinicius refs/remotes/Vinicius [3ms]
2023-10-28 21:05:26.417 [info] > git status -z -uall [19ms]
2023-10-28 21:05:31.446 [info] > git config --get commit.template [12ms]
2023-10-28 21:05:31.449 [info] > git for-each-ref --format=%(refname)%00%(upstream:short)%00%(objectname)%00%(upstream:track)%00%(upstream:remotename)%00%(upstream:remoteref) refs/heads/Vinicius refs/remotes/Vinicius [4ms]
2023-10-28 21:05:31.482 [info] > git status -z -uall [24ms]
2023-10-28 21:05:36.514 [info] > git config --get commit.template [17ms]
2023-10-28 21:05:36.518 [info] > git for-each-ref --format=%(refname)%00%(upstream:short)%00%(objectname)%00%(upstream:track)%00%(upstream:remotename)%00%(upstream:remoteref) refs/heads/Vinicius refs/remotes/Vinicius [6ms]
2023-10-28 21:05:36.552 [info] > git status -z -uall [25ms]
2023-10-28 21:05:41.573 [info] > git config --get commit.template [8ms]
2023-10-28 21:05:41.575 [info] > git for-each-ref --format=%(refname)%00%(upstream:short)%00%(objectname)%00%(upstream:track)%00%(upstream:remotename)%00%(upstream:remoteref) refs/heads/Vinicius refs/remotes/Vinicius [3ms]
2023-10-28 21:05:41.602 [info] > git status -z -uall [19ms]
2023-10-28 21:05:46.622 [info] > git config --get commit.template [10ms]
2023-10-28 21:05:46.624 [info] > git for-each-ref --format=%(refname)%00%(upstream:short)%00%(objectname)%00%(upstream:track)%00%(upstream:remotename)%00%(upstream:remoteref) refs/heads/Vinicius refs/remotes/Vinicius [3ms]
2023-10-28 21:05:46.675 [info] > git status -z -uall [32ms]
2023-10-28 21:05:51.698 [info] > git config --get commit.template [8ms]
2023-10-28 21:05:51.700 [info] > git for-each-ref --format=%(refname)%00%(upstream:short)%00%(objectname)%00%(upstream:track)%00%(upstream:remotename)%00%(upstream:remoteref) refs/heads/Vinicius refs/remotes/Vinicius [3ms]
2023-10-28 21:05:51.723 [info] > git status -z -uall [18ms]
2023-10-28 21:05:56.742 [info] > git config --get commit.template [8ms]
2023-10-28 21:05:56.744 [info] > git for-each-ref --format=%(refname)%00%(upstream:short)%00%(objectname)%00%(upstream:track)%00%(upstream:remotename)%00%(upstream:remoteref) refs/heads/Vinicius refs/remotes/Vinicius [3ms]
2023-10-28 21:05:56.768 [info] > git status -z -uall [18ms]
2023-10-28 21:06:01.796 [info] > git config --get commit.template [13ms]
2023-10-28 21:06:01.798 [info] > git for-each-ref --format=%(refname)%00%(upstream:short)%00%(objectname)%00%(upstream:track)%00%(upstream:remotename)%00%(upstream:remoteref) refs/heads/Vinicius refs/remotes/Vinicius [4ms]
2023-10-28 21:06:01.824 [info] > git status -z -uall [20ms]
2023-10-28 21:06:06.844 [info] > git config --get commit.template [9ms]
2023-10-28 21:06:06.846 [info] > git for-each-ref --format=%(refname)%00%(upstream:short)%00%(objectname)%00%(upstream:track)%00%(upstream:remotename)%00%(upstream:remoteref) refs/heads/Vinicius refs/remotes/Vinicius [3ms]
2023-10-28 21:06:06.869 [info] > git status -z -uall [17ms]
2023-10-28 21:06:11.887 [info] > git config --get commit.template [9ms]
2023-10-28 21:06:11.889 [info] > git for-each-ref --format=%(refname)%00%(upstream:short)%00%(objectname)%00%(upstream:track)%00%(upstream:remotename)%00%(upstream:remoteref) refs/heads/Vinicius refs/remotes/Vinicius [3ms]
2023-10-28 21:06:11.912 [info] > git status -z -uall [18ms]
2023-10-28 21:06:17.202 [info] > git config --get commit.template [9ms]
2023-10-28 21:06:17.204 [info] > git for-each-ref --format=%(refname)%00%(upstream:short)%00%(objectname)%00%(upstream:track)%00%(upstream:remotename)%00%(upstream:remoteref) refs/heads/Vinicius refs/remotes/Vinicius [3ms]
2023-10-28 21:06:17.228 [info] > git status -z -uall [18ms]
2023-10-28 21:06:22.245 [info] > git config --get commit.template [7ms]
2023-10-28 21:06:22.248 [info] > git for-each-ref --format=%(refname)%00%(upstream:short)%00%(objectname)%00%(upstream:track)%00%(upstream:remotename)%00%(upstream:remoteref) refs/heads/Vinicius refs/remotes/Vinicius [4ms]
2023-10-28 21:06:22.272 [info] > git status -z -uall [19ms]
2023-10-28 21:06:27.291 [info] > git config --get commit.template [9ms]
2023-10-28 21:06:27.293 [info] > git for-each-ref --format=%(refname)%00%(upstream:short)%00%(objectname)%00%(upstream:track)%00%(upstream:remotename)%00%(upstream:remoteref) refs/heads/Vinicius refs/remotes/Vinicius [2ms]
2023-10-28 21:06:27.315 [info] > git status -z -uall [17ms]
2023-10-28 21:06:32.335 [info] > git config --get commit.template [9ms]
2023-10-28 21:06:32.337 [info] > git for-each-ref --format=%(refname)%00%(upstream:short)%00%(objectname)%00%(upstream:track)%00%(upstream:remotename)%00%(upstream:remoteref) refs/heads/Vinicius refs/remotes/Vinicius [3ms]
2023-10-28 21:06:32.362 [info] > git status -z -uall [19ms]
2023-10-28 21:06:37.381 [info] > git config --get commit.template [8ms]
2023-10-28 21:06:37.383 [info] > git for-each-ref --format=%(refname)%00%(upstream:short)%00%(objectname)%00%(upstream:track)%00%(upstream:remotename)%00%(upstream:remoteref) refs/heads/Vinicius refs/remotes/Vinicius [3ms]
2023-10-28 21:06:37.407 [info] > git status -z -uall [19ms]
2023-10-28 21:06:42.427 [info] > git config --get commit.template [9ms]
2023-10-28 21:06:42.429 [info] > git for-each-ref --format=%(refname)%00%(upstream:short)%00%(objectname)%00%(upstream:track)%00%(upstream:remotename)%00%(upstream:remoteref) refs/heads/Vinicius refs/remotes/Vinicius [3ms]
2023-10-28 21:06:42.455 [info] > git status -z -uall [20ms]
2023-10-28 21:07:19.046 [info] > git config --get commit.template [9ms]
2023-10-28 21:07:19.049 [info] > git for-each-ref --format=%(refname)%00%(upstream:short)%00%(objectname)%00%(upstream:track)%00%(upstream:remotename)%00%(upstream:remoteref) refs/heads/Vinicius refs/remotes/Vinicius [3ms]
2023-10-28 21:07:19.072 [info] > git status -z -uall [18ms]
2023-10-28 21:07:24.092 [info] > git config --get commit.template [10ms]
2023-10-28 21:07:24.094 [info] > git for-each-ref --format=%(refname)%00%(upstream:short)%00%(objectname)%00%(upstream:track)%00%(upstream:remotename)%00%(upstream:remoteref) refs/heads/Vinicius refs/remotes/Vinicius [3ms]
2023-10-28 21:07:24.118 [info] > git status -z -uall [18ms]
2023-10-28 21:07:30.627 [info] > git config --get commit.template [10ms]
2023-10-28 21:07:30.629 [info] > git for-each-ref --format=%(refname)%00%(upstream:short)%00%(objectname)%00%(upstream:track)%00%(upstream:remotename)%00%(upstream:remoteref) refs/heads/Vinicius refs/remotes/Vinicius [3ms]
2023-10-28 21:07:30.652 [info] > git status -z -uall [17ms]
2023-10-28 21:07:45.153 [info] > git config --get commit.template [12ms]
2023-10-28 21:07:45.156 [info] > git for-each-ref --format=%(refname)%00%(upstream:short)%00%(objectname)%00%(upstream:track)%00%(upstream:remotename)%00%(upstream:remoteref) refs/heads/Vinicius refs/remotes/Vinicius [5ms]
2023-10-28 21:07:45.183 [info] > git status -z -uall [18ms]
2023-10-28 21:07:50.204 [info] > git config --get commit.template [8ms]
2023-10-28 21:07:50.207 [info] > git for-each-ref --format=%(refname)%00%(upstream:short)%00%(objectname)%00%(upstream:track)%00%(upstream:remotename)%00%(upstream:remoteref) refs/heads/Vinicius refs/remotes/Vinicius [6ms]
2023-10-28 21:07:50.232 [info] > git status -z -uall [18ms]
2023-10-28 21:07:55.250 [info] > git config --get commit.template [8ms]
2023-10-28 21:07:55.252 [info] > git for-each-ref --format=%(refname)%00%(upstream:short)%00%(objectname)%00%(upstream:track)%00%(upstream:remotename)%00%(upstream:remoteref) refs/heads/Vinicius refs/remotes/Vinicius [3ms]
2023-10-28 21:07:55.276 [info] > git status -z -uall [18ms]
2023-10-28 21:08:00.296 [info] > git config --get commit.template [10ms]
2023-10-28 21:08:00.299 [info] > git for-each-ref --format=%(refname)%00%(upstream:short)%00%(objectname)%00%(upstream:track)%00%(upstream:remotename)%00%(upstream:remoteref) refs/heads/Vinicius refs/remotes/Vinicius [4ms]
2023-10-28 21:08:00.326 [info] > git status -z -uall [20ms]
2023-10-28 21:08:00.974 [info] > git check-ignore -v -z --stdin [3ms]
2023-10-28 21:08:05.346 [info] > git config --get commit.template [9ms]
2023-10-28 21:08:05.351 [info] > git for-each-ref --format=%(refname)%00%(upstream:short)%00%(objectname)%00%(upstream:track)%00%(upstream:remotename)%00%(upstream:remoteref) refs/heads/Vinicius refs/remotes/Vinicius [4ms]
2023-10-28 21:08:05.379 [info] > git status -z -uall [22ms]
2023-10-28 21:08:10.399 [info] > git config --get commit.template [10ms]
2023-10-28 21:08:10.402 [info] > git for-each-ref --format=%(refname)%00%(upstream:short)%00%(objectname)%00%(upstream:track)%00%(upstream:remotename)%00%(upstream:remoteref) refs/heads/Vinicius refs/remotes/Vinicius [4ms]
2023-10-28 21:08:10.427 [info] > git status -z -uall [18ms]
2023-10-28 21:08:15.445 [info] > git config --get commit.template [8ms]
2023-10-28 21:08:15.447 [info] > git for-each-ref --format=%(refname)%00%(upstream:short)%00%(objectname)%00%(upstream:track)%00%(upstream:remotename)%00%(upstream:remoteref) refs/heads/Vinicius refs/remotes/Vinicius [3ms]
2023-10-28 21:08:15.471 [info] > git status -z -uall [18ms]
2023-10-28 21:08:20.491 [info] > git config --get commit.template [10ms]
2023-10-28 21:08:20.493 [info] > git for-each-ref --format=%(refname)%00%(upstream:short)%00%(objectname)%00%(upstream:track)%00%(upstream:remotename)%00%(upstream:remoteref) refs/heads/Vinicius refs/remotes/Vinicius [3ms]
2023-10-28 21:08:20.518 [info] > git status -z -uall [20ms]
2023-10-28 21:08:25.536 [info] > git config --get commit.template [7ms]
2023-10-28 21:08:25.538 [info] > git for-each-ref --format=%(refname)%00%(upstream:short)%00%(objectname)%00%(upstream:track)%00%(upstream:remotename)%00%(upstream:remoteref) refs/heads/Vinicius refs/remotes/Vinicius [3ms]
2023-10-28 21:08:25.563 [info] > git status -z -uall [19ms]
2023-10-28 21:09:43.645 [info] > git config --get commit.template [9ms]
2023-10-28 21:09:43.647 [info] > git for-each-ref --format=%(refname)%00%(upstream:short)%00%(objectname)%00%(upstream:track)%00%(upstream:remotename)%00%(upstream:remoteref) refs/heads/Vinicius refs/remotes/Vinicius [3ms]
2023-10-28 21:09:43.679 [info] > git status -z -uall [27ms]
2023-10-28 21:09:48.705 [info] > git config --get commit.template [13ms]
2023-10-28 21:09:48.708 [info] > git for-each-ref --format=%(refname)%00%(upstream:short)%00%(objectname)%00%(upstream:track)%00%(upstream:remotename)%00%(upstream:remoteref) refs/heads/Vinicius refs/remotes/Vinicius [4ms]
2023-10-28 21:09:48.743 [info] > git status -z -uall [25ms]
2023-10-28 21:09:53.762 [info] > git config --get commit.template [8ms]
2023-10-28 21:09:53.764 [info] > git for-each-ref --format=%(refname)%00%(upstream:short)%00%(objectname)%00%(upstream:track)%00%(upstream:remotename)%00%(upstream:remoteref) refs/heads/Vinicius refs/remotes/Vinicius [3ms]
2023-10-28 21:09:53.788 [info] > git status -z -uall [18ms]
2023-10-28 21:09:58.805 [info] > git config --get commit.template [8ms]
2023-10-28 21:09:58.807 [info] > git for-each-ref --format=%(refname)%00%(upstream:short)%00%(objectname)%00%(upstream:track)%00%(upstream:remotename)%00%(upstream:remoteref) refs/heads/Vinicius refs/remotes/Vinicius [3ms]
2023-10-28 21:09:58.831 [info] > git status -z -uall [18ms]
2023-10-28 21:10:03.851 [info] > git config --get commit.template [8ms]
2023-10-28 21:10:03.853 [info] > git for-each-ref --format=%(refname)%00%(upstream:short)%00%(objectname)%00%(upstream:track)%00%(upstream:remotename)%00%(upstream:remoteref) refs/heads/Vinicius refs/remotes/Vinicius [3ms]
2023-10-28 21:10:03.876 [info] > git status -z -uall [18ms]
2023-10-28 21:10:13.309 [info] > git config --get commit.template [10ms]
2023-10-28 21:10:13.312 [info] > git for-each-ref --format=%(refname)%00%(upstream:short)%00%(objectname)%00%(upstream:track)%00%(upstream:remotename)%00%(upstream:remoteref) refs/heads/Vinicius refs/remotes/Vinicius [6ms]
2023-10-28 21:10:13.345 [info] > git status -z -uall [24ms]
2023-10-28 21:10:18.363 [info] > git config --get commit.template [8ms]
2023-10-28 21:10:18.365 [info] > git for-each-ref --format=%(refname)%00%(upstream:short)%00%(objectname)%00%(upstream:track)%00%(upstream:remotename)%00%(upstream:remoteref) refs/heads/Vinicius refs/remotes/Vinicius [3ms]
2023-10-28 21:10:18.391 [info] > git status -z -uall [18ms]
2023-10-28 21:10:23.436 [info] > git config --get commit.template [29ms]
2023-10-28 21:10:23.438 [info] > git for-each-ref --format=%(refname)%00%(upstream:short)%00%(objectname)%00%(upstream:track)%00%(upstream:remotename)%00%(upstream:remoteref) refs/heads/Vinicius refs/remotes/Vinicius [22ms]
2023-10-28 21:10:23.481 [info] > git status -z -uall [36ms]
2023-10-28 21:10:28.523 [info] > git config --get commit.template [17ms]
2023-10-28 21:10:28.528 [info] > git for-each-ref --format=%(refname)%00%(upstream:short)%00%(objectname)%00%(upstream:track)%00%(upstream:remotename)%00%(upstream:remoteref) refs/heads/Vinicius refs/remotes/Vinicius [6ms]
2023-10-28 21:10:28.583 [info] > git status -z -uall [42ms]
2023-10-28 21:10:33.644 [info] > git config --get commit.template [30ms]
2023-10-28 21:10:33.647 [info] > git for-each-ref --format=%(refname)%00%(upstream:short)%00%(objectname)%00%(upstream:track)%00%(upstream:remotename)%00%(upstream:remoteref) refs/heads/Vinicius refs/remotes/Vinicius [12ms]
2023-10-28 21:10:33.760 [info] > git status -z -uall [103ms]
2023-10-28 21:10:38.804 [info] > git config --get commit.template [25ms]
2023-10-28 21:10:38.809 [info] > git for-each-ref --format=%(refname)%00%(upstream:short)%00%(objectname)%00%(upstream:track)%00%(upstream:remotename)%00%(upstream:remoteref) refs/heads/Vinicius refs/remotes/Vinicius [24ms]
2023-10-28 21:10:38.904 [info] > git status -z -uall [90ms]
2023-10-28 21:10:43.925 [info] > git config --get commit.template [9ms]
2023-10-28 21:10:43.927 [info] > git for-each-ref --format=%(refname)%00%(upstream:short)%00%(objectname)%00%(upstream:track)%00%(upstream:remotename)%00%(upstream:remoteref) refs/heads/Vinicius refs/remotes/Vinicius [3ms]
2023-10-28 21:10:43.952 [info] > git status -z -uall [19ms]
2023-10-28 21:10:48.969 [info] > git config --get commit.template [7ms]
2023-10-28 21:10:48.972 [info] > git for-each-ref --format=%(refname)%00%(upstream:short)%00%(objectname)%00%(upstream:track)%00%(upstream:remotename)%00%(upstream:remoteref) refs/heads/Vinicius refs/remotes/Vinicius [3ms]
2023-10-28 21:10:48.995 [info] > git status -z -uall [18ms]
2023-10-28 21:12:12.519 [info] > git config --get commit.template [8ms]
2023-10-28 21:12:12.522 [info] > git for-each-ref --format=%(refname)%00%(upstream:short)%00%(objectname)%00%(upstream:track)%00%(upstream:remotename)%00%(upstream:remoteref) refs/heads/Vinicius refs/remotes/Vinicius [3ms]
2023-10-28 21:12:12.547 [info] > git status -z -uall [20ms]
2023-10-28 21:12:17.564 [info] > git config --get commit.template [8ms]
2023-10-28 21:12:17.566 [info] > git for-each-ref --format=%(refname)%00%(upstream:short)%00%(objectname)%00%(upstream:track)%00%(upstream:remotename)%00%(upstream:remoteref) refs/heads/Vinicius refs/remotes/Vinicius [3ms]
2023-10-28 21:12:17.591 [info] > git status -z -uall [19ms]
2023-10-28 21:12:22.610 [info] > git config --get commit.template [8ms]
2023-10-28 21:12:22.612 [info] > git for-each-ref --format=%(refname)%00%(upstream:short)%00%(objectname)%00%(upstream:track)%00%(upstream:remotename)%00%(upstream:remoteref) refs/heads/Vinicius refs/remotes/Vinicius [3ms]
2023-10-28 21:12:22.637 [info] > git status -z -uall [20ms]
2023-10-28 21:12:27.653 [info] > git config --get commit.template [7ms]
2023-10-28 21:12:27.655 [info] > git for-each-ref --format=%(refname)%00%(upstream:short)%00%(objectname)%00%(upstream:track)%00%(upstream:remotename)%00%(upstream:remoteref) refs/heads/Vinicius refs/remotes/Vinicius [3ms]
2023-10-28 21:12:27.678 [info] > git status -z -uall [18ms]
2023-10-28 21:12:32.697 [info] > git config --get commit.template [8ms]
2023-10-28 21:12:32.699 [info] > git for-each-ref --format=%(refname)%00%(upstream:short)%00%(objectname)%00%(upstream:track)%00%(upstream:remotename)%00%(upstream:remoteref) refs/heads/Vinicius refs/remotes/Vinicius [3ms]
2023-10-28 21:12:32.723 [info] > git status -z -uall [19ms]
2023-10-28 21:12:33.689 [info] > git check-ignore -v -z --stdin [5ms]
2023-10-28 21:12:35.479 [info] > git show --textconv :.ssh/known_hosts [11ms]
2023-10-28 21:12:35.487 [info] > git ls-files --stage -- /var/www/clients/client2/web2/web/sistema/adsgrupo06/.ssh/known_hosts [8ms]
2023-10-28 21:12:37.745 [info] > git config --get commit.template [10ms]
2023-10-28 21:12:37.747 [info] > git for-each-ref --format=%(refname)%00%(upstream:short)%00%(objectname)%00%(upstream:track)%00%(upstream:remotename)%00%(upstream:remoteref) refs/heads/Vinicius refs/remotes/Vinicius [3ms]
2023-10-28 21:12:37.773 [info] > git status -z -uall [20ms]
2023-10-28 21:12:42.790 [info] > git config --get commit.template [9ms]
2023-10-28 21:12:42.793 [info] > git for-each-ref --format=%(refname)%00%(upstream:short)%00%(objectname)%00%(upstream:track)%00%(upstream:remotename)%00%(upstream:remoteref) refs/heads/Vinicius refs/remotes/Vinicius [4ms]
2023-10-28 21:12:42.816 [info] > git status -z -uall [18ms]
2023-10-28 21:12:47.841 [info] > git config --get commit.template [13ms]
2023-10-28 21:12:47.844 [info] > git for-each-ref --format=%(refname)%00%(upstream:short)%00%(objectname)%00%(upstream:track)%00%(upstream:remotename)%00%(upstream:remoteref) refs/heads/Vinicius refs/remotes/Vinicius [4ms]
2023-10-28 21:12:47.878 [info] > git status -z -uall [25ms]
2023-10-28 21:12:50.667 [info] > git show --textconv :.bash_history [11ms]
2023-10-28 21:12:50.671 [info] > git ls-files --stage -- /var/www/clients/client2/web2/web/sistema/adsgrupo06/.bash_history [5ms]
2023-10-28 21:12:50.681 [info] > git cat-file -s eac1fcd6721895581dde13280fd42945f98cce7c [3ms]
2023-10-28 21:12:52.899 [info] > git config --get commit.template [9ms]
2023-10-28 21:12:52.902 [info] > git for-each-ref --format=%(refname)%00%(upstream:short)%00%(objectname)%00%(upstream:track)%00%(upstream:remotename)%00%(upstream:remoteref) refs/heads/Vinicius refs/remotes/Vinicius [4ms]
2023-10-28 21:12:52.926 [info] > git status -z -uall [19ms]
2023-10-28 21:12:56.516 [info] > git show --textconv :.ssh/known_hosts [8ms]
2023-10-28 21:12:56.520 [info] > git ls-files --stage -- /var/www/clients/client2/web2/web/sistema/adsgrupo06/.ssh/known_hosts [5ms]
2023-10-28 21:12:57.942 [info] > git config --get commit.template [7ms]
2023-10-28 21:12:57.944 [info] > git for-each-ref --format=%(refname)%00%(upstream:short)%00%(objectname)%00%(upstream:track)%00%(upstream:remotename)%00%(upstream:remoteref) refs/heads/Vinicius refs/remotes/Vinicius [3ms]
2023-10-28 21:12:57.969 [info] > git status -z -uall [20ms]
2023-10-28 21:13:02.987 [info] > git config --get commit.template [9ms]
2023-10-28 21:13:02.990 [info] > git for-each-ref --format=%(refname)%00%(upstream:short)%00%(objectname)%00%(upstream:track)%00%(upstream:remotename)%00%(upstream:remoteref) refs/heads/Vinicius refs/remotes/Vinicius [3ms]
2023-10-28 21:13:03.012 [info] > git status -z -uall [17ms]
2023-10-28 21:13:03.668 [info] > git check-ignore -v -z --stdin [3ms]
2023-10-28 21:13:08.031 [info] > git config --get commit.template [9ms]
2023-10-28 21:13:08.034 [info] > git for-each-ref --format=%(refname)%00%(upstream:short)%00%(objectname)%00%(upstream:track)%00%(upstream:remotename)%00%(upstream:remoteref) refs/heads/Vinicius refs/remotes/Vinicius [4ms]
2023-10-28 21:13:08.057 [info] > git status -z -uall [17ms]
2023-10-28 21:13:09.139 [info] > git check-ignore -v -z --stdin [3ms]
2023-10-28 21:13:13.073 [info] > git config --get commit.template [7ms]
2023-10-28 21:13:13.075 [info] > git for-each-ref --format=%(refname)%00%(upstream:short)%00%(objectname)%00%(upstream:track)%00%(upstream:remotename)%00%(upstream:remoteref) refs/heads/Vinicius refs/remotes/Vinicius [2ms]
2023-10-28 21:13:13.098 [info] > git status -z -uall [18ms]
2023-10-28 21:13:13.384 [info] > git check-ignore -v -z --stdin [3ms]
2023-10-28 21:13:18.119 [info] > git config --get commit.template [9ms]
2023-10-28 21:13:18.121 [info] > git for-each-ref --format=%(refname)%00%(upstream:short)%00%(objectname)%00%(upstream:track)%00%(upstream:remotename)%00%(upstream:remoteref) refs/heads/Vinicius refs/remotes/Vinicius [4ms]
2023-10-28 21:13:18.145 [info] > git status -z -uall [18ms]
2023-10-28 21:13:18.746 [info] > git check-ignore -v -z --stdin [3ms]
2023-10-28 21:13:23.163 [info] > git config --get commit.template [8ms]
2023-10-28 21:13:23.165 [info] > git for-each-ref --format=%(refname)%00%(upstream:short)%00%(objectname)%00%(upstream:track)%00%(upstream:remotename)%00%(upstream:remoteref) refs/heads/Vinicius refs/remotes/Vinicius [3ms]
2023-10-28 21:13:23.188 [info] > git status -z -uall [18ms]
2023-10-28 21:13:27.430 [info] > git check-ignore -v -z --stdin [4ms]
2023-10-28 21:13:28.205 [info] > git config --get commit.template [8ms]
2023-10-28 21:13:28.207 [info] > git for-each-ref --format=%(refname)%00%(upstream:short)%00%(objectname)%00%(upstream:track)%00%(upstream:remotename)%00%(upstream:remoteref) refs/heads/Vinicius refs/remotes/Vinicius [3ms]
2023-10-28 21:13:28.230 [info] > git status -z -uall [18ms]
2023-10-28 21:13:31.439 [info] > git show --textconv :.config/composer/.htaccess [9ms]
2023-10-28 21:13:31.443 [info] > git ls-files --stage -- /var/www/clients/client2/web2/web/sistema/adsgrupo06/.config/composer/.htaccess [5ms]
2023-10-28 21:13:31.451 [info] > git cat-file -s 14249c50bd7605225950b2d372f352a2dba9252a [2ms]
2023-10-28 21:13:33.251 [info] > git config --get commit.template [10ms]
2023-10-28 21:13:33.253 [info] > git for-each-ref --format=%(refname)%00%(upstream:short)%00%(objectname)%00%(upstream:track)%00%(upstream:remotename)%00%(upstream:remoteref) refs/heads/Vinicius refs/remotes/Vinicius [3ms]
2023-10-28 21:13:33.278 [info] > git status -z -uall [18ms]
2023-10-28 21:13:38.298 [info] > git config --get commit.template [8ms]
2023-10-28 21:13:38.300 [info] > git for-each-ref --format=%(refname)%00%(upstream:short)%00%(objectname)%00%(upstream:track)%00%(upstream:remotename)%00%(upstream:remoteref) refs/heads/Vinicius refs/remotes/Vinicius [3ms]
2023-10-28 21:13:38.323 [info] > git status -z -uall [18ms]
2023-10-28 21:13:44.141 [info] > git config --get commit.template [12ms]
2023-10-28 21:13:44.144 [info] > git for-each-ref --format=%(refname)%00%(upstream:short)%00%(objectname)%00%(upstream:track)%00%(upstream:remotename)%00%(upstream:remoteref) refs/heads/Vinicius refs/remotes/Vinicius [4ms]
2023-10-28 21:13:44.177 [info] > git status -z -uall [25ms]
2023-10-28 21:14:06.172 [info] > git config --get commit.template [8ms]
2023-10-28 21:14:06.174 [info] > git for-each-ref --format=%(refname)%00%(upstream:short)%00%(objectname)%00%(upstream:track)%00%(upstream:remotename)%00%(upstream:remoteref) refs/heads/Vinicius refs/remotes/Vinicius [3ms]
2023-10-28 21:14:06.200 [info] > git status -z -uall [19ms]
2023-10-28 21:14:11.218 [info] > git config --get commit.template [7ms]
2023-10-28 21:14:11.220 [info] > git for-each-ref --format=%(refname)%00%(upstream:short)%00%(objectname)%00%(upstream:track)%00%(upstream:remotename)%00%(upstream:remoteref) refs/heads/Vinicius refs/remotes/Vinicius [3ms]
2023-10-28 21:14:11.245 [info] > git status -z -uall [19ms]
2023-10-28 21:17:14.126 [info] > git config --get commit.template [8ms]
2023-10-28 21:17:14.128 [info] > git for-each-ref --format=%(refname)%00%(upstream:short)%00%(objectname)%00%(upstream:track)%00%(upstream:remotename)%00%(upstream:remoteref) refs/heads/Vinicius refs/remotes/Vinicius [3ms]
2023-10-28 21:17:14.153 [info] > git status -z -uall [20ms]
2023-10-28 21:17:19.173 [info] > git config --get commit.template [9ms]
2023-10-28 21:17:19.175 [info] > git for-each-ref --format=%(refname)%00%(upstream:short)%00%(objectname)%00%(upstream:track)%00%(upstream:remotename)%00%(upstream:remoteref) refs/heads/Vinicius refs/remotes/Vinicius [3ms]
2023-10-28 21:17:19.199 [info] > git status -z -uall [17ms]
2023-10-28 21:17:24.220 [info] > git config --get commit.template [11ms]
2023-10-28 21:17:24.223 [info] > git for-each-ref --format=%(refname)%00%(upstream:short)%00%(objectname)%00%(upstream:track)%00%(upstream:remotename)%00%(upstream:remoteref) refs/heads/Vinicius refs/remotes/Vinicius [4ms]
2023-10-28 21:17:24.250 [info] > git status -z -uall [19ms]
2023-10-28 21:17:29.272 [info] > git config --get commit.template [10ms]
2023-10-28 21:17:29.275 [info] > git for-each-ref --format=%(refname)%00%(upstream:short)%00%(objectname)%00%(upstream:track)%00%(upstream:remotename)%00%(upstream:remoteref) refs/heads/Vinicius refs/remotes/Vinicius [3ms]
2023-10-28 21:17:29.300 [info] > git status -z -uall [19ms]
2023-10-28 21:17:34.319 [info] > git config --get commit.template [8ms]
2023-10-28 21:17:34.323 [info] > git for-each-ref --format=%(refname)%00%(upstream:short)%00%(objectname)%00%(upstream:track)%00%(upstream:remotename)%00%(upstream:remoteref) refs/heads/Vinicius refs/remotes/Vinicius [5ms]
2023-10-28 21:17:34.349 [info] > git status -z -uall [19ms]
2023-10-28 21:17:39.375 [info] > git config --get commit.template [12ms]
2023-10-28 21:17:39.377 [info] > git for-each-ref --format=%(refname)%00%(upstream:short)%00%(objectname)%00%(upstream:track)%00%(upstream:remotename)%00%(upstream:remoteref) refs/heads/Vinicius refs/remotes/Vinicius [3ms]
2023-10-28 21:17:39.409 [info] > git status -z -uall [23ms]
2023-10-28 21:17:44.430 [info] > git config --get commit.template [8ms]
2023-10-28 21:17:44.433 [info] > git for-each-ref --format=%(refname)%00%(upstream:short)%00%(objectname)%00%(upstream:track)%00%(upstream:remotename)%00%(upstream:remoteref) refs/heads/Vinicius refs/remotes/Vinicius [4ms]
2023-10-28 21:17:44.460 [info] > git status -z -uall [18ms]
2023-10-28 21:17:49.479 [info] > git config --get commit.template [9ms]
2023-10-28 21:17:49.481 [info] > git for-each-ref --format=%(refname)%00%(upstream:short)%00%(objectname)%00%(upstream:track)%00%(upstream:remotename)%00%(upstream:remoteref) refs/heads/Vinicius refs/remotes/Vinicius [3ms]
2023-10-28 21:17:49.509 [info] > git status -z -uall [20ms]
2023-10-28 21:17:54.722 [info] > git config --get commit.template [8ms]
2023-10-28 21:17:54.726 [info] > git for-each-ref --format=%(refname)%00%(upstream:short)%00%(objectname)%00%(upstream:track)%00%(upstream:remotename)%00%(upstream:remoteref) refs/heads/Vinicius refs/remotes/Vinicius [5ms]
2023-10-28 21:17:54.748 [info] > git status -z -uall [17ms]
2023-10-28 21:18:13.525 [info] > git config --get commit.template [18ms]
2023-10-28 21:18:13.527 [info] > git for-each-ref --format=%(refname)%00%(upstream:short)%00%(objectname)%00%(upstream:track)%00%(upstream:remotename)%00%(upstream:remoteref) refs/heads/Vinicius refs/remotes/Vinicius [13ms]
2023-10-28 21:18:13.673 [info] > git status -z -uall [140ms]
2023-10-28 21:22:15.390 [info] > git config --get commit.template [8ms]
2023-10-28 21:22:15.392 [info] > git for-each-ref --format=%(refname)%00%(upstream:short)%00%(objectname)%00%(upstream:track)%00%(upstream:remotename)%00%(upstream:remoteref) refs/heads/Vinicius refs/remotes/Vinicius [3ms]
2023-10-28 21:22:15.417 [info] > git status -z -uall [18ms]
2023-10-28 21:22:20.440 [info] > git config --get commit.template [10ms]
2023-10-28 21:22:20.443 [info] > git for-each-ref --format=%(refname)%00%(upstream:short)%00%(objectname)%00%(upstream:track)%00%(upstream:remotename)%00%(upstream:remoteref) refs/heads/Vinicius refs/remotes/Vinicius [3ms]
2023-10-28 21:22:20.467 [info] > git status -z -uall [19ms]
2023-10-28 21:22:21.520 [info] > git check-ignore -v -z --stdin [4ms]
2023-10-28 21:22:24.716 [info] > git show --textconv :CodeIgniter/.env [19ms]
2023-10-28 21:22:24.726 [info] > git ls-files --stage -- /var/www/clients/client2/web2/web/sistema/adsgrupo06/CodeIgniter/.env [13ms]
2023-10-28 21:22:24.736 [info] > git cat-file -s 57840df050600d4da42a73ac072215b3d61e96cd [3ms]
2023-10-28 21:22:25.499 [info] > git config --get commit.template [14ms]
2023-10-28 21:22:25.504 [info] > git for-each-ref --format=%(refname)%00%(upstream:short)%00%(objectname)%00%(upstream:track)%00%(upstream:remotename)%00%(upstream:remoteref) refs/heads/Vinicius refs/remotes/Vinicius [6ms]
2023-10-28 21:22:25.535 [info] > git status -z -uall [23ms]
2023-10-28 21:22:27.235 [info] > git check-ignore -v -z --stdin [4ms]
2023-10-28 21:22:30.553 [info] > git config --get commit.template [8ms]
2023-10-28 21:22:30.555 [info] > git for-each-ref --format=%(refname)%00%(upstream:short)%00%(objectname)%00%(upstream:track)%00%(upstream:remotename)%00%(upstream:remoteref) refs/heads/Vinicius refs/remotes/Vinicius [3ms]
2023-10-28 21:22:30.581 [info] > git status -z -uall [20ms]
2023-10-28 21:22:30.972 [info] > git check-ignore -v -z --stdin [4ms]
2023-10-28 21:22:32.662 [info] > git check-ignore -v -z --stdin [6ms]
2023-10-28 21:22:34.963 [info] > git check-ignore -v -z --stdin [4ms]
2023-10-28 21:22:35.598 [info] > git config --get commit.template [7ms]
2023-10-28 21:22:35.600 [info] > git for-each-ref --format=%(refname)%00%(upstream:short)%00%(objectname)%00%(upstream:track)%00%(upstream:remotename)%00%(upstream:remoteref) refs/heads/Vinicius refs/remotes/Vinicius [3ms]
2023-10-28 21:22:35.622 [info] > git status -z -uall [17ms]
2023-10-28 21:22:37.951 [info] > git show --textconv :CodeIgniter/public/index.php [11ms]
2023-10-28 21:22:37.954 [info] > git ls-files --stage -- /var/www/clients/client2/web2/web/sistema/adsgrupo06/CodeIgniter/public/index.php [5ms]
2023-10-28 21:22:37.961 [info] > git cat-file -s 77373025f96ded7889d0a13caef78c590b74c123 [2ms]
2023-10-28 21:22:40.642 [info] > git config --get commit.template [9ms]
2023-10-28 21:22:40.656 [info] > git for-each-ref --format=%(refname)%00%(upstream:short)%00%(objectname)%00%(upstream:track)%00%(upstream:remotename)%00%(upstream:remoteref) refs/heads/Vinicius refs/remotes/Vinicius [4ms]
2023-10-28 21:22:40.680 [info] > git status -z -uall [19ms]
2023-10-28 21:22:45.699 [info] > git config --get commit.template [8ms]
2023-10-28 21:22:45.701 [info] > git for-each-ref --format=%(refname)%00%(upstream:short)%00%(objectname)%00%(upstream:track)%00%(upstream:remotename)%00%(upstream:remoteref) refs/heads/Vinicius refs/remotes/Vinicius [3ms]
2023-10-28 21:22:45.723 [info] > git status -z -uall [17ms]
2023-10-28 21:22:48.514 [info] > git check-ignore -v -z --stdin [6ms]
2023-10-28 21:22:51.168 [info] > git config --get commit.template [10ms]
2023-10-28 21:22:51.172 [info] > git for-each-ref --format=%(refname)%00%(upstream:short)%00%(objectname)%00%(upstream:track)%00%(upstream:remotename)%00%(upstream:remoteref) refs/heads/Vinicius refs/remotes/Vinicius [5ms]
2023-10-28 21:22:51.199 [info] > git status -z -uall [21ms]
2023-10-28 21:22:51.501 [info] > git show --textconv :CodeIgniter/app/index.html [16ms]
2023-10-28 21:22:51.507 [info] > git ls-files --stage -- /var/www/clients/client2/web2/web/sistema/adsgrupo06/CodeIgniter/app/index.html [7ms]
2023-10-28 21:22:51.525 [info] > git cat-file -s b702fbc3967b4f49eddb394723822973f2f80fb4 [3ms]
2023-10-28 21:22:54.574 [info] > git ls-files --stage -- /var/www/clients/client2/web2/web/sistema/adsgrupo06/CodeIgniter/app/Common.php [21ms]
2023-10-28 21:22:54.588 [info] > git show --textconv :CodeIgniter/app/Common.php [45ms]
2023-10-28 21:22:54.595 [info] > git cat-file -s a74d46d1ed5c0e1be14f0c6120beadb7fea0c997 [7ms]
2023-10-28 21:22:56.216 [info] > git config --get commit.template [7ms]
2023-10-28 21:22:56.220 [info] > git for-each-ref --format=%(refname)%00%(upstream:short)%00%(objectname)%00%(upstream:track)%00%(upstream:remotename)%00%(upstream:remoteref) refs/heads/Vinicius refs/remotes/Vinicius [5ms]
2023-10-28 21:22:56.500 [info] > git status -z -uall [274ms]
2023-10-28 21:23:01.521 [info] > git config --get commit.template [8ms]
2023-10-28 21:23:01.523 [info] > git for-each-ref --format=%(refname)%00%(upstream:short)%00%(objectname)%00%(upstream:track)%00%(upstream:remotename)%00%(upstream:remoteref) refs/heads/Vinicius refs/remotes/Vinicius [3ms]
2023-10-28 21:23:01.548 [info] > git status -z -uall [19ms]
2023-10-28 21:23:03.391 [info] > git check-ignore -v -z --stdin [3ms]
2023-10-28 21:23:04.676 [info] > git show --textconv :CodeIgniter/app/Controllers/BaseController.php [10ms]
2023-10-28 21:23:04.680 [info] > git ls-files --stage -- /var/www/clients/client2/web2/web/sistema/adsgrupo06/CodeIgniter/app/Controllers/BaseController.php [5ms]
2023-10-28 21:23:04.688 [info] > git cat-file -s 0328f140bfdf10451b5a92d2578c28699aaf4b2e [3ms]
2023-10-28 21:23:06.566 [info] > git config --get commit.template [8ms]
2023-10-28 21:23:06.568 [info] > git for-each-ref --format=%(refname)%00%(upstream:short)%00%(objectname)%00%(upstream:track)%00%(upstream:remotename)%00%(upstream:remoteref) refs/heads/Vinicius refs/remotes/Vinicius [3ms]
2023-10-28 21:23:06.593 [info] > git status -z -uall [18ms]
2023-10-28 21:23:10.961 [info] > git show --textconv :CodeIgniter/app/Controllers/Home.php [16ms]
2023-10-28 21:23:10.966 [info] > git ls-files --stage -- /var/www/clients/client2/web2/web/sistema/adsgrupo06/CodeIgniter/app/Controllers/Home.php [5ms]
2023-10-28 21:23:10.976 [info] > git cat-file -s 7f867e95ffc4ba99886ae44b16ac5d84b7947395 [3ms]
2023-10-28 21:23:11.611 [info] > git config --get commit.template [8ms]
2023-10-28 21:23:11.613 [info] > git for-each-ref --format=%(refname)%00%(upstream:short)%00%(objectname)%00%(upstream:track)%00%(upstream:remotename)%00%(upstream:remoteref) refs/heads/Vinicius refs/remotes/Vinicius [3ms]
2023-10-28 21:23:11.636 [info] > git status -z -uall [18ms]
2023-10-28 21:23:15.281 [info] > git check-ignore -v -z --stdin [3ms]
2023-10-28 21:23:16.659 [info] > git config --get commit.template [12ms]
2023-10-28 21:23:16.663 [info] > git for-each-ref --format=%(refname)%00%(upstream:short)%00%(objectname)%00%(upstream:track)%00%(upstream:remotename)%00%(upstream:remoteref) refs/heads/Vinicius refs/remotes/Vinicius [5ms]
2023-10-28 21:23:16.706 [info] > git status -z -uall [26ms]
2023-10-28 21:23:16.881 [info] > git show --textconv :CodeIgniter/app/Config/App.php [10ms]
2023-10-28 21:23:16.885 [info] > git ls-files --stage -- /var/www/clients/client2/web2/web/sistema/adsgrupo06/CodeIgniter/app/Config/App.php [5ms]
2023-10-28 21:23:16.893 [info] > git cat-file -s 82e2a4ea9a6deb3a541fea957448639b57182d63 [2ms]
2023-10-28 21:23:21.726 [info] > git config --get commit.template [9ms]
2023-10-28 21:23:21.728 [info] > git for-each-ref --format=%(refname)%00%(upstream:short)%00%(objectname)%00%(upstream:track)%00%(upstream:remotename)%00%(upstream:remoteref) refs/heads/Vinicius refs/remotes/Vinicius [3ms]
2023-10-28 21:23:21.754 [info] > git status -z -uall [18ms]
2023-10-28 21:23:22.971 [info] > git show --textconv :CodeIgniter/app/Config/Email.php [11ms]
2023-10-28 21:23:22.974 [info] > git ls-files --stage -- /var/www/clients/client2/web2/web/sistema/adsgrupo06/CodeIgniter/app/Config/Email.php [6ms]
2023-10-28 21:23:22.983 [info] > git cat-file -s 3a42fbe68ecbf4c50e9173610d0712fdf46bd554 [2ms]
2023-10-28 21:23:26.772 [info] > git config --get commit.template [7ms]
2023-10-28 21:23:26.775 [info] > git for-each-ref --format=%(refname)%00%(upstream:short)%00%(objectname)%00%(upstream:track)%00%(upstream:remotename)%00%(upstream:remoteref) refs/heads/Vinicius refs/remotes/Vinicius [3ms]
2023-10-28 21:23:26.798 [info] > git status -z -uall [17ms]
2023-10-28 21:23:31.816 [info] > git config --get commit.template [8ms]
2023-10-28 21:23:31.818 [info] > git for-each-ref --format=%(refname)%00%(upstream:short)%00%(objectname)%00%(upstream:track)%00%(upstream:remotename)%00%(upstream:remoteref) refs/heads/Vinicius refs/remotes/Vinicius [3ms]
2023-10-28 21:23:31.841 [info] > git status -z -uall [17ms]
2023-10-28 21:23:32.798 [info] > git show --textconv :CodeIgniter/app/Config/Images.php [13ms]
2023-10-28 21:23:32.802 [info] > git ls-files --stage -- /var/www/clients/client2/web2/web/sistema/adsgrupo06/CodeIgniter/app/Config/Images.php [6ms]
2023-10-28 21:23:32.811 [info] > git cat-file -s 1c15d8151ed2494668f1dbeb828e76a13f80a24b [2ms]
2023-10-28 21:23:36.862 [info] > git config --get commit.template [9ms]
2023-10-28 21:23:36.865 [info] > git for-each-ref --format=%(refname)%00%(upstream:short)%00%(objectname)%00%(upstream:track)%00%(upstream:remotename)%00%(upstream:remoteref) refs/heads/Vinicius refs/remotes/Vinicius [4ms]
2023-10-28 21:23:36.889 [info] > git status -z -uall [18ms]
2023-10-28 21:23:38.260 [info] > git check-ignore -v -z --stdin [4ms]
2023-10-28 21:23:41.907 [info] > git config --get commit.template [8ms]
2023-10-28 21:23:41.909 [info] > git for-each-ref --format=%(refname)%00%(upstream:short)%00%(objectname)%00%(upstream:track)%00%(upstream:remotename)%00%(upstream:remoteref) refs/heads/Vinicius refs/remotes/Vinicius [2ms]
2023-10-28 21:23:41.933 [info] > git status -z -uall [18ms]
2023-10-28 21:23:43.527 [info] > git show --textconv :CodeIgniter/app/Config/Toolbar.php [13ms]
2023-10-28 21:23:43.532 [info] > git ls-files --stage -- /var/www/clients/client2/web2/web/sistema/adsgrupo06/CodeIgniter/app/Config/Toolbar.php [8ms]
2023-10-28 21:23:43.540 [info] > git cat-file -s 7183e1336a28a4b9e37283cf267310c75d77d5ac [2ms]
2023-10-28 21:23:46.959 [info] > git config --get commit.template [13ms]
2023-10-28 21:23:46.962 [info] > git for-each-ref --format=%(refname)%00%(upstream:short)%00%(objectname)%00%(upstream:track)%00%(upstream:remotename)%00%(upstream:remoteref) refs/heads/Vinicius refs/remotes/Vinicius [4ms]
2023-10-28 21:23:46.998 [info] > git status -z -uall [27ms]
2023-10-28 21:23:48.487 [info] > git show --textconv :CodeIgniter/app/Config/View.php [9ms]
2023-10-28 21:23:48.490 [info] > git ls-files --stage -- /var/www/clients/client2/web2/web/sistema/adsgrupo06/CodeIgniter/app/Config/View.php [6ms]
2023-10-28 21:23:48.498 [info] > git cat-file -s 024e8302a01b2bb3af8201ef3b0c9de02bcb8bcb [3ms]
2023-10-28 21:23:52.016 [info] > git config --get commit.template [7ms]
2023-10-28 21:23:52.018 [info] > git for-each-ref --format=%(refname)%00%(upstream:short)%00%(objectname)%00%(upstream:track)%00%(upstream:remotename)%00%(upstream:remoteref) refs/heads/Vinicius refs/remotes/Vinicius [2ms]
2023-10-28 21:23:52.041 [info] > git status -z -uall [18ms]
2023-10-28 21:23:53.909 [info] > git check-ignore -v -z --stdin [9ms]
2023-10-28 21:23:55.272 [info] > git check-ignore -v -z --stdin [3ms]
2023-10-28 21:23:57.060 [info] > git config --get commit.template [9ms]
2023-10-28 21:23:57.062 [info] > git for-each-ref --format=%(refname)%00%(upstream:short)%00%(objectname)%00%(upstream:track)%00%(upstream:remotename)%00%(upstream:remoteref) refs/heads/Vinicius refs/remotes/Vinicius [3ms]
2023-10-28 21:23:57.093 [info] > git status -z -uall [24ms]
2023-10-28 21:23:57.097 [info] > git check-ignore -v -z --stdin [5ms]
2023-10-28 21:23:59.713 [info] > git show --textconv :CodeIgniter/app/Database/Migrations/.gitkeep [15ms]
2023-10-28 21:23:59.722 [info] > git ls-files --stage -- /var/www/clients/client2/web2/web/sistema/adsgrupo06/CodeIgniter/app/Database/Migrations/.gitkeep [9ms]
2023-10-28 21:23:59.740 [info] > git cat-file -s e69de29bb2d1d6434b8b29ae775ad8c2e48c5391 [7ms]
2023-10-28 21:24:02.112 [info] > git config --get commit.template [9ms]
2023-10-28 21:24:02.115 [info] > git for-each-ref --format=%(refname)%00%(upstream:short)%00%(objectname)%00%(upstream:track)%00%(upstream:remotename)%00%(upstream:remoteref) refs/heads/Vinicius refs/remotes/Vinicius [4ms]
2023-10-28 21:24:02.140 [info] > git status -z -uall [19ms]
2023-10-28 21:24:07.159 [info] > git config --get commit.template [10ms]
2023-10-28 21:24:07.161 [info] > git for-each-ref --format=%(refname)%00%(upstream:short)%00%(objectname)%00%(upstream:track)%00%(upstream:remotename)%00%(upstream:remoteref) refs/heads/Vinicius refs/remotes/Vinicius [3ms]
2023-10-28 21:24:07.184 [info] > git status -z -uall [16ms]
2023-10-28 21:24:11.618 [info] > git show --textconv :CodeIgniter/app/Config/Routes.php [9ms]
2023-10-28 21:24:11.622 [info] > git ls-files --stage -- /var/www/clients/client2/web2/web/sistema/adsgrupo06/CodeIgniter/app/Config/Routes.php [6ms]
2023-10-28 21:24:11.629 [info] > git cat-file -s 0060a6f67dff3ec93b5cc0f12ac2503d61868e19 [2ms]
2023-10-28 21:24:12.200 [info] > git config --get commit.template [1ms]
2023-10-28 21:24:12.209 [info] > git for-each-ref --format=%(refname)%00%(upstream:short)%00%(objectname)%00%(upstream:track)%00%(upstream:remotename)%00%(upstream:remoteref) refs/heads/Vinicius refs/remotes/Vinicius [2ms]
2023-10-28 21:24:12.234 [info] > git status -z -uall [18ms]
2023-10-28 21:24:17.252 [info] > git config --get commit.template [8ms]
2023-10-28 21:24:17.254 [info] > git for-each-ref --format=%(refname)%00%(upstream:short)%00%(objectname)%00%(upstream:track)%00%(upstream:remotename)%00%(upstream:remoteref) refs/heads/Vinicius refs/remotes/Vinicius [3ms]
2023-10-28 21:24:17.279 [info] > git status -z -uall [19ms]
2023-10-28 21:24:22.306 [info] > git config --get commit.template [9ms]
2023-10-28 21:24:22.309 [info] > git for-each-ref --format=%(refname)%00%(upstream:short)%00%(objectname)%00%(upstream:track)%00%(upstream:remotename)%00%(upstream:remoteref) refs/heads/Vinicius refs/remotes/Vinicius [4ms]
2023-10-28 21:24:22.335 [info] > git status -z -uall [19ms]
2023-10-28 21:24:22.658 [info] > git show --textconv :CodeIgniter/app/Config/Paths.php [10ms]
2023-10-28 21:24:22.661 [info] > git ls-files --stage -- /var/www/clients/client2/web2/web/sistema/adsgrupo06/CodeIgniter/app/Config/Paths.php [5ms]
2023-10-28 21:24:22.673 [info] > git cat-file -s f701b7570507fbeca433e17ce791c40b4ad4dbbe [2ms]
2023-10-28 21:24:27.355 [info] > git config --get commit.template [8ms]
2023-10-28 21:24:27.357 [info] > git for-each-ref --format=%(refname)%00%(upstream:short)%00%(objectname)%00%(upstream:track)%00%(upstream:remotename)%00%(upstream:remoteref) refs/heads/Vinicius refs/remotes/Vinicius [3ms]
2023-10-28 21:24:27.380 [info] > git status -z -uall [17ms]
2023-10-28 21:24:32.399 [info] > git config --get commit.template [9ms]
2023-10-28 21:24:32.401 [info] > git for-each-ref --format=%(refname)%00%(upstream:short)%00%(objectname)%00%(upstream:track)%00%(upstream:remotename)%00%(upstream:remoteref) refs/heads/Vinicius refs/remotes/Vinicius [3ms]
2023-10-28 21:24:32.425 [info] > git status -z -uall [17ms]
2023-10-28 21:24:37.227 [info] > git show --textconv :CodeIgniter/app/Config/Autoload.php [11ms]
2023-10-28 21:24:37.231 [info] > git ls-files --stage -- /var/www/clients/client2/web2/web/sistema/adsgrupo06/CodeIgniter/app/Config/Autoload.php [6ms]
2023-10-28 21:24:37.239 [info] > git cat-file -s ee27e3b2ce18415e79d15baf51ffd29950c8b1db [2ms]
2023-10-28 21:24:37.444 [info] > git config --get commit.template [10ms]
2023-10-28 21:24:37.447 [info] > git for-each-ref --format=%(refname)%00%(upstream:short)%00%(objectname)%00%(upstream:track)%00%(upstream:remotename)%00%(upstream:remoteref) refs/heads/Vinicius refs/remotes/Vinicius [4ms]
2023-10-28 21:24:37.472 [info] > git status -z -uall [18ms]
2023-10-28 21:24:38.307 [info] > git show --textconv :CodeIgniter/app/Config/Constants.php [11ms]
2023-10-28 21:24:38.313 [info] > git ls-files --stage -- /var/www/clients/client2/web2/web/sistema/adsgrupo06/CodeIgniter/app/Config/Constants.php [7ms]
2023-10-28 21:24:38.323 [info] > git cat-file -s 8f8498a58a0abef14bd4d8d268caa7e1ee54db07 [3ms]
2023-10-28 21:24:42.491 [info] > git config --get commit.template [9ms]
2023-10-28 21:24:42.494 [info] > git for-each-ref --format=%(refname)%00%(upstream:short)%00%(objectname)%00%(upstream:track)%00%(upstream:remotename)%00%(upstream:remoteref) refs/heads/Vinicius refs/remotes/Vinicius [3ms]
2023-10-28 21:24:42.519 [info] > git status -z -uall [19ms]
2023-10-28 21:24:47.538 [info] > git config --get commit.template [9ms]
2023-10-28 21:24:47.540 [info] > git for-each-ref --format=%(refname)%00%(upstream:short)%00%(objectname)%00%(upstream:track)%00%(upstream:remotename)%00%(upstream:remoteref) refs/heads/Vinicius refs/remotes/Vinicius [3ms]
2023-10-28 21:24:47.566 [info] > git status -z -uall [20ms]
2023-10-28 21:24:48.491 [info] > git show --textconv :CodeIgniter/.no-header.php-cs-fixer.dist.php [13ms]
2023-10-28 21:24:48.496 [info] > git ls-files --stage -- /var/www/clients/client2/web2/web/sistema/adsgrupo06/CodeIgniter/.no-header.php-cs-fixer.dist.php [7ms]
2023-10-28 21:24:48.505 [info] > git cat-file -s 9417a859e07efcd983ba74eae0e73c8a79a23b93 [2ms]
2023-10-28 21:24:52.589 [info] > git config --get commit.template [8ms]
2023-10-28 21:24:52.592 [info] > git for-each-ref --format=%(refname)%00%(upstream:short)%00%(objectname)%00%(upstream:track)%00%(upstream:remotename)%00%(upstream:remoteref) refs/heads/Vinicius refs/remotes/Vinicius [2ms]
2023-10-28 21:24:52.616 [info] > git status -z -uall [19ms]
2023-10-28 21:24:57.630 [info] > git config --get commit.template [1ms]
2023-10-28 21:24:57.640 [info] > git for-each-ref --format=%(refname)%00%(upstream:short)%00%(objectname)%00%(upstream:track)%00%(upstream:remotename)%00%(upstream:remoteref) refs/heads/Vinicius refs/remotes/Vinicius [2ms]
2023-10-28 21:24:57.665 [info] > git status -z -uall [17ms]
2023-10-28 21:25:02.694 [info] > git config --get commit.template [14ms]
2023-10-28 21:25:02.698 [info] > git for-each-ref --format=%(refname)%00%(upstream:short)%00%(objectname)%00%(upstream:track)%00%(upstream:remotename)%00%(upstream:remoteref) refs/heads/Vinicius refs/remotes/Vinicius [5ms]
2023-10-28 21:25:02.736 [info] > git status -z -uall [29ms]
2023-10-28 21:25:07.755 [info] > git config --get commit.template [9ms]
2023-10-28 21:25:07.758 [info] > git for-each-ref --format=%(refname)%00%(upstream:short)%00%(objectname)%00%(upstream:track)%00%(upstream:remotename)%00%(upstream:remoteref) refs/heads/Vinicius refs/remotes/Vinicius [4ms]
2023-10-28 21:25:07.783 [info] > git status -z -uall [19ms]
2023-10-28 21:25:12.808 [info] > git config --get commit.template [13ms]
2023-10-28 21:25:12.811 [info] > git for-each-ref --format=%(refname)%00%(upstream:short)%00%(objectname)%00%(upstream:track)%00%(upstream:remotename)%00%(upstream:remoteref) refs/heads/Vinicius refs/remotes/Vinicius [4ms]
2023-10-28 21:25:12.846 [info] > git status -z -uall [25ms]
2023-10-28 21:25:17.865 [info] > git config --get commit.template [7ms]
2023-10-28 21:25:17.867 [info] > git for-each-ref --format=%(refname)%00%(upstream:short)%00%(objectname)%00%(upstream:track)%00%(upstream:remotename)%00%(upstream:remoteref) refs/heads/Vinicius refs/remotes/Vinicius [3ms]
2023-10-28 21:25:17.892 [info] > git status -z -uall [20ms]
2023-10-28 21:25:22.598 [info] > git show --textconv :CodeIgniter/public/.htaccess [12ms]
2023-10-28 21:25:22.604 [info] > git ls-files --stage -- /var/www/clients/client2/web2/web/sistema/adsgrupo06/CodeIgniter/public/.htaccess [7ms]
2023-10-28 21:25:22.614 [info] > git cat-file -s a5d6c2a541286ca75c7d65fb6ac5944dfd123bd6 [3ms]
2023-10-28 21:25:22.913 [info] > git config --get commit.template [9ms]
2023-10-28 21:25:22.915 [info] > git for-each-ref --format=%(refname)%00%(upstream:short)%00%(objectname)%00%(upstream:track)%00%(upstream:remotename)%00%(upstream:remoteref) refs/heads/Vinicius refs/remotes/Vinicius [3ms]
2023-10-28 21:25:22.939 [info] > git status -z -uall [18ms]
2023-10-28 21:25:27.957 [info] > git config --get commit.template [8ms]
2023-10-28 21:25:27.960 [info] > git for-each-ref --format=%(refname)%00%(upstream:short)%00%(objectname)%00%(upstream:track)%00%(upstream:remotename)%00%(upstream:remoteref) refs/heads/Vinicius refs/remotes/Vinicius [4ms]
2023-10-28 21:25:27.987 [info] > git status -z -uall [19ms]
2023-10-28 21:25:33.009 [info] > git config --get commit.template [12ms]
2023-10-28 21:25:33.014 [info] > git for-each-ref --format=%(refname)%00%(upstream:short)%00%(objectname)%00%(upstream:track)%00%(upstream:remotename)%00%(upstream:remoteref) refs/heads/Vinicius refs/remotes/Vinicius [9ms]
2023-10-28 21:25:33.040 [info] > git status -z -uall [18ms]
2023-10-28 21:25:34.385 [info] > git check-ignore -v -z --stdin [4ms]
2023-10-28 21:25:38.060 [info] > git config --get commit.template [9ms]
2023-10-28 21:25:38.062 [info] > git for-each-ref --format=%(refname)%00%(upstream:short)%00%(objectname)%00%(upstream:track)%00%(upstream:remotename)%00%(upstream:remoteref) refs/heads/Vinicius refs/remotes/Vinicius [3ms]
2023-10-28 21:25:38.086 [info] > git status -z -uall [18ms]
2023-10-28 21:25:39.127 [info] > git check-ignore -v -z --stdin [5ms]
2023-10-28 21:25:41.263 [info] > git check-ignore -v -z --stdin [3ms]
2023-10-28 21:25:43.109 [info] > git config --get commit.template [11ms]
2023-10-28 21:25:43.128 [info] > git show --textconv :CodeIgniter/system/Database/MySQLi/Connection.php [10ms]
2023-10-28 21:25:43.130 [info] > git for-each-ref --format=%(refname)%00%(upstream:short)%00%(objectname)%00%(upstream:track)%00%(upstream:remotename)%00%(upstream:remoteref) refs/heads/Vinicius refs/remotes/Vinicius [22ms]
2023-10-28 21:25:43.138 [info] > git ls-files --stage -- /var/www/clients/client2/web2/web/sistema/adsgrupo06/CodeIgniter/system/Database/MySQLi/Connection.php [11ms]
2023-10-28 21:25:43.162 [info] > git cat-file -s 5badaf1c4881fbbb5fbde92e2659d3e725ac2e39 [14ms]
2023-10-28 21:25:43.168 [info] > git status -z -uall [31ms]
2023-10-28 21:25:48.187 [info] > git config --get commit.template [8ms]
2023-10-28 21:25:48.189 [info] > git for-each-ref --format=%(refname)%00%(upstream:short)%00%(objectname)%00%(upstream:track)%00%(upstream:remotename)%00%(upstream:remoteref) refs/heads/Vinicius refs/remotes/Vinicius [3ms]
2023-10-28 21:25:48.212 [info] > git status -z -uall [18ms]
2023-10-28 21:25:53.229 [info] > git config --get commit.template [9ms]
2023-10-28 21:25:53.231 [info] > git for-each-ref --format=%(refname)%00%(upstream:short)%00%(objectname)%00%(upstream:track)%00%(upstream:remotename)%00%(upstream:remoteref) refs/heads/Vinicius refs/remotes/Vinicius [3ms]
2023-10-28 21:25:53.255 [info] > git status -z -uall [17ms]
2023-10-28 21:25:58.282 [info] > git config --get commit.template [13ms]
2023-10-28 21:25:58.286 [info] > git for-each-ref --format=%(refname)%00%(upstream:short)%00%(objectname)%00%(upstream:track)%00%(upstream:remotename)%00%(upstream:remoteref) refs/heads/Vinicius refs/remotes/Vinicius [5ms]
2023-10-28 21:25:58.320 [info] > git status -z -uall [25ms]
2023-10-28 21:26:03.345 [info] > git config --get commit.template [8ms]
2023-10-28 21:26:03.347 [info] > git for-each-ref --format=%(refname)%00%(upstream:short)%00%(objectname)%00%(upstream:track)%00%(upstream:remotename)%00%(upstream:remoteref) refs/heads/Vinicius refs/remotes/Vinicius [3ms]
2023-10-28 21:26:03.371 [info] > git status -z -uall [18ms]
2023-10-28 21:26:53.941 [info] > git config --get commit.template [8ms]
2023-10-28 21:26:53.944 [info] > git for-each-ref --format=%(refname)%00%(upstream:short)%00%(objectname)%00%(upstream:track)%00%(upstream:remotename)%00%(upstream:remoteref) refs/heads/Vinicius refs/remotes/Vinicius [3ms]
2023-10-28 21:26:53.971 [info] > git status -z -uall [20ms]
2023-10-28 21:28:11.686 [info] > git config --get commit.template [8ms]
2023-10-28 21:28:11.692 [info] > git for-each-ref --format=%(refname)%00%(upstream:short)%00%(objectname)%00%(upstream:track)%00%(upstream:remotename)%00%(upstream:remoteref) refs/heads/Vinicius refs/remotes/Vinicius [7ms]
2023-10-28 21:28:11.871 [info] > git status -z -uall [173ms]
2023-10-28 21:28:16.891 [info] > git config --get commit.template [8ms]
2023-10-28 21:28:16.893 [info] > git for-each-ref --format=%(refname)%00%(upstream:short)%00%(objectname)%00%(upstream:track)%00%(upstream:remotename)%00%(upstream:remoteref) refs/heads/Vinicius refs/remotes/Vinicius [3ms]
2023-10-28 21:28:16.919 [info] > git status -z -uall [21ms]
2023-10-28 21:28:21.949 [info] > git config --get commit.template [11ms]
2023-10-28 21:28:21.953 [info] > git for-each-ref --format=%(refname)%00%(upstream:short)%00%(objectname)%00%(upstream:track)%00%(upstream:remotename)%00%(upstream:remoteref) refs/heads/Vinicius refs/remotes/Vinicius [5ms]
2023-10-28 21:28:21.984 [info] > git status -z -uall [25ms]
2023-10-28 21:28:27.009 [info] > git config --get commit.template [12ms]
2023-10-28 21:28:27.012 [info] > git for-each-ref --format=%(refname)%00%(upstream:short)%00%(objectname)%00%(upstream:track)%00%(upstream:remotename)%00%(upstream:remoteref) refs/heads/Vinicius refs/remotes/Vinicius [4ms]
2023-10-28 21:28:27.046 [info] > git status -z -uall [25ms]
2023-10-28 21:28:32.071 [info] > git config --get commit.template [14ms]
2023-10-28 21:28:32.073 [info] > git for-each-ref --format=%(refname)%00%(upstream:short)%00%(objectname)%00%(upstream:track)%00%(upstream:remotename)%00%(upstream:remoteref) refs/heads/Vinicius refs/remotes/Vinicius [3ms]
2023-10-28 21:28:32.096 [info] > git status -z -uall [18ms]
