[Info  - 1:13:24 PM] Initialising intelephense 1.10.1
[Info  - 1:13:24 PM] Initialised in 522 ms
[Info  - 1:13:24 PM] Environment changed. Refreshing 1 in memory documents.
[Info  - 1:13:24 PM] Searching file:///var/www/clients/client2/web2/web/sistema/adsgrupo06/.vscode-server/extensions/bmewburn.vscode-intelephense-client-1.10.1/node_modules/intelephense/lib/stub for files to index.
[Info  - 1:13:25 PM] Searching file:///var/www/clients/client2/web2/web/sistema/adsgrupo06 for files to index.
[Warn  - 1:13:27 PM] file:///var/www/clients/client2/web2/web/sistema/adsgrupo06/ProgWeb_g6.erro/vendor/fakerphp/faker/src/Faker/Provider/nl_BE/Text.php is over the maximum file size of 1000000 bytes.
[Info  - 1:13:27 PM] Indexing started.
[Info  - 1:13:50 PM] Indexing ended. 3066 files indexed in 23s.
[Info  - 1:13:50 PM] Writing state to /var/www/clients/client2/web2/web/sistema/adsgrupo06/.vscode-server/data/User/workspaceStorage/9b3cef0c395bd085f4695430ae95afb4/bmewburn.vscode-intelephense-client/2c48acd2.
[Info  - 1:13:54 PM] Wrote state in 3.3s.
[Info  - 1:14:56 PM] Searching file:///var/www/clients/client2/web2/web/sistema/adsgrupo06/.vscode-server/data/User/History/16675f3d for files to index.
[Info  - 1:15:01 PM] Searching file:///var/www/clients/client2/web2/web/sistema/adsgrupo06/.vscode-server/data/User/History/16397255 for files to index.
[Info  - 1:15:05 PM] Searching file:///var/www/clients/client2/web2/web/sistema/adsgrupo06/.vscode-server/data/User/History/5602937 for files to index.
[Info  - 1:15:07 PM] Searching file:///var/www/clients/client2/web2/web/sistema/adsgrupo06/.vscode-server/data/User/History/-18062718 for files to index.
[Info  - 1:46:44 PM] Indexing started.
[Info  - 1:46:44 PM] Indexing ended. 1 files indexed in 0s.
[Info  - 1:46:50 PM] Indexing started.
[Info  - 1:46:50 PM] Indexing ended. 1 files indexed in 0s.
[Info  - 1:47:18 PM] Indexing started.
[Info  - 1:47:19 PM] Indexing ended. 1 files indexed in 0s.
[Info  - 1:47:23 PM] Indexing started.
[Info  - 1:47:23 PM] Indexing ended. 1 files indexed in 0s.
[Info  - 1:47:29 PM] Indexing started.
[Info  - 1:47:29 PM] Indexing ended. 1 files indexed in 0s.
[Info  - 1:47:37 PM] Indexing started.
[Info  - 1:47:37 PM] Indexing ended. 1 files indexed in 0s.
[Info  - 1:47:39 PM] Indexing started.
[Info  - 1:47:39 PM] Indexing ended. 1 files indexed in 0s.
[Info  - 1:47:40 PM] Indexing started.
[Info  - 1:47:40 PM] Indexing ended. 1 files indexed in 0s.
[Info  - 1:48:04 PM] Indexing started.
[Info  - 1:48:04 PM] Indexing ended. 1 files indexed in 0s.
[Info  - 1:50:54 PM] Indexing started.
[Info  - 1:50:54 PM] Indexing ended. 1 files indexed in 0s.
[Info  - 1:50:58 PM] Indexing started.
[Info  - 1:50:58 PM] Indexing ended. 1 files indexed in 0s.
[Info  - 1:51:14 PM] Indexing started.
[Info  - 1:51:14 PM] Indexing ended. 1 files indexed in 0s.
[Info  - 1:51:41 PM] Indexing started.
[Info  - 1:51:41 PM] Indexing ended. 1 files indexed in 0s.
[Info  - 1:51:43 PM] Indexing started.
[Info  - 1:51:43 PM] Indexing ended. 1 files indexed in 0s.
[Info  - 1:51:47 PM] Indexing started.
[Info  - 1:51:47 PM] Indexing ended. 1 files indexed in 0s.
[Info  - 1:51:52 PM] Indexing started.
[Info  - 1:51:52 PM] Indexing ended. 1 files indexed in 0s.
[Info  - 1:51:55 PM] Indexing started.
[Info  - 1:51:55 PM] Indexing ended. 1 files indexed in 0s.
[Info  - 1:51:58 PM] Indexing started.
[Info  - 1:51:58 PM] Indexing ended. 1 files indexed in 0s.
[Info  - 1:52:01 PM] Indexing started.
[Info  - 1:52:01 PM] Indexing ended. 1 files indexed in 0s.
[Info  - 1:52:05 PM] Indexing started.
[Info  - 1:52:05 PM] Indexing ended. 1 files indexed in 0s.
[Info  - 1:52:06 PM] Indexing started.
[Info  - 1:52:07 PM] Indexing ended. 1 files indexed in 0s.
[Info  - 1:52:10 PM] Indexing started.
[Info  - 1:52:10 PM] Indexing ended. 1 files indexed in 0s.
[Info  - 1:52:12 PM] Indexing started.
[Info  - 1:52:12 PM] Indexing ended. 1 files indexed in 0s.
[Info  - 1:52:17 PM] Indexing started.
[Info  - 1:52:17 PM] Indexing ended. 1 files indexed in 0s.
[Info  - 1:52:20 PM] Indexing started.
[Info  - 1:52:20 PM] Indexing ended. 1 files indexed in 0s.
[Info  - 1:52:22 PM] Indexing started.
[Info  - 1:52:22 PM] Indexing ended. 1 files indexed in 0s.
[Info  - 1:52:34 PM] Indexing started.
[Info  - 1:52:34 PM] Indexing ended. 1 files indexed in 0s.
[Info  - 1:52:38 PM] Indexing started.
[Info  - 1:52:38 PM] Indexing ended. 1 files indexed in 0s.
[Info  - 1:52:42 PM] Indexing started.
[Info  - 1:52:43 PM] Indexing ended. 1 files indexed in 0s.
[Info  - 1:52:45 PM] Indexing started.
[Info  - 1:52:45 PM] Indexing ended. 1 files indexed in 0s.
[Info  - 1:54:13 PM] Searching file:///var/www/clients/client2/web2/web/sistema/adsgrupo06/CodeIgniter/system/Images/Icons for files to index.
[Info  - 1:55:19 PM] Indexing started.
[Info  - 1:55:19 PM] Indexing ended. 1 files indexed in 0s.
[Info  - 1:55:41 PM] Indexing started.
[Info  - 1:55:41 PM] Indexing ended. 1 files indexed in 0s.
[Info  - 1:55:44 PM] Indexing started.
[Info  - 1:55:44 PM] Indexing ended. 1 files indexed in 0s.
[Info  - 1:55:58 PM] Indexing started.
[Info  - 1:55:58 PM] Indexing ended. 1 files indexed in 0s.
[Info  - 1:56:00 PM] Indexing started.
[Info  - 1:56:00 PM] Indexing ended. 1 files indexed in 0s.
[Info  - 1:56:01 PM] Indexing started.
[Info  - 1:56:01 PM] Indexing ended. 1 files indexed in 0s.
[Info  - 1:56:05 PM] Indexing started.
[Info  - 1:56:05 PM] Indexing ended. 1 files indexed in 0s.
[Info  - 1:56:07 PM] Indexing started.
[Info  - 1:56:07 PM] Indexing ended. 1 files indexed in 0s.
[Info  - 1:56:10 PM] Indexing started.
[Info  - 1:56:10 PM] Indexing ended. 1 files indexed in 0s.
[Info  - 1:58:04 PM] Indexing started.
[Info  - 1:58:04 PM] Indexing ended. 1 files indexed in 0s.
[Info  - 1:58:33 PM] Indexing started.
[Info  - 1:58:33 PM] Indexing ended. 1 files indexed in 0s.
[Info  - 1:58:51 PM] Indexing started.
[Info  - 1:58:51 PM] Indexing ended. 1 files indexed in 0s.
[Info  - 1:59:05 PM] Indexing started.
[Info  - 1:59:05 PM] Indexing ended. 1 files indexed in 0s.
[Info  - 1:59:22 PM] Indexing started.
[Info  - 1:59:22 PM] Indexing ended. 1 files indexed in 0s.
[Info  - 1:59:26 PM] Indexing started.
[Info  - 1:59:26 PM] Indexing ended. 1 files indexed in 0s.
[Info  - 1:59:34 PM] Indexing started.
[Info  - 1:59:34 PM] Indexing ended. 1 files indexed in 0s.
[Info  - 2:00:49 PM] Indexing started.
[Info  - 2:00:50 PM] Indexing ended. 1 files indexed in 0s.
[Info  - 2:01:04 PM] Indexing started.
[Info  - 2:01:05 PM] Indexing ended. 1 files indexed in 0s.
[Info  - 2:01:35 PM] Indexing started.
[Info  - 2:01:35 PM] Indexing ended. 1 files indexed in 0s.
[Info  - 2:01:37 PM] Indexing started.
[Info  - 2:01:37 PM] Indexing ended. 1 files indexed in 0s.
[Info  - 2:01:45 PM] Indexing started.
[Info  - 2:01:45 PM] Indexing ended. 1 files indexed in 0s.
[Info  - 2:01:47 PM] Indexing started.
[Info  - 2:01:47 PM] Indexing ended. 1 files indexed in 0s.
[Info  - 2:01:50 PM] Indexing started.
[Info  - 2:01:50 PM] Indexing ended. 1 files indexed in 0s.
[Info  - 2:01:52 PM] Indexing started.
[Info  - 2:01:53 PM] Indexing ended. 1 files indexed in 0s.
[Info  - 2:02:01 PM] Indexing started.
[Info  - 2:02:02 PM] Indexing ended. 1 files indexed in 0s.
[Info  - 2:02:20 PM] Indexing started.
[Info  - 2:02:20 PM] Indexing ended. 1 files indexed in 0s.
[Info  - 2:02:22 PM] Indexing started.
[Info  - 2:02:22 PM] Indexing ended. 1 files indexed in 0s.
[Info  - 2:02:54 PM] Indexing started.
[Info  - 2:02:55 PM] Indexing ended. 1 files indexed in 0s.
[Info  - 2:04:38 PM] Indexing started.
[Info  - 2:04:38 PM] Indexing ended. 1 files indexed in 0s.
[Info  - 2:04:42 PM] Indexing started.
[Info  - 2:04:42 PM] Indexing ended. 1 files indexed in 0s.
[Info  - 2:05:31 PM] Indexing started.
[Info  - 2:05:31 PM] Indexing ended. 1 files indexed in 0s.
[Info  - 2:05:48 PM] Indexing started.
[Info  - 2:05:48 PM] Indexing ended. 1 files indexed in 0s.
[Info  - 2:07:13 PM] Indexing started.
[Info  - 2:07:14 PM] Indexing ended. 1 files indexed in 0s.
[Info  - 2:07:15 PM] Indexing started.
[Info  - 2:07:15 PM] Indexing ended. 1 files indexed in 0s.
[Info  - 2:09:32 PM] Indexing started.
[Info  - 2:09:33 PM] Indexing ended. 1 files indexed in 0s.
[Info  - 2:09:35 PM] Indexing started.
[Info  - 2:09:36 PM] Indexing ended. 1 files indexed in 1s.
[Info  - 2:09:36 PM] Indexing started.
[Info  - 2:09:36 PM] Indexing ended. 1 files indexed in 0s.
[Info  - 2:09:38 PM] Indexing started.
[Info  - 2:09:39 PM] Indexing ended. 1 files indexed in 0s.
[Info  - 2:09:41 PM] Indexing started.
[Info  - 2:09:41 PM] Indexing ended. 1 files indexed in 0s.
[Info  - 2:09:44 PM] Indexing started.
[Info  - 2:09:44 PM] Indexing ended. 1 files indexed in 0s.
[Info  - 2:09:47 PM] Indexing started.
[Info  - 2:09:47 PM] Indexing ended. 1 files indexed in 0s.
[Info  - 2:09:49 PM] Indexing started.
[Info  - 2:09:50 PM] Indexing ended. 1 files indexed in 0s.
[Info  - 2:09:51 PM] Indexing started.
[Info  - 2:09:51 PM] Indexing ended. 1 files indexed in 0s.
[Info  - 2:09:53 PM] Indexing started.
[Info  - 2:09:53 PM] Indexing ended. 1 files indexed in 0s.
[Info  - 2:09:56 PM] Indexing started.
[Info  - 2:09:56 PM] Indexing ended. 1 files indexed in 0s.
[Info  - 2:09:59 PM] Indexing started.
[Info  - 2:10:00 PM] Indexing ended. 1 files indexed in 0s.
[Info  - 2:10:06 PM] Indexing started.
[Info  - 2:10:06 PM] Indexing ended. 1 files indexed in 0s.
[Info  - 2:10:07 PM] Indexing started.
[Info  - 2:10:07 PM] Indexing ended. 1 files indexed in 0s.
[Info  - 2:10:10 PM] Indexing started.
[Info  - 2:10:10 PM] Indexing ended. 1 files indexed in 0s.
[Info  - 2:10:13 PM] Indexing started.
[Info  - 2:10:14 PM] Indexing ended. 1 files indexed in 0s.
[Info  - 2:10:16 PM] Indexing started.
[Info  - 2:10:17 PM] Indexing ended. 1 files indexed in 0s.
[Info  - 2:10:22 PM] Indexing started.
[Info  - 2:10:22 PM] Indexing ended. 1 files indexed in 0s.
[Info  - 2:10:49 PM] Indexing started.
[Info  - 2:10:50 PM] Indexing ended. 1 files indexed in 0s.
[Info  - 2:10:58 PM] Indexing started.
[Info  - 2:10:58 PM] Indexing ended. 1 files indexed in 0s.
[Info  - 2:11:03 PM] Indexing started.
[Info  - 2:11:03 PM] Indexing ended. 1 files indexed in 0s.
[Info  - 2:11:07 PM] Indexing started.
[Info  - 2:11:08 PM] Indexing ended. 1 files indexed in 0s.
[Info  - 2:11:13 PM] Indexing started.
[Info  - 2:11:13 PM] Indexing ended. 1 files indexed in 0s.
[Info  - 2:11:47 PM] Indexing started.
[Info  - 2:11:47 PM] Indexing ended. 1 files indexed in 0s.
[Info  - 2:11:50 PM] Indexing started.
[Info  - 2:11:50 PM] Indexing ended. 1 files indexed in 0s.
[Info  - 2:11:56 PM] Indexing started.
[Info  - 2:11:56 PM] Indexing ended. 1 files indexed in 0s.
[Info  - 2:11:56 PM] Indexing started.
[Info  - 2:11:57 PM] Indexing ended. 1 files indexed in 0s.
[Info  - 2:11:59 PM] Indexing started.
[Info  - 2:11:59 PM] Indexing ended. 1 files indexed in 0s.
[Info  - 2:12:01 PM] Indexing started.
[Info  - 2:12:01 PM] Indexing ended. 1 files indexed in 0s.
[Info  - 2:12:07 PM] Indexing started.
[Info  - 2:12:07 PM] Indexing ended. 1 files indexed in 0s.
[Info  - 2:12:40 PM] Indexing started.
[Info  - 2:12:41 PM] Indexing ended. 1 files indexed in 0s.
[Info  - 2:12:44 PM] Indexing started.
[Info  - 2:12:44 PM] Indexing ended. 1 files indexed in 0s.
[Info  - 2:12:46 PM] Indexing started.
[Info  - 2:12:47 PM] Indexing ended. 1 files indexed in 0s.
[Info  - 2:12:48 PM] Indexing started.
[Info  - 2:12:48 PM] Indexing ended. 1 files indexed in 0s.
[Info  - 2:12:53 PM] Indexing started.
[Info  - 2:12:54 PM] Indexing ended. 1 files indexed in 0s.
[Info  - 2:13:17 PM] Indexing started.
[Info  - 2:13:17 PM] Indexing ended. 1 files indexed in 0s.
[Info  - 2:13:23 PM] Indexing started.
[Info  - 2:13:23 PM] Indexing ended. 2 files indexed in 0s.
[Info  - 2:13:29 PM] Indexing started.
[Info  - 2:13:30 PM] Indexing ended. 1 files indexed in 0s.
[Info  - 2:14:11 PM] Indexing started.
[Info  - 2:14:11 PM] Indexing ended. 1 files indexed in 0s.
[Info  - 2:14:13 PM] Indexing started.
[Info  - 2:14:13 PM] Indexing ended. 1 files indexed in 0s.
[Info  - 2:14:21 PM] Indexing started.
[Info  - 2:14:21 PM] Indexing ended. 1 files indexed in 0s.
[Info  - 2:14:24 PM] Indexing started.
[Info  - 2:14:24 PM] Indexing ended. 1 files indexed in 0s.
[Info  - 2:14:45 PM] Indexing started.
[Info  - 2:14:45 PM] Indexing ended. 1 files indexed in 0s.
[Info  - 2:14:53 PM] Indexing started.
[Info  - 2:14:54 PM] Indexing ended. 1 files indexed in 0s.
[Info  - 2:14:55 PM] Indexing started.
[Info  - 2:14:55 PM] Indexing ended. 1 files indexed in 0s.
[Info  - 2:14:57 PM] Indexing started.
[Info  - 2:14:57 PM] Indexing ended. 1 files indexed in 0s.
[Info  - 2:15:01 PM] Indexing started.
[Info  - 2:15:01 PM] Indexing ended. 1 files indexed in 0s.
[Info  - 2:15:11 PM] Indexing started.
[Info  - 2:15:11 PM] Indexing ended. 1 files indexed in 0s.
[Info  - 2:15:21 PM] Indexing started.
[Info  - 2:15:21 PM] Indexing ended. 1 files indexed in 0s.
[Info  - 2:15:34 PM] Indexing started.
[Info  - 2:15:34 PM] Indexing ended. 1 files indexed in 0s.
[Info  - 2:16:14 PM] Indexing started.
[Info  - 2:16:14 PM] Indexing ended. 1 files indexed in 0s.
[Info  - 2:16:17 PM] Indexing started.
[Info  - 2:16:17 PM] Indexing ended. 1 files indexed in 0s.
[Info  - 2:16:19 PM] Indexing started.
[Info  - 2:16:19 PM] Indexing ended. 1 files indexed in 0s.
[Info  - 2:16:29 PM] Indexing started.
[Info  - 2:16:29 PM] Indexing ended. 1 files indexed in 0s.
[Info  - 2:16:31 PM] Indexing started.
[Info  - 2:16:31 PM] Indexing ended. 1 files indexed in 0s.
[Info  - 2:16:33 PM] Indexing started.
[Info  - 2:16:34 PM] Indexing ended. 1 files indexed in 0s.
