2023-11-02 14:35:54.067 [info] Log level: Info
2023-11-02 14:35:54.067 [info] Validating found git in: "git"
2023-11-02 14:35:54.067 [info] Using git "2.20.1" from "git"
2023-11-02 14:35:54.067 [info] > git rev-parse --show-toplevel [7ms]
2023-11-02 14:35:54.067 [info] > git rev-parse --git-dir --git-common-dir [5ms]
2023-11-02 14:35:54.067 [info] Open repository: /var/www/clients/client2/web2/web/sistema/adsgrupo06
2023-11-02 14:35:54.067 [info] > git config --get commit.template [10ms]
2023-11-02 14:35:54.067 [info] > git rev-parse --show-toplevel [45ms]
2023-11-02 14:35:54.067 [info] > git for-each-ref --format=%(refname)%00%(upstream:short)%00%(objectname)%00%(upstream:track)%00%(upstream:remotename)%00%(upstream:remoteref) refs/heads/Vinicius refs/remotes/Vinicius [22ms]
2023-11-02 14:35:54.067 [info] > git rev-parse --show-toplevel [20ms]
2023-11-02 14:35:54.067 [info] > git rev-parse --show-toplevel [15ms]
2023-11-02 14:35:54.067 [info] > git rev-parse --show-toplevel [8ms]
2023-11-02 14:35:54.099 [info] > git status -z -uall [116ms]
2023-11-02 14:35:54.167 [info] > git rev-parse --show-toplevel [86ms]
2023-11-02 14:35:54.241 [info] > git config --get commit.template [75ms]
2023-11-02 14:35:54.312 [info] > git rev-parse --show-toplevel [132ms]
2023-11-02 14:35:54.325 [info] > git for-each-ref --format=%(refname)%00%(upstream:short)%00%(objectname)%00%(upstream:track)%00%(upstream:remotename)%00%(upstream:remoteref) refs/heads/Vinicius refs/remotes/Vinicius [15ms]
2023-11-02 14:35:54.333 [info] > git rev-parse --show-toplevel [15ms]
2023-11-02 14:35:54.350 [info] > git rev-parse --show-toplevel [10ms]
2023-11-02 14:35:54.378 [info] > git status -z -uall [47ms]
2023-11-02 14:35:54.378 [info] > git rev-parse --show-toplevel [12ms]
2023-11-02 14:35:54.835 [info] > git check-ignore -v -z --stdin [5ms]
2023-11-02 14:35:56.362 [info] > git config --get commit.template [8ms]
2023-11-02 14:35:56.365 [info] > git for-each-ref --format=%(refname)%00%(upstream:short)%00%(objectname)%00%(upstream:track)%00%(upstream:remotename)%00%(upstream:remoteref) refs/heads/Vinicius refs/remotes/Vinicius [4ms]
2023-11-02 14:35:56.421 [info] > git status -z -uall [49ms]
2023-11-02 14:35:58.411 [info] > git check-ignore -v -z --stdin [3ms]
2023-11-02 14:36:00.032 [info] > git check-ignore -v -z --stdin [4ms]
2023-11-02 14:36:01.495 [info] > git config --get commit.template [32ms]
2023-11-02 14:36:01.500 [info] > git for-each-ref --format=%(refname)%00%(upstream:short)%00%(objectname)%00%(upstream:track)%00%(upstream:remotename)%00%(upstream:remoteref) refs/heads/Vinicius refs/remotes/Vinicius [7ms]
2023-11-02 14:36:01.536 [info] > git status -z -uall [27ms]
2023-11-02 14:36:02.186 [info] > git check-ignore -v -z --stdin [3ms]
2023-11-02 14:36:06.554 [info] > git config --get commit.template [7ms]
2023-11-02 14:36:06.556 [info] > git for-each-ref --format=%(refname)%00%(upstream:short)%00%(objectname)%00%(upstream:track)%00%(upstream:remotename)%00%(upstream:remoteref) refs/heads/Vinicius refs/remotes/Vinicius [3ms]
2023-11-02 14:36:06.579 [info] > git status -z -uall [18ms]
2023-11-02 14:36:07.494 [info] > git check-ignore -v -z --stdin [5ms]
2023-11-02 14:36:11.556 [info] > git check-ignore -v -z --stdin [5ms]
2023-11-02 14:36:11.596 [info] > git config --get commit.template [7ms]
2023-11-02 14:36:11.598 [info] > git for-each-ref --format=%(refname)%00%(upstream:short)%00%(objectname)%00%(upstream:track)%00%(upstream:remotename)%00%(upstream:remoteref) refs/heads/Vinicius refs/remotes/Vinicius [3ms]
2023-11-02 14:36:11.620 [info] > git status -z -uall [17ms]
2023-11-02 14:36:16.638 [info] > git config --get commit.template [7ms]
2023-11-02 14:36:16.640 [info] > git for-each-ref --format=%(refname)%00%(upstream:short)%00%(objectname)%00%(upstream:track)%00%(upstream:remotename)%00%(upstream:remoteref) refs/heads/Vinicius refs/remotes/Vinicius [4ms]
2023-11-02 14:36:16.662 [info] > git status -z -uall [17ms]
2023-11-02 14:36:17.407 [info] > git check-ignore -v -z --stdin [4ms]
2023-11-02 14:36:21.679 [info] > git config --get commit.template [7ms]
2023-11-02 14:36:21.681 [info] > git for-each-ref --format=%(refname)%00%(upstream:short)%00%(objectname)%00%(upstream:track)%00%(upstream:remotename)%00%(upstream:remoteref) refs/heads/Vinicius refs/remotes/Vinicius [3ms]
2023-11-02 14:36:21.703 [info] > git status -z -uall [17ms]
2023-11-02 14:36:22.334 [info] > git check-ignore -v -z --stdin [4ms]
2023-11-02 14:36:24.650 [info] > git check-ignore -v -z --stdin [4ms]
2023-11-02 14:36:26.729 [info] > git config --get commit.template [12ms]
2023-11-02 14:36:26.732 [info] > git for-each-ref --format=%(refname)%00%(upstream:short)%00%(objectname)%00%(upstream:track)%00%(upstream:remotename)%00%(upstream:remoteref) refs/heads/Vinicius refs/remotes/Vinicius [5ms]
2023-11-02 14:36:26.766 [info] > git status -z -uall [26ms]
2023-11-02 14:36:27.060 [info] > git check-ignore -v -z --stdin [5ms]
2023-11-02 14:36:28.866 [info] > git show --textconv :CodeIgniter/app/Views/welcome_message.php [13ms]
2023-11-02 14:36:28.871 [info] > git ls-files --stage -- /var/www/clients/client2/web2/web/sistema/adsgrupo06/CodeIgniter/app/Views/welcome_message.php [9ms]
2023-11-02 14:36:28.879 [info] > git cat-file -s 9ee2e427c308fa0b4f23cf6dcf326e672abfba70 [3ms]
2023-11-02 14:36:31.789 [info] > git config --get commit.template [7ms]
2023-11-02 14:36:31.793 [info] > git for-each-ref --format=%(refname)%00%(upstream:short)%00%(objectname)%00%(upstream:track)%00%(upstream:remotename)%00%(upstream:remoteref) refs/heads/Vinicius refs/remotes/Vinicius [6ms]
2023-11-02 14:36:31.814 [info] > git status -z -uall [17ms]
2023-11-02 14:36:36.839 [info] > git config --get commit.template [10ms]
2023-11-02 14:36:36.842 [info] > git for-each-ref --format=%(refname)%00%(upstream:short)%00%(objectname)%00%(upstream:track)%00%(upstream:remotename)%00%(upstream:remoteref) refs/heads/Vinicius refs/remotes/Vinicius [4ms]
2023-11-02 14:36:36.875 [info] > git status -z -uall [26ms]
2023-11-02 14:36:41.908 [info] > git config --get commit.template [11ms]
2023-11-02 14:36:41.918 [info] > git for-each-ref --format=%(refname)%00%(upstream:short)%00%(objectname)%00%(upstream:track)%00%(upstream:remotename)%00%(upstream:remoteref) refs/heads/Vinicius refs/remotes/Vinicius [11ms]
2023-11-02 14:36:41.967 [info] > git status -z -uall [41ms]
2023-11-02 14:36:47.039 [info] > git config --get commit.template [38ms]
2023-11-02 14:36:47.041 [info] > git for-each-ref --format=%(refname)%00%(upstream:short)%00%(objectname)%00%(upstream:track)%00%(upstream:remotename)%00%(upstream:remoteref) refs/heads/Vinicius refs/remotes/Vinicius [23ms]
2023-11-02 14:36:47.325 [info] > git status -z -uall [276ms]
2023-11-02 14:38:26.550 [info] > git config --get commit.template [21ms]
2023-11-02 14:38:26.553 [info] > git for-each-ref --format=%(refname)%00%(upstream:short)%00%(objectname)%00%(upstream:track)%00%(upstream:remotename)%00%(upstream:remoteref) refs/heads/Vinicius refs/remotes/Vinicius [19ms]
2023-11-02 14:38:26.761 [info] > git status -z -uall [203ms]
2023-11-02 14:38:31.786 [info] > git config --get commit.template [10ms]
2023-11-02 14:38:31.789 [info] > git for-each-ref --format=%(refname)%00%(upstream:short)%00%(objectname)%00%(upstream:track)%00%(upstream:remotename)%00%(upstream:remoteref) refs/heads/Vinicius refs/remotes/Vinicius [4ms]
2023-11-02 14:38:31.823 [info] > git status -z -uall [26ms]
2023-11-02 14:38:36.847 [info] > git config --get commit.template [11ms]
2023-11-02 14:38:36.849 [info] > git for-each-ref --format=%(refname)%00%(upstream:short)%00%(objectname)%00%(upstream:track)%00%(upstream:remotename)%00%(upstream:remoteref) refs/heads/Vinicius refs/remotes/Vinicius [3ms]
2023-11-02 14:38:36.871 [info] > git status -z -uall [18ms]
2023-11-02 14:38:41.889 [info] > git config --get commit.template [7ms]
2023-11-02 14:38:41.891 [info] > git for-each-ref --format=%(refname)%00%(upstream:short)%00%(objectname)%00%(upstream:track)%00%(upstream:remotename)%00%(upstream:remoteref) refs/heads/Vinicius refs/remotes/Vinicius [3ms]
2023-11-02 14:38:41.915 [info] > git status -z -uall [19ms]
2023-11-02 14:38:46.939 [info] > git config --get commit.template [7ms]
2023-11-02 14:38:46.941 [info] > git for-each-ref --format=%(refname)%00%(upstream:short)%00%(objectname)%00%(upstream:track)%00%(upstream:remotename)%00%(upstream:remoteref) refs/heads/Vinicius refs/remotes/Vinicius [3ms]
2023-11-02 14:38:46.964 [info] > git status -z -uall [19ms]
2023-11-02 14:38:51.898 [info] > git check-ignore -v -z --stdin [4ms]
2023-11-02 14:38:51.980 [info] > git config --get commit.template [7ms]
2023-11-02 14:38:51.983 [info] > git for-each-ref --format=%(refname)%00%(upstream:short)%00%(objectname)%00%(upstream:track)%00%(upstream:remotename)%00%(upstream:remoteref) refs/heads/Vinicius refs/remotes/Vinicius [4ms]
2023-11-02 14:38:52.009 [info] > git status -z -uall [21ms]
2023-11-02 14:38:52.061 [info] > git show --textconv :CodeIgniter/app/Views/Lab4.php [16ms]
2023-11-02 14:38:52.065 [info] > git ls-files --stage -- /var/www/clients/client2/web2/web/sistema/adsgrupo06/CodeIgniter/app/Views/Lab4.php [13ms]
2023-11-02 14:38:57.026 [info] > git config --get commit.template [6ms]
2023-11-02 14:38:57.028 [info] > git for-each-ref --format=%(refname)%00%(upstream:short)%00%(objectname)%00%(upstream:track)%00%(upstream:remotename)%00%(upstream:remoteref) refs/heads/Vinicius refs/remotes/Vinicius [3ms]
2023-11-02 14:38:57.052 [info] > git status -z -uall [20ms]
2023-11-02 14:39:03.402 [info] > git config --get commit.template [16ms]
2023-11-02 14:39:03.404 [info] > git for-each-ref --format=%(refname)%00%(upstream:short)%00%(objectname)%00%(upstream:track)%00%(upstream:remotename)%00%(upstream:remoteref) refs/heads/Vinicius refs/remotes/Vinicius [11ms]
2023-11-02 14:39:03.531 [info] > git status -z -uall [122ms]
2023-11-02 14:39:08.549 [info] > git config --get commit.template [8ms]
2023-11-02 14:39:08.551 [info] > git for-each-ref --format=%(refname)%00%(upstream:short)%00%(objectname)%00%(upstream:track)%00%(upstream:remotename)%00%(upstream:remoteref) refs/heads/Vinicius refs/remotes/Vinicius [4ms]
2023-11-02 14:39:08.572 [info] > git status -z -uall [17ms]
