2023-11-19 17:07:39.660 [info] Log level: Info
2023-11-19 17:07:39.660 [info] Validating found git in: "git"
2023-11-19 17:07:39.660 [info] Using git "2.20.1" from "git"
2023-11-19 17:07:39.660 [info] > git rev-parse --show-toplevel [16ms]
2023-11-19 17:07:39.660 [info] > git rev-parse --git-dir --git-common-dir [11ms]
2023-11-19 17:07:39.660 [info] Open repository: /var/www/clients/client2/web2/web/sistema/adsgrupo06
2023-11-19 17:07:39.660 [info] > git config --get commit.template [48ms]
2023-11-19 17:07:39.660 [info] > git rev-parse --show-toplevel [39ms]
2023-11-19 17:07:39.660 [info] > git for-each-ref --format=%(refname)%00%(upstream:short)%00%(objectname)%00%(upstream:track)%00%(upstream:remotename)%00%(upstream:remoteref) refs/heads/Vinicius refs/remotes/Vinicius [55ms]
2023-11-19 17:07:39.661 [info] > git rev-parse --show-toplevel [87ms]
2023-11-19 17:07:39.781 [info] > git rev-parse --show-toplevel [110ms]
2023-11-19 17:07:40.087 [info] > git status -z -uall [428ms]
2023-11-19 17:07:40.442 [info] > git rev-parse --show-toplevel [557ms]
2023-11-19 17:07:42.063 [info] > git rev-parse --show-toplevel [193ms]
2023-11-19 17:07:42.070 [info] > git config --get commit.template [223ms]
2023-11-19 17:07:42.202 [info] > git rev-parse --show-toplevel [61ms]
2023-11-19 17:07:42.307 [info] > git for-each-ref --format=%(refname)%00%(upstream:short)%00%(objectname)%00%(upstream:track)%00%(upstream:remotename)%00%(upstream:remoteref) refs/heads/Vinicius refs/remotes/Vinicius [118ms]
2023-11-19 17:07:42.337 [info] > git rev-parse --show-toplevel [35ms]
2023-11-19 17:07:42.530 [info] > git rev-parse --show-toplevel [109ms]
2023-11-19 17:07:42.654 [info] > git rev-parse --show-toplevel [78ms]
2023-11-19 17:07:42.722 [info] > git check-ignore -v -z --stdin [77ms]
2023-11-19 17:07:42.727 [info] > git rev-parse --show-toplevel [20ms]
2023-11-19 17:07:42.827 [info] > git status -z -uall [491ms]
2023-11-19 17:07:44.742 [info] > git check-ignore -v -z --stdin [349ms]
2023-11-19 17:07:44.842 [info] > git ls-files --stage -- /var/www/clients/client2/web2/web/sistema/adsgrupo06/CodeIgniter/app/Views/salas_exibir.php [13ms]
2023-11-19 17:07:44.857 [info] > git show --textconv :CodeIgniter/app/Views/salas_exibir.php [45ms]
2023-11-19 17:07:44.877 [info] > git cat-file -s 53dd236803ed5d72f6d6132c2ca2c9af2effac94 [21ms]
2023-11-19 17:07:46.431 [info] > git config --get commit.template [167ms]
2023-11-19 17:07:46.962 [info] > git for-each-ref --format=%(refname)%00%(upstream:short)%00%(objectname)%00%(upstream:track)%00%(upstream:remotename)%00%(upstream:remoteref) refs/heads/Vinicius refs/remotes/Vinicius [616ms]
2023-11-19 17:07:47.401 [info] > git status -z -uall [401ms]
2023-11-19 17:07:56.451 [info] > git config --get commit.template [24ms]
2023-11-19 17:07:56.459 [info] > git for-each-ref --format=%(refname)%00%(upstream:short)%00%(objectname)%00%(upstream:track)%00%(upstream:remotename)%00%(upstream:remoteref) refs/heads/Vinicius refs/remotes/Vinicius [18ms]
2023-11-19 17:07:56.774 [info] > git status -z -uall [296ms]
2023-11-19 17:08:02.051 [info] > git config --get commit.template [98ms]
2023-11-19 17:08:02.063 [info] > git for-each-ref --format=%(refname)%00%(upstream:short)%00%(objectname)%00%(upstream:track)%00%(upstream:remotename)%00%(upstream:remoteref) refs/heads/Vinicius refs/remotes/Vinicius [20ms]
2023-11-19 17:08:02.549 [info] > git status -z -uall [458ms]
2023-11-19 17:08:07.816 [info] > git config --get commit.template [26ms]
2023-11-19 17:08:07.824 [info] > git for-each-ref --format=%(refname)%00%(upstream:short)%00%(objectname)%00%(upstream:track)%00%(upstream:remotename)%00%(upstream:remoteref) refs/heads/Vinicius refs/remotes/Vinicius [12ms]
2023-11-19 17:08:08.081 [info] > git status -z -uall [249ms]
2023-11-19 17:08:13.240 [info] > git config --get commit.template [31ms]
2023-11-19 17:08:13.243 [info] > git for-each-ref --format=%(refname)%00%(upstream:short)%00%(objectname)%00%(upstream:track)%00%(upstream:remotename)%00%(upstream:remoteref) refs/heads/Vinicius refs/remotes/Vinicius [20ms]
2023-11-19 17:08:13.410 [info] > git status -z -uall [151ms]
2023-11-19 17:08:18.538 [info] > git config --get commit.template [11ms]
2023-11-19 17:08:18.541 [info] > git for-each-ref --format=%(refname)%00%(upstream:short)%00%(objectname)%00%(upstream:track)%00%(upstream:remotename)%00%(upstream:remoteref) refs/heads/Vinicius refs/remotes/Vinicius [5ms]
2023-11-19 17:08:18.651 [info] > git status -z -uall [102ms]
2023-11-19 17:08:23.868 [info] > git config --get commit.template [10ms]
2023-11-19 17:08:23.872 [info] > git for-each-ref --format=%(refname)%00%(upstream:short)%00%(objectname)%00%(upstream:track)%00%(upstream:remotename)%00%(upstream:remoteref) refs/heads/Vinicius refs/remotes/Vinicius [6ms]
2023-11-19 17:08:23.951 [info] > git status -z -uall [73ms]
2023-11-19 17:08:29.087 [info] > git config --get commit.template [12ms]
2023-11-19 17:08:29.093 [info] > git for-each-ref --format=%(refname)%00%(upstream:short)%00%(objectname)%00%(upstream:track)%00%(upstream:remotename)%00%(upstream:remoteref) refs/heads/Vinicius refs/remotes/Vinicius [9ms]
2023-11-19 17:08:29.183 [info] > git status -z -uall [79ms]
2023-11-19 17:08:34.317 [info] > git config --get commit.template [13ms]
2023-11-19 17:08:34.320 [info] > git for-each-ref --format=%(refname)%00%(upstream:short)%00%(objectname)%00%(upstream:track)%00%(upstream:remotename)%00%(upstream:remoteref) refs/heads/Vinicius refs/remotes/Vinicius [4ms]
2023-11-19 17:08:34.393 [info] > git status -z -uall [66ms]
2023-11-19 17:08:39.604 [info] > git config --get commit.template [8ms]
2023-11-19 17:08:39.606 [info] > git for-each-ref --format=%(refname)%00%(upstream:short)%00%(objectname)%00%(upstream:track)%00%(upstream:remotename)%00%(upstream:remoteref) refs/heads/Vinicius refs/remotes/Vinicius [4ms]
2023-11-19 17:08:39.679 [info] > git status -z -uall [67ms]
2023-11-19 17:08:44.785 [info] > git config --get commit.template [9ms]
2023-11-19 17:08:44.786 [info] > git for-each-ref --format=%(refname)%00%(upstream:short)%00%(objectname)%00%(upstream:track)%00%(upstream:remotename)%00%(upstream:remoteref) refs/heads/Vinicius refs/remotes/Vinicius [4ms]
2023-11-19 17:08:44.872 [info] > git status -z -uall [80ms]
2023-11-19 17:08:49.978 [info] > git config --get commit.template [10ms]
2023-11-19 17:08:49.981 [info] > git for-each-ref --format=%(refname)%00%(upstream:short)%00%(objectname)%00%(upstream:track)%00%(upstream:remotename)%00%(upstream:remoteref) refs/heads/Vinicius refs/remotes/Vinicius [4ms]
2023-11-19 17:08:50.056 [info] > git status -z -uall [69ms]
2023-11-19 17:12:03.298 [info] > git config --get commit.template [34ms]
2023-11-19 17:12:03.309 [info] > git for-each-ref --format=%(refname)%00%(upstream:short)%00%(objectname)%00%(upstream:track)%00%(upstream:remotename)%00%(upstream:remoteref) refs/heads/Vinicius refs/remotes/Vinicius [40ms]
2023-11-19 17:12:03.574 [info] > git status -z -uall [254ms]
2023-11-19 17:12:05.195 [info] > git check-ignore -v -z --stdin [91ms]
2023-11-19 17:12:09.056 [info] > git config --get commit.template [13ms]
2023-11-19 17:12:09.056 [info] > git for-each-ref --format=%(refname)%00%(upstream:short)%00%(objectname)%00%(upstream:track)%00%(upstream:remotename)%00%(upstream:remoteref) refs/heads/Vinicius refs/remotes/Vinicius [7ms]
2023-11-19 17:12:09.317 [info] > git status -z -uall [254ms]
2023-11-19 17:12:09.886 [info] > git show --textconv :CodeIgniter/app/Controllers/SalasExibir.php [26ms]
2023-11-19 17:12:09.909 [info] > git ls-files --stage -- /var/www/clients/client2/web2/web/sistema/adsgrupo06/CodeIgniter/app/Controllers/SalasExibir.php [38ms]
2023-11-19 17:12:09.991 [info] > git cat-file -s c8559c279919fed197121967b2305fab86a8743f [38ms]
2023-11-19 17:12:14.440 [info] > git config --get commit.template [9ms]
2023-11-19 17:12:14.443 [info] > git for-each-ref --format=%(refname)%00%(upstream:short)%00%(objectname)%00%(upstream:track)%00%(upstream:remotename)%00%(upstream:remoteref) refs/heads/Vinicius refs/remotes/Vinicius [4ms]
2023-11-19 17:12:14.521 [info] > git status -z -uall [71ms]
2023-11-19 17:12:16.555 [info] > git show --textconv :CodeIgniter/app/Controllers/Salas.php [14ms]
2023-11-19 17:12:16.559 [info] > git ls-files --stage -- /var/www/clients/client2/web2/web/sistema/adsgrupo06/CodeIgniter/app/Controllers/Salas.php [8ms]
2023-11-19 17:12:16.568 [info] > git cat-file -s d52875f55aa2d83bad28afde9a91092bd28c0c41 [2ms]
2023-11-19 17:12:19.662 [info] > git config --get commit.template [10ms]
2023-11-19 17:12:19.665 [info] > git for-each-ref --format=%(refname)%00%(upstream:short)%00%(objectname)%00%(upstream:track)%00%(upstream:remotename)%00%(upstream:remoteref) refs/heads/Vinicius refs/remotes/Vinicius [3ms]
2023-11-19 17:12:19.731 [info] > git status -z -uall [59ms]
2023-11-19 17:12:24.907 [info] > git config --get commit.template [52ms]
2023-11-19 17:12:24.908 [info] > git for-each-ref --format=%(refname)%00%(upstream:short)%00%(objectname)%00%(upstream:track)%00%(upstream:remotename)%00%(upstream:remoteref) refs/heads/Vinicius refs/remotes/Vinicius [27ms]
2023-11-19 17:12:25.015 [info] > git status -z -uall [100ms]
2023-11-19 17:12:30.121 [info] > git config --get commit.template [8ms]
2023-11-19 17:12:30.124 [info] > git for-each-ref --format=%(refname)%00%(upstream:short)%00%(objectname)%00%(upstream:track)%00%(upstream:remotename)%00%(upstream:remoteref) refs/heads/Vinicius refs/remotes/Vinicius [3ms]
2023-11-19 17:12:30.194 [info] > git status -z -uall [65ms]
2023-11-19 17:12:35.340 [info] > git config --get commit.template [26ms]
2023-11-19 17:12:35.343 [info] > git for-each-ref --format=%(refname)%00%(upstream:short)%00%(objectname)%00%(upstream:track)%00%(upstream:remotename)%00%(upstream:remoteref) refs/heads/Vinicius refs/remotes/Vinicius [22ms]
2023-11-19 17:12:35.611 [info] > git status -z -uall [254ms]
2023-11-19 17:12:40.792 [info] > git config --get commit.template [10ms]
2023-11-19 17:12:40.796 [info] > git for-each-ref --format=%(refname)%00%(upstream:short)%00%(objectname)%00%(upstream:track)%00%(upstream:remotename)%00%(upstream:remoteref) refs/heads/Vinicius refs/remotes/Vinicius [5ms]
2023-11-19 17:12:40.881 [info] > git status -z -uall [78ms]
2023-11-19 17:12:45.990 [info] > git config --get commit.template [11ms]
2023-11-19 17:12:45.993 [info] > git for-each-ref --format=%(refname)%00%(upstream:short)%00%(objectname)%00%(upstream:track)%00%(upstream:remotename)%00%(upstream:remoteref) refs/heads/Vinicius refs/remotes/Vinicius [4ms]
2023-11-19 17:12:46.067 [info] > git status -z -uall [67ms]
2023-11-19 17:12:50.738 [info] > git ls-files --stage -- /var/www/clients/client2/web2/web/sistema/adsgrupo06/CodeIgniter/app/Controllers/BaseController.php [24ms]
2023-11-19 17:12:50.758 [info] > git show --textconv :CodeIgniter/app/Controllers/BaseController.php [68ms]
2023-11-19 17:12:50.770 [info] > git cat-file -s 0328f140bfdf10451b5a92d2578c28699aaf4b2e [14ms]
2023-11-19 17:12:51.176 [info] > git config --get commit.template [9ms]
2023-11-19 17:12:51.179 [info] > git for-each-ref --format=%(refname)%00%(upstream:short)%00%(objectname)%00%(upstream:track)%00%(upstream:remotename)%00%(upstream:remoteref) refs/heads/Vinicius refs/remotes/Vinicius [4ms]
2023-11-19 17:12:51.348 [info] > git status -z -uall [162ms]
2023-11-19 17:12:52.978 [info] > git ls-files --stage -- /var/www/clients/client2/web2/web/sistema/adsgrupo06/CodeIgniter/app/Controllers/SalasEditarSelecionada.php [10ms]
2023-11-19 17:12:53.000 [info] > git show --textconv :CodeIgniter/app/Controllers/SalasEditarSelecionada.php [42ms]
2023-11-19 17:12:53.005 [info] > git cat-file -s a8ec1a678ad3b00db8372395e0be7c9ce5dd4042 [4ms]
2023-11-19 17:12:56.464 [info] > git config --get commit.template [13ms]
2023-11-19 17:12:56.467 [info] > git for-each-ref --format=%(refname)%00%(upstream:short)%00%(objectname)%00%(upstream:track)%00%(upstream:remotename)%00%(upstream:remoteref) refs/heads/Vinicius refs/remotes/Vinicius [5ms]
2023-11-19 17:12:56.567 [info] > git status -z -uall [93ms]
2023-11-19 17:12:59.642 [info] > git show --textconv :CodeIgniter/app/Views/salas_exibir.php [14ms]
2023-11-19 17:12:59.647 [info] > git ls-files --stage -- /var/www/clients/client2/web2/web/sistema/adsgrupo06/CodeIgniter/app/Views/salas_exibir.php [8ms]
2023-11-19 17:12:59.656 [info] > git cat-file -s 53dd236803ed5d72f6d6132c2ca2c9af2effac94 [2ms]
2023-11-19 17:13:01.708 [info] > git config --get commit.template [15ms]
2023-11-19 17:13:01.718 [info] > git for-each-ref --format=%(refname)%00%(upstream:short)%00%(objectname)%00%(upstream:track)%00%(upstream:remotename)%00%(upstream:remoteref) refs/heads/Vinicius refs/remotes/Vinicius [10ms]
2023-11-19 17:13:01.923 [info] > git status -z -uall [197ms]
2023-11-19 17:13:05.049 [info] > git ls-files --stage -- /var/www/clients/client2/web2/web/sistema/adsgrupo06/CodeIgniter/app/Views/salas_form.php [23ms]
2023-11-19 17:13:05.062 [info] > git show --textconv :CodeIgniter/app/Views/salas_form.php [45ms]
2023-11-19 17:13:05.066 [info] > git cat-file -s 0d258b68c078acf7d665842cf3cd7d7e786ab56f [4ms]
2023-11-19 17:13:07.431 [info] > git config --get commit.template [8ms]
2023-11-19 17:13:07.435 [info] > git for-each-ref --format=%(refname)%00%(upstream:short)%00%(objectname)%00%(upstream:track)%00%(upstream:remotename)%00%(upstream:remoteref) refs/heads/Vinicius refs/remotes/Vinicius [7ms]
2023-11-19 17:13:07.660 [info] > git status -z -uall [218ms]
2023-11-19 17:13:12.861 [info] > git config --get commit.template [9ms]
2023-11-19 17:13:12.865 [info] > git for-each-ref --format=%(refname)%00%(upstream:short)%00%(objectname)%00%(upstream:track)%00%(upstream:remotename)%00%(upstream:remoteref) refs/heads/Vinicius refs/remotes/Vinicius [5ms]
2023-11-19 17:13:12.941 [info] > git status -z -uall [70ms]
2023-11-19 17:13:18.061 [info] > git config --get commit.template [10ms]
2023-11-19 17:13:18.063 [info] > git for-each-ref --format=%(refname)%00%(upstream:short)%00%(objectname)%00%(upstream:track)%00%(upstream:remotename)%00%(upstream:remoteref) refs/heads/Vinicius refs/remotes/Vinicius [3ms]
2023-11-19 17:13:18.134 [info] > git status -z -uall [65ms]
2023-11-19 17:13:23.228 [info] > git config --get commit.template [7ms]
2023-11-19 17:13:23.230 [info] > git for-each-ref --format=%(refname)%00%(upstream:short)%00%(objectname)%00%(upstream:track)%00%(upstream:remotename)%00%(upstream:remoteref) refs/heads/Vinicius refs/remotes/Vinicius [3ms]
2023-11-19 17:13:23.300 [info] > git status -z -uall [65ms]
2023-11-19 17:13:28.409 [info] > git config --get commit.template [13ms]
2023-11-19 17:13:28.412 [info] > git for-each-ref --format=%(refname)%00%(upstream:short)%00%(objectname)%00%(upstream:track)%00%(upstream:remotename)%00%(upstream:remoteref) refs/heads/Vinicius refs/remotes/Vinicius [8ms]
2023-11-19 17:13:28.532 [info] > git status -z -uall [113ms]
2023-11-19 17:13:33.657 [info] > git config --get commit.template [9ms]
2023-11-19 17:13:33.659 [info] > git for-each-ref --format=%(refname)%00%(upstream:short)%00%(objectname)%00%(upstream:track)%00%(upstream:remotename)%00%(upstream:remoteref) refs/heads/Vinicius refs/remotes/Vinicius [3ms]
2023-11-19 17:13:33.736 [info] > git status -z -uall [70ms]
2023-11-19 17:13:38.871 [info] > git config --get commit.template [9ms]
2023-11-19 17:13:38.873 [info] > git for-each-ref --format=%(refname)%00%(upstream:short)%00%(objectname)%00%(upstream:track)%00%(upstream:remotename)%00%(upstream:remoteref) refs/heads/Vinicius refs/remotes/Vinicius [4ms]
2023-11-19 17:13:38.939 [info] > git status -z -uall [59ms]
2023-11-19 17:13:44.041 [info] > git config --get commit.template [12ms]
2023-11-19 17:13:44.043 [info] > git for-each-ref --format=%(refname)%00%(upstream:short)%00%(objectname)%00%(upstream:track)%00%(upstream:remotename)%00%(upstream:remoteref) refs/heads/Vinicius refs/remotes/Vinicius [4ms]
2023-11-19 17:13:44.119 [info] > git status -z -uall [68ms]
2023-11-19 17:13:49.317 [info] > git config --get commit.template [8ms]
2023-11-19 17:13:49.319 [info] > git for-each-ref --format=%(refname)%00%(upstream:short)%00%(objectname)%00%(upstream:track)%00%(upstream:remotename)%00%(upstream:remoteref) refs/heads/Vinicius refs/remotes/Vinicius [3ms]
2023-11-19 17:13:49.384 [info] > git status -z -uall [60ms]
2023-11-19 17:13:51.147 [info] > git show --textconv :CodeIgniter/app/Views/salas_exibir.php [18ms]
2023-11-19 17:13:51.156 [info] > git ls-files --stage -- /var/www/clients/client2/web2/web/sistema/adsgrupo06/CodeIgniter/app/Views/salas_exibir.php [9ms]
2023-11-19 17:13:51.169 [info] > git cat-file -s 53dd236803ed5d72f6d6132c2ca2c9af2effac94 [3ms]
2023-11-19 17:13:54.499 [info] > git config --get commit.template [10ms]
2023-11-19 17:13:54.501 [info] > git for-each-ref --format=%(refname)%00%(upstream:short)%00%(objectname)%00%(upstream:track)%00%(upstream:remotename)%00%(upstream:remoteref) refs/heads/Vinicius refs/remotes/Vinicius [3ms]
2023-11-19 17:13:54.571 [info] > git status -z -uall [64ms]
2023-11-19 17:13:59.674 [info] > git config --get commit.template [10ms]
2023-11-19 17:13:59.676 [info] > git for-each-ref --format=%(refname)%00%(upstream:short)%00%(objectname)%00%(upstream:track)%00%(upstream:remotename)%00%(upstream:remoteref) refs/heads/Vinicius refs/remotes/Vinicius [4ms]
2023-11-19 17:13:59.745 [info] > git status -z -uall [62ms]
2023-11-19 17:14:05.891 [info] > git config --get commit.template [17ms]
2023-11-19 17:14:05.896 [info] > git for-each-ref --format=%(refname)%00%(upstream:short)%00%(objectname)%00%(upstream:track)%00%(upstream:remotename)%00%(upstream:remoteref) refs/heads/Vinicius refs/remotes/Vinicius [14ms]
2023-11-19 17:14:06.140 [info] > git status -z -uall [236ms]
2023-11-19 17:14:11.255 [info] > git config --get commit.template [13ms]
2023-11-19 17:14:11.256 [info] > git for-each-ref --format=%(refname)%00%(upstream:short)%00%(objectname)%00%(upstream:track)%00%(upstream:remotename)%00%(upstream:remoteref) refs/heads/Vinicius refs/remotes/Vinicius [7ms]
2023-11-19 17:14:11.358 [info] > git status -z -uall [95ms]
2023-11-19 17:14:14.235 [info] > git show --textconv :CodeIgniter/app/Controllers/SalasExibir.php [19ms]
2023-11-19 17:14:14.237 [info] > git ls-files --stage -- /var/www/clients/client2/web2/web/sistema/adsgrupo06/CodeIgniter/app/Controllers/SalasExibir.php [10ms]
2023-11-19 17:14:14.246 [info] > git cat-file -s c8559c279919fed197121967b2305fab86a8743f [2ms]
2023-11-19 17:14:16.474 [info] > git config --get commit.template [8ms]
2023-11-19 17:14:16.476 [info] > git for-each-ref --format=%(refname)%00%(upstream:short)%00%(objectname)%00%(upstream:track)%00%(upstream:remotename)%00%(upstream:remoteref) refs/heads/Vinicius refs/remotes/Vinicius [3ms]
2023-11-19 17:14:16.555 [info] > git status -z -uall [73ms]
2023-11-19 17:14:17.781 [info] > git show --textconv :CodeIgniter/app/Controllers/SalasEditarSelecionada.php [24ms]
2023-11-19 17:14:17.787 [info] > git ls-files --stage -- /var/www/clients/client2/web2/web/sistema/adsgrupo06/CodeIgniter/app/Controllers/SalasEditarSelecionada.php [10ms]
2023-11-19 17:14:17.796 [info] > git cat-file -s a8ec1a678ad3b00db8372395e0be7c9ce5dd4042 [3ms]
2023-11-19 17:14:21.695 [info] > git config --get commit.template [11ms]
2023-11-19 17:14:21.699 [info] > git for-each-ref --format=%(refname)%00%(upstream:short)%00%(objectname)%00%(upstream:track)%00%(upstream:remotename)%00%(upstream:remoteref) refs/heads/Vinicius refs/remotes/Vinicius [5ms]
2023-11-19 17:14:21.795 [info] > git status -z -uall [88ms]
2023-11-19 17:14:27.054 [info] > git config --get commit.template [10ms]
2023-11-19 17:14:27.057 [info] > git for-each-ref --format=%(refname)%00%(upstream:short)%00%(objectname)%00%(upstream:track)%00%(upstream:remotename)%00%(upstream:remoteref) refs/heads/Vinicius refs/remotes/Vinicius [3ms]
2023-11-19 17:14:27.123 [info] > git status -z -uall [61ms]
2023-11-19 17:14:32.225 [info] > git config --get commit.template [10ms]
2023-11-19 17:14:32.228 [info] > git for-each-ref --format=%(refname)%00%(upstream:short)%00%(objectname)%00%(upstream:track)%00%(upstream:remotename)%00%(upstream:remoteref) refs/heads/Vinicius refs/remotes/Vinicius [3ms]
2023-11-19 17:14:32.299 [info] > git status -z -uall [65ms]
2023-11-19 17:14:37.421 [info] > git config --get commit.template [9ms]
2023-11-19 17:14:37.424 [info] > git for-each-ref --format=%(refname)%00%(upstream:short)%00%(objectname)%00%(upstream:track)%00%(upstream:remotename)%00%(upstream:remoteref) refs/heads/Vinicius refs/remotes/Vinicius [4ms]
2023-11-19 17:14:37.492 [info] > git status -z -uall [62ms]
2023-11-19 17:14:42.617 [info] > git config --get commit.template [10ms]
2023-11-19 17:14:42.619 [info] > git for-each-ref --format=%(refname)%00%(upstream:short)%00%(objectname)%00%(upstream:track)%00%(upstream:remotename)%00%(upstream:remoteref) refs/heads/Vinicius refs/remotes/Vinicius [4ms]
2023-11-19 17:14:42.688 [info] > git status -z -uall [64ms]
2023-11-19 17:16:07.292 [info] > git config --get commit.template [20ms]
2023-11-19 17:16:07.294 [info] > git for-each-ref --format=%(refname)%00%(upstream:short)%00%(objectname)%00%(upstream:track)%00%(upstream:remotename)%00%(upstream:remoteref) refs/heads/Vinicius refs/remotes/Vinicius [18ms]
2023-11-19 17:16:07.585 [info] > git status -z -uall [285ms]
2023-11-19 17:16:09.320 [info] > git show --textconv :CodeIgniter/app/Controllers/Salas.php [20ms]
2023-11-19 17:16:09.324 [info] > git ls-files --stage -- /var/www/clients/client2/web2/web/sistema/adsgrupo06/CodeIgniter/app/Controllers/Salas.php [10ms]
2023-11-19 17:16:09.337 [info] > git cat-file -s d52875f55aa2d83bad28afde9a91092bd28c0c41 [4ms]
2023-11-19 17:16:12.794 [info] > git config --get commit.template [9ms]
2023-11-19 17:16:12.798 [info] > git for-each-ref --format=%(refname)%00%(upstream:short)%00%(objectname)%00%(upstream:track)%00%(upstream:remotename)%00%(upstream:remoteref) refs/heads/Vinicius refs/remotes/Vinicius [5ms]
2023-11-19 17:16:12.898 [info] > git status -z -uall [94ms]
2023-11-19 17:16:18.066 [info] > git config --get commit.template [53ms]
2023-11-19 17:16:18.072 [info] > git for-each-ref --format=%(refname)%00%(upstream:short)%00%(objectname)%00%(upstream:track)%00%(upstream:remotename)%00%(upstream:remoteref) refs/heads/Vinicius refs/remotes/Vinicius [8ms]
2023-11-19 17:16:18.177 [info] > git status -z -uall [81ms]
2023-11-19 17:16:23.283 [info] > git config --get commit.template [10ms]
2023-11-19 17:16:23.285 [info] > git for-each-ref --format=%(refname)%00%(upstream:short)%00%(objectname)%00%(upstream:track)%00%(upstream:remotename)%00%(upstream:remoteref) refs/heads/Vinicius refs/remotes/Vinicius [3ms]
2023-11-19 17:16:23.350 [info] > git status -z -uall [59ms]
2023-11-19 17:16:28.467 [info] > git config --get commit.template [9ms]
2023-11-19 17:16:28.469 [info] > git for-each-ref --format=%(refname)%00%(upstream:short)%00%(objectname)%00%(upstream:track)%00%(upstream:remotename)%00%(upstream:remoteref) refs/heads/Vinicius refs/remotes/Vinicius [3ms]
2023-11-19 17:16:28.536 [info] > git status -z -uall [61ms]
2023-11-19 17:16:33.665 [info] > git config --get commit.template [10ms]
2023-11-19 17:16:33.667 [info] > git for-each-ref --format=%(refname)%00%(upstream:short)%00%(objectname)%00%(upstream:track)%00%(upstream:remotename)%00%(upstream:remoteref) refs/heads/Vinicius refs/remotes/Vinicius [3ms]
2023-11-19 17:16:33.745 [info] > git status -z -uall [71ms]
2023-11-19 17:16:38.902 [info] > git config --get commit.template [8ms]
2023-11-19 17:16:38.904 [info] > git for-each-ref --format=%(refname)%00%(upstream:short)%00%(objectname)%00%(upstream:track)%00%(upstream:remotename)%00%(upstream:remoteref) refs/heads/Vinicius refs/remotes/Vinicius [3ms]
2023-11-19 17:16:38.974 [info] > git status -z -uall [64ms]
2023-11-19 17:16:44.078 [info] > git config --get commit.template [8ms]
2023-11-19 17:16:44.080 [info] > git for-each-ref --format=%(refname)%00%(upstream:short)%00%(objectname)%00%(upstream:track)%00%(upstream:remotename)%00%(upstream:remoteref) refs/heads/Vinicius refs/remotes/Vinicius [4ms]
2023-11-19 17:16:44.151 [info] > git status -z -uall [65ms]
2023-11-19 17:16:49.281 [info] > git config --get commit.template [8ms]
2023-11-19 17:16:49.283 [info] > git for-each-ref --format=%(refname)%00%(upstream:short)%00%(objectname)%00%(upstream:track)%00%(upstream:remotename)%00%(upstream:remoteref) refs/heads/Vinicius refs/remotes/Vinicius [3ms]
2023-11-19 17:16:49.354 [info] > git status -z -uall [65ms]
2023-11-19 17:16:54.460 [info] > git config --get commit.template [10ms]
2023-11-19 17:16:54.463 [info] > git for-each-ref --format=%(refname)%00%(upstream:short)%00%(objectname)%00%(upstream:track)%00%(upstream:remotename)%00%(upstream:remoteref) refs/heads/Vinicius refs/remotes/Vinicius [4ms]
2023-11-19 17:16:54.535 [info] > git status -z -uall [61ms]
2023-11-19 17:16:59.659 [info] > git config --get commit.template [12ms]
2023-11-19 17:16:59.661 [info] > git for-each-ref --format=%(refname)%00%(upstream:short)%00%(objectname)%00%(upstream:track)%00%(upstream:remotename)%00%(upstream:remoteref) refs/heads/Vinicius refs/remotes/Vinicius [4ms]
2023-11-19 17:16:59.772 [info] > git status -z -uall [102ms]
2023-11-19 17:17:04.917 [info] > git config --get commit.template [15ms]
2023-11-19 17:17:04.923 [info] > git for-each-ref --format=%(refname)%00%(upstream:short)%00%(objectname)%00%(upstream:track)%00%(upstream:remotename)%00%(upstream:remoteref) refs/heads/Vinicius refs/remotes/Vinicius [7ms]
2023-11-19 17:17:05.169 [info] > git status -z -uall [235ms]
2023-11-19 17:17:07.844 [info] > git show --textconv :CodeIgniter/app/Controllers/SalasEditar.php [17ms]
2023-11-19 17:17:07.848 [info] > git ls-files --stage -- /var/www/clients/client2/web2/web/sistema/adsgrupo06/CodeIgniter/app/Controllers/SalasEditar.php [12ms]
2023-11-19 17:17:07.861 [info] > git cat-file -s 81dd6c3af5bbb4f1377f8671895857e799838000 [7ms]
2023-11-19 17:17:10.196 [info] > git show --textconv :CodeIgniter/app/Controllers/SalasEditarSelecionada.php [13ms]
2023-11-19 17:17:10.202 [info] > git ls-files --stage -- /var/www/clients/client2/web2/web/sistema/adsgrupo06/CodeIgniter/app/Controllers/SalasEditarSelecionada.php [6ms]
2023-11-19 17:17:10.210 [info] > git cat-file -s a8ec1a678ad3b00db8372395e0be7c9ce5dd4042 [2ms]
2023-11-19 17:17:10.350 [info] > git config --get commit.template [8ms]
2023-11-19 17:17:10.352 [info] > git for-each-ref --format=%(refname)%00%(upstream:short)%00%(objectname)%00%(upstream:track)%00%(upstream:remotename)%00%(upstream:remoteref) refs/heads/Vinicius refs/remotes/Vinicius [4ms]
2023-11-19 17:17:10.433 [info] > git status -z -uall [75ms]
2023-11-19 17:17:15.544 [info] > git config --get commit.template [8ms]
2023-11-19 17:17:15.546 [info] > git for-each-ref --format=%(refname)%00%(upstream:short)%00%(objectname)%00%(upstream:track)%00%(upstream:remotename)%00%(upstream:remoteref) refs/heads/Vinicius refs/remotes/Vinicius [3ms]
2023-11-19 17:17:15.627 [info] > git status -z -uall [75ms]
2023-11-19 17:17:19.924 [info] > git show --textconv :CodeIgniter/app/Views/salas_form.php [17ms]
2023-11-19 17:17:19.931 [info] > git ls-files --stage -- /var/www/clients/client2/web2/web/sistema/adsgrupo06/CodeIgniter/app/Views/salas_form.php [10ms]
2023-11-19 17:17:19.945 [info] > git cat-file -s 0d258b68c078acf7d665842cf3cd7d7e786ab56f [3ms]
2023-11-19 17:17:20.827 [info] > git config --get commit.template [8ms]
2023-11-19 17:17:20.829 [info] > git for-each-ref --format=%(refname)%00%(upstream:short)%00%(objectname)%00%(upstream:track)%00%(upstream:remotename)%00%(upstream:remoteref) refs/heads/Vinicius refs/remotes/Vinicius [3ms]
2023-11-19 17:17:20.902 [info] > git status -z -uall [67ms]
2023-11-19 17:17:26.022 [info] > git config --get commit.template [14ms]
2023-11-19 17:17:26.025 [info] > git for-each-ref --format=%(refname)%00%(upstream:short)%00%(objectname)%00%(upstream:track)%00%(upstream:remotename)%00%(upstream:remoteref) refs/heads/Vinicius refs/remotes/Vinicius [4ms]
2023-11-19 17:17:26.095 [info] > git status -z -uall [63ms]
2023-11-19 17:17:27.375 [info] > git show --textconv :CodeIgniter/app/Views/salas_exibir.php [13ms]
2023-11-19 17:17:27.380 [info] > git ls-files --stage -- /var/www/clients/client2/web2/web/sistema/adsgrupo06/CodeIgniter/app/Views/salas_exibir.php [9ms]
2023-11-19 17:17:27.388 [info] > git cat-file -s 53dd236803ed5d72f6d6132c2ca2c9af2effac94 [3ms]
2023-11-19 17:17:31.222 [info] > git config --get commit.template [10ms]
2023-11-19 17:17:31.224 [info] > git for-each-ref --format=%(refname)%00%(upstream:short)%00%(objectname)%00%(upstream:track)%00%(upstream:remotename)%00%(upstream:remoteref) refs/heads/Vinicius refs/remotes/Vinicius [3ms]
2023-11-19 17:17:31.297 [info] > git status -z -uall [66ms]
2023-11-19 17:17:32.996 [info] > git show --textconv :CodeIgniter/app/Views/salas_editar_selecao.php [20ms]
2023-11-19 17:17:33.001 [info] > git ls-files --stage -- /var/www/clients/client2/web2/web/sistema/adsgrupo06/CodeIgniter/app/Views/salas_editar_selecao.php [8ms]
2023-11-19 17:17:33.010 [info] > git cat-file -s 31578edb9b46ae9eace253564de2534c764dbb2c [2ms]
2023-11-19 17:17:34.371 [info] > git show --textconv :CodeIgniter/app/Views/salas_editar_selecionada.php [12ms]
2023-11-19 17:17:34.376 [info] > git ls-files --stage -- /var/www/clients/client2/web2/web/sistema/adsgrupo06/CodeIgniter/app/Views/salas_editar_selecionada.php [6ms]
2023-11-19 17:17:34.384 [info] > git cat-file -s d766fa2fb4bcf91913693bda1777115238b618af [2ms]
2023-11-19 17:17:36.438 [info] > git config --get commit.template [11ms]
2023-11-19 17:17:36.440 [info] > git for-each-ref --format=%(refname)%00%(upstream:short)%00%(objectname)%00%(upstream:track)%00%(upstream:remotename)%00%(upstream:remoteref) refs/heads/Vinicius refs/remotes/Vinicius [3ms]
2023-11-19 17:17:36.506 [info] > git status -z -uall [60ms]
2023-11-19 17:17:41.619 [info] > git config --get commit.template [10ms]
2023-11-19 17:17:41.622 [info] > git for-each-ref --format=%(refname)%00%(upstream:short)%00%(objectname)%00%(upstream:track)%00%(upstream:remotename)%00%(upstream:remoteref) refs/heads/Vinicius refs/remotes/Vinicius [4ms]
2023-11-19 17:17:41.700 [info] > git status -z -uall [70ms]
2023-11-19 17:17:46.840 [info] > git config --get commit.template [31ms]
2023-11-19 17:17:46.854 [info] > git for-each-ref --format=%(refname)%00%(upstream:short)%00%(objectname)%00%(upstream:track)%00%(upstream:remotename)%00%(upstream:remoteref) refs/heads/Vinicius refs/remotes/Vinicius [14ms]
2023-11-19 17:17:46.982 [info] > git status -z -uall [97ms]
2023-11-19 17:17:52.100 [info] > git config --get commit.template [8ms]
2023-11-19 17:17:52.102 [info] > git for-each-ref --format=%(refname)%00%(upstream:short)%00%(objectname)%00%(upstream:track)%00%(upstream:remotename)%00%(upstream:remoteref) refs/heads/Vinicius refs/remotes/Vinicius [4ms]
2023-11-19 17:17:52.168 [info] > git status -z -uall [59ms]
2023-11-19 17:17:57.277 [info] > git config --get commit.template [9ms]
2023-11-19 17:17:57.280 [info] > git for-each-ref --format=%(refname)%00%(upstream:short)%00%(objectname)%00%(upstream:track)%00%(upstream:remotename)%00%(upstream:remoteref) refs/heads/Vinicius refs/remotes/Vinicius [3ms]
2023-11-19 17:17:57.349 [info] > git status -z -uall [62ms]
2023-11-19 17:18:02.565 [info] > git config --get commit.template [9ms]
2023-11-19 17:18:02.570 [info] > git for-each-ref --format=%(refname)%00%(upstream:short)%00%(objectname)%00%(upstream:track)%00%(upstream:remotename)%00%(upstream:remoteref) refs/heads/Vinicius refs/remotes/Vinicius [6ms]
2023-11-19 17:18:02.742 [info] > git status -z -uall [166ms]
2023-11-19 17:20:02.735 [info] > git config --get commit.template [137ms]
2023-11-19 17:20:02.744 [info] > git for-each-ref --format=%(refname)%00%(upstream:short)%00%(objectname)%00%(upstream:track)%00%(upstream:remotename)%00%(upstream:remoteref) refs/heads/Vinicius refs/remotes/Vinicius [80ms]
2023-11-19 17:20:03.403 [info] > git status -z -uall [623ms]
2023-11-19 17:20:06.768 [info] > git show --textconv :CodeIgniter/app/Controllers/QrCodeController.php [40ms]
2023-11-19 17:20:06.786 [info] > git ls-files --stage -- /var/www/clients/client2/web2/web/sistema/adsgrupo06/CodeIgniter/app/Controllers/QrCodeController.php [25ms]
2023-11-19 17:20:09.115 [info] > git config --get commit.template [9ms]
2023-11-19 17:20:09.123 [info] > git for-each-ref --format=%(refname)%00%(upstream:short)%00%(objectname)%00%(upstream:track)%00%(upstream:remotename)%00%(upstream:remoteref) refs/heads/Vinicius refs/remotes/Vinicius [9ms]
2023-11-19 17:20:09.354 [info] > git status -z -uall [224ms]
2023-11-19 17:20:48.923 [info] > git config --get commit.template [58ms]
2023-11-19 17:20:48.927 [info] > git for-each-ref --format=%(refname)%00%(upstream:short)%00%(objectname)%00%(upstream:track)%00%(upstream:remotename)%00%(upstream:remoteref) refs/heads/Vinicius refs/remotes/Vinicius [47ms]
2023-11-19 17:20:49.187 [info] > git show --textconv :CodeIgniter/app/Views/salas_form.php [24ms]
2023-11-19 17:20:49.194 [info] > git ls-files --stage -- /var/www/clients/client2/web2/web/sistema/adsgrupo06/CodeIgniter/app/Views/salas_form.php [15ms]
2023-11-19 17:20:49.235 [info] > git status -z -uall [299ms]
2023-11-19 17:20:49.469 [info] > git cat-file -s 0d258b68c078acf7d665842cf3cd7d7e786ab56f [256ms]
2023-11-19 17:20:59.909 [info] > git config --get commit.template [32ms]
2023-11-19 17:20:59.912 [info] > git for-each-ref --format=%(refname)%00%(upstream:short)%00%(objectname)%00%(upstream:track)%00%(upstream:remotename)%00%(upstream:remoteref) refs/heads/Vinicius refs/remotes/Vinicius [27ms]
2023-11-19 17:21:00.187 [info] > git status -z -uall [267ms]
2023-11-19 17:21:00.931 [info] > git show --textconv :CodeIgniter/app/Controllers/Salas.php [56ms]
2023-11-19 17:21:00.933 [info] > git ls-files --stage -- /var/www/clients/client2/web2/web/sistema/adsgrupo06/CodeIgniter/app/Controllers/Salas.php [39ms]
2023-11-19 17:21:00.958 [info] > git cat-file -s d52875f55aa2d83bad28afde9a91092bd28c0c41 [14ms]
2023-11-19 17:31:32.753 [info] > git config --get commit.template [78ms]
2023-11-19 17:31:32.759 [info] > git for-each-ref --format=%(refname)%00%(upstream:short)%00%(objectname)%00%(upstream:track)%00%(upstream:remotename)%00%(upstream:remoteref) refs/heads/Vinicius refs/remotes/Vinicius [64ms]
2023-11-19 17:31:32.999 [info] > git status -z -uall [228ms]
2023-11-19 17:31:38.374 [info] > git config --get commit.template [14ms]
2023-11-19 17:31:38.376 [info] > git for-each-ref --format=%(refname)%00%(upstream:short)%00%(objectname)%00%(upstream:track)%00%(upstream:remotename)%00%(upstream:remoteref) refs/heads/Vinicius refs/remotes/Vinicius [15ms]
2023-11-19 17:31:38.630 [info] > git status -z -uall [230ms]
2023-11-19 17:31:43.781 [info] > git config --get commit.template [19ms]
2023-11-19 17:31:43.785 [info] > git for-each-ref --format=%(refname)%00%(upstream:short)%00%(objectname)%00%(upstream:track)%00%(upstream:remotename)%00%(upstream:remoteref) refs/heads/Vinicius refs/remotes/Vinicius [10ms]
2023-11-19 17:31:43.988 [info] > git status -z -uall [195ms]
2023-11-19 17:31:49.267 [info] > git config --get commit.template [14ms]
2023-11-19 17:31:49.270 [info] > git for-each-ref --format=%(refname)%00%(upstream:short)%00%(objectname)%00%(upstream:track)%00%(upstream:remotename)%00%(upstream:remoteref) refs/heads/Vinicius refs/remotes/Vinicius [9ms]
2023-11-19 17:31:49.488 [info] > git status -z -uall [207ms]
2023-11-19 17:31:55.281 [info] > git ls-files --stage -- /var/www/clients/client2/web2/web/sistema/adsgrupo06/CodeIgniter/.no-header.php-cs-fixer.dist.php [28ms]
2023-11-19 17:31:55.290 [info] > git show --textconv :CodeIgniter/.no-header.php-cs-fixer.dist.php [44ms]
2023-11-19 17:31:55.294 [info] > git cat-file -s 9417a859e07efcd983ba74eae0e73c8a79a23b93 [4ms]
2023-11-19 17:32:26.832 [info] > git check-ignore -v -z --stdin [32ms]
2023-11-19 17:36:11.898 [info] > git config --get commit.template [79ms]
2023-11-19 17:36:11.929 [info] > git for-each-ref --format=%(refname)%00%(upstream:short)%00%(objectname)%00%(upstream:track)%00%(upstream:remotename)%00%(upstream:remoteref) refs/heads/Vinicius refs/remotes/Vinicius [12ms]
2023-11-19 17:36:12.046 [info] > git status -z -uall [106ms]
2023-11-19 17:37:54.786 [info] > git config --get commit.template [12ms]
2023-11-19 17:37:54.789 [info] > git for-each-ref --format=%(refname)%00%(upstream:short)%00%(objectname)%00%(upstream:track)%00%(upstream:remotename)%00%(upstream:remoteref) refs/heads/Vinicius refs/remotes/Vinicius [8ms]
2023-11-19 17:37:54.884 [info] > git status -z -uall [85ms]
2023-11-19 17:37:55.964 [info] > git check-ignore -v -z --stdin [12ms]
2023-11-19 17:38:00.105 [info] > git config --get commit.template [9ms]
2023-11-19 17:38:00.107 [info] > git for-each-ref --format=%(refname)%00%(upstream:short)%00%(objectname)%00%(upstream:track)%00%(upstream:remotename)%00%(upstream:remoteref) refs/heads/Vinicius refs/remotes/Vinicius [3ms]
2023-11-19 17:38:00.175 [info] > git status -z -uall [61ms]
2023-11-19 17:38:05.290 [info] > git config --get commit.template [12ms]
2023-11-19 17:38:05.292 [info] > git for-each-ref --format=%(refname)%00%(upstream:short)%00%(objectname)%00%(upstream:track)%00%(upstream:remotename)%00%(upstream:remoteref) refs/heads/Vinicius refs/remotes/Vinicius [5ms]
2023-11-19 17:38:05.361 [info] > git status -z -uall [62ms]
2023-11-19 17:38:09.357 [info] > git check-ignore -v -z --stdin [9ms]
2023-11-19 17:38:10.497 [info] > git config --get commit.template [10ms]
2023-11-19 17:38:10.499 [info] > git for-each-ref --format=%(refname)%00%(upstream:short)%00%(objectname)%00%(upstream:track)%00%(upstream:remotename)%00%(upstream:remoteref) refs/heads/Vinicius refs/remotes/Vinicius [3ms]
2023-11-19 17:38:10.583 [info] > git status -z -uall [78ms]
2023-11-19 17:38:15.706 [info] > git config --get commit.template [13ms]
2023-11-19 17:38:15.710 [info] > git for-each-ref --format=%(refname)%00%(upstream:short)%00%(objectname)%00%(upstream:track)%00%(upstream:remotename)%00%(upstream:remoteref) refs/heads/Vinicius refs/remotes/Vinicius [6ms]
2023-11-19 17:38:15.826 [info] > git status -z -uall [105ms]
2023-11-19 17:38:20.948 [info] > git config --get commit.template [9ms]
2023-11-19 17:38:20.950 [info] > git for-each-ref --format=%(refname)%00%(upstream:short)%00%(objectname)%00%(upstream:track)%00%(upstream:remotename)%00%(upstream:remoteref) refs/heads/Vinicius refs/remotes/Vinicius [3ms]
2023-11-19 17:38:21.021 [info] > git status -z -uall [65ms]
2023-11-19 17:38:26.157 [info] > git config --get commit.template [9ms]
2023-11-19 17:38:26.159 [info] > git for-each-ref --format=%(refname)%00%(upstream:short)%00%(objectname)%00%(upstream:track)%00%(upstream:remotename)%00%(upstream:remoteref) refs/heads/Vinicius refs/remotes/Vinicius [4ms]
2023-11-19 17:38:26.237 [info] > git status -z -uall [69ms]
2023-11-19 17:38:30.468 [info] > git show --textconv :CodeIgniter/app/Config/Autoload.php [13ms]
2023-11-19 17:38:30.473 [info] > git ls-files --stage -- /var/www/clients/client2/web2/web/sistema/adsgrupo06/CodeIgniter/app/Config/Autoload.php [7ms]
2023-11-19 17:38:30.484 [info] > git cat-file -s ee27e3b2ce18415e79d15baf51ffd29950c8b1db [3ms]
2023-11-19 17:38:31.352 [info] > git config --get commit.template [15ms]
2023-11-19 17:38:31.352 [info] > git for-each-ref --format=%(refname)%00%(upstream:short)%00%(objectname)%00%(upstream:track)%00%(upstream:remotename)%00%(upstream:remoteref) refs/heads/Vinicius refs/remotes/Vinicius [7ms]
2023-11-19 17:38:31.423 [info] > git status -z -uall [64ms]
2023-11-19 17:38:36.537 [info] > git config --get commit.template [8ms]
2023-11-19 17:38:36.539 [info] > git for-each-ref --format=%(refname)%00%(upstream:short)%00%(objectname)%00%(upstream:track)%00%(upstream:remotename)%00%(upstream:remoteref) refs/heads/Vinicius refs/remotes/Vinicius [4ms]
2023-11-19 17:38:36.610 [info] > git status -z -uall [66ms]
2023-11-19 17:38:41.731 [info] > git config --get commit.template [9ms]
2023-11-19 17:38:41.733 [info] > git for-each-ref --format=%(refname)%00%(upstream:short)%00%(objectname)%00%(upstream:track)%00%(upstream:remotename)%00%(upstream:remoteref) refs/heads/Vinicius refs/remotes/Vinicius [3ms]
2023-11-19 17:38:41.806 [info] > git status -z -uall [67ms]
2023-11-19 17:39:42.068 [info] > git config --get commit.template [27ms]
2023-11-19 17:39:42.072 [info] > git for-each-ref --format=%(refname)%00%(upstream:short)%00%(objectname)%00%(upstream:track)%00%(upstream:remotename)%00%(upstream:remoteref) refs/heads/Vinicius refs/remotes/Vinicius [22ms]
2023-11-19 17:39:42.333 [info] > git status -z -uall [254ms]
2023-11-19 17:39:42.923 [info] > git show --textconv :CodeIgniter/.no-header.php-cs-fixer.dist.php [21ms]
2023-11-19 17:39:42.928 [info] > git ls-files --stage -- /var/www/clients/client2/web2/web/sistema/adsgrupo06/CodeIgniter/.no-header.php-cs-fixer.dist.php [15ms]
2023-11-19 17:39:42.938 [info] > git cat-file -s 9417a859e07efcd983ba74eae0e73c8a79a23b93 [3ms]
2023-11-19 17:39:47.465 [info] > git config --get commit.template [11ms]
2023-11-19 17:39:47.467 [info] > git for-each-ref --format=%(refname)%00%(upstream:short)%00%(objectname)%00%(upstream:track)%00%(upstream:remotename)%00%(upstream:remoteref) refs/heads/Vinicius refs/remotes/Vinicius [4ms]
2023-11-19 17:39:47.542 [info] > git status -z -uall [69ms]
2023-11-19 17:39:52.665 [info] > git config --get commit.template [9ms]
2023-11-19 17:39:52.667 [info] > git for-each-ref --format=%(refname)%00%(upstream:short)%00%(objectname)%00%(upstream:track)%00%(upstream:remotename)%00%(upstream:remoteref) refs/heads/Vinicius refs/remotes/Vinicius [4ms]
2023-11-19 17:39:52.739 [info] > git status -z -uall [66ms]
2023-11-19 17:40:07.633 [info] > git config --get commit.template [19ms]
2023-11-19 17:40:07.637 [info] > git for-each-ref --format=%(refname)%00%(upstream:short)%00%(objectname)%00%(upstream:track)%00%(upstream:remotename)%00%(upstream:remoteref) refs/heads/Vinicius refs/remotes/Vinicius [16ms]
2023-11-19 17:40:07.732 [info] > git status -z -uall [89ms]
2023-11-19 17:40:12.879 [info] > git config --get commit.template [9ms]
2023-11-19 17:40:12.881 [info] > git for-each-ref --format=%(refname)%00%(upstream:short)%00%(objectname)%00%(upstream:track)%00%(upstream:remotename)%00%(upstream:remoteref) refs/heads/Vinicius refs/remotes/Vinicius [3ms]
2023-11-19 17:40:12.960 [info] > git status -z -uall [72ms]
2023-11-19 17:40:18.180 [info] > git config --get commit.template [9ms]
2023-11-19 17:40:18.182 [info] > git for-each-ref --format=%(refname)%00%(upstream:short)%00%(objectname)%00%(upstream:track)%00%(upstream:remotename)%00%(upstream:remoteref) refs/heads/Vinicius refs/remotes/Vinicius [3ms]
2023-11-19 17:40:18.254 [info] > git status -z -uall [65ms]
2023-11-19 17:40:42.564 [info] > git config --get commit.template [10ms]
2023-11-19 17:40:42.567 [info] > git for-each-ref --format=%(refname)%00%(upstream:short)%00%(objectname)%00%(upstream:track)%00%(upstream:remotename)%00%(upstream:remoteref) refs/heads/Vinicius refs/remotes/Vinicius [4ms]
2023-11-19 17:40:42.646 [info] > git status -z -uall [73ms]
2023-11-19 17:40:44.015 [info] > git show --textconv :CodeIgniter/app/Views/salas_editar_selecionada.php [17ms]
2023-11-19 17:40:44.020 [info] > git ls-files --stage -- /var/www/clients/client2/web2/web/sistema/adsgrupo06/CodeIgniter/app/Views/salas_editar_selecionada.php [11ms]
2023-11-19 17:40:44.029 [info] > git cat-file -s d766fa2fb4bcf91913693bda1777115238b618af [3ms]
2023-11-19 17:40:46.895 [info] > git show --textconv :CodeIgniter/.no-header.php-cs-fixer.dist.php [12ms]
2023-11-19 17:40:46.899 [info] > git ls-files --stage -- /var/www/clients/client2/web2/web/sistema/adsgrupo06/CodeIgniter/.no-header.php-cs-fixer.dist.php [7ms]
2023-11-19 17:40:46.909 [info] > git cat-file -s 9417a859e07efcd983ba74eae0e73c8a79a23b93 [4ms]
2023-11-19 17:40:47.781 [info] > git config --get commit.template [11ms]
2023-11-19 17:40:47.784 [info] > git for-each-ref --format=%(refname)%00%(upstream:short)%00%(objectname)%00%(upstream:track)%00%(upstream:remotename)%00%(upstream:remoteref) refs/heads/Vinicius refs/remotes/Vinicius [4ms]
2023-11-19 17:40:47.850 [info] > git status -z -uall [60ms]
2023-11-19 17:40:53.077 [info] > git config --get commit.template [16ms]
2023-11-19 17:40:53.082 [info] > git for-each-ref --format=%(refname)%00%(upstream:short)%00%(objectname)%00%(upstream:track)%00%(upstream:remotename)%00%(upstream:remoteref) refs/heads/Vinicius refs/remotes/Vinicius [7ms]
2023-11-19 17:40:53.160 [info] > git status -z -uall [65ms]
2023-11-19 17:40:53.663 [info] > git check-ignore -v -z --stdin [16ms]
2023-11-19 17:41:59.942 [info] > git config --get commit.template [8ms]
2023-11-19 17:41:59.948 [info] > git for-each-ref --format=%(refname)%00%(upstream:short)%00%(objectname)%00%(upstream:track)%00%(upstream:remotename)%00%(upstream:remoteref) refs/heads/Vinicius refs/remotes/Vinicius [8ms]
2023-11-19 17:42:00.096 [info] > git status -z -uall [141ms]
2023-11-19 17:42:05.229 [info] > git config --get commit.template [9ms]
2023-11-19 17:42:05.231 [info] > git for-each-ref --format=%(refname)%00%(upstream:short)%00%(objectname)%00%(upstream:track)%00%(upstream:remotename)%00%(upstream:remoteref) refs/heads/Vinicius refs/remotes/Vinicius [3ms]
2023-11-19 17:42:05.310 [info] > git status -z -uall [73ms]
2023-11-19 17:42:10.538 [info] > git config --get commit.template [9ms]
2023-11-19 17:42:10.541 [info] > git for-each-ref --format=%(refname)%00%(upstream:short)%00%(objectname)%00%(upstream:track)%00%(upstream:remotename)%00%(upstream:remoteref) refs/heads/Vinicius refs/remotes/Vinicius [4ms]
2023-11-19 17:42:10.607 [info] > git status -z -uall [59ms]
2023-11-19 17:42:22.653 [info] > git config --get commit.template [9ms]
2023-11-19 17:42:22.655 [info] > git for-each-ref --format=%(refname)%00%(upstream:short)%00%(objectname)%00%(upstream:track)%00%(upstream:remotename)%00%(upstream:remoteref) refs/heads/Vinicius refs/remotes/Vinicius [3ms]
2023-11-19 17:42:22.719 [info] > git status -z -uall [58ms]
2023-11-19 17:42:27.857 [info] > git config --get commit.template [23ms]
2023-11-19 17:42:27.863 [info] > git for-each-ref --format=%(refname)%00%(upstream:short)%00%(objectname)%00%(upstream:track)%00%(upstream:remotename)%00%(upstream:remoteref) refs/heads/Vinicius refs/remotes/Vinicius [22ms]
2023-11-19 17:42:28.014 [info] > git status -z -uall [138ms]
2023-11-19 17:42:33.223 [info] > git config --get commit.template [8ms]
2023-11-19 17:42:33.225 [info] > git for-each-ref --format=%(refname)%00%(upstream:short)%00%(objectname)%00%(upstream:track)%00%(upstream:remotename)%00%(upstream:remoteref) refs/heads/Vinicius refs/remotes/Vinicius [4ms]
2023-11-19 17:42:33.306 [info] > git status -z -uall [76ms]
2023-11-19 17:45:46.791 [info] > git config --get commit.template [65ms]
2023-11-19 17:45:46.800 [info] > git for-each-ref --format=%(refname)%00%(upstream:short)%00%(objectname)%00%(upstream:track)%00%(upstream:remotename)%00%(upstream:remoteref) refs/heads/Vinicius refs/remotes/Vinicius [75ms]
2023-11-19 17:45:47.118 [info] > git status -z -uall [302ms]
2023-11-19 17:45:52.802 [info] > git config --get commit.template [36ms]
2023-11-19 17:45:52.806 [info] > git for-each-ref --format=%(refname)%00%(upstream:short)%00%(objectname)%00%(upstream:track)%00%(upstream:remotename)%00%(upstream:remoteref) refs/heads/Vinicius refs/remotes/Vinicius [31ms]
2023-11-19 17:45:52.980 [info] > git status -z -uall [158ms]
2023-11-19 17:45:58.159 [info] > git config --get commit.template [16ms]
2023-11-19 17:45:58.163 [info] > git for-each-ref --format=%(refname)%00%(upstream:short)%00%(objectname)%00%(upstream:track)%00%(upstream:remotename)%00%(upstream:remoteref) refs/heads/Vinicius refs/remotes/Vinicius [5ms]
2023-11-19 17:45:58.409 [info] > git status -z -uall [237ms]
2023-11-19 17:46:03.623 [info] > git config --get commit.template [22ms]
2023-11-19 17:46:03.629 [info] > git for-each-ref --format=%(refname)%00%(upstream:short)%00%(objectname)%00%(upstream:track)%00%(upstream:remotename)%00%(upstream:remoteref) refs/heads/Vinicius refs/remotes/Vinicius [17ms]
2023-11-19 17:46:03.972 [info] > git status -z -uall [327ms]
2023-11-19 17:46:05.385 [info] > git ls-files --stage -- /var/www/clients/client2/web2/web/sistema/adsgrupo06/CodeIgniter/app/Config/Routes.php [15ms]
2023-11-19 17:46:05.398 [info] > git show --textconv :CodeIgniter/app/Config/Routes.php [42ms]
2023-11-19 17:46:05.405 [info] > git cat-file -s b1e1bb3f8c4c278207401b4b454a971e5cb5eab9 [7ms]
2023-11-19 17:46:09.175 [info] > git config --get commit.template [11ms]
2023-11-19 17:46:09.193 [info] > git for-each-ref --format=%(refname)%00%(upstream:short)%00%(objectname)%00%(upstream:track)%00%(upstream:remotename)%00%(upstream:remoteref) refs/heads/Vinicius refs/remotes/Vinicius [19ms]
2023-11-19 17:46:09.329 [info] > git status -z -uall [128ms]
2023-11-19 17:46:14.548 [info] > git config --get commit.template [10ms]
2023-11-19 17:46:14.550 [info] > git for-each-ref --format=%(refname)%00%(upstream:short)%00%(objectname)%00%(upstream:track)%00%(upstream:remotename)%00%(upstream:remoteref) refs/heads/Vinicius refs/remotes/Vinicius [4ms]
2023-11-19 17:46:14.628 [info] > git status -z -uall [69ms]
2023-11-19 17:46:15.226 [info] > git show --textconv :.bash_history [22ms]
2023-11-19 17:46:15.232 [info] > git ls-files --stage -- /var/www/clients/client2/web2/web/sistema/adsgrupo06/.bash_history [20ms]
2023-11-19 17:46:15.242 [info] > git cat-file -s a0451023e1a768bfd811d7fbe12dce4f15653ab1 [2ms]
2023-11-19 17:46:19.767 [info] > git config --get commit.template [11ms]
2023-11-19 17:46:19.769 [info] > git for-each-ref --format=%(refname)%00%(upstream:short)%00%(objectname)%00%(upstream:track)%00%(upstream:remotename)%00%(upstream:remoteref) refs/heads/Vinicius refs/remotes/Vinicius [3ms]
2023-11-19 17:46:19.840 [info] > git status -z -uall [63ms]
2023-11-19 17:46:24.950 [info] > git config --get commit.template [10ms]
2023-11-19 17:46:24.952 [info] > git for-each-ref --format=%(refname)%00%(upstream:short)%00%(objectname)%00%(upstream:track)%00%(upstream:remotename)%00%(upstream:remoteref) refs/heads/Vinicius refs/remotes/Vinicius [4ms]
2023-11-19 17:46:25.028 [info] > git status -z -uall [70ms]
2023-11-19 17:46:30.149 [info] > git config --get commit.template [12ms]
2023-11-19 17:46:30.151 [info] > git for-each-ref --format=%(refname)%00%(upstream:short)%00%(objectname)%00%(upstream:track)%00%(upstream:remotename)%00%(upstream:remoteref) refs/heads/Vinicius refs/remotes/Vinicius [3ms]
2023-11-19 17:46:30.223 [info] > git status -z -uall [64ms]
2023-11-19 17:46:35.439 [info] > git config --get commit.template [9ms]
2023-11-19 17:46:35.441 [info] > git for-each-ref --format=%(refname)%00%(upstream:short)%00%(objectname)%00%(upstream:track)%00%(upstream:remotename)%00%(upstream:remoteref) refs/heads/Vinicius refs/remotes/Vinicius [4ms]
2023-11-19 17:46:35.528 [info] > git status -z -uall [77ms]
2023-11-19 17:47:18.150 [info] > git config --get commit.template [21ms]
2023-11-19 17:47:18.153 [info] > git for-each-ref --format=%(refname)%00%(upstream:short)%00%(objectname)%00%(upstream:track)%00%(upstream:remotename)%00%(upstream:remoteref) refs/heads/Vinicius refs/remotes/Vinicius [15ms]
2023-11-19 17:47:18.257 [info] > git status -z -uall [96ms]
2023-11-19 17:47:21.281 [info] > git check-ignore -v -z --stdin [5ms]
2023-11-19 17:47:22.387 [info] > git show --textconv :CodeIgniter/app/Models/SalaModel.php [12ms]
2023-11-19 17:47:22.392 [info] > git ls-files --stage -- /var/www/clients/client2/web2/web/sistema/adsgrupo06/CodeIgniter/app/Models/SalaModel.php [7ms]
2023-11-19 17:47:22.402 [info] > git cat-file -s e971c76437eb39c0ff9200634aaca6fb18c02c09 [3ms]
2023-11-19 17:47:23.402 [info] > git config --get commit.template [9ms]
2023-11-19 17:47:23.404 [info] > git for-each-ref --format=%(refname)%00%(upstream:short)%00%(objectname)%00%(upstream:track)%00%(upstream:remotename)%00%(upstream:remoteref) refs/heads/Vinicius refs/remotes/Vinicius [3ms]
2023-11-19 17:47:23.477 [info] > git status -z -uall [68ms]
2023-11-19 17:47:28.716 [info] > git config --get commit.template [9ms]
2023-11-19 17:47:28.718 [info] > git for-each-ref --format=%(refname)%00%(upstream:short)%00%(objectname)%00%(upstream:track)%00%(upstream:remotename)%00%(upstream:remoteref) refs/heads/Vinicius refs/remotes/Vinicius [3ms]
2023-11-19 17:47:28.791 [info] > git status -z -uall [67ms]
2023-11-19 17:48:49.911 [info] > git config --get commit.template [10ms]
2023-11-19 17:48:49.914 [info] > git for-each-ref --format=%(refname)%00%(upstream:short)%00%(objectname)%00%(upstream:track)%00%(upstream:remotename)%00%(upstream:remoteref) refs/heads/Vinicius refs/remotes/Vinicius [4ms]
2023-11-19 17:48:50.000 [info] > git status -z -uall [80ms]
2023-11-19 17:48:51.426 [info] > git show --textconv :CodeIgniter/app/Config/Services.php [19ms]
2023-11-19 17:48:51.432 [info] > git ls-files --stage -- /var/www/clients/client2/web2/web/sistema/adsgrupo06/CodeIgniter/app/Config/Services.php [9ms]
2023-11-19 17:48:51.444 [info] > git cat-file -s df7c8ad086004822ce2c0da50d0c45bd8670a554 [2ms]
2023-11-19 17:48:55.121 [info] > git config --get commit.template [9ms]
2023-11-19 17:48:55.123 [info] > git for-each-ref --format=%(refname)%00%(upstream:short)%00%(objectname)%00%(upstream:track)%00%(upstream:remotename)%00%(upstream:remoteref) refs/heads/Vinicius refs/remotes/Vinicius [3ms]
2023-11-19 17:48:55.195 [info] > git status -z -uall [64ms]
2023-11-19 17:49:00.410 [info] > git config --get commit.template [9ms]
2023-11-19 17:49:00.412 [info] > git for-each-ref --format=%(refname)%00%(upstream:short)%00%(objectname)%00%(upstream:track)%00%(upstream:remotename)%00%(upstream:remoteref) refs/heads/Vinicius refs/remotes/Vinicius [4ms]
2023-11-19 17:49:00.480 [info] > git status -z -uall [62ms]
2023-11-19 17:49:05.585 [info] > git config --get commit.template [9ms]
2023-11-19 17:49:05.587 [info] > git for-each-ref --format=%(refname)%00%(upstream:short)%00%(objectname)%00%(upstream:track)%00%(upstream:remotename)%00%(upstream:remoteref) refs/heads/Vinicius refs/remotes/Vinicius [3ms]
2023-11-19 17:49:05.702 [info] > git status -z -uall [110ms]
2023-11-19 17:49:10.912 [info] > git config --get commit.template [9ms]
2023-11-19 17:49:10.915 [info] > git for-each-ref --format=%(refname)%00%(upstream:short)%00%(objectname)%00%(upstream:track)%00%(upstream:remotename)%00%(upstream:remoteref) refs/heads/Vinicius refs/remotes/Vinicius [3ms]
2023-11-19 17:49:10.984 [info] > git status -z -uall [64ms]
2023-11-19 17:49:16.096 [info] > git config --get commit.template [8ms]
2023-11-19 17:49:16.099 [info] > git for-each-ref --format=%(refname)%00%(upstream:short)%00%(objectname)%00%(upstream:track)%00%(upstream:remotename)%00%(upstream:remoteref) refs/heads/Vinicius refs/remotes/Vinicius [4ms]
2023-11-19 17:49:16.166 [info] > git status -z -uall [60ms]
2023-11-19 17:49:21.278 [info] > git config --get commit.template [9ms]
2023-11-19 17:49:21.280 [info] > git for-each-ref --format=%(refname)%00%(upstream:short)%00%(objectname)%00%(upstream:track)%00%(upstream:remotename)%00%(upstream:remoteref) refs/heads/Vinicius refs/remotes/Vinicius [3ms]
2023-11-19 17:49:21.337 [info] > git status -z -uall [51ms]
2023-11-19 17:49:26.463 [info] > git config --get commit.template [11ms]
2023-11-19 17:49:26.466 [info] > git for-each-ref --format=%(refname)%00%(upstream:short)%00%(objectname)%00%(upstream:track)%00%(upstream:remotename)%00%(upstream:remoteref) refs/heads/Vinicius refs/remotes/Vinicius [5ms]
2023-11-19 17:49:26.553 [info] > git status -z -uall [79ms]
2023-11-19 17:49:31.680 [info] > git config --get commit.template [8ms]
2023-11-19 17:49:31.682 [info] > git for-each-ref --format=%(refname)%00%(upstream:short)%00%(objectname)%00%(upstream:track)%00%(upstream:remotename)%00%(upstream:remoteref) refs/heads/Vinicius refs/remotes/Vinicius [3ms]
2023-11-19 17:49:31.752 [info] > git status -z -uall [64ms]
2023-11-19 17:49:36.880 [info] > git config --get commit.template [11ms]
2023-11-19 17:49:36.882 [info] > git for-each-ref --format=%(refname)%00%(upstream:short)%00%(objectname)%00%(upstream:track)%00%(upstream:remotename)%00%(upstream:remoteref) refs/heads/Vinicius refs/remotes/Vinicius [4ms]
2023-11-19 17:49:36.956 [info] > git status -z -uall [68ms]
2023-11-19 17:49:42.085 [info] > git config --get commit.template [14ms]
2023-11-19 17:49:42.088 [info] > git for-each-ref --format=%(refname)%00%(upstream:short)%00%(objectname)%00%(upstream:track)%00%(upstream:remotename)%00%(upstream:remoteref) refs/heads/Vinicius refs/remotes/Vinicius [5ms]
2023-11-19 17:49:42.182 [info] > git status -z -uall [83ms]
2023-11-19 17:49:47.285 [info] > git config --get commit.template [11ms]
2023-11-19 17:49:47.287 [info] > git for-each-ref --format=%(refname)%00%(upstream:short)%00%(objectname)%00%(upstream:track)%00%(upstream:remotename)%00%(upstream:remoteref) refs/heads/Vinicius refs/remotes/Vinicius [3ms]
2023-11-19 17:49:47.356 [info] > git status -z -uall [62ms]
2023-11-19 17:49:52.477 [info] > git config --get commit.template [13ms]
2023-11-19 17:49:52.480 [info] > git for-each-ref --format=%(refname)%00%(upstream:short)%00%(objectname)%00%(upstream:track)%00%(upstream:remotename)%00%(upstream:remoteref) refs/heads/Vinicius refs/remotes/Vinicius [5ms]
2023-11-19 17:49:52.581 [info] > git status -z -uall [90ms]
2023-11-19 17:49:57.786 [info] > git config --get commit.template [17ms]
2023-11-19 17:49:57.808 [info] > git for-each-ref --format=%(refname)%00%(upstream:short)%00%(objectname)%00%(upstream:track)%00%(upstream:remotename)%00%(upstream:remoteref) refs/heads/Vinicius refs/remotes/Vinicius [22ms]
2023-11-19 17:49:57.893 [info] > git status -z -uall [72ms]
2023-11-19 17:50:03.008 [info] > git config --get commit.template [12ms]
2023-11-19 17:50:03.012 [info] > git for-each-ref --format=%(refname)%00%(upstream:short)%00%(objectname)%00%(upstream:track)%00%(upstream:remotename)%00%(upstream:remoteref) refs/heads/Vinicius refs/remotes/Vinicius [4ms]
2023-11-19 17:50:03.276 [info] > git status -z -uall [256ms]
2023-11-19 17:50:07.601 [info] > git check-ignore -v -z --stdin [24ms]
2023-11-19 17:50:08.423 [info] > git config --get commit.template [11ms]
2023-11-19 17:50:08.427 [info] > git for-each-ref --format=%(refname)%00%(upstream:short)%00%(objectname)%00%(upstream:track)%00%(upstream:remotename)%00%(upstream:remoteref) refs/heads/Vinicius refs/remotes/Vinicius [7ms]
2023-11-19 17:50:08.566 [info] > git status -z -uall [133ms]
2023-11-19 17:50:13.698 [info] > git config --get commit.template [14ms]
2023-11-19 17:50:13.701 [info] > git for-each-ref --format=%(refname)%00%(upstream:short)%00%(objectname)%00%(upstream:track)%00%(upstream:remotename)%00%(upstream:remoteref) refs/heads/Vinicius refs/remotes/Vinicius [4ms]
2023-11-19 17:50:13.783 [info] > git status -z -uall [74ms]
2023-11-19 17:50:16.700 [info] > git check-ignore -v -z --stdin [5ms]
2023-11-19 17:50:16.843 [info] > git show --textconv :CodeIgniter/app/Services/SalaService.php [13ms]
2023-11-19 17:50:16.848 [info] > git ls-files --stage -- /var/www/clients/client2/web2/web/sistema/adsgrupo06/CodeIgniter/app/Services/SalaService.php [8ms]
2023-11-19 17:50:28.531 [info] > git config --get commit.template [8ms]
2023-11-19 17:50:28.533 [info] > git for-each-ref --format=%(refname)%00%(upstream:short)%00%(objectname)%00%(upstream:track)%00%(upstream:remotename)%00%(upstream:remoteref) refs/heads/Vinicius refs/remotes/Vinicius [3ms]
2023-11-19 17:50:28.600 [info] > git status -z -uall [62ms]
2023-11-19 17:50:33.762 [info] > git config --get commit.template [16ms]
2023-11-19 17:50:33.765 [info] > git for-each-ref --format=%(refname)%00%(upstream:short)%00%(objectname)%00%(upstream:track)%00%(upstream:remotename)%00%(upstream:remoteref) refs/heads/Vinicius refs/remotes/Vinicius [7ms]
2023-11-19 17:50:33.904 [info] > git status -z -uall [126ms]
2023-11-19 17:50:39.144 [info] > git config --get commit.template [10ms]
2023-11-19 17:50:39.146 [info] > git for-each-ref --format=%(refname)%00%(upstream:short)%00%(objectname)%00%(upstream:track)%00%(upstream:remotename)%00%(upstream:remoteref) refs/heads/Vinicius refs/remotes/Vinicius [4ms]
2023-11-19 17:50:39.218 [info] > git status -z -uall [66ms]
2023-11-19 17:50:44.330 [info] > git config --get commit.template [9ms]
2023-11-19 17:50:44.332 [info] > git for-each-ref --format=%(refname)%00%(upstream:short)%00%(objectname)%00%(upstream:track)%00%(upstream:remotename)%00%(upstream:remoteref) refs/heads/Vinicius refs/remotes/Vinicius [3ms]
2023-11-19 17:50:44.407 [info] > git status -z -uall [68ms]
2023-11-19 17:50:49.533 [info] > git config --get commit.template [20ms]
2023-11-19 17:50:49.547 [info] > git for-each-ref --format=%(refname)%00%(upstream:short)%00%(objectname)%00%(upstream:track)%00%(upstream:remotename)%00%(upstream:remoteref) refs/heads/Vinicius refs/remotes/Vinicius [16ms]
2023-11-19 17:50:49.636 [info] > git status -z -uall [65ms]
2023-11-19 17:50:54.751 [info] > git config --get commit.template [9ms]
2023-11-19 17:50:54.753 [info] > git for-each-ref --format=%(refname)%00%(upstream:short)%00%(objectname)%00%(upstream:track)%00%(upstream:remotename)%00%(upstream:remoteref) refs/heads/Vinicius refs/remotes/Vinicius [4ms]
2023-11-19 17:50:54.827 [info] > git status -z -uall [67ms]
2023-11-19 17:50:59.948 [info] > git config --get commit.template [17ms]
2023-11-19 17:50:59.950 [info] > git for-each-ref --format=%(refname)%00%(upstream:short)%00%(objectname)%00%(upstream:track)%00%(upstream:remotename)%00%(upstream:remoteref) refs/heads/Vinicius refs/remotes/Vinicius [3ms]
2023-11-19 17:51:00.024 [info] > git status -z -uall [67ms]
2023-11-19 17:52:27.390 [info] > git config --get commit.template [20ms]
2023-11-19 17:52:27.394 [info] > git for-each-ref --format=%(refname)%00%(upstream:short)%00%(objectname)%00%(upstream:track)%00%(upstream:remotename)%00%(upstream:remoteref) refs/heads/Vinicius refs/remotes/Vinicius [16ms]
2023-11-19 17:52:27.616 [info] > git status -z -uall [216ms]
2023-11-19 17:52:32.768 [info] > git config --get commit.template [18ms]
2023-11-19 17:52:32.780 [info] > git for-each-ref --format=%(refname)%00%(upstream:short)%00%(objectname)%00%(upstream:track)%00%(upstream:remotename)%00%(upstream:remoteref) refs/heads/Vinicius refs/remotes/Vinicius [19ms]
2023-11-19 17:52:32.947 [info] > git status -z -uall [154ms]
2023-11-19 17:52:38.166 [info] > git config --get commit.template [9ms]
2023-11-19 17:52:38.169 [info] > git for-each-ref --format=%(refname)%00%(upstream:short)%00%(objectname)%00%(upstream:track)%00%(upstream:remotename)%00%(upstream:remoteref) refs/heads/Vinicius refs/remotes/Vinicius [4ms]
2023-11-19 17:52:38.246 [info] > git status -z -uall [71ms]
2023-11-19 17:52:43.392 [info] > git config --get commit.template [31ms]
2023-11-19 17:52:43.399 [info] > git for-each-ref --format=%(refname)%00%(upstream:short)%00%(objectname)%00%(upstream:track)%00%(upstream:remotename)%00%(upstream:remoteref) refs/heads/Vinicius refs/remotes/Vinicius [11ms]
2023-11-19 17:52:43.552 [info] > git status -z -uall [116ms]
2023-11-19 17:52:48.671 [info] > git config --get commit.template [14ms]
2023-11-19 17:52:48.674 [info] > git for-each-ref --format=%(refname)%00%(upstream:short)%00%(objectname)%00%(upstream:track)%00%(upstream:remotename)%00%(upstream:remoteref) refs/heads/Vinicius refs/remotes/Vinicius [4ms]
2023-11-19 17:52:48.775 [info] > git status -z -uall [92ms]
2023-11-19 17:52:53.887 [info] > git config --get commit.template [10ms]
2023-11-19 17:52:53.889 [info] > git for-each-ref --format=%(refname)%00%(upstream:short)%00%(objectname)%00%(upstream:track)%00%(upstream:remotename)%00%(upstream:remoteref) refs/heads/Vinicius refs/remotes/Vinicius [3ms]
2023-11-19 17:52:53.966 [info] > git status -z -uall [70ms]
2023-11-19 17:54:07.560 [info] > git config --get commit.template [33ms]
2023-11-19 17:54:07.567 [info] > git for-each-ref --format=%(refname)%00%(upstream:short)%00%(objectname)%00%(upstream:track)%00%(upstream:remotename)%00%(upstream:remoteref) refs/heads/Vinicius refs/remotes/Vinicius [34ms]
2023-11-19 17:54:07.817 [info] > git status -z -uall [244ms]
2023-11-19 17:54:12.986 [info] > git config --get commit.template [11ms]
2023-11-19 17:54:12.989 [info] > git for-each-ref --format=%(refname)%00%(upstream:short)%00%(objectname)%00%(upstream:track)%00%(upstream:remotename)%00%(upstream:remoteref) refs/heads/Vinicius refs/remotes/Vinicius [4ms]
2023-11-19 17:54:13.083 [info] > git status -z -uall [88ms]
2023-11-19 17:54:18.200 [info] > git config --get commit.template [10ms]
2023-11-19 17:54:18.203 [info] > git for-each-ref --format=%(refname)%00%(upstream:short)%00%(objectname)%00%(upstream:track)%00%(upstream:remotename)%00%(upstream:remoteref) refs/heads/Vinicius refs/remotes/Vinicius [3ms]
2023-11-19 17:54:18.286 [info] > git status -z -uall [76ms]
2023-11-19 17:54:23.408 [info] > git config --get commit.template [10ms]
2023-11-19 17:54:23.410 [info] > git for-each-ref --format=%(refname)%00%(upstream:short)%00%(objectname)%00%(upstream:track)%00%(upstream:remotename)%00%(upstream:remoteref) refs/heads/Vinicius refs/remotes/Vinicius [3ms]
2023-11-19 17:54:23.484 [info] > git status -z -uall [66ms]
2023-11-19 17:54:24.528 [info] > git check-ignore -v -z --stdin [6ms]
2023-11-19 17:54:24.705 [info] > git show --textconv :CodeIgniter/app/Controllers/AtualizarSala.php [15ms]
2023-11-19 17:54:24.710 [info] > git ls-files --stage -- /var/www/clients/client2/web2/web/sistema/adsgrupo06/CodeIgniter/app/Controllers/AtualizarSala.php [7ms]
2023-11-19 17:54:32.293 [info] > git config --get commit.template [9ms]
2023-11-19 17:54:32.296 [info] > git for-each-ref --format=%(refname)%00%(upstream:short)%00%(objectname)%00%(upstream:track)%00%(upstream:remotename)%00%(upstream:remoteref) refs/heads/Vinicius refs/remotes/Vinicius [4ms]
2023-11-19 17:54:32.374 [info] > git status -z -uall [70ms]
2023-11-19 17:54:37.595 [info] > git config --get commit.template [9ms]
2023-11-19 17:54:37.605 [info] > git for-each-ref --format=%(refname)%00%(upstream:short)%00%(objectname)%00%(upstream:track)%00%(upstream:remotename)%00%(upstream:remoteref) refs/heads/Vinicius refs/remotes/Vinicius [11ms]
2023-11-19 17:54:37.674 [info] > git status -z -uall [62ms]
2023-11-19 17:54:42.810 [info] > git config --get commit.template [15ms]
2023-11-19 17:54:42.813 [info] > git for-each-ref --format=%(refname)%00%(upstream:short)%00%(objectname)%00%(upstream:track)%00%(upstream:remotename)%00%(upstream:remoteref) refs/heads/Vinicius refs/remotes/Vinicius [5ms]
2023-11-19 17:54:42.914 [info] > git status -z -uall [90ms]
2023-11-19 17:55:01.800 [info] > git config --get commit.template [19ms]
2023-11-19 17:55:01.805 [info] > git for-each-ref --format=%(refname)%00%(upstream:short)%00%(objectname)%00%(upstream:track)%00%(upstream:remotename)%00%(upstream:remoteref) refs/heads/Vinicius refs/remotes/Vinicius [5ms]
2023-11-19 17:55:01.981 [info] > git status -z -uall [160ms]
2023-11-19 17:55:07.167 [info] > git config --get commit.template [28ms]
2023-11-19 17:55:07.172 [info] > git for-each-ref --format=%(refname)%00%(upstream:short)%00%(objectname)%00%(upstream:track)%00%(upstream:remotename)%00%(upstream:remoteref) refs/heads/Vinicius refs/remotes/Vinicius [20ms]
2023-11-19 17:55:07.362 [info] > git status -z -uall [178ms]
2023-11-19 17:55:12.646 [info] > git config --get commit.template [14ms]
2023-11-19 17:55:12.649 [info] > git for-each-ref --format=%(refname)%00%(upstream:short)%00%(objectname)%00%(upstream:track)%00%(upstream:remotename)%00%(upstream:remoteref) refs/heads/Vinicius refs/remotes/Vinicius [3ms]
2023-11-19 17:55:12.743 [info] > git status -z -uall [88ms]
2023-11-19 17:55:17.886 [info] > git config --get commit.template [15ms]
2023-11-19 17:55:17.889 [info] > git for-each-ref --format=%(refname)%00%(upstream:short)%00%(objectname)%00%(upstream:track)%00%(upstream:remotename)%00%(upstream:remoteref) refs/heads/Vinicius refs/remotes/Vinicius [5ms]
2023-11-19 17:55:18.006 [info] > git status -z -uall [107ms]
2023-11-19 17:55:19.871 [info] > git check-ignore -v -z --stdin [13ms]
2023-11-19 17:55:20.024 [info] > git show --textconv :CodeIgniter/app/Views/atualizar_sala_form [15ms]
2023-11-19 17:55:20.030 [info] > git ls-files --stage -- /var/www/clients/client2/web2/web/sistema/adsgrupo06/CodeIgniter/app/Views/atualizar_sala_form [9ms]
2023-11-19 17:55:23.116 [info] > git config --get commit.template [10ms]
2023-11-19 17:55:23.119 [info] > git for-each-ref --format=%(refname)%00%(upstream:short)%00%(objectname)%00%(upstream:track)%00%(upstream:remotename)%00%(upstream:remoteref) refs/heads/Vinicius refs/remotes/Vinicius [3ms]
2023-11-19 17:55:23.192 [info] > git status -z -uall [67ms]
2023-11-19 17:55:26.799 [info] > git check-ignore -v -z --stdin [5ms]
2023-11-19 17:55:26.914 [info] > git show --textconv :CodeIgniter/app/Views/atualizar_sala_form.php [11ms]
2023-11-19 17:55:26.920 [info] > git ls-files --stage -- /var/www/clients/client2/web2/web/sistema/adsgrupo06/CodeIgniter/app/Views/atualizar_sala_form.php [7ms]
2023-11-19 17:55:28.306 [info] > git config --get commit.template [13ms]
2023-11-19 17:55:28.310 [info] > git for-each-ref --format=%(refname)%00%(upstream:short)%00%(objectname)%00%(upstream:track)%00%(upstream:remotename)%00%(upstream:remoteref) refs/heads/Vinicius refs/remotes/Vinicius [4ms]
2023-11-19 17:55:28.410 [info] > git status -z -uall [89ms]
2023-11-19 17:55:33.528 [info] > git config --get commit.template [9ms]
2023-11-19 17:55:33.545 [info] > git for-each-ref --format=%(refname)%00%(upstream:short)%00%(objectname)%00%(upstream:track)%00%(upstream:remotename)%00%(upstream:remoteref) refs/heads/Vinicius refs/remotes/Vinicius [19ms]
2023-11-19 17:55:33.656 [info] > git status -z -uall [103ms]
2023-11-19 17:55:38.773 [info] > git config --get commit.template [11ms]
2023-11-19 17:55:38.776 [info] > git for-each-ref --format=%(refname)%00%(upstream:short)%00%(objectname)%00%(upstream:track)%00%(upstream:remotename)%00%(upstream:remoteref) refs/heads/Vinicius refs/remotes/Vinicius [5ms]
2023-11-19 17:55:38.850 [info] > git status -z -uall [67ms]
2023-11-19 17:56:17.396 [info] > git config --get commit.template [9ms]
2023-11-19 17:56:17.399 [info] > git for-each-ref --format=%(refname)%00%(upstream:short)%00%(objectname)%00%(upstream:track)%00%(upstream:remotename)%00%(upstream:remoteref) refs/heads/Vinicius refs/remotes/Vinicius [3ms]
2023-11-19 17:56:17.476 [info] > git status -z -uall [72ms]
2023-11-19 17:56:22.597 [info] > git config --get commit.template [9ms]
2023-11-19 17:56:22.599 [info] > git for-each-ref --format=%(refname)%00%(upstream:short)%00%(objectname)%00%(upstream:track)%00%(upstream:remotename)%00%(upstream:remoteref) refs/heads/Vinicius refs/remotes/Vinicius [3ms]
2023-11-19 17:56:22.694 [info] > git status -z -uall [88ms]
2023-11-19 17:56:27.816 [info] > git config --get commit.template [12ms]
2023-11-19 17:56:27.819 [info] > git for-each-ref --format=%(refname)%00%(upstream:short)%00%(objectname)%00%(upstream:track)%00%(upstream:remotename)%00%(upstream:remoteref) refs/heads/Vinicius refs/remotes/Vinicius [4ms]
2023-11-19 17:56:27.893 [info] > git status -z -uall [67ms]
2023-11-19 17:56:33.016 [info] > git config --get commit.template [9ms]
2023-11-19 17:56:33.018 [info] > git for-each-ref --format=%(refname)%00%(upstream:short)%00%(objectname)%00%(upstream:track)%00%(upstream:remotename)%00%(upstream:remoteref) refs/heads/Vinicius refs/remotes/Vinicius [3ms]
2023-11-19 17:56:33.098 [info] > git status -z -uall [73ms]
2023-11-19 17:56:40.561 [info] > git config --get commit.template [8ms]
2023-11-19 17:56:40.563 [info] > git for-each-ref --format=%(refname)%00%(upstream:short)%00%(objectname)%00%(upstream:track)%00%(upstream:remotename)%00%(upstream:remoteref) refs/heads/Vinicius refs/remotes/Vinicius [3ms]
2023-11-19 17:56:40.632 [info] > git status -z -uall [63ms]
2023-11-19 17:56:41.949 [info] > git show --textconv :CodeIgniter/app/Config/Routes.php [20ms]
2023-11-19 17:56:41.955 [info] > git ls-files --stage -- /var/www/clients/client2/web2/web/sistema/adsgrupo06/CodeIgniter/app/Config/Routes.php [13ms]
2023-11-19 17:56:41.968 [info] > git cat-file -s b1e1bb3f8c4c278207401b4b454a971e5cb5eab9 [4ms]
2023-11-19 17:56:45.861 [info] > git config --get commit.template [12ms]
2023-11-19 17:56:45.864 [info] > git for-each-ref --format=%(refname)%00%(upstream:short)%00%(objectname)%00%(upstream:track)%00%(upstream:remotename)%00%(upstream:remoteref) refs/heads/Vinicius refs/remotes/Vinicius [3ms]
2023-11-19 17:56:45.938 [info] > git status -z -uall [67ms]
2023-11-19 17:56:51.057 [info] > git config --get commit.template [8ms]
2023-11-19 17:56:51.059 [info] > git for-each-ref --format=%(refname)%00%(upstream:short)%00%(objectname)%00%(upstream:track)%00%(upstream:remotename)%00%(upstream:remoteref) refs/heads/Vinicius refs/remotes/Vinicius [3ms]
2023-11-19 17:56:51.151 [info] > git status -z -uall [85ms]
2023-11-19 17:57:03.166 [info] > git config --get commit.template [8ms]
2023-11-19 17:57:03.169 [info] > git for-each-ref --format=%(refname)%00%(upstream:short)%00%(objectname)%00%(upstream:track)%00%(upstream:remotename)%00%(upstream:remoteref) refs/heads/Vinicius refs/remotes/Vinicius [3ms]
2023-11-19 17:57:03.240 [info] > git status -z -uall [66ms]
2023-11-19 17:57:08.386 [info] > git config --get commit.template [14ms]
2023-11-19 17:57:08.388 [info] > git for-each-ref --format=%(refname)%00%(upstream:short)%00%(objectname)%00%(upstream:track)%00%(upstream:remotename)%00%(upstream:remoteref) refs/heads/Vinicius refs/remotes/Vinicius [8ms]
2023-11-19 17:57:08.475 [info] > git status -z -uall [80ms]
2023-11-19 17:57:13.720 [info] > git config --get commit.template [14ms]
2023-11-19 17:57:13.723 [info] > git for-each-ref --format=%(refname)%00%(upstream:short)%00%(objectname)%00%(upstream:track)%00%(upstream:remotename)%00%(upstream:remoteref) refs/heads/Vinicius refs/remotes/Vinicius [4ms]
2023-11-19 17:57:13.832 [info] > git status -z -uall [99ms]
2023-11-19 17:57:18.959 [info] > git config --get commit.template [10ms]
2023-11-19 17:57:18.961 [info] > git for-each-ref --format=%(refname)%00%(upstream:short)%00%(objectname)%00%(upstream:track)%00%(upstream:remotename)%00%(upstream:remoteref) refs/heads/Vinicius refs/remotes/Vinicius [3ms]
2023-11-19 17:57:19.031 [info] > git status -z -uall [63ms]
2023-11-19 17:57:23.753 [info] > git show --textconv :CodeIgniter/app/Controllers/AtualizarSala.php [13ms]
2023-11-19 17:57:23.757 [info] > git ls-files --stage -- /var/www/clients/client2/web2/web/sistema/adsgrupo06/CodeIgniter/app/Controllers/AtualizarSala.php [9ms]
2023-11-19 17:57:24.151 [info] > git config --get commit.template [10ms]
2023-11-19 17:57:24.153 [info] > git for-each-ref --format=%(refname)%00%(upstream:short)%00%(objectname)%00%(upstream:track)%00%(upstream:remotename)%00%(upstream:remoteref) refs/heads/Vinicius refs/remotes/Vinicius [3ms]
2023-11-19 17:57:24.228 [info] > git status -z -uall [69ms]
2023-11-19 17:57:29.375 [info] > git config --get commit.template [11ms]
2023-11-19 17:57:29.378 [info] > git for-each-ref --format=%(refname)%00%(upstream:short)%00%(objectname)%00%(upstream:track)%00%(upstream:remotename)%00%(upstream:remoteref) refs/heads/Vinicius refs/remotes/Vinicius [4ms]
2023-11-19 17:57:29.446 [info] > git status -z -uall [59ms]
2023-11-19 17:58:07.072 [info] > git config --get commit.template [8ms]
2023-11-19 17:58:07.074 [info] > git for-each-ref --format=%(refname)%00%(upstream:short)%00%(objectname)%00%(upstream:track)%00%(upstream:remotename)%00%(upstream:remoteref) refs/heads/Vinicius refs/remotes/Vinicius [4ms]
2023-11-19 17:58:07.143 [info] > git status -z -uall [62ms]
2023-11-19 17:58:12.257 [info] > git config --get commit.template [11ms]
2023-11-19 17:58:12.261 [info] > git for-each-ref --format=%(refname)%00%(upstream:short)%00%(objectname)%00%(upstream:track)%00%(upstream:remotename)%00%(upstream:remoteref) refs/heads/Vinicius refs/remotes/Vinicius [5ms]
2023-11-19 17:58:12.346 [info] > git status -z -uall [74ms]
2023-11-19 17:58:17.573 [info] > git config --get commit.template [10ms]
2023-11-19 17:58:17.575 [info] > git for-each-ref --format=%(refname)%00%(upstream:short)%00%(objectname)%00%(upstream:track)%00%(upstream:remotename)%00%(upstream:remoteref) refs/heads/Vinicius refs/remotes/Vinicius [3ms]
2023-11-19 17:58:17.642 [info] > git status -z -uall [61ms]
2023-11-19 17:58:22.741 [info] > git config --get commit.template [9ms]
2023-11-19 17:58:22.743 [info] > git for-each-ref --format=%(refname)%00%(upstream:short)%00%(objectname)%00%(upstream:track)%00%(upstream:remotename)%00%(upstream:remoteref) refs/heads/Vinicius refs/remotes/Vinicius [3ms]
2023-11-19 17:58:22.814 [info] > git status -z -uall [65ms]
2023-11-19 17:58:27.928 [info] > git config --get commit.template [9ms]
2023-11-19 17:58:27.931 [info] > git for-each-ref --format=%(refname)%00%(upstream:short)%00%(objectname)%00%(upstream:track)%00%(upstream:remotename)%00%(upstream:remoteref) refs/heads/Vinicius refs/remotes/Vinicius [3ms]
2023-11-19 17:58:28.001 [info] > git status -z -uall [64ms]
2023-11-19 17:58:30.947 [info] > git show --textconv :CodeIgniter/app/Config/Routes.php [26ms]
2023-11-19 17:58:30.955 [info] > git ls-files --stage -- /var/www/clients/client2/web2/web/sistema/adsgrupo06/CodeIgniter/app/Config/Routes.php [9ms]
2023-11-19 17:58:30.968 [info] > git cat-file -s b1e1bb3f8c4c278207401b4b454a971e5cb5eab9 [3ms]
2023-11-19 17:58:33.113 [info] > git config --get commit.template [10ms]
2023-11-19 17:58:33.115 [info] > git for-each-ref --format=%(refname)%00%(upstream:short)%00%(objectname)%00%(upstream:track)%00%(upstream:remotename)%00%(upstream:remoteref) refs/heads/Vinicius refs/remotes/Vinicius [3ms]
2023-11-19 17:58:33.187 [info] > git status -z -uall [66ms]
2023-11-19 18:00:40.293 [info] > git config --get commit.template [54ms]
2023-11-19 18:00:40.302 [info] > git for-each-ref --format=%(refname)%00%(upstream:short)%00%(objectname)%00%(upstream:track)%00%(upstream:remotename)%00%(upstream:remoteref) refs/heads/Vinicius refs/remotes/Vinicius [66ms]
2023-11-19 18:00:40.785 [info] > git status -z -uall [463ms]
2023-11-19 18:00:42.808 [info] > git show --textconv :CodeIgniter/app/Config/App.php [43ms]
2023-11-19 18:00:42.808 [info] > git ls-files --stage -- /var/www/clients/client2/web2/web/sistema/adsgrupo06/CodeIgniter/app/Config/App.php [36ms]
2023-11-19 18:00:42.836 [info] > git cat-file -s 82e2a4ea9a6deb3a541fea957448639b57182d63 [16ms]
2023-11-19 18:00:46.134 [info] > git config --get commit.template [11ms]
2023-11-19 18:00:46.139 [info] > git for-each-ref --format=%(refname)%00%(upstream:short)%00%(objectname)%00%(upstream:track)%00%(upstream:remotename)%00%(upstream:remoteref) refs/heads/Vinicius refs/remotes/Vinicius [9ms]
2023-11-19 18:00:46.255 [info] > git status -z -uall [108ms]
2023-11-19 18:00:51.378 [info] > git config --get commit.template [10ms]
2023-11-19 18:00:51.380 [info] > git for-each-ref --format=%(refname)%00%(upstream:short)%00%(objectname)%00%(upstream:track)%00%(upstream:remotename)%00%(upstream:remoteref) refs/heads/Vinicius refs/remotes/Vinicius [4ms]
2023-11-19 18:00:51.453 [info] > git status -z -uall [66ms]
2023-11-19 18:02:08.816 [info] > git config --get commit.template [20ms]
2023-11-19 18:02:08.820 [info] > git for-each-ref --format=%(refname)%00%(upstream:short)%00%(objectname)%00%(upstream:track)%00%(upstream:remotename)%00%(upstream:remoteref) refs/heads/Vinicius refs/remotes/Vinicius [18ms]
2023-11-19 18:02:09.106 [info] > git status -z -uall [280ms]
2023-11-19 18:02:14.228 [info] > git config --get commit.template [11ms]
2023-11-19 18:02:14.230 [info] > git for-each-ref --format=%(refname)%00%(upstream:short)%00%(objectname)%00%(upstream:track)%00%(upstream:remotename)%00%(upstream:remoteref) refs/heads/Vinicius refs/remotes/Vinicius [5ms]
2023-11-19 18:02:14.331 [info] > git status -z -uall [96ms]
2023-11-19 18:02:19.536 [info] > git config --get commit.template [9ms]
2023-11-19 18:02:19.538 [info] > git for-each-ref --format=%(refname)%00%(upstream:short)%00%(objectname)%00%(upstream:track)%00%(upstream:remotename)%00%(upstream:remoteref) refs/heads/Vinicius refs/remotes/Vinicius [3ms]
2023-11-19 18:02:19.610 [info] > git status -z -uall [68ms]
2023-11-19 18:02:23.724 [info] > git check-ignore -v -z --stdin [6ms]
2023-11-19 18:02:24.713 [info] > git config --get commit.template [10ms]
2023-11-19 18:02:24.715 [info] > git for-each-ref --format=%(refname)%00%(upstream:short)%00%(objectname)%00%(upstream:track)%00%(upstream:remotename)%00%(upstream:remoteref) refs/heads/Vinicius refs/remotes/Vinicius [4ms]
2023-11-19 18:02:24.786 [info] > git status -z -uall [63ms]
2023-11-19 18:02:26.958 [info] > git check-ignore -v -z --stdin [4ms]
2023-11-19 18:02:29.421 [info] > git check-ignore -v -z --stdin [4ms]
2023-11-19 18:02:30.016 [info] > git config --get commit.template [7ms]
2023-11-19 18:02:30.018 [info] > git for-each-ref --format=%(refname)%00%(upstream:short)%00%(objectname)%00%(upstream:track)%00%(upstream:remotename)%00%(upstream:remoteref) refs/heads/Vinicius refs/remotes/Vinicius [3ms]
2023-11-19 18:02:30.085 [info] > git status -z -uall [62ms]
2023-11-19 18:02:32.051 [info] > git check-ignore -v -z --stdin [6ms]
2023-11-19 18:02:33.906 [info] > git check-ignore -v -z --stdin [7ms]
2023-11-19 18:02:35.184 [info] > git config --get commit.template [7ms]
2023-11-19 18:02:35.186 [info] > git for-each-ref --format=%(refname)%00%(upstream:short)%00%(objectname)%00%(upstream:track)%00%(upstream:remotename)%00%(upstream:remoteref) refs/heads/Vinicius refs/remotes/Vinicius [2ms]
2023-11-19 18:02:35.250 [info] > git status -z -uall [59ms]
2023-11-19 18:02:36.245 [info] > git check-ignore -v -z --stdin [6ms]
2023-11-19 18:02:40.451 [info] > git config --get commit.template [10ms]
2023-11-19 18:02:40.453 [info] > git for-each-ref --format=%(refname)%00%(upstream:short)%00%(objectname)%00%(upstream:track)%00%(upstream:remotename)%00%(upstream:remoteref) refs/heads/Vinicius refs/remotes/Vinicius [3ms]
2023-11-19 18:02:40.516 [info] > git status -z -uall [58ms]
2023-11-19 18:02:45.618 [info] > git config --get commit.template [9ms]
2023-11-19 18:02:45.620 [info] > git for-each-ref --format=%(refname)%00%(upstream:short)%00%(objectname)%00%(upstream:track)%00%(upstream:remotename)%00%(upstream:remoteref) refs/heads/Vinicius refs/remotes/Vinicius [3ms]
2023-11-19 18:02:45.686 [info] > git status -z -uall [61ms]
2023-11-19 18:02:47.457 [info] > git check-ignore -v -z --stdin [6ms]
2023-11-19 18:02:50.799 [info] > git config --get commit.template [9ms]
2023-11-19 18:02:50.801 [info] > git for-each-ref --format=%(refname)%00%(upstream:short)%00%(objectname)%00%(upstream:track)%00%(upstream:remotename)%00%(upstream:remoteref) refs/heads/Vinicius refs/remotes/Vinicius [4ms]
2023-11-19 18:02:50.874 [info] > git status -z -uall [67ms]
2023-11-19 18:02:55.990 [info] > git config --get commit.template [9ms]
2023-11-19 18:02:55.992 [info] > git for-each-ref --format=%(refname)%00%(upstream:short)%00%(objectname)%00%(upstream:track)%00%(upstream:remotename)%00%(upstream:remoteref) refs/heads/Vinicius refs/remotes/Vinicius [4ms]
2023-11-19 18:02:56.066 [info] > git status -z -uall [66ms]
2023-11-19 18:02:56.727 [info] > git check-ignore -v -z --stdin [21ms]
2023-11-19 18:03:01.311 [info] > git config --get commit.template [31ms]
2023-11-19 18:03:01.320 [info] > git for-each-ref --format=%(refname)%00%(upstream:short)%00%(objectname)%00%(upstream:track)%00%(upstream:remotename)%00%(upstream:remoteref) refs/heads/Vinicius refs/remotes/Vinicius [11ms]
2023-11-19 18:03:01.562 [info] > git status -z -uall [226ms]
2023-11-19 18:03:03.298 [info] > git show --textconv :CodeIgniter/writable/logs/log-2023-11-15.log [24ms]
2023-11-19 18:03:03.306 [info] > git ls-files --stage -- /var/www/clients/client2/web2/web/sistema/adsgrupo06/CodeIgniter/writable/logs/log-2023-11-15.log [14ms]
2023-11-19 18:03:06.929 [info] > git config --get commit.template [12ms]
2023-11-19 18:03:06.933 [info] > git for-each-ref --format=%(refname)%00%(upstream:short)%00%(objectname)%00%(upstream:track)%00%(upstream:remotename)%00%(upstream:remoteref) refs/heads/Vinicius refs/remotes/Vinicius [7ms]
2023-11-19 18:03:07.092 [info] > git status -z -uall [152ms]
2023-11-19 18:03:12.313 [info] > git config --get commit.template [11ms]
2023-11-19 18:03:12.317 [info] > git for-each-ref --format=%(refname)%00%(upstream:short)%00%(objectname)%00%(upstream:track)%00%(upstream:remotename)%00%(upstream:remoteref) refs/heads/Vinicius refs/remotes/Vinicius [4ms]
2023-11-19 18:03:12.409 [info] > git status -z -uall [83ms]
2023-11-19 18:03:17.564 [info] > git config --get commit.template [11ms]
2023-11-19 18:03:17.566 [info] > git for-each-ref --format=%(refname)%00%(upstream:short)%00%(objectname)%00%(upstream:track)%00%(upstream:remotename)%00%(upstream:remoteref) refs/heads/Vinicius refs/remotes/Vinicius [4ms]
2023-11-19 18:03:17.645 [info] > git status -z -uall [72ms]
2023-11-19 18:03:18.207 [info] > git check-ignore -v -z --stdin [32ms]
2023-11-19 18:03:22.768 [info] > git config --get commit.template [10ms]
2023-11-19 18:03:22.770 [info] > git for-each-ref --format=%(refname)%00%(upstream:short)%00%(objectname)%00%(upstream:track)%00%(upstream:remotename)%00%(upstream:remoteref) refs/heads/Vinicius refs/remotes/Vinicius [3ms]
2023-11-19 18:03:22.842 [info] > git status -z -uall [65ms]
2023-11-19 18:03:28.065 [info] > git config --get commit.template [13ms]
2023-11-19 18:03:28.068 [info] > git for-each-ref --format=%(refname)%00%(upstream:short)%00%(objectname)%00%(upstream:track)%00%(upstream:remotename)%00%(upstream:remoteref) refs/heads/Vinicius refs/remotes/Vinicius [5ms]
2023-11-19 18:03:28.169 [info] > git status -z -uall [91ms]
2023-11-19 18:03:33.332 [info] > git config --get commit.template [10ms]
2023-11-19 18:03:33.334 [info] > git for-each-ref --format=%(refname)%00%(upstream:short)%00%(objectname)%00%(upstream:track)%00%(upstream:remotename)%00%(upstream:remoteref) refs/heads/Vinicius refs/remotes/Vinicius [3ms]
2023-11-19 18:03:33.406 [info] > git status -z -uall [65ms]
