2023-11-15 22:01:12.337 [info] Log level: Info
2023-11-15 22:01:12.337 [info] Validating found git in: "git"
2023-11-15 22:01:12.337 [info] Using git "2.20.1" from "git"
2023-11-15 22:01:12.337 [info] > git rev-parse --show-toplevel [42ms]
2023-11-15 22:01:12.337 [info] > git rev-parse --git-dir --git-common-dir [19ms]
2023-11-15 22:01:12.337 [info] Open repository: /var/www/clients/client2/web2/web/sistema/adsgrupo06
2023-11-15 22:01:12.337 [info] > git config --get commit.template [10ms]
2023-11-15 22:01:12.337 [info] > git rev-parse --show-toplevel [25ms]
2023-11-15 22:01:12.337 [info] > git for-each-ref --format=%(refname)%00%(upstream:short)%00%(objectname)%00%(upstream:track)%00%(upstream:remotename)%00%(upstream:remoteref) refs/heads/Vinicius refs/remotes/Vinicius [47ms]
2023-11-15 22:01:12.337 [info] > git rev-parse --show-toplevel [45ms]
2023-11-15 22:01:12.337 [info] > git rev-parse --show-toplevel [59ms]
2023-11-15 22:01:12.337 [info] > git rev-parse --show-toplevel [169ms]
2023-11-15 22:01:12.342 [info] > git status -z -uall [515ms]
2023-11-15 22:01:13.594 [info] > git rev-parse --show-toplevel [1328ms]
2023-11-15 22:01:13.747 [info] > git check-ignore -v -z --stdin [89ms]
2023-11-15 22:01:13.756 [info] > git config --get commit.template [275ms]
2023-11-15 22:01:13.768 [info] > git rev-parse --show-toplevel [21ms]
2023-11-15 22:01:13.874 [info] > git for-each-ref --format=%(refname)%00%(upstream:short)%00%(objectname)%00%(upstream:track)%00%(upstream:remotename)%00%(upstream:remoteref) refs/heads/Vinicius refs/remotes/Vinicius [85ms]
2023-11-15 22:01:13.929 [info] > git rev-parse --show-toplevel [56ms]
2023-11-15 22:01:14.115 [info] > git rev-parse --show-toplevel [116ms]
2023-11-15 22:01:14.212 [info] > git rev-parse --show-toplevel [20ms]
2023-11-15 22:01:14.299 [info] > git rev-parse --show-toplevel [17ms]
2023-11-15 22:01:14.365 [info] > git status -z -uall [446ms]
2023-11-15 22:01:15.719 [info] > git check-ignore -v -z --stdin [201ms]
2023-11-15 22:01:15.741 [info] > git show --textconv :CodeIgniter/app/Views/salas_exibir.php [69ms]
2023-11-15 22:01:15.777 [info] > git ls-files --stage -- /var/www/clients/client2/web2/web/sistema/adsgrupo06/CodeIgniter/app/Views/salas_exibir.php [50ms]
2023-11-15 22:01:15.817 [info] > git cat-file -s 53dd236803ed5d72f6d6132c2ca2c9af2effac94 [11ms]
2023-11-15 22:01:17.209 [info] > git config --get commit.template [45ms]
2023-11-15 22:01:17.223 [info] > git for-each-ref --format=%(refname)%00%(upstream:short)%00%(objectname)%00%(upstream:track)%00%(upstream:remotename)%00%(upstream:remoteref) refs/heads/Vinicius refs/remotes/Vinicius [19ms]
2023-11-15 22:01:17.512 [info] > git show --textconv :CodeIgniter/app/Views/welcome_message.php [31ms]
2023-11-15 22:01:17.521 [info] > git ls-files --stage -- /var/www/clients/client2/web2/web/sistema/adsgrupo06/CodeIgniter/app/Views/welcome_message.php [27ms]
2023-11-15 22:01:17.578 [info] > git cat-file -s 9ee2e427c308fa0b4f23cf6dcf326e672abfba70 [26ms]
2023-11-15 22:01:17.652 [info] > git status -z -uall [416ms]
2023-11-15 22:01:19.455 [info] > git show --textconv :CodeIgniter/app/Views/salas_form.php [56ms]
2023-11-15 22:01:19.468 [info] > git ls-files --stage -- /var/www/clients/client2/web2/web/sistema/adsgrupo06/CodeIgniter/app/Views/salas_form.php [14ms]
2023-11-15 22:01:19.491 [info] > git cat-file -s 0d258b68c078acf7d665842cf3cd7d7e786ab56f [12ms]
2023-11-15 22:01:29.764 [info] > git config --get commit.template [55ms]
2023-11-15 22:01:29.793 [info] > git for-each-ref --format=%(refname)%00%(upstream:short)%00%(objectname)%00%(upstream:track)%00%(upstream:remotename)%00%(upstream:remoteref) refs/heads/Vinicius refs/remotes/Vinicius [37ms]
2023-11-15 22:01:30.050 [info] > git status -z -uall [245ms]
2023-11-15 22:01:35.223 [info] > git config --get commit.template [9ms]
2023-11-15 22:01:35.226 [info] > git for-each-ref --format=%(refname)%00%(upstream:short)%00%(objectname)%00%(upstream:track)%00%(upstream:remotename)%00%(upstream:remoteref) refs/heads/Vinicius refs/remotes/Vinicius [4ms]
2023-11-15 22:01:35.305 [info] > git status -z -uall [73ms]
2023-11-15 22:01:38.718 [info] > git check-ignore -v -z --stdin [6ms]
2023-11-15 22:01:40.434 [info] > git config --get commit.template [16ms]
2023-11-15 22:01:40.438 [info] > git for-each-ref --format=%(refname)%00%(upstream:short)%00%(objectname)%00%(upstream:track)%00%(upstream:remotename)%00%(upstream:remoteref) refs/heads/Vinicius refs/remotes/Vinicius [5ms]
2023-11-15 22:01:40.524 [info] > git status -z -uall [77ms]
2023-11-15 22:01:43.131 [info] > git check-ignore -v -z --stdin [5ms]
2023-11-15 22:01:45.761 [info] > git config --get commit.template [10ms]
2023-11-15 22:01:45.763 [info] > git for-each-ref --format=%(refname)%00%(upstream:short)%00%(objectname)%00%(upstream:track)%00%(upstream:remotename)%00%(upstream:remoteref) refs/heads/Vinicius refs/remotes/Vinicius [6ms]
2023-11-15 22:01:45.848 [info] > git status -z -uall [78ms]
2023-11-15 22:01:51.074 [info] > git config --get commit.template [12ms]
2023-11-15 22:01:51.077 [info] > git for-each-ref --format=%(refname)%00%(upstream:short)%00%(objectname)%00%(upstream:track)%00%(upstream:remotename)%00%(upstream:remoteref) refs/heads/Vinicius refs/remotes/Vinicius [5ms]
2023-11-15 22:01:51.152 [info] > git status -z -uall [69ms]
2023-11-15 22:01:56.340 [info] > git config --get commit.template [12ms]
2023-11-15 22:01:56.343 [info] > git for-each-ref --format=%(refname)%00%(upstream:short)%00%(objectname)%00%(upstream:track)%00%(upstream:remotename)%00%(upstream:remoteref) refs/heads/Vinicius refs/remotes/Vinicius [5ms]
2023-11-15 22:01:56.410 [info] > git status -z -uall [61ms]
2023-11-15 22:02:01.607 [info] > git config --get commit.template [16ms]
2023-11-15 22:02:01.608 [info] > git for-each-ref --format=%(refname)%00%(upstream:short)%00%(objectname)%00%(upstream:track)%00%(upstream:remotename)%00%(upstream:remoteref) refs/heads/Vinicius refs/remotes/Vinicius [2ms]
2023-11-15 22:02:01.685 [info] > git status -z -uall [71ms]
2023-11-15 22:02:07.026 [info] > git config --get commit.template [29ms]
2023-11-15 22:02:07.032 [info] > git for-each-ref --format=%(refname)%00%(upstream:short)%00%(objectname)%00%(upstream:track)%00%(upstream:remotename)%00%(upstream:remoteref) refs/heads/Vinicius refs/remotes/Vinicius [25ms]
2023-11-15 22:02:07.237 [info] > git status -z -uall [199ms]
2023-11-15 22:02:12.418 [info] > git config --get commit.template [12ms]
2023-11-15 22:02:12.422 [info] > git for-each-ref --format=%(refname)%00%(upstream:short)%00%(objectname)%00%(upstream:track)%00%(upstream:remotename)%00%(upstream:remoteref) refs/heads/Vinicius refs/remotes/Vinicius [5ms]
2023-11-15 22:02:12.524 [info] > git status -z -uall [95ms]
2023-11-15 22:02:17.714 [info] > git config --get commit.template [13ms]
2023-11-15 22:02:17.715 [info] > git for-each-ref --format=%(refname)%00%(upstream:short)%00%(objectname)%00%(upstream:track)%00%(upstream:remotename)%00%(upstream:remoteref) refs/heads/Vinicius refs/remotes/Vinicius [4ms]
2023-11-15 22:02:17.808 [info] > git status -z -uall [87ms]
2023-11-15 22:02:23.031 [info] > git config --get commit.template [9ms]
2023-11-15 22:02:23.034 [info] > git for-each-ref --format=%(refname)%00%(upstream:short)%00%(objectname)%00%(upstream:track)%00%(upstream:remotename)%00%(upstream:remoteref) refs/heads/Vinicius refs/remotes/Vinicius [3ms]
2023-11-15 22:02:23.123 [info] > git status -z -uall [83ms]
2023-11-15 22:02:28.311 [info] > git show --textconv :CodeIgniter/app/Views/salas_editar_selecionada.php [34ms]
2023-11-15 22:02:28.311 [info] > git ls-files --stage -- /var/www/clients/client2/web2/web/sistema/adsgrupo06/CodeIgniter/app/Views/salas_editar_selecionada.php [24ms]
2023-11-15 22:02:28.322 [info] > git config --get commit.template [14ms]
2023-11-15 22:02:28.331 [info] > git cat-file -s d766fa2fb4bcf91913693bda1777115238b618af [11ms]
2023-11-15 22:02:28.334 [info] > git for-each-ref --format=%(refname)%00%(upstream:short)%00%(objectname)%00%(upstream:track)%00%(upstream:remotename)%00%(upstream:remoteref) refs/heads/Vinicius refs/remotes/Vinicius [5ms]
2023-11-15 22:02:28.424 [info] > git status -z -uall [82ms]
2023-11-15 22:02:30.297 [info] > git show --textconv :CodeIgniter/app/Views/welcome_message.php [18ms]
2023-11-15 22:02:30.302 [info] > git ls-files --stage -- /var/www/clients/client2/web2/web/sistema/adsgrupo06/CodeIgniter/app/Views/welcome_message.php [14ms]
2023-11-15 22:02:30.358 [info] > git cat-file -s 9ee2e427c308fa0b4f23cf6dcf326e672abfba70 [47ms]
2023-11-15 22:02:31.070 [info] > git show --textconv :CodeIgniter/app/Views/salas_form.php [18ms]
2023-11-15 22:02:31.070 [info] > git ls-files --stage -- /var/www/clients/client2/web2/web/sistema/adsgrupo06/CodeIgniter/app/Views/salas_form.php [10ms]
2023-11-15 22:02:31.082 [info] > git cat-file -s 0d258b68c078acf7d665842cf3cd7d7e786ab56f [3ms]
2023-11-15 22:02:44.627 [info] > git config --get commit.template [8ms]
2023-11-15 22:02:44.630 [info] > git for-each-ref --format=%(refname)%00%(upstream:short)%00%(objectname)%00%(upstream:track)%00%(upstream:remotename)%00%(upstream:remoteref) refs/heads/Vinicius refs/remotes/Vinicius [3ms]
2023-11-15 22:02:44.707 [info] > git status -z -uall [69ms]
2023-11-15 22:02:46.780 [info] > git show --textconv :CodeIgniter/app/Views/salas_editar_selecao.php [12ms]
2023-11-15 22:02:46.786 [info] > git ls-files --stage -- /var/www/clients/client2/web2/web/sistema/adsgrupo06/CodeIgniter/app/Views/salas_editar_selecao.php [7ms]
2023-11-15 22:02:46.800 [info] > git cat-file -s 31578edb9b46ae9eace253564de2534c764dbb2c [3ms]
2023-11-15 22:02:52.774 [info] > git config --get commit.template [11ms]
2023-11-15 22:02:52.776 [info] > git for-each-ref --format=%(refname)%00%(upstream:short)%00%(objectname)%00%(upstream:track)%00%(upstream:remotename)%00%(upstream:remoteref) refs/heads/Vinicius refs/remotes/Vinicius [4ms]
2023-11-15 22:02:52.848 [info] > git status -z -uall [65ms]
2023-11-15 22:02:54.851 [info] > git show --textconv :CodeIgniter/app/Views/salas_form.php [14ms]
2023-11-15 22:02:54.856 [info] > git ls-files --stage -- /var/www/clients/client2/web2/web/sistema/adsgrupo06/CodeIgniter/app/Views/salas_form.php [9ms]
2023-11-15 22:02:54.864 [info] > git cat-file -s 0d258b68c078acf7d665842cf3cd7d7e786ab56f [2ms]
2023-11-15 22:02:57.956 [info] > git config --get commit.template [8ms]
2023-11-15 22:02:57.960 [info] > git for-each-ref --format=%(refname)%00%(upstream:short)%00%(objectname)%00%(upstream:track)%00%(upstream:remotename)%00%(upstream:remoteref) refs/heads/Vinicius refs/remotes/Vinicius [5ms]
2023-11-15 22:02:58.026 [info] > git status -z -uall [59ms]
2023-11-15 22:03:03.123 [info] > git config --get commit.template [14ms]
2023-11-15 22:03:03.127 [info] > git for-each-ref --format=%(refname)%00%(upstream:short)%00%(objectname)%00%(upstream:track)%00%(upstream:remotename)%00%(upstream:remoteref) refs/heads/Vinicius refs/remotes/Vinicius [5ms]
2023-11-15 22:03:03.264 [info] > git status -z -uall [128ms]
2023-11-15 22:05:06.563 [info] > git config --get commit.template [34ms]
2023-11-15 22:05:06.573 [info] > git for-each-ref --format=%(refname)%00%(upstream:short)%00%(objectname)%00%(upstream:track)%00%(upstream:remotename)%00%(upstream:remoteref) refs/heads/Vinicius refs/remotes/Vinicius [29ms]
2023-11-15 22:05:06.798 [info] > git status -z -uall [213ms]
2023-11-15 22:05:12.069 [info] > git config --get commit.template [14ms]
2023-11-15 22:05:12.074 [info] > git for-each-ref --format=%(refname)%00%(upstream:short)%00%(objectname)%00%(upstream:track)%00%(upstream:remotename)%00%(upstream:remoteref) refs/heads/Vinicius refs/remotes/Vinicius [11ms]
2023-11-15 22:05:12.258 [info] > git status -z -uall [176ms]
2023-11-15 22:05:17.386 [info] > git config --get commit.template [9ms]
2023-11-15 22:05:17.391 [info] > git for-each-ref --format=%(refname)%00%(upstream:short)%00%(objectname)%00%(upstream:track)%00%(upstream:remotename)%00%(upstream:remoteref) refs/heads/Vinicius refs/remotes/Vinicius [7ms]
2023-11-15 22:05:17.490 [info] > git status -z -uall [94ms]
2023-11-15 22:05:22.691 [info] > git config --get commit.template [9ms]
2023-11-15 22:05:22.693 [info] > git for-each-ref --format=%(refname)%00%(upstream:short)%00%(objectname)%00%(upstream:track)%00%(upstream:remotename)%00%(upstream:remoteref) refs/heads/Vinicius refs/remotes/Vinicius [3ms]
2023-11-15 22:05:22.803 [info] > git status -z -uall [103ms]
2023-11-15 22:05:29.430 [info] > git config --get commit.template [9ms]
2023-11-15 22:05:29.435 [info] > git for-each-ref --format=%(refname)%00%(upstream:short)%00%(objectname)%00%(upstream:track)%00%(upstream:remotename)%00%(upstream:remoteref) refs/heads/Vinicius refs/remotes/Vinicius [6ms]
2023-11-15 22:05:29.550 [info] > git status -z -uall [109ms]
2023-11-15 22:05:37.653 [info] > git ls-files --stage -- /var/www/clients/client2/web2/web/sistema/adsgrupo06/CodeIgniter/app/Views/salas_editar_selecao.php [10ms]
2023-11-15 22:05:37.663 [info] > git show --textconv :CodeIgniter/app/Views/salas_editar_selecao.php [29ms]
2023-11-15 22:05:37.668 [info] > git cat-file -s 31578edb9b46ae9eace253564de2534c764dbb2c [5ms]
2023-11-15 22:05:40.429 [info] > git config --get commit.template [10ms]
2023-11-15 22:05:40.432 [info] > git for-each-ref --format=%(refname)%00%(upstream:short)%00%(objectname)%00%(upstream:track)%00%(upstream:remotename)%00%(upstream:remoteref) refs/heads/Vinicius refs/remotes/Vinicius [4ms]
2023-11-15 22:05:40.504 [info] > git status -z -uall [67ms]
2023-11-15 22:05:43.958 [info] > git show --textconv :CodeIgniter/app/Views/salas_form.php [17ms]
2023-11-15 22:05:43.966 [info] > git ls-files --stage -- /var/www/clients/client2/web2/web/sistema/adsgrupo06/CodeIgniter/app/Views/salas_form.php [9ms]
2023-11-15 22:05:43.975 [info] > git cat-file -s 0d258b68c078acf7d665842cf3cd7d7e786ab56f [2ms]
2023-11-15 22:05:45.604 [info] > git config --get commit.template [8ms]
2023-11-15 22:05:45.607 [info] > git for-each-ref --format=%(refname)%00%(upstream:short)%00%(objectname)%00%(upstream:track)%00%(upstream:remotename)%00%(upstream:remoteref) refs/heads/Vinicius refs/remotes/Vinicius [3ms]
2023-11-15 22:05:45.675 [info] > git status -z -uall [61ms]
2023-11-15 22:05:53.565 [info] > git show --textconv :CodeIgniter/app/Views/salas_editar_selecao.php [18ms]
2023-11-15 22:05:53.573 [info] > git ls-files --stage -- /var/www/clients/client2/web2/web/sistema/adsgrupo06/CodeIgniter/app/Views/salas_editar_selecao.php [7ms]
2023-11-15 22:05:53.581 [info] > git cat-file -s 31578edb9b46ae9eace253564de2534c764dbb2c [2ms]
2023-11-15 22:05:54.430 [info] > git config --get commit.template [7ms]
2023-11-15 22:05:54.432 [info] > git for-each-ref --format=%(refname)%00%(upstream:short)%00%(objectname)%00%(upstream:track)%00%(upstream:remotename)%00%(upstream:remoteref) refs/heads/Vinicius refs/remotes/Vinicius [3ms]
2023-11-15 22:05:54.510 [info] > git status -z -uall [73ms]
2023-11-15 22:05:59.601 [info] > git config --get commit.template [10ms]
2023-11-15 22:05:59.605 [info] > git for-each-ref --format=%(refname)%00%(upstream:short)%00%(objectname)%00%(upstream:track)%00%(upstream:remotename)%00%(upstream:remoteref) refs/heads/Vinicius refs/remotes/Vinicius [5ms]
2023-11-15 22:05:59.689 [info] > git status -z -uall [78ms]
2023-11-15 22:06:04.799 [info] > git config --get commit.template [22ms]
2023-11-15 22:06:04.804 [info] > git for-each-ref --format=%(refname)%00%(upstream:short)%00%(objectname)%00%(upstream:track)%00%(upstream:remotename)%00%(upstream:remoteref) refs/heads/Vinicius refs/remotes/Vinicius [20ms]
2023-11-15 22:06:05.041 [info] > git status -z -uall [227ms]
2023-11-15 22:06:15.573 [info] > git config --get commit.template [14ms]
2023-11-15 22:06:15.578 [info] > git for-each-ref --format=%(refname)%00%(upstream:short)%00%(objectname)%00%(upstream:track)%00%(upstream:remotename)%00%(upstream:remoteref) refs/heads/Vinicius refs/remotes/Vinicius [15ms]
2023-11-15 22:06:15.659 [info] > git status -z -uall [76ms]
2023-11-15 22:06:17.443 [info] > git show --textconv :CodeIgniter/app/Views/salas_form.php [20ms]
2023-11-15 22:06:17.448 [info] > git ls-files --stage -- /var/www/clients/client2/web2/web/sistema/adsgrupo06/CodeIgniter/app/Views/salas_form.php [11ms]
2023-11-15 22:06:17.458 [info] > git cat-file -s 0d258b68c078acf7d665842cf3cd7d7e786ab56f [3ms]
2023-11-15 22:06:20.769 [info] > git config --get commit.template [10ms]
2023-11-15 22:06:20.772 [info] > git for-each-ref --format=%(refname)%00%(upstream:short)%00%(objectname)%00%(upstream:track)%00%(upstream:remotename)%00%(upstream:remoteref) refs/heads/Vinicius refs/remotes/Vinicius [4ms]
2023-11-15 22:06:20.876 [info] > git status -z -uall [98ms]
2023-11-15 22:06:24.317 [info] > git show --textconv :CodeIgniter/app/Views/salas_editar_selecao.php [24ms]
2023-11-15 22:06:24.322 [info] > git ls-files --stage -- /var/www/clients/client2/web2/web/sistema/adsgrupo06/CodeIgniter/app/Views/salas_editar_selecao.php [9ms]
2023-11-15 22:06:24.333 [info] > git cat-file -s 31578edb9b46ae9eace253564de2534c764dbb2c [3ms]
2023-11-15 22:06:26.550 [info] > git config --get commit.template [8ms]
2023-11-15 22:06:26.552 [info] > git for-each-ref --format=%(refname)%00%(upstream:short)%00%(objectname)%00%(upstream:track)%00%(upstream:remotename)%00%(upstream:remoteref) refs/heads/Vinicius refs/remotes/Vinicius [3ms]
2023-11-15 22:06:26.652 [info] > git status -z -uall [94ms]
2023-11-15 22:06:27.035 [info] > git show --textconv :CodeIgniter/app/Views/salas_exibir.php [20ms]
2023-11-15 22:06:27.044 [info] > git ls-files --stage -- /var/www/clients/client2/web2/web/sistema/adsgrupo06/CodeIgniter/app/Views/salas_exibir.php [10ms]
2023-11-15 22:06:27.052 [info] > git cat-file -s 53dd236803ed5d72f6d6132c2ca2c9af2effac94 [2ms]
2023-11-15 22:06:29.601 [info] > git show --textconv :CodeIgniter/app/Views/salas_editar_selecao.php [15ms]
2023-11-15 22:06:29.608 [info] > git ls-files --stage -- /var/www/clients/client2/web2/web/sistema/adsgrupo06/CodeIgniter/app/Views/salas_editar_selecao.php [8ms]
2023-11-15 22:06:29.616 [info] > git cat-file -s 31578edb9b46ae9eace253564de2534c764dbb2c [2ms]
2023-11-15 22:06:30.437 [info] > git show --textconv :CodeIgniter/app/Views/salas_form.php [17ms]
2023-11-15 22:06:30.441 [info] > git ls-files --stage -- /var/www/clients/client2/web2/web/sistema/adsgrupo06/CodeIgniter/app/Views/salas_form.php [8ms]
2023-11-15 22:06:30.450 [info] > git cat-file -s 0d258b68c078acf7d665842cf3cd7d7e786ab56f [2ms]
2023-11-15 22:08:15.258 [info] > git config --get commit.template [11ms]
2023-11-15 22:08:15.261 [info] > git for-each-ref --format=%(refname)%00%(upstream:short)%00%(objectname)%00%(upstream:track)%00%(upstream:remotename)%00%(upstream:remoteref) refs/heads/Vinicius refs/remotes/Vinicius [8ms]
2023-11-15 22:08:15.447 [info] > git status -z -uall [179ms]
2023-11-15 22:08:17.688 [info] > git show --textconv :CodeIgniter/app/Views/salas_exibir.php [25ms]
2023-11-15 22:08:17.696 [info] > git ls-files --stage -- /var/www/clients/client2/web2/web/sistema/adsgrupo06/CodeIgniter/app/Views/salas_exibir.php [14ms]
2023-11-15 22:08:17.708 [info] > git cat-file -s 53dd236803ed5d72f6d6132c2ca2c9af2effac94 [4ms]
2023-11-15 22:08:20.551 [info] > git config --get commit.template [8ms]
2023-11-15 22:08:20.553 [info] > git for-each-ref --format=%(refname)%00%(upstream:short)%00%(objectname)%00%(upstream:track)%00%(upstream:remotename)%00%(upstream:remoteref) refs/heads/Vinicius refs/remotes/Vinicius [3ms]
2023-11-15 22:08:20.640 [info] > git status -z -uall [81ms]
2023-11-15 22:08:23.193 [info] > git show --textconv :CodeIgniter/app/Views/salas_editar_selecao.php [19ms]
2023-11-15 22:08:23.200 [info] > git ls-files --stage -- /var/www/clients/client2/web2/web/sistema/adsgrupo06/CodeIgniter/app/Views/salas_editar_selecao.php [7ms]
2023-11-15 22:08:23.207 [info] > git cat-file -s 31578edb9b46ae9eace253564de2534c764dbb2c [2ms]
2023-11-15 22:08:24.515 [info] > git show --textconv :CodeIgniter/app/Views/salas_form.php [14ms]
2023-11-15 22:08:24.520 [info] > git ls-files --stage -- /var/www/clients/client2/web2/web/sistema/adsgrupo06/CodeIgniter/app/Views/salas_form.php [9ms]
2023-11-15 22:08:24.528 [info] > git cat-file -s 0d258b68c078acf7d665842cf3cd7d7e786ab56f [2ms]
2023-11-15 22:08:25.758 [info] > git config --get commit.template [9ms]
2023-11-15 22:08:25.761 [info] > git for-each-ref --format=%(refname)%00%(upstream:short)%00%(objectname)%00%(upstream:track)%00%(upstream:remotename)%00%(upstream:remoteref) refs/heads/Vinicius refs/remotes/Vinicius [3ms]
2023-11-15 22:08:25.835 [info] > git status -z -uall [69ms]
2023-11-15 22:08:31.025 [info] > git config --get commit.template [9ms]
2023-11-15 22:08:31.027 [info] > git for-each-ref --format=%(refname)%00%(upstream:short)%00%(objectname)%00%(upstream:track)%00%(upstream:remotename)%00%(upstream:remoteref) refs/heads/Vinicius refs/remotes/Vinicius [3ms]
2023-11-15 22:08:31.095 [info] > git status -z -uall [62ms]
2023-11-15 22:08:36.269 [info] > git config --get commit.template [10ms]
2023-11-15 22:08:36.274 [info] > git for-each-ref --format=%(refname)%00%(upstream:short)%00%(objectname)%00%(upstream:track)%00%(upstream:remotename)%00%(upstream:remoteref) refs/heads/Vinicius refs/remotes/Vinicius [6ms]
2023-11-15 22:08:36.377 [info] > git status -z -uall [93ms]
2023-11-15 22:10:33.472 [info] > git config --get commit.template [20ms]
2023-11-15 22:10:33.482 [info] > git for-each-ref --format=%(refname)%00%(upstream:short)%00%(objectname)%00%(upstream:track)%00%(upstream:remotename)%00%(upstream:remoteref) refs/heads/Vinicius refs/remotes/Vinicius [23ms]
2023-11-15 22:10:33.690 [info] > git status -z -uall [196ms]
2023-11-15 22:10:38.826 [info] > git config --get commit.template [9ms]
2023-11-15 22:10:38.831 [info] > git for-each-ref --format=%(refname)%00%(upstream:short)%00%(objectname)%00%(upstream:track)%00%(upstream:remotename)%00%(upstream:remoteref) refs/heads/Vinicius refs/remotes/Vinicius [6ms]
2023-11-15 22:10:38.938 [info] > git status -z -uall [102ms]
2023-11-15 22:10:44.061 [info] > git config --get commit.template [12ms]
2023-11-15 22:10:44.063 [info] > git for-each-ref --format=%(refname)%00%(upstream:short)%00%(objectname)%00%(upstream:track)%00%(upstream:remotename)%00%(upstream:remoteref) refs/heads/Vinicius refs/remotes/Vinicius [6ms]
2023-11-15 22:10:44.158 [info] > git status -z -uall [86ms]
2023-11-15 22:10:49.251 [info] > git config --get commit.template [9ms]
2023-11-15 22:10:49.254 [info] > git for-each-ref --format=%(refname)%00%(upstream:short)%00%(objectname)%00%(upstream:track)%00%(upstream:remotename)%00%(upstream:remoteref) refs/heads/Vinicius refs/remotes/Vinicius [4ms]
2023-11-15 22:10:49.371 [info] > git status -z -uall [108ms]
2023-11-15 22:10:54.562 [info] > git config --get commit.template [8ms]
2023-11-15 22:10:54.565 [info] > git for-each-ref --format=%(refname)%00%(upstream:short)%00%(objectname)%00%(upstream:track)%00%(upstream:remotename)%00%(upstream:remoteref) refs/heads/Vinicius refs/remotes/Vinicius [5ms]
2023-11-15 22:10:54.655 [info] > git status -z -uall [85ms]
2023-11-15 22:10:59.840 [info] > git config --get commit.template [11ms]
2023-11-15 22:10:59.843 [info] > git for-each-ref --format=%(refname)%00%(upstream:short)%00%(objectname)%00%(upstream:track)%00%(upstream:remotename)%00%(upstream:remoteref) refs/heads/Vinicius refs/remotes/Vinicius [4ms]
2023-11-15 22:10:59.919 [info] > git status -z -uall [70ms]
2023-11-15 22:11:05.116 [info] > git config --get commit.template [14ms]
2023-11-15 22:11:05.123 [info] > git for-each-ref --format=%(refname)%00%(upstream:short)%00%(objectname)%00%(upstream:track)%00%(upstream:remotename)%00%(upstream:remoteref) refs/heads/Vinicius refs/remotes/Vinicius [9ms]
2023-11-15 22:11:05.367 [info] > git status -z -uall [233ms]
2023-11-15 22:11:10.552 [info] > git config --get commit.template [9ms]
2023-11-15 22:11:10.555 [info] > git for-each-ref --format=%(refname)%00%(upstream:short)%00%(objectname)%00%(upstream:track)%00%(upstream:remotename)%00%(upstream:remoteref) refs/heads/Vinicius refs/remotes/Vinicius [5ms]
2023-11-15 22:11:10.656 [info] > git status -z -uall [94ms]
2023-11-15 22:11:15.839 [info] > git config --get commit.template [9ms]
2023-11-15 22:11:15.841 [info] > git for-each-ref --format=%(refname)%00%(upstream:short)%00%(objectname)%00%(upstream:track)%00%(upstream:remotename)%00%(upstream:remoteref) refs/heads/Vinicius refs/remotes/Vinicius [3ms]
2023-11-15 22:11:15.941 [info] > git status -z -uall [93ms]
2023-11-15 22:11:21.148 [info] > git config --get commit.template [11ms]
2023-11-15 22:11:21.151 [info] > git for-each-ref --format=%(refname)%00%(upstream:short)%00%(objectname)%00%(upstream:track)%00%(upstream:remotename)%00%(upstream:remoteref) refs/heads/Vinicius refs/remotes/Vinicius [4ms]
2023-11-15 22:11:21.255 [info] > git status -z -uall [97ms]
2023-11-15 22:11:27.777 [info] > git config --get commit.template [15ms]
2023-11-15 22:11:27.781 [info] > git for-each-ref --format=%(refname)%00%(upstream:short)%00%(objectname)%00%(upstream:track)%00%(upstream:remotename)%00%(upstream:remoteref) refs/heads/Vinicius refs/remotes/Vinicius [5ms]
2023-11-15 22:11:27.895 [info] > git status -z -uall [103ms]
2023-11-15 22:11:33.085 [info] > git config --get commit.template [8ms]
2023-11-15 22:11:33.087 [info] > git for-each-ref --format=%(refname)%00%(upstream:short)%00%(objectname)%00%(upstream:track)%00%(upstream:remotename)%00%(upstream:remoteref) refs/heads/Vinicius refs/remotes/Vinicius [3ms]
2023-11-15 22:11:33.178 [info] > git status -z -uall [85ms]
2023-11-15 22:11:36.676 [info] > git show --textconv :CodeIgniter/app/Views/salas_editar_selecao.php [29ms]
2023-11-15 22:11:36.679 [info] > git ls-files --stage -- /var/www/clients/client2/web2/web/sistema/adsgrupo06/CodeIgniter/app/Views/salas_editar_selecao.php [21ms]
2023-11-15 22:11:36.694 [info] > git cat-file -s 31578edb9b46ae9eace253564de2534c764dbb2c [5ms]
2023-11-15 22:11:38.397 [info] > git config --get commit.template [12ms]
2023-11-15 22:11:38.400 [info] > git for-each-ref --format=%(refname)%00%(upstream:short)%00%(objectname)%00%(upstream:track)%00%(upstream:remotename)%00%(upstream:remoteref) refs/heads/Vinicius refs/remotes/Vinicius [4ms]
2023-11-15 22:11:38.471 [info] > git status -z -uall [63ms]
2023-11-15 22:11:43.662 [info] > git config --get commit.template [10ms]
2023-11-15 22:11:43.666 [info] > git for-each-ref --format=%(refname)%00%(upstream:short)%00%(objectname)%00%(upstream:track)%00%(upstream:remotename)%00%(upstream:remoteref) refs/heads/Vinicius refs/remotes/Vinicius [6ms]
2023-11-15 22:11:43.735 [info] > git status -z -uall [62ms]
2023-11-15 22:11:45.750 [info] > git show --textconv :CodeIgniter/app/Views/salas_form.php [15ms]
2023-11-15 22:11:45.754 [info] > git ls-files --stage -- /var/www/clients/client2/web2/web/sistema/adsgrupo06/CodeIgniter/app/Views/salas_form.php [9ms]
2023-11-15 22:11:45.763 [info] > git cat-file -s 0d258b68c078acf7d665842cf3cd7d7e786ab56f [2ms]
2023-11-15 22:11:48.931 [info] > git config --get commit.template [11ms]
2023-11-15 22:11:48.933 [info] > git for-each-ref --format=%(refname)%00%(upstream:short)%00%(objectname)%00%(upstream:track)%00%(upstream:remotename)%00%(upstream:remoteref) refs/heads/Vinicius refs/remotes/Vinicius [3ms]
2023-11-15 22:11:49.004 [info] > git status -z -uall [64ms]
2023-11-15 22:11:52.425 [info] > git show --textconv :CodeIgniter/app/Views/salas_editar_selecao.php [18ms]
2023-11-15 22:11:52.430 [info] > git ls-files --stage -- /var/www/clients/client2/web2/web/sistema/adsgrupo06/CodeIgniter/app/Views/salas_editar_selecao.php [10ms]
2023-11-15 22:11:52.439 [info] > git cat-file -s 31578edb9b46ae9eace253564de2534c764dbb2c [3ms]
2023-11-15 22:11:54.254 [info] > git config --get commit.template [9ms]
2023-11-15 22:11:54.257 [info] > git for-each-ref --format=%(refname)%00%(upstream:short)%00%(objectname)%00%(upstream:track)%00%(upstream:remotename)%00%(upstream:remoteref) refs/heads/Vinicius refs/remotes/Vinicius [3ms]
2023-11-15 22:11:54.348 [info] > git status -z -uall [84ms]
2023-11-15 22:11:57.961 [info] > git show --textconv :CodeIgniter/app/Views/salas_form.php [16ms]
2023-11-15 22:11:57.964 [info] > git ls-files --stage -- /var/www/clients/client2/web2/web/sistema/adsgrupo06/CodeIgniter/app/Views/salas_form.php [8ms]
2023-11-15 22:11:57.973 [info] > git cat-file -s 0d258b68c078acf7d665842cf3cd7d7e786ab56f [3ms]
2023-11-15 22:11:59.527 [info] > git config --get commit.template [9ms]
2023-11-15 22:11:59.530 [info] > git for-each-ref --format=%(refname)%00%(upstream:short)%00%(objectname)%00%(upstream:track)%00%(upstream:remotename)%00%(upstream:remoteref) refs/heads/Vinicius refs/remotes/Vinicius [4ms]
2023-11-15 22:11:59.599 [info] > git status -z -uall [61ms]
2023-11-15 22:12:26.617 [info] > git config --get commit.template [21ms]
2023-11-15 22:12:26.622 [info] > git for-each-ref --format=%(refname)%00%(upstream:short)%00%(objectname)%00%(upstream:track)%00%(upstream:remotename)%00%(upstream:remoteref) refs/heads/Vinicius refs/remotes/Vinicius [16ms]
2023-11-15 22:12:26.874 [info] > git status -z -uall [244ms]
2023-11-15 22:12:40.451 [info] > git config --get commit.template [11ms]
2023-11-15 22:12:40.455 [info] > git for-each-ref --format=%(refname)%00%(upstream:short)%00%(objectname)%00%(upstream:track)%00%(upstream:remotename)%00%(upstream:remoteref) refs/heads/Vinicius refs/remotes/Vinicius [7ms]
2023-11-15 22:12:40.525 [info] > git status -z -uall [63ms]
2023-11-15 22:12:48.163 [info] > git config --get commit.template [10ms]
2023-11-15 22:12:48.166 [info] > git for-each-ref --format=%(refname)%00%(upstream:short)%00%(objectname)%00%(upstream:track)%00%(upstream:remotename)%00%(upstream:remoteref) refs/heads/Vinicius refs/remotes/Vinicius [4ms]
2023-11-15 22:12:48.258 [info] > git status -z -uall [86ms]
2023-11-15 22:12:53.354 [info] > git config --get commit.template [9ms]
2023-11-15 22:12:53.357 [info] > git for-each-ref --format=%(refname)%00%(upstream:short)%00%(objectname)%00%(upstream:track)%00%(upstream:remotename)%00%(upstream:remoteref) refs/heads/Vinicius refs/remotes/Vinicius [4ms]
2023-11-15 22:12:53.443 [info] > git status -z -uall [80ms]
2023-11-15 22:12:58.705 [info] > git config --get commit.template [11ms]
2023-11-15 22:12:58.707 [info] > git for-each-ref --format=%(refname)%00%(upstream:short)%00%(objectname)%00%(upstream:track)%00%(upstream:remotename)%00%(upstream:remoteref) refs/heads/Vinicius refs/remotes/Vinicius [3ms]
2023-11-15 22:12:58.833 [info] > git status -z -uall [119ms]
2023-11-15 22:13:04.294 [info] > git config --get commit.template [17ms]
2023-11-15 22:13:04.297 [info] > git for-each-ref --format=%(refname)%00%(upstream:short)%00%(objectname)%00%(upstream:track)%00%(upstream:remotename)%00%(upstream:remoteref) refs/heads/Vinicius refs/remotes/Vinicius [8ms]
2023-11-15 22:13:04.466 [info] > git status -z -uall [159ms]
2023-11-15 22:13:09.641 [info] > git config --get commit.template [13ms]
2023-11-15 22:13:09.644 [info] > git for-each-ref --format=%(refname)%00%(upstream:short)%00%(objectname)%00%(upstream:track)%00%(upstream:remotename)%00%(upstream:remoteref) refs/heads/Vinicius refs/remotes/Vinicius [4ms]
2023-11-15 22:13:09.714 [info] > git status -z -uall [64ms]
2023-11-15 22:13:14.915 [info] > git config --get commit.template [17ms]
2023-11-15 22:13:14.919 [info] > git for-each-ref --format=%(refname)%00%(upstream:short)%00%(objectname)%00%(upstream:track)%00%(upstream:remotename)%00%(upstream:remoteref) refs/heads/Vinicius refs/remotes/Vinicius [5ms]
2023-11-15 22:13:15.024 [info] > git status -z -uall [94ms]
2023-11-15 22:13:20.324 [info] > git config --get commit.template [9ms]
2023-11-15 22:13:20.327 [info] > git for-each-ref --format=%(refname)%00%(upstream:short)%00%(objectname)%00%(upstream:track)%00%(upstream:remotename)%00%(upstream:remoteref) refs/heads/Vinicius refs/remotes/Vinicius [5ms]
2023-11-15 22:13:20.391 [info] > git status -z -uall [58ms]
2023-11-15 22:13:25.571 [info] > git config --get commit.template [10ms]
2023-11-15 22:13:25.573 [info] > git for-each-ref --format=%(refname)%00%(upstream:short)%00%(objectname)%00%(upstream:track)%00%(upstream:remotename)%00%(upstream:remoteref) refs/heads/Vinicius refs/remotes/Vinicius [5ms]
2023-11-15 22:13:25.641 [info] > git status -z -uall [62ms]
2023-11-15 22:13:31.109 [info] > git config --get commit.template [8ms]
2023-11-15 22:13:31.111 [info] > git for-each-ref --format=%(refname)%00%(upstream:short)%00%(objectname)%00%(upstream:track)%00%(upstream:remotename)%00%(upstream:remoteref) refs/heads/Vinicius refs/remotes/Vinicius [3ms]
2023-11-15 22:13:31.184 [info] > git status -z -uall [64ms]
2023-11-15 22:13:36.348 [info] > git config --get commit.template [9ms]
2023-11-15 22:13:36.350 [info] > git for-each-ref --format=%(refname)%00%(upstream:short)%00%(objectname)%00%(upstream:track)%00%(upstream:remotename)%00%(upstream:remoteref) refs/heads/Vinicius refs/remotes/Vinicius [3ms]
2023-11-15 22:13:36.413 [info] > git status -z -uall [57ms]
2023-11-15 22:13:45.283 [info] > git config --get commit.template [13ms]
2023-11-15 22:13:45.286 [info] > git for-each-ref --format=%(refname)%00%(upstream:short)%00%(objectname)%00%(upstream:track)%00%(upstream:remotename)%00%(upstream:remoteref) refs/heads/Vinicius refs/remotes/Vinicius [5ms]
2023-11-15 22:13:45.490 [info] > git status -z -uall [195ms]
2023-11-15 22:13:51.407 [info] > git config --get commit.template [7ms]
2023-11-15 22:13:51.409 [info] > git for-each-ref --format=%(refname)%00%(upstream:short)%00%(objectname)%00%(upstream:track)%00%(upstream:remotename)%00%(upstream:remoteref) refs/heads/Vinicius refs/remotes/Vinicius [3ms]
2023-11-15 22:13:51.470 [info] > git status -z -uall [56ms]
2023-11-15 22:13:58.924 [info] > git config --get commit.template [8ms]
2023-11-15 22:13:58.926 [info] > git for-each-ref --format=%(refname)%00%(upstream:short)%00%(objectname)%00%(upstream:track)%00%(upstream:remotename)%00%(upstream:remoteref) refs/heads/Vinicius refs/remotes/Vinicius [3ms]
2023-11-15 22:13:58.991 [info] > git status -z -uall [58ms]
2023-11-15 22:15:41.013 [info] > git config --get commit.template [34ms]
2023-11-15 22:15:41.022 [info] > git for-each-ref --format=%(refname)%00%(upstream:short)%00%(objectname)%00%(upstream:track)%00%(upstream:remotename)%00%(upstream:remoteref) refs/heads/Vinicius refs/remotes/Vinicius [36ms]
2023-11-15 22:15:41.224 [info] > git status -z -uall [193ms]
2023-11-15 22:15:46.370 [info] > git config --get commit.template [17ms]
2023-11-15 22:15:46.377 [info] > git for-each-ref --format=%(refname)%00%(upstream:short)%00%(objectname)%00%(upstream:track)%00%(upstream:remotename)%00%(upstream:remoteref) refs/heads/Vinicius refs/remotes/Vinicius [14ms]
2023-11-15 22:15:46.515 [info] > git status -z -uall [129ms]
2023-11-15 22:15:51.624 [info] > git config --get commit.template [12ms]
2023-11-15 22:15:51.627 [info] > git for-each-ref --format=%(refname)%00%(upstream:short)%00%(objectname)%00%(upstream:track)%00%(upstream:remotename)%00%(upstream:remoteref) refs/heads/Vinicius refs/remotes/Vinicius [4ms]
2023-11-15 22:15:51.736 [info] > git status -z -uall [101ms]
2023-11-15 22:15:56.829 [info] > git config --get commit.template [10ms]
2023-11-15 22:15:56.831 [info] > git for-each-ref --format=%(refname)%00%(upstream:short)%00%(objectname)%00%(upstream:track)%00%(upstream:remotename)%00%(upstream:remoteref) refs/heads/Vinicius refs/remotes/Vinicius [3ms]
2023-11-15 22:15:56.934 [info] > git status -z -uall [97ms]
2023-11-15 22:16:04.182 [info] > git config --get commit.template [22ms]
2023-11-15 22:16:04.185 [info] > git for-each-ref --format=%(refname)%00%(upstream:short)%00%(objectname)%00%(upstream:track)%00%(upstream:remotename)%00%(upstream:remoteref) refs/heads/Vinicius refs/remotes/Vinicius [19ms]
2023-11-15 22:16:04.412 [info] > git status -z -uall [219ms]
2023-11-15 22:16:09.623 [info] > git config --get commit.template [12ms]
2023-11-15 22:16:09.625 [info] > git for-each-ref --format=%(refname)%00%(upstream:short)%00%(objectname)%00%(upstream:track)%00%(upstream:remotename)%00%(upstream:remoteref) refs/heads/Vinicius refs/remotes/Vinicius [7ms]
2023-11-15 22:16:09.722 [info] > git status -z -uall [90ms]
2023-11-15 22:16:14.914 [info] > git config --get commit.template [14ms]
2023-11-15 22:16:14.917 [info] > git for-each-ref --format=%(refname)%00%(upstream:short)%00%(objectname)%00%(upstream:track)%00%(upstream:remotename)%00%(upstream:remoteref) refs/heads/Vinicius refs/remotes/Vinicius [4ms]
2023-11-15 22:16:15.052 [info] > git status -z -uall [125ms]
2023-11-15 22:16:20.310 [info] > git config --get commit.template [9ms]
2023-11-15 22:16:20.313 [info] > git for-each-ref --format=%(refname)%00%(upstream:short)%00%(objectname)%00%(upstream:track)%00%(upstream:remotename)%00%(upstream:remoteref) refs/heads/Vinicius refs/remotes/Vinicius [4ms]
2023-11-15 22:16:20.385 [info] > git status -z -uall [64ms]
2023-11-15 22:16:25.578 [info] > git config --get commit.template [10ms]
2023-11-15 22:16:25.581 [info] > git for-each-ref --format=%(refname)%00%(upstream:short)%00%(objectname)%00%(upstream:track)%00%(upstream:remotename)%00%(upstream:remoteref) refs/heads/Vinicius refs/remotes/Vinicius [4ms]
2023-11-15 22:16:25.678 [info] > git status -z -uall [91ms]
2023-11-15 22:16:30.879 [info] > git config --get commit.template [9ms]
2023-11-15 22:16:30.881 [info] > git for-each-ref --format=%(refname)%00%(upstream:short)%00%(objectname)%00%(upstream:track)%00%(upstream:remotename)%00%(upstream:remoteref) refs/heads/Vinicius refs/remotes/Vinicius [3ms]
2023-11-15 22:16:30.955 [info] > git status -z -uall [68ms]
2023-11-15 22:16:36.175 [info] > git config --get commit.template [12ms]
2023-11-15 22:16:36.177 [info] > git for-each-ref --format=%(refname)%00%(upstream:short)%00%(objectname)%00%(upstream:track)%00%(upstream:remotename)%00%(upstream:remoteref) refs/heads/Vinicius refs/remotes/Vinicius [3ms]
2023-11-15 22:16:36.270 [info] > git status -z -uall [85ms]
2023-11-15 22:16:41.456 [info] > git config --get commit.template [8ms]
2023-11-15 22:16:41.458 [info] > git for-each-ref --format=%(refname)%00%(upstream:short)%00%(objectname)%00%(upstream:track)%00%(upstream:remotename)%00%(upstream:remoteref) refs/heads/Vinicius refs/remotes/Vinicius [3ms]
2023-11-15 22:16:41.527 [info] > git status -z -uall [63ms]
2023-11-15 22:16:46.731 [info] > git config --get commit.template [14ms]
2023-11-15 22:16:46.738 [info] > git for-each-ref --format=%(refname)%00%(upstream:short)%00%(objectname)%00%(upstream:track)%00%(upstream:remotename)%00%(upstream:remoteref) refs/heads/Vinicius refs/remotes/Vinicius [13ms]
2023-11-15 22:16:46.825 [info] > git status -z -uall [75ms]
2023-11-15 22:16:52.016 [info] > git config --get commit.template [10ms]
2023-11-15 22:16:52.019 [info] > git for-each-ref --format=%(refname)%00%(upstream:short)%00%(objectname)%00%(upstream:track)%00%(upstream:remotename)%00%(upstream:remoteref) refs/heads/Vinicius refs/remotes/Vinicius [3ms]
2023-11-15 22:16:52.097 [info] > git status -z -uall [72ms]
2023-11-15 22:16:57.280 [info] > git config --get commit.template [10ms]
2023-11-15 22:16:57.282 [info] > git for-each-ref --format=%(refname)%00%(upstream:short)%00%(objectname)%00%(upstream:track)%00%(upstream:remotename)%00%(upstream:remoteref) refs/heads/Vinicius refs/remotes/Vinicius [3ms]
2023-11-15 22:16:57.353 [info] > git status -z -uall [64ms]
2023-11-15 22:17:02.545 [info] > git config --get commit.template [20ms]
2023-11-15 22:17:02.550 [info] > git for-each-ref --format=%(refname)%00%(upstream:short)%00%(objectname)%00%(upstream:track)%00%(upstream:remotename)%00%(upstream:remoteref) refs/heads/Vinicius refs/remotes/Vinicius [13ms]
2023-11-15 22:17:02.749 [info] > git status -z -uall [190ms]
2023-11-15 22:17:07.946 [info] > git config --get commit.template [13ms]
2023-11-15 22:17:07.948 [info] > git for-each-ref --format=%(refname)%00%(upstream:short)%00%(objectname)%00%(upstream:track)%00%(upstream:remotename)%00%(upstream:remoteref) refs/heads/Vinicius refs/remotes/Vinicius [7ms]
2023-11-15 22:17:08.048 [info] > git status -z -uall [94ms]
2023-11-15 22:17:13.231 [info] > git config --get commit.template [13ms]
2023-11-15 22:17:13.235 [info] > git for-each-ref --format=%(refname)%00%(upstream:short)%00%(objectname)%00%(upstream:track)%00%(upstream:remotename)%00%(upstream:remoteref) refs/heads/Vinicius refs/remotes/Vinicius [4ms]
2023-11-15 22:17:13.349 [info] > git status -z -uall [107ms]
2023-11-15 22:17:18.457 [info] > git config --get commit.template [16ms]
2023-11-15 22:17:18.460 [info] > git for-each-ref --format=%(refname)%00%(upstream:short)%00%(objectname)%00%(upstream:track)%00%(upstream:remotename)%00%(upstream:remoteref) refs/heads/Vinicius refs/remotes/Vinicius [8ms]
2023-11-15 22:17:18.603 [info] > git status -z -uall [133ms]
2023-11-15 22:17:23.730 [info] > git config --get commit.template [8ms]
2023-11-15 22:17:23.732 [info] > git for-each-ref --format=%(refname)%00%(upstream:short)%00%(objectname)%00%(upstream:track)%00%(upstream:remotename)%00%(upstream:remoteref) refs/heads/Vinicius refs/remotes/Vinicius [3ms]
2023-11-15 22:17:23.827 [info] > git status -z -uall [89ms]
2023-11-15 22:17:28.916 [info] > git config --get commit.template [10ms]
2023-11-15 22:17:28.919 [info] > git for-each-ref --format=%(refname)%00%(upstream:short)%00%(objectname)%00%(upstream:track)%00%(upstream:remotename)%00%(upstream:remoteref) refs/heads/Vinicius refs/remotes/Vinicius [3ms]
2023-11-15 22:17:29.017 [info] > git status -z -uall [92ms]
2023-11-15 22:17:32.869 [info] > git show --textconv :CodeIgniter/app/Views/salas_editar_selecao.php [16ms]
2023-11-15 22:17:32.872 [info] > git ls-files --stage -- /var/www/clients/client2/web2/web/sistema/adsgrupo06/CodeIgniter/app/Views/salas_editar_selecao.php [9ms]
2023-11-15 22:17:32.882 [info] > git cat-file -s 31578edb9b46ae9eace253564de2534c764dbb2c [2ms]
2023-11-15 22:17:34.117 [info] > git config --get commit.template [9ms]
2023-11-15 22:17:34.119 [info] > git for-each-ref --format=%(refname)%00%(upstream:short)%00%(objectname)%00%(upstream:track)%00%(upstream:remotename)%00%(upstream:remoteref) refs/heads/Vinicius refs/remotes/Vinicius [3ms]
2023-11-15 22:17:34.192 [info] > git status -z -uall [67ms]
2023-11-15 22:17:39.369 [info] > git config --get commit.template [8ms]
2023-11-15 22:17:39.372 [info] > git for-each-ref --format=%(refname)%00%(upstream:short)%00%(objectname)%00%(upstream:track)%00%(upstream:remotename)%00%(upstream:remoteref) refs/heads/Vinicius refs/remotes/Vinicius [4ms]
2023-11-15 22:17:39.445 [info] > git status -z -uall [67ms]
2023-11-15 22:17:40.337 [info] > git show --textconv :CodeIgniter/app/Views/salas_form.php [20ms]
2023-11-15 22:17:40.344 [info] > git ls-files --stage -- /var/www/clients/client2/web2/web/sistema/adsgrupo06/CodeIgniter/app/Views/salas_form.php [10ms]
2023-11-15 22:17:40.352 [info] > git cat-file -s 0d258b68c078acf7d665842cf3cd7d7e786ab56f [2ms]
2023-11-15 22:17:44.647 [info] > git config --get commit.template [15ms]
2023-11-15 22:17:44.650 [info] > git for-each-ref --format=%(refname)%00%(upstream:short)%00%(objectname)%00%(upstream:track)%00%(upstream:remotename)%00%(upstream:remoteref) refs/heads/Vinicius refs/remotes/Vinicius [5ms]
2023-11-15 22:17:44.767 [info] > git status -z -uall [108ms]
2023-11-15 22:17:50.227 [info] > git config --get commit.template [12ms]
2023-11-15 22:17:50.228 [info] > git for-each-ref --format=%(refname)%00%(upstream:short)%00%(objectname)%00%(upstream:track)%00%(upstream:remotename)%00%(upstream:remoteref) refs/heads/Vinicius refs/remotes/Vinicius [2ms]
2023-11-15 22:17:50.297 [info] > git status -z -uall [61ms]
2023-11-15 22:17:55.392 [info] > git config --get commit.template [9ms]
2023-11-15 22:17:55.394 [info] > git for-each-ref --format=%(refname)%00%(upstream:short)%00%(objectname)%00%(upstream:track)%00%(upstream:remotename)%00%(upstream:remoteref) refs/heads/Vinicius refs/remotes/Vinicius [4ms]
2023-11-15 22:17:55.463 [info] > git status -z -uall [62ms]
2023-11-15 22:18:00.567 [info] > git config --get commit.template [13ms]
2023-11-15 22:18:00.570 [info] > git for-each-ref --format=%(refname)%00%(upstream:short)%00%(objectname)%00%(upstream:track)%00%(upstream:remotename)%00%(upstream:remoteref) refs/heads/Vinicius refs/remotes/Vinicius [4ms]
2023-11-15 22:18:00.639 [info] > git status -z -uall [62ms]
2023-11-15 22:18:05.738 [info] > git config --get commit.template [18ms]
2023-11-15 22:18:05.742 [info] > git for-each-ref --format=%(refname)%00%(upstream:short)%00%(objectname)%00%(upstream:track)%00%(upstream:remotename)%00%(upstream:remoteref) refs/heads/Vinicius refs/remotes/Vinicius [14ms]
2023-11-15 22:18:05.956 [info] > git status -z -uall [208ms]
2023-11-15 22:18:13.201 [info] > git config --get commit.template [13ms]
2023-11-15 22:18:13.204 [info] > git for-each-ref --format=%(refname)%00%(upstream:short)%00%(objectname)%00%(upstream:track)%00%(upstream:remotename)%00%(upstream:remoteref) refs/heads/Vinicius refs/remotes/Vinicius [3ms]
2023-11-15 22:18:13.271 [info] > git status -z -uall [62ms]
2023-11-15 22:18:18.806 [info] > git config --get commit.template [8ms]
2023-11-15 22:18:18.808 [info] > git for-each-ref --format=%(refname)%00%(upstream:short)%00%(objectname)%00%(upstream:track)%00%(upstream:remotename)%00%(upstream:remoteref) refs/heads/Vinicius refs/remotes/Vinicius [5ms]
2023-11-15 22:18:18.875 [info] > git status -z -uall [60ms]
2023-11-15 22:18:24.067 [info] > git config --get commit.template [12ms]
2023-11-15 22:18:24.071 [info] > git for-each-ref --format=%(refname)%00%(upstream:short)%00%(objectname)%00%(upstream:track)%00%(upstream:remotename)%00%(upstream:remoteref) refs/heads/Vinicius refs/remotes/Vinicius [7ms]
2023-11-15 22:18:24.149 [info] > git status -z -uall [71ms]
2023-11-15 22:18:26.175 [info] > git show --textconv :CodeIgniter/app/Views/salas_editar_selecao.php [14ms]
2023-11-15 22:18:26.180 [info] > git ls-files --stage -- /var/www/clients/client2/web2/web/sistema/adsgrupo06/CodeIgniter/app/Views/salas_editar_selecao.php [8ms]
2023-11-15 22:18:26.188 [info] > git cat-file -s 31578edb9b46ae9eace253564de2534c764dbb2c [2ms]
2023-11-15 22:18:29.365 [info] > git config --get commit.template [13ms]
2023-11-15 22:18:29.368 [info] > git for-each-ref --format=%(refname)%00%(upstream:short)%00%(objectname)%00%(upstream:track)%00%(upstream:remotename)%00%(upstream:remoteref) refs/heads/Vinicius refs/remotes/Vinicius [4ms]
2023-11-15 22:18:29.437 [info] > git status -z -uall [63ms]
2023-11-15 22:18:34.643 [info] > git config --get commit.template [14ms]
2023-11-15 22:18:34.646 [info] > git for-each-ref --format=%(refname)%00%(upstream:short)%00%(objectname)%00%(upstream:track)%00%(upstream:remotename)%00%(upstream:remoteref) refs/heads/Vinicius refs/remotes/Vinicius [6ms]
2023-11-15 22:18:34.736 [info] > git status -z -uall [81ms]
2023-11-15 22:18:39.965 [info] > git config --get commit.template [8ms]
2023-11-15 22:18:39.967 [info] > git for-each-ref --format=%(refname)%00%(upstream:short)%00%(objectname)%00%(upstream:track)%00%(upstream:remotename)%00%(upstream:remoteref) refs/heads/Vinicius refs/remotes/Vinicius [3ms]
2023-11-15 22:18:40.031 [info] > git status -z -uall [59ms]
2023-11-15 22:18:43.434 [info] > git show --textconv :CodeIgniter/app/Views/salas_form.php [14ms]
2023-11-15 22:18:43.438 [info] > git ls-files --stage -- /var/www/clients/client2/web2/web/sistema/adsgrupo06/CodeIgniter/app/Views/salas_form.php [9ms]
2023-11-15 22:18:43.447 [info] > git cat-file -s 0d258b68c078acf7d665842cf3cd7d7e786ab56f [2ms]
2023-11-15 22:18:45.204 [info] > git config --get commit.template [8ms]
2023-11-15 22:18:45.206 [info] > git for-each-ref --format=%(refname)%00%(upstream:short)%00%(objectname)%00%(upstream:track)%00%(upstream:remotename)%00%(upstream:remoteref) refs/heads/Vinicius refs/remotes/Vinicius [3ms]
2023-11-15 22:18:45.275 [info] > git status -z -uall [63ms]
2023-11-15 22:18:53.137 [info] > git config --get commit.template [9ms]
2023-11-15 22:18:53.139 [info] > git for-each-ref --format=%(refname)%00%(upstream:short)%00%(objectname)%00%(upstream:track)%00%(upstream:remotename)%00%(upstream:remoteref) refs/heads/Vinicius refs/remotes/Vinicius [3ms]
2023-11-15 22:18:53.202 [info] > git status -z -uall [55ms]
2023-11-15 22:18:58.380 [info] > git config --get commit.template [13ms]
2023-11-15 22:18:58.383 [info] > git for-each-ref --format=%(refname)%00%(upstream:short)%00%(objectname)%00%(upstream:track)%00%(upstream:remotename)%00%(upstream:remoteref) refs/heads/Vinicius refs/remotes/Vinicius [4ms]
2023-11-15 22:18:58.473 [info] > git status -z -uall [80ms]
2023-11-15 22:19:03.666 [info] > git config --get commit.template [16ms]
2023-11-15 22:19:03.670 [info] > git for-each-ref --format=%(refname)%00%(upstream:short)%00%(objectname)%00%(upstream:track)%00%(upstream:remotename)%00%(upstream:remoteref) refs/heads/Vinicius refs/remotes/Vinicius [6ms]
2023-11-15 22:19:03.790 [info] > git status -z -uall [110ms]
2023-11-15 22:19:09.077 [info] > git config --get commit.template [11ms]
2023-11-15 22:19:09.079 [info] > git for-each-ref --format=%(refname)%00%(upstream:short)%00%(objectname)%00%(upstream:track)%00%(upstream:remotename)%00%(upstream:remoteref) refs/heads/Vinicius refs/remotes/Vinicius [3ms]
2023-11-15 22:19:09.145 [info] > git status -z -uall [59ms]
2023-11-15 22:19:15.888 [info] > git config --get commit.template [9ms]
2023-11-15 22:19:15.891 [info] > git for-each-ref --format=%(refname)%00%(upstream:short)%00%(objectname)%00%(upstream:track)%00%(upstream:remotename)%00%(upstream:remoteref) refs/heads/Vinicius refs/remotes/Vinicius [3ms]
2023-11-15 22:19:15.961 [info] > git status -z -uall [64ms]
2023-11-15 22:19:21.150 [info] > git config --get commit.template [11ms]
2023-11-15 22:19:21.152 [info] > git for-each-ref --format=%(refname)%00%(upstream:short)%00%(objectname)%00%(upstream:track)%00%(upstream:remotename)%00%(upstream:remoteref) refs/heads/Vinicius refs/remotes/Vinicius [4ms]
2023-11-15 22:19:21.258 [info] > git status -z -uall [99ms]
2023-11-15 22:19:27.360 [info] > git config --get commit.template [8ms]
2023-11-15 22:19:27.363 [info] > git for-each-ref --format=%(refname)%00%(upstream:short)%00%(objectname)%00%(upstream:track)%00%(upstream:remotename)%00%(upstream:remoteref) refs/heads/Vinicius refs/remotes/Vinicius [4ms]
2023-11-15 22:19:27.469 [info] > git status -z -uall [100ms]
2023-11-15 22:19:32.665 [info] > git config --get commit.template [9ms]
2023-11-15 22:19:32.667 [info] > git for-each-ref --format=%(refname)%00%(upstream:short)%00%(objectname)%00%(upstream:track)%00%(upstream:remotename)%00%(upstream:remoteref) refs/heads/Vinicius refs/remotes/Vinicius [3ms]
2023-11-15 22:19:32.759 [info] > git status -z -uall [86ms]
2023-11-15 22:19:37.951 [info] > git config --get commit.template [15ms]
2023-11-15 22:19:37.956 [info] > git for-each-ref --format=%(refname)%00%(upstream:short)%00%(objectname)%00%(upstream:track)%00%(upstream:remotename)%00%(upstream:remoteref) refs/heads/Vinicius refs/remotes/Vinicius [8ms]
2023-11-15 22:19:38.101 [info] > git status -z -uall [135ms]
2023-11-15 22:19:43.403 [info] > git config --get commit.template [10ms]
2023-11-15 22:19:43.405 [info] > git for-each-ref --format=%(refname)%00%(upstream:short)%00%(objectname)%00%(upstream:track)%00%(upstream:remotename)%00%(upstream:remoteref) refs/heads/Vinicius refs/remotes/Vinicius [3ms]
2023-11-15 22:19:43.504 [info] > git status -z -uall [93ms]
2023-11-15 22:19:52.991 [info] > git config --get commit.template [7ms]
2023-11-15 22:19:52.993 [info] > git for-each-ref --format=%(refname)%00%(upstream:short)%00%(objectname)%00%(upstream:track)%00%(upstream:remotename)%00%(upstream:remoteref) refs/heads/Vinicius refs/remotes/Vinicius [3ms]
2023-11-15 22:19:53.066 [info] > git status -z -uall [69ms]
2023-11-15 22:19:58.158 [info] > git config --get commit.template [8ms]
2023-11-15 22:19:58.160 [info] > git for-each-ref --format=%(refname)%00%(upstream:short)%00%(objectname)%00%(upstream:track)%00%(upstream:remotename)%00%(upstream:remoteref) refs/heads/Vinicius refs/remotes/Vinicius [4ms]
2023-11-15 22:19:58.240 [info] > git status -z -uall [75ms]
2023-11-15 22:20:03.370 [info] > git config --get commit.template [31ms]
2023-11-15 22:20:03.380 [info] > git for-each-ref --format=%(refname)%00%(upstream:short)%00%(objectname)%00%(upstream:track)%00%(upstream:remotename)%00%(upstream:remoteref) refs/heads/Vinicius refs/remotes/Vinicius [13ms]
2023-11-15 22:20:03.913 [info] > git status -z -uall [522ms]
2023-11-15 22:20:09.069 [info] > git config --get commit.template [14ms]
2023-11-15 22:20:09.073 [info] > git for-each-ref --format=%(refname)%00%(upstream:short)%00%(objectname)%00%(upstream:track)%00%(upstream:remotename)%00%(upstream:remoteref) refs/heads/Vinicius refs/remotes/Vinicius [9ms]
2023-11-15 22:20:09.365 [info] > git status -z -uall [286ms]
2023-11-15 22:20:14.580 [info] > git config --get commit.template [11ms]
2023-11-15 22:20:14.584 [info] > git for-each-ref --format=%(refname)%00%(upstream:short)%00%(objectname)%00%(upstream:track)%00%(upstream:remotename)%00%(upstream:remoteref) refs/heads/Vinicius refs/remotes/Vinicius [5ms]
2023-11-15 22:20:14.686 [info] > git status -z -uall [96ms]
2023-11-15 22:20:19.882 [info] > git config --get commit.template [13ms]
2023-11-15 22:20:19.885 [info] > git for-each-ref --format=%(refname)%00%(upstream:short)%00%(objectname)%00%(upstream:track)%00%(upstream:remotename)%00%(upstream:remoteref) refs/heads/Vinicius refs/remotes/Vinicius [4ms]
2023-11-15 22:20:20.001 [info] > git status -z -uall [108ms]
2023-11-15 22:20:25.186 [info] > git config --get commit.template [10ms]
2023-11-15 22:20:25.189 [info] > git for-each-ref --format=%(refname)%00%(upstream:short)%00%(objectname)%00%(upstream:track)%00%(upstream:remotename)%00%(upstream:remoteref) refs/heads/Vinicius refs/remotes/Vinicius [4ms]
2023-11-15 22:20:25.260 [info] > git status -z -uall [63ms]
2023-11-15 22:20:28.367 [info] > git show --textconv :CodeIgniter/app/Views/salas_editar_selecao.php [16ms]
2023-11-15 22:20:28.370 [info] > git ls-files --stage -- /var/www/clients/client2/web2/web/sistema/adsgrupo06/CodeIgniter/app/Views/salas_editar_selecao.php [10ms]
2023-11-15 22:20:28.383 [info] > git cat-file -s 31578edb9b46ae9eace253564de2534c764dbb2c [3ms]
2023-11-15 22:20:30.460 [info] > git config --get commit.template [10ms]
2023-11-15 22:20:30.464 [info] > git for-each-ref --format=%(refname)%00%(upstream:short)%00%(objectname)%00%(upstream:track)%00%(upstream:remotename)%00%(upstream:remoteref) refs/heads/Vinicius refs/remotes/Vinicius [4ms]
2023-11-15 22:20:30.528 [info] > git status -z -uall [58ms]
2023-11-15 22:20:31.378 [info] > git show --textconv :CodeIgniter/app/Views/salas_form.php [18ms]
2023-11-15 22:20:31.387 [info] > git ls-files --stage -- /var/www/clients/client2/web2/web/sistema/adsgrupo06/CodeIgniter/app/Views/salas_form.php [11ms]
2023-11-15 22:20:31.401 [info] > git cat-file -s 0d258b68c078acf7d665842cf3cd7d7e786ab56f [3ms]
2023-11-15 22:20:35.722 [info] > git config --get commit.template [14ms]
2023-11-15 22:20:35.724 [info] > git for-each-ref --format=%(refname)%00%(upstream:short)%00%(objectname)%00%(upstream:track)%00%(upstream:remotename)%00%(upstream:remoteref) refs/heads/Vinicius refs/remotes/Vinicius [3ms]
2023-11-15 22:20:35.794 [info] > git status -z -uall [64ms]
2023-11-15 22:20:40.999 [info] > git config --get commit.template [10ms]
2023-11-15 22:20:41.001 [info] > git for-each-ref --format=%(refname)%00%(upstream:short)%00%(objectname)%00%(upstream:track)%00%(upstream:remotename)%00%(upstream:remoteref) refs/heads/Vinicius refs/remotes/Vinicius [3ms]
2023-11-15 22:20:41.075 [info] > git status -z -uall [66ms]
2023-11-15 22:20:46.264 [info] > git config --get commit.template [10ms]
2023-11-15 22:20:46.267 [info] > git for-each-ref --format=%(refname)%00%(upstream:short)%00%(objectname)%00%(upstream:track)%00%(upstream:remotename)%00%(upstream:remoteref) refs/heads/Vinicius refs/remotes/Vinicius [4ms]
2023-11-15 22:20:46.359 [info] > git status -z -uall [85ms]
2023-11-15 22:20:53.032 [info] > git config --get commit.template [11ms]
2023-11-15 22:20:53.035 [info] > git for-each-ref --format=%(refname)%00%(upstream:short)%00%(objectname)%00%(upstream:track)%00%(upstream:remotename)%00%(upstream:remoteref) refs/heads/Vinicius refs/remotes/Vinicius [4ms]
2023-11-15 22:20:53.128 [info] > git status -z -uall [87ms]
2023-11-15 22:21:01.375 [info] > git config --get commit.template [9ms]
2023-11-15 22:21:01.377 [info] > git for-each-ref --format=%(refname)%00%(upstream:short)%00%(objectname)%00%(upstream:track)%00%(upstream:remotename)%00%(upstream:remoteref) refs/heads/Vinicius refs/remotes/Vinicius [3ms]
2023-11-15 22:21:01.447 [info] > git status -z -uall [63ms]
2023-11-15 22:21:13.122 [info] > git config --get commit.template [29ms]
2023-11-15 22:21:13.127 [info] > git for-each-ref --format=%(refname)%00%(upstream:short)%00%(objectname)%00%(upstream:track)%00%(upstream:remotename)%00%(upstream:remoteref) refs/heads/Vinicius refs/remotes/Vinicius [28ms]
2023-11-15 22:21:13.440 [info] > git status -z -uall [306ms]
2023-11-15 22:21:18.564 [info] > git config --get commit.template [16ms]
2023-11-15 22:21:18.566 [info] > git for-each-ref --format=%(refname)%00%(upstream:short)%00%(objectname)%00%(upstream:track)%00%(upstream:remotename)%00%(upstream:remoteref) refs/heads/Vinicius refs/remotes/Vinicius [5ms]
2023-11-15 22:21:18.660 [info] > git status -z -uall [87ms]
2023-11-15 22:21:27.754 [info] > git config --get commit.template [10ms]
2023-11-15 22:21:27.756 [info] > git for-each-ref --format=%(refname)%00%(upstream:short)%00%(objectname)%00%(upstream:track)%00%(upstream:remotename)%00%(upstream:remoteref) refs/heads/Vinicius refs/remotes/Vinicius [4ms]
2023-11-15 22:21:27.887 [info] > git status -z -uall [122ms]
2023-11-15 22:21:33.019 [info] > git config --get commit.template [8ms]
2023-11-15 22:21:33.022 [info] > git for-each-ref --format=%(refname)%00%(upstream:short)%00%(objectname)%00%(upstream:track)%00%(upstream:remotename)%00%(upstream:remoteref) refs/heads/Vinicius refs/remotes/Vinicius [3ms]
2023-11-15 22:21:33.086 [info] > git status -z -uall [58ms]
2023-11-15 22:21:39.529 [info] > git config --get commit.template [13ms]
2023-11-15 22:21:39.533 [info] > git for-each-ref --format=%(refname)%00%(upstream:short)%00%(objectname)%00%(upstream:track)%00%(upstream:remotename)%00%(upstream:remoteref) refs/heads/Vinicius refs/remotes/Vinicius [5ms]
2023-11-15 22:21:39.601 [info] > git status -z -uall [59ms]
2023-11-15 22:21:51.249 [info] > git config --get commit.template [10ms]
2023-11-15 22:21:51.252 [info] > git for-each-ref --format=%(refname)%00%(upstream:short)%00%(objectname)%00%(upstream:track)%00%(upstream:remotename)%00%(upstream:remoteref) refs/heads/Vinicius refs/remotes/Vinicius [3ms]
2023-11-15 22:21:51.345 [info] > git status -z -uall [87ms]
2023-11-15 22:21:52.364 [info] > git show --textconv :CodeIgniter/app/Views/salas_editar_selecao.php [28ms]
2023-11-15 22:21:52.370 [info] > git ls-files --stage -- /var/www/clients/client2/web2/web/sistema/adsgrupo06/CodeIgniter/app/Views/salas_editar_selecao.php [8ms]
2023-11-15 22:21:52.381 [info] > git cat-file -s 31578edb9b46ae9eace253564de2534c764dbb2c [3ms]
2023-11-15 22:22:10.557 [info] > git config --get commit.template [17ms]
2023-11-15 22:22:10.564 [info] > git for-each-ref --format=%(refname)%00%(upstream:short)%00%(objectname)%00%(upstream:track)%00%(upstream:remotename)%00%(upstream:remoteref) refs/heads/Vinicius refs/remotes/Vinicius [17ms]
2023-11-15 22:22:10.746 [info] > git status -z -uall [175ms]
2023-11-15 22:22:16.093 [info] > git config --get commit.template [12ms]
2023-11-15 22:22:16.096 [info] > git for-each-ref --format=%(refname)%00%(upstream:short)%00%(objectname)%00%(upstream:track)%00%(upstream:remotename)%00%(upstream:remoteref) refs/heads/Vinicius refs/remotes/Vinicius [5ms]
2023-11-15 22:22:16.196 [info] > git status -z -uall [92ms]
2023-11-15 22:22:21.104 [info] > git show --textconv :CodeIgniter/app/Views/salas_form.php [22ms]
2023-11-15 22:22:21.108 [info] > git ls-files --stage -- /var/www/clients/client2/web2/web/sistema/adsgrupo06/CodeIgniter/app/Views/salas_form.php [9ms]
2023-11-15 22:22:21.118 [info] > git cat-file -s 0d258b68c078acf7d665842cf3cd7d7e786ab56f [2ms]
2023-11-15 22:22:21.387 [info] > git config --get commit.template [11ms]
2023-11-15 22:22:21.390 [info] > git for-each-ref --format=%(refname)%00%(upstream:short)%00%(objectname)%00%(upstream:track)%00%(upstream:remotename)%00%(upstream:remoteref) refs/heads/Vinicius refs/remotes/Vinicius [4ms]
2023-11-15 22:22:21.481 [info] > git status -z -uall [84ms]
2023-11-15 22:22:26.661 [info] > git config --get commit.template [10ms]
2023-11-15 22:22:26.664 [info] > git for-each-ref --format=%(refname)%00%(upstream:short)%00%(objectname)%00%(upstream:track)%00%(upstream:remotename)%00%(upstream:remoteref) refs/heads/Vinicius refs/remotes/Vinicius [4ms]
2023-11-15 22:22:26.743 [info] > git status -z -uall [73ms]
2023-11-15 22:22:31.936 [info] > git config --get commit.template [9ms]
2023-11-15 22:22:31.938 [info] > git for-each-ref --format=%(refname)%00%(upstream:short)%00%(objectname)%00%(upstream:track)%00%(upstream:remotename)%00%(upstream:remoteref) refs/heads/Vinicius refs/remotes/Vinicius [3ms]
2023-11-15 22:22:32.037 [info] > git status -z -uall [92ms]
2023-11-15 22:22:37.241 [info] > git config --get commit.template [9ms]
2023-11-15 22:22:37.244 [info] > git for-each-ref --format=%(refname)%00%(upstream:short)%00%(objectname)%00%(upstream:track)%00%(upstream:remotename)%00%(upstream:remoteref) refs/heads/Vinicius refs/remotes/Vinicius [4ms]
2023-11-15 22:22:37.331 [info] > git status -z -uall [78ms]
2023-11-15 22:22:44.386 [info] > git config --get commit.template [15ms]
2023-11-15 22:22:44.390 [info] > git for-each-ref --format=%(refname)%00%(upstream:short)%00%(objectname)%00%(upstream:track)%00%(upstream:remotename)%00%(upstream:remoteref) refs/heads/Vinicius refs/remotes/Vinicius [11ms]
2023-11-15 22:22:44.459 [info] > git status -z -uall [62ms]
2023-11-15 22:22:49.656 [info] > git config --get commit.template [10ms]
2023-11-15 22:22:49.659 [info] > git for-each-ref --format=%(refname)%00%(upstream:short)%00%(objectname)%00%(upstream:track)%00%(upstream:remotename)%00%(upstream:remoteref) refs/heads/Vinicius refs/remotes/Vinicius [4ms]
2023-11-15 22:22:49.732 [info] > git status -z -uall [67ms]
2023-11-15 22:22:54.931 [info] > git config --get commit.template [15ms]
2023-11-15 22:22:54.935 [info] > git for-each-ref --format=%(refname)%00%(upstream:short)%00%(objectname)%00%(upstream:track)%00%(upstream:remotename)%00%(upstream:remoteref) refs/heads/Vinicius refs/remotes/Vinicius [6ms]
2023-11-15 22:22:55.003 [info] > git status -z -uall [62ms]
2023-11-15 22:23:08.224 [info] > git config --get commit.template [21ms]
2023-11-15 22:23:08.228 [info] > git for-each-ref --format=%(refname)%00%(upstream:short)%00%(objectname)%00%(upstream:track)%00%(upstream:remotename)%00%(upstream:remoteref) refs/heads/Vinicius refs/remotes/Vinicius [18ms]
2023-11-15 22:23:08.388 [info] > git status -z -uall [154ms]
2023-11-15 22:23:13.487 [info] > git config --get commit.template [9ms]
2023-11-15 22:23:13.493 [info] > git for-each-ref --format=%(refname)%00%(upstream:short)%00%(objectname)%00%(upstream:track)%00%(upstream:remotename)%00%(upstream:remoteref) refs/heads/Vinicius refs/remotes/Vinicius [7ms]
2023-11-15 22:23:13.560 [info] > git status -z -uall [60ms]
2023-11-15 22:23:18.652 [info] > git config --get commit.template [9ms]
2023-11-15 22:23:18.654 [info] > git for-each-ref --format=%(refname)%00%(upstream:short)%00%(objectname)%00%(upstream:track)%00%(upstream:remotename)%00%(upstream:remoteref) refs/heads/Vinicius refs/remotes/Vinicius [3ms]
2023-11-15 22:23:18.713 [info] > git status -z -uall [51ms]
2023-11-15 22:27:48.791 [info] > git config --get commit.template [21ms]
2023-11-15 22:27:48.795 [info] > git for-each-ref --format=%(refname)%00%(upstream:short)%00%(objectname)%00%(upstream:track)%00%(upstream:remotename)%00%(upstream:remoteref) refs/heads/Vinicius refs/remotes/Vinicius [20ms]
2023-11-15 22:27:49.007 [info] > git status -z -uall [206ms]
2023-11-15 22:27:54.126 [info] > git config --get commit.template [8ms]
2023-11-15 22:27:54.130 [info] > git for-each-ref --format=%(refname)%00%(upstream:short)%00%(objectname)%00%(upstream:track)%00%(upstream:remotename)%00%(upstream:remoteref) refs/heads/Vinicius refs/remotes/Vinicius [5ms]
2023-11-15 22:27:54.232 [info] > git status -z -uall [96ms]
2023-11-15 22:27:59.325 [info] > git config --get commit.template [8ms]
2023-11-15 22:27:59.328 [info] > git for-each-ref --format=%(refname)%00%(upstream:short)%00%(objectname)%00%(upstream:track)%00%(upstream:remotename)%00%(upstream:remoteref) refs/heads/Vinicius refs/remotes/Vinicius [4ms]
2023-11-15 22:27:59.422 [info] > git status -z -uall [87ms]
2023-11-15 22:28:08.444 [info] > git config --get commit.template [19ms]
2023-11-15 22:28:08.449 [info] > git for-each-ref --format=%(refname)%00%(upstream:short)%00%(objectname)%00%(upstream:track)%00%(upstream:remotename)%00%(upstream:remoteref) refs/heads/Vinicius refs/remotes/Vinicius [17ms]
2023-11-15 22:28:08.665 [info] > git status -z -uall [211ms]
2023-11-15 22:28:13.764 [info] > git config --get commit.template [9ms]
2023-11-15 22:28:13.766 [info] > git for-each-ref --format=%(refname)%00%(upstream:short)%00%(objectname)%00%(upstream:track)%00%(upstream:remotename)%00%(upstream:remoteref) refs/heads/Vinicius refs/remotes/Vinicius [4ms]
2023-11-15 22:28:13.877 [info] > git status -z -uall [105ms]
2023-11-15 22:28:19.852 [info] > git config --get commit.template [9ms]
2023-11-15 22:28:19.856 [info] > git for-each-ref --format=%(refname)%00%(upstream:short)%00%(objectname)%00%(upstream:track)%00%(upstream:remotename)%00%(upstream:remoteref) refs/heads/Vinicius refs/remotes/Vinicius [4ms]
2023-11-15 22:28:19.953 [info] > git status -z -uall [92ms]
2023-11-15 22:28:21.476 [info] > git show --textconv :CodeIgniter/app/Views/salas_editar_selecao.php [16ms]
2023-11-15 22:28:21.480 [info] > git ls-files --stage -- /var/www/clients/client2/web2/web/sistema/adsgrupo06/CodeIgniter/app/Views/salas_editar_selecao.php [9ms]
2023-11-15 22:28:21.489 [info] > git cat-file -s 31578edb9b46ae9eace253564de2534c764dbb2c [3ms]
2023-11-15 22:28:25.137 [info] > git config --get commit.template [9ms]
2023-11-15 22:28:25.141 [info] > git for-each-ref --format=%(refname)%00%(upstream:short)%00%(objectname)%00%(upstream:track)%00%(upstream:remotename)%00%(upstream:remoteref) refs/heads/Vinicius refs/remotes/Vinicius [5ms]
2023-11-15 22:28:25.238 [info] > git status -z -uall [91ms]
2023-11-15 22:28:30.444 [info] > git config --get commit.template [14ms]
2023-11-15 22:28:30.447 [info] > git for-each-ref --format=%(refname)%00%(upstream:short)%00%(objectname)%00%(upstream:track)%00%(upstream:remotename)%00%(upstream:remoteref) refs/heads/Vinicius refs/remotes/Vinicius [6ms]
2023-11-15 22:28:30.566 [info] > git status -z -uall [109ms]
2023-11-15 22:28:35.764 [info] > git config --get commit.template [9ms]
2023-11-15 22:28:35.766 [info] > git for-each-ref --format=%(refname)%00%(upstream:short)%00%(objectname)%00%(upstream:track)%00%(upstream:remotename)%00%(upstream:remoteref) refs/heads/Vinicius refs/remotes/Vinicius [3ms]
2023-11-15 22:28:35.847 [info] > git status -z -uall [74ms]
2023-11-15 22:28:39.639 [info] > git show --textconv :CodeIgniter/app/Views/salas_form.php [14ms]
2023-11-15 22:28:39.644 [info] > git ls-files --stage -- /var/www/clients/client2/web2/web/sistema/adsgrupo06/CodeIgniter/app/Views/salas_form.php [9ms]
2023-11-15 22:28:39.653 [info] > git cat-file -s 0d258b68c078acf7d665842cf3cd7d7e786ab56f [3ms]
2023-11-15 22:28:41.042 [info] > git config --get commit.template [17ms]
2023-11-15 22:28:41.045 [info] > git for-each-ref --format=%(refname)%00%(upstream:short)%00%(objectname)%00%(upstream:track)%00%(upstream:remotename)%00%(upstream:remoteref) refs/heads/Vinicius refs/remotes/Vinicius [5ms]
2023-11-15 22:28:41.144 [info] > git status -z -uall [89ms]
2023-11-15 22:28:46.386 [info] > git config --get commit.template [10ms]
2023-11-15 22:28:46.389 [info] > git for-each-ref --format=%(refname)%00%(upstream:short)%00%(objectname)%00%(upstream:track)%00%(upstream:remotename)%00%(upstream:remoteref) refs/heads/Vinicius refs/remotes/Vinicius [3ms]
2023-11-15 22:28:46.461 [info] > git status -z -uall [65ms]
2023-11-15 22:28:51.656 [info] > git config --get commit.template [9ms]
2023-11-15 22:28:51.659 [info] > git for-each-ref --format=%(refname)%00%(upstream:short)%00%(objectname)%00%(upstream:track)%00%(upstream:remotename)%00%(upstream:remoteref) refs/heads/Vinicius refs/remotes/Vinicius [4ms]
2023-11-15 22:28:51.728 [info] > git status -z -uall [63ms]
2023-11-15 22:28:56.923 [info] > git config --get commit.template [12ms]
2023-11-15 22:28:56.927 [info] > git for-each-ref --format=%(refname)%00%(upstream:short)%00%(objectname)%00%(upstream:track)%00%(upstream:remotename)%00%(upstream:remoteref) refs/heads/Vinicius refs/remotes/Vinicius [6ms]
2023-11-15 22:28:57.015 [info] > git status -z -uall [82ms]
2023-11-15 22:29:02.209 [info] > git config --get commit.template [20ms]
2023-11-15 22:29:02.214 [info] > git for-each-ref --format=%(refname)%00%(upstream:short)%00%(objectname)%00%(upstream:track)%00%(upstream:remotename)%00%(upstream:remoteref) refs/heads/Vinicius refs/remotes/Vinicius [15ms]
2023-11-15 22:29:02.409 [info] > git status -z -uall [188ms]
2023-11-15 22:29:11.593 [info] > git config --get commit.template [10ms]
2023-11-15 22:29:11.596 [info] > git for-each-ref --format=%(refname)%00%(upstream:short)%00%(objectname)%00%(upstream:track)%00%(upstream:remotename)%00%(upstream:remoteref) refs/heads/Vinicius refs/remotes/Vinicius [4ms]
2023-11-15 22:29:11.670 [info] > git status -z -uall [68ms]
2023-11-15 22:29:16.771 [info] > git show --textconv :CodeIgniter/app/Views/salas_editar_selecao.php [27ms]
2023-11-15 22:29:16.771 [info] > git ls-files --stage -- /var/www/clients/client2/web2/web/sistema/adsgrupo06/CodeIgniter/app/Views/salas_editar_selecao.php [18ms]
2023-11-15 22:29:16.781 [info] > git config --get commit.template [12ms]
2023-11-15 22:29:16.791 [info] > git cat-file -s 31578edb9b46ae9eace253564de2534c764dbb2c [12ms]
2023-11-15 22:29:16.794 [info] > git for-each-ref --format=%(refname)%00%(upstream:short)%00%(objectname)%00%(upstream:track)%00%(upstream:remotename)%00%(upstream:remoteref) refs/heads/Vinicius refs/remotes/Vinicius [4ms]
2023-11-15 22:29:16.859 [info] > git status -z -uall [60ms]
2023-11-15 22:29:21.948 [info] > git config --get commit.template [10ms]
2023-11-15 22:29:21.950 [info] > git for-each-ref --format=%(refname)%00%(upstream:short)%00%(objectname)%00%(upstream:track)%00%(upstream:remotename)%00%(upstream:remoteref) refs/heads/Vinicius refs/remotes/Vinicius [3ms]
2023-11-15 22:29:22.023 [info] > git status -z -uall [67ms]
2023-11-15 22:29:23.224 [info] > git show --textconv :CodeIgniter/app/Views/salas_form.php [13ms]
2023-11-15 22:29:23.228 [info] > git ls-files --stage -- /var/www/clients/client2/web2/web/sistema/adsgrupo06/CodeIgniter/app/Views/salas_form.php [7ms]
2023-11-15 22:29:23.235 [info] > git cat-file -s 0d258b68c078acf7d665842cf3cd7d7e786ab56f [2ms]
2023-11-15 22:29:29.710 [info] > git config --get commit.template [17ms]
2023-11-15 22:29:29.714 [info] > git for-each-ref --format=%(refname)%00%(upstream:short)%00%(objectname)%00%(upstream:track)%00%(upstream:remotename)%00%(upstream:remoteref) refs/heads/Vinicius refs/remotes/Vinicius [5ms]
2023-11-15 22:29:29.822 [info] > git status -z -uall [97ms]
2023-11-15 22:29:35.125 [info] > git config --get commit.template [10ms]
2023-11-15 22:29:35.130 [info] > git for-each-ref --format=%(refname)%00%(upstream:short)%00%(objectname)%00%(upstream:track)%00%(upstream:remotename)%00%(upstream:remoteref) refs/heads/Vinicius refs/remotes/Vinicius [6ms]
2023-11-15 22:29:35.195 [info] > git status -z -uall [59ms]
2023-11-15 22:29:40.382 [info] > git config --get commit.template [12ms]
2023-11-15 22:29:40.384 [info] > git for-each-ref --format=%(refname)%00%(upstream:short)%00%(objectname)%00%(upstream:track)%00%(upstream:remotename)%00%(upstream:remoteref) refs/heads/Vinicius refs/remotes/Vinicius [3ms]
2023-11-15 22:29:40.482 [info] > git status -z -uall [92ms]
2023-11-15 22:29:45.836 [info] > git config --get commit.template [11ms]
2023-11-15 22:29:45.838 [info] > git for-each-ref --format=%(refname)%00%(upstream:short)%00%(objectname)%00%(upstream:track)%00%(upstream:remotename)%00%(upstream:remoteref) refs/heads/Vinicius refs/remotes/Vinicius [3ms]
2023-11-15 22:29:45.907 [info] > git status -z -uall [62ms]
2023-11-15 22:29:51.102 [info] > git config --get commit.template [10ms]
2023-11-15 22:29:51.104 [info] > git for-each-ref --format=%(refname)%00%(upstream:short)%00%(objectname)%00%(upstream:track)%00%(upstream:remotename)%00%(upstream:remoteref) refs/heads/Vinicius refs/remotes/Vinicius [3ms]
2023-11-15 22:29:51.170 [info] > git status -z -uall [59ms]
2023-11-15 22:29:56.395 [info] > git config --get commit.template [13ms]
2023-11-15 22:29:56.397 [info] > git for-each-ref --format=%(refname)%00%(upstream:short)%00%(objectname)%00%(upstream:track)%00%(upstream:remotename)%00%(upstream:remoteref) refs/heads/Vinicius refs/remotes/Vinicius [3ms]
2023-11-15 22:29:56.472 [info] > git status -z -uall [68ms]
2023-11-15 22:30:03.611 [info] > git config --get commit.template [24ms]
2023-11-15 22:30:03.618 [info] > git for-each-ref --format=%(refname)%00%(upstream:short)%00%(objectname)%00%(upstream:track)%00%(upstream:remotename)%00%(upstream:remoteref) refs/heads/Vinicius refs/remotes/Vinicius [13ms]
2023-11-15 22:30:03.899 [info] > git status -z -uall [271ms]
2023-11-15 22:30:09.770 [info] > git config --get commit.template [19ms]
2023-11-15 22:30:09.777 [info] > git for-each-ref --format=%(refname)%00%(upstream:short)%00%(objectname)%00%(upstream:track)%00%(upstream:remotename)%00%(upstream:remoteref) refs/heads/Vinicius refs/remotes/Vinicius [23ms]
2023-11-15 22:30:10.035 [info] > git status -z -uall [248ms]
2023-11-15 22:30:15.246 [info] > git config --get commit.template [9ms]
2023-11-15 22:30:15.249 [info] > git for-each-ref --format=%(refname)%00%(upstream:short)%00%(objectname)%00%(upstream:track)%00%(upstream:remotename)%00%(upstream:remoteref) refs/heads/Vinicius refs/remotes/Vinicius [4ms]
2023-11-15 22:30:15.348 [info] > git status -z -uall [92ms]
2023-11-15 22:30:20.554 [info] > git config --get commit.template [13ms]
2023-11-15 22:30:20.557 [info] > git for-each-ref --format=%(refname)%00%(upstream:short)%00%(objectname)%00%(upstream:track)%00%(upstream:remotename)%00%(upstream:remoteref) refs/heads/Vinicius refs/remotes/Vinicius [4ms]
2023-11-15 22:30:20.706 [info] > git status -z -uall [139ms]
2023-11-15 22:30:25.982 [info] > git config --get commit.template [14ms]
2023-11-15 22:30:25.985 [info] > git for-each-ref --format=%(refname)%00%(upstream:short)%00%(objectname)%00%(upstream:track)%00%(upstream:remotename)%00%(upstream:remoteref) refs/heads/Vinicius refs/remotes/Vinicius [6ms]
2023-11-15 22:30:26.081 [info] > git status -z -uall [90ms]
2023-11-15 22:30:31.292 [info] > git config --get commit.template [9ms]
2023-11-15 22:30:31.295 [info] > git for-each-ref --format=%(refname)%00%(upstream:short)%00%(objectname)%00%(upstream:track)%00%(upstream:remotename)%00%(upstream:remoteref) refs/heads/Vinicius refs/remotes/Vinicius [3ms]
2023-11-15 22:30:31.386 [info] > git status -z -uall [86ms]
2023-11-15 22:30:36.574 [info] > git config --get commit.template [8ms]
2023-11-15 22:30:36.576 [info] > git for-each-ref --format=%(refname)%00%(upstream:short)%00%(objectname)%00%(upstream:track)%00%(upstream:remotename)%00%(upstream:remoteref) refs/heads/Vinicius refs/remotes/Vinicius [3ms]
2023-11-15 22:30:36.646 [info] > git status -z -uall [64ms]
2023-11-15 22:30:43.102 [info] > git config --get commit.template [8ms]
2023-11-15 22:30:43.105 [info] > git for-each-ref --format=%(refname)%00%(upstream:short)%00%(objectname)%00%(upstream:track)%00%(upstream:remotename)%00%(upstream:remoteref) refs/heads/Vinicius refs/remotes/Vinicius [4ms]
2023-11-15 22:30:43.182 [info] > git status -z -uall [71ms]
2023-11-15 22:31:49.960 [info] > git config --get commit.template [22ms]
2023-11-15 22:31:49.962 [info] > git for-each-ref --format=%(refname)%00%(upstream:short)%00%(objectname)%00%(upstream:track)%00%(upstream:remotename)%00%(upstream:remoteref) refs/heads/Vinicius refs/remotes/Vinicius [19ms]
2023-11-15 22:31:50.185 [info] > git status -z -uall [210ms]
2023-11-15 22:31:51.909 [info] > git show --textconv :CodeIgniter/app/Views/salas_editar_selecionada.php [15ms]
2023-11-15 22:31:51.913 [info] > git ls-files --stage -- /var/www/clients/client2/web2/web/sistema/adsgrupo06/CodeIgniter/app/Views/salas_editar_selecionada.php [10ms]
2023-11-15 22:31:51.924 [info] > git cat-file -s d766fa2fb4bcf91913693bda1777115238b618af [4ms]
2023-11-15 22:31:55.311 [info] > git config --get commit.template [9ms]
2023-11-15 22:31:55.318 [info] > git for-each-ref --format=%(refname)%00%(upstream:short)%00%(objectname)%00%(upstream:track)%00%(upstream:remotename)%00%(upstream:remoteref) refs/heads/Vinicius refs/remotes/Vinicius [8ms]
2023-11-15 22:31:55.425 [info] > git status -z -uall [101ms]
2023-11-15 22:32:04.778 [info] > git config --get commit.template [21ms]
2023-11-15 22:32:04.784 [info] > git for-each-ref --format=%(refname)%00%(upstream:short)%00%(objectname)%00%(upstream:track)%00%(upstream:remotename)%00%(upstream:remoteref) refs/heads/Vinicius refs/remotes/Vinicius [21ms]
2023-11-15 22:32:04.934 [info] > git status -z -uall [143ms]
2023-11-15 22:32:10.034 [info] > git config --get commit.template [10ms]
2023-11-15 22:32:10.036 [info] > git for-each-ref --format=%(refname)%00%(upstream:short)%00%(objectname)%00%(upstream:track)%00%(upstream:remotename)%00%(upstream:remoteref) refs/heads/Vinicius refs/remotes/Vinicius [5ms]
2023-11-15 22:32:10.113 [info] > git status -z -uall [69ms]
2023-11-15 22:32:13.443 [info] > git show --textconv :CodeIgniter/app/Views/salas_editar_selecao.php [14ms]
2023-11-15 22:32:13.447 [info] > git ls-files --stage -- /var/www/clients/client2/web2/web/sistema/adsgrupo06/CodeIgniter/app/Views/salas_editar_selecao.php [10ms]
2023-11-15 22:32:13.456 [info] > git cat-file -s 31578edb9b46ae9eace253564de2534c764dbb2c [3ms]
2023-11-15 22:32:15.230 [info] > git config --get commit.template [9ms]
2023-11-15 22:32:15.233 [info] > git for-each-ref --format=%(refname)%00%(upstream:short)%00%(objectname)%00%(upstream:track)%00%(upstream:remotename)%00%(upstream:remoteref) refs/heads/Vinicius refs/remotes/Vinicius [4ms]
2023-11-15 22:32:15.305 [info] > git status -z -uall [65ms]
2023-11-15 22:32:20.398 [info] > git config --get commit.template [8ms]
2023-11-15 22:32:20.401 [info] > git for-each-ref --format=%(refname)%00%(upstream:short)%00%(objectname)%00%(upstream:track)%00%(upstream:remotename)%00%(upstream:remoteref) refs/heads/Vinicius refs/remotes/Vinicius [3ms]
2023-11-15 22:32:20.465 [info] > git status -z -uall [59ms]
2023-11-15 22:32:25.630 [info] > git config --get commit.template [9ms]
2023-11-15 22:32:25.633 [info] > git for-each-ref --format=%(refname)%00%(upstream:short)%00%(objectname)%00%(upstream:track)%00%(upstream:remotename)%00%(upstream:remoteref) refs/heads/Vinicius refs/remotes/Vinicius [3ms]
2023-11-15 22:32:25.700 [info] > git status -z -uall [61ms]
2023-11-15 22:54:24.310 [info] > git config --get commit.template [24ms]
2023-11-15 22:54:24.343 [info] > git for-each-ref --format=%(refname)%00%(upstream:short)%00%(objectname)%00%(upstream:track)%00%(upstream:remotename)%00%(upstream:remoteref) refs/heads/Vinicius refs/remotes/Vinicius [10ms]
2023-11-15 22:54:24.565 [info] > git status -z -uall [209ms]
