[Info  - 8:29:05 PM] Initialising intelephense 1.9.5
[Info  - 8:29:05 PM] Reading state from /var/www/clients/client2/web2/web/sistema/adsgrupo06/.vscode-server/data/User/workspaceStorage/9b3cef0c395bd085f4695430ae95afb4/bmewburn.vscode-intelephense-client/34b1a9c2.
[Info  - 8:29:09 PM] Initialised in 3793 ms
[Info  - 8:29:09 PM] Searching file:///var/www/clients/client2/web2/web/sistema/adsgrupo06/.vscode-server/extensions/bmewburn.vscode-intelephense-client-1.9.5/node_modules/intelephense/lib/stub for files to index.
[Info  - 8:29:09 PM] Searching file:///var/www/clients/client2/web2/web/sistema/adsgrupo06 for files to index.
[Warn  - 8:29:10 PM] file:///var/www/clients/client2/web2/web/sistema/adsgrupo06/ProgWeb_g6.erro/vendor/fakerphp/faker/src/Faker/Provider/nl_BE/Text.php is over the maximum file size of 1000000 bytes.
[Info  - 8:29:10 PM] Indexing started.
[Info  - 8:29:10 PM] Indexing ended. 38 files indexed in 0s.
[Info  - 8:29:10 PM] Writing state to /var/www/clients/client2/web2/web/sistema/adsgrupo06/.vscode-server/data/User/workspaceStorage/9b3cef0c395bd085f4695430ae95afb4/bmewburn.vscode-intelephense-client/34b1a9c2.
[Info  - 8:29:12 PM] Wrote state in 2.5s.
[Info  - 8:29:21 PM] Indexing started.
[Info  - 8:29:21 PM] Indexing ended. 1 files indexed in 0s.
[Info  - 8:29:44 PM] Indexing started.
[Info  - 8:29:44 PM] Indexing ended. 1 files indexed in 0s.
[Info  - 8:30:06 PM] Indexing started.
[Info  - 8:30:06 PM] Indexing ended. 1 files indexed in 0s.
[Info  - 8:30:22 PM] Indexing started.
[Info  - 8:30:22 PM] Indexing ended. 1 files indexed in 0s.
[Info  - 8:34:53 PM] Indexing started.
[Info  - 8:34:53 PM] Indexing ended. 1 files indexed in 0s.
[Info  - 8:34:56 PM] Indexing started.
[Info  - 8:34:56 PM] Indexing ended. 1 files indexed in 0s.
[Info  - 8:37:01 PM] Indexing started.
[Info  - 8:37:01 PM] Indexing ended. 1 files indexed in 0s.
[Info  - 8:37:24 PM] Indexing started.
[Info  - 8:37:25 PM] Indexing ended. 1 files indexed in 0s.
[Info  - 8:39:23 PM] Indexing started.
[Info  - 8:39:24 PM] Indexing ended. 1 files indexed in 0s.
[Info  - 8:40:11 PM] Indexing started.
[Info  - 8:40:11 PM] Indexing ended. 1 files indexed in 0s.
[Info  - 8:43:18 PM] Indexing started.
[Info  - 8:43:18 PM] Indexing ended. 1 files indexed in 0s.
[Info  - 8:43:26 PM] Indexing started.
[Info  - 8:43:26 PM] Indexing ended. 1 files indexed in 0s.
[Info  - 8:43:35 PM] Indexing started.
[Info  - 8:43:35 PM] Indexing ended. 1 files indexed in 0s.
[Info  - 8:43:37 PM] Indexing started.
[Info  - 8:43:37 PM] Indexing ended. 1 files indexed in 0s.
[Info  - 8:44:09 PM] Indexing started.
[Info  - 8:44:09 PM] Indexing ended. 1 files indexed in 0s.
[Info  - 8:44:11 PM] Indexing started.
[Info  - 8:44:12 PM] Indexing ended. 1 files indexed in 0s.
[Info  - 8:44:15 PM] Indexing started.
[Info  - 8:44:16 PM] Indexing ended. 1 files indexed in 0s.
[Info  - 8:44:18 PM] Indexing started.
[Info  - 8:44:18 PM] Indexing ended. 1 files indexed in 0s.
[Info  - 8:44:20 PM] Indexing started.
[Info  - 8:44:21 PM] Indexing ended. 1 files indexed in 0s.
[Info  - 8:44:24 PM] Indexing started.
[Info  - 8:44:25 PM] Indexing ended. 1 files indexed in 0s.
[Info  - 8:44:26 PM] Indexing started.
[Info  - 8:44:26 PM] Indexing ended. 1 files indexed in 0s.
[Info  - 8:44:37 PM] Indexing started.
[Info  - 8:44:37 PM] Indexing ended. 1 files indexed in 0s.
[Info  - 8:45:44 PM] Indexing started.
[Info  - 8:45:44 PM] Indexing ended. 1 files indexed in 0s.
[Info  - 8:45:53 PM] Indexing started.
[Info  - 8:45:53 PM] Indexing ended. 1 files indexed in 0s.
[Info  - 8:46:22 PM] Indexing started.
[Info  - 8:46:22 PM] Indexing ended. 1 files indexed in 0s.
[Info  - 8:46:43 PM] Indexing started.
[Info  - 8:46:44 PM] Indexing ended. 1 files indexed in 0s.
[Info  - 8:46:46 PM] Indexing started.
[Info  - 8:46:46 PM] Indexing ended. 1 files indexed in 0s.
[Info  - 8:48:47 PM] Indexing started.
[Info  - 8:48:48 PM] Indexing ended. 1 files indexed in 0s.
[Info  - 8:49:31 PM] Indexing started.
[Info  - 8:49:32 PM] Indexing ended. 1 files indexed in 0s.
[Info  - 8:50:20 PM] Indexing started.
[Info  - 8:50:20 PM] Indexing ended. 1 files indexed in 0s.
[Info  - 8:50:44 PM] Indexing started.
[Info  - 8:50:44 PM] Indexing ended. 1 files indexed in 0s.
[Info  - 8:51:17 PM] Indexing started.
[Info  - 8:51:17 PM] Indexing ended. 1 files indexed in 0s.
[Info  - 8:51:28 PM] Indexing started.
[Info  - 8:51:28 PM] Indexing ended. 1 files indexed in 0s.
[Info  - 8:53:51 PM] Indexing started.
[Info  - 8:53:51 PM] Indexing ended. 1 files indexed in 0s.
[Info  - 8:54:36 PM] Indexing started.
[Info  - 8:54:36 PM] Indexing ended. 1 files indexed in 0s.
[Info  - 9:00:54 PM] Indexing started.
[Info  - 9:00:55 PM] Indexing ended. 1 files indexed in 0s.
[Info  - 9:00:58 PM] Indexing started.
[Info  - 9:00:58 PM] Indexing ended. 1 files indexed in 0s.
[Info  - 9:01:00 PM] Indexing started.
[Info  - 9:01:00 PM] Indexing ended. 1 files indexed in 0s.
