2023-10-31 11:35:54.214 [info] Log level: Info
2023-10-31 11:35:54.214 [info] Validating found git in: "git"
2023-10-31 11:35:54.214 [info] Using git "2.20.1" from "git"
2023-10-31 11:35:54.214 [info] > git rev-parse --show-toplevel [13ms]
2023-10-31 11:35:54.214 [info] > git rev-parse --git-dir --git-common-dir [17ms]
2023-10-31 11:35:54.214 [info] Open repository: /var/www/clients/client2/web2/web/sistema/adsgrupo06
2023-10-31 11:35:54.216 [info] > git config --get commit.template [29ms]
2023-10-31 11:35:54.224 [info] > git rev-parse --show-toplevel [33ms]
2023-10-31 11:35:54.290 [info] > git rev-parse --show-toplevel [24ms]
2023-10-31 11:35:54.291 [info] > git for-each-ref --format=%(refname)%00%(upstream:short)%00%(objectname)%00%(upstream:track)%00%(upstream:remotename)%00%(upstream:remoteref) refs/heads/Vinicius refs/remotes/Vinicius [33ms]
2023-10-31 11:35:54.386 [info] > git rev-parse --show-toplevel [84ms]
2023-10-31 11:35:54.406 [info] > git rev-parse --show-toplevel [12ms]
2023-10-31 11:35:54.417 [info] > git status -z -uall [120ms]
2023-10-31 11:35:54.440 [info] > git rev-parse --show-toplevel [25ms]
2023-10-31 11:35:54.449 [info] > git config --get commit.template [9ms]
2023-10-31 11:35:54.456 [info] > git rev-parse --show-toplevel [10ms]
2023-10-31 11:35:54.463 [info] > git for-each-ref --format=%(refname)%00%(upstream:short)%00%(objectname)%00%(upstream:track)%00%(upstream:remotename)%00%(upstream:remoteref) refs/heads/Vinicius refs/remotes/Vinicius [8ms]
2023-10-31 11:35:54.470 [info] > git rev-parse --show-toplevel [7ms]
2023-10-31 11:35:54.502 [info] > git rev-parse --show-toplevel [12ms]
2023-10-31 11:35:54.635 [info] > git status -z -uall [166ms]
2023-10-31 11:35:54.643 [info] > git rev-parse --show-toplevel [127ms]
2023-10-31 11:35:54.676 [info] > git rev-parse --show-toplevel [15ms]
2023-10-31 11:35:54.927 [info] > git check-ignore -v -z --stdin [6ms]
2023-10-31 11:35:55.144 [info] > git show --textconv :CodeIgniter/app/Config/Database.php [25ms]
2023-10-31 11:35:55.154 [info] > git ls-files --stage -- /var/www/clients/client2/web2/web/sistema/adsgrupo06/CodeIgniter/app/Config/Database.php [10ms]
2023-10-31 11:35:55.171 [info] > git cat-file -s 1f41a2fa6d5e4ebc80ff93bd7ed0f8c799e6bc6f [4ms]
2023-10-31 11:35:58.238 [info] > git check-ignore -v -z --stdin [24ms]
2023-10-31 11:37:29.910 [info] > git config --get commit.template [26ms]
2023-10-31 11:37:29.919 [info] > git for-each-ref --format=%(refname)%00%(upstream:short)%00%(objectname)%00%(upstream:track)%00%(upstream:remotename)%00%(upstream:remoteref) refs/heads/Vinicius refs/remotes/Vinicius [26ms]
2023-10-31 11:37:30.160 [info] > git status -z -uall [234ms]
2023-10-31 11:37:35.180 [info] > git config --get commit.template [9ms]
2023-10-31 11:37:35.185 [info] > git for-each-ref --format=%(refname)%00%(upstream:short)%00%(objectname)%00%(upstream:track)%00%(upstream:remotename)%00%(upstream:remoteref) refs/heads/Vinicius refs/remotes/Vinicius [6ms]
2023-10-31 11:37:35.208 [info] > git status -z -uall [17ms]
2023-10-31 11:37:38.831 [info] > git check-ignore -v -z --stdin [4ms]
2023-10-31 11:37:40.226 [info] > git config --get commit.template [8ms]
2023-10-31 11:37:40.229 [info] > git for-each-ref --format=%(refname)%00%(upstream:short)%00%(objectname)%00%(upstream:track)%00%(upstream:remotename)%00%(upstream:remoteref) refs/heads/Vinicius refs/remotes/Vinicius [4ms]
2023-10-31 11:37:40.253 [info] > git status -z -uall [19ms]
2023-10-31 11:37:45.272 [info] > git config --get commit.template [9ms]
2023-10-31 11:37:45.275 [info] > git for-each-ref --format=%(refname)%00%(upstream:short)%00%(objectname)%00%(upstream:track)%00%(upstream:remotename)%00%(upstream:remoteref) refs/heads/Vinicius refs/remotes/Vinicius [3ms]
2023-10-31 11:37:45.299 [info] > git status -z -uall [19ms]
2023-10-31 11:37:45.814 [info] > git check-ignore -v -z --stdin [3ms]
2023-10-31 11:37:47.284 [info] > git check-ignore -v -z --stdin [4ms]
2023-10-31 11:37:49.748 [info] > git check-ignore -v -z --stdin [4ms]
2023-10-31 11:37:50.321 [info] > git config --get commit.template [9ms]
2023-10-31 11:37:50.324 [info] > git for-each-ref --format=%(refname)%00%(upstream:short)%00%(objectname)%00%(upstream:track)%00%(upstream:remotename)%00%(upstream:remoteref) refs/heads/Vinicius refs/remotes/Vinicius [4ms]
2023-10-31 11:37:50.351 [info] > git status -z -uall [20ms]
2023-10-31 11:37:53.937 [info] > git check-ignore -v -z --stdin [3ms]
2023-10-31 11:37:54.463 [info] > git check-ignore -v -z --stdin [4ms]
2023-10-31 11:37:55.367 [info] > git config --get commit.template [7ms]
2023-10-31 11:37:55.370 [info] > git for-each-ref --format=%(refname)%00%(upstream:short)%00%(objectname)%00%(upstream:track)%00%(upstream:remotename)%00%(upstream:remoteref) refs/heads/Vinicius refs/remotes/Vinicius [4ms]
2023-10-31 11:37:55.392 [info] > git status -z -uall [17ms]
2023-10-31 11:37:56.695 [info] > git check-ignore -v -z --stdin [4ms]
2023-10-31 11:37:59.214 [info] > git check-ignore -v -z --stdin [3ms]
2023-10-31 11:38:00.411 [info] > git config --get commit.template [8ms]
2023-10-31 11:38:00.414 [info] > git for-each-ref --format=%(refname)%00%(upstream:short)%00%(objectname)%00%(upstream:track)%00%(upstream:remotename)%00%(upstream:remoteref) refs/heads/Vinicius refs/remotes/Vinicius [4ms]
2023-10-31 11:38:00.438 [info] > git status -z -uall [19ms]
2023-10-31 11:43:20.249 [info] > git config --get commit.template [18ms]
2023-10-31 11:43:20.252 [info] > git for-each-ref --format=%(refname)%00%(upstream:short)%00%(objectname)%00%(upstream:track)%00%(upstream:remotename)%00%(upstream:remoteref) refs/heads/Vinicius refs/remotes/Vinicius [14ms]
2023-10-31 11:43:20.485 [info] > git status -z -uall [227ms]
2023-10-31 11:43:24.865 [info] > git check-ignore -v -z --stdin [5ms]
2023-10-31 11:43:25.506 [info] > git config --get commit.template [9ms]
2023-10-31 11:43:25.509 [info] > git for-each-ref --format=%(refname)%00%(upstream:short)%00%(objectname)%00%(upstream:track)%00%(upstream:remotename)%00%(upstream:remoteref) refs/heads/Vinicius refs/remotes/Vinicius [4ms]
2023-10-31 11:43:25.533 [info] > git status -z -uall [18ms]
2023-10-31 11:43:30.554 [info] > git config --get commit.template [10ms]
2023-10-31 11:43:30.556 [info] > git for-each-ref --format=%(refname)%00%(upstream:short)%00%(objectname)%00%(upstream:track)%00%(upstream:remotename)%00%(upstream:remoteref) refs/heads/Vinicius refs/remotes/Vinicius [3ms]
2023-10-31 11:43:30.580 [info] > git status -z -uall [18ms]
2023-10-31 11:43:35.597 [info] > git config --get commit.template [6ms]
2023-10-31 11:43:35.599 [info] > git for-each-ref --format=%(refname)%00%(upstream:short)%00%(objectname)%00%(upstream:track)%00%(upstream:remotename)%00%(upstream:remoteref) refs/heads/Vinicius refs/remotes/Vinicius [3ms]
2023-10-31 11:43:35.621 [info] > git status -z -uall [16ms]
2023-10-31 11:43:37.736 [info] > git check-ignore -v -z --stdin [4ms]
2023-10-31 11:43:37.918 [info] > git show --textconv :CodeIgniter/app/Models/SalaModel.php [12ms]
2023-10-31 11:43:37.923 [info] > git ls-files --stage -- /var/www/clients/client2/web2/web/sistema/adsgrupo06/CodeIgniter/app/Models/SalaModel.php [7ms]
2023-10-31 11:43:56.723 [info] > git config --get commit.template [8ms]
2023-10-31 11:43:56.726 [info] > git for-each-ref --format=%(refname)%00%(upstream:short)%00%(objectname)%00%(upstream:track)%00%(upstream:remotename)%00%(upstream:remoteref) refs/heads/Vinicius refs/remotes/Vinicius [4ms]
2023-10-31 11:43:56.752 [info] > git status -z -uall [20ms]
2023-10-31 11:44:01.770 [info] > git config --get commit.template [8ms]
2023-10-31 11:44:01.773 [info] > git for-each-ref --format=%(refname)%00%(upstream:short)%00%(objectname)%00%(upstream:track)%00%(upstream:remotename)%00%(upstream:remoteref) refs/heads/Vinicius refs/remotes/Vinicius [4ms]
2023-10-31 11:44:01.799 [info] > git status -z -uall [19ms]
2023-10-31 11:44:06.817 [info] > git config --get commit.template [7ms]
2023-10-31 11:44:06.819 [info] > git for-each-ref --format=%(refname)%00%(upstream:short)%00%(objectname)%00%(upstream:track)%00%(upstream:remotename)%00%(upstream:remoteref) refs/heads/Vinicius refs/remotes/Vinicius [3ms]
2023-10-31 11:44:06.842 [info] > git status -z -uall [18ms]
2023-10-31 11:44:11.861 [info] > git config --get commit.template [8ms]
2023-10-31 11:44:11.863 [info] > git for-each-ref --format=%(refname)%00%(upstream:short)%00%(objectname)%00%(upstream:track)%00%(upstream:remotename)%00%(upstream:remoteref) refs/heads/Vinicius refs/remotes/Vinicius [3ms]
2023-10-31 11:44:11.887 [info] > git status -z -uall [18ms]
2023-10-31 11:44:18.097 [info] > git config --get commit.template [7ms]
2023-10-31 11:44:18.100 [info] > git for-each-ref --format=%(refname)%00%(upstream:short)%00%(objectname)%00%(upstream:track)%00%(upstream:remotename)%00%(upstream:remoteref) refs/heads/Vinicius refs/remotes/Vinicius [4ms]
2023-10-31 11:44:18.126 [info] > git status -z -uall [19ms]
2023-10-31 11:44:23.148 [info] > git config --get commit.template [7ms]
2023-10-31 11:44:23.151 [info] > git for-each-ref --format=%(refname)%00%(upstream:short)%00%(objectname)%00%(upstream:track)%00%(upstream:remotename)%00%(upstream:remoteref) refs/heads/Vinicius refs/remotes/Vinicius [4ms]
2023-10-31 11:44:23.175 [info] > git status -z -uall [18ms]
2023-10-31 11:44:28.193 [info] > git config --get commit.template [7ms]
2023-10-31 11:44:28.195 [info] > git for-each-ref --format=%(refname)%00%(upstream:short)%00%(objectname)%00%(upstream:track)%00%(upstream:remotename)%00%(upstream:remoteref) refs/heads/Vinicius refs/remotes/Vinicius [3ms]
2023-10-31 11:44:28.218 [info] > git status -z -uall [18ms]
2023-10-31 11:44:29.493 [info] > git check-ignore -v -z --stdin [3ms]
2023-10-31 11:44:29.651 [info] > git show --textconv :CodeIgniter/app/Models/Sala_Model.php [7ms]
2023-10-31 11:44:29.655 [info] > git ls-files --stage -- /var/www/clients/client2/web2/web/sistema/adsgrupo06/CodeIgniter/app/Models/Sala_Model.php [4ms]
2023-10-31 11:44:36.079 [info] > git config --get commit.template [10ms]
2023-10-31 11:44:36.082 [info] > git for-each-ref --format=%(refname)%00%(upstream:short)%00%(objectname)%00%(upstream:track)%00%(upstream:remotename)%00%(upstream:remoteref) refs/heads/Vinicius refs/remotes/Vinicius [4ms]
2023-10-31 11:44:36.107 [info] > git status -z -uall [19ms]
2023-10-31 11:44:41.126 [info] > git config --get commit.template [8ms]
2023-10-31 11:44:41.128 [info] > git for-each-ref --format=%(refname)%00%(upstream:short)%00%(objectname)%00%(upstream:track)%00%(upstream:remotename)%00%(upstream:remoteref) refs/heads/Vinicius refs/remotes/Vinicius [3ms]
2023-10-31 11:44:41.151 [info] > git status -z -uall [17ms]
2023-10-31 11:44:46.171 [info] > git config --get commit.template [8ms]
2023-10-31 11:44:46.173 [info] > git for-each-ref --format=%(refname)%00%(upstream:short)%00%(objectname)%00%(upstream:track)%00%(upstream:remotename)%00%(upstream:remoteref) refs/heads/Vinicius refs/remotes/Vinicius [3ms]
2023-10-31 11:44:46.200 [info] > git status -z -uall [20ms]
2023-10-31 11:45:08.594 [info] > git config --get commit.template [8ms]
2023-10-31 11:45:08.596 [info] > git for-each-ref --format=%(refname)%00%(upstream:short)%00%(objectname)%00%(upstream:track)%00%(upstream:remotename)%00%(upstream:remoteref) refs/heads/Vinicius refs/remotes/Vinicius [3ms]
2023-10-31 11:45:08.620 [info] > git status -z -uall [18ms]
2023-10-31 11:45:13.837 [info] > git config --get commit.template [1ms]
2023-10-31 11:45:13.848 [info] > git for-each-ref --format=%(refname)%00%(upstream:short)%00%(objectname)%00%(upstream:track)%00%(upstream:remotename)%00%(upstream:remoteref) refs/heads/Vinicius refs/remotes/Vinicius [2ms]
2023-10-31 11:45:13.882 [info] > git status -z -uall [28ms]
2023-10-31 11:45:22.521 [info] > git config --get commit.template [8ms]
2023-10-31 11:45:22.524 [info] > git for-each-ref --format=%(refname)%00%(upstream:short)%00%(objectname)%00%(upstream:track)%00%(upstream:remotename)%00%(upstream:remoteref) refs/heads/Vinicius refs/remotes/Vinicius [3ms]
2023-10-31 11:45:22.547 [info] > git status -z -uall [18ms]
2023-10-31 11:45:49.478 [info] > git config --get commit.template [8ms]
2023-10-31 11:45:49.480 [info] > git for-each-ref --format=%(refname)%00%(upstream:short)%00%(objectname)%00%(upstream:track)%00%(upstream:remotename)%00%(upstream:remoteref) refs/heads/Vinicius refs/remotes/Vinicius [4ms]
2023-10-31 11:45:49.505 [info] > git status -z -uall [19ms]
2023-10-31 11:45:54.525 [info] > git config --get commit.template [9ms]
2023-10-31 11:45:54.528 [info] > git for-each-ref --format=%(refname)%00%(upstream:short)%00%(objectname)%00%(upstream:track)%00%(upstream:remotename)%00%(upstream:remoteref) refs/heads/Vinicius refs/remotes/Vinicius [4ms]
2023-10-31 11:45:54.555 [info] > git status -z -uall [21ms]
2023-10-31 11:45:59.580 [info] > git config --get commit.template [10ms]
2023-10-31 11:45:59.587 [info] > git for-each-ref --format=%(refname)%00%(upstream:short)%00%(objectname)%00%(upstream:track)%00%(upstream:remotename)%00%(upstream:remoteref) refs/heads/Vinicius refs/remotes/Vinicius [7ms]
2023-10-31 11:45:59.620 [info] > git status -z -uall [26ms]
2023-10-31 11:46:04.646 [info] > git config --get commit.template [11ms]
2023-10-31 11:46:04.649 [info] > git for-each-ref --format=%(refname)%00%(upstream:short)%00%(objectname)%00%(upstream:track)%00%(upstream:remotename)%00%(upstream:remoteref) refs/heads/Vinicius refs/remotes/Vinicius [4ms]
2023-10-31 11:46:04.690 [info] > git status -z -uall [29ms]
2023-10-31 11:46:09.711 [info] > git config --get commit.template [8ms]
2023-10-31 11:46:09.714 [info] > git for-each-ref --format=%(refname)%00%(upstream:short)%00%(objectname)%00%(upstream:track)%00%(upstream:remotename)%00%(upstream:remoteref) refs/heads/Vinicius refs/remotes/Vinicius [4ms]
2023-10-31 11:46:09.740 [info] > git status -z -uall [18ms]
2023-10-31 11:46:14.763 [info] > git for-each-ref --format=%(refname)%00%(upstream:short)%00%(objectname)%00%(upstream:track)%00%(upstream:remotename)%00%(upstream:remoteref) refs/heads/Vinicius refs/remotes/Vinicius [1ms]
2023-10-31 11:46:14.764 [info] > git config --get commit.template [13ms]
2023-10-31 11:46:14.789 [info] > git status -z -uall [19ms]
2023-10-31 11:46:19.808 [info] > git config --get commit.template [8ms]
2023-10-31 11:46:19.811 [info] > git for-each-ref --format=%(refname)%00%(upstream:short)%00%(objectname)%00%(upstream:track)%00%(upstream:remotename)%00%(upstream:remoteref) refs/heads/Vinicius refs/remotes/Vinicius [3ms]
2023-10-31 11:46:19.840 [info] > git status -z -uall [21ms]
2023-10-31 11:46:24.857 [info] > git config --get commit.template [8ms]
2023-10-31 11:46:24.859 [info] > git for-each-ref --format=%(refname)%00%(upstream:short)%00%(objectname)%00%(upstream:track)%00%(upstream:remotename)%00%(upstream:remoteref) refs/heads/Vinicius refs/remotes/Vinicius [3ms]
2023-10-31 11:46:24.883 [info] > git status -z -uall [18ms]
2023-10-31 11:46:31.122 [info] > git config --get commit.template [9ms]
2023-10-31 11:46:31.124 [info] > git for-each-ref --format=%(refname)%00%(upstream:short)%00%(objectname)%00%(upstream:track)%00%(upstream:remotename)%00%(upstream:remoteref) refs/heads/Vinicius refs/remotes/Vinicius [4ms]
2023-10-31 11:46:31.150 [info] > git status -z -uall [20ms]
2023-10-31 11:46:36.167 [info] > git config --get commit.template [8ms]
2023-10-31 11:46:36.170 [info] > git for-each-ref --format=%(refname)%00%(upstream:short)%00%(objectname)%00%(upstream:track)%00%(upstream:remotename)%00%(upstream:remoteref) refs/heads/Vinicius refs/remotes/Vinicius [4ms]
2023-10-31 11:46:36.195 [info] > git status -z -uall [19ms]
2023-10-31 11:46:41.214 [info] > git config --get commit.template [7ms]
2023-10-31 11:46:41.217 [info] > git for-each-ref --format=%(refname)%00%(upstream:short)%00%(objectname)%00%(upstream:track)%00%(upstream:remotename)%00%(upstream:remoteref) refs/heads/Vinicius refs/remotes/Vinicius [2ms]
2023-10-31 11:46:41.242 [info] > git status -z -uall [18ms]
2023-10-31 11:46:48.838 [info] > git config --get commit.template [8ms]
2023-10-31 11:46:48.841 [info] > git for-each-ref --format=%(refname)%00%(upstream:short)%00%(objectname)%00%(upstream:track)%00%(upstream:remotename)%00%(upstream:remoteref) refs/heads/Vinicius refs/remotes/Vinicius [4ms]
2023-10-31 11:46:48.864 [info] > git status -z -uall [17ms]
2023-10-31 11:46:53.886 [info] > git config --get commit.template [7ms]
2023-10-31 11:46:53.889 [info] > git for-each-ref --format=%(refname)%00%(upstream:short)%00%(objectname)%00%(upstream:track)%00%(upstream:remotename)%00%(upstream:remoteref) refs/heads/Vinicius refs/remotes/Vinicius [4ms]
2023-10-31 11:46:53.912 [info] > git status -z -uall [18ms]
2023-10-31 11:46:58.933 [info] > git config --get commit.template [7ms]
2023-10-31 11:46:58.936 [info] > git for-each-ref --format=%(refname)%00%(upstream:short)%00%(objectname)%00%(upstream:track)%00%(upstream:remotename)%00%(upstream:remoteref) refs/heads/Vinicius refs/remotes/Vinicius [3ms]
2023-10-31 11:46:58.959 [info] > git status -z -uall [18ms]
2023-10-31 11:47:03.983 [info] > git config --get commit.template [11ms]
2023-10-31 11:47:03.988 [info] > git for-each-ref --format=%(refname)%00%(upstream:short)%00%(objectname)%00%(upstream:track)%00%(upstream:remotename)%00%(upstream:remoteref) refs/heads/Vinicius refs/remotes/Vinicius [6ms]
2023-10-31 11:47:04.018 [info] > git status -z -uall [21ms]
2023-10-31 11:47:09.037 [info] > git config --get commit.template [8ms]
2023-10-31 11:47:09.039 [info] > git for-each-ref --format=%(refname)%00%(upstream:short)%00%(objectname)%00%(upstream:track)%00%(upstream:remotename)%00%(upstream:remoteref) refs/heads/Vinicius refs/remotes/Vinicius [3ms]
2023-10-31 11:47:09.064 [info] > git status -z -uall [19ms]
2023-10-31 11:47:14.140 [info] > git config --get commit.template [9ms]
2023-10-31 11:47:14.144 [info] > git for-each-ref --format=%(refname)%00%(upstream:short)%00%(objectname)%00%(upstream:track)%00%(upstream:remotename)%00%(upstream:remoteref) refs/heads/Vinicius refs/remotes/Vinicius [5ms]
2023-10-31 11:47:14.169 [info] > git status -z -uall [19ms]
2023-10-31 11:47:19.188 [info] > git config --get commit.template [7ms]
2023-10-31 11:47:19.190 [info] > git for-each-ref --format=%(refname)%00%(upstream:short)%00%(objectname)%00%(upstream:track)%00%(upstream:remotename)%00%(upstream:remoteref) refs/heads/Vinicius refs/remotes/Vinicius [3ms]
2023-10-31 11:47:19.214 [info] > git status -z -uall [18ms]
2023-10-31 11:47:24.235 [info] > git config --get commit.template [9ms]
2023-10-31 11:47:24.237 [info] > git for-each-ref --format=%(refname)%00%(upstream:short)%00%(objectname)%00%(upstream:track)%00%(upstream:remotename)%00%(upstream:remoteref) refs/heads/Vinicius refs/remotes/Vinicius [3ms]
2023-10-31 11:47:24.262 [info] > git status -z -uall [19ms]
2023-10-31 11:47:29.279 [info] > git config --get commit.template [8ms]
2023-10-31 11:47:29.282 [info] > git for-each-ref --format=%(refname)%00%(upstream:short)%00%(objectname)%00%(upstream:track)%00%(upstream:remotename)%00%(upstream:remoteref) refs/heads/Vinicius refs/remotes/Vinicius [3ms]
2023-10-31 11:47:29.306 [info] > git status -z -uall [18ms]
2023-10-31 11:47:35.138 [info] > git config --get commit.template [7ms]
2023-10-31 11:47:35.141 [info] > git for-each-ref --format=%(refname)%00%(upstream:short)%00%(objectname)%00%(upstream:track)%00%(upstream:remotename)%00%(upstream:remoteref) refs/heads/Vinicius refs/remotes/Vinicius [4ms]
2023-10-31 11:47:35.166 [info] > git status -z -uall [20ms]
2023-10-31 11:47:40.187 [info] > git config --get commit.template [8ms]
2023-10-31 11:47:40.190 [info] > git for-each-ref --format=%(refname)%00%(upstream:short)%00%(objectname)%00%(upstream:track)%00%(upstream:remotename)%00%(upstream:remoteref) refs/heads/Vinicius refs/remotes/Vinicius [6ms]
2023-10-31 11:47:40.213 [info] > git status -z -uall [17ms]
2023-10-31 11:47:56.682 [info] > git config --get commit.template [10ms]
2023-10-31 11:47:56.685 [info] > git for-each-ref --format=%(refname)%00%(upstream:short)%00%(objectname)%00%(upstream:track)%00%(upstream:remotename)%00%(upstream:remoteref) refs/heads/Vinicius refs/remotes/Vinicius [4ms]
2023-10-31 11:47:56.710 [info] > git status -z -uall [18ms]
2023-10-31 11:48:01.742 [info] > git config --get commit.template [18ms]
2023-10-31 11:48:01.744 [info] > git for-each-ref --format=%(refname)%00%(upstream:short)%00%(objectname)%00%(upstream:track)%00%(upstream:remotename)%00%(upstream:remoteref) refs/heads/Vinicius refs/remotes/Vinicius [9ms]
2023-10-31 11:48:01.827 [info] > git status -z -uall [71ms]
2023-10-31 11:48:17.382 [info] > git config --get commit.template [7ms]
2023-10-31 11:48:17.385 [info] > git for-each-ref --format=%(refname)%00%(upstream:short)%00%(objectname)%00%(upstream:track)%00%(upstream:remotename)%00%(upstream:remoteref) refs/heads/Vinicius refs/remotes/Vinicius [3ms]
2023-10-31 11:48:17.406 [info] > git status -z -uall [17ms]
2023-10-31 11:48:22.423 [info] > git config --get commit.template [8ms]
2023-10-31 11:48:22.426 [info] > git for-each-ref --format=%(refname)%00%(upstream:short)%00%(objectname)%00%(upstream:track)%00%(upstream:remotename)%00%(upstream:remoteref) refs/heads/Vinicius refs/remotes/Vinicius [3ms]
2023-10-31 11:48:22.449 [info] > git status -z -uall [17ms]
2023-10-31 11:48:36.298 [info] > git config --get commit.template [7ms]
2023-10-31 11:48:36.302 [info] > git for-each-ref --format=%(refname)%00%(upstream:short)%00%(objectname)%00%(upstream:track)%00%(upstream:remotename)%00%(upstream:remoteref) refs/heads/Vinicius refs/remotes/Vinicius [4ms]
2023-10-31 11:48:36.327 [info] > git status -z -uall [19ms]
2023-10-31 11:48:41.346 [info] > git config --get commit.template [7ms]
2023-10-31 11:48:41.349 [info] > git for-each-ref --format=%(refname)%00%(upstream:short)%00%(objectname)%00%(upstream:track)%00%(upstream:remotename)%00%(upstream:remoteref) refs/heads/Vinicius refs/remotes/Vinicius [3ms]
2023-10-31 11:48:41.372 [info] > git status -z -uall [18ms]
2023-10-31 11:49:28.349 [info] > git config --get commit.template [8ms]
2023-10-31 11:49:28.353 [info] > git for-each-ref --format=%(refname)%00%(upstream:short)%00%(objectname)%00%(upstream:track)%00%(upstream:remotename)%00%(upstream:remoteref) refs/heads/Vinicius refs/remotes/Vinicius [6ms]
2023-10-31 11:49:28.379 [info] > git status -z -uall [20ms]
2023-10-31 11:49:33.407 [info] > git config --get commit.template [8ms]
2023-10-31 11:49:33.409 [info] > git for-each-ref --format=%(refname)%00%(upstream:short)%00%(objectname)%00%(upstream:track)%00%(upstream:remotename)%00%(upstream:remoteref) refs/heads/Vinicius refs/remotes/Vinicius [3ms]
2023-10-31 11:49:33.435 [info] > git status -z -uall [20ms]
2023-10-31 11:50:52.983 [info] > git config --get commit.template [13ms]
2023-10-31 11:50:52.986 [info] > git for-each-ref --format=%(refname)%00%(upstream:short)%00%(objectname)%00%(upstream:track)%00%(upstream:remotename)%00%(upstream:remoteref) refs/heads/Vinicius refs/remotes/Vinicius [4ms]
2023-10-31 11:50:53.017 [info] > git status -z -uall [21ms]
2023-10-31 11:50:58.033 [info] > git config --get commit.template [7ms]
2023-10-31 11:50:58.035 [info] > git for-each-ref --format=%(refname)%00%(upstream:short)%00%(objectname)%00%(upstream:track)%00%(upstream:remotename)%00%(upstream:remoteref) refs/heads/Vinicius refs/remotes/Vinicius [3ms]
2023-10-31 11:50:58.058 [info] > git status -z -uall [18ms]
2023-10-31 11:51:16.977 [info] > git config --get commit.template [7ms]
2023-10-31 11:51:16.979 [info] > git for-each-ref --format=%(refname)%00%(upstream:short)%00%(objectname)%00%(upstream:track)%00%(upstream:remotename)%00%(upstream:remoteref) refs/heads/Vinicius refs/remotes/Vinicius [3ms]
2023-10-31 11:51:17.005 [info] > git status -z -uall [21ms]
2023-10-31 11:51:35.212 [info] > git config --get commit.template [11ms]
2023-10-31 11:51:35.217 [info] > git for-each-ref --format=%(refname)%00%(upstream:short)%00%(objectname)%00%(upstream:track)%00%(upstream:remotename)%00%(upstream:remoteref) refs/heads/Vinicius refs/remotes/Vinicius [5ms]
2023-10-31 11:51:35.251 [info] > git status -z -uall [27ms]
2023-10-31 11:51:40.271 [info] > git config --get commit.template [8ms]
2023-10-31 11:51:40.275 [info] > git for-each-ref --format=%(refname)%00%(upstream:short)%00%(objectname)%00%(upstream:track)%00%(upstream:remotename)%00%(upstream:remoteref) refs/heads/Vinicius refs/remotes/Vinicius [4ms]
2023-10-31 11:51:40.302 [info] > git status -z -uall [22ms]
2023-10-31 11:51:45.323 [info] > git config --get commit.template [7ms]
2023-10-31 11:51:45.325 [info] > git for-each-ref --format=%(refname)%00%(upstream:short)%00%(objectname)%00%(upstream:track)%00%(upstream:remotename)%00%(upstream:remoteref) refs/heads/Vinicius refs/remotes/Vinicius [3ms]
2023-10-31 11:51:45.347 [info] > git status -z -uall [17ms]
2023-10-31 11:51:50.369 [info] > git config --get commit.template [10ms]
2023-10-31 11:51:50.372 [info] > git for-each-ref --format=%(refname)%00%(upstream:short)%00%(objectname)%00%(upstream:track)%00%(upstream:remotename)%00%(upstream:remoteref) refs/heads/Vinicius refs/remotes/Vinicius [4ms]
2023-10-31 11:51:50.399 [info] > git status -z -uall [20ms]
2023-10-31 11:51:55.427 [info] > git config --get commit.template [9ms]
2023-10-31 11:51:55.430 [info] > git for-each-ref --format=%(refname)%00%(upstream:short)%00%(objectname)%00%(upstream:track)%00%(upstream:remotename)%00%(upstream:remoteref) refs/heads/Vinicius refs/remotes/Vinicius [4ms]
2023-10-31 11:51:55.453 [info] > git status -z -uall [18ms]
2023-10-31 11:52:00.479 [info] > git config --get commit.template [12ms]
2023-10-31 11:52:00.482 [info] > git for-each-ref --format=%(refname)%00%(upstream:short)%00%(objectname)%00%(upstream:track)%00%(upstream:remotename)%00%(upstream:remoteref) refs/heads/Vinicius refs/remotes/Vinicius [4ms]
2023-10-31 11:52:00.516 [info] > git status -z -uall [25ms]
2023-10-31 11:52:05.534 [info] > git config --get commit.template [7ms]
2023-10-31 11:52:05.537 [info] > git for-each-ref --format=%(refname)%00%(upstream:short)%00%(objectname)%00%(upstream:track)%00%(upstream:remotename)%00%(upstream:remoteref) refs/heads/Vinicius refs/remotes/Vinicius [3ms]
2023-10-31 11:52:05.559 [info] > git status -z -uall [17ms]
2023-10-31 11:52:10.581 [info] > git config --get commit.template [8ms]
2023-10-31 11:52:10.584 [info] > git for-each-ref --format=%(refname)%00%(upstream:short)%00%(objectname)%00%(upstream:track)%00%(upstream:remotename)%00%(upstream:remoteref) refs/heads/Vinicius refs/remotes/Vinicius [4ms]
2023-10-31 11:52:10.608 [info] > git status -z -uall [18ms]
2023-10-31 11:52:16.218 [info] > git config --get commit.template [9ms]
2023-10-31 11:52:16.220 [info] > git for-each-ref --format=%(refname)%00%(upstream:short)%00%(objectname)%00%(upstream:track)%00%(upstream:remotename)%00%(upstream:remoteref) refs/heads/Vinicius refs/remotes/Vinicius [3ms]
2023-10-31 11:52:16.245 [info] > git status -z -uall [18ms]
2023-10-31 11:52:21.265 [info] > git config --get commit.template [9ms]
2023-10-31 11:52:21.267 [info] > git for-each-ref --format=%(refname)%00%(upstream:short)%00%(objectname)%00%(upstream:track)%00%(upstream:remotename)%00%(upstream:remoteref) refs/heads/Vinicius refs/remotes/Vinicius [3ms]
2023-10-31 11:52:21.290 [info] > git status -z -uall [18ms]
2023-10-31 11:52:32.615 [info] > git config --get commit.template [10ms]
2023-10-31 11:52:32.618 [info] > git for-each-ref --format=%(refname)%00%(upstream:short)%00%(objectname)%00%(upstream:track)%00%(upstream:remotename)%00%(upstream:remoteref) refs/heads/Vinicius refs/remotes/Vinicius [4ms]
2023-10-31 11:52:32.651 [info] > git status -z -uall [25ms]
2023-10-31 11:52:37.671 [info] > git config --get commit.template [7ms]
2023-10-31 11:52:37.673 [info] > git for-each-ref --format=%(refname)%00%(upstream:short)%00%(objectname)%00%(upstream:track)%00%(upstream:remotename)%00%(upstream:remoteref) refs/heads/Vinicius refs/remotes/Vinicius [3ms]
2023-10-31 11:52:37.705 [info] > git status -z -uall [22ms]
2023-10-31 11:52:47.216 [info] > git config --get commit.template [15ms]
2023-10-31 11:52:47.223 [info] > git for-each-ref --format=%(refname)%00%(upstream:short)%00%(objectname)%00%(upstream:track)%00%(upstream:remotename)%00%(upstream:remoteref) refs/heads/Vinicius refs/remotes/Vinicius [8ms]
2023-10-31 11:52:47.253 [info] > git status -z -uall [21ms]
2023-10-31 11:52:52.275 [info] > git config --get commit.template [11ms]
2023-10-31 11:52:52.278 [info] > git for-each-ref --format=%(refname)%00%(upstream:short)%00%(objectname)%00%(upstream:track)%00%(upstream:remotename)%00%(upstream:remoteref) refs/heads/Vinicius refs/remotes/Vinicius [4ms]
2023-10-31 11:52:52.302 [info] > git status -z -uall [19ms]
2023-10-31 11:53:01.225 [info] > git config --get commit.template [10ms]
2023-10-31 11:53:01.228 [info] > git for-each-ref --format=%(refname)%00%(upstream:short)%00%(objectname)%00%(upstream:track)%00%(upstream:remotename)%00%(upstream:remoteref) refs/heads/Vinicius refs/remotes/Vinicius [4ms]
2023-10-31 11:53:01.256 [info] > git status -z -uall [22ms]
2023-10-31 11:53:25.949 [info] > git config --get commit.template [9ms]
2023-10-31 11:53:25.953 [info] > git for-each-ref --format=%(refname)%00%(upstream:short)%00%(objectname)%00%(upstream:track)%00%(upstream:remotename)%00%(upstream:remoteref) refs/heads/Vinicius refs/remotes/Vinicius [5ms]
2023-10-31 11:53:25.994 [info] > git status -z -uall [27ms]
2023-10-31 11:53:31.015 [info] > git config --get commit.template [10ms]
2023-10-31 11:53:31.021 [info] > git for-each-ref --format=%(refname)%00%(upstream:short)%00%(objectname)%00%(upstream:track)%00%(upstream:remotename)%00%(upstream:remoteref) refs/heads/Vinicius refs/remotes/Vinicius [7ms]
2023-10-31 11:53:31.043 [info] > git status -z -uall [17ms]
2023-10-31 11:53:36.070 [info] > git config --get commit.template [14ms]
2023-10-31 11:53:36.074 [info] > git for-each-ref --format=%(refname)%00%(upstream:short)%00%(objectname)%00%(upstream:track)%00%(upstream:remotename)%00%(upstream:remoteref) refs/heads/Vinicius refs/remotes/Vinicius [6ms]
2023-10-31 11:53:36.109 [info] > git status -z -uall [26ms]
2023-10-31 11:53:41.233 [info] > git config --get commit.template [7ms]
2023-10-31 11:53:41.236 [info] > git for-each-ref --format=%(refname)%00%(upstream:short)%00%(objectname)%00%(upstream:track)%00%(upstream:remotename)%00%(upstream:remoteref) refs/heads/Vinicius refs/remotes/Vinicius [4ms]
2023-10-31 11:53:41.258 [info] > git status -z -uall [17ms]
2023-10-31 11:53:47.240 [info] > git config --get commit.template [7ms]
2023-10-31 11:53:47.242 [info] > git for-each-ref --format=%(refname)%00%(upstream:short)%00%(objectname)%00%(upstream:track)%00%(upstream:remotename)%00%(upstream:remoteref) refs/heads/Vinicius refs/remotes/Vinicius [3ms]
2023-10-31 11:53:47.265 [info] > git status -z -uall [18ms]
2023-10-31 11:53:52.340 [info] > git config --get commit.template [10ms]
2023-10-31 11:53:52.342 [info] > git for-each-ref --format=%(refname)%00%(upstream:short)%00%(objectname)%00%(upstream:track)%00%(upstream:remotename)%00%(upstream:remoteref) refs/heads/Vinicius refs/remotes/Vinicius [3ms]
2023-10-31 11:53:52.367 [info] > git status -z -uall [19ms]
2023-10-31 11:53:57.383 [info] > git config --get commit.template [6ms]
2023-10-31 11:53:57.385 [info] > git for-each-ref --format=%(refname)%00%(upstream:short)%00%(objectname)%00%(upstream:track)%00%(upstream:remotename)%00%(upstream:remoteref) refs/heads/Vinicius refs/remotes/Vinicius [2ms]
2023-10-31 11:53:57.407 [info] > git status -z -uall [17ms]
2023-10-31 11:54:02.427 [info] > git config --get commit.template [8ms]
2023-10-31 11:54:02.429 [info] > git for-each-ref --format=%(refname)%00%(upstream:short)%00%(objectname)%00%(upstream:track)%00%(upstream:remotename)%00%(upstream:remoteref) refs/heads/Vinicius refs/remotes/Vinicius [3ms]
2023-10-31 11:54:02.454 [info] > git status -z -uall [19ms]
2023-10-31 11:54:07.480 [info] > git config --get commit.template [12ms]
2023-10-31 11:54:07.483 [info] > git for-each-ref --format=%(refname)%00%(upstream:short)%00%(objectname)%00%(upstream:track)%00%(upstream:remotename)%00%(upstream:remoteref) refs/heads/Vinicius refs/remotes/Vinicius [4ms]
2023-10-31 11:54:07.517 [info] > git status -z -uall [26ms]
2023-10-31 11:54:19.240 [info] > git config --get commit.template [8ms]
2023-10-31 11:54:19.244 [info] > git for-each-ref --format=%(refname)%00%(upstream:short)%00%(objectname)%00%(upstream:track)%00%(upstream:remotename)%00%(upstream:remoteref) refs/heads/Vinicius refs/remotes/Vinicius [5ms]
2023-10-31 11:54:19.267 [info] > git status -z -uall [17ms]
2023-10-31 11:54:24.290 [info] > git config --get commit.template [10ms]
2023-10-31 11:54:24.293 [info] > git for-each-ref --format=%(refname)%00%(upstream:short)%00%(objectname)%00%(upstream:track)%00%(upstream:remotename)%00%(upstream:remoteref) refs/heads/Vinicius refs/remotes/Vinicius [3ms]
2023-10-31 11:54:24.316 [info] > git status -z -uall [19ms]
2023-10-31 11:54:32.247 [info] > git config --get commit.template [11ms]
2023-10-31 11:54:32.250 [info] > git for-each-ref --format=%(refname)%00%(upstream:short)%00%(objectname)%00%(upstream:track)%00%(upstream:remotename)%00%(upstream:remoteref) refs/heads/Vinicius refs/remotes/Vinicius [4ms]
2023-10-31 11:54:32.278 [info] > git status -z -uall [23ms]
2023-10-31 11:54:37.306 [info] > git config --get commit.template [12ms]
2023-10-31 11:54:37.309 [info] > git for-each-ref --format=%(refname)%00%(upstream:short)%00%(objectname)%00%(upstream:track)%00%(upstream:remotename)%00%(upstream:remoteref) refs/heads/Vinicius refs/remotes/Vinicius [5ms]
2023-10-31 11:54:37.366 [info] > git status -z -uall [48ms]
2023-10-31 11:54:42.385 [info] > git config --get commit.template [8ms]
2023-10-31 11:54:42.388 [info] > git for-each-ref --format=%(refname)%00%(upstream:short)%00%(objectname)%00%(upstream:track)%00%(upstream:remotename)%00%(upstream:remoteref) refs/heads/Vinicius refs/remotes/Vinicius [4ms]
2023-10-31 11:54:42.415 [info] > git status -z -uall [21ms]
2023-10-31 11:54:47.431 [info] > git config --get commit.template [7ms]
2023-10-31 11:54:47.434 [info] > git for-each-ref --format=%(refname)%00%(upstream:short)%00%(objectname)%00%(upstream:track)%00%(upstream:remotename)%00%(upstream:remoteref) refs/heads/Vinicius refs/remotes/Vinicius [4ms]
2023-10-31 11:54:47.457 [info] > git status -z -uall [18ms]
2023-10-31 11:55:08.598 [info] > git config --get commit.template [8ms]
2023-10-31 11:55:08.601 [info] > git for-each-ref --format=%(refname)%00%(upstream:short)%00%(objectname)%00%(upstream:track)%00%(upstream:remotename)%00%(upstream:remoteref) refs/heads/Vinicius refs/remotes/Vinicius [4ms]
2023-10-31 11:55:08.625 [info] > git status -z -uall [18ms]
2023-10-31 11:55:13.644 [info] > git config --get commit.template [7ms]
2023-10-31 11:55:13.646 [info] > git for-each-ref --format=%(refname)%00%(upstream:short)%00%(objectname)%00%(upstream:track)%00%(upstream:remotename)%00%(upstream:remoteref) refs/heads/Vinicius refs/remotes/Vinicius [3ms]
2023-10-31 11:55:13.668 [info] > git status -z -uall [17ms]
2023-10-31 11:55:19.225 [info] > git config --get commit.template [8ms]
2023-10-31 11:55:19.227 [info] > git for-each-ref --format=%(refname)%00%(upstream:short)%00%(objectname)%00%(upstream:track)%00%(upstream:remotename)%00%(upstream:remoteref) refs/heads/Vinicius refs/remotes/Vinicius [3ms]
2023-10-31 11:55:19.255 [info] > git status -z -uall [23ms]
2023-10-31 11:55:24.618 [info] > git config --get commit.template [7ms]
2023-10-31 11:55:24.620 [info] > git for-each-ref --format=%(refname)%00%(upstream:short)%00%(objectname)%00%(upstream:track)%00%(upstream:remotename)%00%(upstream:remoteref) refs/heads/Vinicius refs/remotes/Vinicius [3ms]
2023-10-31 11:55:24.643 [info] > git status -z -uall [18ms]
2023-10-31 11:55:29.663 [info] > git config --get commit.template [8ms]
2023-10-31 11:55:29.668 [info] > git for-each-ref --format=%(refname)%00%(upstream:short)%00%(objectname)%00%(upstream:track)%00%(upstream:remotename)%00%(upstream:remoteref) refs/heads/Vinicius refs/remotes/Vinicius [6ms]
2023-10-31 11:55:29.691 [info] > git status -z -uall [17ms]
2023-10-31 11:55:59.956 [info] > git config --get commit.template [13ms]
2023-10-31 11:55:59.959 [info] > git for-each-ref --format=%(refname)%00%(upstream:short)%00%(objectname)%00%(upstream:track)%00%(upstream:remotename)%00%(upstream:remoteref) refs/heads/Vinicius refs/remotes/Vinicius [4ms]
2023-10-31 11:55:59.994 [info] > git status -z -uall [27ms]
2023-10-31 11:56:05.014 [info] > git config --get commit.template [8ms]
2023-10-31 11:56:05.017 [info] > git for-each-ref --format=%(refname)%00%(upstream:short)%00%(objectname)%00%(upstream:track)%00%(upstream:remotename)%00%(upstream:remoteref) refs/heads/Vinicius refs/remotes/Vinicius [3ms]
2023-10-31 11:56:05.040 [info] > git status -z -uall [18ms]
2023-10-31 11:56:11.271 [info] > git config --get commit.template [9ms]
2023-10-31 11:56:11.273 [info] > git for-each-ref --format=%(refname)%00%(upstream:short)%00%(objectname)%00%(upstream:track)%00%(upstream:remotename)%00%(upstream:remoteref) refs/heads/Vinicius refs/remotes/Vinicius [3ms]
2023-10-31 11:56:11.297 [info] > git status -z -uall [17ms]
2023-10-31 11:56:16.315 [info] > git config --get commit.template [8ms]
2023-10-31 11:56:16.317 [info] > git for-each-ref --format=%(refname)%00%(upstream:short)%00%(objectname)%00%(upstream:track)%00%(upstream:remotename)%00%(upstream:remoteref) refs/heads/Vinicius refs/remotes/Vinicius [3ms]
2023-10-31 11:56:16.342 [info] > git status -z -uall [20ms]
2023-10-31 11:56:22.261 [info] > git config --get commit.template [7ms]
2023-10-31 11:56:22.265 [info] > git for-each-ref --format=%(refname)%00%(upstream:short)%00%(objectname)%00%(upstream:track)%00%(upstream:remotename)%00%(upstream:remoteref) refs/heads/Vinicius refs/remotes/Vinicius [4ms]
2023-10-31 11:56:22.288 [info] > git status -z -uall [18ms]
2023-10-31 11:56:27.308 [info] > git config --get commit.template [9ms]
2023-10-31 11:56:27.313 [info] > git for-each-ref --format=%(refname)%00%(upstream:short)%00%(objectname)%00%(upstream:track)%00%(upstream:remotename)%00%(upstream:remoteref) refs/heads/Vinicius refs/remotes/Vinicius [5ms]
2023-10-31 11:56:27.340 [info] > git status -z -uall [20ms]
2023-10-31 11:56:32.363 [info] > git config --get commit.template [9ms]
2023-10-31 11:56:32.365 [info] > git for-each-ref --format=%(refname)%00%(upstream:short)%00%(objectname)%00%(upstream:track)%00%(upstream:remotename)%00%(upstream:remoteref) refs/heads/Vinicius refs/remotes/Vinicius [3ms]
2023-10-31 11:56:32.389 [info] > git status -z -uall [19ms]
2023-10-31 11:56:37.406 [info] > git config --get commit.template [8ms]
2023-10-31 11:56:37.409 [info] > git for-each-ref --format=%(refname)%00%(upstream:short)%00%(objectname)%00%(upstream:track)%00%(upstream:remotename)%00%(upstream:remoteref) refs/heads/Vinicius refs/remotes/Vinicius [4ms]
2023-10-31 11:56:37.433 [info] > git status -z -uall [19ms]
2023-10-31 11:56:42.455 [info] > git config --get commit.template [9ms]
2023-10-31 11:56:42.457 [info] > git for-each-ref --format=%(refname)%00%(upstream:short)%00%(objectname)%00%(upstream:track)%00%(upstream:remotename)%00%(upstream:remoteref) refs/heads/Vinicius refs/remotes/Vinicius [3ms]
2023-10-31 11:56:42.482 [info] > git status -z -uall [19ms]
2023-10-31 11:56:47.509 [info] > git config --get commit.template [11ms]
2023-10-31 11:56:47.511 [info] > git for-each-ref --format=%(refname)%00%(upstream:short)%00%(objectname)%00%(upstream:track)%00%(upstream:remotename)%00%(upstream:remoteref) refs/heads/Vinicius refs/remotes/Vinicius [3ms]
2023-10-31 11:56:47.535 [info] > git status -z -uall [18ms]
2023-10-31 11:56:52.552 [info] > git config --get commit.template [7ms]
2023-10-31 11:56:52.555 [info] > git for-each-ref --format=%(refname)%00%(upstream:short)%00%(objectname)%00%(upstream:track)%00%(upstream:remotename)%00%(upstream:remoteref) refs/heads/Vinicius refs/remotes/Vinicius [3ms]
2023-10-31 11:56:52.579 [info] > git status -z -uall [18ms]
2023-10-31 11:56:57.595 [info] > git config --get commit.template [8ms]
2023-10-31 11:56:57.598 [info] > git for-each-ref --format=%(refname)%00%(upstream:short)%00%(objectname)%00%(upstream:track)%00%(upstream:remotename)%00%(upstream:remoteref) refs/heads/Vinicius refs/remotes/Vinicius [3ms]
2023-10-31 11:56:57.620 [info] > git status -z -uall [17ms]
2023-10-31 11:58:23.294 [info] > git config --get commit.template [7ms]
2023-10-31 11:58:23.296 [info] > git for-each-ref --format=%(refname)%00%(upstream:short)%00%(objectname)%00%(upstream:track)%00%(upstream:remotename)%00%(upstream:remoteref) refs/heads/Vinicius refs/remotes/Vinicius [3ms]
2023-10-31 11:58:23.323 [info] > git status -z -uall [21ms]
2023-10-31 11:58:28.339 [info] > git config --get commit.template [7ms]
2023-10-31 11:58:28.342 [info] > git for-each-ref --format=%(refname)%00%(upstream:short)%00%(objectname)%00%(upstream:track)%00%(upstream:remotename)%00%(upstream:remoteref) refs/heads/Vinicius refs/remotes/Vinicius [3ms]
2023-10-31 11:58:28.368 [info] > git status -z -uall [18ms]
2023-10-31 11:58:33.383 [info] > git config --get commit.template [6ms]
2023-10-31 11:58:33.386 [info] > git for-each-ref --format=%(refname)%00%(upstream:short)%00%(objectname)%00%(upstream:track)%00%(upstream:remotename)%00%(upstream:remoteref) refs/heads/Vinicius refs/remotes/Vinicius [3ms]
2023-10-31 11:58:33.409 [info] > git status -z -uall [19ms]
2023-10-31 11:58:38.426 [info] > git config --get commit.template [7ms]
2023-10-31 11:58:38.428 [info] > git for-each-ref --format=%(refname)%00%(upstream:short)%00%(objectname)%00%(upstream:track)%00%(upstream:remotename)%00%(upstream:remoteref) refs/heads/Vinicius refs/remotes/Vinicius [3ms]
2023-10-31 11:58:38.452 [info] > git status -z -uall [18ms]
2023-10-31 11:58:40.275 [info] > git ls-files --stage -- /var/www/clients/client2/web2/web/sistema/adsgrupo06/CodeIgniter/app/Config/Toolbar.php [6ms]
2023-10-31 11:58:40.289 [info] > git show --textconv :CodeIgniter/app/Config/Toolbar.php [30ms]
2023-10-31 11:58:40.294 [info] > git cat-file -s 7183e1336a28a4b9e37283cf267310c75d77d5ac [6ms]
2023-10-31 11:58:43.215 [info] > git show --textconv :CodeIgniter/app/Config/Database.php [9ms]
2023-10-31 11:58:43.218 [info] > git ls-files --stage -- /var/www/clients/client2/web2/web/sistema/adsgrupo06/CodeIgniter/app/Config/Database.php [5ms]
2023-10-31 11:58:43.225 [info] > git cat-file -s 1f41a2fa6d5e4ebc80ff93bd7ed0f8c799e6bc6f [2ms]
2023-10-31 11:58:43.482 [info] > git config --get commit.template [15ms]
2023-10-31 11:58:43.485 [info] > git for-each-ref --format=%(refname)%00%(upstream:short)%00%(objectname)%00%(upstream:track)%00%(upstream:remotename)%00%(upstream:remoteref) refs/heads/Vinicius refs/remotes/Vinicius [5ms]
2023-10-31 11:58:43.520 [info] > git status -z -uall [26ms]
2023-10-31 11:58:48.536 [info] > git config --get commit.template [6ms]
2023-10-31 11:58:48.539 [info] > git for-each-ref --format=%(refname)%00%(upstream:short)%00%(objectname)%00%(upstream:track)%00%(upstream:remotename)%00%(upstream:remoteref) refs/heads/Vinicius refs/remotes/Vinicius [3ms]
2023-10-31 11:58:48.563 [info] > git status -z -uall [18ms]
2023-10-31 11:58:53.581 [info] > git config --get commit.template [7ms]
2023-10-31 11:58:53.583 [info] > git for-each-ref --format=%(refname)%00%(upstream:short)%00%(objectname)%00%(upstream:track)%00%(upstream:remotename)%00%(upstream:remoteref) refs/heads/Vinicius refs/remotes/Vinicius [3ms]
2023-10-31 11:58:53.609 [info] > git status -z -uall [21ms]
2023-10-31 11:58:58.625 [info] > git config --get commit.template [7ms]
2023-10-31 11:58:58.628 [info] > git for-each-ref --format=%(refname)%00%(upstream:short)%00%(objectname)%00%(upstream:track)%00%(upstream:remotename)%00%(upstream:remoteref) refs/heads/Vinicius refs/remotes/Vinicius [3ms]
2023-10-31 11:58:58.651 [info] > git status -z -uall [17ms]
2023-10-31 11:59:03.666 [info] > git config --get commit.template [8ms]
2023-10-31 11:59:03.668 [info] > git for-each-ref --format=%(refname)%00%(upstream:short)%00%(objectname)%00%(upstream:track)%00%(upstream:remotename)%00%(upstream:remoteref) refs/heads/Vinicius refs/remotes/Vinicius [3ms]
2023-10-31 11:59:03.692 [info] > git status -z -uall [19ms]
2023-10-31 11:59:08.710 [info] > git config --get commit.template [7ms]
2023-10-31 11:59:08.712 [info] > git for-each-ref --format=%(refname)%00%(upstream:short)%00%(objectname)%00%(upstream:track)%00%(upstream:remotename)%00%(upstream:remoteref) refs/heads/Vinicius refs/remotes/Vinicius [3ms]
2023-10-31 11:59:08.735 [info] > git status -z -uall [18ms]
2023-10-31 11:59:13.753 [info] > git config --get commit.template [8ms]
2023-10-31 11:59:13.755 [info] > git for-each-ref --format=%(refname)%00%(upstream:short)%00%(objectname)%00%(upstream:track)%00%(upstream:remotename)%00%(upstream:remoteref) refs/heads/Vinicius refs/remotes/Vinicius [4ms]
2023-10-31 11:59:13.778 [info] > git status -z -uall [18ms]
2023-10-31 11:59:18.794 [info] > git config --get commit.template [7ms]
2023-10-31 11:59:18.796 [info] > git for-each-ref --format=%(refname)%00%(upstream:short)%00%(objectname)%00%(upstream:track)%00%(upstream:remotename)%00%(upstream:remoteref) refs/heads/Vinicius refs/remotes/Vinicius [3ms]
2023-10-31 11:59:18.820 [info] > git status -z -uall [19ms]
2023-10-31 11:59:23.840 [info] > git config --get commit.template [9ms]
2023-10-31 11:59:23.842 [info] > git for-each-ref --format=%(refname)%00%(upstream:short)%00%(objectname)%00%(upstream:track)%00%(upstream:remotename)%00%(upstream:remoteref) refs/heads/Vinicius refs/remotes/Vinicius [3ms]
2023-10-31 11:59:23.864 [info] > git status -z -uall [17ms]
2023-10-31 11:59:28.881 [info] > git config --get commit.template [7ms]
2023-10-31 11:59:28.883 [info] > git for-each-ref --format=%(refname)%00%(upstream:short)%00%(objectname)%00%(upstream:track)%00%(upstream:remotename)%00%(upstream:remoteref) refs/heads/Vinicius refs/remotes/Vinicius [3ms]
2023-10-31 11:59:28.905 [info] > git status -z -uall [17ms]
2023-10-31 11:59:33.925 [info] > git config --get commit.template [9ms]
2023-10-31 11:59:33.927 [info] > git for-each-ref --format=%(refname)%00%(upstream:short)%00%(objectname)%00%(upstream:track)%00%(upstream:remotename)%00%(upstream:remoteref) refs/heads/Vinicius refs/remotes/Vinicius [3ms]
2023-10-31 11:59:33.950 [info] > git status -z -uall [18ms]
2023-10-31 11:59:38.966 [info] > git config --get commit.template [7ms]
2023-10-31 11:59:38.969 [info] > git for-each-ref --format=%(refname)%00%(upstream:short)%00%(objectname)%00%(upstream:track)%00%(upstream:remotename)%00%(upstream:remoteref) refs/heads/Vinicius refs/remotes/Vinicius [3ms]
2023-10-31 11:59:38.993 [info] > git status -z -uall [18ms]
2023-10-31 11:59:44.011 [info] > git config --get commit.template [7ms]
2023-10-31 11:59:44.015 [info] > git for-each-ref --format=%(refname)%00%(upstream:short)%00%(objectname)%00%(upstream:track)%00%(upstream:remotename)%00%(upstream:remoteref) refs/heads/Vinicius refs/remotes/Vinicius [5ms]
2023-10-31 11:59:44.039 [info] > git status -z -uall [19ms]
2023-10-31 11:59:49.064 [info] > git config --get commit.template [8ms]
2023-10-31 11:59:49.066 [info] > git for-each-ref --format=%(refname)%00%(upstream:short)%00%(objectname)%00%(upstream:track)%00%(upstream:remotename)%00%(upstream:remoteref) refs/heads/Vinicius refs/remotes/Vinicius [3ms]
2023-10-31 11:59:49.091 [info] > git status -z -uall [18ms]
2023-10-31 11:59:54.109 [info] > git config --get commit.template [9ms]
2023-10-31 11:59:54.111 [info] > git for-each-ref --format=%(refname)%00%(upstream:short)%00%(objectname)%00%(upstream:track)%00%(upstream:remotename)%00%(upstream:remoteref) refs/heads/Vinicius refs/remotes/Vinicius [3ms]
2023-10-31 11:59:54.136 [info] > git status -z -uall [19ms]
2023-10-31 11:59:59.154 [info] > git config --get commit.template [8ms]
2023-10-31 11:59:59.156 [info] > git for-each-ref --format=%(refname)%00%(upstream:short)%00%(objectname)%00%(upstream:track)%00%(upstream:remotename)%00%(upstream:remoteref) refs/heads/Vinicius refs/remotes/Vinicius [3ms]
2023-10-31 11:59:59.179 [info] > git status -z -uall [18ms]
2023-10-31 12:00:04.211 [info] > git config --get commit.template [12ms]
2023-10-31 12:00:04.214 [info] > git for-each-ref --format=%(refname)%00%(upstream:short)%00%(objectname)%00%(upstream:track)%00%(upstream:remotename)%00%(upstream:remoteref) refs/heads/Vinicius refs/remotes/Vinicius [4ms]
2023-10-31 12:00:04.504 [info] > git status -z -uall [282ms]
2023-10-31 12:00:09.538 [info] > git config --get commit.template [12ms]
2023-10-31 12:00:09.541 [info] > git for-each-ref --format=%(refname)%00%(upstream:short)%00%(objectname)%00%(upstream:track)%00%(upstream:remotename)%00%(upstream:remoteref) refs/heads/Vinicius refs/remotes/Vinicius [4ms]
2023-10-31 12:00:09.575 [info] > git status -z -uall [26ms]
2023-10-31 12:00:14.631 [info] > git config --get commit.template [22ms]
2023-10-31 12:00:14.634 [info] > git for-each-ref --format=%(refname)%00%(upstream:short)%00%(objectname)%00%(upstream:track)%00%(upstream:remotename)%00%(upstream:remoteref) refs/heads/Vinicius refs/remotes/Vinicius [12ms]
2023-10-31 12:00:14.921 [info] > git status -z -uall [276ms]
2023-10-31 12:00:19.941 [info] > git config --get commit.template [8ms]
2023-10-31 12:00:19.944 [info] > git for-each-ref --format=%(refname)%00%(upstream:short)%00%(objectname)%00%(upstream:track)%00%(upstream:remotename)%00%(upstream:remoteref) refs/heads/Vinicius refs/remotes/Vinicius [4ms]
2023-10-31 12:00:19.967 [info] > git status -z -uall [18ms]
2023-10-31 12:00:24.984 [info] > git config --get commit.template [8ms]
2023-10-31 12:00:24.987 [info] > git for-each-ref --format=%(refname)%00%(upstream:short)%00%(objectname)%00%(upstream:track)%00%(upstream:remotename)%00%(upstream:remoteref) refs/heads/Vinicius refs/remotes/Vinicius [3ms]
2023-10-31 12:00:25.011 [info] > git status -z -uall [19ms]
2023-10-31 12:00:30.030 [info] > git config --get commit.template [7ms]
2023-10-31 12:00:30.033 [info] > git for-each-ref --format=%(refname)%00%(upstream:short)%00%(objectname)%00%(upstream:track)%00%(upstream:remotename)%00%(upstream:remoteref) refs/heads/Vinicius refs/remotes/Vinicius [3ms]
2023-10-31 12:00:30.059 [info] > git status -z -uall [21ms]
2023-10-31 12:00:35.074 [info] > git config --get commit.template [7ms]
2023-10-31 12:00:35.076 [info] > git for-each-ref --format=%(refname)%00%(upstream:short)%00%(objectname)%00%(upstream:track)%00%(upstream:remotename)%00%(upstream:remoteref) refs/heads/Vinicius refs/remotes/Vinicius [3ms]
2023-10-31 12:00:35.099 [info] > git status -z -uall [18ms]
2023-10-31 12:00:40.120 [info] > git config --get commit.template [9ms]
2023-10-31 12:00:40.123 [info] > git for-each-ref --format=%(refname)%00%(upstream:short)%00%(objectname)%00%(upstream:track)%00%(upstream:remotename)%00%(upstream:remoteref) refs/heads/Vinicius refs/remotes/Vinicius [5ms]
2023-10-31 12:00:40.148 [info] > git status -z -uall [19ms]
2023-10-31 12:14:17.925 [info] > git config --get commit.template [16ms]
2023-10-31 12:14:17.928 [info] > git for-each-ref --format=%(refname)%00%(upstream:short)%00%(objectname)%00%(upstream:track)%00%(upstream:remotename)%00%(upstream:remoteref) refs/heads/Vinicius refs/remotes/Vinicius [11ms]
2023-10-31 12:14:17.985 [info] > git status -z -uall [52ms]
2023-10-31 12:14:23.006 [info] > git config --get commit.template [11ms]
2023-10-31 12:14:23.009 [info] > git for-each-ref --format=%(refname)%00%(upstream:short)%00%(objectname)%00%(upstream:track)%00%(upstream:remotename)%00%(upstream:remoteref) refs/heads/Vinicius refs/remotes/Vinicius [4ms]
2023-10-31 12:14:23.033 [info] > git status -z -uall [19ms]
2023-10-31 12:14:28.049 [info] > git config --get commit.template [7ms]
2023-10-31 12:14:28.052 [info] > git for-each-ref --format=%(refname)%00%(upstream:short)%00%(objectname)%00%(upstream:track)%00%(upstream:remotename)%00%(upstream:remoteref) refs/heads/Vinicius refs/remotes/Vinicius [4ms]
2023-10-31 12:14:28.075 [info] > git status -z -uall [19ms]
2023-10-31 12:14:33.095 [info] > git config --get commit.template [9ms]
2023-10-31 12:14:33.099 [info] > git for-each-ref --format=%(refname)%00%(upstream:short)%00%(objectname)%00%(upstream:track)%00%(upstream:remotename)%00%(upstream:remoteref) refs/heads/Vinicius refs/remotes/Vinicius [5ms]
2023-10-31 12:14:33.122 [info] > git status -z -uall [18ms]
2023-10-31 12:14:38.146 [info] > git config --get commit.template [11ms]
2023-10-31 12:14:38.149 [info] > git for-each-ref --format=%(refname)%00%(upstream:short)%00%(objectname)%00%(upstream:track)%00%(upstream:remotename)%00%(upstream:remoteref) refs/heads/Vinicius refs/remotes/Vinicius [5ms]
2023-10-31 12:14:38.184 [info] > git status -z -uall [26ms]
2023-10-31 12:14:43.211 [info] > git config --get commit.template [11ms]
2023-10-31 12:14:43.215 [info] > git for-each-ref --format=%(refname)%00%(upstream:short)%00%(objectname)%00%(upstream:track)%00%(upstream:remotename)%00%(upstream:remoteref) refs/heads/Vinicius refs/remotes/Vinicius [5ms]
2023-10-31 12:14:43.247 [info] > git status -z -uall [24ms]
2023-10-31 12:14:48.267 [info] > git config --get commit.template [8ms]
2023-10-31 12:14:48.270 [info] > git for-each-ref --format=%(refname)%00%(upstream:short)%00%(objectname)%00%(upstream:track)%00%(upstream:remotename)%00%(upstream:remoteref) refs/heads/Vinicius refs/remotes/Vinicius [4ms]
2023-10-31 12:14:48.293 [info] > git status -z -uall [18ms]
2023-10-31 12:14:48.818 [info] > git ls-files --stage -- /var/www/clients/client2/web2/web/sistema/adsgrupo06/CodeIgniter/app/Config/Database.php [4ms]
2023-10-31 12:14:48.825 [info] > git cat-file -s 1f41a2fa6d5e4ebc80ff93bd7ed0f8c799e6bc6f [2ms]
2023-10-31 12:14:49.069 [info] > git show --textconv :CodeIgniter/app/Config/Database.php [4ms]
2023-10-31 12:14:53.311 [info] > git config --get commit.template [7ms]
2023-10-31 12:14:53.313 [info] > git for-each-ref --format=%(refname)%00%(upstream:short)%00%(objectname)%00%(upstream:track)%00%(upstream:remotename)%00%(upstream:remoteref) refs/heads/Vinicius refs/remotes/Vinicius [3ms]
2023-10-31 12:14:53.336 [info] > git status -z -uall [17ms]
2023-10-31 12:14:58.359 [info] > git config --get commit.template [10ms]
2023-10-31 12:14:58.363 [info] > git for-each-ref --format=%(refname)%00%(upstream:short)%00%(objectname)%00%(upstream:track)%00%(upstream:remotename)%00%(upstream:remoteref) refs/heads/Vinicius refs/remotes/Vinicius [4ms]
2023-10-31 12:14:58.393 [info] > git status -z -uall [24ms]
2023-10-31 12:15:03.412 [info] > git config --get commit.template [8ms]
2023-10-31 12:15:03.414 [info] > git for-each-ref --format=%(refname)%00%(upstream:short)%00%(objectname)%00%(upstream:track)%00%(upstream:remotename)%00%(upstream:remoteref) refs/heads/Vinicius refs/remotes/Vinicius [3ms]
2023-10-31 12:15:03.438 [info] > git status -z -uall [18ms]
