[Info  - 6:57:41 PM] Initialising intelephense 1.10.1
[Info  - 6:57:41 PM] Reading state from /var/www/clients/client2/web2/web/sistema/adsgrupo06/.vscode-server/data/User/workspaceStorage/9b3cef0c395bd085f4695430ae95afb4/bmewburn.vscode-intelephense-client/2c48acd2.
[Info  - 6:57:43 PM] Initialised in 1473 ms
[Info  - 6:57:44 PM] Searching file:///var/www/clients/client2/web2/web/sistema/adsgrupo06/.vscode-server/extensions/bmewburn.vscode-intelephense-client-1.10.1/node_modules/intelephense/lib/stub for files to index.
[Info  - 6:57:44 PM] Searching file:///var/www/clients/client2/web2/web/sistema/adsgrupo06 for files to index.
[Info  - 6:57:46 PM] Indexing started.
[Info  - 6:57:47 PM] Indexing ended. 98 files indexed in 0s.
[Info  - 6:57:47 PM] Writing state to /var/www/clients/client2/web2/web/sistema/adsgrupo06/.vscode-server/data/User/workspaceStorage/9b3cef0c395bd085f4695430ae95afb4/bmewburn.vscode-intelephense-client/2c48acd2.
[Info  - 6:57:48 PM] Searching file:///var/www/clients/client2/web2/web/sistema/adsgrupo06/.vscode-server/data/logs/20231120T185733/exthost1/output_logging_20231120T185738 for files to index.
[Info  - 6:57:48 PM] Searching file:///var/www/clients/client2/web2/web/sistema/adsgrupo06/.vscode-server/data/logs/20231120T185733/exthost1/vscode.git for files to index.
[Info  - 6:57:48 PM] Searching file:///var/www/clients/client2/web2/web/sistema/adsgrupo06/.vscode-server/data/logs/20231120T185733/exthost1/vscode.github for files to index.
[Info  - 6:57:48 PM] Wrote state in 2.4s.
[Info  - 7:12:03 PM] Indexing started.
[Info  - 7:12:03 PM] Indexing ended. 1 files indexed in 0s.
[Info  - 7:13:42 PM] Indexing started.
[Info  - 7:13:42 PM] Indexing ended. 1 files indexed in 0s.
[Info  - 7:14:11 PM] Indexing started.
[Info  - 7:14:11 PM] Indexing ended. 1 files indexed in 0s.
[Info  - 7:14:54 PM] Indexing started.
[Info  - 7:14:54 PM] Indexing ended. 1 files indexed in 0s.
[Info  - 7:15:04 PM] Indexing started.
[Info  - 7:15:04 PM] Indexing ended. 1 files indexed in 0s.
[Info  - 7:15:08 PM] Indexing started.
[Info  - 7:15:08 PM] Indexing ended. 1 files indexed in 0s.
[Info  - 7:15:30 PM] Indexing started.
[Info  - 7:15:30 PM] Indexing ended. 1 files indexed in 0s.
[Info  - 7:16:01 PM] Indexing started.
[Info  - 7:16:01 PM] Indexing ended. 1 files indexed in 0s.
