2023-11-03 23:52:21.353 [info] Extension host with pid 2123 started
2023-11-03 23:52:21.391 [info] Lock '/var/www/clients/client2/web2/web/sistema/adsgrupo06/.vscode-server/data/User/workspaceStorage/9b3cef0c395bd085f4695430ae95afb4/vscode.lock': Lock acquired.
2023-11-03 23:52:21.830 [info] ExtensionService#_doActivateExtension vscode.emmet, startup: false, activationEvent: 'onLanguage'
2023-11-03 23:52:21.832 [info] ExtensionService#_doActivateExtension vscode.php-language-features, startup: false, activationEvent: 'onLanguage:php'
2023-11-03 23:52:22.407 [info] ExtensionService#_doActivateExtension vscode.git-base, startup: true, activationEvent: '*', root cause: vscode.git
2023-11-03 23:52:22.835 [info] ExtensionService#_doActivateExtension vscode.git, startup: true, activationEvent: '*'
2023-11-03 23:52:22.836 [info] ExtensionService#_doActivateExtension vscode.github, startup: true, activationEvent: '*'
2023-11-03 23:52:23.650 [info] Eager extensions activated
2023-11-03 23:52:23.658 [info] ExtensionService#_doActivateExtension vscode.debug-auto-launch, startup: false, activationEvent: 'onStartupFinished'
2023-11-03 23:52:23.658 [info] ExtensionService#_doActivateExtension vscode.merge-conflict, startup: false, activationEvent: 'onStartupFinished'
2023-11-03 23:52:24.101 [warning] [Decorations] CAPPING events from decorations provider vscode.git 1174
2023-11-03 23:52:25.087 [warning] [Decorations] CAPPING events from decorations provider vscode.git 1174
2023-11-03 23:52:26.385 [warning] [Decorations] CAPPING events from decorations provider vscode.git 1174
2023-11-03 23:52:31.668 [warning] [Decorations] CAPPING events from decorations provider vscode.git 1174
2023-11-03 23:52:36.763 [warning] [Decorations] CAPPING events from decorations provider vscode.git 1174
2023-11-03 23:52:41.867 [warning] [Decorations] CAPPING events from decorations provider vscode.git 1177
2023-11-04 00:05:07.445 [warning] [Decorations] CAPPING events from decorations provider vscode.git 1177
2023-11-04 00:05:12.686 [warning] [Decorations] CAPPING events from decorations provider vscode.git 1176
2023-11-04 00:05:17.787 [warning] [Decorations] CAPPING events from decorations provider vscode.git 1176
2023-11-04 00:05:22.873 [warning] [Decorations] CAPPING events from decorations provider vscode.git 1176
2023-11-04 00:05:27.954 [warning] [Decorations] CAPPING events from decorations provider vscode.git 1176
2023-11-04 00:05:33.044 [warning] [Decorations] CAPPING events from decorations provider vscode.git 1176
2023-11-04 00:06:04.886 [warning] [Decorations] CAPPING events from decorations provider vscode.git 1176
2023-11-04 00:06:09.971 [warning] [Decorations] CAPPING events from decorations provider vscode.git 1176
2023-11-04 00:06:15.060 [warning] [Decorations] CAPPING events from decorations provider vscode.git 1176
2023-11-04 00:06:20.184 [warning] [Decorations] CAPPING events from decorations provider vscode.git 1176
2023-11-04 00:06:25.272 [warning] [Decorations] CAPPING events from decorations provider vscode.git 1176
2023-11-04 00:06:30.370 [warning] [Decorations] CAPPING events from decorations provider vscode.git 1179
2023-11-04 00:06:35.489 [warning] [Decorations] CAPPING events from decorations provider vscode.git 1179
2023-11-04 00:06:40.576 [warning] [Decorations] CAPPING events from decorations provider vscode.git 1180
2023-11-04 00:06:52.254 [warning] [Decorations] CAPPING events from decorations provider vscode.git 1180
2023-11-04 00:07:00.236 [warning] [Decorations] CAPPING events from decorations provider vscode.git 1180
2023-11-04 00:07:40.904 [warning] [Decorations] CAPPING events from decorations provider vscode.git 1180
2023-11-04 00:07:46.041 [warning] [Decorations] CAPPING events from decorations provider vscode.git 1180
2023-11-04 00:07:51.128 [warning] [Decorations] CAPPING events from decorations provider vscode.git 1180
2023-11-04 00:07:56.214 [warning] [Decorations] CAPPING events from decorations provider vscode.git 1180
2023-11-04 00:08:01.450 [warning] [Decorations] CAPPING events from decorations provider vscode.git 1180
2023-11-04 00:08:06.549 [warning] [Decorations] CAPPING events from decorations provider vscode.git 1180
2023-11-04 00:08:11.628 [warning] [Decorations] CAPPING events from decorations provider vscode.git 1180
2023-11-04 00:08:16.715 [warning] [Decorations] CAPPING events from decorations provider vscode.git 1180
2023-11-04 00:08:21.818 [warning] [Decorations] CAPPING events from decorations provider vscode.git 1180
2023-11-04 00:08:26.919 [warning] [Decorations] CAPPING events from decorations provider vscode.git 1183
2023-11-04 00:08:32.018 [warning] [Decorations] CAPPING events from decorations provider vscode.git 1183
2023-11-04 00:08:37.102 [warning] [Decorations] CAPPING events from decorations provider vscode.git 1184
2023-11-04 00:08:42.225 [warning] [Decorations] CAPPING events from decorations provider vscode.git 1185
2023-11-04 00:08:47.322 [warning] [Decorations] CAPPING events from decorations provider vscode.git 1185
2023-11-04 00:08:52.405 [warning] [Decorations] CAPPING events from decorations provider vscode.git 1185
2023-11-04 00:08:57.480 [warning] [Decorations] CAPPING events from decorations provider vscode.git 1185
2023-11-04 00:09:02.572 [warning] [Decorations] CAPPING events from decorations provider vscode.git 1185
2023-11-04 00:09:07.656 [warning] [Decorations] CAPPING events from decorations provider vscode.git 1185
2023-11-04 00:09:12.740 [warning] [Decorations] CAPPING events from decorations provider vscode.git 1185
2023-11-04 00:09:17.872 [warning] [Decorations] CAPPING events from decorations provider vscode.git 1185
2023-11-04 00:09:22.965 [warning] [Decorations] CAPPING events from decorations provider vscode.git 1185
2023-11-04 00:09:28.082 [warning] [Decorations] CAPPING events from decorations provider vscode.git 1185
2023-11-04 00:09:33.176 [warning] [Decorations] CAPPING events from decorations provider vscode.git 1186
2023-11-04 00:09:38.266 [warning] [Decorations] CAPPING events from decorations provider vscode.git 1186
2023-11-04 00:09:43.347 [warning] [Decorations] CAPPING events from decorations provider vscode.git 1186
2023-11-04 00:09:48.434 [warning] [Decorations] CAPPING events from decorations provider vscode.git 1186
2023-11-04 00:09:53.515 [warning] [Decorations] CAPPING events from decorations provider vscode.git 1186
2023-11-04 00:09:58.596 [warning] [Decorations] CAPPING events from decorations provider vscode.git 1186
2023-11-04 00:10:03.688 [warning] [Decorations] CAPPING events from decorations provider vscode.git 1186
2023-11-04 00:10:08.774 [warning] [Decorations] CAPPING events from decorations provider vscode.git 1186
2023-11-04 00:10:13.864 [warning] [Decorations] CAPPING events from decorations provider vscode.git 1187
2023-11-04 00:10:18.949 [warning] [Decorations] CAPPING events from decorations provider vscode.git 1187
2023-11-04 00:10:33.631 [warning] [Decorations] CAPPING events from decorations provider vscode.git 1187
2023-11-04 00:10:42.647 [warning] [Decorations] CAPPING events from decorations provider vscode.git 1187
2023-11-04 00:10:47.742 [warning] [Decorations] CAPPING events from decorations provider vscode.git 1187
2023-11-04 00:10:56.641 [warning] [Decorations] CAPPING events from decorations provider vscode.git 1188
2023-11-04 00:11:02.640 [warning] [Decorations] CAPPING events from decorations provider vscode.git 1188
2023-11-04 00:11:07.784 [warning] [Decorations] CAPPING events from decorations provider vscode.git 1188
2023-11-04 00:11:12.869 [warning] [Decorations] CAPPING events from decorations provider vscode.git 1188
2023-11-04 00:11:17.957 [warning] [Decorations] CAPPING events from decorations provider vscode.git 1188
2023-11-04 00:11:23.046 [warning] [Decorations] CAPPING events from decorations provider vscode.git 1189
2023-11-04 00:11:28.135 [warning] [Decorations] CAPPING events from decorations provider vscode.git 1189
2023-11-04 00:11:33.212 [warning] [Decorations] CAPPING events from decorations provider vscode.git 1190
2023-11-04 00:11:38.305 [warning] [Decorations] CAPPING events from decorations provider vscode.git 1189
2023-11-04 00:11:43.389 [warning] [Decorations] CAPPING events from decorations provider vscode.git 1189
2023-11-04 00:11:48.470 [warning] [Decorations] CAPPING events from decorations provider vscode.git 1191
2023-11-04 00:11:53.554 [warning] [Decorations] CAPPING events from decorations provider vscode.git 1192
2023-11-04 00:11:58.641 [warning] [Decorations] CAPPING events from decorations provider vscode.git 1192
2023-11-04 00:12:03.913 [warning] [Decorations] CAPPING events from decorations provider vscode.git 1192
2023-11-04 00:12:09.001 [warning] [Decorations] CAPPING events from decorations provider vscode.git 1193
2023-11-04 00:12:16.962 [warning] [Decorations] CAPPING events from decorations provider vscode.git 1193
2023-11-04 00:12:22.055 [warning] [Decorations] CAPPING events from decorations provider vscode.git 1193
2023-11-04 00:12:27.150 [warning] [Decorations] CAPPING events from decorations provider vscode.git 1193
2023-11-04 00:12:32.238 [warning] [Decorations] CAPPING events from decorations provider vscode.git 1193
2023-11-04 00:12:37.327 [warning] [Decorations] CAPPING events from decorations provider vscode.git 1194
2023-11-04 00:12:42.430 [warning] [Decorations] CAPPING events from decorations provider vscode.git 1195
2023-11-04 00:12:47.508 [warning] [Decorations] CAPPING events from decorations provider vscode.git 1195
2023-11-04 00:12:52.586 [warning] [Decorations] CAPPING events from decorations provider vscode.git 1195
2023-11-04 00:12:57.679 [warning] [Decorations] CAPPING events from decorations provider vscode.git 1195
2023-11-04 00:13:02.764 [warning] [Decorations] CAPPING events from decorations provider vscode.git 1195
2023-11-04 00:13:07.850 [warning] [Decorations] CAPPING events from decorations provider vscode.git 1195
2023-11-04 00:13:12.955 [warning] [Decorations] CAPPING events from decorations provider vscode.git 1196
2023-11-04 00:13:20.693 [warning] [Decorations] CAPPING events from decorations provider vscode.git 1196
2023-11-04 00:13:25.777 [warning] [Decorations] CAPPING events from decorations provider vscode.git 1196
2023-11-04 00:13:30.869 [warning] [Decorations] CAPPING events from decorations provider vscode.git 1196
2023-11-04 00:13:35.957 [warning] [Decorations] CAPPING events from decorations provider vscode.git 1197
2023-11-04 00:13:41.045 [warning] [Decorations] CAPPING events from decorations provider vscode.git 1197
2023-11-04 00:13:46.140 [warning] [Decorations] CAPPING events from decorations provider vscode.git 1197
2023-11-04 00:13:51.224 [warning] [Decorations] CAPPING events from decorations provider vscode.git 1197
2023-11-04 00:13:56.302 [warning] [Decorations] CAPPING events from decorations provider vscode.git 1197
2023-11-04 00:14:01.392 [warning] [Decorations] CAPPING events from decorations provider vscode.git 1197
2023-11-04 00:14:08.262 [warning] [Decorations] CAPPING events from decorations provider vscode.git 1197
2023-11-04 00:14:49.837 [warning] [Decorations] CAPPING events from decorations provider vscode.git 1197
2023-11-04 00:14:54.926 [warning] [Decorations] CAPPING events from decorations provider vscode.git 1197
2023-11-04 00:15:00.389 [warning] [Decorations] CAPPING events from decorations provider vscode.git 1198
2023-11-04 00:15:05.472 [warning] [Decorations] CAPPING events from decorations provider vscode.git 1198
2023-11-04 00:15:10.559 [warning] [Decorations] CAPPING events from decorations provider vscode.git 1198
2023-11-04 00:15:53.224 [warning] [Decorations] CAPPING events from decorations provider vscode.git 1198
2023-11-04 00:15:58.313 [warning] [Decorations] CAPPING events from decorations provider vscode.git 1199
2023-11-04 00:16:24.664 [warning] [Decorations] CAPPING events from decorations provider vscode.git 1199
2023-11-04 00:16:29.751 [warning] [Decorations] CAPPING events from decorations provider vscode.git 1199
2023-11-04 00:16:34.839 [warning] [Decorations] CAPPING events from decorations provider vscode.git 1200
2023-11-04 00:16:39.944 [warning] [Decorations] CAPPING events from decorations provider vscode.git 1200
2023-11-04 00:16:45.028 [warning] [Decorations] CAPPING events from decorations provider vscode.git 1200
2023-11-04 00:16:50.114 [warning] [Decorations] CAPPING events from decorations provider vscode.git 1200
2023-11-04 00:16:55.202 [warning] [Decorations] CAPPING events from decorations provider vscode.git 1200
2023-11-04 00:17:00.282 [warning] [Decorations] CAPPING events from decorations provider vscode.git 1200
2023-11-04 00:17:05.373 [warning] [Decorations] CAPPING events from decorations provider vscode.git 1200
2023-11-04 00:17:10.504 [warning] [Decorations] CAPPING events from decorations provider vscode.git 1201
2023-11-04 00:17:15.596 [warning] [Decorations] CAPPING events from decorations provider vscode.git 1201
2023-11-04 00:17:31.990 [warning] [Decorations] CAPPING events from decorations provider vscode.git 1201
2023-11-04 00:17:48.557 [warning] [Decorations] CAPPING events from decorations provider vscode.git 1202
2023-11-04 00:17:53.669 [warning] [Decorations] CAPPING events from decorations provider vscode.git 1203
2023-11-04 00:17:58.751 [warning] [Decorations] CAPPING events from decorations provider vscode.git 1203
2023-11-04 00:18:04.127 [warning] [Decorations] CAPPING events from decorations provider vscode.git 1203
2023-11-04 00:18:09.214 [warning] [Decorations] CAPPING events from decorations provider vscode.git 1203
2023-11-04 00:18:14.327 [warning] [Decorations] CAPPING events from decorations provider vscode.git 1203
2023-11-04 00:18:19.421 [warning] [Decorations] CAPPING events from decorations provider vscode.git 1203
2023-11-04 00:18:27.457 [warning] [Decorations] CAPPING events from decorations provider vscode.git 1204
2023-11-04 00:18:32.534 [warning] [Decorations] CAPPING events from decorations provider vscode.git 1205
2023-11-04 00:18:37.627 [warning] [Decorations] CAPPING events from decorations provider vscode.git 1205
2023-11-04 00:18:42.713 [warning] [Decorations] CAPPING events from decorations provider vscode.git 1205
2023-11-04 00:18:47.807 [warning] [Decorations] CAPPING events from decorations provider vscode.git 1206
2023-11-04 00:18:52.944 [warning] [Decorations] CAPPING events from decorations provider vscode.git 1206
2023-11-04 00:18:58.033 [warning] [Decorations] CAPPING events from decorations provider vscode.git 1207
2023-11-04 00:19:03.119 [warning] [Decorations] CAPPING events from decorations provider vscode.git 1207
2023-11-04 00:19:08.212 [warning] [Decorations] CAPPING events from decorations provider vscode.git 1207
2023-11-04 00:19:13.298 [warning] [Decorations] CAPPING events from decorations provider vscode.git 1207
2023-11-04 00:19:18.377 [warning] [Decorations] CAPPING events from decorations provider vscode.git 1208
2023-11-04 00:19:23.467 [warning] [Decorations] CAPPING events from decorations provider vscode.git 1208
2023-11-04 00:19:30.194 [warning] [Decorations] CAPPING events from decorations provider vscode.git 1208
2023-11-04 00:19:37.162 [warning] [Decorations] CAPPING events from decorations provider vscode.git 1208
2023-11-04 00:19:42.262 [warning] [Decorations] CAPPING events from decorations provider vscode.git 1208
2023-11-04 00:19:47.345 [warning] [Decorations] CAPPING events from decorations provider vscode.git 1208
2023-11-04 00:19:52.468 [warning] [Decorations] CAPPING events from decorations provider vscode.git 1208
2023-11-04 00:19:57.558 [warning] [Decorations] CAPPING events from decorations provider vscode.git 1209
2023-11-04 00:20:02.644 [warning] [Decorations] CAPPING events from decorations provider vscode.git 1209
2023-11-04 00:20:10.593 [warning] [Decorations] CAPPING events from decorations provider vscode.git 1209
2023-11-04 00:20:15.684 [warning] [Decorations] CAPPING events from decorations provider vscode.git 1209
2023-11-04 00:20:20.765 [warning] [Decorations] CAPPING events from decorations provider vscode.git 1209
2023-11-04 00:20:25.844 [warning] [Decorations] CAPPING events from decorations provider vscode.git 1209
2023-11-04 00:20:30.944 [warning] [Decorations] CAPPING events from decorations provider vscode.git 1210
2023-11-04 00:20:36.028 [warning] [Decorations] CAPPING events from decorations provider vscode.git 1210
2023-11-04 00:20:41.126 [warning] [Decorations] CAPPING events from decorations provider vscode.git 1210
2023-11-04 00:20:46.254 [warning] [Decorations] CAPPING events from decorations provider vscode.git 1210
2023-11-04 00:20:51.346 [warning] [Decorations] CAPPING events from decorations provider vscode.git 1210
2023-11-04 00:20:56.428 [warning] [Decorations] CAPPING events from decorations provider vscode.git 1210
2023-11-04 00:21:01.524 [warning] [Decorations] CAPPING events from decorations provider vscode.git 1210
2023-11-04 00:21:06.652 [warning] [Decorations] CAPPING events from decorations provider vscode.git 1210
2023-11-04 00:21:11.739 [warning] [Decorations] CAPPING events from decorations provider vscode.git 1210
2023-11-04 00:21:16.827 [warning] [Decorations] CAPPING events from decorations provider vscode.git 1210
2023-11-04 00:21:21.919 [warning] [Decorations] CAPPING events from decorations provider vscode.git 1210
2023-11-04 00:21:27.009 [warning] [Decorations] CAPPING events from decorations provider vscode.git 1210
2023-11-04 00:21:32.115 [warning] [Decorations] CAPPING events from decorations provider vscode.git 1210
2023-11-04 00:21:37.207 [warning] [Decorations] CAPPING events from decorations provider vscode.git 1210
2023-11-04 00:21:42.300 [warning] [Decorations] CAPPING events from decorations provider vscode.git 1210
2023-11-04 00:21:47.386 [warning] [Decorations] CAPPING events from decorations provider vscode.git 1210
2023-11-04 00:21:52.467 [warning] [Decorations] CAPPING events from decorations provider vscode.git 1210
2023-11-04 00:21:57.547 [warning] [Decorations] CAPPING events from decorations provider vscode.git 1211
2023-11-04 00:22:02.633 [warning] [Decorations] CAPPING events from decorations provider vscode.git 1211
2023-11-04 00:22:07.724 [warning] [Decorations] CAPPING events from decorations provider vscode.git 1212
2023-11-04 00:22:15.405 [warning] [Decorations] CAPPING events from decorations provider vscode.git 1214
2023-11-04 00:22:24.501 [warning] [Decorations] CAPPING events from decorations provider vscode.git 1214
2023-11-04 00:22:35.405 [warning] [Decorations] CAPPING events from decorations provider vscode.git 1214
2023-11-04 00:22:45.397 [warning] [Decorations] CAPPING events from decorations provider vscode.git 1214
2023-11-04 00:22:52.419 [warning] [Decorations] CAPPING events from decorations provider vscode.git 1214
2023-11-04 00:23:00.410 [warning] [Decorations] CAPPING events from decorations provider vscode.git 1214
2023-11-04 00:23:05.534 [warning] [Decorations] CAPPING events from decorations provider vscode.git 1214
2023-11-04 00:23:10.633 [warning] [Decorations] CAPPING events from decorations provider vscode.git 1215
2023-11-04 00:23:15.729 [warning] [Decorations] CAPPING events from decorations provider vscode.git 1215
2023-11-04 00:23:20.817 [warning] [Decorations] CAPPING events from decorations provider vscode.git 1215
2023-11-04 00:23:26.491 [warning] [Decorations] CAPPING events from decorations provider vscode.git 1215
2023-11-04 00:23:31.576 [warning] [Decorations] CAPPING events from decorations provider vscode.git 1215
2023-11-04 00:23:36.659 [warning] [Decorations] CAPPING events from decorations provider vscode.git 1215
2023-11-04 00:23:41.790 [warning] [Decorations] CAPPING events from decorations provider vscode.git 1215
2023-11-04 00:23:46.877 [warning] [Decorations] CAPPING events from decorations provider vscode.git 1215
2023-11-04 00:23:51.964 [warning] [Decorations] CAPPING events from decorations provider vscode.git 1215
2023-11-04 00:23:57.049 [warning] [Decorations] CAPPING events from decorations provider vscode.git 1215
2023-11-04 00:24:02.158 [warning] [Decorations] CAPPING events from decorations provider vscode.git 1215
2023-11-04 00:24:07.245 [warning] [Decorations] CAPPING events from decorations provider vscode.git 1215
2023-11-04 00:24:12.343 [warning] [Decorations] CAPPING events from decorations provider vscode.git 1215
2023-11-04 00:24:38.763 [warning] [Decorations] CAPPING events from decorations provider vscode.git 1215
2023-11-04 00:24:43.853 [warning] [Decorations] CAPPING events from decorations provider vscode.git 1215
2023-11-04 00:24:48.936 [warning] [Decorations] CAPPING events from decorations provider vscode.git 1215
2023-11-04 00:24:54.017 [warning] [Decorations] CAPPING events from decorations provider vscode.git 1215
2023-11-04 00:24:59.139 [warning] [Decorations] CAPPING events from decorations provider vscode.git 1216
2023-11-04 00:25:08.063 [warning] [Decorations] CAPPING events from decorations provider vscode.git 1216
2023-11-04 00:25:20.053 [warning] [Decorations] CAPPING events from decorations provider vscode.git 1216
2023-11-04 00:25:28.062 [warning] [Decorations] CAPPING events from decorations provider vscode.git 1216
2023-11-04 00:25:36.063 [warning] [Decorations] CAPPING events from decorations provider vscode.git 1216
2023-11-04 00:25:56.069 [warning] [Decorations] CAPPING events from decorations provider vscode.git 1216
2023-11-04 00:26:02.070 [warning] [Decorations] CAPPING events from decorations provider vscode.git 1216
2023-11-04 00:26:12.109 [warning] [Decorations] CAPPING events from decorations provider vscode.git 1216
2023-11-04 00:26:19.112 [warning] [Decorations] CAPPING events from decorations provider vscode.git 1216
2023-11-04 00:26:26.100 [warning] [Decorations] CAPPING events from decorations provider vscode.git 1216
2023-11-04 00:26:37.096 [warning] [Decorations] CAPPING events from decorations provider vscode.git 1218
2023-11-04 00:26:44.096 [warning] [Decorations] CAPPING events from decorations provider vscode.git 1218
2023-11-04 00:26:53.091 [warning] [Decorations] CAPPING events from decorations provider vscode.git 1218
2023-11-04 00:26:58.188 [warning] [Decorations] CAPPING events from decorations provider vscode.git 1218
2023-11-04 00:27:03.278 [warning] [Decorations] CAPPING events from decorations provider vscode.git 1218
2023-11-04 00:27:08.360 [warning] [Decorations] CAPPING events from decorations provider vscode.git 1218
2023-11-04 00:27:13.449 [warning] [Decorations] CAPPING events from decorations provider vscode.git 1218
2023-11-04 00:27:18.535 [warning] [Decorations] CAPPING events from decorations provider vscode.git 1218
2023-11-04 00:27:23.634 [warning] [Decorations] CAPPING events from decorations provider vscode.git 1218
2023-11-04 00:27:28.732 [warning] [Decorations] CAPPING events from decorations provider vscode.git 1218
2023-11-04 00:27:33.824 [warning] [Decorations] CAPPING events from decorations provider vscode.git 1218
2023-11-04 00:27:38.910 [warning] [Decorations] CAPPING events from decorations provider vscode.git 1218
2023-11-04 00:27:44.001 [warning] [Decorations] CAPPING events from decorations provider vscode.git 1218
2023-11-04 00:27:49.086 [warning] [Decorations] CAPPING events from decorations provider vscode.git 1218
2023-11-04 00:27:54.169 [warning] [Decorations] CAPPING events from decorations provider vscode.git 1218
2023-11-04 00:27:59.256 [warning] [Decorations] CAPPING events from decorations provider vscode.git 1218
2023-11-04 00:28:04.341 [warning] [Decorations] CAPPING events from decorations provider vscode.git 1218
2023-11-04 00:28:09.423 [warning] [Decorations] CAPPING events from decorations provider vscode.git 1218
2023-11-04 00:28:14.513 [warning] [Decorations] CAPPING events from decorations provider vscode.git 1218
2023-11-04 00:28:19.593 [warning] [Decorations] CAPPING events from decorations provider vscode.git 1218
2023-11-04 00:28:24.670 [warning] [Decorations] CAPPING events from decorations provider vscode.git 1218
2023-11-04 00:28:29.768 [warning] [Decorations] CAPPING events from decorations provider vscode.git 1218
2023-11-04 00:28:34.851 [warning] [Decorations] CAPPING events from decorations provider vscode.git 1218
2023-11-04 00:28:39.935 [warning] [Decorations] CAPPING events from decorations provider vscode.git 1218
2023-11-04 00:28:45.026 [warning] [Decorations] CAPPING events from decorations provider vscode.git 1218
2023-11-04 00:28:50.148 [warning] [Decorations] CAPPING events from decorations provider vscode.git 1218
2023-11-04 00:28:55.235 [warning] [Decorations] CAPPING events from decorations provider vscode.git 1218
2023-11-04 00:29:00.328 [warning] [Decorations] CAPPING events from decorations provider vscode.git 1218
2023-11-04 00:29:05.414 [warning] [Decorations] CAPPING events from decorations provider vscode.git 1218
2023-11-04 00:29:10.497 [warning] [Decorations] CAPPING events from decorations provider vscode.git 1218
2023-11-04 00:29:15.590 [warning] [Decorations] CAPPING events from decorations provider vscode.git 1218
2023-11-04 00:29:20.672 [warning] [Decorations] CAPPING events from decorations provider vscode.git 1218
2023-11-04 00:29:25.776 [warning] [Decorations] CAPPING events from decorations provider vscode.git 1218
2023-11-04 00:29:30.908 [warning] [Decorations] CAPPING events from decorations provider vscode.git 1218
2023-11-04 00:29:35.993 [warning] [Decorations] CAPPING events from decorations provider vscode.git 1218
2023-11-04 00:29:41.076 [warning] [Decorations] CAPPING events from decorations provider vscode.git 1218
2023-11-04 00:29:46.179 [warning] [Decorations] CAPPING events from decorations provider vscode.git 1218
2023-11-04 00:29:51.264 [warning] [Decorations] CAPPING events from decorations provider vscode.git 1218
2023-11-04 00:29:56.342 [warning] [Decorations] CAPPING events from decorations provider vscode.git 1218
2023-11-04 00:30:01.436 [warning] [Decorations] CAPPING events from decorations provider vscode.git 1218
2023-11-04 00:30:06.524 [warning] [Decorations] CAPPING events from decorations provider vscode.git 1218
2023-11-04 00:30:11.605 [warning] [Decorations] CAPPING events from decorations provider vscode.git 1218
2023-11-04 00:30:16.740 [warning] [Decorations] CAPPING events from decorations provider vscode.git 1218
2023-11-04 00:30:21.833 [warning] [Decorations] CAPPING events from decorations provider vscode.git 1218
2023-11-04 00:30:26.916 [warning] [Decorations] CAPPING events from decorations provider vscode.git 1218
2023-11-04 00:30:32.024 [warning] [Decorations] CAPPING events from decorations provider vscode.git 1218
2023-11-04 00:30:37.104 [warning] [Decorations] CAPPING events from decorations provider vscode.git 1218
2023-11-04 00:30:42.189 [warning] [Decorations] CAPPING events from decorations provider vscode.git 1218
2023-11-04 00:30:47.280 [warning] [Decorations] CAPPING events from decorations provider vscode.git 1218
2023-11-04 00:30:52.361 [warning] [Decorations] CAPPING events from decorations provider vscode.git 1218
2023-11-04 00:30:57.438 [warning] [Decorations] CAPPING events from decorations provider vscode.git 1218
2023-11-04 00:31:02.532 [warning] [Decorations] CAPPING events from decorations provider vscode.git 1218
2023-11-04 00:31:07.612 [warning] [Decorations] CAPPING events from decorations provider vscode.git 1218
2023-11-04 00:31:12.692 [warning] [Decorations] CAPPING events from decorations provider vscode.git 1218
2023-11-04 00:31:17.820 [warning] [Decorations] CAPPING events from decorations provider vscode.git 1218
2023-11-04 00:31:22.904 [warning] [Decorations] CAPPING events from decorations provider vscode.git 1218
2023-11-04 00:31:27.982 [warning] [Decorations] CAPPING events from decorations provider vscode.git 1218
2023-11-04 00:31:37.099 [warning] [Decorations] CAPPING events from decorations provider vscode.git 1218
2023-11-04 00:32:33.679 [warning] [Decorations] CAPPING events from decorations provider vscode.git 1218
2023-11-04 00:32:38.794 [warning] [Decorations] CAPPING events from decorations provider vscode.git 1218
2023-11-04 00:32:43.892 [warning] [Decorations] CAPPING events from decorations provider vscode.git 1218
2023-11-04 00:32:48.975 [warning] [Decorations] CAPPING events from decorations provider vscode.git 1218
2023-11-04 00:32:54.067 [warning] [Decorations] CAPPING events from decorations provider vscode.git 1218
2023-11-04 00:33:39.292 [warning] [Decorations] CAPPING events from decorations provider vscode.git 1218
2023-11-04 00:33:44.379 [warning] [Decorations] CAPPING events from decorations provider vscode.git 1218
2023-11-04 00:33:49.461 [warning] [Decorations] CAPPING events from decorations provider vscode.git 1218
2023-11-04 00:33:59.537 [warning] [Decorations] CAPPING events from decorations provider vscode.git 1218
2023-11-04 00:34:04.621 [warning] [Decorations] CAPPING events from decorations provider vscode.git 1218
2023-11-04 00:34:09.707 [warning] [Decorations] CAPPING events from decorations provider vscode.git 1218
2023-11-04 00:34:14.810 [warning] [Decorations] CAPPING events from decorations provider vscode.git 1219
2023-11-04 00:34:40.826 [warning] [Decorations] CAPPING events from decorations provider vscode.git 1219
2023-11-04 00:34:45.903 [warning] [Decorations] CAPPING events from decorations provider vscode.git 1219
2023-11-04 00:34:50.992 [warning] [Decorations] CAPPING events from decorations provider vscode.git 1219
2023-11-04 00:34:56.078 [warning] [Decorations] CAPPING events from decorations provider vscode.git 1219
2023-11-04 00:35:01.166 [warning] [Decorations] CAPPING events from decorations provider vscode.git 1219
2023-11-04 00:35:06.258 [warning] [Decorations] CAPPING events from decorations provider vscode.git 1219
2023-11-04 00:35:11.342 [warning] [Decorations] CAPPING events from decorations provider vscode.git 1219
2023-11-04 00:35:16.426 [warning] [Decorations] CAPPING events from decorations provider vscode.git 1219
2023-11-04 00:35:21.526 [warning] [Decorations] CAPPING events from decorations provider vscode.git 1219
2023-11-04 00:35:54.490 [warning] [Decorations] CAPPING events from decorations provider vscode.git 1219
2023-11-04 00:35:59.573 [warning] [Decorations] CAPPING events from decorations provider vscode.git 1219
2023-11-04 00:36:04.667 [warning] [Decorations] CAPPING events from decorations provider vscode.git 1219
2023-11-04 00:36:09.752 [warning] [Decorations] CAPPING events from decorations provider vscode.git 1219
2023-11-04 00:36:14.832 [warning] [Decorations] CAPPING events from decorations provider vscode.git 1219
2023-11-04 00:36:20.007 [warning] [Decorations] CAPPING events from decorations provider vscode.git 1219
