2023-10-31 11:35:51.226 [info] Extension host with pid 5656 started
2023-10-31 11:35:51.281 [info] Lock '/var/www/clients/client2/web2/web/sistema/adsgrupo06/.vscode-server/data/User/workspaceStorage/9b3cef0c395bd085f4695430ae95afb4/vscode.lock': Lock acquired.
2023-10-31 11:35:51.560 [info] ExtensionService#_doActivateExtension vscode.php-language-features, startup: false, activationEvent: 'onLanguage:php'
2023-10-31 11:35:51.569 [info] ExtensionService#_doActivateExtension vscode.emmet, startup: false, activationEvent: 'onLanguage'
2023-10-31 11:35:52.364 [info] ExtensionService#_doActivateExtension vscode.git-base, startup: true, activationEvent: '*', root cause: vscode.git
2023-10-31 11:35:53.116 [info] ExtensionService#_doActivateExtension vscode.git, startup: true, activationEvent: '*'
2023-10-31 11:35:53.117 [info] ExtensionService#_doActivateExtension vscode.github, startup: true, activationEvent: '*'
2023-10-31 11:35:53.910 [info] Eager extensions activated
2023-10-31 11:35:53.911 [info] ExtensionService#_doActivateExtension vscode.debug-auto-launch, startup: false, activationEvent: 'onStartupFinished'
2023-10-31 11:35:53.911 [info] ExtensionService#_doActivateExtension vscode.merge-conflict, startup: false, activationEvent: 'onStartupFinished'
2023-10-31 12:14:47.350 [info] ExtensionService#_doActivateExtension vscode.npm, startup: false, activationEvent: 'onTerminalQuickFixRequest:ms-vscode.npm-command'
2023-10-31 19:18:23.246 [info] Extension host terminating: renderer disconnected for too long (1)
2023-10-31 19:18:23.300 [info] Lock '/var/www/clients/client2/web2/web/sistema/adsgrupo06/.vscode-server/data/User/workspaceStorage/9b3cef0c395bd085f4695430ae95afb4/vscode.lock': Marking the lockfile as scheduled to be released in 6000 ms.
2023-10-31 19:18:23.920 [error] Canceled: Canceled
	at new m (/var/www/clients/client2/web2/web/sistema/adsgrupo06/.vscode-server/bin/f1b07bd25dfad64b0167beb15359ae573aecd2cc/out/vs/workbench/api/node/extensionHostProcess.js:126:57216)
	at i.U (/var/www/clients/client2/web2/web/sistema/adsgrupo06/.vscode-server/bin/f1b07bd25dfad64b0167beb15359ae573aecd2cc/out/vs/workbench/api/node/extensionHostProcess.js:135:10864)
	at M.<computed>.j.charCodeAt.M.<computed> (/var/www/clients/client2/web2/web/sistema/adsgrupo06/.vscode-server/bin/f1b07bd25dfad64b0167beb15359ae573aecd2cc/out/vs/workbench/api/node/extensionHostProcess.js:135:8315)
	at n.g (/var/www/clients/client2/web2/web/sistema/adsgrupo06/.vscode-server/bin/f1b07bd25dfad64b0167beb15359ae573aecd2cc/out/vs/workbench/api/node/extensionHostProcess.js:126:83747)
	at n.executeCommand (/var/www/clients/client2/web2/web/sistema/adsgrupo06/.vscode-server/bin/f1b07bd25dfad64b0167beb15359ae573aecd2cc/out/vs/workbench/api/node/extensionHostProcess.js:126:83185)
	at b.registerCommand.description (/var/www/clients/client2/web2/web/sistema/adsgrupo06/.vscode-server/bin/f1b07bd25dfad64b0167beb15359ae573aecd2cc/out/vs/workbench/api/node/extensionHostProcess.js:126:82506)
	at n.h (/var/www/clients/client2/web2/web/sistema/adsgrupo06/.vscode-server/bin/f1b07bd25dfad64b0167beb15359ae573aecd2cc/out/vs/workbench/api/node/extensionHostProcess.js:126:84283)
	at n.g (/var/www/clients/client2/web2/web/sistema/adsgrupo06/.vscode-server/bin/f1b07bd25dfad64b0167beb15359ae573aecd2cc/out/vs/workbench/api/node/extensionHostProcess.js:126:83278)
	at n.executeCommand (/var/www/clients/client2/web2/web/sistema/adsgrupo06/.vscode-server/bin/f1b07bd25dfad64b0167beb15359ae573aecd2cc/out/vs/workbench/api/node/extensionHostProcess.js:126:83185)
	at Object.executeCommand (/var/www/clients/client2/web2/web/sistema/adsgrupo06/.vscode-server/bin/f1b07bd25dfad64b0167beb15359ae573aecd2cc/out/vs/workbench/api/node/extensionHostProcess.js:141:21282)
	at s.D [as value] (/var/www/clients/client2/web2/web/sistema/adsgrupo06/.vscode-server/bin/f1b07bd25dfad64b0167beb15359ae573aecd2cc/extensions/git/dist/main.js:2:1312800)
	at c.z (/var/www/clients/client2/web2/web/sistema/adsgrupo06/.vscode-server/bin/f1b07bd25dfad64b0167beb15359ae573aecd2cc/out/vs/workbench/api/node/extensionHostProcess.js:80:1902)
	at c.A (/var/www/clients/client2/web2/web/sistema/adsgrupo06/.vscode-server/bin/f1b07bd25dfad64b0167beb15359ae573aecd2cc/out/vs/workbench/api/node/extensionHostProcess.js:80:1972)
	at c.fire (/var/www/clients/client2/web2/web/sistema/adsgrupo06/.vscode-server/bin/f1b07bd25dfad64b0167beb15359ae573aecd2cc/out/vs/workbench/api/node/extensionHostProcess.js:80:2188)
	at Object.m [as dispose] (/var/www/clients/client2/web2/web/sistema/adsgrupo06/.vscode-server/bin/f1b07bd25dfad64b0167beb15359ae573aecd2cc/extensions/git/dist/main.js:2:1328588)
	at /var/www/clients/client2/web2/web/sistema/adsgrupo06/.vscode-server/bin/f1b07bd25dfad64b0167beb15359ae573aecd2cc/extensions/git/dist/main.js:2:1333429
	at Array.forEach (<anonymous>)
	at g.dispose (/var/www/clients/client2/web2/web/sistema/adsgrupo06/.vscode-server/bin/f1b07bd25dfad64b0167beb15359ae573aecd2cc/extensions/git/dist/main.js:2:1333415)
	at w.<anonymous> (/var/www/clients/client2/web2/web/sistema/adsgrupo06/.vscode-server/bin/f1b07bd25dfad64b0167beb15359ae573aecd2cc/out/vs/workbench/api/node/extensionHostProcess.js:122:3521)
	at w.dispose (/var/www/clients/client2/web2/web/sistema/adsgrupo06/.vscode-server/bin/f1b07bd25dfad64b0167beb15359ae573aecd2cc/out/vs/workbench/api/node/extensionHostProcess.js:122:3618)
	at w.<anonymous> (/var/www/clients/client2/web2/web/sistema/adsgrupo06/.vscode-server/bin/f1b07bd25dfad64b0167beb15359ae573aecd2cc/extensions/git/dist/main.js:2:1314812)
	at w.dispose (/var/www/clients/client2/web2/web/sistema/adsgrupo06/.vscode-server/bin/f1b07bd25dfad64b0167beb15359ae573aecd2cc/out/vs/workbench/api/node/extensionHostProcess.js:122:3618)
	at o (/var/www/clients/client2/web2/web/sistema/adsgrupo06/.vscode-server/bin/f1b07bd25dfad64b0167beb15359ae573aecd2cc/out/vs/workbench/api/node/extensionHostProcess.js:30:754)
	at s.cb (/var/www/clients/client2/web2/web/sistema/adsgrupo06/.vscode-server/bin/f1b07bd25dfad64b0167beb15359ae573aecd2cc/out/vs/workbench/api/node/extensionHostProcess.js:137:9846)
	at /var/www/clients/client2/web2/web/sistema/adsgrupo06/.vscode-server/bin/f1b07bd25dfad64b0167beb15359ae573aecd2cc/out/vs/workbench/api/node/extensionHostProcess.js:137:7796
	at Array.map (<anonymous>)
	at s.Y (/var/www/clients/client2/web2/web/sistema/adsgrupo06/.vscode-server/bin/f1b07bd25dfad64b0167beb15359ae573aecd2cc/out/vs/workbench/api/node/extensionHostProcess.js:137:7784)
	at s.terminate (/var/www/clients/client2/web2/web/sistema/adsgrupo06/.vscode-server/bin/f1b07bd25dfad64b0167beb15359ae573aecd2cc/out/vs/workbench/api/node/extensionHostProcess.js:137:8054)
	at o.terminate (/var/www/clients/client2/web2/web/sistema/adsgrupo06/.vscode-server/bin/f1b07bd25dfad64b0167beb15359ae573aecd2cc/out/vs/workbench/api/node/extensionHostProcess.js:141:1513)
	at l (/var/www/clients/client2/web2/web/sistema/adsgrupo06/.vscode-server/bin/f1b07bd25dfad64b0167beb15359ae573aecd2cc/out/vs/workbench/api/node/extensionHostProcess.js:154:9801)
	at j.a (/var/www/clients/client2/web2/web/sistema/adsgrupo06/.vscode-server/bin/f1b07bd25dfad64b0167beb15359ae573aecd2cc/out/vs/workbench/api/node/extensionHostProcess.js:154:6531)
	at j.h (/var/www/clients/client2/web2/web/sistema/adsgrupo06/.vscode-server/bin/f1b07bd25dfad64b0167beb15359ae573aecd2cc/out/vs/workbench/api/node/extensionHostProcess.js:90:19695)
	at listOnTimeout (node:internal/timers:569:17)
	at process.processTimers (node:internal/timers:512:7) setContext undefined
2023-10-31 19:18:23.924 [error] Canceled: Canceled
	at new m (/var/www/clients/client2/web2/web/sistema/adsgrupo06/.vscode-server/bin/f1b07bd25dfad64b0167beb15359ae573aecd2cc/out/vs/workbench/api/node/extensionHostProcess.js:126:57216)
	at i.U (/var/www/clients/client2/web2/web/sistema/adsgrupo06/.vscode-server/bin/f1b07bd25dfad64b0167beb15359ae573aecd2cc/out/vs/workbench/api/node/extensionHostProcess.js:135:10864)
	at M.<computed>.j.charCodeAt.M.<computed> (/var/www/clients/client2/web2/web/sistema/adsgrupo06/.vscode-server/bin/f1b07bd25dfad64b0167beb15359ae573aecd2cc/out/vs/workbench/api/node/extensionHostProcess.js:135:8315)
	at n.g (/var/www/clients/client2/web2/web/sistema/adsgrupo06/.vscode-server/bin/f1b07bd25dfad64b0167beb15359ae573aecd2cc/out/vs/workbench/api/node/extensionHostProcess.js:126:83747)
	at n.executeCommand (/var/www/clients/client2/web2/web/sistema/adsgrupo06/.vscode-server/bin/f1b07bd25dfad64b0167beb15359ae573aecd2cc/out/vs/workbench/api/node/extensionHostProcess.js:126:83185)
	at b.registerCommand.description (/var/www/clients/client2/web2/web/sistema/adsgrupo06/.vscode-server/bin/f1b07bd25dfad64b0167beb15359ae573aecd2cc/out/vs/workbench/api/node/extensionHostProcess.js:126:82506)
	at n.h (/var/www/clients/client2/web2/web/sistema/adsgrupo06/.vscode-server/bin/f1b07bd25dfad64b0167beb15359ae573aecd2cc/out/vs/workbench/api/node/extensionHostProcess.js:126:84283)
	at n.g (/var/www/clients/client2/web2/web/sistema/adsgrupo06/.vscode-server/bin/f1b07bd25dfad64b0167beb15359ae573aecd2cc/out/vs/workbench/api/node/extensionHostProcess.js:126:83278)
	at n.executeCommand (/var/www/clients/client2/web2/web/sistema/adsgrupo06/.vscode-server/bin/f1b07bd25dfad64b0167beb15359ae573aecd2cc/out/vs/workbench/api/node/extensionHostProcess.js:126:83185)
	at Object.executeCommand (/var/www/clients/client2/web2/web/sistema/adsgrupo06/.vscode-server/bin/f1b07bd25dfad64b0167beb15359ae573aecd2cc/out/vs/workbench/api/node/extensionHostProcess.js:141:21282)
	at set b [as b] (/var/www/clients/client2/web2/web/sistema/adsgrupo06/.vscode-server/bin/f1b07bd25dfad64b0167beb15359ae573aecd2cc/extensions/github/dist/extension.js:2:714415)
	at /var/www/clients/client2/web2/web/sistema/adsgrupo06/.vscode-server/bin/f1b07bd25dfad64b0167beb15359ae573aecd2cc/extensions/github/dist/extension.js:2:715056
	at s.value (/var/www/clients/client2/web2/web/sistema/adsgrupo06/.vscode-server/bin/f1b07bd25dfad64b0167beb15359ae573aecd2cc/extensions/git/dist/main.js:2:1402040)
	at c.z (/var/www/clients/client2/web2/web/sistema/adsgrupo06/.vscode-server/bin/f1b07bd25dfad64b0167beb15359ae573aecd2cc/out/vs/workbench/api/node/extensionHostProcess.js:80:1902)
	at c.A (/var/www/clients/client2/web2/web/sistema/adsgrupo06/.vscode-server/bin/f1b07bd25dfad64b0167beb15359ae573aecd2cc/out/vs/workbench/api/node/extensionHostProcess.js:80:1972)
	at c.fire (/var/www/clients/client2/web2/web/sistema/adsgrupo06/.vscode-server/bin/f1b07bd25dfad64b0167beb15359ae573aecd2cc/out/vs/workbench/api/node/extensionHostProcess.js:80:2188)
	at Object.m [as dispose] (/var/www/clients/client2/web2/web/sistema/adsgrupo06/.vscode-server/bin/f1b07bd25dfad64b0167beb15359ae573aecd2cc/extensions/git/dist/main.js:2:1328588)
	at /var/www/clients/client2/web2/web/sistema/adsgrupo06/.vscode-server/bin/f1b07bd25dfad64b0167beb15359ae573aecd2cc/extensions/git/dist/main.js:2:1333429
	at Array.forEach (<anonymous>)
	at g.dispose (/var/www/clients/client2/web2/web/sistema/adsgrupo06/.vscode-server/bin/f1b07bd25dfad64b0167beb15359ae573aecd2cc/extensions/git/dist/main.js:2:1333415)
	at w.<anonymous> (/var/www/clients/client2/web2/web/sistema/adsgrupo06/.vscode-server/bin/f1b07bd25dfad64b0167beb15359ae573aecd2cc/out/vs/workbench/api/node/extensionHostProcess.js:122:3521)
	at w.dispose (/var/www/clients/client2/web2/web/sistema/adsgrupo06/.vscode-server/bin/f1b07bd25dfad64b0167beb15359ae573aecd2cc/out/vs/workbench/api/node/extensionHostProcess.js:122:3618)
	at w.<anonymous> (/var/www/clients/client2/web2/web/sistema/adsgrupo06/.vscode-server/bin/f1b07bd25dfad64b0167beb15359ae573aecd2cc/extensions/git/dist/main.js:2:1314812)
	at w.dispose (/var/www/clients/client2/web2/web/sistema/adsgrupo06/.vscode-server/bin/f1b07bd25dfad64b0167beb15359ae573aecd2cc/out/vs/workbench/api/node/extensionHostProcess.js:122:3618)
	at o (/var/www/clients/client2/web2/web/sistema/adsgrupo06/.vscode-server/bin/f1b07bd25dfad64b0167beb15359ae573aecd2cc/out/vs/workbench/api/node/extensionHostProcess.js:30:754)
	at s.cb (/var/www/clients/client2/web2/web/sistema/adsgrupo06/.vscode-server/bin/f1b07bd25dfad64b0167beb15359ae573aecd2cc/out/vs/workbench/api/node/extensionHostProcess.js:137:9846)
	at /var/www/clients/client2/web2/web/sistema/adsgrupo06/.vscode-server/bin/f1b07bd25dfad64b0167beb15359ae573aecd2cc/out/vs/workbench/api/node/extensionHostProcess.js:137:7796
	at Array.map (<anonymous>)
	at s.Y (/var/www/clients/client2/web2/web/sistema/adsgrupo06/.vscode-server/bin/f1b07bd25dfad64b0167beb15359ae573aecd2cc/out/vs/workbench/api/node/extensionHostProcess.js:137:7784)
	at s.terminate (/var/www/clients/client2/web2/web/sistema/adsgrupo06/.vscode-server/bin/f1b07bd25dfad64b0167beb15359ae573aecd2cc/out/vs/workbench/api/node/extensionHostProcess.js:137:8054)
	at o.terminate (/var/www/clients/client2/web2/web/sistema/adsgrupo06/.vscode-server/bin/f1b07bd25dfad64b0167beb15359ae573aecd2cc/out/vs/workbench/api/node/extensionHostProcess.js:141:1513)
	at l (/var/www/clients/client2/web2/web/sistema/adsgrupo06/.vscode-server/bin/f1b07bd25dfad64b0167beb15359ae573aecd2cc/out/vs/workbench/api/node/extensionHostProcess.js:154:9801)
	at j.a (/var/www/clients/client2/web2/web/sistema/adsgrupo06/.vscode-server/bin/f1b07bd25dfad64b0167beb15359ae573aecd2cc/out/vs/workbench/api/node/extensionHostProcess.js:154:6531)
	at j.h (/var/www/clients/client2/web2/web/sistema/adsgrupo06/.vscode-server/bin/f1b07bd25dfad64b0167beb15359ae573aecd2cc/out/vs/workbench/api/node/extensionHostProcess.js:90:19695)
	at listOnTimeout (node:internal/timers:569:17)
	at process.processTimers (node:internal/timers:512:7) setContext undefined
2023-10-31 19:18:23.926 [info] Extension host with pid 5656 exiting with code 0
