2023-10-31 01:52:25.288 [info] Log level: Info
2023-10-31 01:52:25.288 [info] Validating found git in: "git"
2023-10-31 01:52:25.288 [info] Using git "2.20.1" from "git"
2023-10-31 01:52:25.288 [info] > git rev-parse --show-toplevel [14ms]
2023-10-31 01:52:25.288 [info] > git rev-parse --git-dir --git-common-dir [32ms]
2023-10-31 01:52:25.288 [info] Open repository: /var/www/clients/client2/web2/web/sistema/adsgrupo06
2023-10-31 01:52:25.288 [info] > git config --get commit.template [12ms]
2023-10-31 01:52:25.288 [info] > git rev-parse --show-toplevel [20ms]
2023-10-31 01:52:25.289 [info] > git for-each-ref --format=%(refname)%00%(upstream:short)%00%(objectname)%00%(upstream:track)%00%(upstream:remotename)%00%(upstream:remoteref) refs/heads/Vinicius refs/remotes/Vinicius [10ms]
2023-10-31 01:52:25.289 [info] > git rev-parse --show-toplevel [12ms]
2023-10-31 01:52:25.289 [info] > git rev-parse --show-toplevel [7ms]
2023-10-31 01:52:25.289 [info] > git rev-parse --show-toplevel [5ms]
2023-10-31 01:52:25.289 [info] > git rev-parse --show-toplevel [6ms]
2023-10-31 01:52:25.289 [info] > git rev-parse --show-toplevel [10ms]
2023-10-31 01:52:25.289 [info] > git status -z -uall [100ms]
2023-10-31 01:52:25.289 [info] > git rev-parse --show-toplevel [6ms]
2023-10-31 01:52:25.302 [info] > git rev-parse --show-toplevel [6ms]
2023-10-31 01:52:25.314 [info] > git config --get commit.template [13ms]
2023-10-31 01:52:25.314 [info] > git rev-parse --show-toplevel [7ms]
2023-10-31 01:52:25.322 [info] > git for-each-ref --format=%(refname)%00%(upstream:short)%00%(objectname)%00%(upstream:track)%00%(upstream:remotename)%00%(upstream:remoteref) refs/heads/Vinicius refs/remotes/Vinicius [10ms]
2023-10-31 01:52:25.330 [info] > git rev-parse --show-toplevel [10ms]
2023-10-31 01:52:25.351 [info] > git status -z -uall [22ms]
2023-10-31 01:52:26.052 [info] > git check-ignore -v -z --stdin [4ms]
2023-10-31 01:52:27.083 [info] > git show --textconv :CodeIgniter/app/Config/Database.php [14ms]
2023-10-31 01:52:27.090 [info] > git ls-files --stage -- /var/www/clients/client2/web2/web/sistema/adsgrupo06/CodeIgniter/app/Config/Database.php [8ms]
2023-10-31 01:52:27.102 [info] > git cat-file -s 1e6340899bf443e06810c5577b552cc2ee3ef59d [5ms]
2023-10-31 01:52:28.198 [info] > git check-ignore -v -z --stdin [13ms]
2023-10-31 01:53:26.642 [info] > git config --get commit.template [21ms]
2023-10-31 01:53:26.648 [info] > git for-each-ref --format=%(refname)%00%(upstream:short)%00%(objectname)%00%(upstream:track)%00%(upstream:remotename)%00%(upstream:remoteref) refs/heads/Vinicius refs/remotes/Vinicius [20ms]
2023-10-31 01:53:26.886 [info] > git status -z -uall [226ms]
2023-10-31 01:53:31.908 [info] > git config --get commit.template [8ms]
2023-10-31 01:53:31.912 [info] > git for-each-ref --format=%(refname)%00%(upstream:short)%00%(objectname)%00%(upstream:track)%00%(upstream:remotename)%00%(upstream:remoteref) refs/heads/Vinicius refs/remotes/Vinicius [5ms]
2023-10-31 01:53:31.937 [info] > git status -z -uall [20ms]
2023-10-31 01:53:34.596 [info] > git check-ignore -v -z --stdin [7ms]
2023-10-31 01:53:35.837 [info] > git show --textconv :.ssh/known_hosts [13ms]
2023-10-31 01:53:35.843 [info] > git ls-files --stage -- /var/www/clients/client2/web2/web/sistema/adsgrupo06/.ssh/known_hosts [8ms]
2023-10-31 01:53:36.954 [info] > git config --get commit.template [7ms]
2023-10-31 01:53:36.957 [info] > git for-each-ref --format=%(refname)%00%(upstream:short)%00%(objectname)%00%(upstream:track)%00%(upstream:remotename)%00%(upstream:remoteref) refs/heads/Vinicius refs/remotes/Vinicius [4ms]
2023-10-31 01:53:36.983 [info] > git status -z -uall [19ms]
2023-10-31 01:53:41.458 [info] > git check-ignore -v -z --stdin [3ms]
2023-10-31 01:53:42.011 [info] > git config --get commit.template [12ms]
2023-10-31 01:53:42.013 [info] > git for-each-ref --format=%(refname)%00%(upstream:short)%00%(objectname)%00%(upstream:track)%00%(upstream:remotename)%00%(upstream:remoteref) refs/heads/Vinicius refs/remotes/Vinicius [3ms]
2023-10-31 01:53:42.047 [info] > git status -z -uall [26ms]
2023-10-31 01:53:42.186 [info] > git check-ignore -v -z --stdin [6ms]
2023-10-31 01:53:46.904 [info] > git check-ignore -v -z --stdin [4ms]
2023-10-31 01:53:47.065 [info] > git config --get commit.template [7ms]
2023-10-31 01:53:47.068 [info] > git for-each-ref --format=%(refname)%00%(upstream:short)%00%(objectname)%00%(upstream:track)%00%(upstream:remotename)%00%(upstream:remoteref) refs/heads/Vinicius refs/remotes/Vinicius [4ms]
2023-10-31 01:53:47.092 [info] > git status -z -uall [19ms]
2023-10-31 01:53:50.160 [info] > git check-ignore -v -z --stdin [4ms]
2023-10-31 01:53:52.112 [info] > git config --get commit.template [7ms]
2023-10-31 01:53:52.114 [info] > git for-each-ref --format=%(refname)%00%(upstream:short)%00%(objectname)%00%(upstream:track)%00%(upstream:remotename)%00%(upstream:remoteref) refs/heads/Vinicius refs/remotes/Vinicius [3ms]
2023-10-31 01:53:52.137 [info] > git status -z -uall [18ms]
2023-10-31 01:53:55.686 [info] > git check-ignore -v -z --stdin [6ms]
2023-10-31 01:53:57.158 [info] > git config --get commit.template [11ms]
2023-10-31 01:53:57.161 [info] > git for-each-ref --format=%(refname)%00%(upstream:short)%00%(objectname)%00%(upstream:track)%00%(upstream:remotename)%00%(upstream:remoteref) refs/heads/Vinicius refs/remotes/Vinicius [3ms]
2023-10-31 01:53:57.186 [info] > git status -z -uall [20ms]
2023-10-31 01:54:02.210 [info] > git config --get commit.template [9ms]
2023-10-31 01:54:02.212 [info] > git for-each-ref --format=%(refname)%00%(upstream:short)%00%(objectname)%00%(upstream:track)%00%(upstream:remotename)%00%(upstream:remoteref) refs/heads/Vinicius refs/remotes/Vinicius [5ms]
2023-10-31 01:54:02.236 [info] > git status -z -uall [20ms]
2023-10-31 01:54:05.454 [info] > git show --textconv :CodeIgniter/app/Config/Database.php [16ms]
2023-10-31 01:54:05.462 [info] > git ls-files --stage -- /var/www/clients/client2/web2/web/sistema/adsgrupo06/CodeIgniter/app/Config/Database.php [10ms]
2023-10-31 01:54:05.475 [info] > git cat-file -s 1e6340899bf443e06810c5577b552cc2ee3ef59d [4ms]
2023-10-31 01:54:07.253 [info] > git config --get commit.template [7ms]
2023-10-31 01:54:07.256 [info] > git for-each-ref --format=%(refname)%00%(upstream:short)%00%(objectname)%00%(upstream:track)%00%(upstream:remotename)%00%(upstream:remoteref) refs/heads/Vinicius refs/remotes/Vinicius [3ms]
2023-10-31 01:54:07.280 [info] > git status -z -uall [18ms]
2023-10-31 01:54:12.299 [info] > git config --get commit.template [9ms]
2023-10-31 01:54:12.302 [info] > git for-each-ref --format=%(refname)%00%(upstream:short)%00%(objectname)%00%(upstream:track)%00%(upstream:remotename)%00%(upstream:remoteref) refs/heads/Vinicius refs/remotes/Vinicius [4ms]
2023-10-31 01:54:12.328 [info] > git status -z -uall [20ms]
2023-10-31 01:54:17.345 [info] > git config --get commit.template [8ms]
2023-10-31 01:54:17.354 [info] > git for-each-ref --format=%(refname)%00%(upstream:short)%00%(objectname)%00%(upstream:track)%00%(upstream:remotename)%00%(upstream:remoteref) refs/heads/Vinicius refs/remotes/Vinicius [10ms]
2023-10-31 01:54:17.379 [info] > git status -z -uall [17ms]
2023-10-31 01:54:22.396 [info] > git config --get commit.template [8ms]
2023-10-31 01:54:22.399 [info] > git for-each-ref --format=%(refname)%00%(upstream:short)%00%(objectname)%00%(upstream:track)%00%(upstream:remotename)%00%(upstream:remoteref) refs/heads/Vinicius refs/remotes/Vinicius [4ms]
2023-10-31 01:54:22.427 [info] > git status -z -uall [21ms]
2023-10-31 01:54:27.449 [info] > git config --get commit.template [7ms]
2023-10-31 01:54:27.452 [info] > git for-each-ref --format=%(refname)%00%(upstream:short)%00%(objectname)%00%(upstream:track)%00%(upstream:remotename)%00%(upstream:remoteref) refs/heads/Vinicius refs/remotes/Vinicius [3ms]
2023-10-31 01:54:27.476 [info] > git status -z -uall [19ms]
2023-10-31 01:54:32.500 [info] > git config --get commit.template [8ms]
2023-10-31 01:54:32.503 [info] > git for-each-ref --format=%(refname)%00%(upstream:short)%00%(objectname)%00%(upstream:track)%00%(upstream:remotename)%00%(upstream:remoteref) refs/heads/Vinicius refs/remotes/Vinicius [3ms]
2023-10-31 01:54:32.528 [info] > git status -z -uall [19ms]
2023-10-31 01:54:37.548 [info] > git config --get commit.template [8ms]
2023-10-31 01:54:37.550 [info] > git for-each-ref --format=%(refname)%00%(upstream:short)%00%(objectname)%00%(upstream:track)%00%(upstream:remotename)%00%(upstream:remoteref) refs/heads/Vinicius refs/remotes/Vinicius [3ms]
2023-10-31 01:54:37.574 [info] > git status -z -uall [18ms]
2023-10-31 01:54:42.593 [info] > git config --get commit.template [8ms]
2023-10-31 01:54:42.596 [info] > git for-each-ref --format=%(refname)%00%(upstream:short)%00%(objectname)%00%(upstream:track)%00%(upstream:remotename)%00%(upstream:remoteref) refs/heads/Vinicius refs/remotes/Vinicius [4ms]
2023-10-31 01:54:42.623 [info] > git status -z -uall [22ms]
2023-10-31 01:54:47.642 [info] > git config --get commit.template [7ms]
2023-10-31 01:54:47.644 [info] > git for-each-ref --format=%(refname)%00%(upstream:short)%00%(objectname)%00%(upstream:track)%00%(upstream:remotename)%00%(upstream:remoteref) refs/heads/Vinicius refs/remotes/Vinicius [3ms]
2023-10-31 01:54:47.670 [info] > git status -z -uall [21ms]
2023-10-31 01:54:52.691 [info] > git config --get commit.template [8ms]
2023-10-31 01:54:52.694 [info] > git for-each-ref --format=%(refname)%00%(upstream:short)%00%(objectname)%00%(upstream:track)%00%(upstream:remotename)%00%(upstream:remoteref) refs/heads/Vinicius refs/remotes/Vinicius [5ms]
2023-10-31 01:54:52.718 [info] > git status -z -uall [18ms]
2023-10-31 01:54:57.736 [info] > git config --get commit.template [8ms]
2023-10-31 01:54:57.739 [info] > git for-each-ref --format=%(refname)%00%(upstream:short)%00%(objectname)%00%(upstream:track)%00%(upstream:remotename)%00%(upstream:remoteref) refs/heads/Vinicius refs/remotes/Vinicius [3ms]
2023-10-31 01:54:57.763 [info] > git status -z -uall [18ms]
2023-10-31 01:55:28.815 [info] > git config --get commit.template [18ms]
2023-10-31 01:55:28.818 [info] > git for-each-ref --format=%(refname)%00%(upstream:short)%00%(objectname)%00%(upstream:track)%00%(upstream:remotename)%00%(upstream:remoteref) refs/heads/Vinicius refs/remotes/Vinicius [14ms]
2023-10-31 01:55:28.861 [info] > git status -z -uall [33ms]
2023-10-31 01:56:38.855 [info] > git config --get commit.template [6ms]
2023-10-31 01:56:38.858 [info] > git for-each-ref --format=%(refname)%00%(upstream:short)%00%(objectname)%00%(upstream:track)%00%(upstream:remotename)%00%(upstream:remoteref) refs/heads/Vinicius refs/remotes/Vinicius [3ms]
2023-10-31 01:56:38.880 [info] > git status -z -uall [18ms]
2023-10-31 01:56:43.899 [info] > git config --get commit.template [8ms]
2023-10-31 01:56:43.902 [info] > git for-each-ref --format=%(refname)%00%(upstream:short)%00%(objectname)%00%(upstream:track)%00%(upstream:remotename)%00%(upstream:remoteref) refs/heads/Vinicius refs/remotes/Vinicius [3ms]
2023-10-31 01:56:43.925 [info] > git status -z -uall [19ms]
2023-10-31 01:58:20.529 [info] > git config --get commit.template [8ms]
2023-10-31 01:58:20.532 [info] > git for-each-ref --format=%(refname)%00%(upstream:short)%00%(objectname)%00%(upstream:track)%00%(upstream:remotename)%00%(upstream:remoteref) refs/heads/Vinicius refs/remotes/Vinicius [6ms]
2023-10-31 01:58:20.559 [info] > git status -z -uall [18ms]
2023-10-31 02:03:12.361 [info] > git config --get commit.template [20ms]
2023-10-31 02:03:12.363 [info] > git for-each-ref --format=%(refname)%00%(upstream:short)%00%(objectname)%00%(upstream:track)%00%(upstream:remotename)%00%(upstream:remoteref) refs/heads/Vinicius refs/remotes/Vinicius [21ms]
2023-10-31 02:03:12.634 [info] > git status -z -uall [262ms]
2023-10-31 02:03:17.657 [info] > git config --get commit.template [10ms]
2023-10-31 02:03:17.660 [info] > git for-each-ref --format=%(refname)%00%(upstream:short)%00%(objectname)%00%(upstream:track)%00%(upstream:remotename)%00%(upstream:remoteref) refs/heads/Vinicius refs/remotes/Vinicius [5ms]
2023-10-31 02:03:17.694 [info] > git status -z -uall [26ms]
2023-10-31 02:03:22.710 [info] > git config --get commit.template [7ms]
2023-10-31 02:03:22.712 [info] > git for-each-ref --format=%(refname)%00%(upstream:short)%00%(objectname)%00%(upstream:track)%00%(upstream:remotename)%00%(upstream:remoteref) refs/heads/Vinicius refs/remotes/Vinicius [3ms]
2023-10-31 02:03:22.734 [info] > git status -z -uall [18ms]
2023-10-31 02:03:31.880 [info] > git config --get commit.template [7ms]
2023-10-31 02:03:31.884 [info] > git for-each-ref --format=%(refname)%00%(upstream:short)%00%(objectname)%00%(upstream:track)%00%(upstream:remotename)%00%(upstream:remoteref) refs/heads/Vinicius refs/remotes/Vinicius [4ms]
2023-10-31 02:03:31.907 [info] > git status -z -uall [18ms]
2023-10-31 02:03:36.931 [info] > git config --get commit.template [11ms]
2023-10-31 02:03:36.934 [info] > git for-each-ref --format=%(refname)%00%(upstream:short)%00%(objectname)%00%(upstream:track)%00%(upstream:remotename)%00%(upstream:remoteref) refs/heads/Vinicius refs/remotes/Vinicius [4ms]
2023-10-31 02:03:36.967 [info] > git status -z -uall [26ms]
2023-10-31 02:03:48.646 [info] > git config --get commit.template [13ms]
2023-10-31 02:03:48.651 [info] > git for-each-ref --format=%(refname)%00%(upstream:short)%00%(objectname)%00%(upstream:track)%00%(upstream:remotename)%00%(upstream:remoteref) refs/heads/Vinicius refs/remotes/Vinicius [6ms]
2023-10-31 02:03:48.676 [info] > git status -z -uall [20ms]
2023-10-31 02:03:53.697 [info] > git config --get commit.template [7ms]
2023-10-31 02:03:53.700 [info] > git for-each-ref --format=%(refname)%00%(upstream:short)%00%(objectname)%00%(upstream:track)%00%(upstream:remotename)%00%(upstream:remoteref) refs/heads/Vinicius refs/remotes/Vinicius [4ms]
2023-10-31 02:03:53.723 [info] > git status -z -uall [17ms]
2023-10-31 02:03:57.093 [info] > git check-ignore -v -z --stdin [7ms]
2023-10-31 02:03:58.739 [info] > git config --get commit.template [8ms]
2023-10-31 02:03:58.742 [info] > git for-each-ref --format=%(refname)%00%(upstream:short)%00%(objectname)%00%(upstream:track)%00%(upstream:remotename)%00%(upstream:remoteref) refs/heads/Vinicius refs/remotes/Vinicius [3ms]
2023-10-31 02:03:58.765 [info] > git status -z -uall [18ms]
2023-10-31 02:03:59.481 [info] > git check-ignore -v -z --stdin [3ms]
2023-10-31 02:04:03.783 [info] > git config --get commit.template [7ms]
2023-10-31 02:04:03.786 [info] > git for-each-ref --format=%(refname)%00%(upstream:short)%00%(objectname)%00%(upstream:track)%00%(upstream:remotename)%00%(upstream:remoteref) refs/heads/Vinicius refs/remotes/Vinicius [4ms]
2023-10-31 02:04:03.811 [info] > git status -z -uall [19ms]
2023-10-31 02:04:08.826 [info] > git config --get commit.template [7ms]
2023-10-31 02:04:08.828 [info] > git for-each-ref --format=%(refname)%00%(upstream:short)%00%(objectname)%00%(upstream:track)%00%(upstream:remotename)%00%(upstream:remoteref) refs/heads/Vinicius refs/remotes/Vinicius [3ms]
2023-10-31 02:04:08.851 [info] > git status -z -uall [18ms]
2023-10-31 02:04:13.867 [info] > git config --get commit.template [6ms]
2023-10-31 02:04:13.869 [info] > git for-each-ref --format=%(refname)%00%(upstream:short)%00%(objectname)%00%(upstream:track)%00%(upstream:remotename)%00%(upstream:remoteref) refs/heads/Vinicius refs/remotes/Vinicius [3ms]
2023-10-31 02:04:13.893 [info] > git status -z -uall [18ms]
2023-10-31 02:04:18.689 [info] > git check-ignore -v -z --stdin [4ms]
2023-10-31 02:04:18.833 [info] > git show --textconv :CodeIgniter/app/Controllers/TesteConexao.php [9ms]
2023-10-31 02:04:18.837 [info] > git ls-files --stage -- /var/www/clients/client2/web2/web/sistema/adsgrupo06/CodeIgniter/app/Controllers/TesteConexao.php [4ms]
2023-10-31 02:04:18.915 [info] > git config --get commit.template [9ms]
2023-10-31 02:04:18.917 [info] > git for-each-ref --format=%(refname)%00%(upstream:short)%00%(objectname)%00%(upstream:track)%00%(upstream:remotename)%00%(upstream:remoteref) refs/heads/Vinicius refs/remotes/Vinicius [5ms]
2023-10-31 02:04:18.940 [info] > git status -z -uall [18ms]
2023-10-31 02:04:23.955 [info] > git config --get commit.template [6ms]
2023-10-31 02:04:23.957 [info] > git for-each-ref --format=%(refname)%00%(upstream:short)%00%(objectname)%00%(upstream:track)%00%(upstream:remotename)%00%(upstream:remoteref) refs/heads/Vinicius refs/remotes/Vinicius [3ms]
2023-10-31 02:04:23.978 [info] > git status -z -uall [17ms]
2023-10-31 02:05:01.122 [info] > git config --get commit.template [25ms]
2023-10-31 02:05:01.139 [info] > git for-each-ref --format=%(refname)%00%(upstream:short)%00%(objectname)%00%(upstream:track)%00%(upstream:remotename)%00%(upstream:remoteref) refs/heads/Vinicius refs/remotes/Vinicius [18ms]
2023-10-31 02:05:01.210 [info] > git status -z -uall [61ms]
2023-10-31 02:12:34.854 [info] > git config --get commit.template [22ms]
2023-10-31 02:12:34.859 [info] > git for-each-ref --format=%(refname)%00%(upstream:short)%00%(objectname)%00%(upstream:track)%00%(upstream:remotename)%00%(upstream:remoteref) refs/heads/Vinicius refs/remotes/Vinicius [27ms]
2023-10-31 02:12:35.076 [info] > git status -z -uall [210ms]
2023-10-31 02:12:40.106 [info] > git config --get commit.template [6ms]
2023-10-31 02:12:40.108 [info] > git for-each-ref --format=%(refname)%00%(upstream:short)%00%(objectname)%00%(upstream:track)%00%(upstream:remotename)%00%(upstream:remoteref) refs/heads/Vinicius refs/remotes/Vinicius [3ms]
2023-10-31 02:12:40.132 [info] > git status -z -uall [19ms]
2023-10-31 02:12:45.156 [info] > git config --get commit.template [10ms]
2023-10-31 02:12:45.159 [info] > git for-each-ref --format=%(refname)%00%(upstream:short)%00%(objectname)%00%(upstream:track)%00%(upstream:remotename)%00%(upstream:remoteref) refs/heads/Vinicius refs/remotes/Vinicius [4ms]
2023-10-31 02:12:45.192 [info] > git status -z -uall [26ms]
2023-10-31 02:12:48.003 [info] > git ls-files --stage -- /var/www/clients/client2/web2/web/sistema/adsgrupo06/CodeIgniter/app/Controllers/TesteConexao.php [5ms]
2023-10-31 02:12:48.011 [info] > git cat-file -s b93738fb6cc8ba9d66b40769236c9c0d4ed7315b [3ms]
2023-10-31 02:12:48.216 [info] > git show --textconv :CodeIgniter/app/Controllers/TesteConexao.php [4ms]
2023-10-31 02:12:50.209 [info] > git config --get commit.template [7ms]
2023-10-31 02:12:50.211 [info] > git for-each-ref --format=%(refname)%00%(upstream:short)%00%(objectname)%00%(upstream:track)%00%(upstream:remotename)%00%(upstream:remoteref) refs/heads/Vinicius refs/remotes/Vinicius [3ms]
2023-10-31 02:12:50.244 [info] > git status -z -uall [29ms]
2023-10-31 02:12:55.265 [info] > git config --get commit.template [6ms]
2023-10-31 02:12:55.267 [info] > git for-each-ref --format=%(refname)%00%(upstream:short)%00%(objectname)%00%(upstream:track)%00%(upstream:remotename)%00%(upstream:remoteref) refs/heads/Vinicius refs/remotes/Vinicius [3ms]
2023-10-31 02:12:55.293 [info] > git status -z -uall [21ms]
2023-10-31 02:13:00.318 [info] > git config --get commit.template [12ms]
2023-10-31 02:13:00.320 [info] > git for-each-ref --format=%(refname)%00%(upstream:short)%00%(objectname)%00%(upstream:track)%00%(upstream:remotename)%00%(upstream:remoteref) refs/heads/Vinicius refs/remotes/Vinicius [3ms]
2023-10-31 02:13:00.345 [info] > git status -z -uall [19ms]
2023-10-31 02:13:04.317 [info] > git ls-files --stage -- /var/www/clients/client2/web2/web/sistema/adsgrupo06/CodeIgniter/app/Controllers/TesteConexao.php [7ms]
2023-10-31 02:13:04.328 [info] > git cat-file -s b93738fb6cc8ba9d66b40769236c9c0d4ed7315b [4ms]
2023-10-31 02:13:04.538 [info] > git show --textconv :CodeIgniter/app/Controllers/TesteConexao.php [6ms]
2023-10-31 02:13:05.361 [info] > git config --get commit.template [7ms]
2023-10-31 02:13:05.363 [info] > git for-each-ref --format=%(refname)%00%(upstream:short)%00%(objectname)%00%(upstream:track)%00%(upstream:remotename)%00%(upstream:remoteref) refs/heads/Vinicius refs/remotes/Vinicius [3ms]
2023-10-31 02:13:05.387 [info] > git status -z -uall [19ms]
2023-10-31 02:13:10.422 [info] > git config --get commit.template [8ms]
2023-10-31 02:13:10.424 [info] > git for-each-ref --format=%(refname)%00%(upstream:short)%00%(objectname)%00%(upstream:track)%00%(upstream:remotename)%00%(upstream:remoteref) refs/heads/Vinicius refs/remotes/Vinicius [3ms]
2023-10-31 02:13:10.449 [info] > git status -z -uall [19ms]
2023-10-31 02:13:15.465 [info] > git config --get commit.template [7ms]
2023-10-31 02:13:15.467 [info] > git for-each-ref --format=%(refname)%00%(upstream:short)%00%(objectname)%00%(upstream:track)%00%(upstream:remotename)%00%(upstream:remoteref) refs/heads/Vinicius refs/remotes/Vinicius [3ms]
2023-10-31 02:13:15.490 [info] > git status -z -uall [18ms]
2023-10-31 02:13:20.511 [info] > git config --get commit.template [10ms]
2023-10-31 02:13:20.515 [info] > git for-each-ref --format=%(refname)%00%(upstream:short)%00%(objectname)%00%(upstream:track)%00%(upstream:remotename)%00%(upstream:remoteref) refs/heads/Vinicius refs/remotes/Vinicius [5ms]
2023-10-31 02:13:20.546 [info] > git status -z -uall [24ms]
2023-10-31 02:13:25.564 [info] > git config --get commit.template [6ms]
2023-10-31 02:13:25.566 [info] > git for-each-ref --format=%(refname)%00%(upstream:short)%00%(objectname)%00%(upstream:track)%00%(upstream:remotename)%00%(upstream:remoteref) refs/heads/Vinicius refs/remotes/Vinicius [3ms]
2023-10-31 02:13:25.593 [info] > git status -z -uall [21ms]
2023-10-31 02:13:30.616 [info] > git config --get commit.template [9ms]
2023-10-31 02:13:30.618 [info] > git for-each-ref --format=%(refname)%00%(upstream:short)%00%(objectname)%00%(upstream:track)%00%(upstream:remotename)%00%(upstream:remoteref) refs/heads/Vinicius refs/remotes/Vinicius [7ms]
2023-10-31 02:13:30.645 [info] > git status -z -uall [21ms]
2023-10-31 02:13:35.663 [info] > git config --get commit.template [9ms]
2023-10-31 02:13:35.666 [info] > git for-each-ref --format=%(refname)%00%(upstream:short)%00%(objectname)%00%(upstream:track)%00%(upstream:remotename)%00%(upstream:remoteref) refs/heads/Vinicius refs/remotes/Vinicius [4ms]
2023-10-31 02:13:35.690 [info] > git status -z -uall [19ms]
2023-10-31 02:13:40.709 [info] > git config --get commit.template [8ms]
2023-10-31 02:13:40.712 [info] > git for-each-ref --format=%(refname)%00%(upstream:short)%00%(objectname)%00%(upstream:track)%00%(upstream:remotename)%00%(upstream:remoteref) refs/heads/Vinicius refs/remotes/Vinicius [5ms]
2023-10-31 02:13:40.736 [info] > git status -z -uall [19ms]
2023-10-31 02:13:45.763 [info] > git config --get commit.template [10ms]
2023-10-31 02:13:45.766 [info] > git for-each-ref --format=%(refname)%00%(upstream:short)%00%(objectname)%00%(upstream:track)%00%(upstream:remotename)%00%(upstream:remoteref) refs/heads/Vinicius refs/remotes/Vinicius [4ms]
2023-10-31 02:13:45.802 [info] > git status -z -uall [26ms]
2023-10-31 02:13:45.928 [info] > git check-ignore -v -z --stdin [5ms]
2023-10-31 02:13:47.725 [info] > git check-ignore -v -z --stdin [3ms]
2023-10-31 02:13:49.074 [info] > git check-ignore -v -z --stdin [4ms]
2023-10-31 02:13:50.562 [info] > git check-ignore -v -z --stdin [3ms]
2023-10-31 02:13:50.818 [info] > git config --get commit.template [7ms]
2023-10-31 02:13:50.821 [info] > git for-each-ref --format=%(refname)%00%(upstream:short)%00%(objectname)%00%(upstream:track)%00%(upstream:remotename)%00%(upstream:remoteref) refs/heads/Vinicius refs/remotes/Vinicius [4ms]
2023-10-31 02:13:50.849 [info] > git status -z -uall [23ms]
2023-10-31 02:13:51.966 [info] > git check-ignore -v -z --stdin [5ms]
2023-10-31 02:13:53.862 [info] > git check-ignore -v -z --stdin [4ms]
2023-10-31 02:32:12.480 [info] > git config --get commit.template [33ms]
2023-10-31 02:32:12.485 [info] > git for-each-ref --format=%(refname)%00%(upstream:short)%00%(objectname)%00%(upstream:track)%00%(upstream:remotename)%00%(upstream:remoteref) refs/heads/Vinicius refs/remotes/Vinicius [36ms]
2023-10-31 02:32:12.725 [info] > git status -z -uall [235ms]
2023-10-31 02:32:54.991 [info] > git config --get commit.template [7ms]
2023-10-31 02:32:54.993 [info] > git for-each-ref --format=%(refname)%00%(upstream:short)%00%(objectname)%00%(upstream:track)%00%(upstream:remotename)%00%(upstream:remoteref) refs/heads/Vinicius refs/remotes/Vinicius [3ms]
2023-10-31 02:32:55.017 [info] > git status -z -uall [18ms]
2023-10-31 02:33:22.859 [info] > git config --get commit.template [8ms]
2023-10-31 02:33:22.861 [info] > git for-each-ref --format=%(refname)%00%(upstream:short)%00%(objectname)%00%(upstream:track)%00%(upstream:remotename)%00%(upstream:remoteref) refs/heads/Vinicius refs/remotes/Vinicius [3ms]
2023-10-31 02:33:22.888 [info] > git status -z -uall [20ms]
2023-10-31 02:33:46.439 [info] > git config --get commit.template [10ms]
2023-10-31 02:33:46.442 [info] > git for-each-ref --format=%(refname)%00%(upstream:short)%00%(objectname)%00%(upstream:track)%00%(upstream:remotename)%00%(upstream:remoteref) refs/heads/Vinicius refs/remotes/Vinicius [5ms]
2023-10-31 02:33:46.471 [info] > git status -z -uall [19ms]
2023-10-31 02:33:51.488 [info] > git config --get commit.template [9ms]
2023-10-31 02:33:51.491 [info] > git for-each-ref --format=%(refname)%00%(upstream:short)%00%(objectname)%00%(upstream:track)%00%(upstream:remotename)%00%(upstream:remoteref) refs/heads/Vinicius refs/remotes/Vinicius [3ms]
2023-10-31 02:33:51.515 [info] > git status -z -uall [18ms]
2023-10-31 02:33:56.468 [info] > git show --textconv :CodeIgniter/app/Config/Routes.php [9ms]
2023-10-31 02:33:56.472 [info] > git ls-files --stage -- /var/www/clients/client2/web2/web/sistema/adsgrupo06/CodeIgniter/app/Config/Routes.php [5ms]
2023-10-31 02:33:56.480 [info] > git cat-file -s 0060a6f67dff3ec93b5cc0f12ac2503d61868e19 [3ms]
2023-10-31 02:33:56.530 [info] > git config --get commit.template [7ms]
2023-10-31 02:33:56.532 [info] > git for-each-ref --format=%(refname)%00%(upstream:short)%00%(objectname)%00%(upstream:track)%00%(upstream:remotename)%00%(upstream:remoteref) refs/heads/Vinicius refs/remotes/Vinicius [3ms]
2023-10-31 02:33:56.558 [info] > git status -z -uall [21ms]
2023-10-31 02:34:01.587 [info] > git config --get commit.template [13ms]
2023-10-31 02:34:01.590 [info] > git for-each-ref --format=%(refname)%00%(upstream:short)%00%(objectname)%00%(upstream:track)%00%(upstream:remotename)%00%(upstream:remoteref) refs/heads/Vinicius refs/remotes/Vinicius [4ms]
2023-10-31 02:34:01.615 [info] > git status -z -uall [20ms]
2023-10-31 02:34:17.972 [info] > git config --get commit.template [6ms]
2023-10-31 02:34:17.975 [info] > git for-each-ref --format=%(refname)%00%(upstream:short)%00%(objectname)%00%(upstream:track)%00%(upstream:remotename)%00%(upstream:remoteref) refs/heads/Vinicius refs/remotes/Vinicius [4ms]
2023-10-31 02:34:18.047 [info] > git status -z -uall [67ms]
2023-10-31 02:34:26.932 [info] > git config --get commit.template [8ms]
2023-10-31 02:34:26.936 [info] > git for-each-ref --format=%(refname)%00%(upstream:short)%00%(objectname)%00%(upstream:track)%00%(upstream:remotename)%00%(upstream:remoteref) refs/heads/Vinicius refs/remotes/Vinicius [5ms]
2023-10-31 02:34:26.961 [info] > git status -z -uall [18ms]
2023-10-31 02:34:31.977 [info] > git config --get commit.template [8ms]
2023-10-31 02:34:31.979 [info] > git for-each-ref --format=%(refname)%00%(upstream:short)%00%(objectname)%00%(upstream:track)%00%(upstream:remotename)%00%(upstream:remoteref) refs/heads/Vinicius refs/remotes/Vinicius [3ms]
2023-10-31 02:34:32.002 [info] > git status -z -uall [18ms]
2023-10-31 02:34:37.020 [info] > git config --get commit.template [9ms]
2023-10-31 02:34:37.022 [info] > git for-each-ref --format=%(refname)%00%(upstream:short)%00%(objectname)%00%(upstream:track)%00%(upstream:remotename)%00%(upstream:remoteref) refs/heads/Vinicius refs/remotes/Vinicius [3ms]
2023-10-31 02:34:37.047 [info] > git status -z -uall [19ms]
2023-10-31 02:34:42.065 [info] > git config --get commit.template [6ms]
2023-10-31 02:34:42.068 [info] > git for-each-ref --format=%(refname)%00%(upstream:short)%00%(objectname)%00%(upstream:track)%00%(upstream:remotename)%00%(upstream:remoteref) refs/heads/Vinicius refs/remotes/Vinicius [3ms]
2023-10-31 02:34:42.091 [info] > git status -z -uall [18ms]
2023-10-31 02:35:10.617 [info] > git config --get commit.template [10ms]
2023-10-31 02:35:10.621 [info] > git for-each-ref --format=%(refname)%00%(upstream:short)%00%(objectname)%00%(upstream:track)%00%(upstream:remotename)%00%(upstream:remoteref) refs/heads/Vinicius refs/remotes/Vinicius [5ms]
2023-10-31 02:35:10.648 [info] > git status -z -uall [21ms]
2023-10-31 02:36:13.738 [info] > git config --get commit.template [10ms]
2023-10-31 02:36:13.740 [info] > git for-each-ref --format=%(refname)%00%(upstream:short)%00%(objectname)%00%(upstream:track)%00%(upstream:remotename)%00%(upstream:remoteref) refs/heads/Vinicius refs/remotes/Vinicius [3ms]
2023-10-31 02:36:13.769 [info] > git status -z -uall [19ms]
2023-10-31 02:37:16.324 [info] > git config --get commit.template [7ms]
2023-10-31 02:37:16.326 [info] > git for-each-ref --format=%(refname)%00%(upstream:short)%00%(objectname)%00%(upstream:track)%00%(upstream:remotename)%00%(upstream:remoteref) refs/heads/Vinicius refs/remotes/Vinicius [2ms]
2023-10-31 02:37:16.354 [info] > git status -z -uall [23ms]
2023-10-31 02:37:17.658 [info] > git show --textconv :CodeIgniter/app/Controllers/TesteConexao.php [10ms]
2023-10-31 02:37:17.662 [info] > git ls-files --stage -- /var/www/clients/client2/web2/web/sistema/adsgrupo06/CodeIgniter/app/Controllers/TesteConexao.php [5ms]
2023-10-31 02:37:17.671 [info] > git cat-file -s b93738fb6cc8ba9d66b40769236c9c0d4ed7315b [2ms]
2023-10-31 02:37:19.960 [info] > git check-ignore -v -z --stdin [4ms]
2023-10-31 02:37:21.369 [info] > git config --get commit.template [6ms]
2023-10-31 02:37:21.372 [info] > git for-each-ref --format=%(refname)%00%(upstream:short)%00%(objectname)%00%(upstream:track)%00%(upstream:remotename)%00%(upstream:remoteref) refs/heads/Vinicius refs/remotes/Vinicius [4ms]
2023-10-31 02:37:21.396 [info] > git status -z -uall [17ms]
2023-10-31 02:37:23.418 [info] > git show --textconv :CodeIgniter/app/Controllers/Home.php [9ms]
2023-10-31 02:37:23.421 [info] > git ls-files --stage -- /var/www/clients/client2/web2/web/sistema/adsgrupo06/CodeIgniter/app/Controllers/Home.php [5ms]
2023-10-31 02:37:23.428 [info] > git cat-file -s 7f867e95ffc4ba99886ae44b16ac5d84b7947395 [2ms]
2023-10-31 02:37:25.424 [info] > git show --textconv :CodeIgniter/app/Controllers/TesteConexao.php [7ms]
2023-10-31 02:37:25.428 [info] > git ls-files --stage -- /var/www/clients/client2/web2/web/sistema/adsgrupo06/CodeIgniter/app/Controllers/TesteConexao.php [4ms]
2023-10-31 02:37:25.435 [info] > git cat-file -s b93738fb6cc8ba9d66b40769236c9c0d4ed7315b [2ms]
2023-10-31 02:37:26.413 [info] > git config --get commit.template [8ms]
2023-10-31 02:37:26.415 [info] > git for-each-ref --format=%(refname)%00%(upstream:short)%00%(objectname)%00%(upstream:track)%00%(upstream:remotename)%00%(upstream:remoteref) refs/heads/Vinicius refs/remotes/Vinicius [3ms]
2023-10-31 02:37:26.439 [info] > git status -z -uall [19ms]
2023-10-31 02:37:31.458 [info] > git config --get commit.template [7ms]
2023-10-31 02:37:31.460 [info] > git for-each-ref --format=%(refname)%00%(upstream:short)%00%(objectname)%00%(upstream:track)%00%(upstream:remotename)%00%(upstream:remoteref) refs/heads/Vinicius refs/remotes/Vinicius [3ms]
2023-10-31 02:37:31.483 [info] > git status -z -uall [18ms]
2023-10-31 02:37:38.289 [info] > git config --get commit.template [6ms]
2023-10-31 02:37:38.291 [info] > git for-each-ref --format=%(refname)%00%(upstream:short)%00%(objectname)%00%(upstream:track)%00%(upstream:remotename)%00%(upstream:remoteref) refs/heads/Vinicius refs/remotes/Vinicius [3ms]
2023-10-31 02:37:38.315 [info] > git status -z -uall [19ms]
2023-10-31 02:38:27.637 [info] > git config --get commit.template [7ms]
2023-10-31 02:38:27.640 [info] > git for-each-ref --format=%(refname)%00%(upstream:short)%00%(objectname)%00%(upstream:track)%00%(upstream:remotename)%00%(upstream:remoteref) refs/heads/Vinicius refs/remotes/Vinicius [4ms]
2023-10-31 02:38:27.665 [info] > git status -z -uall [20ms]
2023-10-31 02:38:32.683 [info] > git config --get commit.template [7ms]
2023-10-31 02:38:32.700 [info] > git for-each-ref --format=%(refname)%00%(upstream:short)%00%(objectname)%00%(upstream:track)%00%(upstream:remotename)%00%(upstream:remoteref) refs/heads/Vinicius refs/remotes/Vinicius [18ms]
2023-10-31 02:38:32.709 [info] > git show --textconv :CodeIgniter/app/Controllers/Home.php [17ms]
2023-10-31 02:38:32.710 [info] > git ls-files --stage -- /var/www/clients/client2/web2/web/sistema/adsgrupo06/CodeIgniter/app/Controllers/Home.php [11ms]
2023-10-31 02:38:32.734 [info] > git cat-file -s 7f867e95ffc4ba99886ae44b16ac5d84b7947395 [17ms]
2023-10-31 02:38:32.740 [info] > git status -z -uall [32ms]
2023-10-31 02:38:33.678 [info] > git show --textconv :CodeIgniter/app/Config/Routes.php [8ms]
2023-10-31 02:38:33.682 [info] > git ls-files --stage -- /var/www/clients/client2/web2/web/sistema/adsgrupo06/CodeIgniter/app/Config/Routes.php [5ms]
2023-10-31 02:38:33.689 [info] > git cat-file -s 0060a6f67dff3ec93b5cc0f12ac2503d61868e19 [2ms]
2023-10-31 02:38:37.762 [info] > git config --get commit.template [11ms]
2023-10-31 02:38:37.765 [info] > git for-each-ref --format=%(refname)%00%(upstream:short)%00%(objectname)%00%(upstream:track)%00%(upstream:remotename)%00%(upstream:remoteref) refs/heads/Vinicius refs/remotes/Vinicius [4ms]
2023-10-31 02:38:37.798 [info] > git status -z -uall [25ms]
2023-10-31 02:38:38.520 [info] > git show --textconv :CodeIgniter/app/Controllers/Home.php [8ms]
2023-10-31 02:38:38.524 [info] > git ls-files --stage -- /var/www/clients/client2/web2/web/sistema/adsgrupo06/CodeIgniter/app/Controllers/Home.php [5ms]
2023-10-31 02:38:38.531 [info] > git cat-file -s 7f867e95ffc4ba99886ae44b16ac5d84b7947395 [2ms]
2023-10-31 02:38:39.875 [info] > git show --textconv :CodeIgniter/app/Controllers/TesteConexao.php [9ms]
2023-10-31 02:38:39.880 [info] > git ls-files --stage -- /var/www/clients/client2/web2/web/sistema/adsgrupo06/CodeIgniter/app/Controllers/TesteConexao.php [5ms]
2023-10-31 02:38:39.888 [info] > git cat-file -s b93738fb6cc8ba9d66b40769236c9c0d4ed7315b [4ms]
2023-10-31 02:38:42.817 [info] > git config --get commit.template [7ms]
2023-10-31 02:38:42.819 [info] > git for-each-ref --format=%(refname)%00%(upstream:short)%00%(objectname)%00%(upstream:track)%00%(upstream:remotename)%00%(upstream:remoteref) refs/heads/Vinicius refs/remotes/Vinicius [3ms]
2023-10-31 02:38:42.842 [info] > git status -z -uall [18ms]
2023-10-31 02:38:47.861 [info] > git config --get commit.template [7ms]
2023-10-31 02:38:47.863 [info] > git for-each-ref --format=%(refname)%00%(upstream:short)%00%(objectname)%00%(upstream:track)%00%(upstream:remotename)%00%(upstream:remoteref) refs/heads/Vinicius refs/remotes/Vinicius [3ms]
2023-10-31 02:38:47.903 [info] > git status -z -uall [26ms]
2023-10-31 02:38:51.551 [info] > git show --textconv :CodeIgniter/app/Config/Database.php [8ms]
2023-10-31 02:38:51.555 [info] > git ls-files --stage -- /var/www/clients/client2/web2/web/sistema/adsgrupo06/CodeIgniter/app/Config/Database.php [6ms]
2023-10-31 02:38:51.561 [info] > git cat-file -s 1f41a2fa6d5e4ebc80ff93bd7ed0f8c799e6bc6f [2ms]
2023-10-31 02:38:52.925 [info] > git config --get commit.template [7ms]
2023-10-31 02:38:52.928 [info] > git for-each-ref --format=%(refname)%00%(upstream:short)%00%(objectname)%00%(upstream:track)%00%(upstream:remotename)%00%(upstream:remoteref) refs/heads/Vinicius refs/remotes/Vinicius [3ms]
2023-10-31 02:38:52.952 [info] > git status -z -uall [18ms]
2023-10-31 02:38:57.969 [info] > git config --get commit.template [8ms]
2023-10-31 02:38:57.971 [info] > git for-each-ref --format=%(refname)%00%(upstream:short)%00%(objectname)%00%(upstream:track)%00%(upstream:remotename)%00%(upstream:remoteref) refs/heads/Vinicius refs/remotes/Vinicius [4ms]
2023-10-31 02:38:57.994 [info] > git status -z -uall [18ms]
2023-10-31 02:39:03.018 [info] > git config --get commit.template [13ms]
2023-10-31 02:39:03.019 [info] > git for-each-ref --format=%(refname)%00%(upstream:short)%00%(objectname)%00%(upstream:track)%00%(upstream:remotename)%00%(upstream:remoteref) refs/heads/Vinicius refs/remotes/Vinicius [6ms]
2023-10-31 02:39:03.042 [info] > git status -z -uall [18ms]
2023-10-31 02:39:08.060 [info] > git config --get commit.template [7ms]
2023-10-31 02:39:08.062 [info] > git for-each-ref --format=%(refname)%00%(upstream:short)%00%(objectname)%00%(upstream:track)%00%(upstream:remotename)%00%(upstream:remoteref) refs/heads/Vinicius refs/remotes/Vinicius [3ms]
2023-10-31 02:39:08.083 [info] > git status -z -uall [17ms]
