*
* Visual Studio Code Server
*
* By using the software, you agree to
* the Visual Studio Code Server License Terms (https://aka.ms/vscode-server-license) and
* the Microsoft Privacy Statement (https://privacy.microsoft.com/en-US/privacystatement).
*
Server bound to 127.0.0.1:42473 (IPv4)
Extension host agent listening on 42473

[01:51:49] 




[01:51:49] Extension host agent started.
[01:51:50] [127.0.0.1][bbc6b4a4][ManagementConnection] New connection established.
[01:51:51] [127.0.0.1][f48a0b43][ExtensionHostConnection] New connection established.
[01:51:51] [127.0.0.1][f48a0b43][ExtensionHostConnection] <31303> Launched Extension Host Process.
[01:52:00] [127.0.0.1][bbc6b4a4][ManagementConnection] The client has disconnected gracefully, so the connection will be disposed.
[01:52:00] [127.0.0.1][f48a0b43][ExtensionHostConnection] <31303> Extension Host Process exited with code: 0, signal: null.
Cancelling previous shutdown timeout
[01:52:00] Cancelling previous shutdown timeout
Last EH closed, waiting before shutting down
[01:52:00] Last EH closed, waiting before shutting down
Got delay-shutdown request while in shutdown timeout, delaying
[01:52:17] Got delay-shutdown request while in shutdown timeout, delaying
Cancelling previous shutdown timeout
[01:52:17] Cancelling previous shutdown timeout
[01:52:18] [127.0.0.1][817e5cbe][ManagementConnection] New connection established.
[01:52:18] [127.0.0.1][bd141b21][ExtensionHostConnection] New connection established.
[01:52:18] [127.0.0.1][bd141b21][ExtensionHostConnection] <31472> Launched Extension Host Process.
rejected promise not handled within 1 second: CodeExpectedError: Could not find pty on pty host
stack trace: CodeExpectedError: Could not find pty on pty host
    at A.U (/var/www/clients/client2/web2/web/sistema/adsgrupo06/.vscode-server/bin/f1b07bd25dfad64b0167beb15359ae573aecd2cc/out/vs/platform/terminal/node/ptyHostMain.js:44:32246)
    at A.updateTitle (/var/www/clients/client2/web2/web/sistema/adsgrupo06/.vscode-server/bin/f1b07bd25dfad64b0167beb15359ae573aecd2cc/out/vs/platform/terminal/node/ptyHostMain.js:44:27446)
    at V.<computed> (/var/www/clients/client2/web2/web/sistema/adsgrupo06/.vscode-server/bin/f1b07bd25dfad64b0167beb15359ae573aecd2cc/out/vs/platform/terminal/node/ptyHostMain.js:44:22715)
    at Object.call (/var/www/clients/client2/web2/web/sistema/adsgrupo06/.vscode-server/bin/f1b07bd25dfad64b0167beb15359ae573aecd2cc/out/vs/platform/terminal/node/ptyHostMain.js:34:5059)
    at h.s (/var/www/clients/client2/web2/web/sistema/adsgrupo06/.vscode-server/bin/f1b07bd25dfad64b0167beb15359ae573aecd2cc/out/vs/platform/terminal/node/ptyHostMain.js:32:5150)
    at h.q (/var/www/clients/client2/web2/web/sistema/adsgrupo06/.vscode-server/bin/f1b07bd25dfad64b0167beb15359ae573aecd2cc/out/vs/platform/terminal/node/ptyHostMain.js:32:4661)
    at g.value (/var/www/clients/client2/web2/web/sistema/adsgrupo06/.vscode-server/bin/f1b07bd25dfad64b0167beb15359ae573aecd2cc/out/vs/platform/terminal/node/ptyHostMain.js:32:4066)
    at n.z (/var/www/clients/client2/web2/web/sistema/adsgrupo06/.vscode-server/bin/f1b07bd25dfad64b0167beb15359ae573aecd2cc/out/vs/platform/terminal/node/ptyHostMain.js:27:1902)
    at n.fire (/var/www/clients/client2/web2/web/sistema/adsgrupo06/.vscode-server/bin/f1b07bd25dfad64b0167beb15359ae573aecd2cc/out/vs/platform/terminal/node/ptyHostMain.js:27:2119)
    at process.he (/var/www/clients/client2/web2/web/sistema/adsgrupo06/.vscode-server/bin/f1b07bd25dfad64b0167beb15359ae573aecd2cc/out/vs/platform/terminal/node/ptyHostMain.js:25:9949)
    at process.emit (node:events:513:28)
    at emit (node:internal/child_process:937:14)
    at process.processTicksAndRejections (node:internal/process/task_queues:83:21)
[01:52:25] Error [CodeExpectedError]: Could not find pty on pty host
    at A.U (/var/www/clients/client2/web2/web/sistema/adsgrupo06/.vscode-server/bin/f1b07bd25dfad64b0167beb15359ae573aecd2cc/out/vs/platform/terminal/node/ptyHostMain.js:44:32246)
    at A.updateTitle (/var/www/clients/client2/web2/web/sistema/adsgrupo06/.vscode-server/bin/f1b07bd25dfad64b0167beb15359ae573aecd2cc/out/vs/platform/terminal/node/ptyHostMain.js:44:27446)
    at V.<computed> (/var/www/clients/client2/web2/web/sistema/adsgrupo06/.vscode-server/bin/f1b07bd25dfad64b0167beb15359ae573aecd2cc/out/vs/platform/terminal/node/ptyHostMain.js:44:22715)
    at Object.call (/var/www/clients/client2/web2/web/sistema/adsgrupo06/.vscode-server/bin/f1b07bd25dfad64b0167beb15359ae573aecd2cc/out/vs/platform/terminal/node/ptyHostMain.js:34:5059)
    at h.s (/var/www/clients/client2/web2/web/sistema/adsgrupo06/.vscode-server/bin/f1b07bd25dfad64b0167beb15359ae573aecd2cc/out/vs/platform/terminal/node/ptyHostMain.js:32:5150)
    at h.q (/var/www/clients/client2/web2/web/sistema/adsgrupo06/.vscode-server/bin/f1b07bd25dfad64b0167beb15359ae573aecd2cc/out/vs/platform/terminal/node/ptyHostMain.js:32:4661)
    at g.value (/var/www/clients/client2/web2/web/sistema/adsgrupo06/.vscode-server/bin/f1b07bd25dfad64b0167beb15359ae573aecd2cc/out/vs/platform/terminal/node/ptyHostMain.js:32:4066)
    at n.z (/var/www/clients/client2/web2/web/sistema/adsgrupo06/.vscode-server/bin/f1b07bd25dfad64b0167beb15359ae573aecd2cc/out/vs/platform/terminal/node/ptyHostMain.js:27:1902)
    at n.fire (/var/www/clients/client2/web2/web/sistema/adsgrupo06/.vscode-server/bin/f1b07bd25dfad64b0167beb15359ae573aecd2cc/out/vs/platform/terminal/node/ptyHostMain.js:27:2119)
    at process.he (/var/www/clients/client2/web2/web/sistema/adsgrupo06/.vscode-server/bin/f1b07bd25dfad64b0167beb15359ae573aecd2cc/out/vs/platform/terminal/node/ptyHostMain.js:25:9949)
    at process.emit (node:events:513:28)
    at emit (node:internal/child_process:937:14)
    at process.processTicksAndRejections (node:internal/process/task_queues:83:21)
rejected promise not handled within 1 second: CodeExpectedError: Could not find pty on pty host
stack trace: CodeExpectedError: Could not find pty on pty host
    at A.U (/var/www/clients/client2/web2/web/sistema/adsgrupo06/.vscode-server/bin/f1b07bd25dfad64b0167beb15359ae573aecd2cc/out/vs/platform/terminal/node/ptyHostMain.js:44:32246)
    at A.updateIcon (/var/www/clients/client2/web2/web/sistema/adsgrupo06/.vscode-server/bin/f1b07bd25dfad64b0167beb15359ae573aecd2cc/out/vs/platform/terminal/node/ptyHostMain.js:44:27496)
    at V.<computed> (/var/www/clients/client2/web2/web/sistema/adsgrupo06/.vscode-server/bin/f1b07bd25dfad64b0167beb15359ae573aecd2cc/out/vs/platform/terminal/node/ptyHostMain.js:44:22715)
    at Object.call (/var/www/clients/client2/web2/web/sistema/adsgrupo06/.vscode-server/bin/f1b07bd25dfad64b0167beb15359ae573aecd2cc/out/vs/platform/terminal/node/ptyHostMain.js:34:5059)
    at h.s (/var/www/clients/client2/web2/web/sistema/adsgrupo06/.vscode-server/bin/f1b07bd25dfad64b0167beb15359ae573aecd2cc/out/vs/platform/terminal/node/ptyHostMain.js:32:5150)
    at h.q (/var/www/clients/client2/web2/web/sistema/adsgrupo06/.vscode-server/bin/f1b07bd25dfad64b0167beb15359ae573aecd2cc/out/vs/platform/terminal/node/ptyHostMain.js:32:4661)
    at g.value (/var/www/clients/client2/web2/web/sistema/adsgrupo06/.vscode-server/bin/f1b07bd25dfad64b0167beb15359ae573aecd2cc/out/vs/platform/terminal/node/ptyHostMain.js:32:4066)
    at n.z (/var/www/clients/client2/web2/web/sistema/adsgrupo06/.vscode-server/bin/f1b07bd25dfad64b0167beb15359ae573aecd2cc/out/vs/platform/terminal/node/ptyHostMain.js:27:1902)
    at n.fire (/var/www/clients/client2/web2/web/sistema/adsgrupo06/.vscode-server/bin/f1b07bd25dfad64b0167beb15359ae573aecd2cc/out/vs/platform/terminal/node/ptyHostMain.js:27:2119)
    at process.he (/var/www/clients/client2/web2/web/sistema/adsgrupo06/.vscode-server/bin/f1b07bd25dfad64b0167beb15359ae573aecd2cc/out/vs/platform/terminal/node/ptyHostMain.js:25:9949)
    at process.emit (node:events:513:28)
    at emit (node:internal/child_process:937:14)
    at process.processTicksAndRejections (node:internal/process/task_queues:83:21)
[01:52:25] Error [CodeExpectedError]: Could not find pty on pty host
    at A.U (/var/www/clients/client2/web2/web/sistema/adsgrupo06/.vscode-server/bin/f1b07bd25dfad64b0167beb15359ae573aecd2cc/out/vs/platform/terminal/node/ptyHostMain.js:44:32246)
    at A.updateIcon (/var/www/clients/client2/web2/web/sistema/adsgrupo06/.vscode-server/bin/f1b07bd25dfad64b0167beb15359ae573aecd2cc/out/vs/platform/terminal/node/ptyHostMain.js:44:27496)
    at V.<computed> (/var/www/clients/client2/web2/web/sistema/adsgrupo06/.vscode-server/bin/f1b07bd25dfad64b0167beb15359ae573aecd2cc/out/vs/platform/terminal/node/ptyHostMain.js:44:22715)
    at Object.call (/var/www/clients/client2/web2/web/sistema/adsgrupo06/.vscode-server/bin/f1b07bd25dfad64b0167beb15359ae573aecd2cc/out/vs/platform/terminal/node/ptyHostMain.js:34:5059)
    at h.s (/var/www/clients/client2/web2/web/sistema/adsgrupo06/.vscode-server/bin/f1b07bd25dfad64b0167beb15359ae573aecd2cc/out/vs/platform/terminal/node/ptyHostMain.js:32:5150)
    at h.q (/var/www/clients/client2/web2/web/sistema/adsgrupo06/.vscode-server/bin/f1b07bd25dfad64b0167beb15359ae573aecd2cc/out/vs/platform/terminal/node/ptyHostMain.js:32:4661)
    at g.value (/var/www/clients/client2/web2/web/sistema/adsgrupo06/.vscode-server/bin/f1b07bd25dfad64b0167beb15359ae573aecd2cc/out/vs/platform/terminal/node/ptyHostMain.js:32:4066)
    at n.z (/var/www/clients/client2/web2/web/sistema/adsgrupo06/.vscode-server/bin/f1b07bd25dfad64b0167beb15359ae573aecd2cc/out/vs/platform/terminal/node/ptyHostMain.js:27:1902)
    at n.fire (/var/www/clients/client2/web2/web/sistema/adsgrupo06/.vscode-server/bin/f1b07bd25dfad64b0167beb15359ae573aecd2cc/out/vs/platform/terminal/node/ptyHostMain.js:27:2119)
    at process.he (/var/www/clients/client2/web2/web/sistema/adsgrupo06/.vscode-server/bin/f1b07bd25dfad64b0167beb15359ae573aecd2cc/out/vs/platform/terminal/node/ptyHostMain.js:25:9949)
    at process.emit (node:events:513:28)
    at emit (node:internal/child_process:937:14)
    at process.processTicksAndRejections (node:internal/process/task_queues:83:21)
New EH opened, aborting shutdown
[01:57:17] New EH opened, aborting shutdown
