2023-11-04 20:29:05.206 [info] Log level: Info
2023-11-04 20:29:05.207 [info] Validating found git in: "git"
2023-11-04 20:29:05.207 [info] Using git "2.20.1" from "git"
2023-11-04 20:29:05.207 [info] > git rev-parse --show-toplevel [54ms]
2023-11-04 20:29:05.207 [info] > git rev-parse --git-dir --git-common-dir [8ms]
2023-11-04 20:29:05.207 [info] Open repository: /var/www/clients/client2/web2/web/sistema/adsgrupo06
2023-11-04 20:29:05.212 [info] > git config --get commit.template [16ms]
2023-11-04 20:29:05.218 [info] > git rev-parse --show-toplevel [14ms]
2023-11-04 20:29:05.441 [info] > git for-each-ref --format=%(refname)%00%(upstream:short)%00%(objectname)%00%(upstream:track)%00%(upstream:remotename)%00%(upstream:remoteref) refs/heads/Vinicius refs/remotes/Vinicius [210ms]
2023-11-04 20:29:05.487 [info] > git rev-parse --show-toplevel [217ms]
2023-11-04 20:29:05.528 [info] > git rev-parse --show-toplevel [16ms]
2023-11-04 20:29:06.010 [info] > git status -z -uall [527ms]
2023-11-04 20:29:06.019 [info] > git rev-parse --show-toplevel [395ms]
2023-11-04 20:29:06.553 [info] > git rev-parse --show-toplevel [476ms]
2023-11-04 20:29:06.648 [info] > git rev-parse --show-toplevel [15ms]
2023-11-04 20:29:06.664 [info] > git config --get commit.template [107ms]
2023-11-04 20:29:06.724 [info] > git for-each-ref --format=%(refname)%00%(upstream:short)%00%(objectname)%00%(upstream:track)%00%(upstream:remotename)%00%(upstream:remoteref) refs/heads/Vinicius refs/remotes/Vinicius [29ms]
2023-11-04 20:29:06.748 [info] > git rev-parse --show-toplevel [39ms]
2023-11-04 20:29:06.859 [info] > git rev-parse --show-toplevel [16ms]
2023-11-04 20:29:06.922 [info] > git rev-parse --show-toplevel [13ms]
2023-11-04 20:29:06.961 [info] > git rev-parse --show-toplevel [8ms]
2023-11-04 20:29:07.013 [info] > git status -z -uall [272ms]
2023-11-04 20:29:07.374 [info] > git show --textconv :CodeIgniter/app/Views/salas_editar_selecao.php [50ms]
2023-11-04 20:29:07.403 [info] > git ls-files --stage -- /var/www/clients/client2/web2/web/sistema/adsgrupo06/CodeIgniter/app/Views/salas_editar_selecao.php [50ms]
2023-11-04 20:29:07.658 [info] > git check-ignore -v -z --stdin [87ms]
2023-11-04 20:29:08.565 [info] > git config --get commit.template [31ms]
2023-11-04 20:29:08.580 [info] > git for-each-ref --format=%(refname)%00%(upstream:short)%00%(objectname)%00%(upstream:track)%00%(upstream:remotename)%00%(upstream:remoteref) refs/heads/Vinicius refs/remotes/Vinicius [37ms]
2023-11-04 20:29:08.978 [info] > git status -z -uall [355ms]
2023-11-04 20:29:14.026 [info] > git config --get commit.template [22ms]
2023-11-04 20:29:14.031 [info] > git for-each-ref --format=%(refname)%00%(upstream:short)%00%(objectname)%00%(upstream:track)%00%(upstream:remotename)%00%(upstream:remoteref) refs/heads/Vinicius refs/remotes/Vinicius [18ms]
2023-11-04 20:29:14.167 [info] > git status -z -uall [127ms]
2023-11-04 20:29:19.199 [info] > git config --get commit.template [11ms]
2023-11-04 20:29:19.201 [info] > git for-each-ref --format=%(refname)%00%(upstream:short)%00%(objectname)%00%(upstream:track)%00%(upstream:remotename)%00%(upstream:remoteref) refs/heads/Vinicius refs/remotes/Vinicius [4ms]
2023-11-04 20:29:19.251 [info] > git status -z -uall [45ms]
2023-11-04 20:29:36.857 [info] > git config --get commit.template [11ms]
2023-11-04 20:29:36.861 [info] > git for-each-ref --format=%(refname)%00%(upstream:short)%00%(objectname)%00%(upstream:track)%00%(upstream:remotename)%00%(upstream:remoteref) refs/heads/Vinicius refs/remotes/Vinicius [5ms]
2023-11-04 20:29:36.909 [info] > git status -z -uall [42ms]
2023-11-04 20:29:41.934 [info] > git config --get commit.template [8ms]
2023-11-04 20:29:41.937 [info] > git for-each-ref --format=%(refname)%00%(upstream:short)%00%(objectname)%00%(upstream:track)%00%(upstream:remotename)%00%(upstream:remoteref) refs/heads/Vinicius refs/remotes/Vinicius [3ms]
2023-11-04 20:29:42.032 [info] > git status -z -uall [89ms]
2023-11-04 20:29:42.346 [info] > git show --textconv :CodeIgniter/app/Controllers/SalasEditar.php [25ms]
2023-11-04 20:29:42.353 [info] > git ls-files --stage -- /var/www/clients/client2/web2/web/sistema/adsgrupo06/CodeIgniter/app/Controllers/SalasEditar.php [8ms]
2023-11-04 20:29:56.106 [info] > git config --get commit.template [9ms]
2023-11-04 20:29:56.109 [info] > git for-each-ref --format=%(refname)%00%(upstream:short)%00%(objectname)%00%(upstream:track)%00%(upstream:remotename)%00%(upstream:remoteref) refs/heads/Vinicius refs/remotes/Vinicius [4ms]
2023-11-04 20:29:56.156 [info] > git status -z -uall [41ms]
2023-11-04 20:29:56.475 [info] > git show --textconv :CodeIgniter/app/Views/salas_editar_selecao.php [16ms]
2023-11-04 20:29:56.480 [info] > git ls-files --stage -- /var/www/clients/client2/web2/web/sistema/adsgrupo06/CodeIgniter/app/Views/salas_editar_selecao.php [9ms]
2023-11-04 20:30:01.177 [info] > git config --get commit.template [8ms]
2023-11-04 20:30:01.180 [info] > git for-each-ref --format=%(refname)%00%(upstream:short)%00%(objectname)%00%(upstream:track)%00%(upstream:remotename)%00%(upstream:remoteref) refs/heads/Vinicius refs/remotes/Vinicius [4ms]
2023-11-04 20:30:01.233 [info] > git status -z -uall [47ms]
2023-11-04 20:30:18.978 [info] > git config --get commit.template [21ms]
2023-11-04 20:30:18.981 [info] > git for-each-ref --format=%(refname)%00%(upstream:short)%00%(objectname)%00%(upstream:track)%00%(upstream:remotename)%00%(upstream:remoteref) refs/heads/Vinicius refs/remotes/Vinicius [17ms]
2023-11-04 20:30:19.192 [info] > git status -z -uall [206ms]
2023-11-04 20:32:00.090 [info] > git config --get commit.template [8ms]
2023-11-04 20:32:00.093 [info] > git for-each-ref --format=%(refname)%00%(upstream:short)%00%(objectname)%00%(upstream:track)%00%(upstream:remotename)%00%(upstream:remoteref) refs/heads/Vinicius refs/remotes/Vinicius [4ms]
2023-11-04 20:32:00.149 [info] > git status -z -uall [50ms]
2023-11-04 20:32:00.959 [info] > git show --textconv :CodeIgniter/app/Config/Routes.php [9ms]
2023-11-04 20:32:00.964 [info] > git ls-files --stage -- /var/www/clients/client2/web2/web/sistema/adsgrupo06/CodeIgniter/app/Config/Routes.php [7ms]
2023-11-04 20:32:00.983 [info] > git cat-file -s 2dc9b099a946e0cef6bc0f2e687e5fdd8e93bd8a [6ms]
2023-11-04 20:33:29.098 [info] > git config --get commit.template [8ms]
2023-11-04 20:33:29.101 [info] > git for-each-ref --format=%(refname)%00%(upstream:short)%00%(objectname)%00%(upstream:track)%00%(upstream:remotename)%00%(upstream:remoteref) refs/heads/Vinicius refs/remotes/Vinicius [3ms]
2023-11-04 20:33:29.145 [info] > git status -z -uall [40ms]
2023-11-04 20:33:29.962 [info] > git show --textconv :CodeIgniter/app/Controllers/SalasEditarSelecionada.php [8ms]
2023-11-04 20:33:29.974 [info] > git ls-files --stage -- /var/www/clients/client2/web2/web/sistema/adsgrupo06/CodeIgniter/app/Controllers/SalasEditarSelecionada.php [13ms]
2023-11-04 20:33:34.175 [info] > git config --get commit.template [12ms]
2023-11-04 20:33:34.178 [info] > git for-each-ref --format=%(refname)%00%(upstream:short)%00%(objectname)%00%(upstream:track)%00%(upstream:remotename)%00%(upstream:remoteref) refs/heads/Vinicius refs/remotes/Vinicius [3ms]
2023-11-04 20:33:34.230 [info] > git status -z -uall [44ms]
2023-11-04 20:33:39.253 [info] > git config --get commit.template [10ms]
2023-11-04 20:33:39.255 [info] > git for-each-ref --format=%(refname)%00%(upstream:short)%00%(objectname)%00%(upstream:track)%00%(upstream:remotename)%00%(upstream:remoteref) refs/heads/Vinicius refs/remotes/Vinicius [4ms]
2023-11-04 20:33:39.294 [info] > git status -z -uall [33ms]
2023-11-04 20:34:47.270 [info] > git config --get commit.template [10ms]
2023-11-04 20:34:47.273 [info] > git for-each-ref --format=%(refname)%00%(upstream:short)%00%(objectname)%00%(upstream:track)%00%(upstream:remotename)%00%(upstream:remoteref) refs/heads/Vinicius refs/remotes/Vinicius [4ms]
2023-11-04 20:34:47.323 [info] > git status -z -uall [45ms]
2023-11-04 20:34:52.347 [info] > git config --get commit.template [7ms]
2023-11-04 20:34:52.349 [info] > git for-each-ref --format=%(refname)%00%(upstream:short)%00%(objectname)%00%(upstream:track)%00%(upstream:remotename)%00%(upstream:remoteref) refs/heads/Vinicius refs/remotes/Vinicius [3ms]
2023-11-04 20:34:52.388 [info] > git status -z -uall [34ms]
2023-11-04 20:35:29.495 [info] > git config --get commit.template [8ms]
2023-11-04 20:35:29.498 [info] > git for-each-ref --format=%(refname)%00%(upstream:short)%00%(objectname)%00%(upstream:track)%00%(upstream:remotename)%00%(upstream:remoteref) refs/heads/Vinicius refs/remotes/Vinicius [5ms]
2023-11-04 20:35:29.628 [info] > git status -z -uall [125ms]
2023-11-04 20:35:30.554 [info] > git show --textconv :CodeIgniter/app/Views/salas_editar_selecionada.php [8ms]
2023-11-04 20:35:30.559 [info] > git ls-files --stage -- /var/www/clients/client2/web2/web/sistema/adsgrupo06/CodeIgniter/app/Views/salas_editar_selecionada.php [5ms]
2023-11-04 20:35:34.657 [info] > git config --get commit.template [11ms]
2023-11-04 20:35:34.660 [info] > git for-each-ref --format=%(refname)%00%(upstream:short)%00%(objectname)%00%(upstream:track)%00%(upstream:remotename)%00%(upstream:remoteref) refs/heads/Vinicius refs/remotes/Vinicius [5ms]
2023-11-04 20:35:34.723 [info] > git status -z -uall [55ms]
2023-11-04 20:36:05.906 [info] > git config --get commit.template [10ms]
2023-11-04 20:36:05.909 [info] > git for-each-ref --format=%(refname)%00%(upstream:short)%00%(objectname)%00%(upstream:track)%00%(upstream:remotename)%00%(upstream:remoteref) refs/heads/Vinicius refs/remotes/Vinicius [5ms]
2023-11-04 20:36:05.955 [info] > git status -z -uall [40ms]
2023-11-04 20:36:10.977 [info] > git config --get commit.template [9ms]
2023-11-04 20:36:10.980 [info] > git for-each-ref --format=%(refname)%00%(upstream:short)%00%(objectname)%00%(upstream:track)%00%(upstream:remotename)%00%(upstream:remoteref) refs/heads/Vinicius refs/remotes/Vinicius [4ms]
2023-11-04 20:36:11.019 [info] > git status -z -uall [33ms]
2023-11-04 20:36:56.763 [info] > git config --get commit.template [11ms]
2023-11-04 20:36:56.766 [info] > git for-each-ref --format=%(refname)%00%(upstream:short)%00%(objectname)%00%(upstream:track)%00%(upstream:remotename)%00%(upstream:remoteref) refs/heads/Vinicius refs/remotes/Vinicius [5ms]
2023-11-04 20:36:56.834 [info] > git status -z -uall [57ms]
2023-11-04 20:36:57.115 [info] > git show --textconv :CodeIgniter/app/Config/Routes.php [13ms]
2023-11-04 20:36:57.120 [info] > git ls-files --stage -- /var/www/clients/client2/web2/web/sistema/adsgrupo06/CodeIgniter/app/Config/Routes.php [9ms]
2023-11-04 20:36:57.129 [info] > git cat-file -s 2dc9b099a946e0cef6bc0f2e687e5fdd8e93bd8a [3ms]
2023-11-04 20:37:01.864 [info] > git config --get commit.template [12ms]
2023-11-04 20:37:01.866 [info] > git for-each-ref --format=%(refname)%00%(upstream:short)%00%(objectname)%00%(upstream:track)%00%(upstream:remotename)%00%(upstream:remoteref) refs/heads/Vinicius refs/remotes/Vinicius [3ms]
2023-11-04 20:37:01.920 [info] > git status -z -uall [46ms]
2023-11-04 20:37:04.912 [info] > git show --textconv :CodeIgniter/app/Controllers/SalasEditarSelecionada.php [9ms]
2023-11-04 20:37:04.916 [info] > git ls-files --stage -- /var/www/clients/client2/web2/web/sistema/adsgrupo06/CodeIgniter/app/Controllers/SalasEditarSelecionada.php [5ms]
2023-11-04 20:37:06.948 [info] > git config --get commit.template [8ms]
2023-11-04 20:37:06.950 [info] > git for-each-ref --format=%(refname)%00%(upstream:short)%00%(objectname)%00%(upstream:track)%00%(upstream:remotename)%00%(upstream:remoteref) refs/heads/Vinicius refs/remotes/Vinicius [3ms]
2023-11-04 20:37:06.988 [info] > git status -z -uall [33ms]
2023-11-04 20:37:12.009 [info] > git config --get commit.template [8ms]
2023-11-04 20:37:12.012 [info] > git for-each-ref --format=%(refname)%00%(upstream:short)%00%(objectname)%00%(upstream:track)%00%(upstream:remotename)%00%(upstream:remoteref) refs/heads/Vinicius refs/remotes/Vinicius [4ms]
2023-11-04 20:37:12.054 [info] > git status -z -uall [37ms]
2023-11-04 20:37:20.026 [info] > git config --get commit.template [7ms]
2023-11-04 20:37:20.028 [info] > git for-each-ref --format=%(refname)%00%(upstream:short)%00%(objectname)%00%(upstream:track)%00%(upstream:remotename)%00%(upstream:remoteref) refs/heads/Vinicius refs/remotes/Vinicius [3ms]
2023-11-04 20:37:20.068 [info] > git status -z -uall [32ms]
2023-11-04 20:37:25.088 [info] > git config --get commit.template [7ms]
2023-11-04 20:37:25.090 [info] > git for-each-ref --format=%(refname)%00%(upstream:short)%00%(objectname)%00%(upstream:track)%00%(upstream:remotename)%00%(upstream:remoteref) refs/heads/Vinicius refs/remotes/Vinicius [3ms]
2023-11-04 20:37:25.140 [info] > git status -z -uall [41ms]
2023-11-04 20:37:35.585 [info] > git config --get commit.template [8ms]
2023-11-04 20:37:35.590 [info] > git for-each-ref --format=%(refname)%00%(upstream:short)%00%(objectname)%00%(upstream:track)%00%(upstream:remotename)%00%(upstream:remoteref) refs/heads/Vinicius refs/remotes/Vinicius [5ms]
2023-11-04 20:37:35.629 [info] > git status -z -uall [35ms]
2023-11-04 20:37:36.649 [info] > git show --textconv :CodeIgniter/app/Config/Routes.php [9ms]
2023-11-04 20:37:36.654 [info] > git ls-files --stage -- /var/www/clients/client2/web2/web/sistema/adsgrupo06/CodeIgniter/app/Config/Routes.php [7ms]
2023-11-04 20:37:36.662 [info] > git cat-file -s 2dc9b099a946e0cef6bc0f2e687e5fdd8e93bd8a [3ms]
2023-11-04 20:37:40.654 [info] > git config --get commit.template [8ms]
2023-11-04 20:37:40.657 [info] > git for-each-ref --format=%(refname)%00%(upstream:short)%00%(objectname)%00%(upstream:track)%00%(upstream:remotename)%00%(upstream:remoteref) refs/heads/Vinicius refs/remotes/Vinicius [4ms]
2023-11-04 20:37:40.696 [info] > git status -z -uall [34ms]
2023-11-04 20:37:43.286 [info] > git show --textconv :CodeIgniter/app/Controllers/SalasEditarSelecionada.php [9ms]
2023-11-04 20:37:43.291 [info] > git ls-files --stage -- /var/www/clients/client2/web2/web/sistema/adsgrupo06/CodeIgniter/app/Controllers/SalasEditarSelecionada.php [7ms]
2023-11-04 20:37:45.714 [info] > git config --get commit.template [6ms]
2023-11-04 20:37:45.717 [info] > git for-each-ref --format=%(refname)%00%(upstream:short)%00%(objectname)%00%(upstream:track)%00%(upstream:remotename)%00%(upstream:remoteref) refs/heads/Vinicius refs/remotes/Vinicius [2ms]
2023-11-04 20:37:45.756 [info] > git status -z -uall [35ms]
2023-11-04 20:37:50.777 [info] > git config --get commit.template [7ms]
2023-11-04 20:37:50.779 [info] > git for-each-ref --format=%(refname)%00%(upstream:short)%00%(objectname)%00%(upstream:track)%00%(upstream:remotename)%00%(upstream:remoteref) refs/heads/Vinicius refs/remotes/Vinicius [3ms]
2023-11-04 20:37:50.819 [info] > git status -z -uall [35ms]
2023-11-04 20:38:36.182 [info] > git config --get commit.template [7ms]
2023-11-04 20:38:36.185 [info] > git for-each-ref --format=%(refname)%00%(upstream:short)%00%(objectname)%00%(upstream:track)%00%(upstream:remotename)%00%(upstream:remoteref) refs/heads/Vinicius refs/remotes/Vinicius [4ms]
2023-11-04 20:38:36.271 [info] > git status -z -uall [81ms]
2023-11-04 20:38:36.579 [info] > git show --textconv :CodeIgniter/app/Config/Routes.php [12ms]
2023-11-04 20:38:36.584 [info] > git ls-files --stage -- /var/www/clients/client2/web2/web/sistema/adsgrupo06/CodeIgniter/app/Config/Routes.php [7ms]
2023-11-04 20:38:36.592 [info] > git cat-file -s 2dc9b099a946e0cef6bc0f2e687e5fdd8e93bd8a [3ms]
2023-11-04 20:38:41.297 [info] > git config --get commit.template [7ms]
2023-11-04 20:38:41.299 [info] > git for-each-ref --format=%(refname)%00%(upstream:short)%00%(objectname)%00%(upstream:track)%00%(upstream:remotename)%00%(upstream:remoteref) refs/heads/Vinicius refs/remotes/Vinicius [3ms]
2023-11-04 20:38:41.342 [info] > git status -z -uall [37ms]
2023-11-04 20:38:58.634 [info] > git config --get commit.template [8ms]
2023-11-04 20:38:58.637 [info] > git for-each-ref --format=%(refname)%00%(upstream:short)%00%(objectname)%00%(upstream:track)%00%(upstream:remotename)%00%(upstream:remoteref) refs/heads/Vinicius refs/remotes/Vinicius [3ms]
2023-11-04 20:38:58.682 [info] > git status -z -uall [40ms]
2023-11-04 20:38:58.989 [info] > git show --textconv :CodeIgniter/app/Views/salas_editar_selecionada.php [10ms]
2023-11-04 20:38:58.994 [info] > git ls-files --stage -- /var/www/clients/client2/web2/web/sistema/adsgrupo06/CodeIgniter/app/Views/salas_editar_selecionada.php [6ms]
2023-11-04 20:39:03.717 [info] > git config --get commit.template [22ms]
2023-11-04 20:39:03.721 [info] > git for-each-ref --format=%(refname)%00%(upstream:short)%00%(objectname)%00%(upstream:track)%00%(upstream:remotename)%00%(upstream:remoteref) refs/heads/Vinicius refs/remotes/Vinicius [18ms]
2023-11-04 20:39:03.871 [info] > git status -z -uall [144ms]
2023-11-04 20:39:07.702 [info] > git show --textconv :CodeIgniter/app/Views/salas_editar_selecao.php [9ms]
2023-11-04 20:39:07.707 [info] > git ls-files --stage -- /var/www/clients/client2/web2/web/sistema/adsgrupo06/CodeIgniter/app/Views/salas_editar_selecao.php [5ms]
2023-11-04 20:39:08.893 [info] > git config --get commit.template [10ms]
2023-11-04 20:39:08.897 [info] > git for-each-ref --format=%(refname)%00%(upstream:short)%00%(objectname)%00%(upstream:track)%00%(upstream:remotename)%00%(upstream:remoteref) refs/heads/Vinicius refs/remotes/Vinicius [3ms]
2023-11-04 20:39:08.939 [info] > git status -z -uall [34ms]
2023-11-04 20:39:13.762 [info] > git show --textconv :CodeIgniter/app/Views/salas_editar_selecionada.php [10ms]
2023-11-04 20:39:13.768 [info] > git ls-files --stage -- /var/www/clients/client2/web2/web/sistema/adsgrupo06/CodeIgniter/app/Views/salas_editar_selecionada.php [6ms]
2023-11-04 20:39:13.960 [info] > git config --get commit.template [9ms]
2023-11-04 20:39:13.964 [info] > git for-each-ref --format=%(refname)%00%(upstream:short)%00%(objectname)%00%(upstream:track)%00%(upstream:remotename)%00%(upstream:remoteref) refs/heads/Vinicius refs/remotes/Vinicius [5ms]
2023-11-04 20:39:14.018 [info] > git status -z -uall [43ms]
2023-11-04 20:39:15.068 [info] > git show --textconv :CodeIgniter/app/Controllers/SalasEditar.php [9ms]
2023-11-04 20:39:15.073 [info] > git ls-files --stage -- /var/www/clients/client2/web2/web/sistema/adsgrupo06/CodeIgniter/app/Controllers/SalasEditar.php [6ms]
2023-11-04 20:39:17.540 [info] > git show --textconv :CodeIgniter/app/Views/salas_exibir.php [13ms]
2023-11-04 20:39:17.544 [info] > git ls-files --stage -- /var/www/clients/client2/web2/web/sistema/adsgrupo06/CodeIgniter/app/Views/salas_exibir.php [7ms]
2023-11-04 20:39:17.551 [info] > git cat-file -s c885bbb4e3b76f8f97c7b446fd68b85086560962 [2ms]
2023-11-04 20:39:18.134 [info] > git show --textconv :CodeIgniter/app/Controllers/SalasEditarSelecionada.php [10ms]
2023-11-04 20:39:18.140 [info] > git ls-files --stage -- /var/www/clients/client2/web2/web/sistema/adsgrupo06/CodeIgniter/app/Controllers/SalasEditarSelecionada.php [6ms]
2023-11-04 20:39:19.037 [info] > git config --get commit.template [8ms]
2023-11-04 20:39:19.039 [info] > git for-each-ref --format=%(refname)%00%(upstream:short)%00%(objectname)%00%(upstream:track)%00%(upstream:remotename)%00%(upstream:remoteref) refs/heads/Vinicius refs/remotes/Vinicius [3ms]
2023-11-04 20:39:19.080 [info] > git status -z -uall [35ms]
2023-11-04 20:39:24.123 [info] > git config --get commit.template [22ms]
2023-11-04 20:39:24.127 [info] > git for-each-ref --format=%(refname)%00%(upstream:short)%00%(objectname)%00%(upstream:track)%00%(upstream:remotename)%00%(upstream:remoteref) refs/heads/Vinicius refs/remotes/Vinicius [14ms]
2023-11-04 20:39:24.360 [info] > git status -z -uall [224ms]
2023-11-04 20:40:06.005 [info] > git config --get commit.template [19ms]
2023-11-04 20:40:06.008 [info] > git for-each-ref --format=%(refname)%00%(upstream:short)%00%(objectname)%00%(upstream:track)%00%(upstream:remotename)%00%(upstream:remoteref) refs/heads/Vinicius refs/remotes/Vinicius [20ms]
2023-11-04 20:40:06.186 [info] > git status -z -uall [166ms]
2023-11-04 20:40:11.225 [info] > git config --get commit.template [9ms]
2023-11-04 20:40:11.229 [info] > git for-each-ref --format=%(refname)%00%(upstream:short)%00%(objectname)%00%(upstream:track)%00%(upstream:remotename)%00%(upstream:remoteref) refs/heads/Vinicius refs/remotes/Vinicius [6ms]
2023-11-04 20:40:11.295 [info] > git status -z -uall [60ms]
2023-11-04 20:40:16.324 [info] > git config --get commit.template [8ms]
2023-11-04 20:40:16.326 [info] > git for-each-ref --format=%(refname)%00%(upstream:short)%00%(objectname)%00%(upstream:track)%00%(upstream:remotename)%00%(upstream:remoteref) refs/heads/Vinicius refs/remotes/Vinicius [2ms]
2023-11-04 20:40:16.373 [info] > git status -z -uall [42ms]
2023-11-04 20:40:21.399 [info] > git config --get commit.template [8ms]
2023-11-04 20:40:21.402 [info] > git for-each-ref --format=%(refname)%00%(upstream:short)%00%(objectname)%00%(upstream:track)%00%(upstream:remotename)%00%(upstream:remoteref) refs/heads/Vinicius refs/remotes/Vinicius [3ms]
2023-11-04 20:40:21.447 [info] > git status -z -uall [40ms]
2023-11-04 20:40:26.476 [info] > git config --get commit.template [11ms]
2023-11-04 20:40:26.479 [info] > git for-each-ref --format=%(refname)%00%(upstream:short)%00%(objectname)%00%(upstream:track)%00%(upstream:remotename)%00%(upstream:remoteref) refs/heads/Vinicius refs/remotes/Vinicius [4ms]
2023-11-04 20:40:26.524 [info] > git status -z -uall [39ms]
2023-11-04 20:40:31.543 [info] > git config --get commit.template [7ms]
2023-11-04 20:40:31.545 [info] > git for-each-ref --format=%(refname)%00%(upstream:short)%00%(objectname)%00%(upstream:track)%00%(upstream:remotename)%00%(upstream:remoteref) refs/heads/Vinicius refs/remotes/Vinicius [3ms]
2023-11-04 20:40:31.587 [info] > git status -z -uall [37ms]
2023-11-04 20:40:36.638 [info] > git config --get commit.template [9ms]
2023-11-04 20:40:36.640 [info] > git for-each-ref --format=%(refname)%00%(upstream:short)%00%(objectname)%00%(upstream:track)%00%(upstream:remotename)%00%(upstream:remoteref) refs/heads/Vinicius refs/remotes/Vinicius [4ms]
2023-11-04 20:40:36.683 [info] > git status -z -uall [37ms]
2023-11-04 20:40:37.698 [info] > git show --textconv :CodeIgniter/app/Controllers/SalasEditar.php [9ms]
2023-11-04 20:40:37.702 [info] > git ls-files --stage -- /var/www/clients/client2/web2/web/sistema/adsgrupo06/CodeIgniter/app/Controllers/SalasEditar.php [5ms]
2023-11-04 20:40:38.819 [info] > git show --textconv :CodeIgniter/app/Views/salas_editar_selecao.php [9ms]
2023-11-04 20:40:38.823 [info] > git ls-files --stage -- /var/www/clients/client2/web2/web/sistema/adsgrupo06/CodeIgniter/app/Views/salas_editar_selecao.php [5ms]
2023-11-04 20:40:41.708 [info] > git config --get commit.template [9ms]
2023-11-04 20:40:41.711 [info] > git for-each-ref --format=%(refname)%00%(upstream:short)%00%(objectname)%00%(upstream:track)%00%(upstream:remotename)%00%(upstream:remoteref) refs/heads/Vinicius refs/remotes/Vinicius [3ms]
2023-11-04 20:40:41.753 [info] > git status -z -uall [37ms]
2023-11-04 20:40:42.200 [info] > git show --textconv :CodeIgniter/app/Views/salas_editar_selecionada.php [12ms]
2023-11-04 20:40:42.207 [info] > git ls-files --stage -- /var/www/clients/client2/web2/web/sistema/adsgrupo06/CodeIgniter/app/Views/salas_editar_selecionada.php [7ms]
2023-11-04 20:40:46.784 [info] > git config --get commit.template [11ms]
2023-11-04 20:40:46.787 [info] > git for-each-ref --format=%(refname)%00%(upstream:short)%00%(objectname)%00%(upstream:track)%00%(upstream:remotename)%00%(upstream:remoteref) refs/heads/Vinicius refs/remotes/Vinicius [4ms]
2023-11-04 20:40:46.854 [info] > git status -z -uall [58ms]
2023-11-04 20:40:50.747 [info] > git show --textconv :CodeIgniter/app/Config/Routes.php [14ms]
2023-11-04 20:40:50.748 [info] > git ls-files --stage -- /var/www/clients/client2/web2/web/sistema/adsgrupo06/CodeIgniter/app/Config/Routes.php [9ms]
2023-11-04 20:40:50.756 [info] > git cat-file -s 2dc9b099a946e0cef6bc0f2e687e5fdd8e93bd8a [3ms]
2023-11-04 20:40:51.410 [info] > git show --textconv :CodeIgniter/app/Controllers/SalasEditarSelecionada.php [8ms]
2023-11-04 20:40:51.414 [info] > git ls-files --stage -- /var/www/clients/client2/web2/web/sistema/adsgrupo06/CodeIgniter/app/Controllers/SalasEditarSelecionada.php [5ms]
2023-11-04 20:40:51.879 [info] > git config --get commit.template [8ms]
2023-11-04 20:40:51.882 [info] > git for-each-ref --format=%(refname)%00%(upstream:short)%00%(objectname)%00%(upstream:track)%00%(upstream:remotename)%00%(upstream:remoteref) refs/heads/Vinicius refs/remotes/Vinicius [4ms]
2023-11-04 20:40:51.924 [info] > git status -z -uall [35ms]
2023-11-04 20:40:56.943 [info] > git config --get commit.template [8ms]
2023-11-04 20:40:56.946 [info] > git for-each-ref --format=%(refname)%00%(upstream:short)%00%(objectname)%00%(upstream:track)%00%(upstream:remotename)%00%(upstream:remoteref) refs/heads/Vinicius refs/remotes/Vinicius [4ms]
2023-11-04 20:40:56.985 [info] > git status -z -uall [34ms]
2023-11-04 20:41:02.020 [info] > git config --get commit.template [21ms]
2023-11-04 20:41:02.024 [info] > git for-each-ref --format=%(refname)%00%(upstream:short)%00%(objectname)%00%(upstream:track)%00%(upstream:remotename)%00%(upstream:remoteref) refs/heads/Vinicius refs/remotes/Vinicius [16ms]
2023-11-04 20:41:02.117 [info] > git status -z -uall [87ms]
2023-11-04 20:41:07.141 [info] > git config --get commit.template [9ms]
2023-11-04 20:41:07.143 [info] > git for-each-ref --format=%(refname)%00%(upstream:short)%00%(objectname)%00%(upstream:track)%00%(upstream:remotename)%00%(upstream:remoteref) refs/heads/Vinicius refs/remotes/Vinicius [3ms]
2023-11-04 20:41:07.181 [info] > git status -z -uall [33ms]
2023-11-04 20:41:12.205 [info] > git config --get commit.template [9ms]
2023-11-04 20:41:12.208 [info] > git for-each-ref --format=%(refname)%00%(upstream:short)%00%(objectname)%00%(upstream:track)%00%(upstream:remotename)%00%(upstream:remoteref) refs/heads/Vinicius refs/remotes/Vinicius [3ms]
2023-11-04 20:41:12.250 [info] > git status -z -uall [36ms]
2023-11-04 20:41:17.269 [info] > git config --get commit.template [7ms]
2023-11-04 20:41:17.271 [info] > git for-each-ref --format=%(refname)%00%(upstream:short)%00%(objectname)%00%(upstream:track)%00%(upstream:remotename)%00%(upstream:remoteref) refs/heads/Vinicius refs/remotes/Vinicius [3ms]
2023-11-04 20:41:17.312 [info] > git status -z -uall [36ms]
2023-11-04 20:41:22.332 [info] > git config --get commit.template [9ms]
2023-11-04 20:41:22.335 [info] > git for-each-ref --format=%(refname)%00%(upstream:short)%00%(objectname)%00%(upstream:track)%00%(upstream:remotename)%00%(upstream:remoteref) refs/heads/Vinicius refs/remotes/Vinicius [4ms]
2023-11-04 20:41:22.376 [info] > git status -z -uall [35ms]
2023-11-04 20:41:40.531 [info] > git config --get commit.template [10ms]
2023-11-04 20:41:40.533 [info] > git for-each-ref --format=%(refname)%00%(upstream:short)%00%(objectname)%00%(upstream:track)%00%(upstream:remotename)%00%(upstream:remoteref) refs/heads/Vinicius refs/remotes/Vinicius [3ms]
2023-11-04 20:41:40.573 [info] > git status -z -uall [34ms]
2023-11-04 20:41:40.967 [info] > git show --textconv :CodeIgniter/app/Config/Routes.php [10ms]
2023-11-04 20:41:40.972 [info] > git ls-files --stage -- /var/www/clients/client2/web2/web/sistema/adsgrupo06/CodeIgniter/app/Config/Routes.php [6ms]
2023-11-04 20:41:40.980 [info] > git cat-file -s 2dc9b099a946e0cef6bc0f2e687e5fdd8e93bd8a [2ms]
2023-11-04 20:41:57.404 [info] > git config --get commit.template [7ms]
2023-11-04 20:41:57.407 [info] > git for-each-ref --format=%(refname)%00%(upstream:short)%00%(objectname)%00%(upstream:track)%00%(upstream:remotename)%00%(upstream:remoteref) refs/heads/Vinicius refs/remotes/Vinicius [3ms]
2023-11-04 20:41:57.446 [info] > git status -z -uall [32ms]
2023-11-04 20:41:57.751 [info] > git show --textconv :CodeIgniter/app/Views/salas_editar_selecao.php [11ms]
2023-11-04 20:41:57.759 [info] > git ls-files --stage -- /var/www/clients/client2/web2/web/sistema/adsgrupo06/CodeIgniter/app/Views/salas_editar_selecao.php [11ms]
2023-11-04 20:42:00.375 [info] > git show --textconv :CodeIgniter/app/Views/salas_editar_selecionada.php [11ms]
2023-11-04 20:42:00.380 [info] > git ls-files --stage -- /var/www/clients/client2/web2/web/sistema/adsgrupo06/CodeIgniter/app/Views/salas_editar_selecionada.php [6ms]
2023-11-04 20:42:02.463 [info] > git config --get commit.template [7ms]
2023-11-04 20:42:02.465 [info] > git for-each-ref --format=%(refname)%00%(upstream:short)%00%(objectname)%00%(upstream:track)%00%(upstream:remotename)%00%(upstream:remoteref) refs/heads/Vinicius refs/remotes/Vinicius [3ms]
2023-11-04 20:42:02.505 [info] > git status -z -uall [34ms]
2023-11-04 20:42:04.077 [info] > git show --textconv :CodeIgniter/app/Controllers/SalasEditar.php [9ms]
2023-11-04 20:42:04.082 [info] > git ls-files --stage -- /var/www/clients/client2/web2/web/sistema/adsgrupo06/CodeIgniter/app/Controllers/SalasEditar.php [6ms]
2023-11-04 20:42:50.009 [info] > git config --get commit.template [10ms]
2023-11-04 20:42:50.013 [info] > git for-each-ref --format=%(refname)%00%(upstream:short)%00%(objectname)%00%(upstream:track)%00%(upstream:remotename)%00%(upstream:remoteref) refs/heads/Vinicius refs/remotes/Vinicius [5ms]
2023-11-04 20:42:50.055 [info] > git status -z -uall [35ms]
2023-11-04 20:42:50.349 [info] > git show --textconv :CodeIgniter/app/Config/Routes.php [10ms]
2023-11-04 20:42:50.353 [info] > git ls-files --stage -- /var/www/clients/client2/web2/web/sistema/adsgrupo06/CodeIgniter/app/Config/Routes.php [6ms]
2023-11-04 20:42:50.361 [info] > git cat-file -s 2dc9b099a946e0cef6bc0f2e687e5fdd8e93bd8a [2ms]
2023-11-04 20:42:55.074 [info] > git config --get commit.template [7ms]
2023-11-04 20:42:55.077 [info] > git for-each-ref --format=%(refname)%00%(upstream:short)%00%(objectname)%00%(upstream:track)%00%(upstream:remotename)%00%(upstream:remoteref) refs/heads/Vinicius refs/remotes/Vinicius [4ms]
2023-11-04 20:42:55.115 [info] > git status -z -uall [33ms]
2023-11-04 20:43:00.136 [info] > git config --get commit.template [10ms]
2023-11-04 20:43:00.139 [info] > git for-each-ref --format=%(refname)%00%(upstream:short)%00%(objectname)%00%(upstream:track)%00%(upstream:remotename)%00%(upstream:remoteref) refs/heads/Vinicius refs/remotes/Vinicius [4ms]
2023-11-04 20:43:00.183 [info] > git status -z -uall [38ms]
2023-11-04 20:43:05.209 [info] > git config --get commit.template [11ms]
2023-11-04 20:43:05.212 [info] > git for-each-ref --format=%(refname)%00%(upstream:short)%00%(objectname)%00%(upstream:track)%00%(upstream:remotename)%00%(upstream:remoteref) refs/heads/Vinicius refs/remotes/Vinicius [4ms]
2023-11-04 20:43:05.271 [info] > git status -z -uall [51ms]
2023-11-04 20:43:10.292 [info] > git config --get commit.template [7ms]
2023-11-04 20:43:10.294 [info] > git for-each-ref --format=%(refname)%00%(upstream:short)%00%(objectname)%00%(upstream:track)%00%(upstream:remotename)%00%(upstream:remoteref) refs/heads/Vinicius refs/remotes/Vinicius [3ms]
2023-11-04 20:43:10.334 [info] > git status -z -uall [33ms]
2023-11-04 20:43:15.354 [info] > git config --get commit.template [8ms]
2023-11-04 20:43:15.357 [info] > git for-each-ref --format=%(refname)%00%(upstream:short)%00%(objectname)%00%(upstream:track)%00%(upstream:remotename)%00%(upstream:remoteref) refs/heads/Vinicius refs/remotes/Vinicius [4ms]
2023-11-04 20:43:15.398 [info] > git status -z -uall [36ms]
2023-11-04 20:43:20.419 [info] > git config --get commit.template [8ms]
2023-11-04 20:43:20.422 [info] > git for-each-ref --format=%(refname)%00%(upstream:short)%00%(objectname)%00%(upstream:track)%00%(upstream:remotename)%00%(upstream:remoteref) refs/heads/Vinicius refs/remotes/Vinicius [4ms]
2023-11-04 20:43:20.463 [info] > git status -z -uall [35ms]
2023-11-04 20:43:25.483 [info] > git config --get commit.template [7ms]
2023-11-04 20:43:25.485 [info] > git for-each-ref --format=%(refname)%00%(upstream:short)%00%(objectname)%00%(upstream:track)%00%(upstream:remotename)%00%(upstream:remoteref) refs/heads/Vinicius refs/remotes/Vinicius [3ms]
2023-11-04 20:43:25.525 [info] > git status -z -uall [35ms]
2023-11-04 20:43:30.545 [info] > git config --get commit.template [8ms]
2023-11-04 20:43:30.547 [info] > git for-each-ref --format=%(refname)%00%(upstream:short)%00%(objectname)%00%(upstream:track)%00%(upstream:remotename)%00%(upstream:remoteref) refs/heads/Vinicius refs/remotes/Vinicius [3ms]
2023-11-04 20:43:30.586 [info] > git status -z -uall [33ms]
2023-11-04 20:43:35.607 [info] > git config --get commit.template [9ms]
2023-11-04 20:43:35.609 [info] > git for-each-ref --format=%(refname)%00%(upstream:short)%00%(objectname)%00%(upstream:track)%00%(upstream:remotename)%00%(upstream:remoteref) refs/heads/Vinicius refs/remotes/Vinicius [3ms]
2023-11-04 20:43:35.649 [info] > git status -z -uall [33ms]
2023-11-04 20:43:42.020 [info] > git show --textconv :CodeIgniter/app/Controllers/SalasEditarSelecionada.php [11ms]
2023-11-04 20:43:42.025 [info] > git ls-files --stage -- /var/www/clients/client2/web2/web/sistema/adsgrupo06/CodeIgniter/app/Controllers/SalasEditarSelecionada.php [5ms]
2023-11-04 20:43:42.084 [info] > git config --get commit.template [10ms]
2023-11-04 20:43:42.089 [info] > git for-each-ref --format=%(refname)%00%(upstream:short)%00%(objectname)%00%(upstream:track)%00%(upstream:remotename)%00%(upstream:remoteref) refs/heads/Vinicius refs/remotes/Vinicius [6ms]
2023-11-04 20:43:42.132 [info] > git status -z -uall [37ms]
2023-11-04 20:43:47.153 [info] > git config --get commit.template [8ms]
2023-11-04 20:43:47.155 [info] > git for-each-ref --format=%(refname)%00%(upstream:short)%00%(objectname)%00%(upstream:track)%00%(upstream:remotename)%00%(upstream:remoteref) refs/heads/Vinicius refs/remotes/Vinicius [3ms]
2023-11-04 20:43:47.196 [info] > git status -z -uall [34ms]
2023-11-04 20:43:50.799 [info] > git show --textconv :CodeIgniter/app/Views/salas_editar_selecionada.php [11ms]
2023-11-04 20:43:50.805 [info] > git ls-files --stage -- /var/www/clients/client2/web2/web/sistema/adsgrupo06/CodeIgniter/app/Views/salas_editar_selecionada.php [8ms]
2023-11-04 20:43:52.226 [info] > git config --get commit.template [14ms]
2023-11-04 20:43:52.230 [info] > git for-each-ref --format=%(refname)%00%(upstream:short)%00%(objectname)%00%(upstream:track)%00%(upstream:remotename)%00%(upstream:remoteref) refs/heads/Vinicius refs/remotes/Vinicius [6ms]
2023-11-04 20:43:52.299 [info] > git status -z -uall [59ms]
2023-11-04 20:43:57.322 [info] > git config --get commit.template [8ms]
2023-11-04 20:43:57.325 [info] > git for-each-ref --format=%(refname)%00%(upstream:short)%00%(objectname)%00%(upstream:track)%00%(upstream:remotename)%00%(upstream:remoteref) refs/heads/Vinicius refs/remotes/Vinicius [4ms]
2023-11-04 20:43:57.363 [info] > git status -z -uall [32ms]
2023-11-04 20:44:02.386 [info] > git config --get commit.template [9ms]
2023-11-04 20:44:02.390 [info] > git for-each-ref --format=%(refname)%00%(upstream:short)%00%(objectname)%00%(upstream:track)%00%(upstream:remotename)%00%(upstream:remoteref) refs/heads/Vinicius refs/remotes/Vinicius [5ms]
2023-11-04 20:44:02.434 [info] > git status -z -uall [37ms]
2023-11-04 20:44:07.462 [info] > git config --get commit.template [13ms]
2023-11-04 20:44:07.467 [info] > git for-each-ref --format=%(refname)%00%(upstream:short)%00%(objectname)%00%(upstream:track)%00%(upstream:remotename)%00%(upstream:remoteref) refs/heads/Vinicius refs/remotes/Vinicius [5ms]
2023-11-04 20:44:07.523 [info] > git status -z -uall [48ms]
2023-11-04 20:44:12.554 [info] > git config --get commit.template [9ms]
2023-11-04 20:44:12.556 [info] > git for-each-ref --format=%(refname)%00%(upstream:short)%00%(objectname)%00%(upstream:track)%00%(upstream:remotename)%00%(upstream:remoteref) refs/heads/Vinicius refs/remotes/Vinicius [3ms]
2023-11-04 20:44:12.597 [info] > git status -z -uall [34ms]
2023-11-04 20:44:24.089 [info] > git config --get commit.template [9ms]
2023-11-04 20:44:24.092 [info] > git for-each-ref --format=%(refname)%00%(upstream:short)%00%(objectname)%00%(upstream:track)%00%(upstream:remotename)%00%(upstream:remoteref) refs/heads/Vinicius refs/remotes/Vinicius [4ms]
2023-11-04 20:44:24.132 [info] > git status -z -uall [35ms]
2023-11-04 20:44:30.098 [info] > git config --get commit.template [12ms]
2023-11-04 20:44:30.101 [info] > git for-each-ref --format=%(refname)%00%(upstream:short)%00%(objectname)%00%(upstream:track)%00%(upstream:remotename)%00%(upstream:remoteref) refs/heads/Vinicius refs/remotes/Vinicius [4ms]
2023-11-04 20:44:30.146 [info] > git status -z -uall [39ms]
2023-11-04 20:44:35.166 [info] > git config --get commit.template [8ms]
2023-11-04 20:44:35.168 [info] > git for-each-ref --format=%(refname)%00%(upstream:short)%00%(objectname)%00%(upstream:track)%00%(upstream:remotename)%00%(upstream:remoteref) refs/heads/Vinicius refs/remotes/Vinicius [3ms]
2023-11-04 20:44:35.207 [info] > git status -z -uall [33ms]
2023-11-04 20:44:40.232 [info] > git config --get commit.template [9ms]
2023-11-04 20:44:40.235 [info] > git for-each-ref --format=%(refname)%00%(upstream:short)%00%(objectname)%00%(upstream:track)%00%(upstream:remotename)%00%(upstream:remoteref) refs/heads/Vinicius refs/remotes/Vinicius [4ms]
2023-11-04 20:44:40.289 [info] > git status -z -uall [49ms]
2023-11-04 20:44:45.312 [info] > git config --get commit.template [8ms]
2023-11-04 20:44:45.315 [info] > git for-each-ref --format=%(refname)%00%(upstream:short)%00%(objectname)%00%(upstream:track)%00%(upstream:remotename)%00%(upstream:remoteref) refs/heads/Vinicius refs/remotes/Vinicius [4ms]
2023-11-04 20:44:45.353 [info] > git status -z -uall [33ms]
2023-11-04 20:44:50.380 [info] > git config --get commit.template [12ms]
2023-11-04 20:44:50.383 [info] > git for-each-ref --format=%(refname)%00%(upstream:short)%00%(objectname)%00%(upstream:track)%00%(upstream:remotename)%00%(upstream:remoteref) refs/heads/Vinicius refs/remotes/Vinicius [4ms]
2023-11-04 20:44:50.441 [info] > git status -z -uall [50ms]
2023-11-04 20:45:38.515 [info] > git config --get commit.template [9ms]
2023-11-04 20:45:38.518 [info] > git for-each-ref --format=%(refname)%00%(upstream:short)%00%(objectname)%00%(upstream:track)%00%(upstream:remotename)%00%(upstream:remoteref) refs/heads/Vinicius refs/remotes/Vinicius [3ms]
2023-11-04 20:45:38.567 [info] > git status -z -uall [43ms]
2023-11-04 20:45:43.608 [info] > git config --get commit.template [17ms]
2023-11-04 20:45:43.616 [info] > git for-each-ref --format=%(refname)%00%(upstream:short)%00%(objectname)%00%(upstream:track)%00%(upstream:remotename)%00%(upstream:remoteref) refs/heads/Vinicius refs/remotes/Vinicius [9ms]
2023-11-04 20:45:43.683 [info] > git status -z -uall [57ms]
2023-11-04 20:45:44.398 [info] > git show --textconv :CodeIgniter/app/Config/Routes.php [17ms]
2023-11-04 20:45:44.403 [info] > git ls-files --stage -- /var/www/clients/client2/web2/web/sistema/adsgrupo06/CodeIgniter/app/Config/Routes.php [7ms]
2023-11-04 20:45:44.411 [info] > git cat-file -s 2dc9b099a946e0cef6bc0f2e687e5fdd8e93bd8a [2ms]
2023-11-04 20:45:48.707 [info] > git config --get commit.template [9ms]
2023-11-04 20:45:48.710 [info] > git for-each-ref --format=%(refname)%00%(upstream:short)%00%(objectname)%00%(upstream:track)%00%(upstream:remotename)%00%(upstream:remoteref) refs/heads/Vinicius refs/remotes/Vinicius [4ms]
2023-11-04 20:45:48.758 [info] > git status -z -uall [43ms]
2023-11-04 20:45:53.825 [info] > git config --get commit.template [34ms]
2023-11-04 20:45:53.836 [info] > git for-each-ref --format=%(refname)%00%(upstream:short)%00%(objectname)%00%(upstream:track)%00%(upstream:remotename)%00%(upstream:remoteref) refs/heads/Vinicius refs/remotes/Vinicius [15ms]
2023-11-04 20:45:53.969 [info] > git show --textconv :CodeIgniter/app/Controllers/SalasEditarSelecionada.php [20ms]
2023-11-04 20:45:53.976 [info] > git ls-files --stage -- /var/www/clients/client2/web2/web/sistema/adsgrupo06/CodeIgniter/app/Controllers/SalasEditarSelecionada.php [10ms]
2023-11-04 20:45:54.024 [info] > git status -z -uall [169ms]
2023-11-04 20:45:55.935 [info] > git show --textconv :CodeIgniter/app/Views/salas_editar_selecao.php [11ms]
2023-11-04 20:45:55.941 [info] > git ls-files --stage -- /var/www/clients/client2/web2/web/sistema/adsgrupo06/CodeIgniter/app/Views/salas_editar_selecao.php [7ms]
2023-11-04 20:45:57.493 [info] > git show --textconv :CodeIgniter/app/Views/salas_editar_selecionada.php [13ms]
2023-11-04 20:45:57.499 [info] > git ls-files --stage -- /var/www/clients/client2/web2/web/sistema/adsgrupo06/CodeIgniter/app/Views/salas_editar_selecionada.php [7ms]
2023-11-04 20:46:17.999 [info] > git config --get commit.template [16ms]
2023-11-04 20:46:18.006 [info] > git for-each-ref --format=%(refname)%00%(upstream:short)%00%(objectname)%00%(upstream:track)%00%(upstream:remotename)%00%(upstream:remoteref) refs/heads/Vinicius refs/remotes/Vinicius [10ms]
2023-11-04 20:46:18.202 [info] > git status -z -uall [180ms]
2023-11-04 20:46:23.237 [info] > git config --get commit.template [10ms]
2023-11-04 20:46:23.239 [info] > git for-each-ref --format=%(refname)%00%(upstream:short)%00%(objectname)%00%(upstream:track)%00%(upstream:remotename)%00%(upstream:remoteref) refs/heads/Vinicius refs/remotes/Vinicius [4ms]
2023-11-04 20:46:23.290 [info] > git status -z -uall [45ms]
2023-11-04 20:46:40.761 [info] > git config --get commit.template [27ms]
2023-11-04 20:46:40.765 [info] > git for-each-ref --format=%(refname)%00%(upstream:short)%00%(objectname)%00%(upstream:track)%00%(upstream:remotename)%00%(upstream:remoteref) refs/heads/Vinicius refs/remotes/Vinicius [19ms]
2023-11-04 20:46:40.924 [info] > git status -z -uall [146ms]
2023-11-04 20:46:51.867 [info] > git config --get commit.template [23ms]
2023-11-04 20:46:51.872 [info] > git for-each-ref --format=%(refname)%00%(upstream:short)%00%(objectname)%00%(upstream:track)%00%(upstream:remotename)%00%(upstream:remoteref) refs/heads/Vinicius refs/remotes/Vinicius [19ms]
2023-11-04 20:46:51.988 [info] > git status -z -uall [97ms]
2023-11-04 20:47:10.585 [info] > git config --get commit.template [16ms]
2023-11-04 20:47:10.588 [info] > git for-each-ref --format=%(refname)%00%(upstream:short)%00%(objectname)%00%(upstream:track)%00%(upstream:remotename)%00%(upstream:remoteref) refs/heads/Vinicius refs/remotes/Vinicius [13ms]
2023-11-04 20:47:10.650 [info] > git status -z -uall [56ms]
2023-11-04 20:48:38.433 [info] > git config --get commit.template [8ms]
2023-11-04 20:48:38.436 [info] > git for-each-ref --format=%(refname)%00%(upstream:short)%00%(objectname)%00%(upstream:track)%00%(upstream:remotename)%00%(upstream:remoteref) refs/heads/Vinicius refs/remotes/Vinicius [4ms]
2023-11-04 20:48:38.493 [info] > git status -z -uall [50ms]
2023-11-04 20:48:43.519 [info] > git config --get commit.template [11ms]
2023-11-04 20:48:43.523 [info] > git for-each-ref --format=%(refname)%00%(upstream:short)%00%(objectname)%00%(upstream:track)%00%(upstream:remotename)%00%(upstream:remoteref) refs/heads/Vinicius refs/remotes/Vinicius [5ms]
2023-11-04 20:48:43.581 [info] > git status -z -uall [49ms]
2023-11-04 20:48:48.607 [info] > git config --get commit.template [8ms]
2023-11-04 20:48:48.609 [info] > git for-each-ref --format=%(refname)%00%(upstream:short)%00%(objectname)%00%(upstream:track)%00%(upstream:remotename)%00%(upstream:remoteref) refs/heads/Vinicius refs/remotes/Vinicius [3ms]
2023-11-04 20:48:48.652 [info] > git status -z -uall [37ms]
2023-11-04 20:49:24.035 [info] > git config --get commit.template [17ms]
2023-11-04 20:49:24.039 [info] > git for-each-ref --format=%(refname)%00%(upstream:short)%00%(objectname)%00%(upstream:track)%00%(upstream:remotename)%00%(upstream:remoteref) refs/heads/Vinicius refs/remotes/Vinicius [14ms]
2023-11-04 20:49:24.125 [info] > git status -z -uall [78ms]
2023-11-04 20:49:29.148 [info] > git config --get commit.template [8ms]
2023-11-04 20:49:29.150 [info] > git for-each-ref --format=%(refname)%00%(upstream:short)%00%(objectname)%00%(upstream:track)%00%(upstream:remotename)%00%(upstream:remoteref) refs/heads/Vinicius refs/remotes/Vinicius [3ms]
2023-11-04 20:49:29.194 [info] > git status -z -uall [39ms]
2023-11-04 20:50:15.115 [info] > git config --get commit.template [9ms]
2023-11-04 20:50:15.118 [info] > git for-each-ref --format=%(refname)%00%(upstream:short)%00%(objectname)%00%(upstream:track)%00%(upstream:remotename)%00%(upstream:remoteref) refs/heads/Vinicius refs/remotes/Vinicius [4ms]
2023-11-04 20:50:15.166 [info] > git status -z -uall [43ms]
2023-11-04 20:50:20.200 [info] > git config --get commit.template [11ms]
2023-11-04 20:50:20.205 [info] > git for-each-ref --format=%(refname)%00%(upstream:short)%00%(objectname)%00%(upstream:track)%00%(upstream:remotename)%00%(upstream:remoteref) refs/heads/Vinicius refs/remotes/Vinicius [5ms]
2023-11-04 20:50:20.345 [info] > git status -z -uall [112ms]
2023-11-04 20:50:23.134 [info] > git show --textconv :CodeIgniter/app/Config/Routes.php [16ms]
2023-11-04 20:50:23.138 [info] > git ls-files --stage -- /var/www/clients/client2/web2/web/sistema/adsgrupo06/CodeIgniter/app/Config/Routes.php [9ms]
2023-11-04 20:50:23.152 [info] > git cat-file -s 2dc9b099a946e0cef6bc0f2e687e5fdd8e93bd8a [5ms]
2023-11-04 20:50:25.375 [info] > git config --get commit.template [8ms]
2023-11-04 20:50:25.377 [info] > git for-each-ref --format=%(refname)%00%(upstream:short)%00%(objectname)%00%(upstream:track)%00%(upstream:remotename)%00%(upstream:remoteref) refs/heads/Vinicius refs/remotes/Vinicius [3ms]
2023-11-04 20:50:25.426 [info] > git status -z -uall [43ms]
2023-11-04 20:50:40.303 [info] > git config --get commit.template [9ms]
2023-11-04 20:50:40.306 [info] > git for-each-ref --format=%(refname)%00%(upstream:short)%00%(objectname)%00%(upstream:track)%00%(upstream:remotename)%00%(upstream:remoteref) refs/heads/Vinicius refs/remotes/Vinicius [4ms]
2023-11-04 20:50:40.348 [info] > git status -z -uall [36ms]
2023-11-04 20:51:07.748 [info] > git config --get commit.template [11ms]
2023-11-04 20:51:07.751 [info] > git for-each-ref --format=%(refname)%00%(upstream:short)%00%(objectname)%00%(upstream:track)%00%(upstream:remotename)%00%(upstream:remoteref) refs/heads/Vinicius refs/remotes/Vinicius [4ms]
2023-11-04 20:51:07.795 [info] > git status -z -uall [39ms]
2023-11-04 20:51:08.212 [info] > git show --textconv :CodeIgniter/app/Controllers/SalasEditarSelecionada.php [14ms]
2023-11-04 20:51:08.216 [info] > git ls-files --stage -- /var/www/clients/client2/web2/web/sistema/adsgrupo06/CodeIgniter/app/Controllers/SalasEditarSelecionada.php [5ms]
2023-11-04 20:51:11.505 [info] > git show --textconv :CodeIgniter/app/Views/salas_editar_selecionada.php [9ms]
2023-11-04 20:51:11.510 [info] > git ls-files --stage -- /var/www/clients/client2/web2/web/sistema/adsgrupo06/CodeIgniter/app/Views/salas_editar_selecionada.php [5ms]
2023-11-04 20:51:12.823 [info] > git config --get commit.template [9ms]
2023-11-04 20:51:12.826 [info] > git for-each-ref --format=%(refname)%00%(upstream:short)%00%(objectname)%00%(upstream:track)%00%(upstream:remotename)%00%(upstream:remoteref) refs/heads/Vinicius refs/remotes/Vinicius [3ms]
2023-11-04 20:51:12.867 [info] > git status -z -uall [36ms]
2023-11-04 20:51:25.580 [info] > git config --get commit.template [13ms]
2023-11-04 20:51:25.581 [info] > git for-each-ref --format=%(refname)%00%(upstream:short)%00%(objectname)%00%(upstream:track)%00%(upstream:remotename)%00%(upstream:remoteref) refs/heads/Vinicius refs/remotes/Vinicius [5ms]
2023-11-04 20:51:25.623 [info] > git status -z -uall [37ms]
2023-11-04 20:52:16.844 [info] > git config --get commit.template [20ms]
2023-11-04 20:52:16.849 [info] > git for-each-ref --format=%(refname)%00%(upstream:short)%00%(objectname)%00%(upstream:track)%00%(upstream:remotename)%00%(upstream:remoteref) refs/heads/Vinicius refs/remotes/Vinicius [18ms]
2023-11-04 20:52:17.060 [info] > git status -z -uall [205ms]
2023-11-04 20:52:17.222 [info] > git show --textconv :CodeIgniter/app/Controllers/SalasEditarSelecionada.php [69ms]
2023-11-04 20:52:17.223 [info] > git ls-files --stage -- /var/www/clients/client2/web2/web/sistema/adsgrupo06/CodeIgniter/app/Controllers/SalasEditarSelecionada.php [62ms]
2023-11-04 20:52:22.088 [info] > git config --get commit.template [13ms]
2023-11-04 20:52:22.091 [info] > git for-each-ref --format=%(refname)%00%(upstream:short)%00%(objectname)%00%(upstream:track)%00%(upstream:remotename)%00%(upstream:remoteref) refs/heads/Vinicius refs/remotes/Vinicius [4ms]
2023-11-04 20:52:22.130 [info] > git status -z -uall [34ms]
2023-11-04 20:52:27.151 [info] > git config --get commit.template [7ms]
2023-11-04 20:52:27.153 [info] > git for-each-ref --format=%(refname)%00%(upstream:short)%00%(objectname)%00%(upstream:track)%00%(upstream:remotename)%00%(upstream:remoteref) refs/heads/Vinicius refs/remotes/Vinicius [3ms]
2023-11-04 20:52:27.193 [info] > git status -z -uall [34ms]
2023-11-04 20:52:32.218 [info] > git config --get commit.template [8ms]
2023-11-04 20:52:32.222 [info] > git for-each-ref --format=%(refname)%00%(upstream:short)%00%(objectname)%00%(upstream:track)%00%(upstream:remotename)%00%(upstream:remoteref) refs/heads/Vinicius refs/remotes/Vinicius [4ms]
2023-11-04 20:52:32.264 [info] > git status -z -uall [36ms]
2023-11-04 20:52:37.283 [info] > git config --get commit.template [7ms]
2023-11-04 20:52:37.285 [info] > git for-each-ref --format=%(refname)%00%(upstream:short)%00%(objectname)%00%(upstream:track)%00%(upstream:remotename)%00%(upstream:remoteref) refs/heads/Vinicius refs/remotes/Vinicius [3ms]
2023-11-04 20:52:37.322 [info] > git status -z -uall [31ms]
2023-11-04 20:52:42.344 [info] > git config --get commit.template [9ms]
2023-11-04 20:52:42.348 [info] > git for-each-ref --format=%(refname)%00%(upstream:short)%00%(objectname)%00%(upstream:track)%00%(upstream:remotename)%00%(upstream:remoteref) refs/heads/Vinicius refs/remotes/Vinicius [6ms]
2023-11-04 20:52:42.388 [info] > git status -z -uall [33ms]
2023-11-04 20:53:41.041 [info] > git config --get commit.template [8ms]
2023-11-04 20:53:41.043 [info] > git for-each-ref --format=%(refname)%00%(upstream:short)%00%(objectname)%00%(upstream:track)%00%(upstream:remotename)%00%(upstream:remoteref) refs/heads/Vinicius refs/remotes/Vinicius [3ms]
2023-11-04 20:53:41.088 [info] > git status -z -uall [38ms]
2023-11-04 20:53:48.839 [info] > git config --get commit.template [9ms]
2023-11-04 20:53:48.842 [info] > git for-each-ref --format=%(refname)%00%(upstream:short)%00%(objectname)%00%(upstream:track)%00%(upstream:remotename)%00%(upstream:remoteref) refs/heads/Vinicius refs/remotes/Vinicius [4ms]
2023-11-04 20:53:48.882 [info] > git status -z -uall [35ms]
2023-11-04 20:53:53.903 [info] > git config --get commit.template [8ms]
2023-11-04 20:53:53.906 [info] > git for-each-ref --format=%(refname)%00%(upstream:short)%00%(objectname)%00%(upstream:track)%00%(upstream:remotename)%00%(upstream:remoteref) refs/heads/Vinicius refs/remotes/Vinicius [4ms]
2023-11-04 20:53:53.947 [info] > git status -z -uall [34ms]
2023-11-04 20:53:58.967 [info] > git config --get commit.template [8ms]
2023-11-04 20:53:58.969 [info] > git for-each-ref --format=%(refname)%00%(upstream:short)%00%(objectname)%00%(upstream:track)%00%(upstream:remotename)%00%(upstream:remoteref) refs/heads/Vinicius refs/remotes/Vinicius [3ms]
2023-11-04 20:53:59.018 [info] > git status -z -uall [43ms]
2023-11-04 20:54:04.138 [info] > git config --get commit.template [27ms]
2023-11-04 20:54:04.147 [info] > git for-each-ref --format=%(refname)%00%(upstream:short)%00%(objectname)%00%(upstream:track)%00%(upstream:remotename)%00%(upstream:remoteref) refs/heads/Vinicius refs/remotes/Vinicius [25ms]
2023-11-04 20:54:04.305 [info] > git status -z -uall [150ms]
2023-11-04 20:54:09.369 [info] > git config --get commit.template [8ms]
2023-11-04 20:54:09.372 [info] > git for-each-ref --format=%(refname)%00%(upstream:short)%00%(objectname)%00%(upstream:track)%00%(upstream:remotename)%00%(upstream:remoteref) refs/heads/Vinicius refs/remotes/Vinicius [4ms]
2023-11-04 20:54:09.421 [info] > git status -z -uall [44ms]
2023-11-04 20:54:14.446 [info] > git config --get commit.template [8ms]
2023-11-04 20:54:14.448 [info] > git for-each-ref --format=%(refname)%00%(upstream:short)%00%(objectname)%00%(upstream:track)%00%(upstream:remotename)%00%(upstream:remoteref) refs/heads/Vinicius refs/remotes/Vinicius [3ms]
2023-11-04 20:54:14.494 [info] > git status -z -uall [41ms]
2023-11-04 20:54:19.525 [info] > git config --get commit.template [9ms]
2023-11-04 20:54:19.527 [info] > git for-each-ref --format=%(refname)%00%(upstream:short)%00%(objectname)%00%(upstream:track)%00%(upstream:remotename)%00%(upstream:remoteref) refs/heads/Vinicius refs/remotes/Vinicius [3ms]
2023-11-04 20:54:19.574 [info] > git status -z -uall [42ms]
2023-11-04 20:54:24.605 [info] > git config --get commit.template [10ms]
2023-11-04 20:54:24.607 [info] > git for-each-ref --format=%(refname)%00%(upstream:short)%00%(objectname)%00%(upstream:track)%00%(upstream:remotename)%00%(upstream:remoteref) refs/heads/Vinicius refs/remotes/Vinicius [3ms]
2023-11-04 20:54:24.651 [info] > git status -z -uall [37ms]
2023-11-04 20:54:29.670 [info] > git config --get commit.template [7ms]
2023-11-04 20:54:29.672 [info] > git for-each-ref --format=%(refname)%00%(upstream:short)%00%(objectname)%00%(upstream:track)%00%(upstream:remotename)%00%(upstream:remoteref) refs/heads/Vinicius refs/remotes/Vinicius [3ms]
2023-11-04 20:54:29.714 [info] > git status -z -uall [37ms]
2023-11-04 20:54:34.738 [info] > git config --get commit.template [0ms]
2023-11-04 20:54:34.747 [info] > git for-each-ref --format=%(refname)%00%(upstream:short)%00%(objectname)%00%(upstream:track)%00%(upstream:remotename)%00%(upstream:remoteref) refs/heads/Vinicius refs/remotes/Vinicius [2ms]
2023-11-04 20:54:34.792 [info] > git status -z -uall [40ms]
2023-11-04 20:54:39.813 [info] > git config --get commit.template [9ms]
2023-11-04 20:54:39.818 [info] > git for-each-ref --format=%(refname)%00%(upstream:short)%00%(objectname)%00%(upstream:track)%00%(upstream:remotename)%00%(upstream:remoteref) refs/heads/Vinicius refs/remotes/Vinicius [6ms]
2023-11-04 20:54:39.865 [info] > git status -z -uall [41ms]
2023-11-04 20:54:40.258 [info] > git show --textconv :CodeIgniter/app/Config/Routes.php [15ms]
2023-11-04 20:54:40.260 [info] > git ls-files --stage -- /var/www/clients/client2/web2/web/sistema/adsgrupo06/CodeIgniter/app/Config/Routes.php [7ms]
2023-11-04 20:54:40.269 [info] > git cat-file -s 2dc9b099a946e0cef6bc0f2e687e5fdd8e93bd8a [2ms]
2023-11-04 20:54:41.946 [info] > git show --textconv :CodeIgniter/app/Views/salas_editar_selecao.php [12ms]
2023-11-04 20:54:41.952 [info] > git ls-files --stage -- /var/www/clients/client2/web2/web/sistema/adsgrupo06/CodeIgniter/app/Views/salas_editar_selecao.php [7ms]
2023-11-04 20:54:42.543 [info] > git show --textconv :CodeIgniter/app/Views/salas_editar_selecionada.php [9ms]
2023-11-04 20:54:42.548 [info] > git ls-files --stage -- /var/www/clients/client2/web2/web/sistema/adsgrupo06/CodeIgniter/app/Views/salas_editar_selecionada.php [6ms]
2023-11-04 20:55:47.154 [info] > git config --get commit.template [24ms]
2023-11-04 20:55:47.156 [info] > git for-each-ref --format=%(refname)%00%(upstream:short)%00%(objectname)%00%(upstream:track)%00%(upstream:remotename)%00%(upstream:remoteref) refs/heads/Vinicius refs/remotes/Vinicius [21ms]
2023-11-04 20:55:47.329 [info] > git status -z -uall [167ms]
2023-11-04 20:55:47.529 [info] > git show --textconv :CodeIgniter/app/Config/Routes.php [17ms]
2023-11-04 20:55:47.530 [info] > git ls-files --stage -- /var/www/clients/client2/web2/web/sistema/adsgrupo06/CodeIgniter/app/Config/Routes.php [5ms]
2023-11-04 20:55:47.548 [info] > git cat-file -s 2dc9b099a946e0cef6bc0f2e687e5fdd8e93bd8a [7ms]
2023-11-04 20:55:52.355 [info] > git config --get commit.template [8ms]
2023-11-04 20:55:52.357 [info] > git for-each-ref --format=%(refname)%00%(upstream:short)%00%(objectname)%00%(upstream:track)%00%(upstream:remotename)%00%(upstream:remoteref) refs/heads/Vinicius refs/remotes/Vinicius [3ms]
2023-11-04 20:55:52.408 [info] > git status -z -uall [45ms]
2023-11-04 20:55:57.435 [info] > git config --get commit.template [9ms]
2023-11-04 20:55:57.437 [info] > git for-each-ref --format=%(refname)%00%(upstream:short)%00%(objectname)%00%(upstream:track)%00%(upstream:remotename)%00%(upstream:remoteref) refs/heads/Vinicius refs/remotes/Vinicius [3ms]
2023-11-04 20:55:57.483 [info] > git status -z -uall [40ms]
2023-11-04 20:56:02.533 [info] > git config --get commit.template [22ms]
2023-11-04 20:56:02.541 [info] > git for-each-ref --format=%(refname)%00%(upstream:short)%00%(objectname)%00%(upstream:track)%00%(upstream:remotename)%00%(upstream:remoteref) refs/heads/Vinicius refs/remotes/Vinicius [10ms]
2023-11-04 20:56:02.759 [info] > git status -z -uall [202ms]
2023-11-04 20:59:18.568 [info] > git config --get commit.template [17ms]
2023-11-04 20:59:18.572 [info] > git for-each-ref --format=%(refname)%00%(upstream:short)%00%(objectname)%00%(upstream:track)%00%(upstream:remotename)%00%(upstream:remoteref) refs/heads/Vinicius refs/remotes/Vinicius [14ms]
2023-11-04 20:59:18.631 [info] > git status -z -uall [50ms]
2023-11-04 20:59:19.003 [info] > git show --textconv :CodeIgniter/app/Views/salas_editar_selecao.php [13ms]
2023-11-04 20:59:19.006 [info] > git ls-files --stage -- /var/www/clients/client2/web2/web/sistema/adsgrupo06/CodeIgniter/app/Views/salas_editar_selecao.php [8ms]
2023-11-04 20:59:23.666 [info] > git config --get commit.template [11ms]
2023-11-04 20:59:23.669 [info] > git for-each-ref --format=%(refname)%00%(upstream:short)%00%(objectname)%00%(upstream:track)%00%(upstream:remotename)%00%(upstream:remoteref) refs/heads/Vinicius refs/remotes/Vinicius [4ms]
2023-11-04 20:59:23.715 [info] > git status -z -uall [41ms]
2023-11-04 20:59:25.038 [info] > git show --textconv :CodeIgniter/app/Views/salas_editar_selecionada.php [9ms]
2023-11-04 20:59:25.043 [info] > git ls-files --stage -- /var/www/clients/client2/web2/web/sistema/adsgrupo06/CodeIgniter/app/Views/salas_editar_selecionada.php [5ms]
2023-11-04 20:59:28.736 [info] > git config --get commit.template [7ms]
2023-11-04 20:59:28.738 [info] > git for-each-ref --format=%(refname)%00%(upstream:short)%00%(objectname)%00%(upstream:track)%00%(upstream:remotename)%00%(upstream:remoteref) refs/heads/Vinicius refs/remotes/Vinicius [3ms]
2023-11-04 20:59:28.777 [info] > git status -z -uall [33ms]
2023-11-04 20:59:33.799 [info] > git config --get commit.template [10ms]
2023-11-04 20:59:33.802 [info] > git for-each-ref --format=%(refname)%00%(upstream:short)%00%(objectname)%00%(upstream:track)%00%(upstream:remotename)%00%(upstream:remoteref) refs/heads/Vinicius refs/remotes/Vinicius [3ms]
2023-11-04 20:59:33.849 [info] > git status -z -uall [42ms]
2023-11-04 21:00:03.788 [info] > git config --get commit.template [27ms]
2023-11-04 21:00:03.806 [info] > git for-each-ref --format=%(refname)%00%(upstream:short)%00%(objectname)%00%(upstream:track)%00%(upstream:remotename)%00%(upstream:remoteref) refs/heads/Vinicius refs/remotes/Vinicius [20ms]
2023-11-04 21:00:04.152 [info] > git show --textconv :CodeIgniter/app/Controllers/SalasEditarSelecionada.php [14ms]
2023-11-04 21:00:04.167 [info] > git ls-files --stage -- /var/www/clients/client2/web2/web/sistema/adsgrupo06/CodeIgniter/app/Controllers/SalasEditarSelecionada.php [17ms]
2023-11-04 21:00:04.264 [info] > git status -z -uall [437ms]
2023-11-04 21:00:44.435 [info] > git config --get commit.template [23ms]
2023-11-04 21:00:44.438 [info] > git for-each-ref --format=%(refname)%00%(upstream:short)%00%(objectname)%00%(upstream:track)%00%(upstream:remotename)%00%(upstream:remoteref) refs/heads/Vinicius refs/remotes/Vinicius [20ms]
2023-11-04 21:00:44.689 [info] > git status -z -uall [243ms]
2023-11-04 21:00:49.717 [info] > git config --get commit.template [9ms]
2023-11-04 21:00:49.720 [info] > git for-each-ref --format=%(refname)%00%(upstream:short)%00%(objectname)%00%(upstream:track)%00%(upstream:remotename)%00%(upstream:remoteref) refs/heads/Vinicius refs/remotes/Vinicius [4ms]
2023-11-04 21:00:49.791 [info] > git status -z -uall [64ms]
2023-11-04 21:00:54.818 [info] > git config --get commit.template [8ms]
2023-11-04 21:00:54.820 [info] > git for-each-ref --format=%(refname)%00%(upstream:short)%00%(objectname)%00%(upstream:track)%00%(upstream:remotename)%00%(upstream:remoteref) refs/heads/Vinicius refs/remotes/Vinicius [3ms]
2023-11-04 21:00:54.881 [info] > git status -z -uall [54ms]
2023-11-04 21:00:59.918 [info] > git config --get commit.template [12ms]
2023-11-04 21:00:59.921 [info] > git for-each-ref --format=%(refname)%00%(upstream:short)%00%(objectname)%00%(upstream:track)%00%(upstream:remotename)%00%(upstream:remoteref) refs/heads/Vinicius refs/remotes/Vinicius [4ms]
2023-11-04 21:00:59.990 [info] > git status -z -uall [61ms]
2023-11-04 21:01:05.024 [info] > git config --get commit.template [13ms]
2023-11-04 21:01:05.026 [info] > git for-each-ref --format=%(refname)%00%(upstream:short)%00%(objectname)%00%(upstream:track)%00%(upstream:remotename)%00%(upstream:remoteref) refs/heads/Vinicius refs/remotes/Vinicius [5ms]
2023-11-04 21:01:05.076 [info] > git status -z -uall [44ms]
2023-11-04 21:01:24.465 [info] > git config --get commit.template [8ms]
2023-11-04 21:01:24.467 [info] > git for-each-ref --format=%(refname)%00%(upstream:short)%00%(objectname)%00%(upstream:track)%00%(upstream:remotename)%00%(upstream:remoteref) refs/heads/Vinicius refs/remotes/Vinicius [3ms]
2023-11-04 21:01:24.513 [info] > git status -z -uall [40ms]
2023-11-04 21:01:26.731 [info] > git show --textconv :CodeIgniter/app/Config/Routes.php [11ms]
2023-11-04 21:01:26.735 [info] > git ls-files --stage -- /var/www/clients/client2/web2/web/sistema/adsgrupo06/CodeIgniter/app/Config/Routes.php [7ms]
2023-11-04 21:01:26.743 [info] > git cat-file -s 2dc9b099a946e0cef6bc0f2e687e5fdd8e93bd8a [3ms]
2023-11-04 21:01:29.461 [info] > git show --textconv :CodeIgniter/app/Controllers/SalasEditar.php [9ms]
2023-11-04 21:01:29.465 [info] > git ls-files --stage -- /var/www/clients/client2/web2/web/sistema/adsgrupo06/CodeIgniter/app/Controllers/SalasEditar.php [6ms]
2023-11-04 21:01:29.534 [info] > git config --get commit.template [8ms]
2023-11-04 21:01:29.536 [info] > git for-each-ref --format=%(refname)%00%(upstream:short)%00%(objectname)%00%(upstream:track)%00%(upstream:remotename)%00%(upstream:remoteref) refs/heads/Vinicius refs/remotes/Vinicius [3ms]
2023-11-04 21:01:29.579 [info] > git status -z -uall [36ms]
2023-11-04 21:01:30.022 [info] > git show --textconv :CodeIgniter/app/Views/salas_editar_selecao.php [11ms]
2023-11-04 21:01:30.027 [info] > git ls-files --stage -- /var/www/clients/client2/web2/web/sistema/adsgrupo06/CodeIgniter/app/Views/salas_editar_selecao.php [6ms]
2023-11-04 21:01:31.318 [info] > git show --textconv :CodeIgniter/app/Views/salas_editar_selecionada.php [12ms]
2023-11-04 21:01:31.323 [info] > git ls-files --stage -- /var/www/clients/client2/web2/web/sistema/adsgrupo06/CodeIgniter/app/Views/salas_editar_selecionada.php [6ms]
2023-11-04 21:01:34.602 [info] > git config --get commit.template [8ms]
2023-11-04 21:01:34.604 [info] > git for-each-ref --format=%(refname)%00%(upstream:short)%00%(objectname)%00%(upstream:track)%00%(upstream:remotename)%00%(upstream:remoteref) refs/heads/Vinicius refs/remotes/Vinicius [3ms]
2023-11-04 21:01:34.645 [info] > git status -z -uall [36ms]
2023-11-04 21:01:45.608 [info] > git config --get commit.template [12ms]
2023-11-04 21:01:45.618 [info] > git for-each-ref --format=%(refname)%00%(upstream:short)%00%(objectname)%00%(upstream:track)%00%(upstream:remotename)%00%(upstream:remoteref) refs/heads/Vinicius refs/remotes/Vinicius [12ms]
2023-11-04 21:01:45.685 [info] > git status -z -uall [56ms]
2023-11-04 21:01:45.946 [info] > git show --textconv :CodeIgniter/app/Controllers/SalasEditarSelecionada.php [14ms]
2023-11-04 21:01:45.952 [info] > git ls-files --stage -- /var/www/clients/client2/web2/web/sistema/adsgrupo06/CodeIgniter/app/Controllers/SalasEditarSelecionada.php [8ms]
2023-11-04 21:01:50.710 [info] > git config --get commit.template [9ms]
2023-11-04 21:01:50.712 [info] > git for-each-ref --format=%(refname)%00%(upstream:short)%00%(objectname)%00%(upstream:track)%00%(upstream:remotename)%00%(upstream:remoteref) refs/heads/Vinicius refs/remotes/Vinicius [3ms]
2023-11-04 21:01:50.755 [info] > git status -z -uall [36ms]
2023-11-04 21:01:52.138 [info] > git show --textconv :CodeIgniter/app/Controllers/Salas.php [19ms]
2023-11-04 21:01:52.151 [info] > git ls-files --stage -- /var/www/clients/client2/web2/web/sistema/adsgrupo06/CodeIgniter/app/Controllers/Salas.php [16ms]
2023-11-04 21:01:52.162 [info] > git cat-file -s d52875f55aa2d83bad28afde9a91092bd28c0c41 [3ms]
2023-11-04 21:01:53.166 [info] > git show --textconv :CodeIgniter/app/Controllers/SalasEditarSelecionada.php [15ms]
2023-11-04 21:01:53.172 [info] > git ls-files --stage -- /var/www/clients/client2/web2/web/sistema/adsgrupo06/CodeIgniter/app/Controllers/SalasEditarSelecionada.php [8ms]
2023-11-04 21:01:55.782 [info] > git config --get commit.template [7ms]
2023-11-04 21:01:55.786 [info] > git for-each-ref --format=%(refname)%00%(upstream:short)%00%(objectname)%00%(upstream:track)%00%(upstream:remotename)%00%(upstream:remoteref) refs/heads/Vinicius refs/remotes/Vinicius [5ms]
2023-11-04 21:01:55.837 [info] > git status -z -uall [45ms]
2023-11-04 21:01:57.826 [info] > git show --textconv :CodeIgniter/app/Config/App.php [23ms]
2023-11-04 21:01:57.835 [info] > git ls-files --stage -- /var/www/clients/client2/web2/web/sistema/adsgrupo06/CodeIgniter/app/Config/App.php [13ms]
2023-11-04 21:01:57.852 [info] > git cat-file -s 82e2a4ea9a6deb3a541fea957448639b57182d63 [3ms]
2023-11-04 21:02:00.859 [info] > git config --get commit.template [8ms]
2023-11-04 21:02:00.861 [info] > git for-each-ref --format=%(refname)%00%(upstream:short)%00%(objectname)%00%(upstream:track)%00%(upstream:remotename)%00%(upstream:remoteref) refs/heads/Vinicius refs/remotes/Vinicius [3ms]
2023-11-04 21:02:00.911 [info] > git status -z -uall [41ms]
2023-11-04 21:02:05.953 [info] > git config --get commit.template [15ms]
2023-11-04 21:02:05.956 [info] > git for-each-ref --format=%(refname)%00%(upstream:short)%00%(objectname)%00%(upstream:track)%00%(upstream:remotename)%00%(upstream:remoteref) refs/heads/Vinicius refs/remotes/Vinicius [4ms]
2023-11-04 21:02:06.004 [info] > git status -z -uall [42ms]
2023-11-04 21:02:11.024 [info] > git config --get commit.template [7ms]
2023-11-04 21:02:11.026 [info] > git for-each-ref --format=%(refname)%00%(upstream:short)%00%(objectname)%00%(upstream:track)%00%(upstream:remotename)%00%(upstream:remoteref) refs/heads/Vinicius refs/remotes/Vinicius [3ms]
2023-11-04 21:02:11.068 [info] > git status -z -uall [36ms]
2023-11-04 21:02:14.137 [info] > git show --textconv :CodeIgniter/app/Controllers/SalasEditarSelecionada.php [9ms]
2023-11-04 21:02:14.144 [info] > git ls-files --stage -- /var/www/clients/client2/web2/web/sistema/adsgrupo06/CodeIgniter/app/Controllers/SalasEditarSelecionada.php [7ms]
2023-11-04 21:02:16.090 [info] > git config --get commit.template [8ms]
2023-11-04 21:02:16.092 [info] > git for-each-ref --format=%(refname)%00%(upstream:short)%00%(objectname)%00%(upstream:track)%00%(upstream:remotename)%00%(upstream:remoteref) refs/heads/Vinicius refs/remotes/Vinicius [3ms]
2023-11-04 21:02:16.131 [info] > git status -z -uall [33ms]
2023-11-04 21:02:21.159 [info] > git config --get commit.template [9ms]
2023-11-04 21:02:21.162 [info] > git for-each-ref --format=%(refname)%00%(upstream:short)%00%(objectname)%00%(upstream:track)%00%(upstream:remotename)%00%(upstream:remoteref) refs/heads/Vinicius refs/remotes/Vinicius [4ms]
2023-11-04 21:02:21.212 [info] > git status -z -uall [44ms]
2023-11-04 21:02:26.235 [info] > git config --get commit.template [9ms]
2023-11-04 21:02:26.240 [info] > git for-each-ref --format=%(refname)%00%(upstream:short)%00%(objectname)%00%(upstream:track)%00%(upstream:remotename)%00%(upstream:remoteref) refs/heads/Vinicius refs/remotes/Vinicius [6ms]
2023-11-04 21:02:26.279 [info] > git status -z -uall [34ms]
2023-11-04 21:02:31.302 [info] > git config --get commit.template [9ms]
2023-11-04 21:02:31.306 [info] > git for-each-ref --format=%(refname)%00%(upstream:short)%00%(objectname)%00%(upstream:track)%00%(upstream:remotename)%00%(upstream:remoteref) refs/heads/Vinicius refs/remotes/Vinicius [6ms]
2023-11-04 21:02:31.366 [info] > git status -z -uall [52ms]
2023-11-04 21:02:36.391 [info] > git config --get commit.template [7ms]
2023-11-04 21:02:36.393 [info] > git for-each-ref --format=%(refname)%00%(upstream:short)%00%(objectname)%00%(upstream:track)%00%(upstream:remotename)%00%(upstream:remoteref) refs/heads/Vinicius refs/remotes/Vinicius [3ms]
2023-11-04 21:02:36.430 [info] > git status -z -uall [32ms]
2023-11-04 21:02:41.450 [info] > git config --get commit.template [8ms]
2023-11-04 21:02:41.453 [info] > git for-each-ref --format=%(refname)%00%(upstream:short)%00%(objectname)%00%(upstream:track)%00%(upstream:remotename)%00%(upstream:remoteref) refs/heads/Vinicius refs/remotes/Vinicius [3ms]
2023-11-04 21:02:41.498 [info] > git status -z -uall [39ms]
2023-11-04 21:03:06.083 [info] > git check-ignore -v -z --stdin [4ms]
2023-11-04 21:03:27.972 [info] > git config --get commit.template [8ms]
2023-11-04 21:03:27.975 [info] > git for-each-ref --format=%(refname)%00%(upstream:short)%00%(objectname)%00%(upstream:track)%00%(upstream:remotename)%00%(upstream:remoteref) refs/heads/Vinicius refs/remotes/Vinicius [3ms]
2023-11-04 21:03:28.027 [info] > git status -z -uall [45ms]
2023-11-04 21:03:28.719 [info] > git show --textconv :CodeIgniter/app/Config/Paths.php [12ms]
2023-11-04 21:03:28.723 [info] > git ls-files --stage -- /var/www/clients/client2/web2/web/sistema/adsgrupo06/CodeIgniter/app/Config/Paths.php [8ms]
2023-11-04 21:03:28.730 [info] > git cat-file -s f701b7570507fbeca433e17ce791c40b4ad4dbbe [2ms]
2023-11-04 21:03:33.050 [info] > git config --get commit.template [9ms]
2023-11-04 21:03:33.055 [info] > git for-each-ref --format=%(refname)%00%(upstream:short)%00%(objectname)%00%(upstream:track)%00%(upstream:remotename)%00%(upstream:remoteref) refs/heads/Vinicius refs/remotes/Vinicius [8ms]
2023-11-04 21:03:33.095 [info] > git status -z -uall [32ms]
2023-11-04 21:03:38.118 [info] > git config --get commit.template [8ms]
2023-11-04 21:03:38.120 [info] > git for-each-ref --format=%(refname)%00%(upstream:short)%00%(objectname)%00%(upstream:track)%00%(upstream:remotename)%00%(upstream:remoteref) refs/heads/Vinicius refs/remotes/Vinicius [4ms]
2023-11-04 21:03:38.158 [info] > git status -z -uall [32ms]
2023-11-04 21:03:43.177 [info] > git config --get commit.template [7ms]
2023-11-04 21:03:43.180 [info] > git for-each-ref --format=%(refname)%00%(upstream:short)%00%(objectname)%00%(upstream:track)%00%(upstream:remotename)%00%(upstream:remoteref) refs/heads/Vinicius refs/remotes/Vinicius [4ms]
2023-11-04 21:03:43.218 [info] > git status -z -uall [33ms]
2023-11-04 21:03:48.239 [info] > git config --get commit.template [7ms]
2023-11-04 21:03:48.241 [info] > git for-each-ref --format=%(refname)%00%(upstream:short)%00%(objectname)%00%(upstream:track)%00%(upstream:remotename)%00%(upstream:remoteref) refs/heads/Vinicius refs/remotes/Vinicius [3ms]
2023-11-04 21:03:48.284 [info] > git status -z -uall [37ms]
2023-11-04 21:04:38.492 [info] > git config --get commit.template [17ms]
2023-11-04 21:04:38.495 [info] > git for-each-ref --format=%(refname)%00%(upstream:short)%00%(objectname)%00%(upstream:track)%00%(upstream:remotename)%00%(upstream:remoteref) refs/heads/Vinicius refs/remotes/Vinicius [13ms]
2023-11-04 21:04:38.549 [info] > git status -z -uall [49ms]
2023-11-04 21:04:39.260 [info] > git show --textconv :CodeIgniter/app/Config/App.php [10ms]
2023-11-04 21:04:39.265 [info] > git ls-files --stage -- /var/www/clients/client2/web2/web/sistema/adsgrupo06/CodeIgniter/app/Config/App.php [6ms]
2023-11-04 21:04:39.273 [info] > git cat-file -s 82e2a4ea9a6deb3a541fea957448639b57182d63 [3ms]
2023-11-04 21:05:28.938 [info] > git config --get commit.template [16ms]
2023-11-04 21:05:28.940 [info] > git for-each-ref --format=%(refname)%00%(upstream:short)%00%(objectname)%00%(upstream:track)%00%(upstream:remotename)%00%(upstream:remoteref) refs/heads/Vinicius refs/remotes/Vinicius [12ms]
2023-11-04 21:05:28.998 [info] > git status -z -uall [52ms]
2023-11-04 21:05:34.024 [info] > git config --get commit.template [8ms]
2023-11-04 21:05:34.027 [info] > git for-each-ref --format=%(refname)%00%(upstream:short)%00%(objectname)%00%(upstream:track)%00%(upstream:remotename)%00%(upstream:remoteref) refs/heads/Vinicius refs/remotes/Vinicius [4ms]
2023-11-04 21:05:34.074 [info] > git status -z -uall [41ms]
2023-11-04 21:05:39.100 [info] > git config --get commit.template [10ms]
2023-11-04 21:05:39.102 [info] > git for-each-ref --format=%(refname)%00%(upstream:short)%00%(objectname)%00%(upstream:track)%00%(upstream:remotename)%00%(upstream:remoteref) refs/heads/Vinicius refs/remotes/Vinicius [3ms]
2023-11-04 21:05:39.140 [info] > git status -z -uall [32ms]
2023-11-04 21:05:44.169 [info] > git config --get commit.template [9ms]
2023-11-04 21:05:44.172 [info] > git for-each-ref --format=%(refname)%00%(upstream:short)%00%(objectname)%00%(upstream:track)%00%(upstream:remotename)%00%(upstream:remoteref) refs/heads/Vinicius refs/remotes/Vinicius [4ms]
2023-11-04 21:05:44.215 [info] > git status -z -uall [37ms]
2023-11-04 21:05:50.219 [info] > git config --get commit.template [7ms]
2023-11-04 21:05:50.222 [info] > git for-each-ref --format=%(refname)%00%(upstream:short)%00%(objectname)%00%(upstream:track)%00%(upstream:remotename)%00%(upstream:remoteref) refs/heads/Vinicius refs/remotes/Vinicius [3ms]
2023-11-04 21:05:50.261 [info] > git status -z -uall [34ms]
2023-11-04 21:05:55.291 [info] > git config --get commit.template [7ms]
2023-11-04 21:05:55.294 [info] > git for-each-ref --format=%(refname)%00%(upstream:short)%00%(objectname)%00%(upstream:track)%00%(upstream:remotename)%00%(upstream:remoteref) refs/heads/Vinicius refs/remotes/Vinicius [4ms]
2023-11-04 21:05:55.344 [info] > git status -z -uall [45ms]
2023-11-04 21:06:00.046 [info] > git ls-files --stage -- /var/www/clients/client2/web2/web/sistema/adsgrupo06/CodeIgniter/app/Config/App.php [6ms]
2023-11-04 21:06:00.058 [info] > git cat-file -s 82e2a4ea9a6deb3a541fea957448639b57182d63 [4ms]
2023-11-04 21:06:00.307 [info] > git show --textconv :CodeIgniter/app/Config/App.php [6ms]
2023-11-04 21:06:00.364 [info] > git config --get commit.template [8ms]
2023-11-04 21:06:00.367 [info] > git for-each-ref --format=%(refname)%00%(upstream:short)%00%(objectname)%00%(upstream:track)%00%(upstream:remotename)%00%(upstream:remoteref) refs/heads/Vinicius refs/remotes/Vinicius [4ms]
2023-11-04 21:06:00.429 [info] > git status -z -uall [56ms]
2023-11-04 21:06:05.460 [info] > git config --get commit.template [11ms]
2023-11-04 21:06:05.465 [info] > git for-each-ref --format=%(refname)%00%(upstream:short)%00%(objectname)%00%(upstream:track)%00%(upstream:remotename)%00%(upstream:remoteref) refs/heads/Vinicius refs/remotes/Vinicius [7ms]
2023-11-04 21:06:05.614 [info] > git status -z -uall [140ms]
2023-11-04 21:06:10.633 [info] > git config --get commit.template [7ms]
2023-11-04 21:06:10.635 [info] > git for-each-ref --format=%(refname)%00%(upstream:short)%00%(objectname)%00%(upstream:track)%00%(upstream:remotename)%00%(upstream:remoteref) refs/heads/Vinicius refs/remotes/Vinicius [2ms]
2023-11-04 21:06:10.673 [info] > git status -z -uall [33ms]
2023-11-04 21:06:15.694 [info] > git config --get commit.template [9ms]
2023-11-04 21:06:15.697 [info] > git for-each-ref --format=%(refname)%00%(upstream:short)%00%(objectname)%00%(upstream:track)%00%(upstream:remotename)%00%(upstream:remoteref) refs/heads/Vinicius refs/remotes/Vinicius [5ms]
2023-11-04 21:06:15.740 [info] > git status -z -uall [36ms]
2023-11-04 21:06:20.763 [info] > git config --get commit.template [10ms]
2023-11-04 21:06:20.765 [info] > git for-each-ref --format=%(refname)%00%(upstream:short)%00%(objectname)%00%(upstream:track)%00%(upstream:remotename)%00%(upstream:remoteref) refs/heads/Vinicius refs/remotes/Vinicius [3ms]
2023-11-04 21:06:20.806 [info] > git status -z -uall [35ms]
2023-11-04 21:06:24.831 [info] > git ls-files --stage -- /var/www/clients/client2/web2/web/sistema/adsgrupo06/CodeIgniter/app/Config/App.php [6ms]
2023-11-04 21:06:24.839 [info] > git cat-file -s 82e2a4ea9a6deb3a541fea957448639b57182d63 [3ms]
2023-11-04 21:06:25.048 [info] > git show --textconv :CodeIgniter/app/Config/App.php [6ms]
2023-11-04 21:06:25.829 [info] > git config --get commit.template [9ms]
2023-11-04 21:06:25.831 [info] > git for-each-ref --format=%(refname)%00%(upstream:short)%00%(objectname)%00%(upstream:track)%00%(upstream:remotename)%00%(upstream:remoteref) refs/heads/Vinicius refs/remotes/Vinicius [3ms]
2023-11-04 21:06:25.881 [info] > git status -z -uall [45ms]
2023-11-04 21:06:30.925 [info] > git config --get commit.template [11ms]
2023-11-04 21:06:30.927 [info] > git for-each-ref --format=%(refname)%00%(upstream:short)%00%(objectname)%00%(upstream:track)%00%(upstream:remotename)%00%(upstream:remoteref) refs/heads/Vinicius refs/remotes/Vinicius [9ms]
2023-11-04 21:06:31.051 [info] > git status -z -uall [119ms]
2023-11-04 21:06:36.076 [info] > git config --get commit.template [10ms]
