2023-11-19 17:19:41.086 [info] Log level: Info
2023-11-19 17:19:41.087 [info] Validating found git in: "git"
2023-11-19 17:19:41.087 [info] Using git "2.20.1" from "git"
2023-11-19 17:19:41.087 [info] > git rev-parse --show-toplevel [116ms]
2023-11-19 17:19:41.087 [info] > git rev-parse --git-dir --git-common-dir [12ms]
2023-11-19 17:19:41.087 [info] Open repository: /var/www/clients/client2/web2/web/sistema/adsgrupo06
2023-11-19 17:19:41.087 [info] > git config --get commit.template [26ms]
2023-11-19 17:19:41.087 [info] > git rev-parse --show-toplevel [54ms]
2023-11-19 17:19:41.087 [info] > git for-each-ref --format=%(refname)%00%(upstream:short)%00%(objectname)%00%(upstream:track)%00%(upstream:remotename)%00%(upstream:remoteref) refs/heads/Vinicius refs/remotes/Vinicius [29ms]
2023-11-19 17:19:41.087 [info] > git rev-parse --show-toplevel [34ms]
2023-11-19 17:19:41.087 [info] > git rev-parse --show-toplevel [13ms]
2023-11-19 17:19:41.087 [info] > git rev-parse --show-toplevel [42ms]
2023-11-19 17:19:41.087 [info] > git rev-parse --show-toplevel [11ms]
2023-11-19 17:19:41.088 [info] > git status -z -uall [409ms]
2023-11-19 17:19:41.088 [info] > git rev-parse --show-toplevel [32ms]
2023-11-19 17:19:43.570 [info] > git rev-parse --show-toplevel [2467ms]
2023-11-19 17:19:43.688 [info] > git config --get commit.template [211ms]
2023-11-19 17:19:43.777 [info] > git rev-parse --show-toplevel [123ms]
2023-11-19 17:19:43.812 [info] > git for-each-ref --format=%(refname)%00%(upstream:short)%00%(objectname)%00%(upstream:track)%00%(upstream:remotename)%00%(upstream:remoteref) refs/heads/Vinicius refs/remotes/Vinicius [40ms]
2023-11-19 17:19:43.834 [info] > git rev-parse --show-toplevel [35ms]
2023-11-19 17:19:44.314 [info] > git status -z -uall [483ms]
2023-11-19 17:19:45.979 [info] > git check-ignore -v -z --stdin [106ms]
2023-11-19 17:19:46.098 [info] > git show --textconv :CodeIgniter/app/Views/salas_exibir.php [32ms]
2023-11-19 17:19:46.124 [info] > git ls-files --stage -- /var/www/clients/client2/web2/web/sistema/adsgrupo06/CodeIgniter/app/Views/salas_exibir.php [39ms]
2023-11-19 17:19:46.169 [info] > git cat-file -s 53dd236803ed5d72f6d6132c2ca2c9af2effac94 [14ms]
2023-11-19 17:19:49.052 [info] > git config --get commit.template [34ms]
2023-11-19 17:19:49.057 [info] > git for-each-ref --format=%(refname)%00%(upstream:short)%00%(objectname)%00%(upstream:track)%00%(upstream:remotename)%00%(upstream:remoteref) refs/heads/Vinicius refs/remotes/Vinicius [19ms]
2023-11-19 17:19:49.348 [info] > git status -z -uall [276ms]
2023-11-19 17:19:55.437 [info] > git config --get commit.template [337ms]
2023-11-19 17:19:55.443 [info] > git for-each-ref --format=%(refname)%00%(upstream:short)%00%(objectname)%00%(upstream:track)%00%(upstream:remotename)%00%(upstream:remoteref) refs/heads/Vinicius refs/remotes/Vinicius [290ms]
2023-11-19 17:19:56.032 [info] > git status -z -uall [576ms]
2023-11-19 17:20:01.407 [info] > git config --get commit.template [61ms]
2023-11-19 17:20:01.408 [info] > git for-each-ref --format=%(refname)%00%(upstream:short)%00%(objectname)%00%(upstream:track)%00%(upstream:remotename)%00%(upstream:remoteref) refs/heads/Vinicius refs/remotes/Vinicius [63ms]
2023-11-19 17:20:01.666 [info] > git status -z -uall [228ms]
2023-11-19 17:20:13.280 [info] > git config --get commit.template [18ms]
2023-11-19 17:20:13.285 [info] > git for-each-ref --format=%(refname)%00%(upstream:short)%00%(objectname)%00%(upstream:track)%00%(upstream:remotename)%00%(upstream:remoteref) refs/heads/Vinicius refs/remotes/Vinicius [8ms]
2023-11-19 17:20:13.420 [info] > git status -z -uall [123ms]
2023-11-19 17:34:34.391 [info] > git config --get commit.template [52ms]
2023-11-19 17:34:34.403 [info] > git for-each-ref --format=%(refname)%00%(upstream:short)%00%(objectname)%00%(upstream:track)%00%(upstream:remotename)%00%(upstream:remoteref) refs/heads/Vinicius refs/remotes/Vinicius [59ms]
2023-11-19 17:34:34.708 [info] > git status -z -uall [280ms]
2023-11-19 17:34:40.601 [info] > git config --get commit.template [62ms]
2023-11-19 17:34:40.610 [info] > git for-each-ref --format=%(refname)%00%(upstream:short)%00%(objectname)%00%(upstream:track)%00%(upstream:remotename)%00%(upstream:remoteref) refs/heads/Vinicius refs/remotes/Vinicius [11ms]
2023-11-19 17:34:40.939 [info] > git status -z -uall [310ms]
2023-11-19 17:34:46.090 [info] > git config --get commit.template [19ms]
2023-11-19 17:34:46.100 [info] > git for-each-ref --format=%(refname)%00%(upstream:short)%00%(objectname)%00%(upstream:track)%00%(upstream:remotename)%00%(upstream:remoteref) refs/heads/Vinicius refs/remotes/Vinicius [17ms]
2023-11-19 17:34:46.264 [info] > git status -z -uall [148ms]
2023-11-19 17:35:14.700 [info] > git config --get commit.template [51ms]
2023-11-19 17:35:14.710 [info] > git for-each-ref --format=%(refname)%00%(upstream:short)%00%(objectname)%00%(upstream:track)%00%(upstream:remotename)%00%(upstream:remoteref) refs/heads/Vinicius refs/remotes/Vinicius [45ms]
2023-11-19 17:35:14.925 [info] > git status -z -uall [205ms]
2023-11-19 17:35:19.057 [info] > git show --textconv :CodeIgniter/app/Views/salas_editar_selecao.php [33ms]
2023-11-19 17:35:19.060 [info] > git ls-files --stage -- /var/www/clients/client2/web2/web/sistema/adsgrupo06/CodeIgniter/app/Views/salas_editar_selecao.php [29ms]
2023-11-19 17:35:19.072 [info] > git cat-file -s 31578edb9b46ae9eace253564de2534c764dbb2c [3ms]
2023-11-19 17:35:20.186 [info] > git config --get commit.template [10ms]
2023-11-19 17:35:20.194 [info] > git for-each-ref --format=%(refname)%00%(upstream:short)%00%(objectname)%00%(upstream:track)%00%(upstream:remotename)%00%(upstream:remoteref) refs/heads/Vinicius refs/remotes/Vinicius [10ms]
2023-11-19 17:35:20.353 [info] > git status -z -uall [152ms]
2023-11-19 17:35:25.528 [info] > git config --get commit.template [36ms]
2023-11-19 17:35:25.535 [info] > git for-each-ref --format=%(refname)%00%(upstream:short)%00%(objectname)%00%(upstream:track)%00%(upstream:remotename)%00%(upstream:remoteref) refs/heads/Vinicius refs/remotes/Vinicius [34ms]
2023-11-19 17:35:25.901 [info] > git status -z -uall [338ms]
2023-11-19 17:35:27.790 [info] > git ls-files --stage -- /var/www/clients/client2/web2/web/sistema/adsgrupo06/CodeIgniter/app/Views/salas_form.php [24ms]
2023-11-19 17:35:27.803 [info] > git show --textconv :CodeIgniter/app/Views/salas_form.php [51ms]
2023-11-19 17:35:27.808 [info] > git cat-file -s 0d258b68c078acf7d665842cf3cd7d7e786ab56f [6ms]
2023-11-19 17:35:28.478 [info] > git show --textconv :CodeIgniter/app/Views/salas_exibir.php [21ms]
2023-11-19 17:35:28.487 [info] > git ls-files --stage -- /var/www/clients/client2/web2/web/sistema/adsgrupo06/CodeIgniter/app/Views/salas_exibir.php [9ms]
2023-11-19 17:35:28.500 [info] > git cat-file -s 53dd236803ed5d72f6d6132c2ca2c9af2effac94 [3ms]
2023-11-19 17:35:29.385 [info] > git ls-files --stage -- /var/www/clients/client2/web2/web/sistema/adsgrupo06/CodeIgniter/app/Views/salas_editar_selecionada.php [7ms]
2023-11-19 17:35:29.392 [info] > git show --textconv :CodeIgniter/app/Views/salas_editar_selecionada.php [24ms]
2023-11-19 17:35:29.396 [info] > git cat-file -s d766fa2fb4bcf91913693bda1777115238b618af [5ms]
2023-11-19 17:35:30.755 [info] > git check-ignore -v -z --stdin [8ms]
2023-11-19 17:35:31.066 [info] > git config --get commit.template [18ms]
2023-11-19 17:35:31.073 [info] > git for-each-ref --format=%(refname)%00%(upstream:short)%00%(objectname)%00%(upstream:track)%00%(upstream:remotename)%00%(upstream:remoteref) refs/heads/Vinicius refs/remotes/Vinicius [9ms]
2023-11-19 17:35:31.295 [info] > git status -z -uall [216ms]
2023-11-19 17:35:49.460 [info] > git config --get commit.template [15ms]
2023-11-19 17:35:49.465 [info] > git for-each-ref --format=%(refname)%00%(upstream:short)%00%(objectname)%00%(upstream:track)%00%(upstream:remotename)%00%(upstream:remoteref) refs/heads/Vinicius refs/remotes/Vinicius [10ms]
2023-11-19 17:35:49.561 [info] > git status -z -uall [87ms]
2023-11-19 17:35:54.115 [info] > git ls-files --stage -- /var/www/clients/client2/web2/web/sistema/adsgrupo06/CodeIgniter/.no-header.php-cs-fixer.dist.php [54ms]
2023-11-19 17:35:54.134 [info] > git show --textconv :CodeIgniter/.no-header.php-cs-fixer.dist.php [86ms]
2023-11-19 17:35:54.147 [info] > git cat-file -s 9417a859e07efcd983ba74eae0e73c8a79a23b93 [14ms]
2023-11-19 17:36:02.596 [info] > git config --get commit.template [20ms]
2023-11-19 17:36:02.602 [info] > git for-each-ref --format=%(refname)%00%(upstream:short)%00%(objectname)%00%(upstream:track)%00%(upstream:remotename)%00%(upstream:remoteref) refs/heads/Vinicius refs/remotes/Vinicius [15ms]
2023-11-19 17:36:02.822 [info] > git status -z -uall [213ms]
2023-11-19 17:36:03.570 [info] > git check-ignore -v -z --stdin [32ms]
